[2024-07-22T09:05:58.652+0000] {local_task_job_runner.py:120} INFO - ::group::Pre task execution logs
[2024-07-22T09:05:58.674+0000] {taskinstance.py:2076} INFO - Dependencies all met for dep_context=non-requeueable deps ti=<TaskInstance: count_accidents.spark_count_number_of_accidents manual__2024-07-22T09:05:56.369244+00:00 [queued]>
[2024-07-22T09:05:58.680+0000] {taskinstance.py:2076} INFO - Dependencies all met for dep_context=requeueable deps ti=<TaskInstance: count_accidents.spark_count_number_of_accidents manual__2024-07-22T09:05:56.369244+00:00 [queued]>
[2024-07-22T09:05:58.680+0000] {taskinstance.py:2306} INFO - Starting attempt 1 of 1
[2024-07-22T09:05:58.689+0000] {taskinstance.py:2330} INFO - Executing <Task(SparkSubmitOperator): spark_count_number_of_accidents> on 2024-07-22 09:05:56.369244+00:00
[2024-07-22T09:05:58.693+0000] {warnings.py:112} WARNING - /home/airflow/.local/lib/python3.12/site-packages/airflow/task/task_runner/standard_task_runner.py:61: DeprecationWarning: This process (pid=210) is multi-threaded, use of fork() may lead to deadlocks in the child.
  pid = os.fork()

[2024-07-22T09:05:58.696+0000] {standard_task_runner.py:63} INFO - Started process 212 to run task
[2024-07-22T09:05:58.696+0000] {standard_task_runner.py:90} INFO - Running: ['airflow', 'tasks', 'run', 'count_accidents', 'spark_count_number_of_accidents', 'manual__2024-07-22T09:05:56.369244+00:00', '--job-id', '1704', '--raw', '--subdir', 'DAGS_FOLDER/count_accidents.py', '--cfg-path', '/tmp/tmpg8v1dw2b']
[2024-07-22T09:05:58.699+0000] {standard_task_runner.py:91} INFO - Job 1704: Subtask spark_count_number_of_accidents
[2024-07-22T09:05:58.762+0000] {task_command.py:426} INFO - Running <TaskInstance: count_accidents.spark_count_number_of_accidents manual__2024-07-22T09:05:56.369244+00:00 [running]> on host 0f867189e78b
[2024-07-22T09:05:58.832+0000] {taskinstance.py:2648} INFO - Exporting env vars: AIRFLOW_CTX_DAG_OWNER='airflow' AIRFLOW_CTX_DAG_ID='count_accidents' AIRFLOW_CTX_TASK_ID='spark_count_number_of_accidents' AIRFLOW_CTX_EXECUTION_DATE='2024-07-22T09:05:56.369244+00:00' AIRFLOW_CTX_TRY_NUMBER='1' AIRFLOW_CTX_DAG_RUN_ID='manual__2024-07-22T09:05:56.369244+00:00'
[2024-07-22T09:05:58.835+0000] {taskinstance.py:430} INFO - ::endgroup::
[2024-07-22T09:05:58.842+0000] {base.py:84} INFO - Using connection ID 'spark' for task execution.
[2024-07-22T09:05:58.843+0000] {spark_submit.py:401} INFO - Spark-Submit cmd: spark-submit --master host.docker.internal:7077 --name arrow-spark --deploy-mode client ./spark/count_rows.py
[2024-07-22T09:05:58.904+0000] {spark_submit.py:571} INFO - /home/airflow/.local/lib/python3.12/site-packages/pyspark/bin/spark-class: line 71: /usr/lib/jvm/java-17-openjdk-amd64/bin/java: No such file or directory
[2024-07-22T09:05:58.905+0000] {spark_submit.py:571} INFO - /home/airflow/.local/lib/python3.12/site-packages/pyspark/bin/spark-class: line 97: CMD: bad array subscript
[2024-07-22T09:05:58.906+0000] {taskinstance.py:441} INFO - ::group::Post task execution logs
[2024-07-22T09:05:58.915+0000] {taskinstance.py:2905} ERROR - Task failed with exception
Traceback (most recent call last):
  File "/home/airflow/.local/lib/python3.12/site-packages/airflow/models/taskinstance.py", line 465, in _execute_task
    result = _execute_callable(context=context, **execute_callable_kwargs)
             ^^^^^^^^^^^^^^^^^^^^^^^^^^^^^^^^^^^^^^^^^^^^^^^^^^^^^^^^^^^^^
  File "/home/airflow/.local/lib/python3.12/site-packages/airflow/models/taskinstance.py", line 432, in _execute_callable
    return execute_callable(context=context, **execute_callable_kwargs)
           ^^^^^^^^^^^^^^^^^^^^^^^^^^^^^^^^^^^^^^^^^^^^^^^^^^^^^^^^^^^^
  File "/home/airflow/.local/lib/python3.12/site-packages/airflow/models/baseoperator.py", line 401, in wrapper
    return func(self, *args, **kwargs)
           ^^^^^^^^^^^^^^^^^^^^^^^^^^^
  File "/home/airflow/.local/lib/python3.12/site-packages/airflow/providers/apache/spark/operators/spark_submit.py", line 174, in execute
    self._hook.submit(self.application)
  File "/home/airflow/.local/lib/python3.12/site-packages/airflow/providers/apache/spark/hooks/spark_submit.py", line 502, in submit
    raise AirflowException(
airflow.exceptions.AirflowException: Cannot execute: spark-submit --master host.docker.internal:7077 --name arrow-spark --deploy-mode client ./spark/count_rows.py. Error code is: 1.
[2024-07-22T09:05:58.919+0000] {taskinstance.py:1206} INFO - Marking task as FAILED. dag_id=count_accidents, task_id=spark_count_number_of_accidents, run_id=manual__2024-07-22T09:05:56.369244+00:00, execution_date=20240722T090556, start_date=20240722T090558, end_date=20240722T090558
[2024-07-22T09:05:58.929+0000] {standard_task_runner.py:110} ERROR - Failed to execute job 1704 for task spark_count_number_of_accidents (Cannot execute: spark-submit --master host.docker.internal:7077 --name arrow-spark --deploy-mode client ./spark/count_rows.py. Error code is: 1.; 212)
[2024-07-22T09:05:58.963+0000] {local_task_job_runner.py:240} INFO - Task exited with return code 1
[2024-07-22T09:05:58.984+0000] {taskinstance.py:3503} INFO - 0 downstream tasks scheduled from follow-on schedule check
[2024-07-22T09:05:58.985+0000] {local_task_job_runner.py:222} INFO - ::endgroup::
