[2024-07-18T08:02:09.767+0000] {local_task_job_runner.py:120} INFO - ::group::Pre task execution logs
[2024-07-18T08:02:09.784+0000] {taskinstance.py:2076} INFO - Dependencies all met for dep_context=non-requeueable deps ti=<TaskInstance: trigger_dag.process_results.add_timestamp_file manual__2024-07-18T08:00:59.817398+00:00 [queued]>
[2024-07-18T08:02:09.788+0000] {taskinstance.py:2076} INFO - Dependencies all met for dep_context=requeueable deps ti=<TaskInstance: trigger_dag.process_results.add_timestamp_file manual__2024-07-18T08:00:59.817398+00:00 [queued]>
[2024-07-18T08:02:09.788+0000] {taskinstance.py:2306} INFO - Starting attempt 1 of 1
[2024-07-18T08:02:09.794+0000] {taskinstance.py:2330} INFO - Executing <Task(BashOperator): process_results.add_timestamp_file> on 2024-07-18 08:00:59.817398+00:00
[2024-07-18T08:02:09.797+0000] {warnings.py:112} WARNING - /home/airflow/.local/lib/python3.12/site-packages/airflow/task/task_runner/standard_task_runner.py:61: DeprecationWarning: This process (pid=173) is multi-threaded, use of fork() may lead to deadlocks in the child.
  pid = os.fork()

[2024-07-18T08:02:09.798+0000] {standard_task_runner.py:63} INFO - Started process 175 to run task
[2024-07-18T08:02:09.798+0000] {standard_task_runner.py:90} INFO - Running: ['airflow', 'tasks', 'run', 'trigger_dag', 'process_results.add_timestamp_file', 'manual__2024-07-18T08:00:59.817398+00:00', '--job-id', '1568', '--raw', '--subdir', 'DAGS_FOLDER/trigger_dag.py', '--cfg-path', '/tmp/tmpy04vq6qp']
[2024-07-18T08:02:09.799+0000] {standard_task_runner.py:91} INFO - Job 1568: Subtask process_results.add_timestamp_file
[2024-07-18T08:02:09.834+0000] {task_command.py:426} INFO - Running <TaskInstance: trigger_dag.process_results.add_timestamp_file manual__2024-07-18T08:00:59.817398+00:00 [running]> on host 4d13026947d2
[2024-07-18T08:02:09.889+0000] {taskinstance.py:2648} INFO - Exporting env vars: AIRFLOW_CTX_DAG_OWNER='airflow' AIRFLOW_CTX_DAG_ID='trigger_dag' AIRFLOW_CTX_TASK_ID='process_results.add_timestamp_file' AIRFLOW_CTX_EXECUTION_DATE='2024-07-18T08:00:59.817398+00:00' AIRFLOW_CTX_TRY_NUMBER='1' AIRFLOW_CTX_DAG_RUN_ID='manual__2024-07-18T08:00:59.817398+00:00'
[2024-07-18T08:02:09.890+0000] {taskinstance.py:430} INFO - ::endgroup::
[2024-07-18T08:02:09.891+0000] {subprocess.py:63} INFO - Tmp dir root location: /tmp
[2024-07-18T08:02:09.891+0000] {subprocess.py:75} INFO - Running command: ['/usr/bin/bash', '-c', 'touch /Users/rplaiasu/PycharmProjects/DagCreation/data/finished_#20240718T080059']
[2024-07-18T08:02:09.896+0000] {subprocess.py:86} INFO - Output:
[2024-07-18T08:02:09.899+0000] {subprocess.py:93} INFO - touch: cannot touch '/Users/rplaiasu/PycharmProjects/DagCreation/data/finished_#20240718T080059': No such file or directory
[2024-07-18T08:02:09.900+0000] {subprocess.py:97} INFO - Command exited with return code 1
[2024-07-18T08:02:09.900+0000] {taskinstance.py:441} INFO - ::group::Post task execution logs
[2024-07-18T08:02:09.909+0000] {taskinstance.py:2905} ERROR - Task failed with exception
Traceback (most recent call last):
  File "/home/airflow/.local/lib/python3.12/site-packages/airflow/models/taskinstance.py", line 465, in _execute_task
    result = _execute_callable(context=context, **execute_callable_kwargs)
             ^^^^^^^^^^^^^^^^^^^^^^^^^^^^^^^^^^^^^^^^^^^^^^^^^^^^^^^^^^^^^
  File "/home/airflow/.local/lib/python3.12/site-packages/airflow/models/taskinstance.py", line 432, in _execute_callable
    return execute_callable(context=context, **execute_callable_kwargs)
           ^^^^^^^^^^^^^^^^^^^^^^^^^^^^^^^^^^^^^^^^^^^^^^^^^^^^^^^^^^^^
  File "/home/airflow/.local/lib/python3.12/site-packages/airflow/models/baseoperator.py", line 401, in wrapper
    return func(self, *args, **kwargs)
           ^^^^^^^^^^^^^^^^^^^^^^^^^^^
  File "/home/airflow/.local/lib/python3.12/site-packages/airflow/operators/bash.py", line 243, in execute
    raise AirflowException(
airflow.exceptions.AirflowException: Bash command failed. The command returned a non-zero exit code 1.
[2024-07-18T08:02:09.912+0000] {taskinstance.py:1206} INFO - Marking task as FAILED. dag_id=trigger_dag, task_id=process_results.add_timestamp_file, run_id=manual__2024-07-18T08:00:59.817398+00:00, execution_date=20240718T080059, start_date=20240718T080209, end_date=20240718T080209
[2024-07-18T08:02:09.920+0000] {standard_task_runner.py:110} ERROR - Failed to execute job 1568 for task process_results.add_timestamp_file (Bash command failed. The command returned a non-zero exit code 1.; 175)
[2024-07-18T08:02:09.937+0000] {local_task_job_runner.py:240} INFO - Task exited with return code 1
[2024-07-18T08:02:09.950+0000] {taskinstance.py:3503} INFO - 0 downstream tasks scheduled from follow-on schedule check
[2024-07-18T08:02:09.951+0000] {local_task_job_runner.py:222} INFO - ::endgroup::
