[2024-07-22T11:00:44.234+0000] {local_task_job_runner.py:120} INFO - ::group::Pre task execution logs
[2024-07-22T11:00:44.273+0000] {taskinstance.py:2076} INFO - Dependencies all met for dep_context=non-requeueable deps ti=<TaskInstance: count_accidents.spark_count_number_of_accidents manual__2024-07-22T11:00:41.673124+00:00 [queued]>
[2024-07-22T11:00:44.284+0000] {taskinstance.py:2076} INFO - Dependencies all met for dep_context=requeueable deps ti=<TaskInstance: count_accidents.spark_count_number_of_accidents manual__2024-07-22T11:00:41.673124+00:00 [queued]>
[2024-07-22T11:00:44.285+0000] {taskinstance.py:2306} INFO - Starting attempt 1 of 1
[2024-07-22T11:00:44.304+0000] {taskinstance.py:2330} INFO - Executing <Task(SparkSubmitOperator): spark_count_number_of_accidents> on 2024-07-22 11:00:41.673124+00:00
[2024-07-22T11:00:44.310+0000] {warnings.py:112} WARNING - /home/airflow/.local/lib/python3.12/site-packages/airflow/task/task_runner/standard_task_runner.py:61: DeprecationWarning: This process (pid=377) is multi-threaded, use of fork() may lead to deadlocks in the child.
  pid = os.fork()

[2024-07-22T11:00:44.314+0000] {standard_task_runner.py:90} INFO - Running: ['airflow', 'tasks', 'run', 'count_accidents', 'spark_count_number_of_accidents', 'manual__2024-07-22T11:00:41.673124+00:00', '--job-id', '1748', '--raw', '--subdir', 'DAGS_FOLDER/count_accidents.py', '--cfg-path', '/tmp/tmpk1glckn1']
[2024-07-22T11:00:44.318+0000] {standard_task_runner.py:63} INFO - Started process 411 to run task
[2024-07-22T11:00:44.320+0000] {standard_task_runner.py:91} INFO - Job 1748: Subtask spark_count_number_of_accidents
[2024-07-22T11:00:44.439+0000] {task_command.py:426} INFO - Running <TaskInstance: count_accidents.spark_count_number_of_accidents manual__2024-07-22T11:00:41.673124+00:00 [running]> on host 29559b5d1b4b
[2024-07-22T11:00:44.625+0000] {taskinstance.py:2648} INFO - Exporting env vars: AIRFLOW_CTX_DAG_OWNER='airflow' AIRFLOW_CTX_DAG_ID='count_accidents' AIRFLOW_CTX_TASK_ID='spark_count_number_of_accidents' AIRFLOW_CTX_EXECUTION_DATE='2024-07-22T11:00:41.673124+00:00' AIRFLOW_CTX_TRY_NUMBER='1' AIRFLOW_CTX_DAG_RUN_ID='manual__2024-07-22T11:00:41.673124+00:00'
[2024-07-22T11:00:44.632+0000] {taskinstance.py:430} INFO - ::endgroup::
[2024-07-22T11:00:44.698+0000] {base.py:84} INFO - Using connection ID 'spark' for task execution.
[2024-07-22T11:00:44.701+0000] {spark_submit.py:401} INFO - Spark-Submit cmd: spark-submit --master spark:spark:7077 --name arrow-spark --deploy-mode client /opt/airflow/spark/count_rows.py
[2024-07-22T11:00:44.771+0000] {spark_submit.py:571} INFO - /home/airflow/.local/lib/python3.12/site-packages/pyspark/bin/load-spark-env.sh: line 68: ps: command not found
[2024-07-22T11:00:44.772+0000] {spark_submit.py:571} INFO - JAVA_HOME is not set
[2024-07-22T11:00:44.774+0000] {taskinstance.py:441} INFO - ::group::Post task execution logs
[2024-07-22T11:00:44.800+0000] {taskinstance.py:2905} ERROR - Task failed with exception
Traceback (most recent call last):
  File "/home/airflow/.local/lib/python3.12/site-packages/airflow/models/taskinstance.py", line 465, in _execute_task
    result = _execute_callable(context=context, **execute_callable_kwargs)
             ^^^^^^^^^^^^^^^^^^^^^^^^^^^^^^^^^^^^^^^^^^^^^^^^^^^^^^^^^^^^^
  File "/home/airflow/.local/lib/python3.12/site-packages/airflow/models/taskinstance.py", line 432, in _execute_callable
    return execute_callable(context=context, **execute_callable_kwargs)
           ^^^^^^^^^^^^^^^^^^^^^^^^^^^^^^^^^^^^^^^^^^^^^^^^^^^^^^^^^^^^
  File "/home/airflow/.local/lib/python3.12/site-packages/airflow/models/baseoperator.py", line 401, in wrapper
    return func(self, *args, **kwargs)
           ^^^^^^^^^^^^^^^^^^^^^^^^^^^
  File "/home/airflow/.local/lib/python3.12/site-packages/airflow/providers/apache/spark/operators/spark_submit.py", line 174, in execute
    self._hook.submit(self.application)
  File "/home/airflow/.local/lib/python3.12/site-packages/airflow/providers/apache/spark/hooks/spark_submit.py", line 502, in submit
    raise AirflowException(
airflow.exceptions.AirflowException: Cannot execute: spark-submit --master spark:spark:7077 --name arrow-spark --deploy-mode client /opt/airflow/spark/count_rows.py. Error code is: 1.
[2024-07-22T11:00:44.804+0000] {taskinstance.py:1206} INFO - Marking task as FAILED. dag_id=count_accidents, task_id=spark_count_number_of_accidents, run_id=manual__2024-07-22T11:00:41.673124+00:00, execution_date=20240722T110041, start_date=20240722T110044, end_date=20240722T110044
[2024-07-22T11:00:44.816+0000] {standard_task_runner.py:110} ERROR - Failed to execute job 1748 for task spark_count_number_of_accidents (Cannot execute: spark-submit --master spark:spark:7077 --name arrow-spark --deploy-mode client /opt/airflow/spark/count_rows.py. Error code is: 1.; 411)
[2024-07-22T11:00:44.831+0000] {local_task_job_runner.py:240} INFO - Task exited with return code 1
[2024-07-22T11:00:44.899+0000] {taskinstance.py:3503} INFO - 0 downstream tasks scheduled from follow-on schedule check
[2024-07-22T11:00:44.913+0000] {local_task_job_runner.py:222} INFO - ::endgroup::
