[2024-07-23T08:16:43.084+0000] {local_task_job_runner.py:120} INFO - ::group::Pre task execution logs
[2024-07-23T08:16:43.108+0000] {taskinstance.py:2076} INFO - Dependencies all met for dep_context=non-requeueable deps ti=<TaskInstance: count_accidents.spark_count_number_of_accidents manual__2024-07-23T08:16:41.415607+00:00 [queued]>
[2024-07-23T08:16:43.114+0000] {taskinstance.py:2076} INFO - Dependencies all met for dep_context=requeueable deps ti=<TaskInstance: count_accidents.spark_count_number_of_accidents manual__2024-07-23T08:16:41.415607+00:00 [queued]>
[2024-07-23T08:16:43.114+0000] {taskinstance.py:2306} INFO - Starting attempt 1 of 1
[2024-07-23T08:16:43.123+0000] {taskinstance.py:2330} INFO - Executing <Task(SparkSubmitOperator): spark_count_number_of_accidents> on 2024-07-23 08:16:41.415607+00:00
[2024-07-23T08:16:43.128+0000] {warnings.py:112} WARNING - /home/airflow/.local/lib/python3.12/site-packages/airflow/task/task_runner/standard_task_runner.py:61: DeprecationWarning: This process (pid=623) is multi-threaded, use of fork() may lead to deadlocks in the child.
  pid = os.fork()

[2024-07-23T08:16:43.129+0000] {standard_task_runner.py:63} INFO - Started process 625 to run task
[2024-07-23T08:16:43.129+0000] {standard_task_runner.py:90} INFO - Running: ['airflow', 'tasks', 'run', 'count_accidents', 'spark_count_number_of_accidents', 'manual__2024-07-23T08:16:41.415607+00:00', '--job-id', '1859', '--raw', '--subdir', 'DAGS_FOLDER/count_accidents.py', '--cfg-path', '/tmp/tmp72wwc53a']
[2024-07-23T08:16:43.130+0000] {standard_task_runner.py:91} INFO - Job 1859: Subtask spark_count_number_of_accidents
[2024-07-23T08:16:43.198+0000] {task_command.py:426} INFO - Running <TaskInstance: count_accidents.spark_count_number_of_accidents manual__2024-07-23T08:16:41.415607+00:00 [running]> on host be9a273262f9
[2024-07-23T08:16:43.297+0000] {taskinstance.py:2648} INFO - Exporting env vars: AIRFLOW_CTX_DAG_OWNER='airflow' AIRFLOW_CTX_DAG_ID='count_accidents' AIRFLOW_CTX_TASK_ID='spark_count_number_of_accidents' AIRFLOW_CTX_EXECUTION_DATE='2024-07-23T08:16:41.415607+00:00' AIRFLOW_CTX_TRY_NUMBER='1' AIRFLOW_CTX_DAG_RUN_ID='manual__2024-07-23T08:16:41.415607+00:00'
[2024-07-23T08:16:43.299+0000] {taskinstance.py:430} INFO - ::endgroup::
[2024-07-23T08:16:43.310+0000] {base.py:84} INFO - Using connection ID 'spark' for task execution.
[2024-07-23T08:16:43.311+0000] {spark_submit.py:401} INFO - Spark-Submit cmd: spark-submit --master spark://spark:7077 --name arrow-spark --deploy-mode client /opt/airflow/spark/count_rows.py
[2024-07-23T08:16:45.047+0000] {spark_submit.py:571} INFO - 24/07/23 08:16:45 INFO SparkContext: Running Spark version 3.5.1
[2024-07-23T08:16:45.048+0000] {spark_submit.py:571} INFO - 24/07/23 08:16:45 INFO SparkContext: OS info Linux, 6.6.32-linuxkit, aarch64
[2024-07-23T08:16:45.049+0000] {spark_submit.py:571} INFO - 24/07/23 08:16:45 INFO SparkContext: Java version 17.0.11
[2024-07-23T08:16:45.096+0000] {spark_submit.py:571} INFO - 24/07/23 08:16:45 WARN NativeCodeLoader: Unable to load native-hadoop library for your platform... using builtin-java classes where applicable
[2024-07-23T08:16:45.155+0000] {spark_submit.py:571} INFO - 24/07/23 08:16:45 INFO ResourceUtils: ==============================================================
[2024-07-23T08:16:45.155+0000] {spark_submit.py:571} INFO - 24/07/23 08:16:45 INFO ResourceUtils: No custom resources configured for spark.driver.
[2024-07-23T08:16:45.156+0000] {spark_submit.py:571} INFO - 24/07/23 08:16:45 INFO ResourceUtils: ==============================================================
[2024-07-23T08:16:45.156+0000] {spark_submit.py:571} INFO - 24/07/23 08:16:45 INFO SparkContext: Submitted application: CountAccidents
[2024-07-23T08:16:45.169+0000] {spark_submit.py:571} INFO - 24/07/23 08:16:45 INFO ResourceProfile: Default ResourceProfile created, executor resources: Map(memory -> name: memory, amount: 1024, script: , vendor: , offHeap -> name: offHeap, amount: 0, script: , vendor: ), task resources: Map(cpus -> name: cpus, amount: 1.0)
[2024-07-23T08:16:45.174+0000] {spark_submit.py:571} INFO - 24/07/23 08:16:45 INFO ResourceProfile: Limiting resource is cpu
[2024-07-23T08:16:45.175+0000] {spark_submit.py:571} INFO - 24/07/23 08:16:45 INFO ResourceProfileManager: Added ResourceProfile id: 0
[2024-07-23T08:16:45.211+0000] {spark_submit.py:571} INFO - 24/07/23 08:16:45 INFO SecurityManager: Changing view acls to: default
[2024-07-23T08:16:45.212+0000] {spark_submit.py:571} INFO - 24/07/23 08:16:45 INFO SecurityManager: Changing modify acls to: default
[2024-07-23T08:16:45.212+0000] {spark_submit.py:571} INFO - 24/07/23 08:16:45 INFO SecurityManager: Changing view acls groups to:
[2024-07-23T08:16:45.212+0000] {spark_submit.py:571} INFO - 24/07/23 08:16:45 INFO SecurityManager: Changing modify acls groups to:
[2024-07-23T08:16:45.212+0000] {spark_submit.py:571} INFO - 24/07/23 08:16:45 INFO SecurityManager: SecurityManager: authentication disabled; ui acls disabled; users with view permissions: default; groups with view permissions: EMPTY; users with modify permissions: default; groups with modify permissions: EMPTY
[2024-07-23T08:16:45.370+0000] {spark_submit.py:571} INFO - 24/07/23 08:16:45 INFO Utils: Successfully started service 'sparkDriver' on port 34709.
[2024-07-23T08:16:45.395+0000] {spark_submit.py:571} INFO - 24/07/23 08:16:45 INFO SparkEnv: Registering MapOutputTracker
[2024-07-23T08:16:45.420+0000] {spark_submit.py:571} INFO - 24/07/23 08:16:45 INFO SparkEnv: Registering BlockManagerMaster
[2024-07-23T08:16:45.432+0000] {spark_submit.py:571} INFO - 24/07/23 08:16:45 INFO BlockManagerMasterEndpoint: Using org.apache.spark.storage.DefaultTopologyMapper for getting topology information
[2024-07-23T08:16:45.433+0000] {spark_submit.py:571} INFO - 24/07/23 08:16:45 INFO BlockManagerMasterEndpoint: BlockManagerMasterEndpoint up
[2024-07-23T08:16:45.435+0000] {spark_submit.py:571} INFO - 24/07/23 08:16:45 INFO SparkEnv: Registering BlockManagerMasterHeartbeat
[2024-07-23T08:16:45.457+0000] {spark_submit.py:571} INFO - 24/07/23 08:16:45 INFO DiskBlockManager: Created local directory at /tmp/blockmgr-a03588a5-3cb1-4a0a-bb91-63003bbf3762
[2024-07-23T08:16:45.465+0000] {spark_submit.py:571} INFO - 24/07/23 08:16:45 INFO MemoryStore: MemoryStore started with capacity 434.4 MiB
[2024-07-23T08:16:45.475+0000] {spark_submit.py:571} INFO - 24/07/23 08:16:45 INFO SparkEnv: Registering OutputCommitCoordinator
[2024-07-23T08:16:45.578+0000] {spark_submit.py:571} INFO - 24/07/23 08:16:45 INFO JettyUtils: Start Jetty 0.0.0.0:4040 for SparkUI
[2024-07-23T08:16:45.621+0000] {spark_submit.py:571} INFO - 24/07/23 08:16:45 INFO Utils: Successfully started service 'SparkUI' on port 4040.
[2024-07-23T08:16:45.688+0000] {spark_submit.py:571} INFO - 24/07/23 08:16:45 INFO StandaloneAppClient$ClientEndpoint: Connecting to master spark://spark:7077...
[2024-07-23T08:16:45.715+0000] {spark_submit.py:571} INFO - 24/07/23 08:16:45 INFO TransportClientFactory: Successfully created connection to spark/172.18.0.2:7077 after 16 ms (0 ms spent in bootstraps)
[2024-07-23T08:16:45.781+0000] {spark_submit.py:571} INFO - 24/07/23 08:16:45 INFO StandaloneSchedulerBackend: Connected to Spark cluster with app ID app-20240723081645-0003
[2024-07-23T08:16:45.782+0000] {spark_submit.py:571} INFO - 24/07/23 08:16:45 INFO StandaloneAppClient$ClientEndpoint: Executor added: app-20240723081645-0003/0 on worker-20240723081411-172.18.0.7-44841 (172.18.0.7:44841) with 2 core(s)
[2024-07-23T08:16:45.784+0000] {spark_submit.py:571} INFO - 24/07/23 08:16:45 INFO StandaloneSchedulerBackend: Granted executor ID app-20240723081645-0003/0 on hostPort 172.18.0.7:44841 with 2 core(s), 1024.0 MiB RAM
[2024-07-23T08:16:45.789+0000] {spark_submit.py:571} INFO - 24/07/23 08:16:45 INFO Utils: Successfully started service 'org.apache.spark.network.netty.NettyBlockTransferService' on port 45481.
[2024-07-23T08:16:45.790+0000] {spark_submit.py:571} INFO - 24/07/23 08:16:45 INFO NettyBlockTransferService: Server created on be9a273262f9:45481
[2024-07-23T08:16:45.792+0000] {spark_submit.py:571} INFO - 24/07/23 08:16:45 INFO BlockManager: Using org.apache.spark.storage.RandomBlockReplicationPolicy for block replication policy
[2024-07-23T08:16:45.797+0000] {spark_submit.py:571} INFO - 24/07/23 08:16:45 INFO BlockManagerMaster: Registering BlockManager BlockManagerId(driver, be9a273262f9, 45481, None)
[2024-07-23T08:16:45.799+0000] {spark_submit.py:571} INFO - 24/07/23 08:16:45 INFO BlockManagerMasterEndpoint: Registering block manager be9a273262f9:45481 with 434.4 MiB RAM, BlockManagerId(driver, be9a273262f9, 45481, None)
[2024-07-23T08:16:45.801+0000] {spark_submit.py:571} INFO - 24/07/23 08:16:45 INFO BlockManagerMaster: Registered BlockManager BlockManagerId(driver, be9a273262f9, 45481, None)
[2024-07-23T08:16:45.803+0000] {spark_submit.py:571} INFO - 24/07/23 08:16:45 INFO BlockManager: Initialized BlockManager: BlockManagerId(driver, be9a273262f9, 45481, None)
[2024-07-23T08:16:45.846+0000] {spark_submit.py:571} INFO - 24/07/23 08:16:45 INFO StandaloneAppClient$ClientEndpoint: Executor updated: app-20240723081645-0003/0 is now RUNNING
[2024-07-23T08:16:45.929+0000] {spark_submit.py:571} INFO - 24/07/23 08:16:45 INFO StandaloneSchedulerBackend: SchedulerBackend is ready for scheduling beginning after reached minRegisteredResourcesRatio: 0.0
[2024-07-23T08:16:46.097+0000] {spark_submit.py:571} INFO - 24/07/23 08:16:46 INFO SharedState: Setting hive.metastore.warehouse.dir ('null') to the value of spark.sql.warehouse.dir.
[2024-07-23T08:16:46.101+0000] {spark_submit.py:571} INFO - 24/07/23 08:16:46 INFO SharedState: Warehouse path is 'file:/opt/airflow/spark-warehouse'.
[2024-07-23T08:16:46.691+0000] {spark_submit.py:571} INFO - 24/07/23 08:16:46 INFO InMemoryFileIndex: It took 24 ms to list leaf files for 1 paths.
[2024-07-23T08:16:46.722+0000] {spark_submit.py:571} INFO - 24/07/23 08:16:46 INFO InMemoryFileIndex: It took 1 ms to list leaf files for 1 paths.
[2024-07-23T08:16:47.145+0000] {spark_submit.py:571} INFO - 24/07/23 08:16:47 INFO StandaloneSchedulerBackend$StandaloneDriverEndpoint: Registered executor NettyRpcEndpointRef(spark-client://Executor) (172.18.0.7:55432) with ID 0,  ResourceProfileId 0
[2024-07-23T08:16:47.186+0000] {spark_submit.py:571} INFO - 24/07/23 08:16:47 INFO BlockManagerMasterEndpoint: Registering block manager 172.18.0.7:36701 with 434.4 MiB RAM, BlockManagerId(0, 172.18.0.7, 36701, None)
[2024-07-23T08:16:47.872+0000] {spark_submit.py:571} INFO - 24/07/23 08:16:47 INFO FileSourceStrategy: Pushed Filters:
[2024-07-23T08:16:47.873+0000] {spark_submit.py:571} INFO - 24/07/23 08:16:47 INFO FileSourceStrategy: Post-Scan Filters: (length(trim(value#0, None)) > 0)
[2024-07-23T08:16:48.155+0000] {spark_submit.py:571} INFO - 24/07/23 08:16:48 INFO CodeGenerator: Code generated in 95.264791 ms
[2024-07-23T08:16:48.181+0000] {spark_submit.py:571} INFO - 24/07/23 08:16:48 INFO MemoryStore: Block broadcast_0 stored as values in memory (estimated size 199.8 KiB, free 434.2 MiB)
[2024-07-23T08:16:48.215+0000] {spark_submit.py:571} INFO - 24/07/23 08:16:48 INFO MemoryStore: Block broadcast_0_piece0 stored as bytes in memory (estimated size 34.3 KiB, free 434.2 MiB)
[2024-07-23T08:16:48.216+0000] {spark_submit.py:571} INFO - 24/07/23 08:16:48 INFO BlockManagerInfo: Added broadcast_0_piece0 in memory on be9a273262f9:45481 (size: 34.3 KiB, free: 434.4 MiB)
[2024-07-23T08:16:48.219+0000] {spark_submit.py:571} INFO - 24/07/23 08:16:48 INFO SparkContext: Created broadcast 0 from csv at NativeMethodAccessorImpl.java:0
[2024-07-23T08:16:48.225+0000] {spark_submit.py:571} INFO - 24/07/23 08:16:48 INFO FileSourceScanExec: Planning scan with bin packing, max size: 5368882 bytes, open cost is considered as scanning 4194304 bytes.
[2024-07-23T08:16:48.271+0000] {spark_submit.py:571} INFO - 24/07/23 08:16:48 INFO SparkContext: Starting job: csv at NativeMethodAccessorImpl.java:0
[2024-07-23T08:16:48.283+0000] {spark_submit.py:571} INFO - 24/07/23 08:16:48 INFO DAGScheduler: Got job 0 (csv at NativeMethodAccessorImpl.java:0) with 1 output partitions
[2024-07-23T08:16:48.284+0000] {spark_submit.py:571} INFO - 24/07/23 08:16:48 INFO DAGScheduler: Final stage: ResultStage 0 (csv at NativeMethodAccessorImpl.java:0)
[2024-07-23T08:16:48.284+0000] {spark_submit.py:571} INFO - 24/07/23 08:16:48 INFO DAGScheduler: Parents of final stage: List()
[2024-07-23T08:16:48.284+0000] {spark_submit.py:571} INFO - 24/07/23 08:16:48 INFO DAGScheduler: Missing parents: List()
[2024-07-23T08:16:48.286+0000] {spark_submit.py:571} INFO - 24/07/23 08:16:48 INFO DAGScheduler: Submitting ResultStage 0 (MapPartitionsRDD[3] at csv at NativeMethodAccessorImpl.java:0), which has no missing parents
[2024-07-23T08:16:48.323+0000] {spark_submit.py:571} INFO - 24/07/23 08:16:48 INFO MemoryStore: Block broadcast_1 stored as values in memory (estimated size 13.5 KiB, free 434.2 MiB)
[2024-07-23T08:16:48.324+0000] {spark_submit.py:571} INFO - 24/07/23 08:16:48 INFO MemoryStore: Block broadcast_1_piece0 stored as bytes in memory (estimated size 6.4 KiB, free 434.2 MiB)
[2024-07-23T08:16:48.324+0000] {spark_submit.py:571} INFO - 24/07/23 08:16:48 INFO BlockManagerInfo: Added broadcast_1_piece0 in memory on be9a273262f9:45481 (size: 6.4 KiB, free: 434.4 MiB)
[2024-07-23T08:16:48.325+0000] {spark_submit.py:571} INFO - 24/07/23 08:16:48 INFO SparkContext: Created broadcast 1 from broadcast at DAGScheduler.scala:1585
[2024-07-23T08:16:48.332+0000] {spark_submit.py:571} INFO - 24/07/23 08:16:48 INFO DAGScheduler: Submitting 1 missing tasks from ResultStage 0 (MapPartitionsRDD[3] at csv at NativeMethodAccessorImpl.java:0) (first 15 tasks are for partitions Vector(0))
[2024-07-23T08:16:48.333+0000] {spark_submit.py:571} INFO - 24/07/23 08:16:48 INFO TaskSchedulerImpl: Adding task set 0.0 with 1 tasks resource profile 0
[2024-07-23T08:16:48.345+0000] {spark_submit.py:571} INFO - 24/07/23 08:16:48 INFO TaskSetManager: Starting task 0.0 in stage 0.0 (TID 0) (172.18.0.7, executor 0, partition 0, PROCESS_LOCAL, 8250 bytes)
[2024-07-23T08:16:48.467+0000] {spark_submit.py:571} INFO - 24/07/23 08:16:48 INFO BlockManagerInfo: Added broadcast_1_piece0 in memory on 172.18.0.7:36701 (size: 6.4 KiB, free: 434.4 MiB)
[2024-07-23T08:16:48.825+0000] {spark_submit.py:571} INFO - 24/07/23 08:16:48 INFO BlockManagerInfo: Added broadcast_0_piece0 in memory on 172.18.0.7:36701 (size: 34.3 KiB, free: 434.4 MiB)
[2024-07-23T08:16:48.910+0000] {spark_submit.py:571} INFO - 24/07/23 08:16:48 INFO TaskSetManager: Finished task 0.0 in stage 0.0 (TID 0) in 570 ms on 172.18.0.7 (executor 0) (1/1)
[2024-07-23T08:16:48.914+0000] {spark_submit.py:571} INFO - 24/07/23 08:16:48 INFO TaskSchedulerImpl: Removed TaskSet 0.0, whose tasks have all completed, from pool
[2024-07-23T08:16:48.914+0000] {spark_submit.py:571} INFO - 24/07/23 08:16:48 INFO DAGScheduler: ResultStage 0 (csv at NativeMethodAccessorImpl.java:0) finished in 0.622 s
[2024-07-23T08:16:48.915+0000] {spark_submit.py:571} INFO - 24/07/23 08:16:48 INFO DAGScheduler: Job 0 is finished. Cancelling potential speculative or zombie tasks for this job
[2024-07-23T08:16:48.915+0000] {spark_submit.py:571} INFO - 24/07/23 08:16:48 INFO TaskSchedulerImpl: Killing all running tasks in stage 0: Stage finished
[2024-07-23T08:16:48.916+0000] {spark_submit.py:571} INFO - 24/07/23 08:16:48 INFO DAGScheduler: Job 0 finished: csv at NativeMethodAccessorImpl.java:0, took 0.645519 s
[2024-07-23T08:16:48.930+0000] {spark_submit.py:571} INFO - 24/07/23 08:16:48 INFO CodeGenerator: Code generated in 6.038125 ms
[2024-07-23T08:16:48.953+0000] {spark_submit.py:571} INFO - 24/07/23 08:16:48 INFO FileSourceStrategy: Pushed Filters:
[2024-07-23T08:16:48.955+0000] {spark_submit.py:571} INFO - 24/07/23 08:16:48 INFO FileSourceStrategy: Post-Scan Filters:
[2024-07-23T08:16:48.958+0000] {spark_submit.py:571} INFO - 24/07/23 08:16:48 INFO MemoryStore: Block broadcast_2 stored as values in memory (estimated size 199.8 KiB, free 434.0 MiB)
[2024-07-23T08:16:48.967+0000] {spark_submit.py:571} INFO - 24/07/23 08:16:48 INFO MemoryStore: Block broadcast_2_piece0 stored as bytes in memory (estimated size 34.3 KiB, free 433.9 MiB)
[2024-07-23T08:16:48.970+0000] {spark_submit.py:571} INFO - 24/07/23 08:16:48 INFO BlockManagerInfo: Added broadcast_2_piece0 in memory on be9a273262f9:45481 (size: 34.3 KiB, free: 434.3 MiB)
[2024-07-23T08:16:48.971+0000] {spark_submit.py:571} INFO - 24/07/23 08:16:48 INFO SparkContext: Created broadcast 2 from csv at NativeMethodAccessorImpl.java:0
[2024-07-23T08:16:48.972+0000] {spark_submit.py:571} INFO - 24/07/23 08:16:48 INFO FileSourceScanExec: Planning scan with bin packing, max size: 5368882 bytes, open cost is considered as scanning 4194304 bytes.
[2024-07-23T08:16:48.975+0000] {spark_submit.py:571} INFO - 24/07/23 08:16:48 INFO BlockManagerInfo: Removed broadcast_1_piece0 on be9a273262f9:45481 in memory (size: 6.4 KiB, free: 434.3 MiB)
[2024-07-23T08:16:48.979+0000] {spark_submit.py:571} INFO - 24/07/23 08:16:48 INFO BlockManagerInfo: Removed broadcast_1_piece0 on 172.18.0.7:36701 in memory (size: 6.4 KiB, free: 434.4 MiB)
[2024-07-23T08:16:49.013+0000] {spark_submit.py:571} INFO - 24/07/23 08:16:49 INFO SparkContext: Starting job: csv at NativeMethodAccessorImpl.java:0
[2024-07-23T08:16:49.014+0000] {spark_submit.py:571} INFO - 24/07/23 08:16:49 INFO DAGScheduler: Got job 1 (csv at NativeMethodAccessorImpl.java:0) with 2 output partitions
[2024-07-23T08:16:49.014+0000] {spark_submit.py:571} INFO - 24/07/23 08:16:49 INFO DAGScheduler: Final stage: ResultStage 1 (csv at NativeMethodAccessorImpl.java:0)
[2024-07-23T08:16:49.015+0000] {spark_submit.py:571} INFO - 24/07/23 08:16:49 INFO DAGScheduler: Parents of final stage: List()
[2024-07-23T08:16:49.015+0000] {spark_submit.py:571} INFO - 24/07/23 08:16:49 INFO DAGScheduler: Missing parents: List()
[2024-07-23T08:16:49.016+0000] {spark_submit.py:571} INFO - 24/07/23 08:16:49 INFO DAGScheduler: Submitting ResultStage 1 (MapPartitionsRDD[9] at csv at NativeMethodAccessorImpl.java:0), which has no missing parents
[2024-07-23T08:16:49.027+0000] {spark_submit.py:571} INFO - 24/07/23 08:16:49 INFO MemoryStore: Block broadcast_3 stored as values in memory (estimated size 27.7 KiB, free 433.9 MiB)
[2024-07-23T08:16:49.030+0000] {spark_submit.py:571} INFO - 24/07/23 08:16:49 INFO MemoryStore: Block broadcast_3_piece0 stored as bytes in memory (estimated size 12.8 KiB, free 433.9 MiB)
[2024-07-23T08:16:49.031+0000] {spark_submit.py:571} INFO - 24/07/23 08:16:49 INFO BlockManagerInfo: Added broadcast_3_piece0 in memory on be9a273262f9:45481 (size: 12.8 KiB, free: 434.3 MiB)
[2024-07-23T08:16:49.031+0000] {spark_submit.py:571} INFO - 24/07/23 08:16:49 INFO SparkContext: Created broadcast 3 from broadcast at DAGScheduler.scala:1585
[2024-07-23T08:16:49.032+0000] {spark_submit.py:571} INFO - 24/07/23 08:16:49 INFO DAGScheduler: Submitting 2 missing tasks from ResultStage 1 (MapPartitionsRDD[9] at csv at NativeMethodAccessorImpl.java:0) (first 15 tasks are for partitions Vector(0, 1))
[2024-07-23T08:16:49.032+0000] {spark_submit.py:571} INFO - 24/07/23 08:16:49 INFO TaskSchedulerImpl: Adding task set 1.0 with 2 tasks resource profile 0
[2024-07-23T08:16:49.033+0000] {spark_submit.py:571} INFO - 24/07/23 08:16:49 INFO TaskSetManager: Starting task 0.0 in stage 1.0 (TID 1) (172.18.0.7, executor 0, partition 0, PROCESS_LOCAL, 8250 bytes)
[2024-07-23T08:16:49.033+0000] {spark_submit.py:571} INFO - 24/07/23 08:16:49 INFO TaskSetManager: Starting task 1.0 in stage 1.0 (TID 2) (172.18.0.7, executor 0, partition 1, PROCESS_LOCAL, 8250 bytes)
[2024-07-23T08:16:49.052+0000] {spark_submit.py:571} INFO - 24/07/23 08:16:49 INFO BlockManagerInfo: Added broadcast_3_piece0 in memory on 172.18.0.7:36701 (size: 12.8 KiB, free: 434.4 MiB)
[2024-07-23T08:16:49.612+0000] {spark_submit.py:571} INFO - 24/07/23 08:16:49 INFO BlockManagerInfo: Added broadcast_2_piece0 in memory on 172.18.0.7:36701 (size: 34.3 KiB, free: 434.3 MiB)
[2024-07-23T08:16:49.835+0000] {spark_submit.py:571} INFO - 24/07/23 08:16:49 INFO TaskSetManager: Finished task 1.0 in stage 1.0 (TID 2) in 798 ms on 172.18.0.7 (executor 0) (1/2)
[2024-07-23T08:16:49.895+0000] {spark_submit.py:571} INFO - 24/07/23 08:16:49 INFO TaskSetManager: Finished task 0.0 in stage 1.0 (TID 1) in 862 ms on 172.18.0.7 (executor 0) (2/2)
[2024-07-23T08:16:49.896+0000] {spark_submit.py:571} INFO - 24/07/23 08:16:49 INFO TaskSchedulerImpl: Removed TaskSet 1.0, whose tasks have all completed, from pool
[2024-07-23T08:16:49.897+0000] {spark_submit.py:571} INFO - 24/07/23 08:16:49 INFO DAGScheduler: ResultStage 1 (csv at NativeMethodAccessorImpl.java:0) finished in 0.879 s
[2024-07-23T08:16:49.897+0000] {spark_submit.py:571} INFO - 24/07/23 08:16:49 INFO DAGScheduler: Job 1 is finished. Cancelling potential speculative or zombie tasks for this job
[2024-07-23T08:16:49.898+0000] {spark_submit.py:571} INFO - 24/07/23 08:16:49 INFO TaskSchedulerImpl: Killing all running tasks in stage 1: Stage finished
[2024-07-23T08:16:49.898+0000] {spark_submit.py:571} INFO - 24/07/23 08:16:49 INFO DAGScheduler: Job 1 finished: csv at NativeMethodAccessorImpl.java:0, took 0.883109 s
[2024-07-23T08:16:49.943+0000] {spark_submit.py:571} INFO - 24/07/23 08:16:49 INFO FileSourceStrategy: Pushed Filters:
[2024-07-23T08:16:49.943+0000] {spark_submit.py:571} INFO - 24/07/23 08:16:49 INFO FileSourceStrategy: Post-Scan Filters:
[2024-07-23T08:16:49.991+0000] {spark_submit.py:571} INFO - 24/07/23 08:16:49 INFO CodeGenerator: Code generated in 5.627708 ms
[2024-07-23T08:16:49.994+0000] {spark_submit.py:571} INFO - 24/07/23 08:16:49 INFO MemoryStore: Block broadcast_4 stored as values in memory (estimated size 199.6 KiB, free 433.7 MiB)
[2024-07-23T08:16:50.000+0000] {spark_submit.py:571} INFO - 24/07/23 08:16:50 INFO BlockManagerInfo: Removed broadcast_3_piece0 on be9a273262f9:45481 in memory (size: 12.8 KiB, free: 434.3 MiB)
[2024-07-23T08:16:50.001+0000] {spark_submit.py:571} INFO - 24/07/23 08:16:50 INFO MemoryStore: Block broadcast_4_piece0 stored as bytes in memory (estimated size 34.3 KiB, free 433.7 MiB)
[2024-07-23T08:16:50.002+0000] {spark_submit.py:571} INFO - 24/07/23 08:16:50 INFO BlockManagerInfo: Removed broadcast_3_piece0 on 172.18.0.7:36701 in memory (size: 12.8 KiB, free: 434.3 MiB)
[2024-07-23T08:16:50.002+0000] {spark_submit.py:571} INFO - 24/07/23 08:16:50 INFO BlockManagerInfo: Added broadcast_4_piece0 in memory on be9a273262f9:45481 (size: 34.3 KiB, free: 434.3 MiB)
[2024-07-23T08:16:50.002+0000] {spark_submit.py:571} INFO - 24/07/23 08:16:50 INFO SparkContext: Created broadcast 4 from count at NativeMethodAccessorImpl.java:0
[2024-07-23T08:16:50.005+0000] {spark_submit.py:571} INFO - 24/07/23 08:16:50 INFO FileSourceScanExec: Planning scan with bin packing, max size: 5368882 bytes, open cost is considered as scanning 4194304 bytes.
[2024-07-23T08:16:50.022+0000] {spark_submit.py:571} INFO - 24/07/23 08:16:50 INFO DAGScheduler: Registering RDD 13 (count at NativeMethodAccessorImpl.java:0) as input to shuffle 0
[2024-07-23T08:16:50.024+0000] {spark_submit.py:571} INFO - 24/07/23 08:16:50 INFO DAGScheduler: Got map stage job 2 (count at NativeMethodAccessorImpl.java:0) with 2 output partitions
[2024-07-23T08:16:50.024+0000] {spark_submit.py:571} INFO - 24/07/23 08:16:50 INFO DAGScheduler: Final stage: ShuffleMapStage 2 (count at NativeMethodAccessorImpl.java:0)
[2024-07-23T08:16:50.025+0000] {spark_submit.py:571} INFO - 24/07/23 08:16:50 INFO DAGScheduler: Parents of final stage: List()
[2024-07-23T08:16:50.025+0000] {spark_submit.py:571} INFO - 24/07/23 08:16:50 INFO DAGScheduler: Missing parents: List()
[2024-07-23T08:16:50.025+0000] {spark_submit.py:571} INFO - 24/07/23 08:16:50 INFO DAGScheduler: Submitting ShuffleMapStage 2 (MapPartitionsRDD[13] at count at NativeMethodAccessorImpl.java:0), which has no missing parents
[2024-07-23T08:16:50.031+0000] {spark_submit.py:571} INFO - 24/07/23 08:16:50 INFO MemoryStore: Block broadcast_5 stored as values in memory (estimated size 18.2 KiB, free 433.7 MiB)
[2024-07-23T08:16:50.035+0000] {spark_submit.py:571} INFO - 24/07/23 08:16:50 INFO MemoryStore: Block broadcast_5_piece0 stored as bytes in memory (estimated size 9.0 KiB, free 433.7 MiB)
[2024-07-23T08:16:50.035+0000] {spark_submit.py:571} INFO - 24/07/23 08:16:50 INFO BlockManagerInfo: Added broadcast_5_piece0 in memory on be9a273262f9:45481 (size: 9.0 KiB, free: 434.3 MiB)
[2024-07-23T08:16:50.036+0000] {spark_submit.py:571} INFO - 24/07/23 08:16:50 INFO SparkContext: Created broadcast 5 from broadcast at DAGScheduler.scala:1585
[2024-07-23T08:16:50.037+0000] {spark_submit.py:571} INFO - 24/07/23 08:16:50 INFO DAGScheduler: Submitting 2 missing tasks from ShuffleMapStage 2 (MapPartitionsRDD[13] at count at NativeMethodAccessorImpl.java:0) (first 15 tasks are for partitions Vector(0, 1))
[2024-07-23T08:16:50.037+0000] {spark_submit.py:571} INFO - 24/07/23 08:16:50 INFO TaskSchedulerImpl: Adding task set 2.0 with 2 tasks resource profile 0
[2024-07-23T08:16:50.038+0000] {spark_submit.py:571} INFO - 24/07/23 08:16:50 INFO TaskSetManager: Starting task 0.0 in stage 2.0 (TID 3) (172.18.0.7, executor 0, partition 0, PROCESS_LOCAL, 8239 bytes)
[2024-07-23T08:16:50.039+0000] {spark_submit.py:571} INFO - 24/07/23 08:16:50 INFO TaskSetManager: Starting task 1.0 in stage 2.0 (TID 4) (172.18.0.7, executor 0, partition 1, PROCESS_LOCAL, 8239 bytes)
[2024-07-23T08:16:50.049+0000] {spark_submit.py:571} INFO - 24/07/23 08:16:50 INFO BlockManagerInfo: Added broadcast_5_piece0 in memory on 172.18.0.7:36701 (size: 9.0 KiB, free: 434.3 MiB)
[2024-07-23T08:16:50.098+0000] {spark_submit.py:571} INFO - 24/07/23 08:16:50 INFO BlockManagerInfo: Added broadcast_4_piece0 in memory on 172.18.0.7:36701 (size: 34.3 KiB, free: 434.3 MiB)
[2024-07-23T08:16:50.181+0000] {spark_submit.py:571} INFO - 24/07/23 08:16:50 INFO TaskSetManager: Finished task 0.0 in stage 2.0 (TID 3) in 143 ms on 172.18.0.7 (executor 0) (1/2)
[2024-07-23T08:16:50.182+0000] {spark_submit.py:571} INFO - 24/07/23 08:16:50 INFO TaskSetManager: Finished task 1.0 in stage 2.0 (TID 4) in 142 ms on 172.18.0.7 (executor 0) (2/2)
[2024-07-23T08:16:50.182+0000] {spark_submit.py:571} INFO - 24/07/23 08:16:50 INFO TaskSchedulerImpl: Removed TaskSet 2.0, whose tasks have all completed, from pool
[2024-07-23T08:16:50.182+0000] {spark_submit.py:571} INFO - 24/07/23 08:16:50 INFO DAGScheduler: ShuffleMapStage 2 (count at NativeMethodAccessorImpl.java:0) finished in 0.155 s
[2024-07-23T08:16:50.182+0000] {spark_submit.py:571} INFO - 24/07/23 08:16:50 INFO DAGScheduler: looking for newly runnable stages
[2024-07-23T08:16:50.183+0000] {spark_submit.py:571} INFO - 24/07/23 08:16:50 INFO DAGScheduler: running: Set()
[2024-07-23T08:16:50.183+0000] {spark_submit.py:571} INFO - 24/07/23 08:16:50 INFO DAGScheduler: waiting: Set()
[2024-07-23T08:16:50.183+0000] {spark_submit.py:571} INFO - 24/07/23 08:16:50 INFO DAGScheduler: failed: Set()
[2024-07-23T08:16:50.203+0000] {spark_submit.py:571} INFO - 24/07/23 08:16:50 INFO CodeGenerator: Code generated in 5.936208 ms
[2024-07-23T08:16:50.217+0000] {spark_submit.py:571} INFO - 24/07/23 08:16:50 INFO SparkContext: Starting job: count at NativeMethodAccessorImpl.java:0
[2024-07-23T08:16:50.221+0000] {spark_submit.py:571} INFO - 24/07/23 08:16:50 INFO DAGScheduler: Got job 3 (count at NativeMethodAccessorImpl.java:0) with 1 output partitions
[2024-07-23T08:16:50.221+0000] {spark_submit.py:571} INFO - 24/07/23 08:16:50 INFO DAGScheduler: Final stage: ResultStage 4 (count at NativeMethodAccessorImpl.java:0)
[2024-07-23T08:16:50.221+0000] {spark_submit.py:571} INFO - 24/07/23 08:16:50 INFO DAGScheduler: Parents of final stage: List(ShuffleMapStage 3)
[2024-07-23T08:16:50.221+0000] {spark_submit.py:571} INFO - 24/07/23 08:16:50 INFO DAGScheduler: Missing parents: List()
[2024-07-23T08:16:50.222+0000] {spark_submit.py:571} INFO - 24/07/23 08:16:50 INFO DAGScheduler: Submitting ResultStage 4 (MapPartitionsRDD[16] at count at NativeMethodAccessorImpl.java:0), which has no missing parents
[2024-07-23T08:16:50.225+0000] {spark_submit.py:571} INFO - 24/07/23 08:16:50 INFO MemoryStore: Block broadcast_6 stored as values in memory (estimated size 12.5 KiB, free 433.7 MiB)
[2024-07-23T08:16:50.228+0000] {spark_submit.py:571} INFO - 24/07/23 08:16:50 INFO MemoryStore: Block broadcast_6_piece0 stored as bytes in memory (estimated size 5.9 KiB, free 433.7 MiB)
[2024-07-23T08:16:50.229+0000] {spark_submit.py:571} INFO - 24/07/23 08:16:50 INFO BlockManagerInfo: Added broadcast_6_piece0 in memory on be9a273262f9:45481 (size: 5.9 KiB, free: 434.3 MiB)
[2024-07-23T08:16:50.229+0000] {spark_submit.py:571} INFO - 24/07/23 08:16:50 INFO BlockManagerInfo: Removed broadcast_5_piece0 on be9a273262f9:45481 in memory (size: 9.0 KiB, free: 434.3 MiB)
[2024-07-23T08:16:50.230+0000] {spark_submit.py:571} INFO - 24/07/23 08:16:50 INFO SparkContext: Created broadcast 6 from broadcast at DAGScheduler.scala:1585
[2024-07-23T08:16:50.230+0000] {spark_submit.py:571} INFO - 24/07/23 08:16:50 INFO DAGScheduler: Submitting 1 missing tasks from ResultStage 4 (MapPartitionsRDD[16] at count at NativeMethodAccessorImpl.java:0) (first 15 tasks are for partitions Vector(0))
[2024-07-23T08:16:50.230+0000] {spark_submit.py:571} INFO - 24/07/23 08:16:50 INFO TaskSchedulerImpl: Adding task set 4.0 with 1 tasks resource profile 0
[2024-07-23T08:16:50.233+0000] {spark_submit.py:571} INFO - 24/07/23 08:16:50 INFO TaskSetManager: Starting task 0.0 in stage 4.0 (TID 5) (172.18.0.7, executor 0, partition 0, NODE_LOCAL, 7619 bytes)
[2024-07-23T08:16:50.234+0000] {spark_submit.py:571} INFO - 24/07/23 08:16:50 INFO BlockManagerInfo: Removed broadcast_5_piece0 on 172.18.0.7:36701 in memory (size: 9.0 KiB, free: 434.3 MiB)
[2024-07-23T08:16:50.245+0000] {spark_submit.py:571} INFO - 24/07/23 08:16:50 INFO BlockManagerInfo: Added broadcast_6_piece0 in memory on 172.18.0.7:36701 (size: 5.9 KiB, free: 434.3 MiB)
[2024-07-23T08:16:50.254+0000] {spark_submit.py:571} INFO - 24/07/23 08:16:50 INFO MapOutputTrackerMasterEndpoint: Asked to send map output locations for shuffle 0 to 172.18.0.7:55432
[2024-07-23T08:16:50.308+0000] {spark_submit.py:571} INFO - 24/07/23 08:16:50 INFO TaskSetManager: Finished task 0.0 in stage 4.0 (TID 5) in 76 ms on 172.18.0.7 (executor 0) (1/1)
[2024-07-23T08:16:50.309+0000] {spark_submit.py:571} INFO - 24/07/23 08:16:50 INFO TaskSchedulerImpl: Removed TaskSet 4.0, whose tasks have all completed, from pool
[2024-07-23T08:16:50.310+0000] {spark_submit.py:571} INFO - 24/07/23 08:16:50 INFO DAGScheduler: ResultStage 4 (count at NativeMethodAccessorImpl.java:0) finished in 0.085 s
[2024-07-23T08:16:50.310+0000] {spark_submit.py:571} INFO - 24/07/23 08:16:50 INFO DAGScheduler: Job 3 is finished. Cancelling potential speculative or zombie tasks for this job
[2024-07-23T08:16:50.310+0000] {spark_submit.py:571} INFO - 24/07/23 08:16:50 INFO TaskSchedulerImpl: Killing all running tasks in stage 4: Stage finished
[2024-07-23T08:16:50.311+0000] {spark_submit.py:571} INFO - 24/07/23 08:16:50 INFO DAGScheduler: Job 3 finished: count at NativeMethodAccessorImpl.java:0, took 0.092935 s
[2024-07-23T08:16:50.314+0000] {spark_submit.py:571} INFO - Numer of rows 53943
[2024-07-23T08:16:50.315+0000] {spark_submit.py:571} INFO - 24/07/23 08:16:50 INFO SparkContext: SparkContext is stopping with exitCode 0.
[2024-07-23T08:16:50.319+0000] {spark_submit.py:571} INFO - 24/07/23 08:16:50 INFO SparkUI: Stopped Spark web UI at http://be9a273262f9:4040
[2024-07-23T08:16:50.320+0000] {spark_submit.py:571} INFO - 24/07/23 08:16:50 INFO StandaloneSchedulerBackend: Shutting down all executors
[2024-07-23T08:16:50.321+0000] {spark_submit.py:571} INFO - 24/07/23 08:16:50 INFO StandaloneSchedulerBackend$StandaloneDriverEndpoint: Asking each executor to shut down
[2024-07-23T08:16:50.331+0000] {spark_submit.py:571} INFO - 24/07/23 08:16:50 INFO MapOutputTrackerMasterEndpoint: MapOutputTrackerMasterEndpoint stopped!
[2024-07-23T08:16:50.340+0000] {spark_submit.py:571} INFO - 24/07/23 08:16:50 INFO MemoryStore: MemoryStore cleared
[2024-07-23T08:16:50.341+0000] {spark_submit.py:571} INFO - 24/07/23 08:16:50 INFO BlockManager: BlockManager stopped
[2024-07-23T08:16:50.342+0000] {spark_submit.py:571} INFO - 24/07/23 08:16:50 INFO BlockManagerMaster: BlockManagerMaster stopped
[2024-07-23T08:16:50.343+0000] {spark_submit.py:571} INFO - 24/07/23 08:16:50 INFO OutputCommitCoordinator$OutputCommitCoordinatorEndpoint: OutputCommitCoordinator stopped!
[2024-07-23T08:16:50.350+0000] {spark_submit.py:571} INFO - 24/07/23 08:16:50 INFO SparkContext: Successfully stopped SparkContext
[2024-07-23T08:16:50.490+0000] {spark_submit.py:571} INFO - 24/07/23 08:16:50 INFO ShutdownHookManager: Shutdown hook called
[2024-07-23T08:16:50.491+0000] {spark_submit.py:571} INFO - 24/07/23 08:16:50 INFO ShutdownHookManager: Deleting directory /tmp/spark-6f3f6f1a-dc20-4941-b13e-6d6627a417fd
[2024-07-23T08:16:50.493+0000] {spark_submit.py:571} INFO - 24/07/23 08:16:50 INFO ShutdownHookManager: Deleting directory /tmp/spark-6780ae0a-26e6-4f35-ad1e-1595c702a664/pyspark-f56e9b74-af03-4971-aa39-bae0cda86bad
[2024-07-23T08:16:50.495+0000] {spark_submit.py:571} INFO - 24/07/23 08:16:50 INFO ShutdownHookManager: Deleting directory /tmp/spark-6780ae0a-26e6-4f35-ad1e-1595c702a664
[2024-07-23T08:16:50.523+0000] {taskinstance.py:441} INFO - ::group::Post task execution logs
[2024-07-23T08:16:50.535+0000] {taskinstance.py:1206} INFO - Marking task as SUCCESS. dag_id=count_accidents, task_id=spark_count_number_of_accidents, run_id=manual__2024-07-23T08:16:41.415607+00:00, execution_date=20240723T081641, start_date=20240723T081643, end_date=20240723T081650
[2024-07-23T08:16:50.555+0000] {local_task_job_runner.py:240} INFO - Task exited with return code 0
[2024-07-23T08:16:50.569+0000] {taskinstance.py:3503} INFO - 0 downstream tasks scheduled from follow-on schedule check
[2024-07-23T08:16:50.570+0000] {local_task_job_runner.py:222} INFO - ::endgroup::
