[2024-07-19T11:44:45.159+0000] {local_task_job_runner.py:120} INFO - ::group::Pre task execution logs
[2024-07-19T11:44:45.177+0000] {taskinstance.py:2076} INFO - Dependencies all met for dep_context=non-requeueable deps ti=<TaskInstance: trigger_dag.process_results.wait_for_dag manual__2024-07-19T11:43:39.979350+00:00 [queued]>
[2024-07-19T11:44:45.182+0000] {taskinstance.py:2076} INFO - Dependencies all met for dep_context=requeueable deps ti=<TaskInstance: trigger_dag.process_results.wait_for_dag manual__2024-07-19T11:43:39.979350+00:00 [queued]>
[2024-07-19T11:44:45.183+0000] {taskinstance.py:2306} INFO - Starting attempt 1 of 1
[2024-07-19T11:44:45.192+0000] {taskinstance.py:2330} INFO - Executing <Task(ExternalTaskSensor): process_results.wait_for_dag> on 2024-07-19 11:43:39.979350+00:00
[2024-07-19T11:44:45.196+0000] {warnings.py:112} WARNING - /home/airflow/.local/lib/python3.12/site-packages/airflow/task/task_runner/standard_task_runner.py:61: DeprecationWarning: This process (pid=636) is multi-threaded, use of fork() may lead to deadlocks in the child.
  pid = os.fork()

[2024-07-19T11:44:45.197+0000] {standard_task_runner.py:63} INFO - Started process 640 to run task
[2024-07-19T11:44:45.197+0000] {standard_task_runner.py:90} INFO - Running: ['airflow', 'tasks', 'run', 'trigger_dag', 'process_results.wait_for_dag', 'manual__2024-07-19T11:43:39.979350+00:00', '--job-id', '1599', '--raw', '--subdir', 'DAGS_FOLDER/trigger_dag.py', '--cfg-path', '/tmp/tmp7ly1epqh']
[2024-07-19T11:44:45.205+0000] {standard_task_runner.py:91} INFO - Job 1599: Subtask process_results.wait_for_dag
[2024-07-19T11:44:45.293+0000] {task_command.py:426} INFO - Running <TaskInstance: trigger_dag.process_results.wait_for_dag manual__2024-07-19T11:43:39.979350+00:00 [running]> on host b6c6b8dd133d
[2024-07-19T11:44:45.376+0000] {taskinstance.py:2648} INFO - Exporting env vars: AIRFLOW_CTX_DAG_OWNER='airflow' AIRFLOW_CTX_DAG_ID='trigger_dag' AIRFLOW_CTX_TASK_ID='process_results.wait_for_dag' AIRFLOW_CTX_EXECUTION_DATE='2024-07-19T11:43:39.979350+00:00' AIRFLOW_CTX_TRY_NUMBER='1' AIRFLOW_CTX_DAG_RUN_ID='manual__2024-07-19T11:43:39.979350+00:00'
[2024-07-19T11:44:45.377+0000] {taskinstance.py:430} INFO - ::endgroup::
[2024-07-19T11:44:45.378+0000] {baseoperator.py:400} WARNING - ExternalTaskSensor.execute cannot be called outside TaskInstance!
[2024-07-19T11:44:45.400+0000] {external_task.py:258} INFO - Poking for tasks ['query_table'] in dag dag_id_3 on 2024-07-19T11:44:43.189387+00:00 ... 
[2024-07-19T11:44:45.401+0000] {warnings.py:112} WARNING - /home/airflow/.local/lib/python3.12/site-packages/airflow/utils/session.py:79: DeprecationWarning: This method is deprecated and will be removed in future.
  return func(*args, session=session, **kwargs)

[2024-07-19T11:44:45.413+0000] {taskinstance.py:441} INFO - ::group::Post task execution logs
[2024-07-19T11:44:45.432+0000] {taskinstance.py:2865} INFO - Rescheduling task, marking task as UP_FOR_RESCHEDULE
[2024-07-19T11:44:45.463+0000] {local_task_job_runner.py:240} INFO - Task exited with return code 0
[2024-07-19T11:44:45.484+0000] {taskinstance.py:3503} INFO - 0 downstream tasks scheduled from follow-on schedule check
[2024-07-19T11:44:45.485+0000] {local_task_job_runner.py:222} INFO - ::endgroup::
[2024-07-19T11:45:46.577+0000] {local_task_job_runner.py:120} INFO - ::group::Pre task execution logs
[2024-07-19T11:45:46.604+0000] {taskinstance.py:2076} INFO - Dependencies all met for dep_context=non-requeueable deps ti=<TaskInstance: trigger_dag.process_results.wait_for_dag manual__2024-07-19T11:43:39.979350+00:00 [queued]>
[2024-07-19T11:45:46.611+0000] {taskinstance.py:2076} INFO - Dependencies all met for dep_context=requeueable deps ti=<TaskInstance: trigger_dag.process_results.wait_for_dag manual__2024-07-19T11:43:39.979350+00:00 [queued]>
[2024-07-19T11:45:46.611+0000] {taskinstance.py:2306} INFO - Starting attempt 1 of 1
[2024-07-19T11:45:46.622+0000] {taskinstance.py:2330} INFO - Executing <Task(ExternalTaskSensor): process_results.wait_for_dag> on 2024-07-19 11:43:39.979350+00:00
[2024-07-19T11:45:46.628+0000] {warnings.py:112} WARNING - /home/airflow/.local/lib/python3.12/site-packages/airflow/task/task_runner/standard_task_runner.py:61: DeprecationWarning: This process (pid=654) is multi-threaded, use of fork() may lead to deadlocks in the child.
  pid = os.fork()

[2024-07-19T11:45:46.629+0000] {standard_task_runner.py:63} INFO - Started process 662 to run task
[2024-07-19T11:45:46.629+0000] {standard_task_runner.py:90} INFO - Running: ['airflow', 'tasks', 'run', 'trigger_dag', 'process_results.wait_for_dag', 'manual__2024-07-19T11:43:39.979350+00:00', '--job-id', '1602', '--raw', '--subdir', 'DAGS_FOLDER/trigger_dag.py', '--cfg-path', '/tmp/tmp_h2ymd0e']
[2024-07-19T11:45:46.632+0000] {standard_task_runner.py:91} INFO - Job 1602: Subtask process_results.wait_for_dag
[2024-07-19T11:45:46.689+0000] {task_command.py:426} INFO - Running <TaskInstance: trigger_dag.process_results.wait_for_dag manual__2024-07-19T11:43:39.979350+00:00 [running]> on host b6c6b8dd133d
[2024-07-19T11:45:46.776+0000] {taskinstance.py:2648} INFO - Exporting env vars: AIRFLOW_CTX_DAG_OWNER='airflow' AIRFLOW_CTX_DAG_ID='trigger_dag' AIRFLOW_CTX_TASK_ID='process_results.wait_for_dag' AIRFLOW_CTX_EXECUTION_DATE='2024-07-19T11:43:39.979350+00:00' AIRFLOW_CTX_TRY_NUMBER='1' AIRFLOW_CTX_DAG_RUN_ID='manual__2024-07-19T11:43:39.979350+00:00'
[2024-07-19T11:45:46.778+0000] {taskinstance.py:430} INFO - ::endgroup::
[2024-07-19T11:45:46.778+0000] {baseoperator.py:400} WARNING - ExternalTaskSensor.execute cannot be called outside TaskInstance!
[2024-07-19T11:45:46.813+0000] {external_task.py:258} INFO - Poking for tasks ['query_table'] in dag dag_id_3 on 2024-07-19T11:44:43.189387+00:00 ... 
[2024-07-19T11:45:46.814+0000] {warnings.py:112} WARNING - /home/airflow/.local/lib/python3.12/site-packages/airflow/utils/session.py:79: DeprecationWarning: This method is deprecated and will be removed in future.
  return func(*args, session=session, **kwargs)

[2024-07-19T11:45:46.834+0000] {base.py:294} INFO - Success criteria met. Exiting.
[2024-07-19T11:45:46.834+0000] {taskinstance.py:441} INFO - ::group::Post task execution logs
[2024-07-19T11:45:46.847+0000] {taskinstance.py:1206} INFO - Marking task as SUCCESS. dag_id=trigger_dag, task_id=process_results.wait_for_dag, run_id=manual__2024-07-19T11:43:39.979350+00:00, execution_date=20240719T114339, start_date=20240719T114546, end_date=20240719T114546
[2024-07-19T11:45:46.892+0000] {local_task_job_runner.py:240} INFO - Task exited with return code 0
[2024-07-19T11:45:46.916+0000] {taskinstance.py:3503} INFO - 1 downstream tasks scheduled from follow-on schedule check
[2024-07-19T11:45:46.918+0000] {local_task_job_runner.py:222} INFO - ::endgroup::
