[2024-07-16T10:28:39.356+0000] {local_task_job_runner.py:120} INFO - ::group::Pre task execution logs
[2024-07-16T10:28:39.372+0000] {taskinstance.py:2076} INFO - Dependencies all met for dep_context=non-requeueable deps ti=<TaskInstance: slack_dag.slack manual__2024-07-16T10:28:38.003728+00:00 [queued]>
[2024-07-16T10:28:39.376+0000] {taskinstance.py:2076} INFO - Dependencies all met for dep_context=requeueable deps ti=<TaskInstance: slack_dag.slack manual__2024-07-16T10:28:38.003728+00:00 [queued]>
[2024-07-16T10:28:39.376+0000] {taskinstance.py:2306} INFO - Starting attempt 1 of 1
[2024-07-16T10:28:39.383+0000] {taskinstance.py:2330} INFO - Executing <Task(SlackWebhookOperator): slack> on 2024-07-16 10:28:38.003728+00:00
[2024-07-16T10:28:39.386+0000] {warnings.py:112} WARNING - /home/airflow/.local/lib/python3.12/site-packages/airflow/task/task_runner/standard_task_runner.py:61: DeprecationWarning: This process (pid=470) is multi-threaded, use of fork() may lead to deadlocks in the child.
  pid = os.fork()

[2024-07-16T10:28:39.387+0000] {standard_task_runner.py:63} INFO - Started process 472 to run task
[2024-07-16T10:28:39.388+0000] {standard_task_runner.py:90} INFO - Running: ['airflow', 'tasks', 'run', 'slack_dag', 'slack', 'manual__2024-07-16T10:28:38.003728+00:00', '--job-id', '1542', '--raw', '--subdir', 'DAGS_FOLDER/slack.py', '--cfg-path', '/tmp/tmp1du2apd5']
[2024-07-16T10:28:39.389+0000] {standard_task_runner.py:91} INFO - Job 1542: Subtask slack
[2024-07-16T10:28:39.426+0000] {task_command.py:426} INFO - Running <TaskInstance: slack_dag.slack manual__2024-07-16T10:28:38.003728+00:00 [running]> on host a1689f3248db
[2024-07-16T10:28:39.492+0000] {taskinstance.py:2648} INFO - Exporting env vars: AIRFLOW_CTX_DAG_OWNER='airflow' AIRFLOW_CTX_DAG_ID='slack_dag' AIRFLOW_CTX_TASK_ID='slack' AIRFLOW_CTX_EXECUTION_DATE='2024-07-16T10:28:38.003728+00:00' AIRFLOW_CTX_TRY_NUMBER='1' AIRFLOW_CTX_DAG_RUN_ID='manual__2024-07-16T10:28:38.003728+00:00'
[2024-07-16T10:28:39.493+0000] {taskinstance.py:430} INFO - ::endgroup::
[2024-07-16T10:28:39.494+0000] {warnings.py:112} WARNING - /home/airflow/.local/lib/python3.12/site-packages/airflow/providers/slack/hooks/slack_webhook.py:42: UserWarning: You cannot override the default channel (chosen by the user who installed your app), username, or icon when you're using Incoming Webhooks to post messages. Instead, these values will always inherit from the associated Slack app configuration. See: https://api.slack.com/messaging/webhooks#advanced_message_formatting. It is possible to change this values only in Legacy Slack Integration Incoming Webhook: https://api.slack.com/legacy/custom-integrations/messaging/webhooks#legacy-customizations
  resp = func(*args, **kwargs)

[2024-07-16T10:28:39.506+0000] {base.py:84} INFO - Using connection ID 'slack_conn' for task execution.
[2024-07-16T10:28:39.863+0000] {taskinstance.py:441} INFO - ::group::Post task execution logs
[2024-07-16T10:28:39.875+0000] {taskinstance.py:1206} INFO - Marking task as SUCCESS. dag_id=slack_dag, task_id=slack, run_id=manual__2024-07-16T10:28:38.003728+00:00, execution_date=20240716T102838, start_date=20240716T102839, end_date=20240716T102839
[2024-07-16T10:28:39.921+0000] {local_task_job_runner.py:240} INFO - Task exited with return code 0
[2024-07-16T10:28:39.938+0000] {taskinstance.py:3503} INFO - 0 downstream tasks scheduled from follow-on schedule check
[2024-07-16T10:28:39.939+0000] {local_task_job_runner.py:222} INFO - ::endgroup::
