[2024-07-23T07:55:59.265+0000] {local_task_job_runner.py:120} INFO - ::group::Pre task execution logs
[2024-07-23T07:55:59.281+0000] {taskinstance.py:2076} INFO - Dependencies all met for dep_context=non-requeueable deps ti=<TaskInstance: count_accidents.spark_count_number_of_accidents manual__2024-07-23T07:55:57.894102+00:00 [queued]>
[2024-07-23T07:55:59.285+0000] {taskinstance.py:2076} INFO - Dependencies all met for dep_context=requeueable deps ti=<TaskInstance: count_accidents.spark_count_number_of_accidents manual__2024-07-23T07:55:57.894102+00:00 [queued]>
[2024-07-23T07:55:59.285+0000] {taskinstance.py:2306} INFO - Starting attempt 1 of 1
[2024-07-23T07:55:59.292+0000] {taskinstance.py:2330} INFO - Executing <Task(SparkSubmitOperator): spark_count_number_of_accidents> on 2024-07-23 07:55:57.894102+00:00
[2024-07-23T07:55:59.298+0000] {warnings.py:112} WARNING - /home/airflow/.local/lib/python3.12/site-packages/airflow/task/task_runner/standard_task_runner.py:61: DeprecationWarning: This process (pid=486) is multi-threaded, use of fork() may lead to deadlocks in the child.
  pid = os.fork()

[2024-07-23T07:55:59.299+0000] {standard_task_runner.py:63} INFO - Started process 488 to run task
[2024-07-23T07:55:59.299+0000] {standard_task_runner.py:90} INFO - Running: ['airflow', 'tasks', 'run', 'count_accidents', 'spark_count_number_of_accidents', 'manual__2024-07-23T07:55:57.894102+00:00', '--job-id', '1846', '--raw', '--subdir', 'DAGS_FOLDER/count_accidents.py', '--cfg-path', '/tmp/tmput9hnwes']
[2024-07-23T07:55:59.301+0000] {standard_task_runner.py:91} INFO - Job 1846: Subtask spark_count_number_of_accidents
[2024-07-23T07:55:59.343+0000] {task_command.py:426} INFO - Running <TaskInstance: count_accidents.spark_count_number_of_accidents manual__2024-07-23T07:55:57.894102+00:00 [running]> on host 0639d119af41
[2024-07-23T07:55:59.416+0000] {taskinstance.py:2648} INFO - Exporting env vars: AIRFLOW_CTX_DAG_OWNER='airflow' AIRFLOW_CTX_DAG_ID='count_accidents' AIRFLOW_CTX_TASK_ID='spark_count_number_of_accidents' AIRFLOW_CTX_EXECUTION_DATE='2024-07-23T07:55:57.894102+00:00' AIRFLOW_CTX_TRY_NUMBER='1' AIRFLOW_CTX_DAG_RUN_ID='manual__2024-07-23T07:55:57.894102+00:00'
[2024-07-23T07:55:59.418+0000] {taskinstance.py:430} INFO - ::endgroup::
[2024-07-23T07:55:59.427+0000] {base.py:84} INFO - Using connection ID 'spark' for task execution.
[2024-07-23T07:55:59.428+0000] {spark_submit.py:401} INFO - Spark-Submit cmd: spark-submit --master spark://localhost:7077 --name arrow-spark --deploy-mode client /opt/airflow/spark/count_rows.py
[2024-07-23T07:56:00.942+0000] {spark_submit.py:571} INFO - 24/07/23 07:56:00 INFO SparkContext: Running Spark version 3.5.1
[2024-07-23T07:56:00.943+0000] {spark_submit.py:571} INFO - 24/07/23 07:56:00 INFO SparkContext: OS info Linux, 6.6.32-linuxkit, aarch64
[2024-07-23T07:56:00.943+0000] {spark_submit.py:571} INFO - 24/07/23 07:56:00 INFO SparkContext: Java version 17.0.11
[2024-07-23T07:56:00.969+0000] {spark_submit.py:571} INFO - 24/07/23 07:56:00 WARN NativeCodeLoader: Unable to load native-hadoop library for your platform... using builtin-java classes where applicable
[2024-07-23T07:56:01.006+0000] {spark_submit.py:571} INFO - 24/07/23 07:56:01 INFO ResourceUtils: ==============================================================
[2024-07-23T07:56:01.007+0000] {spark_submit.py:571} INFO - 24/07/23 07:56:01 INFO ResourceUtils: No custom resources configured for spark.driver.
[2024-07-23T07:56:01.007+0000] {spark_submit.py:571} INFO - 24/07/23 07:56:01 INFO ResourceUtils: ==============================================================
[2024-07-23T07:56:01.007+0000] {spark_submit.py:571} INFO - 24/07/23 07:56:01 INFO SparkContext: Submitted application: CountAccidents
[2024-07-23T07:56:01.017+0000] {spark_submit.py:571} INFO - 24/07/23 07:56:01 INFO ResourceProfile: Default ResourceProfile created, executor resources: Map(memory -> name: memory, amount: 1024, script: , vendor: , offHeap -> name: offHeap, amount: 0, script: , vendor: ), task resources: Map(cpus -> name: cpus, amount: 1.0)
[2024-07-23T07:56:01.021+0000] {spark_submit.py:571} INFO - 24/07/23 07:56:01 INFO ResourceProfile: Limiting resource is cpu
[2024-07-23T07:56:01.021+0000] {spark_submit.py:571} INFO - 24/07/23 07:56:01 INFO ResourceProfileManager: Added ResourceProfile id: 0
[2024-07-23T07:56:01.046+0000] {spark_submit.py:571} INFO - 24/07/23 07:56:01 INFO SecurityManager: Changing view acls to: default
[2024-07-23T07:56:01.046+0000] {spark_submit.py:571} INFO - 24/07/23 07:56:01 INFO SecurityManager: Changing modify acls to: default
[2024-07-23T07:56:01.047+0000] {spark_submit.py:571} INFO - 24/07/23 07:56:01 INFO SecurityManager: Changing view acls groups to:
[2024-07-23T07:56:01.047+0000] {spark_submit.py:571} INFO - 24/07/23 07:56:01 INFO SecurityManager: Changing modify acls groups to:
[2024-07-23T07:56:01.047+0000] {spark_submit.py:571} INFO - 24/07/23 07:56:01 INFO SecurityManager: SecurityManager: authentication disabled; ui acls disabled; users with view permissions: default; groups with view permissions: EMPTY; users with modify permissions: default; groups with modify permissions: EMPTY
[2024-07-23T07:56:01.166+0000] {spark_submit.py:571} INFO - 24/07/23 07:56:01 INFO Utils: Successfully started service 'sparkDriver' on port 38383.
[2024-07-23T07:56:01.180+0000] {spark_submit.py:571} INFO - 24/07/23 07:56:01 INFO SparkEnv: Registering MapOutputTracker
[2024-07-23T07:56:01.196+0000] {spark_submit.py:571} INFO - 24/07/23 07:56:01 INFO SparkEnv: Registering BlockManagerMaster
[2024-07-23T07:56:01.204+0000] {spark_submit.py:571} INFO - 24/07/23 07:56:01 INFO BlockManagerMasterEndpoint: Using org.apache.spark.storage.DefaultTopologyMapper for getting topology information
[2024-07-23T07:56:01.204+0000] {spark_submit.py:571} INFO - 24/07/23 07:56:01 INFO BlockManagerMasterEndpoint: BlockManagerMasterEndpoint up
[2024-07-23T07:56:01.206+0000] {spark_submit.py:571} INFO - 24/07/23 07:56:01 INFO SparkEnv: Registering BlockManagerMasterHeartbeat
[2024-07-23T07:56:01.217+0000] {spark_submit.py:571} INFO - 24/07/23 07:56:01 INFO DiskBlockManager: Created local directory at /tmp/blockmgr-baa66c4a-4b59-4f39-9070-f3ffe1208d53
[2024-07-23T07:56:01.223+0000] {spark_submit.py:571} INFO - 24/07/23 07:56:01 INFO MemoryStore: MemoryStore started with capacity 434.4 MiB
[2024-07-23T07:56:01.231+0000] {spark_submit.py:571} INFO - 24/07/23 07:56:01 INFO SparkEnv: Registering OutputCommitCoordinator
[2024-07-23T07:56:01.296+0000] {spark_submit.py:571} INFO - 24/07/23 07:56:01 INFO JettyUtils: Start Jetty 0.0.0.0:4040 for SparkUI
[2024-07-23T07:56:01.336+0000] {spark_submit.py:571} INFO - 24/07/23 07:56:01 INFO Utils: Successfully started service 'SparkUI' on port 4040.
[2024-07-23T07:56:01.409+0000] {spark_submit.py:571} INFO - 24/07/23 07:56:01 INFO StandaloneAppClient$ClientEndpoint: Connecting to master spark://localhost:7077...
[2024-07-23T07:56:01.434+0000] {spark_submit.py:571} INFO - 24/07/23 07:56:01 WARN StandaloneAppClient$ClientEndpoint: Failed to connect to master localhost:7077
[2024-07-23T07:56:01.435+0000] {spark_submit.py:571} INFO - org.apache.spark.SparkException: Exception thrown in awaitResult:
[2024-07-23T07:56:01.435+0000] {spark_submit.py:571} INFO - at org.apache.spark.util.SparkThreadUtils$.awaitResult(SparkThreadUtils.scala:56)
[2024-07-23T07:56:01.435+0000] {spark_submit.py:571} INFO - at org.apache.spark.util.ThreadUtils$.awaitResult(ThreadUtils.scala:310)
[2024-07-23T07:56:01.435+0000] {spark_submit.py:571} INFO - at org.apache.spark.rpc.RpcTimeout.awaitResult(RpcTimeout.scala:75)
[2024-07-23T07:56:01.435+0000] {spark_submit.py:571} INFO - at org.apache.spark.rpc.RpcEnv.setupEndpointRefByURI(RpcEnv.scala:102)
[2024-07-23T07:56:01.436+0000] {spark_submit.py:571} INFO - at org.apache.spark.rpc.RpcEnv.setupEndpointRef(RpcEnv.scala:110)
[2024-07-23T07:56:01.436+0000] {spark_submit.py:571} INFO - at org.apache.spark.deploy.client.StandaloneAppClient$ClientEndpoint$$anon$1.run(StandaloneAppClient.scala:108)
[2024-07-23T07:56:01.436+0000] {spark_submit.py:571} INFO - at java.base/java.util.concurrent.Executors$RunnableAdapter.call(Executors.java:539)
[2024-07-23T07:56:01.436+0000] {spark_submit.py:571} INFO - at java.base/java.util.concurrent.FutureTask.run(FutureTask.java:264)
[2024-07-23T07:56:01.436+0000] {spark_submit.py:571} INFO - at java.base/java.util.concurrent.ThreadPoolExecutor.runWorker(ThreadPoolExecutor.java:1136)
[2024-07-23T07:56:01.436+0000] {spark_submit.py:571} INFO - at java.base/java.util.concurrent.ThreadPoolExecutor$Worker.run(ThreadPoolExecutor.java:635)
[2024-07-23T07:56:01.436+0000] {spark_submit.py:571} INFO - at java.base/java.lang.Thread.run(Thread.java:840)
[2024-07-23T07:56:01.436+0000] {spark_submit.py:571} INFO - Caused by: java.io.IOException: Failed to connect to localhost/127.0.0.1:7077
[2024-07-23T07:56:01.437+0000] {spark_submit.py:571} INFO - at org.apache.spark.network.client.TransportClientFactory.createClient(TransportClientFactory.java:294)
[2024-07-23T07:56:01.437+0000] {spark_submit.py:571} INFO - at org.apache.spark.network.client.TransportClientFactory.createClient(TransportClientFactory.java:214)
[2024-07-23T07:56:01.437+0000] {spark_submit.py:571} INFO - at org.apache.spark.network.client.TransportClientFactory.createClient(TransportClientFactory.java:226)
[2024-07-23T07:56:01.437+0000] {spark_submit.py:571} INFO - at org.apache.spark.rpc.netty.NettyRpcEnv.createClient(NettyRpcEnv.scala:204)
[2024-07-23T07:56:01.437+0000] {spark_submit.py:571} INFO - at org.apache.spark.rpc.netty.Outbox$$anon$1.call(Outbox.scala:202)
[2024-07-23T07:56:01.437+0000] {spark_submit.py:571} INFO - at org.apache.spark.rpc.netty.Outbox$$anon$1.call(Outbox.scala:198)
[2024-07-23T07:56:01.437+0000] {spark_submit.py:571} INFO - ... 4 more
[2024-07-23T07:56:01.437+0000] {spark_submit.py:571} INFO - Caused by: io.netty.channel.AbstractChannel$AnnotatedConnectException: Connection refused: localhost/127.0.0.1:7077
[2024-07-23T07:56:01.437+0000] {spark_submit.py:571} INFO - Caused by: java.net.ConnectException: Connection refused
[2024-07-23T07:56:01.438+0000] {spark_submit.py:571} INFO - at java.base/sun.nio.ch.Net.pollConnect(Native Method)
[2024-07-23T07:56:01.438+0000] {spark_submit.py:571} INFO - at java.base/sun.nio.ch.Net.pollConnectNow(Net.java:672)
[2024-07-23T07:56:01.438+0000] {spark_submit.py:571} INFO - at java.base/sun.nio.ch.SocketChannelImpl.finishConnect(SocketChannelImpl.java:946)
[2024-07-23T07:56:01.438+0000] {spark_submit.py:571} INFO - at io.netty.channel.socket.nio.NioSocketChannel.doFinishConnect(NioSocketChannel.java:337)
[2024-07-23T07:56:01.438+0000] {spark_submit.py:571} INFO - at io.netty.channel.nio.AbstractNioChannel$AbstractNioUnsafe.finishConnect(AbstractNioChannel.java:334)
[2024-07-23T07:56:01.438+0000] {spark_submit.py:571} INFO - at io.netty.channel.nio.NioEventLoop.processSelectedKey(NioEventLoop.java:776)
[2024-07-23T07:56:01.438+0000] {spark_submit.py:571} INFO - at io.netty.channel.nio.NioEventLoop.processSelectedKeysOptimized(NioEventLoop.java:724)
[2024-07-23T07:56:01.438+0000] {spark_submit.py:571} INFO - at io.netty.channel.nio.NioEventLoop.processSelectedKeys(NioEventLoop.java:650)
[2024-07-23T07:56:01.439+0000] {spark_submit.py:571} INFO - at io.netty.channel.nio.NioEventLoop.run(NioEventLoop.java:562)
[2024-07-23T07:56:01.439+0000] {spark_submit.py:571} INFO - at io.netty.util.concurrent.SingleThreadEventExecutor$4.run(SingleThreadEventExecutor.java:997)
[2024-07-23T07:56:01.439+0000] {spark_submit.py:571} INFO - at io.netty.util.internal.ThreadExecutorMap$2.run(ThreadExecutorMap.java:74)
[2024-07-23T07:56:01.439+0000] {spark_submit.py:571} INFO - at io.netty.util.concurrent.FastThreadLocalRunnable.run(FastThreadLocalRunnable.java:30)
[2024-07-23T07:56:01.439+0000] {spark_submit.py:571} INFO - at java.base/java.lang.Thread.run(Thread.java:840)
[2024-07-23T07:56:21.412+0000] {spark_submit.py:571} INFO - 24/07/23 07:56:21 INFO StandaloneAppClient$ClientEndpoint: Connecting to master spark://localhost:7077...
[2024-07-23T07:56:21.415+0000] {spark_submit.py:571} INFO - 24/07/23 07:56:21 WARN StandaloneAppClient$ClientEndpoint: Failed to connect to master localhost:7077
[2024-07-23T07:56:21.416+0000] {spark_submit.py:571} INFO - org.apache.spark.SparkException: Exception thrown in awaitResult:
[2024-07-23T07:56:21.416+0000] {spark_submit.py:571} INFO - at org.apache.spark.util.SparkThreadUtils$.awaitResult(SparkThreadUtils.scala:56)
[2024-07-23T07:56:21.416+0000] {spark_submit.py:571} INFO - at org.apache.spark.util.ThreadUtils$.awaitResult(ThreadUtils.scala:310)
[2024-07-23T07:56:21.416+0000] {spark_submit.py:571} INFO - at org.apache.spark.rpc.RpcTimeout.awaitResult(RpcTimeout.scala:75)
[2024-07-23T07:56:21.417+0000] {spark_submit.py:571} INFO - at org.apache.spark.rpc.RpcEnv.setupEndpointRefByURI(RpcEnv.scala:102)
[2024-07-23T07:56:21.417+0000] {spark_submit.py:571} INFO - at org.apache.spark.rpc.RpcEnv.setupEndpointRef(RpcEnv.scala:110)
[2024-07-23T07:56:21.417+0000] {spark_submit.py:571} INFO - at org.apache.spark.deploy.client.StandaloneAppClient$ClientEndpoint$$anon$1.run(StandaloneAppClient.scala:108)
[2024-07-23T07:56:21.417+0000] {spark_submit.py:571} INFO - at java.base/java.util.concurrent.Executors$RunnableAdapter.call(Executors.java:539)
[2024-07-23T07:56:21.418+0000] {spark_submit.py:571} INFO - at java.base/java.util.concurrent.FutureTask.run(FutureTask.java:264)
[2024-07-23T07:56:21.418+0000] {spark_submit.py:571} INFO - at java.base/java.util.concurrent.ThreadPoolExecutor.runWorker(ThreadPoolExecutor.java:1136)
[2024-07-23T07:56:21.418+0000] {spark_submit.py:571} INFO - at java.base/java.util.concurrent.ThreadPoolExecutor$Worker.run(ThreadPoolExecutor.java:635)
[2024-07-23T07:56:21.418+0000] {spark_submit.py:571} INFO - at java.base/java.lang.Thread.run(Thread.java:840)
[2024-07-23T07:56:21.418+0000] {spark_submit.py:571} INFO - Caused by: java.io.IOException: Failed to connect to localhost/127.0.0.1:7077
[2024-07-23T07:56:21.418+0000] {spark_submit.py:571} INFO - at org.apache.spark.network.client.TransportClientFactory.createClient(TransportClientFactory.java:294)
[2024-07-23T07:56:21.419+0000] {spark_submit.py:571} INFO - at org.apache.spark.network.client.TransportClientFactory.createClient(TransportClientFactory.java:214)
[2024-07-23T07:56:21.419+0000] {spark_submit.py:571} INFO - at org.apache.spark.network.client.TransportClientFactory.createClient(TransportClientFactory.java:226)
[2024-07-23T07:56:21.419+0000] {spark_submit.py:571} INFO - at org.apache.spark.rpc.netty.NettyRpcEnv.createClient(NettyRpcEnv.scala:204)
[2024-07-23T07:56:21.419+0000] {spark_submit.py:571} INFO - at org.apache.spark.rpc.netty.Outbox$$anon$1.call(Outbox.scala:202)
[2024-07-23T07:56:21.419+0000] {spark_submit.py:571} INFO - at org.apache.spark.rpc.netty.Outbox$$anon$1.call(Outbox.scala:198)
[2024-07-23T07:56:21.420+0000] {spark_submit.py:571} INFO - ... 4 more
[2024-07-23T07:56:21.420+0000] {spark_submit.py:571} INFO - Caused by: io.netty.channel.AbstractChannel$AnnotatedConnectException: Connection refused: localhost/127.0.0.1:7077
[2024-07-23T07:56:21.420+0000] {spark_submit.py:571} INFO - Caused by: java.net.ConnectException: Connection refused
[2024-07-23T07:56:21.420+0000] {spark_submit.py:571} INFO - at java.base/sun.nio.ch.Net.pollConnect(Native Method)
[2024-07-23T07:56:21.420+0000] {spark_submit.py:571} INFO - at java.base/sun.nio.ch.Net.pollConnectNow(Net.java:672)
[2024-07-23T07:56:21.421+0000] {spark_submit.py:571} INFO - at java.base/sun.nio.ch.SocketChannelImpl.finishConnect(SocketChannelImpl.java:946)
[2024-07-23T07:56:21.421+0000] {spark_submit.py:571} INFO - at io.netty.channel.socket.nio.NioSocketChannel.doFinishConnect(NioSocketChannel.java:337)
[2024-07-23T07:56:21.421+0000] {spark_submit.py:571} INFO - at io.netty.channel.nio.AbstractNioChannel$AbstractNioUnsafe.finishConnect(AbstractNioChannel.java:334)
[2024-07-23T07:56:21.421+0000] {spark_submit.py:571} INFO - at io.netty.channel.nio.NioEventLoop.processSelectedKey(NioEventLoop.java:776)
[2024-07-23T07:56:21.421+0000] {spark_submit.py:571} INFO - at io.netty.channel.nio.NioEventLoop.processSelectedKeysOptimized(NioEventLoop.java:724)
[2024-07-23T07:56:21.422+0000] {spark_submit.py:571} INFO - at io.netty.channel.nio.NioEventLoop.processSelectedKeys(NioEventLoop.java:650)
[2024-07-23T07:56:21.422+0000] {spark_submit.py:571} INFO - at io.netty.channel.nio.NioEventLoop.run(NioEventLoop.java:562)
[2024-07-23T07:56:21.422+0000] {spark_submit.py:571} INFO - at io.netty.util.concurrent.SingleThreadEventExecutor$4.run(SingleThreadEventExecutor.java:997)
[2024-07-23T07:56:21.422+0000] {spark_submit.py:571} INFO - at io.netty.util.internal.ThreadExecutorMap$2.run(ThreadExecutorMap.java:74)
[2024-07-23T07:56:21.422+0000] {spark_submit.py:571} INFO - at io.netty.util.concurrent.FastThreadLocalRunnable.run(FastThreadLocalRunnable.java:30)
[2024-07-23T07:56:21.423+0000] {spark_submit.py:571} INFO - at java.base/java.lang.Thread.run(Thread.java:840)
[2024-07-23T07:56:41.417+0000] {spark_submit.py:571} INFO - 24/07/23 07:56:41 INFO StandaloneAppClient$ClientEndpoint: Connecting to master spark://localhost:7077...
[2024-07-23T07:56:41.431+0000] {spark_submit.py:571} INFO - 24/07/23 07:56:41 WARN StandaloneAppClient$ClientEndpoint: Failed to connect to master localhost:7077
[2024-07-23T07:56:41.432+0000] {spark_submit.py:571} INFO - org.apache.spark.SparkException: Exception thrown in awaitResult:
[2024-07-23T07:56:41.432+0000] {spark_submit.py:571} INFO - at org.apache.spark.util.SparkThreadUtils$.awaitResult(SparkThreadUtils.scala:56)
[2024-07-23T07:56:41.432+0000] {spark_submit.py:571} INFO - at org.apache.spark.util.ThreadUtils$.awaitResult(ThreadUtils.scala:310)
[2024-07-23T07:56:41.433+0000] {spark_submit.py:571} INFO - at org.apache.spark.rpc.RpcTimeout.awaitResult(RpcTimeout.scala:75)
[2024-07-23T07:56:41.433+0000] {spark_submit.py:571} INFO - at org.apache.spark.rpc.RpcEnv.setupEndpointRefByURI(RpcEnv.scala:102)
[2024-07-23T07:56:41.433+0000] {spark_submit.py:571} INFO - at org.apache.spark.rpc.RpcEnv.setupEndpointRef(RpcEnv.scala:110)
[2024-07-23T07:56:41.433+0000] {spark_submit.py:571} INFO - at org.apache.spark.deploy.client.StandaloneAppClient$ClientEndpoint$$anon$1.run(StandaloneAppClient.scala:108)
[2024-07-23T07:56:41.434+0000] {spark_submit.py:571} INFO - at java.base/java.util.concurrent.Executors$RunnableAdapter.call(Executors.java:539)
[2024-07-23T07:56:41.434+0000] {spark_submit.py:571} INFO - at java.base/java.util.concurrent.FutureTask.run(FutureTask.java:264)
[2024-07-23T07:56:41.434+0000] {spark_submit.py:571} INFO - at java.base/java.util.concurrent.ThreadPoolExecutor.runWorker(ThreadPoolExecutor.java:1136)
[2024-07-23T07:56:41.435+0000] {spark_submit.py:571} INFO - at java.base/java.util.concurrent.ThreadPoolExecutor$Worker.run(ThreadPoolExecutor.java:635)
[2024-07-23T07:56:41.435+0000] {spark_submit.py:571} INFO - at java.base/java.lang.Thread.run(Thread.java:840)
[2024-07-23T07:56:41.435+0000] {spark_submit.py:571} INFO - Caused by: java.io.IOException: Failed to connect to localhost/127.0.0.1:7077
[2024-07-23T07:56:41.435+0000] {spark_submit.py:571} INFO - at org.apache.spark.network.client.TransportClientFactory.createClient(TransportClientFactory.java:294)
[2024-07-23T07:56:41.436+0000] {spark_submit.py:571} INFO - at org.apache.spark.network.client.TransportClientFactory.createClient(TransportClientFactory.java:214)
[2024-07-23T07:56:41.436+0000] {spark_submit.py:571} INFO - at org.apache.spark.network.client.TransportClientFactory.createClient(TransportClientFactory.java:226)
[2024-07-23T07:56:41.436+0000] {spark_submit.py:571} INFO - at org.apache.spark.rpc.netty.NettyRpcEnv.createClient(NettyRpcEnv.scala:204)
[2024-07-23T07:56:41.436+0000] {spark_submit.py:571} INFO - at org.apache.spark.rpc.netty.Outbox$$anon$1.call(Outbox.scala:202)
[2024-07-23T07:56:41.437+0000] {spark_submit.py:571} INFO - at org.apache.spark.rpc.netty.Outbox$$anon$1.call(Outbox.scala:198)
[2024-07-23T07:56:41.437+0000] {spark_submit.py:571} INFO - ... 4 more
[2024-07-23T07:56:41.437+0000] {spark_submit.py:571} INFO - Caused by: io.netty.channel.AbstractChannel$AnnotatedConnectException: Connection refused: localhost/127.0.0.1:7077
[2024-07-23T07:56:41.437+0000] {spark_submit.py:571} INFO - Caused by: java.net.ConnectException: Connection refused
[2024-07-23T07:56:41.438+0000] {spark_submit.py:571} INFO - at java.base/sun.nio.ch.Net.pollConnect(Native Method)
[2024-07-23T07:56:41.438+0000] {spark_submit.py:571} INFO - at java.base/sun.nio.ch.Net.pollConnectNow(Net.java:672)
[2024-07-23T07:56:41.438+0000] {spark_submit.py:571} INFO - at java.base/sun.nio.ch.SocketChannelImpl.finishConnect(SocketChannelImpl.java:946)
[2024-07-23T07:56:41.438+0000] {spark_submit.py:571} INFO - at io.netty.channel.socket.nio.NioSocketChannel.doFinishConnect(NioSocketChannel.java:337)
[2024-07-23T07:56:41.439+0000] {spark_submit.py:571} INFO - at io.netty.channel.nio.AbstractNioChannel$AbstractNioUnsafe.finishConnect(AbstractNioChannel.java:334)
[2024-07-23T07:56:41.439+0000] {spark_submit.py:571} INFO - at io.netty.channel.nio.NioEventLoop.processSelectedKey(NioEventLoop.java:776)
[2024-07-23T07:56:41.439+0000] {spark_submit.py:571} INFO - at io.netty.channel.nio.NioEventLoop.processSelectedKeysOptimized(NioEventLoop.java:724)
[2024-07-23T07:56:41.439+0000] {spark_submit.py:571} INFO - at io.netty.channel.nio.NioEventLoop.processSelectedKeys(NioEventLoop.java:650)
[2024-07-23T07:56:41.439+0000] {spark_submit.py:571} INFO - at io.netty.channel.nio.NioEventLoop.run(NioEventLoop.java:562)
[2024-07-23T07:56:41.440+0000] {spark_submit.py:571} INFO - at io.netty.util.concurrent.SingleThreadEventExecutor$4.run(SingleThreadEventExecutor.java:997)
[2024-07-23T07:56:41.440+0000] {spark_submit.py:571} INFO - at io.netty.util.internal.ThreadExecutorMap$2.run(ThreadExecutorMap.java:74)
[2024-07-23T07:56:41.440+0000] {spark_submit.py:571} INFO - at io.netty.util.concurrent.FastThreadLocalRunnable.run(FastThreadLocalRunnable.java:30)
[2024-07-23T07:56:41.440+0000] {spark_submit.py:571} INFO - at java.base/java.lang.Thread.run(Thread.java:840)
[2024-07-23T07:57:01.421+0000] {spark_submit.py:571} INFO - 24/07/23 07:57:01 WARN StandaloneSchedulerBackend: Application ID is not initialized yet.
[2024-07-23T07:57:01.423+0000] {spark_submit.py:571} INFO - 24/07/23 07:57:01 ERROR StandaloneSchedulerBackend: Application has been killed. Reason: All masters are unresponsive! Giving up.
[2024-07-23T07:57:01.449+0000] {spark_submit.py:571} INFO - 24/07/23 07:57:01 INFO Utils: Successfully started service 'org.apache.spark.network.netty.NettyBlockTransferService' on port 45495.
[2024-07-23T07:57:01.450+0000] {spark_submit.py:571} INFO - 24/07/23 07:57:01 INFO NettyBlockTransferService: Server created on 0639d119af41:45495
[2024-07-23T07:57:01.452+0000] {spark_submit.py:571} INFO - 24/07/23 07:57:01 INFO BlockManager: Using org.apache.spark.storage.RandomBlockReplicationPolicy for block replication policy
[2024-07-23T07:57:01.459+0000] {spark_submit.py:571} INFO - 24/07/23 07:57:01 INFO BlockManagerMaster: Registering BlockManager BlockManagerId(driver, 0639d119af41, 45495, None)
[2024-07-23T07:57:01.463+0000] {spark_submit.py:571} INFO - 24/07/23 07:57:01 INFO BlockManagerMasterEndpoint: Registering block manager 0639d119af41:45495 with 434.4 MiB RAM, BlockManagerId(driver, 0639d119af41, 45495, None)
[2024-07-23T07:57:01.465+0000] {spark_submit.py:571} INFO - 24/07/23 07:57:01 INFO BlockManagerMaster: Registered BlockManager BlockManagerId(driver, 0639d119af41, 45495, None)
[2024-07-23T07:57:01.466+0000] {spark_submit.py:571} INFO - 24/07/23 07:57:01 INFO BlockManager: Initialized BlockManager: BlockManagerId(driver, 0639d119af41, 45495, None)
[2024-07-23T07:57:01.702+0000] {spark_submit.py:571} INFO - 24/07/23 07:57:01 INFO StandaloneSchedulerBackend: SchedulerBackend is ready for scheduling beginning after reached minRegisteredResourcesRatio: 0.0
[2024-07-23T07:57:01.911+0000] {spark_submit.py:571} INFO - 24/07/23 07:57:01 INFO SparkContext: SparkContext is stopping with exitCode 0.
[2024-07-23T07:57:01.917+0000] {spark_submit.py:571} INFO - 24/07/23 07:57:01 INFO SparkUI: Stopped Spark web UI at http://0639d119af41:4040
[2024-07-23T07:57:01.920+0000] {spark_submit.py:571} INFO - 24/07/23 07:57:01 INFO StandaloneSchedulerBackend: Shutting down all executors
[2024-07-23T07:57:01.923+0000] {spark_submit.py:571} INFO - 24/07/23 07:57:01 INFO StandaloneSchedulerBackend$StandaloneDriverEndpoint: Asking each executor to shut down
[2024-07-23T07:57:01.927+0000] {spark_submit.py:571} INFO - 24/07/23 07:57:01 WARN StandaloneAppClient$ClientEndpoint: Drop UnregisterApplication(null) because has not yet connected to master
[2024-07-23T07:57:01.934+0000] {spark_submit.py:571} INFO - 24/07/23 07:57:01 INFO MapOutputTrackerMasterEndpoint: MapOutputTrackerMasterEndpoint stopped!
[2024-07-23T07:57:01.946+0000] {spark_submit.py:571} INFO - 24/07/23 07:57:01 INFO MemoryStore: MemoryStore cleared
[2024-07-23T07:57:01.947+0000] {spark_submit.py:571} INFO - 24/07/23 07:57:01 INFO BlockManager: BlockManager stopped
[2024-07-23T07:57:01.950+0000] {spark_submit.py:571} INFO - 24/07/23 07:57:01 INFO BlockManagerMaster: BlockManagerMaster stopped
[2024-07-23T07:57:01.951+0000] {spark_submit.py:571} INFO - 24/07/23 07:57:01 INFO OutputCommitCoordinator$OutputCommitCoordinatorEndpoint: OutputCommitCoordinator stopped!
[2024-07-23T07:57:01.965+0000] {spark_submit.py:571} INFO - 24/07/23 07:57:01 INFO SparkContext: Successfully stopped SparkContext
[2024-07-23T07:57:01.967+0000] {spark_submit.py:571} INFO - 24/07/23 07:57:01 INFO SharedState: Setting hive.metastore.warehouse.dir ('null') to the value of spark.sql.warehouse.dir.
[2024-07-23T07:57:01.976+0000] {spark_submit.py:571} INFO - 24/07/23 07:57:01 INFO SharedState: Warehouse path is 'file:/opt/airflow/spark-warehouse'.
[2024-07-23T07:57:02.009+0000] {spark_submit.py:571} INFO - Traceback (most recent call last):
[2024-07-23T07:57:02.009+0000] {spark_submit.py:571} INFO - File "/opt/airflow/spark/count_rows.py", line 22, in <module>
[2024-07-23T07:57:02.010+0000] {spark_submit.py:571} INFO - count_accidents_spark()
[2024-07-23T07:57:02.010+0000] {spark_submit.py:571} INFO - File "/opt/airflow/spark/count_rows.py", line 10, in count_accidents_spark
[2024-07-23T07:57:02.011+0000] {spark_submit.py:571} INFO - df = spark.read.csv(path=pathDataFolder + "/crash-data-monroe-county-2003-to-2015-1.csv ",
[2024-07-23T07:57:02.011+0000] {spark_submit.py:571} INFO - ^^^^^^^^^^
[2024-07-23T07:57:02.012+0000] {spark_submit.py:571} INFO - File "/home/airflow/.local/lib/python3.12/site-packages/pyspark/python/lib/pyspark.zip/pyspark/sql/session.py", line 1706, in read
[2024-07-23T07:57:02.012+0000] {spark_submit.py:571} INFO - File "/home/airflow/.local/lib/python3.12/site-packages/pyspark/python/lib/pyspark.zip/pyspark/sql/readwriter.py", line 70, in __init__
[2024-07-23T07:57:02.012+0000] {spark_submit.py:571} INFO - File "/home/airflow/.local/lib/python3.12/site-packages/pyspark/python/lib/py4j-0.10.9.7-src.zip/py4j/java_gateway.py", line 1322, in __call__
[2024-07-23T07:57:02.012+0000] {spark_submit.py:571} INFO - File "/home/airflow/.local/lib/python3.12/site-packages/pyspark/python/lib/pyspark.zip/pyspark/errors/exceptions/captured.py", line 179, in deco
[2024-07-23T07:57:02.013+0000] {spark_submit.py:571} INFO - File "/home/airflow/.local/lib/python3.12/site-packages/pyspark/python/lib/py4j-0.10.9.7-src.zip/py4j/protocol.py", line 326, in get_return_value
[2024-07-23T07:57:02.013+0000] {spark_submit.py:571} INFO - py4j.protocol.Py4JJavaError: An error occurred while calling o23.read.
[2024-07-23T07:57:02.014+0000] {spark_submit.py:571} INFO - : java.lang.IllegalStateException: LiveListenerBus is stopped.
[2024-07-23T07:57:02.014+0000] {spark_submit.py:571} INFO - at org.apache.spark.scheduler.LiveListenerBus.addToQueue(LiveListenerBus.scala:92)
[2024-07-23T07:57:02.015+0000] {spark_submit.py:571} INFO - at org.apache.spark.scheduler.LiveListenerBus.addToStatusQueue(LiveListenerBus.scala:75)
[2024-07-23T07:57:02.015+0000] {spark_submit.py:571} INFO - at org.apache.spark.sql.internal.SharedState.<init>(SharedState.scala:115)
[2024-07-23T07:57:02.015+0000] {spark_submit.py:571} INFO - at org.apache.spark.sql.SparkSession.$anonfun$sharedState$1(SparkSession.scala:143)
[2024-07-23T07:57:02.016+0000] {spark_submit.py:571} INFO - at scala.Option.getOrElse(Option.scala:189)
[2024-07-23T07:57:02.016+0000] {spark_submit.py:571} INFO - at org.apache.spark.sql.SparkSession.sharedState$lzycompute(SparkSession.scala:143)
[2024-07-23T07:57:02.016+0000] {spark_submit.py:571} INFO - at org.apache.spark.sql.SparkSession.sharedState(SparkSession.scala:142)
[2024-07-23T07:57:02.016+0000] {spark_submit.py:571} INFO - at org.apache.spark.sql.SparkSession.$anonfun$sessionState$2(SparkSession.scala:162)
[2024-07-23T07:57:02.016+0000] {spark_submit.py:571} INFO - at scala.Option.getOrElse(Option.scala:189)
[2024-07-23T07:57:02.017+0000] {spark_submit.py:571} INFO - at org.apache.spark.sql.SparkSession.sessionState$lzycompute(SparkSession.scala:160)
[2024-07-23T07:57:02.017+0000] {spark_submit.py:571} INFO - at org.apache.spark.sql.SparkSession.sessionState(SparkSession.scala:157)
[2024-07-23T07:57:02.017+0000] {spark_submit.py:571} INFO - at org.apache.spark.sql.DataFrameReader.<init>(DataFrameReader.scala:699)
[2024-07-23T07:57:02.017+0000] {spark_submit.py:571} INFO - at org.apache.spark.sql.SparkSession.read(SparkSession.scala:783)
[2024-07-23T07:57:02.018+0000] {spark_submit.py:571} INFO - at java.base/jdk.internal.reflect.NativeMethodAccessorImpl.invoke0(Native Method)
[2024-07-23T07:57:02.018+0000] {spark_submit.py:571} INFO - at java.base/jdk.internal.reflect.NativeMethodAccessorImpl.invoke(NativeMethodAccessorImpl.java:77)
[2024-07-23T07:57:02.018+0000] {spark_submit.py:571} INFO - at java.base/jdk.internal.reflect.DelegatingMethodAccessorImpl.invoke(DelegatingMethodAccessorImpl.java:43)
[2024-07-23T07:57:02.018+0000] {spark_submit.py:571} INFO - at java.base/java.lang.reflect.Method.invoke(Method.java:568)
[2024-07-23T07:57:02.019+0000] {spark_submit.py:571} INFO - at py4j.reflection.MethodInvoker.invoke(MethodInvoker.java:244)
[2024-07-23T07:57:02.019+0000] {spark_submit.py:571} INFO - at py4j.reflection.ReflectionEngine.invoke(ReflectionEngine.java:374)
[2024-07-23T07:57:02.019+0000] {spark_submit.py:571} INFO - at py4j.Gateway.invoke(Gateway.java:282)
[2024-07-23T07:57:02.019+0000] {spark_submit.py:571} INFO - at py4j.commands.AbstractCommand.invokeMethod(AbstractCommand.java:132)
[2024-07-23T07:57:02.019+0000] {spark_submit.py:571} INFO - at py4j.commands.CallCommand.execute(CallCommand.java:79)
[2024-07-23T07:57:02.019+0000] {spark_submit.py:571} INFO - at py4j.ClientServerConnection.waitForCommands(ClientServerConnection.java:182)
[2024-07-23T07:57:02.020+0000] {spark_submit.py:571} INFO - at py4j.ClientServerConnection.run(ClientServerConnection.java:106)
[2024-07-23T07:57:02.020+0000] {spark_submit.py:571} INFO - at java.base/java.lang.Thread.run(Thread.java:840)
[2024-07-23T07:57:02.020+0000] {spark_submit.py:571} INFO - 
[2024-07-23T07:57:02.097+0000] {spark_submit.py:571} INFO - 24/07/23 07:57:02 INFO ShutdownHookManager: Shutdown hook called
[2024-07-23T07:57:02.098+0000] {spark_submit.py:571} INFO - 24/07/23 07:57:02 INFO ShutdownHookManager: Deleting directory /tmp/spark-16982a35-3da6-47cb-9cdd-7c34960a3031
[2024-07-23T07:57:02.101+0000] {spark_submit.py:571} INFO - 24/07/23 07:57:02 INFO ShutdownHookManager: Deleting directory /tmp/spark-a872da23-6c30-4e4f-a0c6-bbce0de275ea/pyspark-3885d3cf-5fa1-4a85-89cd-88fbb5d9ffbc
[2024-07-23T07:57:02.104+0000] {spark_submit.py:571} INFO - 24/07/23 07:57:02 INFO ShutdownHookManager: Deleting directory /tmp/spark-a872da23-6c30-4e4f-a0c6-bbce0de275ea
[2024-07-23T07:57:02.134+0000] {taskinstance.py:441} INFO - ::group::Post task execution logs
[2024-07-23T07:57:02.183+0000] {taskinstance.py:2905} ERROR - Task failed with exception
Traceback (most recent call last):
  File "/home/airflow/.local/lib/python3.12/site-packages/airflow/models/taskinstance.py", line 465, in _execute_task
    result = _execute_callable(context=context, **execute_callable_kwargs)
             ^^^^^^^^^^^^^^^^^^^^^^^^^^^^^^^^^^^^^^^^^^^^^^^^^^^^^^^^^^^^^
  File "/home/airflow/.local/lib/python3.12/site-packages/airflow/models/taskinstance.py", line 432, in _execute_callable
    return execute_callable(context=context, **execute_callable_kwargs)
           ^^^^^^^^^^^^^^^^^^^^^^^^^^^^^^^^^^^^^^^^^^^^^^^^^^^^^^^^^^^^
  File "/home/airflow/.local/lib/python3.12/site-packages/airflow/models/baseoperator.py", line 401, in wrapper
    return func(self, *args, **kwargs)
           ^^^^^^^^^^^^^^^^^^^^^^^^^^^
  File "/home/airflow/.local/lib/python3.12/site-packages/airflow/providers/apache/spark/operators/spark_submit.py", line 174, in execute
    self._hook.submit(self.application)
  File "/home/airflow/.local/lib/python3.12/site-packages/airflow/providers/apache/spark/hooks/spark_submit.py", line 502, in submit
    raise AirflowException(
airflow.exceptions.AirflowException: Cannot execute: spark-submit --master spark://localhost:7077 --name arrow-spark --deploy-mode client /opt/airflow/spark/count_rows.py. Error code is: 1.
[2024-07-23T07:57:02.193+0000] {taskinstance.py:1206} INFO - Marking task as FAILED. dag_id=count_accidents, task_id=spark_count_number_of_accidents, run_id=manual__2024-07-23T07:55:57.894102+00:00, execution_date=20240723T075557, start_date=20240723T075559, end_date=20240723T075702
[2024-07-23T07:57:02.215+0000] {standard_task_runner.py:110} ERROR - Failed to execute job 1846 for task spark_count_number_of_accidents (Cannot execute: spark-submit --master spark://localhost:7077 --name arrow-spark --deploy-mode client /opt/airflow/spark/count_rows.py. Error code is: 1.; 488)
[2024-07-23T07:57:02.225+0000] {local_task_job_runner.py:240} INFO - Task exited with return code 1
[2024-07-23T07:57:02.256+0000] {taskinstance.py:3503} INFO - 0 downstream tasks scheduled from follow-on schedule check
[2024-07-23T07:57:02.258+0000] {local_task_job_runner.py:222} INFO - ::endgroup::
