[2024-07-19T12:27:21.305+0000] {local_task_job_runner.py:120} INFO - ::group::Pre task execution logs
[2024-07-19T12:27:21.321+0000] {taskinstance.py:2076} INFO - Dependencies all met for dep_context=non-requeueable deps ti=<TaskInstance: sql_dag.insert_new_row manual__2024-07-19T12:27:14.686398+00:00 [queued]>
[2024-07-19T12:27:21.325+0000] {taskinstance.py:2076} INFO - Dependencies all met for dep_context=requeueable deps ti=<TaskInstance: sql_dag.insert_new_row manual__2024-07-19T12:27:14.686398+00:00 [queued]>
[2024-07-19T12:27:21.326+0000] {taskinstance.py:2306} INFO - Starting attempt 1 of 1
[2024-07-19T12:27:21.333+0000] {taskinstance.py:2330} INFO - Executing <Task(SQLExecuteQueryOperator): insert_new_row> on 2024-07-19 12:27:14.686398+00:00
[2024-07-19T12:27:21.336+0000] {warnings.py:112} WARNING - /home/airflow/.local/lib/python3.12/site-packages/airflow/task/task_runner/standard_task_runner.py:61: DeprecationWarning: This process (pid=154) is multi-threaded, use of fork() may lead to deadlocks in the child.
  pid = os.fork()

[2024-07-19T12:27:21.336+0000] {standard_task_runner.py:63} INFO - Started process 156 to run task
[2024-07-19T12:27:21.337+0000] {standard_task_runner.py:90} INFO - Running: ['airflow', 'tasks', 'run', 'sql_dag', 'insert_new_row', 'manual__2024-07-19T12:27:14.686398+00:00', '--job-id', '1628', '--raw', '--subdir', 'DAGS_FOLDER/sql.py', '--cfg-path', '/tmp/tmpiql0w7z6']
[2024-07-19T12:27:21.338+0000] {standard_task_runner.py:91} INFO - Job 1628: Subtask insert_new_row
[2024-07-19T12:27:21.373+0000] {task_command.py:426} INFO - Running <TaskInstance: sql_dag.insert_new_row manual__2024-07-19T12:27:14.686398+00:00 [running]> on host 9aa28c84d96b
[2024-07-19T12:27:21.434+0000] {taskinstance.py:2648} INFO - Exporting env vars: AIRFLOW_CTX_DAG_OWNER='airflow' AIRFLOW_CTX_DAG_ID='sql_dag' AIRFLOW_CTX_TASK_ID='insert_new_row' AIRFLOW_CTX_EXECUTION_DATE='2024-07-19T12:27:14.686398+00:00' AIRFLOW_CTX_TRY_NUMBER='1' AIRFLOW_CTX_DAG_RUN_ID='manual__2024-07-19T12:27:14.686398+00:00'
[2024-07-19T12:27:21.435+0000] {taskinstance.py:430} INFO - ::endgroup::
[2024-07-19T12:27:21.436+0000] {sql.py:276} INFO - Executing: INSERT INTO table_name VALUES(%s, %s, %s);
[2024-07-19T12:27:21.443+0000] {base.py:84} INFO - Using connection ID 'postgres_default' for task execution.
[2024-07-19T12:27:21.450+0000] {base.py:84} INFO - Using connection ID 'postgres_default' for task execution.
[2024-07-19T12:27:21.457+0000] {sql.py:487} INFO - Running statement: INSERT INTO table_name VALUES(%s, %s, %s);, parameters: (13472034, '7668d7cc8d', datetime.datetime(2024, 7, 19, 12, 27, 20, 791180))
[2024-07-19T12:27:21.459+0000] {sql.py:496} INFO - Rows affected: 1
[2024-07-19T12:27:21.461+0000] {taskinstance.py:441} INFO - ::group::Post task execution logs
[2024-07-19T12:27:21.469+0000] {taskinstance.py:1206} INFO - Marking task as SUCCESS. dag_id=sql_dag, task_id=insert_new_row, run_id=manual__2024-07-19T12:27:14.686398+00:00, execution_date=20240719T122714, start_date=20240719T122721, end_date=20240719T122721
[2024-07-19T12:27:21.521+0000] {local_task_job_runner.py:240} INFO - Task exited with return code 0
[2024-07-19T12:27:21.537+0000] {taskinstance.py:3503} INFO - 1 downstream tasks scheduled from follow-on schedule check
[2024-07-19T12:27:21.540+0000] {local_task_job_runner.py:222} INFO - ::endgroup::
