[2024-07-23T08:16:06.675+0000] {local_task_job_runner.py:120} INFO - ::group::Pre task execution logs
[2024-07-23T08:16:06.697+0000] {taskinstance.py:2076} INFO - Dependencies all met for dep_context=non-requeueable deps ti=<TaskInstance: count_accidents.spark_count_number_of_accidents manual__2024-07-23T08:16:04.798005+00:00 [queued]>
[2024-07-23T08:16:06.703+0000] {taskinstance.py:2076} INFO - Dependencies all met for dep_context=requeueable deps ti=<TaskInstance: count_accidents.spark_count_number_of_accidents manual__2024-07-23T08:16:04.798005+00:00 [queued]>
[2024-07-23T08:16:06.704+0000] {taskinstance.py:2306} INFO - Starting attempt 1 of 1
[2024-07-23T08:16:06.713+0000] {taskinstance.py:2330} INFO - Executing <Task(SparkSubmitOperator): spark_count_number_of_accidents> on 2024-07-23 08:16:04.798005+00:00
[2024-07-23T08:16:06.717+0000] {warnings.py:112} WARNING - /home/airflow/.local/lib/python3.12/site-packages/airflow/task/task_runner/standard_task_runner.py:61: DeprecationWarning: This process (pid=242) is multi-threaded, use of fork() may lead to deadlocks in the child.
  pid = os.fork()

[2024-07-23T08:16:06.718+0000] {standard_task_runner.py:63} INFO - Started process 247 to run task
[2024-07-23T08:16:06.719+0000] {standard_task_runner.py:90} INFO - Running: ['airflow', 'tasks', 'run', 'count_accidents', 'spark_count_number_of_accidents', 'manual__2024-07-23T08:16:04.798005+00:00', '--job-id', '1858', '--raw', '--subdir', 'DAGS_FOLDER/count_accidents.py', '--cfg-path', '/tmp/tmpv91o5n77']
[2024-07-23T08:16:06.721+0000] {standard_task_runner.py:91} INFO - Job 1858: Subtask spark_count_number_of_accidents
[2024-07-23T08:16:06.792+0000] {task_command.py:426} INFO - Running <TaskInstance: count_accidents.spark_count_number_of_accidents manual__2024-07-23T08:16:04.798005+00:00 [running]> on host be9a273262f9
[2024-07-23T08:16:06.879+0000] {taskinstance.py:2648} INFO - Exporting env vars: AIRFLOW_CTX_DAG_OWNER='airflow' AIRFLOW_CTX_DAG_ID='count_accidents' AIRFLOW_CTX_TASK_ID='spark_count_number_of_accidents' AIRFLOW_CTX_EXECUTION_DATE='2024-07-23T08:16:04.798005+00:00' AIRFLOW_CTX_TRY_NUMBER='1' AIRFLOW_CTX_DAG_RUN_ID='manual__2024-07-23T08:16:04.798005+00:00'
[2024-07-23T08:16:06.880+0000] {taskinstance.py:430} INFO - ::endgroup::
[2024-07-23T08:16:06.891+0000] {base.py:84} INFO - Using connection ID 'spark' for task execution.
[2024-07-23T08:16:06.892+0000] {spark_submit.py:401} INFO - Spark-Submit cmd: spark-submit --master spark://spark:7077 --name arrow-spark --deploy-mode client /opt/airflow/spark/count_rows.py
[2024-07-23T08:16:08.816+0000] {spark_submit.py:571} INFO - 24/07/23 08:16:08 INFO SparkContext: Running Spark version 3.5.1
[2024-07-23T08:16:08.817+0000] {spark_submit.py:571} INFO - 24/07/23 08:16:08 INFO SparkContext: OS info Linux, 6.6.32-linuxkit, aarch64
[2024-07-23T08:16:08.817+0000] {spark_submit.py:571} INFO - 24/07/23 08:16:08 INFO SparkContext: Java version 17.0.11
[2024-07-23T08:16:08.848+0000] {spark_submit.py:571} INFO - 24/07/23 08:16:08 WARN NativeCodeLoader: Unable to load native-hadoop library for your platform... using builtin-java classes where applicable
[2024-07-23T08:16:08.894+0000] {spark_submit.py:571} INFO - 24/07/23 08:16:08 INFO ResourceUtils: ==============================================================
[2024-07-23T08:16:08.895+0000] {spark_submit.py:571} INFO - 24/07/23 08:16:08 INFO ResourceUtils: No custom resources configured for spark.driver.
[2024-07-23T08:16:08.895+0000] {spark_submit.py:571} INFO - 24/07/23 08:16:08 INFO ResourceUtils: ==============================================================
[2024-07-23T08:16:08.895+0000] {spark_submit.py:571} INFO - 24/07/23 08:16:08 INFO SparkContext: Submitted application: CountAccidents
[2024-07-23T08:16:08.907+0000] {spark_submit.py:571} INFO - 24/07/23 08:16:08 INFO ResourceProfile: Default ResourceProfile created, executor resources: Map(memory -> name: memory, amount: 1024, script: , vendor: , offHeap -> name: offHeap, amount: 0, script: , vendor: ), task resources: Map(cpus -> name: cpus, amount: 1.0)
[2024-07-23T08:16:08.911+0000] {spark_submit.py:571} INFO - 24/07/23 08:16:08 INFO ResourceProfile: Limiting resource is cpu
[2024-07-23T08:16:08.912+0000] {spark_submit.py:571} INFO - 24/07/23 08:16:08 INFO ResourceProfileManager: Added ResourceProfile id: 0
[2024-07-23T08:16:08.937+0000] {spark_submit.py:571} INFO - 24/07/23 08:16:08 INFO SecurityManager: Changing view acls to: default
[2024-07-23T08:16:08.938+0000] {spark_submit.py:571} INFO - 24/07/23 08:16:08 INFO SecurityManager: Changing modify acls to: default
[2024-07-23T08:16:08.938+0000] {spark_submit.py:571} INFO - 24/07/23 08:16:08 INFO SecurityManager: Changing view acls groups to:
[2024-07-23T08:16:08.939+0000] {spark_submit.py:571} INFO - 24/07/23 08:16:08 INFO SecurityManager: Changing modify acls groups to:
[2024-07-23T08:16:08.940+0000] {spark_submit.py:571} INFO - 24/07/23 08:16:08 INFO SecurityManager: SecurityManager: authentication disabled; ui acls disabled; users with view permissions: default; groups with view permissions: EMPTY; users with modify permissions: default; groups with modify permissions: EMPTY
[2024-07-23T08:16:09.093+0000] {spark_submit.py:571} INFO - 24/07/23 08:16:09 INFO Utils: Successfully started service 'sparkDriver' on port 37189.
[2024-07-23T08:16:09.112+0000] {spark_submit.py:571} INFO - 24/07/23 08:16:09 INFO SparkEnv: Registering MapOutputTracker
[2024-07-23T08:16:09.139+0000] {spark_submit.py:571} INFO - 24/07/23 08:16:09 INFO SparkEnv: Registering BlockManagerMaster
[2024-07-23T08:16:09.153+0000] {spark_submit.py:571} INFO - 24/07/23 08:16:09 INFO BlockManagerMasterEndpoint: Using org.apache.spark.storage.DefaultTopologyMapper for getting topology information
[2024-07-23T08:16:09.154+0000] {spark_submit.py:571} INFO - 24/07/23 08:16:09 INFO BlockManagerMasterEndpoint: BlockManagerMasterEndpoint up
[2024-07-23T08:16:09.157+0000] {spark_submit.py:571} INFO - 24/07/23 08:16:09 INFO SparkEnv: Registering BlockManagerMasterHeartbeat
[2024-07-23T08:16:09.171+0000] {spark_submit.py:571} INFO - 24/07/23 08:16:09 INFO DiskBlockManager: Created local directory at /tmp/blockmgr-9347e03d-aaab-4023-8485-9e13127f9865
[2024-07-23T08:16:09.180+0000] {spark_submit.py:571} INFO - 24/07/23 08:16:09 INFO MemoryStore: MemoryStore started with capacity 434.4 MiB
[2024-07-23T08:16:09.190+0000] {spark_submit.py:571} INFO - 24/07/23 08:16:09 INFO SparkEnv: Registering OutputCommitCoordinator
[2024-07-23T08:16:09.322+0000] {spark_submit.py:571} INFO - 24/07/23 08:16:09 INFO JettyUtils: Start Jetty 0.0.0.0:4040 for SparkUI
[2024-07-23T08:16:09.373+0000] {spark_submit.py:571} INFO - 24/07/23 08:16:09 WARN Utils: Service 'SparkUI' could not bind on port 4040. Attempting port 4041.
[2024-07-23T08:16:09.380+0000] {spark_submit.py:571} INFO - 24/07/23 08:16:09 INFO Utils: Successfully started service 'SparkUI' on port 4041.
[2024-07-23T08:16:09.472+0000] {spark_submit.py:571} INFO - 24/07/23 08:16:09 INFO StandaloneAppClient$ClientEndpoint: Connecting to master spark://spark:7077...
[2024-07-23T08:16:09.513+0000] {spark_submit.py:571} INFO - 24/07/23 08:16:09 INFO TransportClientFactory: Successfully created connection to spark/172.18.0.2:7077 after 22 ms (0 ms spent in bootstraps)
[2024-07-23T08:16:09.639+0000] {spark_submit.py:571} INFO - 24/07/23 08:16:09 INFO StandaloneSchedulerBackend: Connected to Spark cluster with app ID app-20240723081609-0002
[2024-07-23T08:16:09.660+0000] {spark_submit.py:571} INFO - 24/07/23 08:16:09 INFO Utils: Successfully started service 'org.apache.spark.network.netty.NettyBlockTransferService' on port 35607.
[2024-07-23T08:16:09.671+0000] {spark_submit.py:571} INFO - 24/07/23 08:16:09 INFO NettyBlockTransferService: Server created on be9a273262f9:35607
[2024-07-23T08:16:09.671+0000] {spark_submit.py:571} INFO - 24/07/23 08:16:09 INFO BlockManager: Using org.apache.spark.storage.RandomBlockReplicationPolicy for block replication policy
[2024-07-23T08:16:09.679+0000] {spark_submit.py:571} INFO - 24/07/23 08:16:09 INFO BlockManagerMaster: Registering BlockManager BlockManagerId(driver, be9a273262f9, 35607, None)
[2024-07-23T08:16:09.683+0000] {spark_submit.py:571} INFO - 24/07/23 08:16:09 INFO BlockManagerMasterEndpoint: Registering block manager be9a273262f9:35607 with 434.4 MiB RAM, BlockManagerId(driver, be9a273262f9, 35607, None)
[2024-07-23T08:16:09.688+0000] {spark_submit.py:571} INFO - 24/07/23 08:16:09 INFO BlockManagerMaster: Registered BlockManager BlockManagerId(driver, be9a273262f9, 35607, None)
[2024-07-23T08:16:09.699+0000] {spark_submit.py:571} INFO - 24/07/23 08:16:09 INFO BlockManager: Initialized BlockManager: BlockManagerId(driver, be9a273262f9, 35607, None)
[2024-07-23T08:16:09.878+0000] {spark_submit.py:571} INFO - 24/07/23 08:16:09 INFO StandaloneSchedulerBackend: SchedulerBackend is ready for scheduling beginning after reached minRegisteredResourcesRatio: 0.0
[2024-07-23T08:16:10.086+0000] {spark_submit.py:571} INFO - 24/07/23 08:16:10 INFO SharedState: Setting hive.metastore.warehouse.dir ('null') to the value of spark.sql.warehouse.dir.
[2024-07-23T08:16:10.089+0000] {spark_submit.py:571} INFO - 24/07/23 08:16:10 INFO SharedState: Warehouse path is 'file:/opt/airflow/spark-warehouse'.
[2024-07-23T08:16:10.732+0000] {spark_submit.py:571} INFO - 24/07/23 08:16:10 INFO InMemoryFileIndex: It took 60 ms to list leaf files for 1 paths.
[2024-07-23T08:16:10.796+0000] {spark_submit.py:571} INFO - 24/07/23 08:16:10 INFO InMemoryFileIndex: It took 1 ms to list leaf files for 1 paths.
[2024-07-23T08:16:12.690+0000] {spark_submit.py:571} INFO - 24/07/23 08:16:12 INFO FileSourceStrategy: Pushed Filters:
[2024-07-23T08:16:12.692+0000] {spark_submit.py:571} INFO - 24/07/23 08:16:12 INFO FileSourceStrategy: Post-Scan Filters: (length(trim(value#0, None)) > 0)
[2024-07-23T08:16:13.033+0000] {spark_submit.py:571} INFO - 24/07/23 08:16:13 INFO CodeGenerator: Code generated in 116.817417 ms
[2024-07-23T08:16:13.082+0000] {spark_submit.py:571} INFO - 24/07/23 08:16:13 INFO MemoryStore: Block broadcast_0 stored as values in memory (estimated size 199.8 KiB, free 434.2 MiB)
[2024-07-23T08:16:13.134+0000] {spark_submit.py:571} INFO - 24/07/23 08:16:13 INFO MemoryStore: Block broadcast_0_piece0 stored as bytes in memory (estimated size 34.3 KiB, free 434.2 MiB)
[2024-07-23T08:16:13.136+0000] {spark_submit.py:571} INFO - 24/07/23 08:16:13 INFO BlockManagerInfo: Added broadcast_0_piece0 in memory on be9a273262f9:35607 (size: 34.3 KiB, free: 434.4 MiB)
[2024-07-23T08:16:13.140+0000] {spark_submit.py:571} INFO - 24/07/23 08:16:13 INFO SparkContext: Created broadcast 0 from csv at NativeMethodAccessorImpl.java:0
[2024-07-23T08:16:13.150+0000] {spark_submit.py:571} INFO - 24/07/23 08:16:13 INFO FileSourceScanExec: Planning scan with bin packing, max size: 5368882 bytes, open cost is considered as scanning 4194304 bytes.
[2024-07-23T08:16:13.226+0000] {spark_submit.py:571} INFO - 24/07/23 08:16:13 INFO SparkContext: Starting job: csv at NativeMethodAccessorImpl.java:0
[2024-07-23T08:16:13.241+0000] {spark_submit.py:571} INFO - 24/07/23 08:16:13 INFO DAGScheduler: Got job 0 (csv at NativeMethodAccessorImpl.java:0) with 1 output partitions
[2024-07-23T08:16:13.241+0000] {spark_submit.py:571} INFO - 24/07/23 08:16:13 INFO DAGScheduler: Final stage: ResultStage 0 (csv at NativeMethodAccessorImpl.java:0)
[2024-07-23T08:16:13.241+0000] {spark_submit.py:571} INFO - 24/07/23 08:16:13 INFO DAGScheduler: Parents of final stage: List()
[2024-07-23T08:16:13.242+0000] {spark_submit.py:571} INFO - 24/07/23 08:16:13 INFO DAGScheduler: Missing parents: List()
[2024-07-23T08:16:13.246+0000] {spark_submit.py:571} INFO - 24/07/23 08:16:13 INFO DAGScheduler: Submitting ResultStage 0 (MapPartitionsRDD[3] at csv at NativeMethodAccessorImpl.java:0), which has no missing parents
[2024-07-23T08:16:13.288+0000] {spark_submit.py:571} INFO - 24/07/23 08:16:13 INFO MemoryStore: Block broadcast_1 stored as values in memory (estimated size 13.5 KiB, free 434.2 MiB)
[2024-07-23T08:16:13.288+0000] {spark_submit.py:571} INFO - 24/07/23 08:16:13 INFO MemoryStore: Block broadcast_1_piece0 stored as bytes in memory (estimated size 6.4 KiB, free 434.2 MiB)
[2024-07-23T08:16:13.288+0000] {spark_submit.py:571} INFO - 24/07/23 08:16:13 INFO BlockManagerInfo: Added broadcast_1_piece0 in memory on be9a273262f9:35607 (size: 6.4 KiB, free: 434.4 MiB)
[2024-07-23T08:16:13.289+0000] {spark_submit.py:571} INFO - 24/07/23 08:16:13 INFO SparkContext: Created broadcast 1 from broadcast at DAGScheduler.scala:1585
[2024-07-23T08:16:13.298+0000] {spark_submit.py:571} INFO - 24/07/23 08:16:13 INFO DAGScheduler: Submitting 1 missing tasks from ResultStage 0 (MapPartitionsRDD[3] at csv at NativeMethodAccessorImpl.java:0) (first 15 tasks are for partitions Vector(0))
[2024-07-23T08:16:13.299+0000] {spark_submit.py:571} INFO - 24/07/23 08:16:13 INFO TaskSchedulerImpl: Adding task set 0.0 with 1 tasks resource profile 0
[2024-07-23T08:16:15.763+0000] {spark_submit.py:571} INFO - 24/07/23 08:16:15 INFO StandaloneAppClient$ClientEndpoint: Executor added: app-20240723081609-0002/0 on worker-20240723081411-172.18.0.7-44841 (172.18.0.7:44841) with 2 core(s)
[2024-07-23T08:16:15.767+0000] {spark_submit.py:571} INFO - 24/07/23 08:16:15 INFO StandaloneSchedulerBackend: Granted executor ID app-20240723081609-0002/0 on hostPort 172.18.0.7:44841 with 2 core(s), 1024.0 MiB RAM
[2024-07-23T08:16:15.795+0000] {spark_submit.py:571} INFO - 24/07/23 08:16:15 INFO StandaloneAppClient$ClientEndpoint: Executor updated: app-20240723081609-0002/0 is now RUNNING
[2024-07-23T08:16:16.993+0000] {spark_submit.py:571} INFO - 24/07/23 08:16:16 INFO StandaloneSchedulerBackend$StandaloneDriverEndpoint: Registered executor NettyRpcEndpointRef(spark-client://Executor) (172.18.0.7:41632) with ID 0,  ResourceProfileId 0
[2024-07-23T08:16:17.024+0000] {spark_submit.py:571} INFO - 24/07/23 08:16:17 INFO BlockManagerMasterEndpoint: Registering block manager 172.18.0.7:37035 with 434.4 MiB RAM, BlockManagerId(0, 172.18.0.7, 37035, None)
[2024-07-23T08:16:17.053+0000] {spark_submit.py:571} INFO - 24/07/23 08:16:17 INFO TaskSetManager: Starting task 0.0 in stage 0.0 (TID 0) (172.18.0.7, executor 0, partition 0, PROCESS_LOCAL, 8250 bytes)
[2024-07-23T08:16:17.174+0000] {spark_submit.py:571} INFO - 24/07/23 08:16:17 INFO BlockManagerInfo: Added broadcast_1_piece0 in memory on 172.18.0.7:37035 (size: 6.4 KiB, free: 434.4 MiB)
[2024-07-23T08:16:17.525+0000] {spark_submit.py:571} INFO - 24/07/23 08:16:17 INFO BlockManagerInfo: Added broadcast_0_piece0 in memory on 172.18.0.7:37035 (size: 34.3 KiB, free: 434.4 MiB)
[2024-07-23T08:16:17.610+0000] {spark_submit.py:571} INFO - 24/07/23 08:16:17 INFO TaskSetManager: Finished task 0.0 in stage 0.0 (TID 0) in 562 ms on 172.18.0.7 (executor 0) (1/1)
[2024-07-23T08:16:17.611+0000] {spark_submit.py:571} INFO - 24/07/23 08:16:17 INFO TaskSchedulerImpl: Removed TaskSet 0.0, whose tasks have all completed, from pool
[2024-07-23T08:16:17.613+0000] {spark_submit.py:571} INFO - 24/07/23 08:16:17 INFO DAGScheduler: ResultStage 0 (csv at NativeMethodAccessorImpl.java:0) finished in 4.359 s
[2024-07-23T08:16:17.614+0000] {spark_submit.py:571} INFO - 24/07/23 08:16:17 INFO DAGScheduler: Job 0 is finished. Cancelling potential speculative or zombie tasks for this job
[2024-07-23T08:16:17.615+0000] {spark_submit.py:571} INFO - 24/07/23 08:16:17 INFO TaskSchedulerImpl: Killing all running tasks in stage 0: Stage finished
[2024-07-23T08:16:17.616+0000] {spark_submit.py:571} INFO - 24/07/23 08:16:17 INFO DAGScheduler: Job 0 finished: csv at NativeMethodAccessorImpl.java:0, took 4.389366 s
[2024-07-23T08:16:17.629+0000] {spark_submit.py:571} INFO - 24/07/23 08:16:17 INFO CodeGenerator: Code generated in 6.10675 ms
[2024-07-23T08:16:17.655+0000] {spark_submit.py:571} INFO - 24/07/23 08:16:17 INFO BlockManagerInfo: Removed broadcast_1_piece0 on be9a273262f9:35607 in memory (size: 6.4 KiB, free: 434.4 MiB)
[2024-07-23T08:16:17.658+0000] {spark_submit.py:571} INFO - 24/07/23 08:16:17 INFO FileSourceStrategy: Pushed Filters:
[2024-07-23T08:16:17.659+0000] {spark_submit.py:571} INFO - 24/07/23 08:16:17 INFO FileSourceStrategy: Post-Scan Filters:
[2024-07-23T08:16:17.661+0000] {spark_submit.py:571} INFO - 24/07/23 08:16:17 INFO BlockManagerInfo: Removed broadcast_1_piece0 on 172.18.0.7:37035 in memory (size: 6.4 KiB, free: 434.4 MiB)
[2024-07-23T08:16:17.663+0000] {spark_submit.py:571} INFO - 24/07/23 08:16:17 INFO MemoryStore: Block broadcast_2 stored as values in memory (estimated size 199.8 KiB, free 434.0 MiB)
[2024-07-23T08:16:17.671+0000] {spark_submit.py:571} INFO - 24/07/23 08:16:17 INFO MemoryStore: Block broadcast_2_piece0 stored as bytes in memory (estimated size 34.3 KiB, free 433.9 MiB)
[2024-07-23T08:16:17.673+0000] {spark_submit.py:571} INFO - 24/07/23 08:16:17 INFO BlockManagerInfo: Added broadcast_2_piece0 in memory on be9a273262f9:35607 (size: 34.3 KiB, free: 434.3 MiB)
[2024-07-23T08:16:17.674+0000] {spark_submit.py:571} INFO - 24/07/23 08:16:17 INFO SparkContext: Created broadcast 2 from csv at NativeMethodAccessorImpl.java:0
[2024-07-23T08:16:17.675+0000] {spark_submit.py:571} INFO - 24/07/23 08:16:17 INFO FileSourceScanExec: Planning scan with bin packing, max size: 5368882 bytes, open cost is considered as scanning 4194304 bytes.
[2024-07-23T08:16:17.718+0000] {spark_submit.py:571} INFO - 24/07/23 08:16:17 INFO SparkContext: Starting job: csv at NativeMethodAccessorImpl.java:0
[2024-07-23T08:16:17.719+0000] {spark_submit.py:571} INFO - 24/07/23 08:16:17 INFO DAGScheduler: Got job 1 (csv at NativeMethodAccessorImpl.java:0) with 2 output partitions
[2024-07-23T08:16:17.719+0000] {spark_submit.py:571} INFO - 24/07/23 08:16:17 INFO DAGScheduler: Final stage: ResultStage 1 (csv at NativeMethodAccessorImpl.java:0)
[2024-07-23T08:16:17.720+0000] {spark_submit.py:571} INFO - 24/07/23 08:16:17 INFO DAGScheduler: Parents of final stage: List()
[2024-07-23T08:16:17.720+0000] {spark_submit.py:571} INFO - 24/07/23 08:16:17 INFO DAGScheduler: Missing parents: List()
[2024-07-23T08:16:17.720+0000] {spark_submit.py:571} INFO - 24/07/23 08:16:17 INFO DAGScheduler: Submitting ResultStage 1 (MapPartitionsRDD[9] at csv at NativeMethodAccessorImpl.java:0), which has no missing parents
[2024-07-23T08:16:17.730+0000] {spark_submit.py:571} INFO - 24/07/23 08:16:17 INFO MemoryStore: Block broadcast_3 stored as values in memory (estimated size 27.7 KiB, free 433.9 MiB)
[2024-07-23T08:16:17.733+0000] {spark_submit.py:571} INFO - 24/07/23 08:16:17 INFO MemoryStore: Block broadcast_3_piece0 stored as bytes in memory (estimated size 12.8 KiB, free 433.9 MiB)
[2024-07-23T08:16:17.734+0000] {spark_submit.py:571} INFO - 24/07/23 08:16:17 INFO BlockManagerInfo: Added broadcast_3_piece0 in memory on be9a273262f9:35607 (size: 12.8 KiB, free: 434.3 MiB)
[2024-07-23T08:16:17.734+0000] {spark_submit.py:571} INFO - 24/07/23 08:16:17 INFO SparkContext: Created broadcast 3 from broadcast at DAGScheduler.scala:1585
[2024-07-23T08:16:17.735+0000] {spark_submit.py:571} INFO - 24/07/23 08:16:17 INFO DAGScheduler: Submitting 2 missing tasks from ResultStage 1 (MapPartitionsRDD[9] at csv at NativeMethodAccessorImpl.java:0) (first 15 tasks are for partitions Vector(0, 1))
[2024-07-23T08:16:17.736+0000] {spark_submit.py:571} INFO - 24/07/23 08:16:17 INFO TaskSchedulerImpl: Adding task set 1.0 with 2 tasks resource profile 0
[2024-07-23T08:16:17.736+0000] {spark_submit.py:571} INFO - 24/07/23 08:16:17 INFO TaskSetManager: Starting task 0.0 in stage 1.0 (TID 1) (172.18.0.7, executor 0, partition 0, PROCESS_LOCAL, 8250 bytes)
[2024-07-23T08:16:17.736+0000] {spark_submit.py:571} INFO - 24/07/23 08:16:17 INFO TaskSetManager: Starting task 1.0 in stage 1.0 (TID 2) (172.18.0.7, executor 0, partition 1, PROCESS_LOCAL, 8250 bytes)
[2024-07-23T08:16:17.754+0000] {spark_submit.py:571} INFO - 24/07/23 08:16:17 INFO BlockManagerInfo: Removed broadcast_0_piece0 on be9a273262f9:35607 in memory (size: 34.3 KiB, free: 434.4 MiB)
[2024-07-23T08:16:17.757+0000] {spark_submit.py:571} INFO - 24/07/23 08:16:17 INFO BlockManagerInfo: Removed broadcast_0_piece0 on 172.18.0.7:37035 in memory (size: 34.3 KiB, free: 434.4 MiB)
[2024-07-23T08:16:17.759+0000] {spark_submit.py:571} INFO - 24/07/23 08:16:17 INFO BlockManagerInfo: Added broadcast_3_piece0 in memory on 172.18.0.7:37035 (size: 12.8 KiB, free: 434.4 MiB)
[2024-07-23T08:16:18.306+0000] {spark_submit.py:571} INFO - 24/07/23 08:16:18 INFO BlockManagerInfo: Added broadcast_2_piece0 in memory on 172.18.0.7:37035 (size: 34.3 KiB, free: 434.4 MiB)
[2024-07-23T08:16:18.493+0000] {spark_submit.py:571} INFO - 24/07/23 08:16:18 INFO TaskSetManager: Finished task 1.0 in stage 1.0 (TID 2) in 757 ms on 172.18.0.7 (executor 0) (1/2)
[2024-07-23T08:16:18.536+0000] {spark_submit.py:571} INFO - 24/07/23 08:16:18 INFO TaskSetManager: Finished task 0.0 in stage 1.0 (TID 1) in 801 ms on 172.18.0.7 (executor 0) (2/2)
[2024-07-23T08:16:18.537+0000] {spark_submit.py:571} INFO - 24/07/23 08:16:18 INFO TaskSchedulerImpl: Removed TaskSet 1.0, whose tasks have all completed, from pool
[2024-07-23T08:16:18.537+0000] {spark_submit.py:571} INFO - 24/07/23 08:16:18 INFO DAGScheduler: ResultStage 1 (csv at NativeMethodAccessorImpl.java:0) finished in 0.816 s
[2024-07-23T08:16:18.537+0000] {spark_submit.py:571} INFO - 24/07/23 08:16:18 INFO DAGScheduler: Job 1 is finished. Cancelling potential speculative or zombie tasks for this job
[2024-07-23T08:16:18.538+0000] {spark_submit.py:571} INFO - 24/07/23 08:16:18 INFO TaskSchedulerImpl: Killing all running tasks in stage 1: Stage finished
[2024-07-23T08:16:18.538+0000] {spark_submit.py:571} INFO - 24/07/23 08:16:18 INFO DAGScheduler: Job 1 finished: csv at NativeMethodAccessorImpl.java:0, took 0.819246 s
[2024-07-23T08:16:18.579+0000] {spark_submit.py:571} INFO - 24/07/23 08:16:18 INFO FileSourceStrategy: Pushed Filters:
[2024-07-23T08:16:18.580+0000] {spark_submit.py:571} INFO - 24/07/23 08:16:18 INFO FileSourceStrategy: Post-Scan Filters:
[2024-07-23T08:16:18.630+0000] {spark_submit.py:571} INFO - 24/07/23 08:16:18 INFO CodeGenerator: Code generated in 5.637167 ms
[2024-07-23T08:16:18.633+0000] {spark_submit.py:571} INFO - 24/07/23 08:16:18 INFO MemoryStore: Block broadcast_4 stored as values in memory (estimated size 199.6 KiB, free 433.9 MiB)
[2024-07-23T08:16:18.639+0000] {spark_submit.py:571} INFO - 24/07/23 08:16:18 INFO BlockManagerInfo: Removed broadcast_3_piece0 on be9a273262f9:35607 in memory (size: 12.8 KiB, free: 434.4 MiB)
[2024-07-23T08:16:18.641+0000] {spark_submit.py:571} INFO - 24/07/23 08:16:18 INFO BlockManagerInfo: Removed broadcast_3_piece0 on 172.18.0.7:37035 in memory (size: 12.8 KiB, free: 434.4 MiB)
[2024-07-23T08:16:18.641+0000] {spark_submit.py:571} INFO - 24/07/23 08:16:18 INFO MemoryStore: Block broadcast_4_piece0 stored as bytes in memory (estimated size 34.3 KiB, free 433.9 MiB)
[2024-07-23T08:16:18.642+0000] {spark_submit.py:571} INFO - 24/07/23 08:16:18 INFO BlockManagerInfo: Added broadcast_4_piece0 in memory on be9a273262f9:35607 (size: 34.3 KiB, free: 434.3 MiB)
[2024-07-23T08:16:18.644+0000] {spark_submit.py:571} INFO - 24/07/23 08:16:18 INFO SparkContext: Created broadcast 4 from count at NativeMethodAccessorImpl.java:0
[2024-07-23T08:16:18.646+0000] {spark_submit.py:571} INFO - 24/07/23 08:16:18 INFO FileSourceScanExec: Planning scan with bin packing, max size: 5368882 bytes, open cost is considered as scanning 4194304 bytes.
[2024-07-23T08:16:18.662+0000] {spark_submit.py:571} INFO - 24/07/23 08:16:18 INFO DAGScheduler: Registering RDD 13 (count at NativeMethodAccessorImpl.java:0) as input to shuffle 0
[2024-07-23T08:16:18.665+0000] {spark_submit.py:571} INFO - 24/07/23 08:16:18 INFO DAGScheduler: Got map stage job 2 (count at NativeMethodAccessorImpl.java:0) with 2 output partitions
[2024-07-23T08:16:18.665+0000] {spark_submit.py:571} INFO - 24/07/23 08:16:18 INFO DAGScheduler: Final stage: ShuffleMapStage 2 (count at NativeMethodAccessorImpl.java:0)
[2024-07-23T08:16:18.666+0000] {spark_submit.py:571} INFO - 24/07/23 08:16:18 INFO DAGScheduler: Parents of final stage: List()
[2024-07-23T08:16:18.666+0000] {spark_submit.py:571} INFO - 24/07/23 08:16:18 INFO DAGScheduler: Missing parents: List()
[2024-07-23T08:16:18.666+0000] {spark_submit.py:571} INFO - 24/07/23 08:16:18 INFO DAGScheduler: Submitting ShuffleMapStage 2 (MapPartitionsRDD[13] at count at NativeMethodAccessorImpl.java:0), which has no missing parents
[2024-07-23T08:16:18.672+0000] {spark_submit.py:571} INFO - 24/07/23 08:16:18 INFO MemoryStore: Block broadcast_5 stored as values in memory (estimated size 18.2 KiB, free 433.9 MiB)
[2024-07-23T08:16:18.676+0000] {spark_submit.py:571} INFO - 24/07/23 08:16:18 INFO MemoryStore: Block broadcast_5_piece0 stored as bytes in memory (estimated size 9.0 KiB, free 433.9 MiB)
[2024-07-23T08:16:18.676+0000] {spark_submit.py:571} INFO - 24/07/23 08:16:18 INFO BlockManagerInfo: Added broadcast_5_piece0 in memory on be9a273262f9:35607 (size: 9.0 KiB, free: 434.3 MiB)
[2024-07-23T08:16:18.677+0000] {spark_submit.py:571} INFO - 24/07/23 08:16:18 INFO SparkContext: Created broadcast 5 from broadcast at DAGScheduler.scala:1585
[2024-07-23T08:16:18.678+0000] {spark_submit.py:571} INFO - 24/07/23 08:16:18 INFO DAGScheduler: Submitting 2 missing tasks from ShuffleMapStage 2 (MapPartitionsRDD[13] at count at NativeMethodAccessorImpl.java:0) (first 15 tasks are for partitions Vector(0, 1))
[2024-07-23T08:16:18.678+0000] {spark_submit.py:571} INFO - 24/07/23 08:16:18 INFO TaskSchedulerImpl: Adding task set 2.0 with 2 tasks resource profile 0
[2024-07-23T08:16:18.680+0000] {spark_submit.py:571} INFO - 24/07/23 08:16:18 INFO TaskSetManager: Starting task 0.0 in stage 2.0 (TID 3) (172.18.0.7, executor 0, partition 0, PROCESS_LOCAL, 8239 bytes)
[2024-07-23T08:16:18.680+0000] {spark_submit.py:571} INFO - 24/07/23 08:16:18 INFO TaskSetManager: Starting task 1.0 in stage 2.0 (TID 4) (172.18.0.7, executor 0, partition 1, PROCESS_LOCAL, 8239 bytes)
[2024-07-23T08:16:18.693+0000] {spark_submit.py:571} INFO - 24/07/23 08:16:18 INFO BlockManagerInfo: Added broadcast_5_piece0 in memory on 172.18.0.7:37035 (size: 9.0 KiB, free: 434.4 MiB)
[2024-07-23T08:16:18.747+0000] {spark_submit.py:571} INFO - 24/07/23 08:16:18 INFO BlockManagerInfo: Added broadcast_4_piece0 in memory on 172.18.0.7:37035 (size: 34.3 KiB, free: 434.3 MiB)
[2024-07-23T08:16:18.819+0000] {spark_submit.py:571} INFO - 24/07/23 08:16:18 INFO TaskSetManager: Finished task 1.0 in stage 2.0 (TID 4) in 138 ms on 172.18.0.7 (executor 0) (1/2)
[2024-07-23T08:16:18.830+0000] {spark_submit.py:571} INFO - 24/07/23 08:16:18 INFO TaskSetManager: Finished task 0.0 in stage 2.0 (TID 3) in 150 ms on 172.18.0.7 (executor 0) (2/2)
[2024-07-23T08:16:18.831+0000] {spark_submit.py:571} INFO - 24/07/23 08:16:18 INFO TaskSchedulerImpl: Removed TaskSet 2.0, whose tasks have all completed, from pool
[2024-07-23T08:16:18.831+0000] {spark_submit.py:571} INFO - 24/07/23 08:16:18 INFO DAGScheduler: ShuffleMapStage 2 (count at NativeMethodAccessorImpl.java:0) finished in 0.163 s
[2024-07-23T08:16:18.831+0000] {spark_submit.py:571} INFO - 24/07/23 08:16:18 INFO DAGScheduler: looking for newly runnable stages
[2024-07-23T08:16:18.831+0000] {spark_submit.py:571} INFO - 24/07/23 08:16:18 INFO DAGScheduler: running: Set()
[2024-07-23T08:16:18.832+0000] {spark_submit.py:571} INFO - 24/07/23 08:16:18 INFO DAGScheduler: waiting: Set()
[2024-07-23T08:16:18.832+0000] {spark_submit.py:571} INFO - 24/07/23 08:16:18 INFO DAGScheduler: failed: Set()
[2024-07-23T08:16:18.850+0000] {spark_submit.py:571} INFO - 24/07/23 08:16:18 INFO CodeGenerator: Code generated in 5.456875 ms
[2024-07-23T08:16:18.875+0000] {spark_submit.py:571} INFO - 24/07/23 08:16:18 INFO SparkContext: Starting job: count at NativeMethodAccessorImpl.java:0
[2024-07-23T08:16:18.876+0000] {spark_submit.py:571} INFO - 24/07/23 08:16:18 INFO DAGScheduler: Got job 3 (count at NativeMethodAccessorImpl.java:0) with 1 output partitions
[2024-07-23T08:16:18.876+0000] {spark_submit.py:571} INFO - 24/07/23 08:16:18 INFO DAGScheduler: Final stage: ResultStage 4 (count at NativeMethodAccessorImpl.java:0)
[2024-07-23T08:16:18.877+0000] {spark_submit.py:571} INFO - 24/07/23 08:16:18 INFO DAGScheduler: Parents of final stage: List(ShuffleMapStage 3)
[2024-07-23T08:16:18.877+0000] {spark_submit.py:571} INFO - 24/07/23 08:16:18 INFO DAGScheduler: Missing parents: List()
[2024-07-23T08:16:18.877+0000] {spark_submit.py:571} INFO - 24/07/23 08:16:18 INFO DAGScheduler: Submitting ResultStage 4 (MapPartitionsRDD[16] at count at NativeMethodAccessorImpl.java:0), which has no missing parents
[2024-07-23T08:16:18.881+0000] {spark_submit.py:571} INFO - 24/07/23 08:16:18 INFO MemoryStore: Block broadcast_6 stored as values in memory (estimated size 12.5 KiB, free 433.9 MiB)
[2024-07-23T08:16:18.884+0000] {spark_submit.py:571} INFO - 24/07/23 08:16:18 INFO MemoryStore: Block broadcast_6_piece0 stored as bytes in memory (estimated size 5.9 KiB, free 433.9 MiB)
[2024-07-23T08:16:18.886+0000] {spark_submit.py:571} INFO - 24/07/23 08:16:18 INFO BlockManagerInfo: Added broadcast_6_piece0 in memory on be9a273262f9:35607 (size: 5.9 KiB, free: 434.3 MiB)
[2024-07-23T08:16:18.886+0000] {spark_submit.py:571} INFO - 24/07/23 08:16:18 INFO BlockManagerInfo: Removed broadcast_5_piece0 on be9a273262f9:35607 in memory (size: 9.0 KiB, free: 434.3 MiB)
[2024-07-23T08:16:18.887+0000] {spark_submit.py:571} INFO - 24/07/23 08:16:18 INFO SparkContext: Created broadcast 6 from broadcast at DAGScheduler.scala:1585
[2024-07-23T08:16:18.887+0000] {spark_submit.py:571} INFO - 24/07/23 08:16:18 INFO DAGScheduler: Submitting 1 missing tasks from ResultStage 4 (MapPartitionsRDD[16] at count at NativeMethodAccessorImpl.java:0) (first 15 tasks are for partitions Vector(0))
[2024-07-23T08:16:18.887+0000] {spark_submit.py:571} INFO - 24/07/23 08:16:18 INFO TaskSchedulerImpl: Adding task set 4.0 with 1 tasks resource profile 0
[2024-07-23T08:16:18.888+0000] {spark_submit.py:571} INFO - 24/07/23 08:16:18 INFO BlockManagerInfo: Removed broadcast_5_piece0 on 172.18.0.7:37035 in memory (size: 9.0 KiB, free: 434.3 MiB)
[2024-07-23T08:16:18.889+0000] {spark_submit.py:571} INFO - 24/07/23 08:16:18 INFO TaskSetManager: Starting task 0.0 in stage 4.0 (TID 5) (172.18.0.7, executor 0, partition 0, NODE_LOCAL, 7619 bytes)
[2024-07-23T08:16:18.902+0000] {spark_submit.py:571} INFO - 24/07/23 08:16:18 INFO BlockManagerInfo: Added broadcast_6_piece0 in memory on 172.18.0.7:37035 (size: 5.9 KiB, free: 434.3 MiB)
[2024-07-23T08:16:18.916+0000] {spark_submit.py:571} INFO - 24/07/23 08:16:18 INFO MapOutputTrackerMasterEndpoint: Asked to send map output locations for shuffle 0 to 172.18.0.7:41632
[2024-07-23T08:16:18.976+0000] {spark_submit.py:571} INFO - 24/07/23 08:16:18 INFO TaskSetManager: Finished task 0.0 in stage 4.0 (TID 5) in 88 ms on 172.18.0.7 (executor 0) (1/1)
[2024-07-23T08:16:18.977+0000] {spark_submit.py:571} INFO - 24/07/23 08:16:18 INFO TaskSchedulerImpl: Removed TaskSet 4.0, whose tasks have all completed, from pool
[2024-07-23T08:16:18.978+0000] {spark_submit.py:571} INFO - 24/07/23 08:16:18 INFO DAGScheduler: ResultStage 4 (count at NativeMethodAccessorImpl.java:0) finished in 0.097 s
[2024-07-23T08:16:18.978+0000] {spark_submit.py:571} INFO - 24/07/23 08:16:18 INFO DAGScheduler: Job 3 is finished. Cancelling potential speculative or zombie tasks for this job
[2024-07-23T08:16:18.978+0000] {spark_submit.py:571} INFO - 24/07/23 08:16:18 INFO TaskSchedulerImpl: Killing all running tasks in stage 4: Stage finished
[2024-07-23T08:16:18.979+0000] {spark_submit.py:571} INFO - 24/07/23 08:16:18 INFO DAGScheduler: Job 3 finished: count at NativeMethodAccessorImpl.java:0, took 0.103047 s
[2024-07-23T08:16:18.981+0000] {spark_submit.py:571} INFO - Traceback (most recent call last):
[2024-07-23T08:16:18.981+0000] {spark_submit.py:571} INFO - File "/opt/airflow/spark/count_rows.py", line 22, in <module>
[2024-07-23T08:16:18.981+0000] {spark_submit.py:571} INFO - count_accidents_spark()
[2024-07-23T08:16:18.982+0000] {spark_submit.py:571} INFO - File "/opt/airflow/spark/count_rows.py", line 18, in count_accidents_spark
[2024-07-23T08:16:18.986+0000] {spark_submit.py:571} INFO - print("Numer of rows " + rows)
[2024-07-23T08:16:18.987+0000] {spark_submit.py:571} INFO - ~~~~~~~~~~~~~~~~~^~~~~~
[2024-07-23T08:16:18.987+0000] {spark_submit.py:571} INFO - TypeError: can only concatenate str (not "int") to str
[2024-07-23T08:16:19.015+0000] {spark_submit.py:571} INFO - 24/07/23 08:16:19 INFO SparkContext: Invoking stop() from shutdown hook
[2024-07-23T08:16:19.016+0000] {spark_submit.py:571} INFO - 24/07/23 08:16:19 INFO SparkContext: SparkContext is stopping with exitCode 0.
[2024-07-23T08:16:19.020+0000] {spark_submit.py:571} INFO - 24/07/23 08:16:19 INFO SparkUI: Stopped Spark web UI at http://be9a273262f9:4041
[2024-07-23T08:16:19.021+0000] {spark_submit.py:571} INFO - 24/07/23 08:16:19 INFO StandaloneSchedulerBackend: Shutting down all executors
[2024-07-23T08:16:19.022+0000] {spark_submit.py:571} INFO - 24/07/23 08:16:19 INFO StandaloneSchedulerBackend$StandaloneDriverEndpoint: Asking each executor to shut down
[2024-07-23T08:16:19.031+0000] {spark_submit.py:571} INFO - 24/07/23 08:16:19 INFO MapOutputTrackerMasterEndpoint: MapOutputTrackerMasterEndpoint stopped!
[2024-07-23T08:16:19.038+0000] {spark_submit.py:571} INFO - 24/07/23 08:16:19 INFO MemoryStore: MemoryStore cleared
[2024-07-23T08:16:19.039+0000] {spark_submit.py:571} INFO - 24/07/23 08:16:19 INFO BlockManager: BlockManager stopped
[2024-07-23T08:16:19.043+0000] {spark_submit.py:571} INFO - 24/07/23 08:16:19 INFO BlockManagerMaster: BlockManagerMaster stopped
[2024-07-23T08:16:19.044+0000] {spark_submit.py:571} INFO - 24/07/23 08:16:19 INFO OutputCommitCoordinator$OutputCommitCoordinatorEndpoint: OutputCommitCoordinator stopped!
[2024-07-23T08:16:19.054+0000] {spark_submit.py:571} INFO - 24/07/23 08:16:19 INFO SparkContext: Successfully stopped SparkContext
[2024-07-23T08:16:19.066+0000] {spark_submit.py:571} INFO - 24/07/23 08:16:19 INFO ShutdownHookManager: Shutdown hook called
[2024-07-23T08:16:19.067+0000] {spark_submit.py:571} INFO - 24/07/23 08:16:19 INFO ShutdownHookManager: Deleting directory /tmp/spark-8c02c7a0-5eaf-40a8-b93d-9b0981d2f539
[2024-07-23T08:16:19.067+0000] {spark_submit.py:571} INFO - 24/07/23 08:16:19 INFO ShutdownHookManager: Deleting directory /tmp/spark-900508f3-10ec-46be-816b-8809a037ba0f
[2024-07-23T08:16:19.067+0000] {spark_submit.py:571} INFO - 24/07/23 08:16:19 INFO ShutdownHookManager: Deleting directory /tmp/spark-8c02c7a0-5eaf-40a8-b93d-9b0981d2f539/pyspark-fbee97f5-0550-4176-9e72-614f811381f9
[2024-07-23T08:16:19.086+0000] {taskinstance.py:441} INFO - ::group::Post task execution logs
[2024-07-23T08:16:19.097+0000] {taskinstance.py:2905} ERROR - Task failed with exception
Traceback (most recent call last):
  File "/home/airflow/.local/lib/python3.12/site-packages/airflow/models/taskinstance.py", line 465, in _execute_task
    result = _execute_callable(context=context, **execute_callable_kwargs)
             ^^^^^^^^^^^^^^^^^^^^^^^^^^^^^^^^^^^^^^^^^^^^^^^^^^^^^^^^^^^^^
  File "/home/airflow/.local/lib/python3.12/site-packages/airflow/models/taskinstance.py", line 432, in _execute_callable
    return execute_callable(context=context, **execute_callable_kwargs)
           ^^^^^^^^^^^^^^^^^^^^^^^^^^^^^^^^^^^^^^^^^^^^^^^^^^^^^^^^^^^^
  File "/home/airflow/.local/lib/python3.12/site-packages/airflow/models/baseoperator.py", line 401, in wrapper
    return func(self, *args, **kwargs)
           ^^^^^^^^^^^^^^^^^^^^^^^^^^^
  File "/home/airflow/.local/lib/python3.12/site-packages/airflow/providers/apache/spark/operators/spark_submit.py", line 174, in execute
    self._hook.submit(self.application)
  File "/home/airflow/.local/lib/python3.12/site-packages/airflow/providers/apache/spark/hooks/spark_submit.py", line 502, in submit
    raise AirflowException(
airflow.exceptions.AirflowException: Cannot execute: spark-submit --master spark://spark:7077 --name arrow-spark --deploy-mode client /opt/airflow/spark/count_rows.py. Error code is: 1.
[2024-07-23T08:16:19.100+0000] {taskinstance.py:1206} INFO - Marking task as FAILED. dag_id=count_accidents, task_id=spark_count_number_of_accidents, run_id=manual__2024-07-23T08:16:04.798005+00:00, execution_date=20240723T081604, start_date=20240723T081606, end_date=20240723T081619
[2024-07-23T08:16:19.107+0000] {standard_task_runner.py:110} ERROR - Failed to execute job 1858 for task spark_count_number_of_accidents (Cannot execute: spark-submit --master spark://spark:7077 --name arrow-spark --deploy-mode client /opt/airflow/spark/count_rows.py. Error code is: 1.; 247)
[2024-07-23T08:16:19.128+0000] {local_task_job_runner.py:240} INFO - Task exited with return code 1
[2024-07-23T08:16:19.142+0000] {taskinstance.py:3503} INFO - 0 downstream tasks scheduled from follow-on schedule check
[2024-07-23T08:16:19.143+0000] {local_task_job_runner.py:222} INFO - ::endgroup::
