[2024-07-19T12:31:41.236+0000] {local_task_job_runner.py:120} INFO - ::group::Pre task execution logs
[2024-07-19T12:31:41.254+0000] {taskinstance.py:2076} INFO - Dependencies all met for dep_context=non-requeueable deps ti=<TaskInstance: count_accidents.spark_count_number_of_accidents manual__2024-07-19T12:31:40.016886+00:00 [queued]>
[2024-07-19T12:31:41.259+0000] {taskinstance.py:2076} INFO - Dependencies all met for dep_context=requeueable deps ti=<TaskInstance: count_accidents.spark_count_number_of_accidents manual__2024-07-19T12:31:40.016886+00:00 [queued]>
[2024-07-19T12:31:41.259+0000] {taskinstance.py:2306} INFO - Starting attempt 1 of 1
[2024-07-19T12:31:41.266+0000] {taskinstance.py:2330} INFO - Executing <Task(SparkSubmitOperator): spark_count_number_of_accidents> on 2024-07-19 12:31:40.016886+00:00
[2024-07-19T12:31:41.270+0000] {warnings.py:112} WARNING - /home/airflow/.local/lib/python3.12/site-packages/airflow/task/task_runner/standard_task_runner.py:61: DeprecationWarning: This process (pid=225) is multi-threaded, use of fork() may lead to deadlocks in the child.
  pid = os.fork()

[2024-07-19T12:31:41.271+0000] {standard_task_runner.py:63} INFO - Started process 227 to run task
[2024-07-19T12:31:41.272+0000] {standard_task_runner.py:90} INFO - Running: ['airflow', 'tasks', 'run', 'count_accidents', 'spark_count_number_of_accidents', 'manual__2024-07-19T12:31:40.016886+00:00', '--job-id', '1631', '--raw', '--subdir', 'DAGS_FOLDER/count_accidents.py', '--cfg-path', '/tmp/tmppi4df_e8']
[2024-07-19T12:31:41.274+0000] {standard_task_runner.py:91} INFO - Job 1631: Subtask spark_count_number_of_accidents
[2024-07-19T12:31:41.324+0000] {task_command.py:426} INFO - Running <TaskInstance: count_accidents.spark_count_number_of_accidents manual__2024-07-19T12:31:40.016886+00:00 [running]> on host 9aa28c84d96b
[2024-07-19T12:31:41.407+0000] {taskinstance.py:2648} INFO - Exporting env vars: AIRFLOW_CTX_DAG_OWNER='airflow' AIRFLOW_CTX_DAG_ID='count_accidents' AIRFLOW_CTX_TASK_ID='spark_count_number_of_accidents' AIRFLOW_CTX_EXECUTION_DATE='2024-07-19T12:31:40.016886+00:00' AIRFLOW_CTX_TRY_NUMBER='1' AIRFLOW_CTX_DAG_RUN_ID='manual__2024-07-19T12:31:40.016886+00:00'
[2024-07-19T12:31:41.409+0000] {taskinstance.py:430} INFO - ::endgroup::
[2024-07-19T12:31:41.420+0000] {base.py:84} INFO - Using connection ID 'spark' for task execution.
[2024-07-19T12:31:41.421+0000] {spark_submit.py:401} INFO - Spark-Submit cmd: spark-submit --master host.docker.internal:7077 --num-executors 1 --total-executor-cores 1 --executor-cores 1 --executor-memory 2g --driver-memory 2g --name arrow-spark --deploy-mode client ./spark/count_rows
[2024-07-19T12:31:41.480+0000] {spark_submit.py:571} INFO - /home/airflow/.local/lib/python3.12/site-packages/pyspark/bin/load-spark-env.sh: line 68: ps: command not found
[2024-07-19T12:31:41.480+0000] {spark_submit.py:571} INFO - JAVA_HOME is not set
[2024-07-19T12:31:41.481+0000] {taskinstance.py:441} INFO - ::group::Post task execution logs
[2024-07-19T12:31:41.491+0000] {taskinstance.py:2905} ERROR - Task failed with exception
Traceback (most recent call last):
  File "/home/airflow/.local/lib/python3.12/site-packages/airflow/models/taskinstance.py", line 465, in _execute_task
    result = _execute_callable(context=context, **execute_callable_kwargs)
             ^^^^^^^^^^^^^^^^^^^^^^^^^^^^^^^^^^^^^^^^^^^^^^^^^^^^^^^^^^^^^
  File "/home/airflow/.local/lib/python3.12/site-packages/airflow/models/taskinstance.py", line 432, in _execute_callable
    return execute_callable(context=context, **execute_callable_kwargs)
           ^^^^^^^^^^^^^^^^^^^^^^^^^^^^^^^^^^^^^^^^^^^^^^^^^^^^^^^^^^^^
  File "/home/airflow/.local/lib/python3.12/site-packages/airflow/models/baseoperator.py", line 401, in wrapper
    return func(self, *args, **kwargs)
           ^^^^^^^^^^^^^^^^^^^^^^^^^^^
  File "/home/airflow/.local/lib/python3.12/site-packages/airflow/providers/apache/spark/operators/spark_submit.py", line 174, in execute
    self._hook.submit(self.application)
  File "/home/airflow/.local/lib/python3.12/site-packages/airflow/providers/apache/spark/hooks/spark_submit.py", line 502, in submit
    raise AirflowException(
airflow.exceptions.AirflowException: Cannot execute: spark-submit --master host.docker.internal:7077 --num-executors 1 --total-executor-cores 1 --executor-cores 1 --executor-memory 2g --driver-memory 2g --name arrow-spark --deploy-mode client ./spark/count_rows. Error code is: 1.
[2024-07-19T12:31:41.494+0000] {taskinstance.py:1206} INFO - Marking task as FAILED. dag_id=count_accidents, task_id=spark_count_number_of_accidents, run_id=manual__2024-07-19T12:31:40.016886+00:00, execution_date=20240719T123140, start_date=20240719T123141, end_date=20240719T123141
[2024-07-19T12:31:41.504+0000] {standard_task_runner.py:110} ERROR - Failed to execute job 1631 for task spark_count_number_of_accidents (Cannot execute: spark-submit --master host.docker.internal:7077 --num-executors 1 --total-executor-cores 1 --executor-cores 1 --executor-memory 2g --driver-memory 2g --name arrow-spark --deploy-mode client ./spark/count_rows. Error code is: 1.; 227)
[2024-07-19T12:31:41.535+0000] {local_task_job_runner.py:240} INFO - Task exited with return code 1
[2024-07-19T12:31:41.550+0000] {taskinstance.py:3503} INFO - 0 downstream tasks scheduled from follow-on schedule check
[2024-07-19T12:31:41.550+0000] {local_task_job_runner.py:222} INFO - ::endgroup::
