[2024-07-19T11:43:41.258+0000] {local_task_job_runner.py:120} INFO - ::group::Pre task execution logs
[2024-07-19T11:43:41.274+0000] {taskinstance.py:2076} INFO - Dependencies all met for dep_context=non-requeueable deps ti=<TaskInstance: trigger_dag.wait_for_run_file manual__2024-07-19T11:43:39.979350+00:00 [queued]>
[2024-07-19T11:43:41.278+0000] {taskinstance.py:2076} INFO - Dependencies all met for dep_context=requeueable deps ti=<TaskInstance: trigger_dag.wait_for_run_file manual__2024-07-19T11:43:39.979350+00:00 [queued]>
[2024-07-19T11:43:41.279+0000] {taskinstance.py:2306} INFO - Starting attempt 1 of 1
[2024-07-19T11:43:41.286+0000] {taskinstance.py:2330} INFO - Executing <Task(FileSensor): wait_for_run_file> on 2024-07-19 11:43:39.979350+00:00
[2024-07-19T11:43:41.289+0000] {warnings.py:112} WARNING - /home/airflow/.local/lib/python3.12/site-packages/airflow/task/task_runner/standard_task_runner.py:61: DeprecationWarning: This process (pid=616) is multi-threaded, use of fork() may lead to deadlocks in the child.
  pid = os.fork()

[2024-07-19T11:43:41.290+0000] {standard_task_runner.py:63} INFO - Started process 618 to run task
[2024-07-19T11:43:41.290+0000] {standard_task_runner.py:90} INFO - Running: ['airflow', 'tasks', 'run', 'trigger_dag', 'wait_for_run_file', 'manual__2024-07-19T11:43:39.979350+00:00', '--job-id', '1596', '--raw', '--subdir', 'DAGS_FOLDER/trigger_dag.py', '--cfg-path', '/tmp/tmp8evzbnzb']
[2024-07-19T11:43:41.292+0000] {standard_task_runner.py:91} INFO - Job 1596: Subtask wait_for_run_file
[2024-07-19T11:43:41.339+0000] {task_command.py:426} INFO - Running <TaskInstance: trigger_dag.wait_for_run_file manual__2024-07-19T11:43:39.979350+00:00 [running]> on host b6c6b8dd133d
[2024-07-19T11:43:41.474+0000] {taskinstance.py:2648} INFO - Exporting env vars: AIRFLOW_CTX_DAG_OWNER='airflow' AIRFLOW_CTX_DAG_ID='trigger_dag' AIRFLOW_CTX_TASK_ID='wait_for_run_file' AIRFLOW_CTX_EXECUTION_DATE='2024-07-19T11:43:39.979350+00:00' AIRFLOW_CTX_TRY_NUMBER='1' AIRFLOW_CTX_DAG_RUN_ID='manual__2024-07-19T11:43:39.979350+00:00'
[2024-07-19T11:43:41.480+0000] {taskinstance.py:430} INFO - ::endgroup::
[2024-07-19T11:43:41.481+0000] {baseoperator.py:400} WARNING - FileSensor.execute cannot be called outside TaskInstance!
[2024-07-19T11:43:41.496+0000] {base.py:84} INFO - Using connection ID 'fs_default' for task execution.
[2024-07-19T11:43:41.498+0000] {filesystem.py:85} INFO - Poking for file /opt/airflow/data/small_text
[2024-07-19T11:44:41.519+0000] {filesystem.py:85} INFO - Poking for file /opt/airflow/data/small_text
[2024-07-19T11:44:41.527+0000] {filesystem.py:89} INFO - Found File /opt/airflow/data/small_text last modified: 20240719114438
[2024-07-19T11:44:41.527+0000] {base.py:294} INFO - Success criteria met. Exiting.
[2024-07-19T11:44:41.527+0000] {filesystem.py:85} INFO - Poking for file /opt/airflow/data/small_text
[2024-07-19T11:44:41.528+0000] {filesystem.py:89} INFO - Found File /opt/airflow/data/small_text last modified: 20240719114438
[2024-07-19T11:44:41.528+0000] {taskinstance.py:441} INFO - ::group::Post task execution logs
[2024-07-19T11:44:41.552+0000] {taskinstance.py:1206} INFO - Marking task as SUCCESS. dag_id=trigger_dag, task_id=wait_for_run_file, run_id=manual__2024-07-19T11:43:39.979350+00:00, execution_date=20240719T114339, start_date=20240719T114341, end_date=20240719T114441
[2024-07-19T11:44:41.588+0000] {local_task_job_runner.py:240} INFO - Task exited with return code 0
[2024-07-19T11:44:41.634+0000] {taskinstance.py:3503} INFO - 1 downstream tasks scheduled from follow-on schedule check
[2024-07-19T11:44:41.635+0000] {local_task_job_runner.py:222} INFO - ::endgroup::
