[2024-07-15T13:40:22.772+0000] {processor.py:161} INFO - Started process (PID=71) to work on /home/airflow/.local/lib/python3.12/site-packages/airflow/example_dags/example_sensors.py
[2024-07-15T13:40:22.773+0000] {processor.py:830} INFO - Processing file /home/airflow/.local/lib/python3.12/site-packages/airflow/example_dags/example_sensors.py for tasks to queue
[2024-07-15T13:40:22.774+0000] {logging_mixin.py:188} INFO - [2024-07-15T13:40:22.774+0000] {dagbag.py:545} INFO - Filling up the DagBag from /home/airflow/.local/lib/python3.12/site-packages/airflow/example_dags/example_sensors.py
[2024-07-15T13:40:22.783+0000] {processor.py:840} INFO - DAG(s) 'example_sensors' retrieved from /home/airflow/.local/lib/python3.12/site-packages/airflow/example_dags/example_sensors.py
[2024-07-15T13:40:22.795+0000] {logging_mixin.py:188} INFO - [2024-07-15T13:40:22.795+0000] {dag.py:3096} INFO - Sync 1 DAGs
[2024-07-15T13:40:22.808+0000] {logging_mixin.py:188} INFO - [2024-07-15T13:40:22.808+0000] {dag.py:3954} INFO - Setting next_dagrun for example_sensors to None, run_after=None
[2024-07-15T13:40:22.822+0000] {processor.py:183} INFO - Processing /home/airflow/.local/lib/python3.12/site-packages/airflow/example_dags/example_sensors.py took 0.054 seconds
[2024-07-15T13:40:53.381+0000] {processor.py:161} INFO - Started process (PID=135) to work on /home/airflow/.local/lib/python3.12/site-packages/airflow/example_dags/example_sensors.py
[2024-07-15T13:40:53.382+0000] {processor.py:830} INFO - Processing file /home/airflow/.local/lib/python3.12/site-packages/airflow/example_dags/example_sensors.py for tasks to queue
[2024-07-15T13:40:53.383+0000] {logging_mixin.py:188} INFO - [2024-07-15T13:40:53.383+0000] {dagbag.py:545} INFO - Filling up the DagBag from /home/airflow/.local/lib/python3.12/site-packages/airflow/example_dags/example_sensors.py
[2024-07-15T13:40:53.387+0000] {processor.py:840} INFO - DAG(s) 'example_sensors' retrieved from /home/airflow/.local/lib/python3.12/site-packages/airflow/example_dags/example_sensors.py
[2024-07-15T13:40:53.434+0000] {logging_mixin.py:188} INFO - [2024-07-15T13:40:53.434+0000] {dag.py:3096} INFO - Sync 1 DAGs
[2024-07-15T13:40:53.438+0000] {logging_mixin.py:188} INFO - [2024-07-15T13:40:53.438+0000] {dag.py:3954} INFO - Setting next_dagrun for example_sensors to None, run_after=None
[2024-07-15T13:40:53.447+0000] {processor.py:183} INFO - Processing /home/airflow/.local/lib/python3.12/site-packages/airflow/example_dags/example_sensors.py took 0.069 seconds
[2024-07-15T13:41:23.485+0000] {processor.py:161} INFO - Started process (PID=199) to work on /home/airflow/.local/lib/python3.12/site-packages/airflow/example_dags/example_sensors.py
[2024-07-15T13:41:23.486+0000] {processor.py:830} INFO - Processing file /home/airflow/.local/lib/python3.12/site-packages/airflow/example_dags/example_sensors.py for tasks to queue
[2024-07-15T13:41:23.487+0000] {logging_mixin.py:188} INFO - [2024-07-15T13:41:23.487+0000] {dagbag.py:545} INFO - Filling up the DagBag from /home/airflow/.local/lib/python3.12/site-packages/airflow/example_dags/example_sensors.py
[2024-07-15T13:41:23.491+0000] {processor.py:840} INFO - DAG(s) 'example_sensors' retrieved from /home/airflow/.local/lib/python3.12/site-packages/airflow/example_dags/example_sensors.py
[2024-07-15T13:41:23.505+0000] {logging_mixin.py:188} INFO - [2024-07-15T13:41:23.505+0000] {dag.py:3096} INFO - Sync 1 DAGs
[2024-07-15T13:41:23.510+0000] {logging_mixin.py:188} INFO - [2024-07-15T13:41:23.510+0000] {dag.py:3954} INFO - Setting next_dagrun for example_sensors to None, run_after=None
[2024-07-15T13:41:23.519+0000] {processor.py:183} INFO - Processing /home/airflow/.local/lib/python3.12/site-packages/airflow/example_dags/example_sensors.py took 0.037 seconds
[2024-07-15T13:41:54.492+0000] {processor.py:161} INFO - Started process (PID=263) to work on /home/airflow/.local/lib/python3.12/site-packages/airflow/example_dags/example_sensors.py
[2024-07-15T13:41:54.492+0000] {processor.py:830} INFO - Processing file /home/airflow/.local/lib/python3.12/site-packages/airflow/example_dags/example_sensors.py for tasks to queue
[2024-07-15T13:41:54.493+0000] {logging_mixin.py:188} INFO - [2024-07-15T13:41:54.493+0000] {dagbag.py:545} INFO - Filling up the DagBag from /home/airflow/.local/lib/python3.12/site-packages/airflow/example_dags/example_sensors.py
[2024-07-15T13:41:54.498+0000] {processor.py:840} INFO - DAG(s) 'example_sensors' retrieved from /home/airflow/.local/lib/python3.12/site-packages/airflow/example_dags/example_sensors.py
[2024-07-15T13:41:54.511+0000] {logging_mixin.py:188} INFO - [2024-07-15T13:41:54.510+0000] {dag.py:3096} INFO - Sync 1 DAGs
[2024-07-15T13:41:54.516+0000] {logging_mixin.py:188} INFO - [2024-07-15T13:41:54.516+0000] {dag.py:3954} INFO - Setting next_dagrun for example_sensors to None, run_after=None
[2024-07-15T13:41:54.526+0000] {processor.py:183} INFO - Processing /home/airflow/.local/lib/python3.12/site-packages/airflow/example_dags/example_sensors.py took 0.038 seconds
[2024-07-15T13:42:25.777+0000] {processor.py:161} INFO - Started process (PID=327) to work on /home/airflow/.local/lib/python3.12/site-packages/airflow/example_dags/example_sensors.py
[2024-07-15T13:42:25.778+0000] {processor.py:830} INFO - Processing file /home/airflow/.local/lib/python3.12/site-packages/airflow/example_dags/example_sensors.py for tasks to queue
[2024-07-15T13:42:25.779+0000] {logging_mixin.py:188} INFO - [2024-07-15T13:42:25.779+0000] {dagbag.py:545} INFO - Filling up the DagBag from /home/airflow/.local/lib/python3.12/site-packages/airflow/example_dags/example_sensors.py
[2024-07-15T13:42:25.784+0000] {processor.py:840} INFO - DAG(s) 'example_sensors' retrieved from /home/airflow/.local/lib/python3.12/site-packages/airflow/example_dags/example_sensors.py
[2024-07-15T13:42:25.797+0000] {logging_mixin.py:188} INFO - [2024-07-15T13:42:25.797+0000] {dag.py:3096} INFO - Sync 1 DAGs
[2024-07-15T13:42:25.803+0000] {logging_mixin.py:188} INFO - [2024-07-15T13:42:25.803+0000] {dag.py:3954} INFO - Setting next_dagrun for example_sensors to None, run_after=None
[2024-07-15T13:42:25.814+0000] {processor.py:183} INFO - Processing /home/airflow/.local/lib/python3.12/site-packages/airflow/example_dags/example_sensors.py took 0.040 seconds
[2024-07-15T13:42:55.975+0000] {processor.py:161} INFO - Started process (PID=391) to work on /home/airflow/.local/lib/python3.12/site-packages/airflow/example_dags/example_sensors.py
[2024-07-15T13:42:55.976+0000] {processor.py:830} INFO - Processing file /home/airflow/.local/lib/python3.12/site-packages/airflow/example_dags/example_sensors.py for tasks to queue
[2024-07-15T13:42:55.977+0000] {logging_mixin.py:188} INFO - [2024-07-15T13:42:55.977+0000] {dagbag.py:545} INFO - Filling up the DagBag from /home/airflow/.local/lib/python3.12/site-packages/airflow/example_dags/example_sensors.py
[2024-07-15T13:42:55.982+0000] {processor.py:840} INFO - DAG(s) 'example_sensors' retrieved from /home/airflow/.local/lib/python3.12/site-packages/airflow/example_dags/example_sensors.py
[2024-07-15T13:42:55.995+0000] {logging_mixin.py:188} INFO - [2024-07-15T13:42:55.995+0000] {dag.py:3096} INFO - Sync 1 DAGs
[2024-07-15T13:42:56.002+0000] {logging_mixin.py:188} INFO - [2024-07-15T13:42:56.002+0000] {dag.py:3954} INFO - Setting next_dagrun for example_sensors to None, run_after=None
[2024-07-15T13:42:56.012+0000] {processor.py:183} INFO - Processing /home/airflow/.local/lib/python3.12/site-packages/airflow/example_dags/example_sensors.py took 0.040 seconds
[2024-07-15T13:43:27.073+0000] {processor.py:161} INFO - Started process (PID=455) to work on /home/airflow/.local/lib/python3.12/site-packages/airflow/example_dags/example_sensors.py
[2024-07-15T13:43:27.074+0000] {processor.py:830} INFO - Processing file /home/airflow/.local/lib/python3.12/site-packages/airflow/example_dags/example_sensors.py for tasks to queue
[2024-07-15T13:43:27.075+0000] {logging_mixin.py:188} INFO - [2024-07-15T13:43:27.074+0000] {dagbag.py:545} INFO - Filling up the DagBag from /home/airflow/.local/lib/python3.12/site-packages/airflow/example_dags/example_sensors.py
[2024-07-15T13:43:27.079+0000] {processor.py:840} INFO - DAG(s) 'example_sensors' retrieved from /home/airflow/.local/lib/python3.12/site-packages/airflow/example_dags/example_sensors.py
[2024-07-15T13:43:27.092+0000] {logging_mixin.py:188} INFO - [2024-07-15T13:43:27.091+0000] {dag.py:3096} INFO - Sync 1 DAGs
[2024-07-15T13:43:27.097+0000] {logging_mixin.py:188} INFO - [2024-07-15T13:43:27.097+0000] {dag.py:3954} INFO - Setting next_dagrun for example_sensors to None, run_after=None
[2024-07-15T13:43:27.108+0000] {processor.py:183} INFO - Processing /home/airflow/.local/lib/python3.12/site-packages/airflow/example_dags/example_sensors.py took 0.038 seconds
[2024-07-15T13:43:57.171+0000] {processor.py:161} INFO - Started process (PID=519) to work on /home/airflow/.local/lib/python3.12/site-packages/airflow/example_dags/example_sensors.py
[2024-07-15T13:43:57.172+0000] {processor.py:830} INFO - Processing file /home/airflow/.local/lib/python3.12/site-packages/airflow/example_dags/example_sensors.py for tasks to queue
[2024-07-15T13:43:57.173+0000] {logging_mixin.py:188} INFO - [2024-07-15T13:43:57.173+0000] {dagbag.py:545} INFO - Filling up the DagBag from /home/airflow/.local/lib/python3.12/site-packages/airflow/example_dags/example_sensors.py
[2024-07-15T13:43:57.177+0000] {processor.py:840} INFO - DAG(s) 'example_sensors' retrieved from /home/airflow/.local/lib/python3.12/site-packages/airflow/example_dags/example_sensors.py
[2024-07-15T13:43:57.189+0000] {logging_mixin.py:188} INFO - [2024-07-15T13:43:57.189+0000] {dag.py:3096} INFO - Sync 1 DAGs
[2024-07-15T13:43:57.195+0000] {logging_mixin.py:188} INFO - [2024-07-15T13:43:57.195+0000] {dag.py:3954} INFO - Setting next_dagrun for example_sensors to None, run_after=None
[2024-07-15T13:43:57.204+0000] {processor.py:183} INFO - Processing /home/airflow/.local/lib/python3.12/site-packages/airflow/example_dags/example_sensors.py took 0.036 seconds
[2024-07-15T13:44:27.521+0000] {processor.py:161} INFO - Started process (PID=583) to work on /home/airflow/.local/lib/python3.12/site-packages/airflow/example_dags/example_sensors.py
[2024-07-15T13:44:27.521+0000] {processor.py:830} INFO - Processing file /home/airflow/.local/lib/python3.12/site-packages/airflow/example_dags/example_sensors.py for tasks to queue
[2024-07-15T13:44:27.523+0000] {logging_mixin.py:188} INFO - [2024-07-15T13:44:27.522+0000] {dagbag.py:545} INFO - Filling up the DagBag from /home/airflow/.local/lib/python3.12/site-packages/airflow/example_dags/example_sensors.py
[2024-07-15T13:44:27.527+0000] {processor.py:840} INFO - DAG(s) 'example_sensors' retrieved from /home/airflow/.local/lib/python3.12/site-packages/airflow/example_dags/example_sensors.py
[2024-07-15T13:44:27.539+0000] {logging_mixin.py:188} INFO - [2024-07-15T13:44:27.539+0000] {dag.py:3096} INFO - Sync 1 DAGs
[2024-07-15T13:44:27.546+0000] {logging_mixin.py:188} INFO - [2024-07-15T13:44:27.546+0000] {dag.py:3954} INFO - Setting next_dagrun for example_sensors to None, run_after=None
[2024-07-15T13:44:27.555+0000] {processor.py:183} INFO - Processing /home/airflow/.local/lib/python3.12/site-packages/airflow/example_dags/example_sensors.py took 0.038 seconds
[2024-07-15T13:45:47.839+0000] {processor.py:161} INFO - Started process (PID=72) to work on /home/airflow/.local/lib/python3.12/site-packages/airflow/example_dags/example_sensors.py
[2024-07-15T13:45:47.840+0000] {processor.py:830} INFO - Processing file /home/airflow/.local/lib/python3.12/site-packages/airflow/example_dags/example_sensors.py for tasks to queue
[2024-07-15T13:45:47.841+0000] {logging_mixin.py:188} INFO - [2024-07-15T13:45:47.841+0000] {dagbag.py:545} INFO - Filling up the DagBag from /home/airflow/.local/lib/python3.12/site-packages/airflow/example_dags/example_sensors.py
[2024-07-15T13:45:47.847+0000] {processor.py:840} INFO - DAG(s) 'example_sensors' retrieved from /home/airflow/.local/lib/python3.12/site-packages/airflow/example_dags/example_sensors.py
[2024-07-15T13:45:47.856+0000] {logging_mixin.py:188} INFO - [2024-07-15T13:45:47.856+0000] {dag.py:3096} INFO - Sync 1 DAGs
[2024-07-15T13:45:47.870+0000] {logging_mixin.py:188} INFO - [2024-07-15T13:45:47.870+0000] {dag.py:3954} INFO - Setting next_dagrun for example_sensors to None, run_after=None
[2024-07-15T13:45:47.884+0000] {processor.py:183} INFO - Processing /home/airflow/.local/lib/python3.12/site-packages/airflow/example_dags/example_sensors.py took 0.049 seconds
[2024-07-15T13:46:18.385+0000] {processor.py:161} INFO - Started process (PID=136) to work on /home/airflow/.local/lib/python3.12/site-packages/airflow/example_dags/example_sensors.py
[2024-07-15T13:46:18.385+0000] {processor.py:830} INFO - Processing file /home/airflow/.local/lib/python3.12/site-packages/airflow/example_dags/example_sensors.py for tasks to queue
[2024-07-15T13:46:18.386+0000] {logging_mixin.py:188} INFO - [2024-07-15T13:46:18.386+0000] {dagbag.py:545} INFO - Filling up the DagBag from /home/airflow/.local/lib/python3.12/site-packages/airflow/example_dags/example_sensors.py
[2024-07-15T13:46:18.391+0000] {processor.py:840} INFO - DAG(s) 'example_sensors' retrieved from /home/airflow/.local/lib/python3.12/site-packages/airflow/example_dags/example_sensors.py
[2024-07-15T13:46:18.443+0000] {logging_mixin.py:188} INFO - [2024-07-15T13:46:18.443+0000] {dag.py:3096} INFO - Sync 1 DAGs
[2024-07-15T13:46:18.448+0000] {logging_mixin.py:188} INFO - [2024-07-15T13:46:18.448+0000] {dag.py:3954} INFO - Setting next_dagrun for example_sensors to None, run_after=None
[2024-07-15T13:46:18.458+0000] {processor.py:183} INFO - Processing /home/airflow/.local/lib/python3.12/site-packages/airflow/example_dags/example_sensors.py took 0.076 seconds
[2024-07-15T13:46:48.479+0000] {processor.py:161} INFO - Started process (PID=199) to work on /home/airflow/.local/lib/python3.12/site-packages/airflow/example_dags/example_sensors.py
[2024-07-15T13:46:48.480+0000] {processor.py:830} INFO - Processing file /home/airflow/.local/lib/python3.12/site-packages/airflow/example_dags/example_sensors.py for tasks to queue
[2024-07-15T13:46:48.481+0000] {logging_mixin.py:188} INFO - [2024-07-15T13:46:48.481+0000] {dagbag.py:545} INFO - Filling up the DagBag from /home/airflow/.local/lib/python3.12/site-packages/airflow/example_dags/example_sensors.py
[2024-07-15T13:46:48.485+0000] {processor.py:840} INFO - DAG(s) 'example_sensors' retrieved from /home/airflow/.local/lib/python3.12/site-packages/airflow/example_dags/example_sensors.py
[2024-07-15T13:46:48.497+0000] {logging_mixin.py:188} INFO - [2024-07-15T13:46:48.497+0000] {dag.py:3096} INFO - Sync 1 DAGs
[2024-07-15T13:46:48.503+0000] {logging_mixin.py:188} INFO - [2024-07-15T13:46:48.503+0000] {dag.py:3954} INFO - Setting next_dagrun for example_sensors to None, run_after=None
[2024-07-15T13:46:48.512+0000] {processor.py:183} INFO - Processing /home/airflow/.local/lib/python3.12/site-packages/airflow/example_dags/example_sensors.py took 0.036 seconds
[2024-07-15T13:47:18.847+0000] {processor.py:161} INFO - Started process (PID=263) to work on /home/airflow/.local/lib/python3.12/site-packages/airflow/example_dags/example_sensors.py
[2024-07-15T13:47:18.848+0000] {processor.py:830} INFO - Processing file /home/airflow/.local/lib/python3.12/site-packages/airflow/example_dags/example_sensors.py for tasks to queue
[2024-07-15T13:47:18.849+0000] {logging_mixin.py:188} INFO - [2024-07-15T13:47:18.849+0000] {dagbag.py:545} INFO - Filling up the DagBag from /home/airflow/.local/lib/python3.12/site-packages/airflow/example_dags/example_sensors.py
[2024-07-15T13:47:18.854+0000] {processor.py:840} INFO - DAG(s) 'example_sensors' retrieved from /home/airflow/.local/lib/python3.12/site-packages/airflow/example_dags/example_sensors.py
[2024-07-15T13:47:18.867+0000] {logging_mixin.py:188} INFO - [2024-07-15T13:47:18.867+0000] {dag.py:3096} INFO - Sync 1 DAGs
[2024-07-15T13:47:18.873+0000] {logging_mixin.py:188} INFO - [2024-07-15T13:47:18.873+0000] {dag.py:3954} INFO - Setting next_dagrun for example_sensors to None, run_after=None
[2024-07-15T13:47:18.881+0000] {processor.py:183} INFO - Processing /home/airflow/.local/lib/python3.12/site-packages/airflow/example_dags/example_sensors.py took 0.037 seconds
[2024-07-15T13:47:49.204+0000] {processor.py:161} INFO - Started process (PID=327) to work on /home/airflow/.local/lib/python3.12/site-packages/airflow/example_dags/example_sensors.py
[2024-07-15T13:47:49.205+0000] {processor.py:830} INFO - Processing file /home/airflow/.local/lib/python3.12/site-packages/airflow/example_dags/example_sensors.py for tasks to queue
[2024-07-15T13:47:49.206+0000] {logging_mixin.py:188} INFO - [2024-07-15T13:47:49.206+0000] {dagbag.py:545} INFO - Filling up the DagBag from /home/airflow/.local/lib/python3.12/site-packages/airflow/example_dags/example_sensors.py
[2024-07-15T13:47:49.210+0000] {processor.py:840} INFO - DAG(s) 'example_sensors' retrieved from /home/airflow/.local/lib/python3.12/site-packages/airflow/example_dags/example_sensors.py
[2024-07-15T13:47:49.223+0000] {logging_mixin.py:188} INFO - [2024-07-15T13:47:49.223+0000] {dag.py:3096} INFO - Sync 1 DAGs
[2024-07-15T13:47:49.229+0000] {logging_mixin.py:188} INFO - [2024-07-15T13:47:49.229+0000] {dag.py:3954} INFO - Setting next_dagrun for example_sensors to None, run_after=None
[2024-07-15T13:47:49.238+0000] {processor.py:183} INFO - Processing /home/airflow/.local/lib/python3.12/site-packages/airflow/example_dags/example_sensors.py took 0.037 seconds
[2024-07-15T13:48:19.509+0000] {processor.py:161} INFO - Started process (PID=390) to work on /home/airflow/.local/lib/python3.12/site-packages/airflow/example_dags/example_sensors.py
[2024-07-15T13:48:19.509+0000] {processor.py:830} INFO - Processing file /home/airflow/.local/lib/python3.12/site-packages/airflow/example_dags/example_sensors.py for tasks to queue
[2024-07-15T13:48:19.510+0000] {logging_mixin.py:188} INFO - [2024-07-15T13:48:19.510+0000] {dagbag.py:545} INFO - Filling up the DagBag from /home/airflow/.local/lib/python3.12/site-packages/airflow/example_dags/example_sensors.py
[2024-07-15T13:48:19.515+0000] {processor.py:840} INFO - DAG(s) 'example_sensors' retrieved from /home/airflow/.local/lib/python3.12/site-packages/airflow/example_dags/example_sensors.py
[2024-07-15T13:48:19.528+0000] {logging_mixin.py:188} INFO - [2024-07-15T13:48:19.527+0000] {dag.py:3096} INFO - Sync 1 DAGs
[2024-07-15T13:48:19.534+0000] {logging_mixin.py:188} INFO - [2024-07-15T13:48:19.534+0000] {dag.py:3954} INFO - Setting next_dagrun for example_sensors to None, run_after=None
[2024-07-15T13:48:19.542+0000] {processor.py:183} INFO - Processing /home/airflow/.local/lib/python3.12/site-packages/airflow/example_dags/example_sensors.py took 0.037 seconds
[2024-07-15T13:48:49.787+0000] {processor.py:161} INFO - Started process (PID=454) to work on /home/airflow/.local/lib/python3.12/site-packages/airflow/example_dags/example_sensors.py
[2024-07-15T13:48:49.787+0000] {processor.py:830} INFO - Processing file /home/airflow/.local/lib/python3.12/site-packages/airflow/example_dags/example_sensors.py for tasks to queue
[2024-07-15T13:48:49.788+0000] {logging_mixin.py:188} INFO - [2024-07-15T13:48:49.788+0000] {dagbag.py:545} INFO - Filling up the DagBag from /home/airflow/.local/lib/python3.12/site-packages/airflow/example_dags/example_sensors.py
[2024-07-15T13:48:49.793+0000] {processor.py:840} INFO - DAG(s) 'example_sensors' retrieved from /home/airflow/.local/lib/python3.12/site-packages/airflow/example_dags/example_sensors.py
[2024-07-15T13:48:49.806+0000] {logging_mixin.py:188} INFO - [2024-07-15T13:48:49.806+0000] {dag.py:3096} INFO - Sync 1 DAGs
[2024-07-15T13:48:49.812+0000] {logging_mixin.py:188} INFO - [2024-07-15T13:48:49.812+0000] {dag.py:3954} INFO - Setting next_dagrun for example_sensors to None, run_after=None
[2024-07-15T13:48:49.821+0000] {processor.py:183} INFO - Processing /home/airflow/.local/lib/python3.12/site-packages/airflow/example_dags/example_sensors.py took 0.037 seconds
[2024-07-15T13:49:49.039+0000] {processor.py:161} INFO - Started process (PID=72) to work on /home/airflow/.local/lib/python3.12/site-packages/airflow/example_dags/example_sensors.py
[2024-07-15T13:49:49.040+0000] {processor.py:830} INFO - Processing file /home/airflow/.local/lib/python3.12/site-packages/airflow/example_dags/example_sensors.py for tasks to queue
[2024-07-15T13:49:49.042+0000] {logging_mixin.py:188} INFO - [2024-07-15T13:49:49.042+0000] {dagbag.py:545} INFO - Filling up the DagBag from /home/airflow/.local/lib/python3.12/site-packages/airflow/example_dags/example_sensors.py
[2024-07-15T13:49:49.052+0000] {processor.py:840} INFO - DAG(s) 'example_sensors' retrieved from /home/airflow/.local/lib/python3.12/site-packages/airflow/example_dags/example_sensors.py
[2024-07-15T13:49:49.062+0000] {logging_mixin.py:188} INFO - [2024-07-15T13:49:49.062+0000] {dag.py:3096} INFO - Sync 1 DAGs
[2024-07-15T13:49:49.072+0000] {logging_mixin.py:188} INFO - [2024-07-15T13:49:49.072+0000] {dag.py:3954} INFO - Setting next_dagrun for example_sensors to None, run_after=None
[2024-07-15T13:49:49.086+0000] {processor.py:183} INFO - Processing /home/airflow/.local/lib/python3.12/site-packages/airflow/example_dags/example_sensors.py took 0.052 seconds
[2024-07-15T13:50:19.727+0000] {processor.py:161} INFO - Started process (PID=136) to work on /home/airflow/.local/lib/python3.12/site-packages/airflow/example_dags/example_sensors.py
[2024-07-15T13:50:19.728+0000] {processor.py:830} INFO - Processing file /home/airflow/.local/lib/python3.12/site-packages/airflow/example_dags/example_sensors.py for tasks to queue
[2024-07-15T13:50:19.729+0000] {logging_mixin.py:188} INFO - [2024-07-15T13:50:19.728+0000] {dagbag.py:545} INFO - Filling up the DagBag from /home/airflow/.local/lib/python3.12/site-packages/airflow/example_dags/example_sensors.py
[2024-07-15T13:50:19.733+0000] {processor.py:840} INFO - DAG(s) 'example_sensors' retrieved from /home/airflow/.local/lib/python3.12/site-packages/airflow/example_dags/example_sensors.py
[2024-07-15T13:50:19.779+0000] {logging_mixin.py:188} INFO - [2024-07-15T13:50:19.778+0000] {dag.py:3096} INFO - Sync 1 DAGs
[2024-07-15T13:50:19.783+0000] {logging_mixin.py:188} INFO - [2024-07-15T13:50:19.783+0000] {dag.py:3954} INFO - Setting next_dagrun for example_sensors to None, run_after=None
[2024-07-15T13:50:19.792+0000] {processor.py:183} INFO - Processing /home/airflow/.local/lib/python3.12/site-packages/airflow/example_dags/example_sensors.py took 0.068 seconds
[2024-07-15T13:50:50.249+0000] {processor.py:161} INFO - Started process (PID=201) to work on /home/airflow/.local/lib/python3.12/site-packages/airflow/example_dags/example_sensors.py
[2024-07-15T13:50:50.249+0000] {processor.py:830} INFO - Processing file /home/airflow/.local/lib/python3.12/site-packages/airflow/example_dags/example_sensors.py for tasks to queue
[2024-07-15T13:50:50.250+0000] {logging_mixin.py:188} INFO - [2024-07-15T13:50:50.250+0000] {dagbag.py:545} INFO - Filling up the DagBag from /home/airflow/.local/lib/python3.12/site-packages/airflow/example_dags/example_sensors.py
[2024-07-15T13:50:50.255+0000] {processor.py:840} INFO - DAG(s) 'example_sensors' retrieved from /home/airflow/.local/lib/python3.12/site-packages/airflow/example_dags/example_sensors.py
[2024-07-15T13:50:50.267+0000] {logging_mixin.py:188} INFO - [2024-07-15T13:50:50.266+0000] {dag.py:3096} INFO - Sync 1 DAGs
[2024-07-15T13:50:50.272+0000] {logging_mixin.py:188} INFO - [2024-07-15T13:50:50.272+0000] {dag.py:3954} INFO - Setting next_dagrun for example_sensors to None, run_after=None
[2024-07-15T13:50:50.282+0000] {processor.py:183} INFO - Processing /home/airflow/.local/lib/python3.12/site-packages/airflow/example_dags/example_sensors.py took 0.036 seconds
[2024-07-15T13:51:20.450+0000] {processor.py:161} INFO - Started process (PID=264) to work on /home/airflow/.local/lib/python3.12/site-packages/airflow/example_dags/example_sensors.py
[2024-07-15T13:51:20.451+0000] {processor.py:830} INFO - Processing file /home/airflow/.local/lib/python3.12/site-packages/airflow/example_dags/example_sensors.py for tasks to queue
[2024-07-15T13:51:20.452+0000] {logging_mixin.py:188} INFO - [2024-07-15T13:51:20.452+0000] {dagbag.py:545} INFO - Filling up the DagBag from /home/airflow/.local/lib/python3.12/site-packages/airflow/example_dags/example_sensors.py
[2024-07-15T13:51:20.457+0000] {processor.py:840} INFO - DAG(s) 'example_sensors' retrieved from /home/airflow/.local/lib/python3.12/site-packages/airflow/example_dags/example_sensors.py
[2024-07-15T13:51:20.469+0000] {logging_mixin.py:188} INFO - [2024-07-15T13:51:20.469+0000] {dag.py:3096} INFO - Sync 1 DAGs
[2024-07-15T13:51:20.475+0000] {logging_mixin.py:188} INFO - [2024-07-15T13:51:20.475+0000] {dag.py:3954} INFO - Setting next_dagrun for example_sensors to None, run_after=None
[2024-07-15T13:51:20.484+0000] {processor.py:183} INFO - Processing /home/airflow/.local/lib/python3.12/site-packages/airflow/example_dags/example_sensors.py took 0.036 seconds
[2024-07-15T13:51:50.670+0000] {processor.py:161} INFO - Started process (PID=328) to work on /home/airflow/.local/lib/python3.12/site-packages/airflow/example_dags/example_sensors.py
[2024-07-15T13:51:50.671+0000] {processor.py:830} INFO - Processing file /home/airflow/.local/lib/python3.12/site-packages/airflow/example_dags/example_sensors.py for tasks to queue
[2024-07-15T13:51:50.672+0000] {logging_mixin.py:188} INFO - [2024-07-15T13:51:50.671+0000] {dagbag.py:545} INFO - Filling up the DagBag from /home/airflow/.local/lib/python3.12/site-packages/airflow/example_dags/example_sensors.py
[2024-07-15T13:51:50.676+0000] {processor.py:840} INFO - DAG(s) 'example_sensors' retrieved from /home/airflow/.local/lib/python3.12/site-packages/airflow/example_dags/example_sensors.py
[2024-07-15T13:51:50.688+0000] {logging_mixin.py:188} INFO - [2024-07-15T13:51:50.688+0000] {dag.py:3096} INFO - Sync 1 DAGs
[2024-07-15T13:51:50.694+0000] {logging_mixin.py:188} INFO - [2024-07-15T13:51:50.694+0000] {dag.py:3954} INFO - Setting next_dagrun for example_sensors to None, run_after=None
[2024-07-15T13:51:50.703+0000] {processor.py:183} INFO - Processing /home/airflow/.local/lib/python3.12/site-packages/airflow/example_dags/example_sensors.py took 0.036 seconds
[2024-07-15T13:52:53.914+0000] {processor.py:161} INFO - Started process (PID=71) to work on /home/airflow/.local/lib/python3.12/site-packages/airflow/example_dags/example_sensors.py
[2024-07-15T13:52:53.916+0000] {processor.py:830} INFO - Processing file /home/airflow/.local/lib/python3.12/site-packages/airflow/example_dags/example_sensors.py for tasks to queue
[2024-07-15T13:52:53.920+0000] {logging_mixin.py:188} INFO - [2024-07-15T13:52:53.920+0000] {dagbag.py:545} INFO - Filling up the DagBag from /home/airflow/.local/lib/python3.12/site-packages/airflow/example_dags/example_sensors.py
[2024-07-15T13:52:53.930+0000] {processor.py:840} INFO - DAG(s) 'example_sensors' retrieved from /home/airflow/.local/lib/python3.12/site-packages/airflow/example_dags/example_sensors.py
[2024-07-15T13:52:53.939+0000] {logging_mixin.py:188} INFO - [2024-07-15T13:52:53.938+0000] {dag.py:3096} INFO - Sync 1 DAGs
[2024-07-15T13:52:53.952+0000] {logging_mixin.py:188} INFO - [2024-07-15T13:52:53.952+0000] {dag.py:3954} INFO - Setting next_dagrun for example_sensors to None, run_after=None
[2024-07-15T13:52:53.967+0000] {processor.py:183} INFO - Processing /home/airflow/.local/lib/python3.12/site-packages/airflow/example_dags/example_sensors.py took 0.059 seconds
[2024-07-15T13:53:24.525+0000] {processor.py:161} INFO - Started process (PID=135) to work on /home/airflow/.local/lib/python3.12/site-packages/airflow/example_dags/example_sensors.py
[2024-07-15T13:53:24.526+0000] {processor.py:830} INFO - Processing file /home/airflow/.local/lib/python3.12/site-packages/airflow/example_dags/example_sensors.py for tasks to queue
[2024-07-15T13:53:24.527+0000] {logging_mixin.py:188} INFO - [2024-07-15T13:53:24.527+0000] {dagbag.py:545} INFO - Filling up the DagBag from /home/airflow/.local/lib/python3.12/site-packages/airflow/example_dags/example_sensors.py
[2024-07-15T13:53:24.531+0000] {processor.py:840} INFO - DAG(s) 'example_sensors' retrieved from /home/airflow/.local/lib/python3.12/site-packages/airflow/example_dags/example_sensors.py
[2024-07-15T13:53:24.582+0000] {logging_mixin.py:188} INFO - [2024-07-15T13:53:24.582+0000] {dag.py:3096} INFO - Sync 1 DAGs
[2024-07-15T13:53:24.587+0000] {logging_mixin.py:188} INFO - [2024-07-15T13:53:24.587+0000] {dag.py:3954} INFO - Setting next_dagrun for example_sensors to None, run_after=None
[2024-07-15T13:53:24.596+0000] {processor.py:183} INFO - Processing /home/airflow/.local/lib/python3.12/site-packages/airflow/example_dags/example_sensors.py took 0.074 seconds
[2024-07-15T13:53:54.621+0000] {processor.py:161} INFO - Started process (PID=199) to work on /home/airflow/.local/lib/python3.12/site-packages/airflow/example_dags/example_sensors.py
[2024-07-15T13:53:54.622+0000] {processor.py:830} INFO - Processing file /home/airflow/.local/lib/python3.12/site-packages/airflow/example_dags/example_sensors.py for tasks to queue
[2024-07-15T13:53:54.623+0000] {logging_mixin.py:188} INFO - [2024-07-15T13:53:54.623+0000] {dagbag.py:545} INFO - Filling up the DagBag from /home/airflow/.local/lib/python3.12/site-packages/airflow/example_dags/example_sensors.py
[2024-07-15T13:53:54.627+0000] {processor.py:840} INFO - DAG(s) 'example_sensors' retrieved from /home/airflow/.local/lib/python3.12/site-packages/airflow/example_dags/example_sensors.py
[2024-07-15T13:53:54.639+0000] {logging_mixin.py:188} INFO - [2024-07-15T13:53:54.639+0000] {dag.py:3096} INFO - Sync 1 DAGs
[2024-07-15T13:53:54.645+0000] {logging_mixin.py:188} INFO - [2024-07-15T13:53:54.645+0000] {dag.py:3954} INFO - Setting next_dagrun for example_sensors to None, run_after=None
[2024-07-15T13:53:54.653+0000] {processor.py:183} INFO - Processing /home/airflow/.local/lib/python3.12/site-packages/airflow/example_dags/example_sensors.py took 0.034 seconds
[2024-07-15T13:54:24.850+0000] {processor.py:161} INFO - Started process (PID=263) to work on /home/airflow/.local/lib/python3.12/site-packages/airflow/example_dags/example_sensors.py
[2024-07-15T13:54:24.850+0000] {processor.py:830} INFO - Processing file /home/airflow/.local/lib/python3.12/site-packages/airflow/example_dags/example_sensors.py for tasks to queue
[2024-07-15T13:54:24.851+0000] {logging_mixin.py:188} INFO - [2024-07-15T13:54:24.851+0000] {dagbag.py:545} INFO - Filling up the DagBag from /home/airflow/.local/lib/python3.12/site-packages/airflow/example_dags/example_sensors.py
[2024-07-15T13:54:24.856+0000] {processor.py:840} INFO - DAG(s) 'example_sensors' retrieved from /home/airflow/.local/lib/python3.12/site-packages/airflow/example_dags/example_sensors.py
[2024-07-15T13:54:24.869+0000] {logging_mixin.py:188} INFO - [2024-07-15T13:54:24.869+0000] {dag.py:3096} INFO - Sync 1 DAGs
[2024-07-15T13:54:24.875+0000] {logging_mixin.py:188} INFO - [2024-07-15T13:54:24.875+0000] {dag.py:3954} INFO - Setting next_dagrun for example_sensors to None, run_after=None
[2024-07-15T13:54:24.884+0000] {processor.py:183} INFO - Processing /home/airflow/.local/lib/python3.12/site-packages/airflow/example_dags/example_sensors.py took 0.038 seconds
[2024-07-15T13:54:55.073+0000] {processor.py:161} INFO - Started process (PID=327) to work on /home/airflow/.local/lib/python3.12/site-packages/airflow/example_dags/example_sensors.py
[2024-07-15T13:54:55.073+0000] {processor.py:830} INFO - Processing file /home/airflow/.local/lib/python3.12/site-packages/airflow/example_dags/example_sensors.py for tasks to queue
[2024-07-15T13:54:55.074+0000] {logging_mixin.py:188} INFO - [2024-07-15T13:54:55.074+0000] {dagbag.py:545} INFO - Filling up the DagBag from /home/airflow/.local/lib/python3.12/site-packages/airflow/example_dags/example_sensors.py
[2024-07-15T13:54:55.079+0000] {processor.py:840} INFO - DAG(s) 'example_sensors' retrieved from /home/airflow/.local/lib/python3.12/site-packages/airflow/example_dags/example_sensors.py
[2024-07-15T13:54:55.091+0000] {logging_mixin.py:188} INFO - [2024-07-15T13:54:55.091+0000] {dag.py:3096} INFO - Sync 1 DAGs
[2024-07-15T13:54:55.097+0000] {logging_mixin.py:188} INFO - [2024-07-15T13:54:55.097+0000] {dag.py:3954} INFO - Setting next_dagrun for example_sensors to None, run_after=None
[2024-07-15T13:54:55.106+0000] {processor.py:183} INFO - Processing /home/airflow/.local/lib/python3.12/site-packages/airflow/example_dags/example_sensors.py took 0.036 seconds
[2024-07-15T13:55:25.268+0000] {processor.py:161} INFO - Started process (PID=391) to work on /home/airflow/.local/lib/python3.12/site-packages/airflow/example_dags/example_sensors.py
[2024-07-15T13:55:25.269+0000] {processor.py:830} INFO - Processing file /home/airflow/.local/lib/python3.12/site-packages/airflow/example_dags/example_sensors.py for tasks to queue
[2024-07-15T13:55:25.270+0000] {logging_mixin.py:188} INFO - [2024-07-15T13:55:25.270+0000] {dagbag.py:545} INFO - Filling up the DagBag from /home/airflow/.local/lib/python3.12/site-packages/airflow/example_dags/example_sensors.py
[2024-07-15T13:55:25.275+0000] {processor.py:840} INFO - DAG(s) 'example_sensors' retrieved from /home/airflow/.local/lib/python3.12/site-packages/airflow/example_dags/example_sensors.py
[2024-07-15T13:55:25.288+0000] {logging_mixin.py:188} INFO - [2024-07-15T13:55:25.288+0000] {dag.py:3096} INFO - Sync 1 DAGs
[2024-07-15T13:55:25.294+0000] {logging_mixin.py:188} INFO - [2024-07-15T13:55:25.294+0000] {dag.py:3954} INFO - Setting next_dagrun for example_sensors to None, run_after=None
[2024-07-15T13:55:25.303+0000] {processor.py:183} INFO - Processing /home/airflow/.local/lib/python3.12/site-packages/airflow/example_dags/example_sensors.py took 0.038 seconds
[2024-07-15T13:55:56.441+0000] {processor.py:161} INFO - Started process (PID=456) to work on /home/airflow/.local/lib/python3.12/site-packages/airflow/example_dags/example_sensors.py
[2024-07-15T13:55:56.442+0000] {processor.py:830} INFO - Processing file /home/airflow/.local/lib/python3.12/site-packages/airflow/example_dags/example_sensors.py for tasks to queue
[2024-07-15T13:55:56.443+0000] {logging_mixin.py:188} INFO - [2024-07-15T13:55:56.443+0000] {dagbag.py:545} INFO - Filling up the DagBag from /home/airflow/.local/lib/python3.12/site-packages/airflow/example_dags/example_sensors.py
[2024-07-15T13:55:56.448+0000] {processor.py:840} INFO - DAG(s) 'example_sensors' retrieved from /home/airflow/.local/lib/python3.12/site-packages/airflow/example_dags/example_sensors.py
[2024-07-15T13:55:56.463+0000] {logging_mixin.py:188} INFO - [2024-07-15T13:55:56.463+0000] {dag.py:3096} INFO - Sync 1 DAGs
[2024-07-15T13:55:56.470+0000] {logging_mixin.py:188} INFO - [2024-07-15T13:55:56.470+0000] {dag.py:3954} INFO - Setting next_dagrun for example_sensors to None, run_after=None
[2024-07-15T13:55:56.480+0000] {processor.py:183} INFO - Processing /home/airflow/.local/lib/python3.12/site-packages/airflow/example_dags/example_sensors.py took 0.042 seconds
[2024-07-15T13:56:26.609+0000] {processor.py:161} INFO - Started process (PID=520) to work on /home/airflow/.local/lib/python3.12/site-packages/airflow/example_dags/example_sensors.py
[2024-07-15T13:56:26.610+0000] {processor.py:830} INFO - Processing file /home/airflow/.local/lib/python3.12/site-packages/airflow/example_dags/example_sensors.py for tasks to queue
[2024-07-15T13:56:26.611+0000] {logging_mixin.py:188} INFO - [2024-07-15T13:56:26.611+0000] {dagbag.py:545} INFO - Filling up the DagBag from /home/airflow/.local/lib/python3.12/site-packages/airflow/example_dags/example_sensors.py
[2024-07-15T13:56:26.615+0000] {processor.py:840} INFO - DAG(s) 'example_sensors' retrieved from /home/airflow/.local/lib/python3.12/site-packages/airflow/example_dags/example_sensors.py
[2024-07-15T13:56:26.628+0000] {logging_mixin.py:188} INFO - [2024-07-15T13:56:26.628+0000] {dag.py:3096} INFO - Sync 1 DAGs
[2024-07-15T13:56:26.634+0000] {logging_mixin.py:188} INFO - [2024-07-15T13:56:26.634+0000] {dag.py:3954} INFO - Setting next_dagrun for example_sensors to None, run_after=None
[2024-07-15T13:56:26.643+0000] {processor.py:183} INFO - Processing /home/airflow/.local/lib/python3.12/site-packages/airflow/example_dags/example_sensors.py took 0.037 seconds
[2024-07-15T13:56:56.898+0000] {processor.py:161} INFO - Started process (PID=584) to work on /home/airflow/.local/lib/python3.12/site-packages/airflow/example_dags/example_sensors.py
[2024-07-15T13:56:56.899+0000] {processor.py:830} INFO - Processing file /home/airflow/.local/lib/python3.12/site-packages/airflow/example_dags/example_sensors.py for tasks to queue
[2024-07-15T13:56:56.900+0000] {logging_mixin.py:188} INFO - [2024-07-15T13:56:56.900+0000] {dagbag.py:545} INFO - Filling up the DagBag from /home/airflow/.local/lib/python3.12/site-packages/airflow/example_dags/example_sensors.py
[2024-07-15T13:56:56.905+0000] {processor.py:840} INFO - DAG(s) 'example_sensors' retrieved from /home/airflow/.local/lib/python3.12/site-packages/airflow/example_dags/example_sensors.py
[2024-07-15T13:56:56.917+0000] {logging_mixin.py:188} INFO - [2024-07-15T13:56:56.916+0000] {dag.py:3096} INFO - Sync 1 DAGs
[2024-07-15T13:56:56.923+0000] {logging_mixin.py:188} INFO - [2024-07-15T13:56:56.922+0000] {dag.py:3954} INFO - Setting next_dagrun for example_sensors to None, run_after=None
[2024-07-15T13:56:56.930+0000] {processor.py:183} INFO - Processing /home/airflow/.local/lib/python3.12/site-packages/airflow/example_dags/example_sensors.py took 0.035 seconds
[2024-07-15T13:57:27.041+0000] {processor.py:161} INFO - Started process (PID=648) to work on /home/airflow/.local/lib/python3.12/site-packages/airflow/example_dags/example_sensors.py
[2024-07-15T13:57:27.042+0000] {processor.py:830} INFO - Processing file /home/airflow/.local/lib/python3.12/site-packages/airflow/example_dags/example_sensors.py for tasks to queue
[2024-07-15T13:57:27.043+0000] {logging_mixin.py:188} INFO - [2024-07-15T13:57:27.043+0000] {dagbag.py:545} INFO - Filling up the DagBag from /home/airflow/.local/lib/python3.12/site-packages/airflow/example_dags/example_sensors.py
[2024-07-15T13:57:27.048+0000] {processor.py:840} INFO - DAG(s) 'example_sensors' retrieved from /home/airflow/.local/lib/python3.12/site-packages/airflow/example_dags/example_sensors.py
[2024-07-15T13:57:27.060+0000] {logging_mixin.py:188} INFO - [2024-07-15T13:57:27.060+0000] {dag.py:3096} INFO - Sync 1 DAGs
[2024-07-15T13:57:27.066+0000] {logging_mixin.py:188} INFO - [2024-07-15T13:57:27.066+0000] {dag.py:3954} INFO - Setting next_dagrun for example_sensors to None, run_after=None
[2024-07-15T13:57:27.075+0000] {processor.py:183} INFO - Processing /home/airflow/.local/lib/python3.12/site-packages/airflow/example_dags/example_sensors.py took 0.037 seconds
[2024-07-15T13:57:58.125+0000] {processor.py:161} INFO - Started process (PID=712) to work on /home/airflow/.local/lib/python3.12/site-packages/airflow/example_dags/example_sensors.py
[2024-07-15T13:57:58.125+0000] {processor.py:830} INFO - Processing file /home/airflow/.local/lib/python3.12/site-packages/airflow/example_dags/example_sensors.py for tasks to queue
[2024-07-15T13:57:58.126+0000] {logging_mixin.py:188} INFO - [2024-07-15T13:57:58.126+0000] {dagbag.py:545} INFO - Filling up the DagBag from /home/airflow/.local/lib/python3.12/site-packages/airflow/example_dags/example_sensors.py
[2024-07-15T13:57:58.131+0000] {processor.py:840} INFO - DAG(s) 'example_sensors' retrieved from /home/airflow/.local/lib/python3.12/site-packages/airflow/example_dags/example_sensors.py
[2024-07-15T13:57:58.143+0000] {logging_mixin.py:188} INFO - [2024-07-15T13:57:58.143+0000] {dag.py:3096} INFO - Sync 1 DAGs
[2024-07-15T13:57:58.149+0000] {logging_mixin.py:188} INFO - [2024-07-15T13:57:58.149+0000] {dag.py:3954} INFO - Setting next_dagrun for example_sensors to None, run_after=None
[2024-07-15T13:57:58.157+0000] {processor.py:183} INFO - Processing /home/airflow/.local/lib/python3.12/site-packages/airflow/example_dags/example_sensors.py took 0.036 seconds
[2024-07-15T13:58:28.336+0000] {processor.py:161} INFO - Started process (PID=776) to work on /home/airflow/.local/lib/python3.12/site-packages/airflow/example_dags/example_sensors.py
[2024-07-15T13:58:28.336+0000] {processor.py:830} INFO - Processing file /home/airflow/.local/lib/python3.12/site-packages/airflow/example_dags/example_sensors.py for tasks to queue
[2024-07-15T13:58:28.337+0000] {logging_mixin.py:188} INFO - [2024-07-15T13:58:28.337+0000] {dagbag.py:545} INFO - Filling up the DagBag from /home/airflow/.local/lib/python3.12/site-packages/airflow/example_dags/example_sensors.py
[2024-07-15T13:58:28.342+0000] {processor.py:840} INFO - DAG(s) 'example_sensors' retrieved from /home/airflow/.local/lib/python3.12/site-packages/airflow/example_dags/example_sensors.py
[2024-07-15T13:58:28.354+0000] {logging_mixin.py:188} INFO - [2024-07-15T13:58:28.354+0000] {dag.py:3096} INFO - Sync 1 DAGs
[2024-07-15T13:58:28.360+0000] {logging_mixin.py:188} INFO - [2024-07-15T13:58:28.360+0000] {dag.py:3954} INFO - Setting next_dagrun for example_sensors to None, run_after=None
[2024-07-15T13:58:28.371+0000] {processor.py:183} INFO - Processing /home/airflow/.local/lib/python3.12/site-packages/airflow/example_dags/example_sensors.py took 0.038 seconds
[2024-07-15T13:58:58.543+0000] {processor.py:161} INFO - Started process (PID=840) to work on /home/airflow/.local/lib/python3.12/site-packages/airflow/example_dags/example_sensors.py
[2024-07-15T13:58:58.543+0000] {processor.py:830} INFO - Processing file /home/airflow/.local/lib/python3.12/site-packages/airflow/example_dags/example_sensors.py for tasks to queue
[2024-07-15T13:58:58.544+0000] {logging_mixin.py:188} INFO - [2024-07-15T13:58:58.544+0000] {dagbag.py:545} INFO - Filling up the DagBag from /home/airflow/.local/lib/python3.12/site-packages/airflow/example_dags/example_sensors.py
[2024-07-15T13:58:58.549+0000] {processor.py:840} INFO - DAG(s) 'example_sensors' retrieved from /home/airflow/.local/lib/python3.12/site-packages/airflow/example_dags/example_sensors.py
[2024-07-15T13:58:58.561+0000] {logging_mixin.py:188} INFO - [2024-07-15T13:58:58.561+0000] {dag.py:3096} INFO - Sync 1 DAGs
[2024-07-15T13:58:58.568+0000] {logging_mixin.py:188} INFO - [2024-07-15T13:58:58.567+0000] {dag.py:3954} INFO - Setting next_dagrun for example_sensors to None, run_after=None
[2024-07-15T13:58:58.577+0000] {processor.py:183} INFO - Processing /home/airflow/.local/lib/python3.12/site-packages/airflow/example_dags/example_sensors.py took 0.037 seconds
[2024-07-15T13:59:28.633+0000] {processor.py:161} INFO - Started process (PID=904) to work on /home/airflow/.local/lib/python3.12/site-packages/airflow/example_dags/example_sensors.py
[2024-07-15T13:59:28.634+0000] {processor.py:830} INFO - Processing file /home/airflow/.local/lib/python3.12/site-packages/airflow/example_dags/example_sensors.py for tasks to queue
[2024-07-15T13:59:28.635+0000] {logging_mixin.py:188} INFO - [2024-07-15T13:59:28.635+0000] {dagbag.py:545} INFO - Filling up the DagBag from /home/airflow/.local/lib/python3.12/site-packages/airflow/example_dags/example_sensors.py
[2024-07-15T13:59:28.640+0000] {processor.py:840} INFO - DAG(s) 'example_sensors' retrieved from /home/airflow/.local/lib/python3.12/site-packages/airflow/example_dags/example_sensors.py
[2024-07-15T13:59:28.655+0000] {logging_mixin.py:188} INFO - [2024-07-15T13:59:28.654+0000] {dag.py:3096} INFO - Sync 1 DAGs
[2024-07-15T13:59:28.664+0000] {logging_mixin.py:188} INFO - [2024-07-15T13:59:28.664+0000] {dag.py:3954} INFO - Setting next_dagrun for example_sensors to None, run_after=None
[2024-07-15T13:59:28.676+0000] {processor.py:183} INFO - Processing /home/airflow/.local/lib/python3.12/site-packages/airflow/example_dags/example_sensors.py took 0.046 seconds
[2024-07-15T13:59:58.867+0000] {processor.py:161} INFO - Started process (PID=968) to work on /home/airflow/.local/lib/python3.12/site-packages/airflow/example_dags/example_sensors.py
[2024-07-15T13:59:58.868+0000] {processor.py:830} INFO - Processing file /home/airflow/.local/lib/python3.12/site-packages/airflow/example_dags/example_sensors.py for tasks to queue
[2024-07-15T13:59:58.869+0000] {logging_mixin.py:188} INFO - [2024-07-15T13:59:58.869+0000] {dagbag.py:545} INFO - Filling up the DagBag from /home/airflow/.local/lib/python3.12/site-packages/airflow/example_dags/example_sensors.py
[2024-07-15T13:59:58.874+0000] {processor.py:840} INFO - DAG(s) 'example_sensors' retrieved from /home/airflow/.local/lib/python3.12/site-packages/airflow/example_dags/example_sensors.py
[2024-07-15T13:59:58.889+0000] {logging_mixin.py:188} INFO - [2024-07-15T13:59:58.888+0000] {dag.py:3096} INFO - Sync 1 DAGs
[2024-07-15T13:59:58.895+0000] {logging_mixin.py:188} INFO - [2024-07-15T13:59:58.895+0000] {dag.py:3954} INFO - Setting next_dagrun for example_sensors to None, run_after=None
[2024-07-15T13:59:58.905+0000] {processor.py:183} INFO - Processing /home/airflow/.local/lib/python3.12/site-packages/airflow/example_dags/example_sensors.py took 0.041 seconds
[2024-07-15T14:00:29.073+0000] {processor.py:161} INFO - Started process (PID=1032) to work on /home/airflow/.local/lib/python3.12/site-packages/airflow/example_dags/example_sensors.py
[2024-07-15T14:00:29.074+0000] {processor.py:830} INFO - Processing file /home/airflow/.local/lib/python3.12/site-packages/airflow/example_dags/example_sensors.py for tasks to queue
[2024-07-15T14:00:29.075+0000] {logging_mixin.py:188} INFO - [2024-07-15T14:00:29.075+0000] {dagbag.py:545} INFO - Filling up the DagBag from /home/airflow/.local/lib/python3.12/site-packages/airflow/example_dags/example_sensors.py
[2024-07-15T14:00:29.080+0000] {processor.py:840} INFO - DAG(s) 'example_sensors' retrieved from /home/airflow/.local/lib/python3.12/site-packages/airflow/example_dags/example_sensors.py
[2024-07-15T14:00:29.091+0000] {logging_mixin.py:188} INFO - [2024-07-15T14:00:29.091+0000] {dag.py:3096} INFO - Sync 1 DAGs
[2024-07-15T14:00:29.098+0000] {logging_mixin.py:188} INFO - [2024-07-15T14:00:29.098+0000] {dag.py:3954} INFO - Setting next_dagrun for example_sensors to None, run_after=None
[2024-07-15T14:00:29.107+0000] {processor.py:183} INFO - Processing /home/airflow/.local/lib/python3.12/site-packages/airflow/example_dags/example_sensors.py took 0.036 seconds
[2024-07-15T14:01:00.137+0000] {processor.py:161} INFO - Started process (PID=1096) to work on /home/airflow/.local/lib/python3.12/site-packages/airflow/example_dags/example_sensors.py
[2024-07-15T14:01:00.138+0000] {processor.py:830} INFO - Processing file /home/airflow/.local/lib/python3.12/site-packages/airflow/example_dags/example_sensors.py for tasks to queue
[2024-07-15T14:01:00.139+0000] {logging_mixin.py:188} INFO - [2024-07-15T14:01:00.139+0000] {dagbag.py:545} INFO - Filling up the DagBag from /home/airflow/.local/lib/python3.12/site-packages/airflow/example_dags/example_sensors.py
[2024-07-15T14:01:00.144+0000] {processor.py:840} INFO - DAG(s) 'example_sensors' retrieved from /home/airflow/.local/lib/python3.12/site-packages/airflow/example_dags/example_sensors.py
[2024-07-15T14:01:00.156+0000] {logging_mixin.py:188} INFO - [2024-07-15T14:01:00.156+0000] {dag.py:3096} INFO - Sync 1 DAGs
[2024-07-15T14:01:00.161+0000] {logging_mixin.py:188} INFO - [2024-07-15T14:01:00.161+0000] {dag.py:3954} INFO - Setting next_dagrun for example_sensors to None, run_after=None
[2024-07-15T14:01:00.169+0000] {processor.py:183} INFO - Processing /home/airflow/.local/lib/python3.12/site-packages/airflow/example_dags/example_sensors.py took 0.034 seconds
[2024-07-15T14:01:30.331+0000] {processor.py:161} INFO - Started process (PID=1160) to work on /home/airflow/.local/lib/python3.12/site-packages/airflow/example_dags/example_sensors.py
[2024-07-15T14:01:30.331+0000] {processor.py:830} INFO - Processing file /home/airflow/.local/lib/python3.12/site-packages/airflow/example_dags/example_sensors.py for tasks to queue
[2024-07-15T14:01:30.333+0000] {logging_mixin.py:188} INFO - [2024-07-15T14:01:30.332+0000] {dagbag.py:545} INFO - Filling up the DagBag from /home/airflow/.local/lib/python3.12/site-packages/airflow/example_dags/example_sensors.py
[2024-07-15T14:01:30.337+0000] {processor.py:840} INFO - DAG(s) 'example_sensors' retrieved from /home/airflow/.local/lib/python3.12/site-packages/airflow/example_dags/example_sensors.py
[2024-07-15T14:01:30.350+0000] {logging_mixin.py:188} INFO - [2024-07-15T14:01:30.349+0000] {dag.py:3096} INFO - Sync 1 DAGs
[2024-07-15T14:01:30.355+0000] {logging_mixin.py:188} INFO - [2024-07-15T14:01:30.355+0000] {dag.py:3954} INFO - Setting next_dagrun for example_sensors to None, run_after=None
[2024-07-15T14:01:30.364+0000] {processor.py:183} INFO - Processing /home/airflow/.local/lib/python3.12/site-packages/airflow/example_dags/example_sensors.py took 0.036 seconds
[2024-07-15T14:02:00.441+0000] {processor.py:161} INFO - Started process (PID=1224) to work on /home/airflow/.local/lib/python3.12/site-packages/airflow/example_dags/example_sensors.py
[2024-07-15T14:02:00.442+0000] {processor.py:830} INFO - Processing file /home/airflow/.local/lib/python3.12/site-packages/airflow/example_dags/example_sensors.py for tasks to queue
[2024-07-15T14:02:00.443+0000] {logging_mixin.py:188} INFO - [2024-07-15T14:02:00.443+0000] {dagbag.py:545} INFO - Filling up the DagBag from /home/airflow/.local/lib/python3.12/site-packages/airflow/example_dags/example_sensors.py
[2024-07-15T14:02:00.447+0000] {processor.py:840} INFO - DAG(s) 'example_sensors' retrieved from /home/airflow/.local/lib/python3.12/site-packages/airflow/example_dags/example_sensors.py
[2024-07-15T14:02:00.459+0000] {logging_mixin.py:188} INFO - [2024-07-15T14:02:00.459+0000] {dag.py:3096} INFO - Sync 1 DAGs
[2024-07-15T14:02:00.465+0000] {logging_mixin.py:188} INFO - [2024-07-15T14:02:00.465+0000] {dag.py:3954} INFO - Setting next_dagrun for example_sensors to None, run_after=None
[2024-07-15T14:02:00.473+0000] {processor.py:183} INFO - Processing /home/airflow/.local/lib/python3.12/site-packages/airflow/example_dags/example_sensors.py took 0.035 seconds
[2024-07-15T14:02:30.627+0000] {processor.py:161} INFO - Started process (PID=1288) to work on /home/airflow/.local/lib/python3.12/site-packages/airflow/example_dags/example_sensors.py
[2024-07-15T14:02:30.627+0000] {processor.py:830} INFO - Processing file /home/airflow/.local/lib/python3.12/site-packages/airflow/example_dags/example_sensors.py for tasks to queue
[2024-07-15T14:02:30.628+0000] {logging_mixin.py:188} INFO - [2024-07-15T14:02:30.628+0000] {dagbag.py:545} INFO - Filling up the DagBag from /home/airflow/.local/lib/python3.12/site-packages/airflow/example_dags/example_sensors.py
[2024-07-15T14:02:30.633+0000] {processor.py:840} INFO - DAG(s) 'example_sensors' retrieved from /home/airflow/.local/lib/python3.12/site-packages/airflow/example_dags/example_sensors.py
[2024-07-15T14:02:30.645+0000] {logging_mixin.py:188} INFO - [2024-07-15T14:02:30.645+0000] {dag.py:3096} INFO - Sync 1 DAGs
[2024-07-15T14:02:30.651+0000] {logging_mixin.py:188} INFO - [2024-07-15T14:02:30.651+0000] {dag.py:3954} INFO - Setting next_dagrun for example_sensors to None, run_after=None
[2024-07-15T14:02:30.659+0000] {processor.py:183} INFO - Processing /home/airflow/.local/lib/python3.12/site-packages/airflow/example_dags/example_sensors.py took 0.035 seconds
[2024-07-15T14:03:00.741+0000] {processor.py:161} INFO - Started process (PID=1352) to work on /home/airflow/.local/lib/python3.12/site-packages/airflow/example_dags/example_sensors.py
[2024-07-15T14:03:00.742+0000] {processor.py:830} INFO - Processing file /home/airflow/.local/lib/python3.12/site-packages/airflow/example_dags/example_sensors.py for tasks to queue
[2024-07-15T14:03:00.743+0000] {logging_mixin.py:188} INFO - [2024-07-15T14:03:00.743+0000] {dagbag.py:545} INFO - Filling up the DagBag from /home/airflow/.local/lib/python3.12/site-packages/airflow/example_dags/example_sensors.py
[2024-07-15T14:03:00.748+0000] {processor.py:840} INFO - DAG(s) 'example_sensors' retrieved from /home/airflow/.local/lib/python3.12/site-packages/airflow/example_dags/example_sensors.py
[2024-07-15T14:03:00.760+0000] {logging_mixin.py:188} INFO - [2024-07-15T14:03:00.760+0000] {dag.py:3096} INFO - Sync 1 DAGs
[2024-07-15T14:03:00.766+0000] {logging_mixin.py:188} INFO - [2024-07-15T14:03:00.766+0000] {dag.py:3954} INFO - Setting next_dagrun for example_sensors to None, run_after=None
[2024-07-15T14:03:00.775+0000] {processor.py:183} INFO - Processing /home/airflow/.local/lib/python3.12/site-packages/airflow/example_dags/example_sensors.py took 0.036 seconds
[2024-07-15T14:03:31.002+0000] {processor.py:161} INFO - Started process (PID=1416) to work on /home/airflow/.local/lib/python3.12/site-packages/airflow/example_dags/example_sensors.py
[2024-07-15T14:03:31.003+0000] {processor.py:830} INFO - Processing file /home/airflow/.local/lib/python3.12/site-packages/airflow/example_dags/example_sensors.py for tasks to queue
[2024-07-15T14:03:31.004+0000] {logging_mixin.py:188} INFO - [2024-07-15T14:03:31.004+0000] {dagbag.py:545} INFO - Filling up the DagBag from /home/airflow/.local/lib/python3.12/site-packages/airflow/example_dags/example_sensors.py
[2024-07-15T14:03:31.008+0000] {processor.py:840} INFO - DAG(s) 'example_sensors' retrieved from /home/airflow/.local/lib/python3.12/site-packages/airflow/example_dags/example_sensors.py
[2024-07-15T14:03:31.021+0000] {logging_mixin.py:188} INFO - [2024-07-15T14:03:31.021+0000] {dag.py:3096} INFO - Sync 1 DAGs
[2024-07-15T14:03:31.026+0000] {logging_mixin.py:188} INFO - [2024-07-15T14:03:31.026+0000] {dag.py:3954} INFO - Setting next_dagrun for example_sensors to None, run_after=None
[2024-07-15T14:03:31.035+0000] {processor.py:183} INFO - Processing /home/airflow/.local/lib/python3.12/site-packages/airflow/example_dags/example_sensors.py took 0.036 seconds
[2024-07-15T14:04:01.293+0000] {processor.py:161} INFO - Started process (PID=1480) to work on /home/airflow/.local/lib/python3.12/site-packages/airflow/example_dags/example_sensors.py
[2024-07-15T14:04:01.294+0000] {processor.py:830} INFO - Processing file /home/airflow/.local/lib/python3.12/site-packages/airflow/example_dags/example_sensors.py for tasks to queue
[2024-07-15T14:04:01.295+0000] {logging_mixin.py:188} INFO - [2024-07-15T14:04:01.295+0000] {dagbag.py:545} INFO - Filling up the DagBag from /home/airflow/.local/lib/python3.12/site-packages/airflow/example_dags/example_sensors.py
[2024-07-15T14:04:01.299+0000] {processor.py:840} INFO - DAG(s) 'example_sensors' retrieved from /home/airflow/.local/lib/python3.12/site-packages/airflow/example_dags/example_sensors.py
[2024-07-15T14:04:01.311+0000] {logging_mixin.py:188} INFO - [2024-07-15T14:04:01.311+0000] {dag.py:3096} INFO - Sync 1 DAGs
[2024-07-15T14:04:01.317+0000] {logging_mixin.py:188} INFO - [2024-07-15T14:04:01.316+0000] {dag.py:3954} INFO - Setting next_dagrun for example_sensors to None, run_after=None
[2024-07-15T14:04:01.325+0000] {processor.py:183} INFO - Processing /home/airflow/.local/lib/python3.12/site-packages/airflow/example_dags/example_sensors.py took 0.035 seconds
[2024-07-15T14:04:31.935+0000] {processor.py:161} INFO - Started process (PID=1544) to work on /home/airflow/.local/lib/python3.12/site-packages/airflow/example_dags/example_sensors.py
[2024-07-15T14:04:31.936+0000] {processor.py:830} INFO - Processing file /home/airflow/.local/lib/python3.12/site-packages/airflow/example_dags/example_sensors.py for tasks to queue
[2024-07-15T14:04:31.937+0000] {logging_mixin.py:188} INFO - [2024-07-15T14:04:31.937+0000] {dagbag.py:545} INFO - Filling up the DagBag from /home/airflow/.local/lib/python3.12/site-packages/airflow/example_dags/example_sensors.py
[2024-07-15T14:04:31.942+0000] {processor.py:840} INFO - DAG(s) 'example_sensors' retrieved from /home/airflow/.local/lib/python3.12/site-packages/airflow/example_dags/example_sensors.py
[2024-07-15T14:04:31.954+0000] {logging_mixin.py:188} INFO - [2024-07-15T14:04:31.954+0000] {dag.py:3096} INFO - Sync 1 DAGs
[2024-07-15T14:04:31.961+0000] {logging_mixin.py:188} INFO - [2024-07-15T14:04:31.961+0000] {dag.py:3954} INFO - Setting next_dagrun for example_sensors to None, run_after=None
[2024-07-15T14:04:31.969+0000] {processor.py:183} INFO - Processing /home/airflow/.local/lib/python3.12/site-packages/airflow/example_dags/example_sensors.py took 0.037 seconds
