[2024-07-15T13:40:23.137+0000] {processor.py:161} INFO - Started process (PID=78) to work on /home/airflow/.local/lib/python3.12/site-packages/airflow/example_dags/example_branch_operator.py
[2024-07-15T13:40:23.139+0000] {processor.py:830} INFO - Processing file /home/airflow/.local/lib/python3.12/site-packages/airflow/example_dags/example_branch_operator.py for tasks to queue
[2024-07-15T13:40:23.143+0000] {logging_mixin.py:188} INFO - [2024-07-15T13:40:23.142+0000] {dagbag.py:545} INFO - Filling up the DagBag from /home/airflow/.local/lib/python3.12/site-packages/airflow/example_dags/example_branch_operator.py
[2024-07-15T13:40:23.162+0000] {processor.py:840} INFO - DAG(s) 'example_branch_operator' retrieved from /home/airflow/.local/lib/python3.12/site-packages/airflow/example_dags/example_branch_operator.py
[2024-07-15T13:40:23.182+0000] {logging_mixin.py:188} INFO - [2024-07-15T13:40:23.181+0000] {dag.py:3096} INFO - Sync 1 DAGs
[2024-07-15T13:40:23.199+0000] {logging_mixin.py:188} INFO - [2024-07-15T13:40:23.199+0000] {dag.py:3954} INFO - Setting next_dagrun for example_branch_operator to 2024-07-14 00:00:00+00:00, run_after=2024-07-15 00:00:00+00:00
[2024-07-15T13:40:23.210+0000] {processor.py:183} INFO - Processing /home/airflow/.local/lib/python3.12/site-packages/airflow/example_dags/example_branch_operator.py took 0.096 seconds
[2024-07-15T13:40:53.640+0000] {processor.py:161} INFO - Started process (PID=142) to work on /home/airflow/.local/lib/python3.12/site-packages/airflow/example_dags/example_branch_operator.py
[2024-07-15T13:40:53.641+0000] {processor.py:830} INFO - Processing file /home/airflow/.local/lib/python3.12/site-packages/airflow/example_dags/example_branch_operator.py for tasks to queue
[2024-07-15T13:40:53.642+0000] {logging_mixin.py:188} INFO - [2024-07-15T13:40:53.642+0000] {dagbag.py:545} INFO - Filling up the DagBag from /home/airflow/.local/lib/python3.12/site-packages/airflow/example_dags/example_branch_operator.py
[2024-07-15T13:40:53.649+0000] {processor.py:840} INFO - DAG(s) 'example_branch_operator' retrieved from /home/airflow/.local/lib/python3.12/site-packages/airflow/example_dags/example_branch_operator.py
[2024-07-15T13:40:53.698+0000] {logging_mixin.py:188} INFO - [2024-07-15T13:40:53.698+0000] {dag.py:3096} INFO - Sync 1 DAGs
[2024-07-15T13:40:53.708+0000] {logging_mixin.py:188} INFO - [2024-07-15T13:40:53.708+0000] {dag.py:3954} INFO - Setting next_dagrun for example_branch_operator to 2024-07-14 00:00:00+00:00, run_after=2024-07-15 00:00:00+00:00
[2024-07-15T13:40:53.717+0000] {processor.py:183} INFO - Processing /home/airflow/.local/lib/python3.12/site-packages/airflow/example_dags/example_branch_operator.py took 0.080 seconds
[2024-07-15T13:41:23.746+0000] {processor.py:161} INFO - Started process (PID=206) to work on /home/airflow/.local/lib/python3.12/site-packages/airflow/example_dags/example_branch_operator.py
[2024-07-15T13:41:23.750+0000] {processor.py:830} INFO - Processing file /home/airflow/.local/lib/python3.12/site-packages/airflow/example_dags/example_branch_operator.py for tasks to queue
[2024-07-15T13:41:23.751+0000] {logging_mixin.py:188} INFO - [2024-07-15T13:41:23.751+0000] {dagbag.py:545} INFO - Filling up the DagBag from /home/airflow/.local/lib/python3.12/site-packages/airflow/example_dags/example_branch_operator.py
[2024-07-15T13:41:23.763+0000] {processor.py:840} INFO - DAG(s) 'example_branch_operator' retrieved from /home/airflow/.local/lib/python3.12/site-packages/airflow/example_dags/example_branch_operator.py
[2024-07-15T13:41:23.780+0000] {logging_mixin.py:188} INFO - [2024-07-15T13:41:23.780+0000] {dag.py:3096} INFO - Sync 1 DAGs
[2024-07-15T13:41:23.791+0000] {logging_mixin.py:188} INFO - [2024-07-15T13:41:23.791+0000] {dag.py:3954} INFO - Setting next_dagrun for example_branch_operator to 2024-07-14 00:00:00+00:00, run_after=2024-07-15 00:00:00+00:00
[2024-07-15T13:41:23.800+0000] {processor.py:183} INFO - Processing /home/airflow/.local/lib/python3.12/site-packages/airflow/example_dags/example_branch_operator.py took 0.057 seconds
[2024-07-15T13:41:54.665+0000] {processor.py:161} INFO - Started process (PID=270) to work on /home/airflow/.local/lib/python3.12/site-packages/airflow/example_dags/example_branch_operator.py
[2024-07-15T13:41:54.666+0000] {processor.py:830} INFO - Processing file /home/airflow/.local/lib/python3.12/site-packages/airflow/example_dags/example_branch_operator.py for tasks to queue
[2024-07-15T13:41:54.667+0000] {logging_mixin.py:188} INFO - [2024-07-15T13:41:54.666+0000] {dagbag.py:545} INFO - Filling up the DagBag from /home/airflow/.local/lib/python3.12/site-packages/airflow/example_dags/example_branch_operator.py
[2024-07-15T13:41:54.675+0000] {processor.py:840} INFO - DAG(s) 'example_branch_operator' retrieved from /home/airflow/.local/lib/python3.12/site-packages/airflow/example_dags/example_branch_operator.py
[2024-07-15T13:41:54.687+0000] {logging_mixin.py:188} INFO - [2024-07-15T13:41:54.687+0000] {dag.py:3096} INFO - Sync 1 DAGs
[2024-07-15T13:41:54.697+0000] {logging_mixin.py:188} INFO - [2024-07-15T13:41:54.697+0000] {dag.py:3954} INFO - Setting next_dagrun for example_branch_operator to 2024-07-14 00:00:00+00:00, run_after=2024-07-15 00:00:00+00:00
[2024-07-15T13:41:54.705+0000] {processor.py:183} INFO - Processing /home/airflow/.local/lib/python3.12/site-packages/airflow/example_dags/example_branch_operator.py took 0.043 seconds
[2024-07-15T13:42:25.977+0000] {processor.py:161} INFO - Started process (PID=334) to work on /home/airflow/.local/lib/python3.12/site-packages/airflow/example_dags/example_branch_operator.py
[2024-07-15T13:42:25.978+0000] {processor.py:830} INFO - Processing file /home/airflow/.local/lib/python3.12/site-packages/airflow/example_dags/example_branch_operator.py for tasks to queue
[2024-07-15T13:42:25.979+0000] {logging_mixin.py:188} INFO - [2024-07-15T13:42:25.979+0000] {dagbag.py:545} INFO - Filling up the DagBag from /home/airflow/.local/lib/python3.12/site-packages/airflow/example_dags/example_branch_operator.py
[2024-07-15T13:42:25.987+0000] {processor.py:840} INFO - DAG(s) 'example_branch_operator' retrieved from /home/airflow/.local/lib/python3.12/site-packages/airflow/example_dags/example_branch_operator.py
[2024-07-15T13:42:26.000+0000] {logging_mixin.py:188} INFO - [2024-07-15T13:42:26.000+0000] {dag.py:3096} INFO - Sync 1 DAGs
[2024-07-15T13:42:26.011+0000] {logging_mixin.py:188} INFO - [2024-07-15T13:42:26.010+0000] {dag.py:3954} INFO - Setting next_dagrun for example_branch_operator to 2024-07-14 00:00:00+00:00, run_after=2024-07-15 00:00:00+00:00
[2024-07-15T13:42:26.019+0000] {processor.py:183} INFO - Processing /home/airflow/.local/lib/python3.12/site-packages/airflow/example_dags/example_branch_operator.py took 0.044 seconds
[2024-07-15T13:42:56.170+0000] {processor.py:161} INFO - Started process (PID=398) to work on /home/airflow/.local/lib/python3.12/site-packages/airflow/example_dags/example_branch_operator.py
[2024-07-15T13:42:56.170+0000] {processor.py:830} INFO - Processing file /home/airflow/.local/lib/python3.12/site-packages/airflow/example_dags/example_branch_operator.py for tasks to queue
[2024-07-15T13:42:56.171+0000] {logging_mixin.py:188} INFO - [2024-07-15T13:42:56.171+0000] {dagbag.py:545} INFO - Filling up the DagBag from /home/airflow/.local/lib/python3.12/site-packages/airflow/example_dags/example_branch_operator.py
[2024-07-15T13:42:56.179+0000] {processor.py:840} INFO - DAG(s) 'example_branch_operator' retrieved from /home/airflow/.local/lib/python3.12/site-packages/airflow/example_dags/example_branch_operator.py
[2024-07-15T13:42:56.191+0000] {logging_mixin.py:188} INFO - [2024-07-15T13:42:56.191+0000] {dag.py:3096} INFO - Sync 1 DAGs
[2024-07-15T13:42:56.202+0000] {logging_mixin.py:188} INFO - [2024-07-15T13:42:56.202+0000] {dag.py:3954} INFO - Setting next_dagrun for example_branch_operator to 2024-07-14 00:00:00+00:00, run_after=2024-07-15 00:00:00+00:00
[2024-07-15T13:42:56.212+0000] {processor.py:183} INFO - Processing /home/airflow/.local/lib/python3.12/site-packages/airflow/example_dags/example_branch_operator.py took 0.045 seconds
[2024-07-15T13:43:27.265+0000] {processor.py:161} INFO - Started process (PID=462) to work on /home/airflow/.local/lib/python3.12/site-packages/airflow/example_dags/example_branch_operator.py
[2024-07-15T13:43:27.265+0000] {processor.py:830} INFO - Processing file /home/airflow/.local/lib/python3.12/site-packages/airflow/example_dags/example_branch_operator.py for tasks to queue
[2024-07-15T13:43:27.267+0000] {logging_mixin.py:188} INFO - [2024-07-15T13:43:27.266+0000] {dagbag.py:545} INFO - Filling up the DagBag from /home/airflow/.local/lib/python3.12/site-packages/airflow/example_dags/example_branch_operator.py
[2024-07-15T13:43:27.274+0000] {processor.py:840} INFO - DAG(s) 'example_branch_operator' retrieved from /home/airflow/.local/lib/python3.12/site-packages/airflow/example_dags/example_branch_operator.py
[2024-07-15T13:43:27.288+0000] {logging_mixin.py:188} INFO - [2024-07-15T13:43:27.288+0000] {dag.py:3096} INFO - Sync 1 DAGs
[2024-07-15T13:43:27.299+0000] {logging_mixin.py:188} INFO - [2024-07-15T13:43:27.299+0000] {dag.py:3954} INFO - Setting next_dagrun for example_branch_operator to 2024-07-14 00:00:00+00:00, run_after=2024-07-15 00:00:00+00:00
[2024-07-15T13:43:27.308+0000] {processor.py:183} INFO - Processing /home/airflow/.local/lib/python3.12/site-packages/airflow/example_dags/example_branch_operator.py took 0.047 seconds
[2024-07-15T13:43:57.348+0000] {processor.py:161} INFO - Started process (PID=526) to work on /home/airflow/.local/lib/python3.12/site-packages/airflow/example_dags/example_branch_operator.py
[2024-07-15T13:43:57.348+0000] {processor.py:830} INFO - Processing file /home/airflow/.local/lib/python3.12/site-packages/airflow/example_dags/example_branch_operator.py for tasks to queue
[2024-07-15T13:43:57.349+0000] {logging_mixin.py:188} INFO - [2024-07-15T13:43:57.349+0000] {dagbag.py:545} INFO - Filling up the DagBag from /home/airflow/.local/lib/python3.12/site-packages/airflow/example_dags/example_branch_operator.py
[2024-07-15T13:43:57.357+0000] {processor.py:840} INFO - DAG(s) 'example_branch_operator' retrieved from /home/airflow/.local/lib/python3.12/site-packages/airflow/example_dags/example_branch_operator.py
[2024-07-15T13:43:57.370+0000] {logging_mixin.py:188} INFO - [2024-07-15T13:43:57.370+0000] {dag.py:3096} INFO - Sync 1 DAGs
[2024-07-15T13:43:57.380+0000] {logging_mixin.py:188} INFO - [2024-07-15T13:43:57.380+0000] {dag.py:3954} INFO - Setting next_dagrun for example_branch_operator to 2024-07-14 00:00:00+00:00, run_after=2024-07-15 00:00:00+00:00
[2024-07-15T13:43:57.388+0000] {processor.py:183} INFO - Processing /home/airflow/.local/lib/python3.12/site-packages/airflow/example_dags/example_branch_operator.py took 0.043 seconds
[2024-07-15T13:44:27.717+0000] {processor.py:161} INFO - Started process (PID=590) to work on /home/airflow/.local/lib/python3.12/site-packages/airflow/example_dags/example_branch_operator.py
[2024-07-15T13:44:27.717+0000] {processor.py:830} INFO - Processing file /home/airflow/.local/lib/python3.12/site-packages/airflow/example_dags/example_branch_operator.py for tasks to queue
[2024-07-15T13:44:27.718+0000] {logging_mixin.py:188} INFO - [2024-07-15T13:44:27.718+0000] {dagbag.py:545} INFO - Filling up the DagBag from /home/airflow/.local/lib/python3.12/site-packages/airflow/example_dags/example_branch_operator.py
[2024-07-15T13:44:27.726+0000] {processor.py:840} INFO - DAG(s) 'example_branch_operator' retrieved from /home/airflow/.local/lib/python3.12/site-packages/airflow/example_dags/example_branch_operator.py
[2024-07-15T13:44:27.739+0000] {logging_mixin.py:188} INFO - [2024-07-15T13:44:27.739+0000] {dag.py:3096} INFO - Sync 1 DAGs
[2024-07-15T13:44:27.749+0000] {logging_mixin.py:188} INFO - [2024-07-15T13:44:27.749+0000] {dag.py:3954} INFO - Setting next_dagrun for example_branch_operator to 2024-07-14 00:00:00+00:00, run_after=2024-07-15 00:00:00+00:00
[2024-07-15T13:44:27.756+0000] {processor.py:183} INFO - Processing /home/airflow/.local/lib/python3.12/site-packages/airflow/example_dags/example_branch_operator.py took 0.042 seconds
[2024-07-15T13:45:48.153+0000] {processor.py:161} INFO - Started process (PID=79) to work on /home/airflow/.local/lib/python3.12/site-packages/airflow/example_dags/example_branch_operator.py
[2024-07-15T13:45:48.154+0000] {processor.py:830} INFO - Processing file /home/airflow/.local/lib/python3.12/site-packages/airflow/example_dags/example_branch_operator.py for tasks to queue
[2024-07-15T13:45:48.156+0000] {logging_mixin.py:188} INFO - [2024-07-15T13:45:48.156+0000] {dagbag.py:545} INFO - Filling up the DagBag from /home/airflow/.local/lib/python3.12/site-packages/airflow/example_dags/example_branch_operator.py
[2024-07-15T13:45:48.169+0000] {processor.py:840} INFO - DAG(s) 'example_branch_operator' retrieved from /home/airflow/.local/lib/python3.12/site-packages/airflow/example_dags/example_branch_operator.py
[2024-07-15T13:45:48.178+0000] {logging_mixin.py:188} INFO - [2024-07-15T13:45:48.178+0000] {dag.py:3096} INFO - Sync 1 DAGs
[2024-07-15T13:45:48.209+0000] {logging_mixin.py:188} INFO - [2024-07-15T13:45:48.209+0000] {dag.py:3954} INFO - Setting next_dagrun for example_branch_operator to 2024-07-14 00:00:00+00:00, run_after=2024-07-15 00:00:00+00:00
[2024-07-15T13:45:48.233+0000] {processor.py:183} INFO - Processing /home/airflow/.local/lib/python3.12/site-packages/airflow/example_dags/example_branch_operator.py took 0.090 seconds
[2024-07-15T13:46:18.702+0000] {processor.py:161} INFO - Started process (PID=143) to work on /home/airflow/.local/lib/python3.12/site-packages/airflow/example_dags/example_branch_operator.py
[2024-07-15T13:46:18.703+0000] {processor.py:830} INFO - Processing file /home/airflow/.local/lib/python3.12/site-packages/airflow/example_dags/example_branch_operator.py for tasks to queue
[2024-07-15T13:46:18.704+0000] {logging_mixin.py:188} INFO - [2024-07-15T13:46:18.703+0000] {dagbag.py:545} INFO - Filling up the DagBag from /home/airflow/.local/lib/python3.12/site-packages/airflow/example_dags/example_branch_operator.py
[2024-07-15T13:46:18.712+0000] {processor.py:840} INFO - DAG(s) 'example_branch_operator' retrieved from /home/airflow/.local/lib/python3.12/site-packages/airflow/example_dags/example_branch_operator.py
[2024-07-15T13:46:18.761+0000] {logging_mixin.py:188} INFO - [2024-07-15T13:46:18.760+0000] {dag.py:3096} INFO - Sync 1 DAGs
[2024-07-15T13:46:18.770+0000] {logging_mixin.py:188} INFO - [2024-07-15T13:46:18.770+0000] {dag.py:3954} INFO - Setting next_dagrun for example_branch_operator to 2024-07-14 00:00:00+00:00, run_after=2024-07-15 00:00:00+00:00
[2024-07-15T13:46:18.778+0000] {processor.py:183} INFO - Processing /home/airflow/.local/lib/python3.12/site-packages/airflow/example_dags/example_branch_operator.py took 0.079 seconds
[2024-07-15T13:46:49.692+0000] {processor.py:161} INFO - Started process (PID=206) to work on /home/airflow/.local/lib/python3.12/site-packages/airflow/example_dags/example_branch_operator.py
[2024-07-15T13:46:49.692+0000] {processor.py:830} INFO - Processing file /home/airflow/.local/lib/python3.12/site-packages/airflow/example_dags/example_branch_operator.py for tasks to queue
[2024-07-15T13:46:49.693+0000] {logging_mixin.py:188} INFO - [2024-07-15T13:46:49.693+0000] {dagbag.py:545} INFO - Filling up the DagBag from /home/airflow/.local/lib/python3.12/site-packages/airflow/example_dags/example_branch_operator.py
[2024-07-15T13:46:49.701+0000] {processor.py:840} INFO - DAG(s) 'example_branch_operator' retrieved from /home/airflow/.local/lib/python3.12/site-packages/airflow/example_dags/example_branch_operator.py
[2024-07-15T13:46:49.715+0000] {logging_mixin.py:188} INFO - [2024-07-15T13:46:49.715+0000] {dag.py:3096} INFO - Sync 1 DAGs
[2024-07-15T13:46:49.726+0000] {logging_mixin.py:188} INFO - [2024-07-15T13:46:49.726+0000] {dag.py:3954} INFO - Setting next_dagrun for example_branch_operator to 2024-07-14 00:00:00+00:00, run_after=2024-07-15 00:00:00+00:00
[2024-07-15T13:46:49.735+0000] {processor.py:183} INFO - Processing /home/airflow/.local/lib/python3.12/site-packages/airflow/example_dags/example_branch_operator.py took 0.046 seconds
[2024-07-15T13:47:20.026+0000] {processor.py:161} INFO - Started process (PID=270) to work on /home/airflow/.local/lib/python3.12/site-packages/airflow/example_dags/example_branch_operator.py
[2024-07-15T13:47:20.027+0000] {processor.py:830} INFO - Processing file /home/airflow/.local/lib/python3.12/site-packages/airflow/example_dags/example_branch_operator.py for tasks to queue
[2024-07-15T13:47:20.028+0000] {logging_mixin.py:188} INFO - [2024-07-15T13:47:20.028+0000] {dagbag.py:545} INFO - Filling up the DagBag from /home/airflow/.local/lib/python3.12/site-packages/airflow/example_dags/example_branch_operator.py
[2024-07-15T13:47:20.036+0000] {processor.py:840} INFO - DAG(s) 'example_branch_operator' retrieved from /home/airflow/.local/lib/python3.12/site-packages/airflow/example_dags/example_branch_operator.py
[2024-07-15T13:47:20.049+0000] {logging_mixin.py:188} INFO - [2024-07-15T13:47:20.049+0000] {dag.py:3096} INFO - Sync 1 DAGs
[2024-07-15T13:47:20.060+0000] {logging_mixin.py:188} INFO - [2024-07-15T13:47:20.060+0000] {dag.py:3954} INFO - Setting next_dagrun for example_branch_operator to 2024-07-14 00:00:00+00:00, run_after=2024-07-15 00:00:00+00:00
[2024-07-15T13:47:20.069+0000] {processor.py:183} INFO - Processing /home/airflow/.local/lib/python3.12/site-packages/airflow/example_dags/example_branch_operator.py took 0.045 seconds
[2024-07-15T13:47:50.423+0000] {processor.py:161} INFO - Started process (PID=334) to work on /home/airflow/.local/lib/python3.12/site-packages/airflow/example_dags/example_branch_operator.py
[2024-07-15T13:47:50.423+0000] {processor.py:830} INFO - Processing file /home/airflow/.local/lib/python3.12/site-packages/airflow/example_dags/example_branch_operator.py for tasks to queue
[2024-07-15T13:47:50.424+0000] {logging_mixin.py:188} INFO - [2024-07-15T13:47:50.424+0000] {dagbag.py:545} INFO - Filling up the DagBag from /home/airflow/.local/lib/python3.12/site-packages/airflow/example_dags/example_branch_operator.py
[2024-07-15T13:47:50.432+0000] {processor.py:840} INFO - DAG(s) 'example_branch_operator' retrieved from /home/airflow/.local/lib/python3.12/site-packages/airflow/example_dags/example_branch_operator.py
[2024-07-15T13:47:50.445+0000] {logging_mixin.py:188} INFO - [2024-07-15T13:47:50.445+0000] {dag.py:3096} INFO - Sync 1 DAGs
[2024-07-15T13:47:50.456+0000] {logging_mixin.py:188} INFO - [2024-07-15T13:47:50.455+0000] {dag.py:3954} INFO - Setting next_dagrun for example_branch_operator to 2024-07-14 00:00:00+00:00, run_after=2024-07-15 00:00:00+00:00
[2024-07-15T13:47:50.465+0000] {processor.py:183} INFO - Processing /home/airflow/.local/lib/python3.12/site-packages/airflow/example_dags/example_branch_operator.py took 0.045 seconds
[2024-07-15T13:48:20.729+0000] {processor.py:161} INFO - Started process (PID=397) to work on /home/airflow/.local/lib/python3.12/site-packages/airflow/example_dags/example_branch_operator.py
[2024-07-15T13:48:20.730+0000] {processor.py:830} INFO - Processing file /home/airflow/.local/lib/python3.12/site-packages/airflow/example_dags/example_branch_operator.py for tasks to queue
[2024-07-15T13:48:20.731+0000] {logging_mixin.py:188} INFO - [2024-07-15T13:48:20.731+0000] {dagbag.py:545} INFO - Filling up the DagBag from /home/airflow/.local/lib/python3.12/site-packages/airflow/example_dags/example_branch_operator.py
[2024-07-15T13:48:20.740+0000] {processor.py:840} INFO - DAG(s) 'example_branch_operator' retrieved from /home/airflow/.local/lib/python3.12/site-packages/airflow/example_dags/example_branch_operator.py
[2024-07-15T13:48:20.754+0000] {logging_mixin.py:188} INFO - [2024-07-15T13:48:20.754+0000] {dag.py:3096} INFO - Sync 1 DAGs
[2024-07-15T13:48:20.764+0000] {logging_mixin.py:188} INFO - [2024-07-15T13:48:20.764+0000] {dag.py:3954} INFO - Setting next_dagrun for example_branch_operator to 2024-07-14 00:00:00+00:00, run_after=2024-07-15 00:00:00+00:00
[2024-07-15T13:48:20.772+0000] {processor.py:183} INFO - Processing /home/airflow/.local/lib/python3.12/site-packages/airflow/example_dags/example_branch_operator.py took 0.046 seconds
[2024-07-15T13:48:51.004+0000] {processor.py:161} INFO - Started process (PID=461) to work on /home/airflow/.local/lib/python3.12/site-packages/airflow/example_dags/example_branch_operator.py
[2024-07-15T13:48:51.005+0000] {processor.py:830} INFO - Processing file /home/airflow/.local/lib/python3.12/site-packages/airflow/example_dags/example_branch_operator.py for tasks to queue
[2024-07-15T13:48:51.006+0000] {logging_mixin.py:188} INFO - [2024-07-15T13:48:51.006+0000] {dagbag.py:545} INFO - Filling up the DagBag from /home/airflow/.local/lib/python3.12/site-packages/airflow/example_dags/example_branch_operator.py
[2024-07-15T13:48:51.014+0000] {processor.py:840} INFO - DAG(s) 'example_branch_operator' retrieved from /home/airflow/.local/lib/python3.12/site-packages/airflow/example_dags/example_branch_operator.py
[2024-07-15T13:48:51.029+0000] {logging_mixin.py:188} INFO - [2024-07-15T13:48:51.028+0000] {dag.py:3096} INFO - Sync 1 DAGs
[2024-07-15T13:48:51.039+0000] {logging_mixin.py:188} INFO - [2024-07-15T13:48:51.039+0000] {dag.py:3954} INFO - Setting next_dagrun for example_branch_operator to 2024-07-14 00:00:00+00:00, run_after=2024-07-15 00:00:00+00:00
[2024-07-15T13:48:51.048+0000] {processor.py:183} INFO - Processing /home/airflow/.local/lib/python3.12/site-packages/airflow/example_dags/example_branch_operator.py took 0.046 seconds
[2024-07-15T13:49:49.291+0000] {processor.py:161} INFO - Started process (PID=79) to work on /home/airflow/.local/lib/python3.12/site-packages/airflow/example_dags/example_branch_operator.py
[2024-07-15T13:49:49.292+0000] {processor.py:830} INFO - Processing file /home/airflow/.local/lib/python3.12/site-packages/airflow/example_dags/example_branch_operator.py for tasks to queue
[2024-07-15T13:49:49.293+0000] {logging_mixin.py:188} INFO - [2024-07-15T13:49:49.293+0000] {dagbag.py:545} INFO - Filling up the DagBag from /home/airflow/.local/lib/python3.12/site-packages/airflow/example_dags/example_branch_operator.py
[2024-07-15T13:49:49.304+0000] {processor.py:840} INFO - DAG(s) 'example_branch_operator' retrieved from /home/airflow/.local/lib/python3.12/site-packages/airflow/example_dags/example_branch_operator.py
[2024-07-15T13:49:49.312+0000] {logging_mixin.py:188} INFO - [2024-07-15T13:49:49.312+0000] {dag.py:3096} INFO - Sync 1 DAGs
[2024-07-15T13:49:49.326+0000] {logging_mixin.py:188} INFO - [2024-07-15T13:49:49.326+0000] {dag.py:3954} INFO - Setting next_dagrun for example_branch_operator to 2024-07-14 00:00:00+00:00, run_after=2024-07-15 00:00:00+00:00
[2024-07-15T13:49:49.335+0000] {processor.py:183} INFO - Processing /home/airflow/.local/lib/python3.12/site-packages/airflow/example_dags/example_branch_operator.py took 0.049 seconds
[2024-07-15T13:50:20.134+0000] {processor.py:161} INFO - Started process (PID=143) to work on /home/airflow/.local/lib/python3.12/site-packages/airflow/example_dags/example_branch_operator.py
[2024-07-15T13:50:20.135+0000] {processor.py:830} INFO - Processing file /home/airflow/.local/lib/python3.12/site-packages/airflow/example_dags/example_branch_operator.py for tasks to queue
[2024-07-15T13:50:20.136+0000] {logging_mixin.py:188} INFO - [2024-07-15T13:50:20.136+0000] {dagbag.py:545} INFO - Filling up the DagBag from /home/airflow/.local/lib/python3.12/site-packages/airflow/example_dags/example_branch_operator.py
[2024-07-15T13:50:20.144+0000] {processor.py:840} INFO - DAG(s) 'example_branch_operator' retrieved from /home/airflow/.local/lib/python3.12/site-packages/airflow/example_dags/example_branch_operator.py
[2024-07-15T13:50:20.191+0000] {logging_mixin.py:188} INFO - [2024-07-15T13:50:20.191+0000] {dag.py:3096} INFO - Sync 1 DAGs
[2024-07-15T13:50:20.200+0000] {logging_mixin.py:188} INFO - [2024-07-15T13:50:20.200+0000] {dag.py:3954} INFO - Setting next_dagrun for example_branch_operator to 2024-07-14 00:00:00+00:00, run_after=2024-07-15 00:00:00+00:00
[2024-07-15T13:50:20.209+0000] {processor.py:183} INFO - Processing /home/airflow/.local/lib/python3.12/site-packages/airflow/example_dags/example_branch_operator.py took 0.077 seconds
[2024-07-15T13:50:50.453+0000] {processor.py:161} INFO - Started process (PID=208) to work on /home/airflow/.local/lib/python3.12/site-packages/airflow/example_dags/example_branch_operator.py
[2024-07-15T13:50:50.454+0000] {processor.py:830} INFO - Processing file /home/airflow/.local/lib/python3.12/site-packages/airflow/example_dags/example_branch_operator.py for tasks to queue
[2024-07-15T13:50:50.455+0000] {logging_mixin.py:188} INFO - [2024-07-15T13:50:50.455+0000] {dagbag.py:545} INFO - Filling up the DagBag from /home/airflow/.local/lib/python3.12/site-packages/airflow/example_dags/example_branch_operator.py
[2024-07-15T13:50:50.463+0000] {processor.py:840} INFO - DAG(s) 'example_branch_operator' retrieved from /home/airflow/.local/lib/python3.12/site-packages/airflow/example_dags/example_branch_operator.py
[2024-07-15T13:50:50.476+0000] {logging_mixin.py:188} INFO - [2024-07-15T13:50:50.476+0000] {dag.py:3096} INFO - Sync 1 DAGs
[2024-07-15T13:50:50.486+0000] {logging_mixin.py:188} INFO - [2024-07-15T13:50:50.486+0000] {dag.py:3954} INFO - Setting next_dagrun for example_branch_operator to 2024-07-14 00:00:00+00:00, run_after=2024-07-15 00:00:00+00:00
[2024-07-15T13:50:50.493+0000] {processor.py:183} INFO - Processing /home/airflow/.local/lib/python3.12/site-packages/airflow/example_dags/example_branch_operator.py took 0.043 seconds
[2024-07-15T13:51:20.641+0000] {processor.py:161} INFO - Started process (PID=271) to work on /home/airflow/.local/lib/python3.12/site-packages/airflow/example_dags/example_branch_operator.py
[2024-07-15T13:51:20.641+0000] {processor.py:830} INFO - Processing file /home/airflow/.local/lib/python3.12/site-packages/airflow/example_dags/example_branch_operator.py for tasks to queue
[2024-07-15T13:51:20.643+0000] {logging_mixin.py:188} INFO - [2024-07-15T13:51:20.642+0000] {dagbag.py:545} INFO - Filling up the DagBag from /home/airflow/.local/lib/python3.12/site-packages/airflow/example_dags/example_branch_operator.py
[2024-07-15T13:51:20.650+0000] {processor.py:840} INFO - DAG(s) 'example_branch_operator' retrieved from /home/airflow/.local/lib/python3.12/site-packages/airflow/example_dags/example_branch_operator.py
[2024-07-15T13:51:20.677+0000] {logging_mixin.py:188} INFO - [2024-07-15T13:51:20.677+0000] {dag.py:3096} INFO - Sync 1 DAGs
[2024-07-15T13:51:20.689+0000] {logging_mixin.py:188} INFO - [2024-07-15T13:51:20.688+0000] {dag.py:3954} INFO - Setting next_dagrun for example_branch_operator to 2024-07-14 00:00:00+00:00, run_after=2024-07-15 00:00:00+00:00
[2024-07-15T13:51:20.698+0000] {processor.py:183} INFO - Processing /home/airflow/.local/lib/python3.12/site-packages/airflow/example_dags/example_branch_operator.py took 0.060 seconds
[2024-07-15T13:51:50.842+0000] {processor.py:161} INFO - Started process (PID=335) to work on /home/airflow/.local/lib/python3.12/site-packages/airflow/example_dags/example_branch_operator.py
[2024-07-15T13:51:50.842+0000] {processor.py:830} INFO - Processing file /home/airflow/.local/lib/python3.12/site-packages/airflow/example_dags/example_branch_operator.py for tasks to queue
[2024-07-15T13:51:50.843+0000] {logging_mixin.py:188} INFO - [2024-07-15T13:51:50.843+0000] {dagbag.py:545} INFO - Filling up the DagBag from /home/airflow/.local/lib/python3.12/site-packages/airflow/example_dags/example_branch_operator.py
[2024-07-15T13:51:50.851+0000] {processor.py:840} INFO - DAG(s) 'example_branch_operator' retrieved from /home/airflow/.local/lib/python3.12/site-packages/airflow/example_dags/example_branch_operator.py
[2024-07-15T13:51:50.863+0000] {logging_mixin.py:188} INFO - [2024-07-15T13:51:50.863+0000] {dag.py:3096} INFO - Sync 1 DAGs
[2024-07-15T13:51:50.873+0000] {logging_mixin.py:188} INFO - [2024-07-15T13:51:50.872+0000] {dag.py:3954} INFO - Setting next_dagrun for example_branch_operator to 2024-07-14 00:00:00+00:00, run_after=2024-07-15 00:00:00+00:00
[2024-07-15T13:51:50.880+0000] {processor.py:183} INFO - Processing /home/airflow/.local/lib/python3.12/site-packages/airflow/example_dags/example_branch_operator.py took 0.040 seconds
[2024-07-15T13:52:54.163+0000] {processor.py:161} INFO - Started process (PID=78) to work on /home/airflow/.local/lib/python3.12/site-packages/airflow/example_dags/example_branch_operator.py
[2024-07-15T13:52:54.164+0000] {processor.py:830} INFO - Processing file /home/airflow/.local/lib/python3.12/site-packages/airflow/example_dags/example_branch_operator.py for tasks to queue
[2024-07-15T13:52:54.166+0000] {logging_mixin.py:188} INFO - [2024-07-15T13:52:54.166+0000] {dagbag.py:545} INFO - Filling up the DagBag from /home/airflow/.local/lib/python3.12/site-packages/airflow/example_dags/example_branch_operator.py
[2024-07-15T13:52:54.176+0000] {processor.py:840} INFO - DAG(s) 'example_branch_operator' retrieved from /home/airflow/.local/lib/python3.12/site-packages/airflow/example_dags/example_branch_operator.py
[2024-07-15T13:52:54.185+0000] {logging_mixin.py:188} INFO - [2024-07-15T13:52:54.185+0000] {dag.py:3096} INFO - Sync 1 DAGs
[2024-07-15T13:52:54.202+0000] {logging_mixin.py:188} INFO - [2024-07-15T13:52:54.202+0000] {dag.py:3954} INFO - Setting next_dagrun for example_branch_operator to 2024-07-14 00:00:00+00:00, run_after=2024-07-15 00:00:00+00:00
[2024-07-15T13:52:54.217+0000] {processor.py:183} INFO - Processing /home/airflow/.local/lib/python3.12/site-packages/airflow/example_dags/example_branch_operator.py took 0.057 seconds
[2024-07-15T13:53:24.826+0000] {processor.py:161} INFO - Started process (PID=142) to work on /home/airflow/.local/lib/python3.12/site-packages/airflow/example_dags/example_branch_operator.py
[2024-07-15T13:53:24.826+0000] {processor.py:830} INFO - Processing file /home/airflow/.local/lib/python3.12/site-packages/airflow/example_dags/example_branch_operator.py for tasks to queue
[2024-07-15T13:53:24.828+0000] {logging_mixin.py:188} INFO - [2024-07-15T13:53:24.827+0000] {dagbag.py:545} INFO - Filling up the DagBag from /home/airflow/.local/lib/python3.12/site-packages/airflow/example_dags/example_branch_operator.py
[2024-07-15T13:53:24.835+0000] {processor.py:840} INFO - DAG(s) 'example_branch_operator' retrieved from /home/airflow/.local/lib/python3.12/site-packages/airflow/example_dags/example_branch_operator.py
[2024-07-15T13:53:24.894+0000] {logging_mixin.py:188} INFO - [2024-07-15T13:53:24.894+0000] {dag.py:3096} INFO - Sync 1 DAGs
[2024-07-15T13:53:24.904+0000] {logging_mixin.py:188} INFO - [2024-07-15T13:53:24.903+0000] {dag.py:3954} INFO - Setting next_dagrun for example_branch_operator to 2024-07-14 00:00:00+00:00, run_after=2024-07-15 00:00:00+00:00
[2024-07-15T13:53:24.913+0000] {processor.py:183} INFO - Processing /home/airflow/.local/lib/python3.12/site-packages/airflow/example_dags/example_branch_operator.py took 0.090 seconds
[2024-07-15T13:53:54.929+0000] {processor.py:161} INFO - Started process (PID=206) to work on /home/airflow/.local/lib/python3.12/site-packages/airflow/example_dags/example_branch_operator.py
[2024-07-15T13:53:54.930+0000] {processor.py:830} INFO - Processing file /home/airflow/.local/lib/python3.12/site-packages/airflow/example_dags/example_branch_operator.py for tasks to queue
[2024-07-15T13:53:54.931+0000] {logging_mixin.py:188} INFO - [2024-07-15T13:53:54.930+0000] {dagbag.py:545} INFO - Filling up the DagBag from /home/airflow/.local/lib/python3.12/site-packages/airflow/example_dags/example_branch_operator.py
[2024-07-15T13:53:54.938+0000] {processor.py:840} INFO - DAG(s) 'example_branch_operator' retrieved from /home/airflow/.local/lib/python3.12/site-packages/airflow/example_dags/example_branch_operator.py
[2024-07-15T13:53:54.951+0000] {logging_mixin.py:188} INFO - [2024-07-15T13:53:54.951+0000] {dag.py:3096} INFO - Sync 1 DAGs
[2024-07-15T13:53:54.960+0000] {logging_mixin.py:188} INFO - [2024-07-15T13:53:54.960+0000] {dag.py:3954} INFO - Setting next_dagrun for example_branch_operator to 2024-07-14 00:00:00+00:00, run_after=2024-07-15 00:00:00+00:00
[2024-07-15T13:53:54.968+0000] {processor.py:183} INFO - Processing /home/airflow/.local/lib/python3.12/site-packages/airflow/example_dags/example_branch_operator.py took 0.041 seconds
[2024-07-15T13:54:25.038+0000] {processor.py:161} INFO - Started process (PID=270) to work on /home/airflow/.local/lib/python3.12/site-packages/airflow/example_dags/example_branch_operator.py
[2024-07-15T13:54:25.038+0000] {processor.py:830} INFO - Processing file /home/airflow/.local/lib/python3.12/site-packages/airflow/example_dags/example_branch_operator.py for tasks to queue
[2024-07-15T13:54:25.039+0000] {logging_mixin.py:188} INFO - [2024-07-15T13:54:25.039+0000] {dagbag.py:545} INFO - Filling up the DagBag from /home/airflow/.local/lib/python3.12/site-packages/airflow/example_dags/example_branch_operator.py
[2024-07-15T13:54:25.048+0000] {processor.py:840} INFO - DAG(s) 'example_branch_operator' retrieved from /home/airflow/.local/lib/python3.12/site-packages/airflow/example_dags/example_branch_operator.py
[2024-07-15T13:54:25.062+0000] {logging_mixin.py:188} INFO - [2024-07-15T13:54:25.062+0000] {dag.py:3096} INFO - Sync 1 DAGs
[2024-07-15T13:54:25.074+0000] {logging_mixin.py:188} INFO - [2024-07-15T13:54:25.074+0000] {dag.py:3954} INFO - Setting next_dagrun for example_branch_operator to 2024-07-14 00:00:00+00:00, run_after=2024-07-15 00:00:00+00:00
[2024-07-15T13:54:25.083+0000] {processor.py:183} INFO - Processing /home/airflow/.local/lib/python3.12/site-packages/airflow/example_dags/example_branch_operator.py took 0.048 seconds
[2024-07-15T13:54:55.256+0000] {processor.py:161} INFO - Started process (PID=334) to work on /home/airflow/.local/lib/python3.12/site-packages/airflow/example_dags/example_branch_operator.py
[2024-07-15T13:54:55.257+0000] {processor.py:830} INFO - Processing file /home/airflow/.local/lib/python3.12/site-packages/airflow/example_dags/example_branch_operator.py for tasks to queue
[2024-07-15T13:54:55.258+0000] {logging_mixin.py:188} INFO - [2024-07-15T13:54:55.258+0000] {dagbag.py:545} INFO - Filling up the DagBag from /home/airflow/.local/lib/python3.12/site-packages/airflow/example_dags/example_branch_operator.py
[2024-07-15T13:54:55.266+0000] {processor.py:840} INFO - DAG(s) 'example_branch_operator' retrieved from /home/airflow/.local/lib/python3.12/site-packages/airflow/example_dags/example_branch_operator.py
[2024-07-15T13:54:55.281+0000] {logging_mixin.py:188} INFO - [2024-07-15T13:54:55.280+0000] {dag.py:3096} INFO - Sync 1 DAGs
[2024-07-15T13:54:55.291+0000] {logging_mixin.py:188} INFO - [2024-07-15T13:54:55.291+0000] {dag.py:3954} INFO - Setting next_dagrun for example_branch_operator to 2024-07-14 00:00:00+00:00, run_after=2024-07-15 00:00:00+00:00
[2024-07-15T13:54:55.299+0000] {processor.py:183} INFO - Processing /home/airflow/.local/lib/python3.12/site-packages/airflow/example_dags/example_branch_operator.py took 0.046 seconds
[2024-07-15T13:55:25.455+0000] {processor.py:161} INFO - Started process (PID=398) to work on /home/airflow/.local/lib/python3.12/site-packages/airflow/example_dags/example_branch_operator.py
[2024-07-15T13:55:25.456+0000] {processor.py:830} INFO - Processing file /home/airflow/.local/lib/python3.12/site-packages/airflow/example_dags/example_branch_operator.py for tasks to queue
[2024-07-15T13:55:25.457+0000] {logging_mixin.py:188} INFO - [2024-07-15T13:55:25.456+0000] {dagbag.py:545} INFO - Filling up the DagBag from /home/airflow/.local/lib/python3.12/site-packages/airflow/example_dags/example_branch_operator.py
[2024-07-15T13:55:25.465+0000] {processor.py:840} INFO - DAG(s) 'example_branch_operator' retrieved from /home/airflow/.local/lib/python3.12/site-packages/airflow/example_dags/example_branch_operator.py
[2024-07-15T13:55:25.479+0000] {logging_mixin.py:188} INFO - [2024-07-15T13:55:25.479+0000] {dag.py:3096} INFO - Sync 1 DAGs
[2024-07-15T13:55:25.489+0000] {logging_mixin.py:188} INFO - [2024-07-15T13:55:25.488+0000] {dag.py:3954} INFO - Setting next_dagrun for example_branch_operator to 2024-07-14 00:00:00+00:00, run_after=2024-07-15 00:00:00+00:00
[2024-07-15T13:55:25.496+0000] {processor.py:183} INFO - Processing /home/airflow/.local/lib/python3.12/site-packages/airflow/example_dags/example_branch_operator.py took 0.044 seconds
[2024-07-15T13:55:56.633+0000] {processor.py:161} INFO - Started process (PID=463) to work on /home/airflow/.local/lib/python3.12/site-packages/airflow/example_dags/example_branch_operator.py
[2024-07-15T13:55:56.634+0000] {processor.py:830} INFO - Processing file /home/airflow/.local/lib/python3.12/site-packages/airflow/example_dags/example_branch_operator.py for tasks to queue
[2024-07-15T13:55:56.636+0000] {logging_mixin.py:188} INFO - [2024-07-15T13:55:56.635+0000] {dagbag.py:545} INFO - Filling up the DagBag from /home/airflow/.local/lib/python3.12/site-packages/airflow/example_dags/example_branch_operator.py
[2024-07-15T13:55:56.644+0000] {processor.py:840} INFO - DAG(s) 'example_branch_operator' retrieved from /home/airflow/.local/lib/python3.12/site-packages/airflow/example_dags/example_branch_operator.py
[2024-07-15T13:55:56.659+0000] {logging_mixin.py:188} INFO - [2024-07-15T13:55:56.659+0000] {dag.py:3096} INFO - Sync 1 DAGs
[2024-07-15T13:55:56.670+0000] {logging_mixin.py:188} INFO - [2024-07-15T13:55:56.670+0000] {dag.py:3954} INFO - Setting next_dagrun for example_branch_operator to 2024-07-14 00:00:00+00:00, run_after=2024-07-15 00:00:00+00:00
[2024-07-15T13:55:56.680+0000] {processor.py:183} INFO - Processing /home/airflow/.local/lib/python3.12/site-packages/airflow/example_dags/example_branch_operator.py took 0.050 seconds
[2024-07-15T13:56:26.832+0000] {processor.py:161} INFO - Started process (PID=527) to work on /home/airflow/.local/lib/python3.12/site-packages/airflow/example_dags/example_branch_operator.py
[2024-07-15T13:56:26.834+0000] {processor.py:830} INFO - Processing file /home/airflow/.local/lib/python3.12/site-packages/airflow/example_dags/example_branch_operator.py for tasks to queue
[2024-07-15T13:56:26.836+0000] {logging_mixin.py:188} INFO - [2024-07-15T13:56:26.835+0000] {dagbag.py:545} INFO - Filling up the DagBag from /home/airflow/.local/lib/python3.12/site-packages/airflow/example_dags/example_branch_operator.py
[2024-07-15T13:56:26.844+0000] {processor.py:840} INFO - DAG(s) 'example_branch_operator' retrieved from /home/airflow/.local/lib/python3.12/site-packages/airflow/example_dags/example_branch_operator.py
[2024-07-15T13:56:26.857+0000] {logging_mixin.py:188} INFO - [2024-07-15T13:56:26.857+0000] {dag.py:3096} INFO - Sync 1 DAGs
[2024-07-15T13:56:26.867+0000] {logging_mixin.py:188} INFO - [2024-07-15T13:56:26.867+0000] {dag.py:3954} INFO - Setting next_dagrun for example_branch_operator to 2024-07-14 00:00:00+00:00, run_after=2024-07-15 00:00:00+00:00
[2024-07-15T13:56:26.876+0000] {processor.py:183} INFO - Processing /home/airflow/.local/lib/python3.12/site-packages/airflow/example_dags/example_branch_operator.py took 0.047 seconds
[2024-07-15T13:56:57.087+0000] {processor.py:161} INFO - Started process (PID=591) to work on /home/airflow/.local/lib/python3.12/site-packages/airflow/example_dags/example_branch_operator.py
[2024-07-15T13:56:57.088+0000] {processor.py:830} INFO - Processing file /home/airflow/.local/lib/python3.12/site-packages/airflow/example_dags/example_branch_operator.py for tasks to queue
[2024-07-15T13:56:57.089+0000] {logging_mixin.py:188} INFO - [2024-07-15T13:56:57.089+0000] {dagbag.py:545} INFO - Filling up the DagBag from /home/airflow/.local/lib/python3.12/site-packages/airflow/example_dags/example_branch_operator.py
[2024-07-15T13:56:57.097+0000] {processor.py:840} INFO - DAG(s) 'example_branch_operator' retrieved from /home/airflow/.local/lib/python3.12/site-packages/airflow/example_dags/example_branch_operator.py
[2024-07-15T13:56:57.111+0000] {logging_mixin.py:188} INFO - [2024-07-15T13:56:57.110+0000] {dag.py:3096} INFO - Sync 1 DAGs
[2024-07-15T13:56:57.121+0000] {logging_mixin.py:188} INFO - [2024-07-15T13:56:57.121+0000] {dag.py:3954} INFO - Setting next_dagrun for example_branch_operator to 2024-07-14 00:00:00+00:00, run_after=2024-07-15 00:00:00+00:00
[2024-07-15T13:56:57.130+0000] {processor.py:183} INFO - Processing /home/airflow/.local/lib/python3.12/site-packages/airflow/example_dags/example_branch_operator.py took 0.046 seconds
[2024-07-15T13:57:27.208+0000] {processor.py:161} INFO - Started process (PID=655) to work on /home/airflow/.local/lib/python3.12/site-packages/airflow/example_dags/example_branch_operator.py
[2024-07-15T13:57:27.208+0000] {processor.py:830} INFO - Processing file /home/airflow/.local/lib/python3.12/site-packages/airflow/example_dags/example_branch_operator.py for tasks to queue
[2024-07-15T13:57:27.209+0000] {logging_mixin.py:188} INFO - [2024-07-15T13:57:27.209+0000] {dagbag.py:545} INFO - Filling up the DagBag from /home/airflow/.local/lib/python3.12/site-packages/airflow/example_dags/example_branch_operator.py
[2024-07-15T13:57:27.218+0000] {processor.py:840} INFO - DAG(s) 'example_branch_operator' retrieved from /home/airflow/.local/lib/python3.12/site-packages/airflow/example_dags/example_branch_operator.py
[2024-07-15T13:57:27.231+0000] {logging_mixin.py:188} INFO - [2024-07-15T13:57:27.231+0000] {dag.py:3096} INFO - Sync 1 DAGs
[2024-07-15T13:57:27.243+0000] {logging_mixin.py:188} INFO - [2024-07-15T13:57:27.243+0000] {dag.py:3954} INFO - Setting next_dagrun for example_branch_operator to 2024-07-14 00:00:00+00:00, run_after=2024-07-15 00:00:00+00:00
[2024-07-15T13:57:27.252+0000] {processor.py:183} INFO - Processing /home/airflow/.local/lib/python3.12/site-packages/airflow/example_dags/example_branch_operator.py took 0.047 seconds
[2024-07-15T13:57:58.353+0000] {processor.py:161} INFO - Started process (PID=719) to work on /home/airflow/.local/lib/python3.12/site-packages/airflow/example_dags/example_branch_operator.py
[2024-07-15T13:57:58.354+0000] {processor.py:830} INFO - Processing file /home/airflow/.local/lib/python3.12/site-packages/airflow/example_dags/example_branch_operator.py for tasks to queue
[2024-07-15T13:57:58.355+0000] {logging_mixin.py:188} INFO - [2024-07-15T13:57:58.355+0000] {dagbag.py:545} INFO - Filling up the DagBag from /home/airflow/.local/lib/python3.12/site-packages/airflow/example_dags/example_branch_operator.py
[2024-07-15T13:57:58.363+0000] {processor.py:840} INFO - DAG(s) 'example_branch_operator' retrieved from /home/airflow/.local/lib/python3.12/site-packages/airflow/example_dags/example_branch_operator.py
[2024-07-15T13:57:58.375+0000] {logging_mixin.py:188} INFO - [2024-07-15T13:57:58.375+0000] {dag.py:3096} INFO - Sync 1 DAGs
[2024-07-15T13:57:58.385+0000] {logging_mixin.py:188} INFO - [2024-07-15T13:57:58.385+0000] {dag.py:3954} INFO - Setting next_dagrun for example_branch_operator to 2024-07-14 00:00:00+00:00, run_after=2024-07-15 00:00:00+00:00
[2024-07-15T13:57:58.395+0000] {processor.py:183} INFO - Processing /home/airflow/.local/lib/python3.12/site-packages/airflow/example_dags/example_branch_operator.py took 0.045 seconds
[2024-07-15T13:58:28.597+0000] {processor.py:161} INFO - Started process (PID=783) to work on /home/airflow/.local/lib/python3.12/site-packages/airflow/example_dags/example_branch_operator.py
[2024-07-15T13:58:28.597+0000] {processor.py:830} INFO - Processing file /home/airflow/.local/lib/python3.12/site-packages/airflow/example_dags/example_branch_operator.py for tasks to queue
[2024-07-15T13:58:28.599+0000] {logging_mixin.py:188} INFO - [2024-07-15T13:58:28.598+0000] {dagbag.py:545} INFO - Filling up the DagBag from /home/airflow/.local/lib/python3.12/site-packages/airflow/example_dags/example_branch_operator.py
[2024-07-15T13:58:28.607+0000] {processor.py:840} INFO - DAG(s) 'example_branch_operator' retrieved from /home/airflow/.local/lib/python3.12/site-packages/airflow/example_dags/example_branch_operator.py
[2024-07-15T13:58:28.621+0000] {logging_mixin.py:188} INFO - [2024-07-15T13:58:28.621+0000] {dag.py:3096} INFO - Sync 1 DAGs
[2024-07-15T13:58:28.633+0000] {logging_mixin.py:188} INFO - [2024-07-15T13:58:28.633+0000] {dag.py:3954} INFO - Setting next_dagrun for example_branch_operator to 2024-07-14 00:00:00+00:00, run_after=2024-07-15 00:00:00+00:00
[2024-07-15T13:58:28.642+0000] {processor.py:183} INFO - Processing /home/airflow/.local/lib/python3.12/site-packages/airflow/example_dags/example_branch_operator.py took 0.049 seconds
[2024-07-15T13:58:58.718+0000] {processor.py:161} INFO - Started process (PID=847) to work on /home/airflow/.local/lib/python3.12/site-packages/airflow/example_dags/example_branch_operator.py
[2024-07-15T13:58:58.720+0000] {processor.py:830} INFO - Processing file /home/airflow/.local/lib/python3.12/site-packages/airflow/example_dags/example_branch_operator.py for tasks to queue
[2024-07-15T13:58:58.723+0000] {logging_mixin.py:188} INFO - [2024-07-15T13:58:58.723+0000] {dagbag.py:545} INFO - Filling up the DagBag from /home/airflow/.local/lib/python3.12/site-packages/airflow/example_dags/example_branch_operator.py
[2024-07-15T13:58:58.732+0000] {processor.py:840} INFO - DAG(s) 'example_branch_operator' retrieved from /home/airflow/.local/lib/python3.12/site-packages/airflow/example_dags/example_branch_operator.py
[2024-07-15T13:58:58.745+0000] {logging_mixin.py:188} INFO - [2024-07-15T13:58:58.745+0000] {dag.py:3096} INFO - Sync 1 DAGs
[2024-07-15T13:58:58.754+0000] {logging_mixin.py:188} INFO - [2024-07-15T13:58:58.754+0000] {dag.py:3954} INFO - Setting next_dagrun for example_branch_operator to 2024-07-14 00:00:00+00:00, run_after=2024-07-15 00:00:00+00:00
[2024-07-15T13:58:58.763+0000] {processor.py:183} INFO - Processing /home/airflow/.local/lib/python3.12/site-packages/airflow/example_dags/example_branch_operator.py took 0.048 seconds
[2024-07-15T13:59:28.852+0000] {processor.py:161} INFO - Started process (PID=911) to work on /home/airflow/.local/lib/python3.12/site-packages/airflow/example_dags/example_branch_operator.py
[2024-07-15T13:59:28.853+0000] {processor.py:830} INFO - Processing file /home/airflow/.local/lib/python3.12/site-packages/airflow/example_dags/example_branch_operator.py for tasks to queue
[2024-07-15T13:59:28.854+0000] {logging_mixin.py:188} INFO - [2024-07-15T13:59:28.854+0000] {dagbag.py:545} INFO - Filling up the DagBag from /home/airflow/.local/lib/python3.12/site-packages/airflow/example_dags/example_branch_operator.py
[2024-07-15T13:59:28.863+0000] {processor.py:840} INFO - DAG(s) 'example_branch_operator' retrieved from /home/airflow/.local/lib/python3.12/site-packages/airflow/example_dags/example_branch_operator.py
[2024-07-15T13:59:28.878+0000] {logging_mixin.py:188} INFO - [2024-07-15T13:59:28.878+0000] {dag.py:3096} INFO - Sync 1 DAGs
[2024-07-15T13:59:28.890+0000] {logging_mixin.py:188} INFO - [2024-07-15T13:59:28.890+0000] {dag.py:3954} INFO - Setting next_dagrun for example_branch_operator to 2024-07-14 00:00:00+00:00, run_after=2024-07-15 00:00:00+00:00
[2024-07-15T13:59:28.901+0000] {processor.py:183} INFO - Processing /home/airflow/.local/lib/python3.12/site-packages/airflow/example_dags/example_branch_operator.py took 0.052 seconds
[2024-07-15T13:59:59.082+0000] {processor.py:161} INFO - Started process (PID=975) to work on /home/airflow/.local/lib/python3.12/site-packages/airflow/example_dags/example_branch_operator.py
[2024-07-15T13:59:59.083+0000] {processor.py:830} INFO - Processing file /home/airflow/.local/lib/python3.12/site-packages/airflow/example_dags/example_branch_operator.py for tasks to queue
[2024-07-15T13:59:59.084+0000] {logging_mixin.py:188} INFO - [2024-07-15T13:59:59.084+0000] {dagbag.py:545} INFO - Filling up the DagBag from /home/airflow/.local/lib/python3.12/site-packages/airflow/example_dags/example_branch_operator.py
[2024-07-15T13:59:59.092+0000] {processor.py:840} INFO - DAG(s) 'example_branch_operator' retrieved from /home/airflow/.local/lib/python3.12/site-packages/airflow/example_dags/example_branch_operator.py
[2024-07-15T13:59:59.107+0000] {logging_mixin.py:188} INFO - [2024-07-15T13:59:59.106+0000] {dag.py:3096} INFO - Sync 1 DAGs
[2024-07-15T13:59:59.117+0000] {logging_mixin.py:188} INFO - [2024-07-15T13:59:59.117+0000] {dag.py:3954} INFO - Setting next_dagrun for example_branch_operator to 2024-07-14 00:00:00+00:00, run_after=2024-07-15 00:00:00+00:00
[2024-07-15T13:59:59.125+0000] {processor.py:183} INFO - Processing /home/airflow/.local/lib/python3.12/site-packages/airflow/example_dags/example_branch_operator.py took 0.046 seconds
[2024-07-15T14:00:29.253+0000] {processor.py:161} INFO - Started process (PID=1039) to work on /home/airflow/.local/lib/python3.12/site-packages/airflow/example_dags/example_branch_operator.py
[2024-07-15T14:00:29.253+0000] {processor.py:830} INFO - Processing file /home/airflow/.local/lib/python3.12/site-packages/airflow/example_dags/example_branch_operator.py for tasks to queue
[2024-07-15T14:00:29.254+0000] {logging_mixin.py:188} INFO - [2024-07-15T14:00:29.254+0000] {dagbag.py:545} INFO - Filling up the DagBag from /home/airflow/.local/lib/python3.12/site-packages/airflow/example_dags/example_branch_operator.py
[2024-07-15T14:00:29.262+0000] {processor.py:840} INFO - DAG(s) 'example_branch_operator' retrieved from /home/airflow/.local/lib/python3.12/site-packages/airflow/example_dags/example_branch_operator.py
[2024-07-15T14:00:29.276+0000] {logging_mixin.py:188} INFO - [2024-07-15T14:00:29.275+0000] {dag.py:3096} INFO - Sync 1 DAGs
[2024-07-15T14:00:29.286+0000] {logging_mixin.py:188} INFO - [2024-07-15T14:00:29.286+0000] {dag.py:3954} INFO - Setting next_dagrun for example_branch_operator to 2024-07-14 00:00:00+00:00, run_after=2024-07-15 00:00:00+00:00
[2024-07-15T14:00:29.295+0000] {processor.py:183} INFO - Processing /home/airflow/.local/lib/python3.12/site-packages/airflow/example_dags/example_branch_operator.py took 0.045 seconds
[2024-07-15T14:01:00.321+0000] {processor.py:161} INFO - Started process (PID=1103) to work on /home/airflow/.local/lib/python3.12/site-packages/airflow/example_dags/example_branch_operator.py
[2024-07-15T14:01:00.322+0000] {processor.py:830} INFO - Processing file /home/airflow/.local/lib/python3.12/site-packages/airflow/example_dags/example_branch_operator.py for tasks to queue
[2024-07-15T14:01:00.323+0000] {logging_mixin.py:188} INFO - [2024-07-15T14:01:00.323+0000] {dagbag.py:545} INFO - Filling up the DagBag from /home/airflow/.local/lib/python3.12/site-packages/airflow/example_dags/example_branch_operator.py
[2024-07-15T14:01:00.331+0000] {processor.py:840} INFO - DAG(s) 'example_branch_operator' retrieved from /home/airflow/.local/lib/python3.12/site-packages/airflow/example_dags/example_branch_operator.py
[2024-07-15T14:01:00.344+0000] {logging_mixin.py:188} INFO - [2024-07-15T14:01:00.344+0000] {dag.py:3096} INFO - Sync 1 DAGs
[2024-07-15T14:01:00.354+0000] {logging_mixin.py:188} INFO - [2024-07-15T14:01:00.354+0000] {dag.py:3954} INFO - Setting next_dagrun for example_branch_operator to 2024-07-14 00:00:00+00:00, run_after=2024-07-15 00:00:00+00:00
[2024-07-15T14:01:00.362+0000] {processor.py:183} INFO - Processing /home/airflow/.local/lib/python3.12/site-packages/airflow/example_dags/example_branch_operator.py took 0.043 seconds
[2024-07-15T14:01:30.517+0000] {processor.py:161} INFO - Started process (PID=1167) to work on /home/airflow/.local/lib/python3.12/site-packages/airflow/example_dags/example_branch_operator.py
[2024-07-15T14:01:30.517+0000] {processor.py:830} INFO - Processing file /home/airflow/.local/lib/python3.12/site-packages/airflow/example_dags/example_branch_operator.py for tasks to queue
[2024-07-15T14:01:30.518+0000] {logging_mixin.py:188} INFO - [2024-07-15T14:01:30.518+0000] {dagbag.py:545} INFO - Filling up the DagBag from /home/airflow/.local/lib/python3.12/site-packages/airflow/example_dags/example_branch_operator.py
[2024-07-15T14:01:30.526+0000] {processor.py:840} INFO - DAG(s) 'example_branch_operator' retrieved from /home/airflow/.local/lib/python3.12/site-packages/airflow/example_dags/example_branch_operator.py
[2024-07-15T14:01:30.540+0000] {logging_mixin.py:188} INFO - [2024-07-15T14:01:30.540+0000] {dag.py:3096} INFO - Sync 1 DAGs
[2024-07-15T14:01:30.550+0000] {logging_mixin.py:188} INFO - [2024-07-15T14:01:30.550+0000] {dag.py:3954} INFO - Setting next_dagrun for example_branch_operator to 2024-07-14 00:00:00+00:00, run_after=2024-07-15 00:00:00+00:00
[2024-07-15T14:01:30.559+0000] {processor.py:183} INFO - Processing /home/airflow/.local/lib/python3.12/site-packages/airflow/example_dags/example_branch_operator.py took 0.045 seconds
[2024-07-15T14:02:00.626+0000] {processor.py:161} INFO - Started process (PID=1231) to work on /home/airflow/.local/lib/python3.12/site-packages/airflow/example_dags/example_branch_operator.py
[2024-07-15T14:02:00.627+0000] {processor.py:830} INFO - Processing file /home/airflow/.local/lib/python3.12/site-packages/airflow/example_dags/example_branch_operator.py for tasks to queue
[2024-07-15T14:02:00.628+0000] {logging_mixin.py:188} INFO - [2024-07-15T14:02:00.628+0000] {dagbag.py:545} INFO - Filling up the DagBag from /home/airflow/.local/lib/python3.12/site-packages/airflow/example_dags/example_branch_operator.py
[2024-07-15T14:02:00.635+0000] {processor.py:840} INFO - DAG(s) 'example_branch_operator' retrieved from /home/airflow/.local/lib/python3.12/site-packages/airflow/example_dags/example_branch_operator.py
[2024-07-15T14:02:00.649+0000] {logging_mixin.py:188} INFO - [2024-07-15T14:02:00.649+0000] {dag.py:3096} INFO - Sync 1 DAGs
[2024-07-15T14:02:00.659+0000] {logging_mixin.py:188} INFO - [2024-07-15T14:02:00.659+0000] {dag.py:3954} INFO - Setting next_dagrun for example_branch_operator to 2024-07-14 00:00:00+00:00, run_after=2024-07-15 00:00:00+00:00
[2024-07-15T14:02:00.666+0000] {processor.py:183} INFO - Processing /home/airflow/.local/lib/python3.12/site-packages/airflow/example_dags/example_branch_operator.py took 0.043 seconds
[2024-07-15T14:02:30.862+0000] {processor.py:161} INFO - Started process (PID=1295) to work on /home/airflow/.local/lib/python3.12/site-packages/airflow/example_dags/example_branch_operator.py
[2024-07-15T14:02:30.862+0000] {processor.py:830} INFO - Processing file /home/airflow/.local/lib/python3.12/site-packages/airflow/example_dags/example_branch_operator.py for tasks to queue
[2024-07-15T14:02:30.864+0000] {logging_mixin.py:188} INFO - [2024-07-15T14:02:30.863+0000] {dagbag.py:545} INFO - Filling up the DagBag from /home/airflow/.local/lib/python3.12/site-packages/airflow/example_dags/example_branch_operator.py
[2024-07-15T14:02:30.871+0000] {processor.py:840} INFO - DAG(s) 'example_branch_operator' retrieved from /home/airflow/.local/lib/python3.12/site-packages/airflow/example_dags/example_branch_operator.py
[2024-07-15T14:02:30.885+0000] {logging_mixin.py:188} INFO - [2024-07-15T14:02:30.885+0000] {dag.py:3096} INFO - Sync 1 DAGs
[2024-07-15T14:02:30.896+0000] {logging_mixin.py:188} INFO - [2024-07-15T14:02:30.896+0000] {dag.py:3954} INFO - Setting next_dagrun for example_branch_operator to 2024-07-14 00:00:00+00:00, run_after=2024-07-15 00:00:00+00:00
[2024-07-15T14:02:30.904+0000] {processor.py:183} INFO - Processing /home/airflow/.local/lib/python3.12/site-packages/airflow/example_dags/example_branch_operator.py took 0.045 seconds
[2024-07-15T14:03:00.938+0000] {processor.py:161} INFO - Started process (PID=1359) to work on /home/airflow/.local/lib/python3.12/site-packages/airflow/example_dags/example_branch_operator.py
[2024-07-15T14:03:00.938+0000] {processor.py:830} INFO - Processing file /home/airflow/.local/lib/python3.12/site-packages/airflow/example_dags/example_branch_operator.py for tasks to queue
[2024-07-15T14:03:00.939+0000] {logging_mixin.py:188} INFO - [2024-07-15T14:03:00.939+0000] {dagbag.py:545} INFO - Filling up the DagBag from /home/airflow/.local/lib/python3.12/site-packages/airflow/example_dags/example_branch_operator.py
[2024-07-15T14:03:00.947+0000] {processor.py:840} INFO - DAG(s) 'example_branch_operator' retrieved from /home/airflow/.local/lib/python3.12/site-packages/airflow/example_dags/example_branch_operator.py
[2024-07-15T14:03:00.961+0000] {logging_mixin.py:188} INFO - [2024-07-15T14:03:00.960+0000] {dag.py:3096} INFO - Sync 1 DAGs
[2024-07-15T14:03:00.970+0000] {logging_mixin.py:188} INFO - [2024-07-15T14:03:00.970+0000] {dag.py:3954} INFO - Setting next_dagrun for example_branch_operator to 2024-07-14 00:00:00+00:00, run_after=2024-07-15 00:00:00+00:00
[2024-07-15T14:03:00.978+0000] {processor.py:183} INFO - Processing /home/airflow/.local/lib/python3.12/site-packages/airflow/example_dags/example_branch_operator.py took 0.043 seconds
[2024-07-15T14:03:31.188+0000] {processor.py:161} INFO - Started process (PID=1423) to work on /home/airflow/.local/lib/python3.12/site-packages/airflow/example_dags/example_branch_operator.py
[2024-07-15T14:03:31.189+0000] {processor.py:830} INFO - Processing file /home/airflow/.local/lib/python3.12/site-packages/airflow/example_dags/example_branch_operator.py for tasks to queue
[2024-07-15T14:03:31.190+0000] {logging_mixin.py:188} INFO - [2024-07-15T14:03:31.190+0000] {dagbag.py:545} INFO - Filling up the DagBag from /home/airflow/.local/lib/python3.12/site-packages/airflow/example_dags/example_branch_operator.py
[2024-07-15T14:03:31.198+0000] {processor.py:840} INFO - DAG(s) 'example_branch_operator' retrieved from /home/airflow/.local/lib/python3.12/site-packages/airflow/example_dags/example_branch_operator.py
[2024-07-15T14:03:31.211+0000] {logging_mixin.py:188} INFO - [2024-07-15T14:03:31.211+0000] {dag.py:3096} INFO - Sync 1 DAGs
[2024-07-15T14:03:31.221+0000] {logging_mixin.py:188} INFO - [2024-07-15T14:03:31.221+0000] {dag.py:3954} INFO - Setting next_dagrun for example_branch_operator to 2024-07-14 00:00:00+00:00, run_after=2024-07-15 00:00:00+00:00
[2024-07-15T14:03:31.230+0000] {processor.py:183} INFO - Processing /home/airflow/.local/lib/python3.12/site-packages/airflow/example_dags/example_branch_operator.py took 0.044 seconds
[2024-07-15T14:04:01.529+0000] {processor.py:161} INFO - Started process (PID=1487) to work on /home/airflow/.local/lib/python3.12/site-packages/airflow/example_dags/example_branch_operator.py
[2024-07-15T14:04:01.530+0000] {processor.py:830} INFO - Processing file /home/airflow/.local/lib/python3.12/site-packages/airflow/example_dags/example_branch_operator.py for tasks to queue
[2024-07-15T14:04:01.531+0000] {logging_mixin.py:188} INFO - [2024-07-15T14:04:01.531+0000] {dagbag.py:545} INFO - Filling up the DagBag from /home/airflow/.local/lib/python3.12/site-packages/airflow/example_dags/example_branch_operator.py
[2024-07-15T14:04:01.539+0000] {processor.py:840} INFO - DAG(s) 'example_branch_operator' retrieved from /home/airflow/.local/lib/python3.12/site-packages/airflow/example_dags/example_branch_operator.py
[2024-07-15T14:04:01.553+0000] {logging_mixin.py:188} INFO - [2024-07-15T14:04:01.553+0000] {dag.py:3096} INFO - Sync 1 DAGs
[2024-07-15T14:04:01.563+0000] {logging_mixin.py:188} INFO - [2024-07-15T14:04:01.563+0000] {dag.py:3954} INFO - Setting next_dagrun for example_branch_operator to 2024-07-14 00:00:00+00:00, run_after=2024-07-15 00:00:00+00:00
[2024-07-15T14:04:01.571+0000] {processor.py:183} INFO - Processing /home/airflow/.local/lib/python3.12/site-packages/airflow/example_dags/example_branch_operator.py took 0.045 seconds
[2024-07-15T14:04:32.104+0000] {processor.py:161} INFO - Started process (PID=1551) to work on /home/airflow/.local/lib/python3.12/site-packages/airflow/example_dags/example_branch_operator.py
[2024-07-15T14:04:32.104+0000] {processor.py:830} INFO - Processing file /home/airflow/.local/lib/python3.12/site-packages/airflow/example_dags/example_branch_operator.py for tasks to queue
[2024-07-15T14:04:32.105+0000] {logging_mixin.py:188} INFO - [2024-07-15T14:04:32.105+0000] {dagbag.py:545} INFO - Filling up the DagBag from /home/airflow/.local/lib/python3.12/site-packages/airflow/example_dags/example_branch_operator.py
[2024-07-15T14:04:32.113+0000] {processor.py:840} INFO - DAG(s) 'example_branch_operator' retrieved from /home/airflow/.local/lib/python3.12/site-packages/airflow/example_dags/example_branch_operator.py
[2024-07-15T14:04:32.127+0000] {logging_mixin.py:188} INFO - [2024-07-15T14:04:32.127+0000] {dag.py:3096} INFO - Sync 1 DAGs
[2024-07-15T14:04:32.137+0000] {logging_mixin.py:188} INFO - [2024-07-15T14:04:32.137+0000] {dag.py:3954} INFO - Setting next_dagrun for example_branch_operator to 2024-07-14 00:00:00+00:00, run_after=2024-07-15 00:00:00+00:00
[2024-07-15T14:04:32.147+0000] {processor.py:183} INFO - Processing /home/airflow/.local/lib/python3.12/site-packages/airflow/example_dags/example_branch_operator.py took 0.046 seconds
