[2024-07-15T13:40:23.069+0000] {processor.py:161} INFO - Started process (PID=77) to work on /home/airflow/.local/lib/python3.12/site-packages/airflow/example_dags/example_skip_dag.py
[2024-07-15T13:40:23.071+0000] {processor.py:830} INFO - Processing file /home/airflow/.local/lib/python3.12/site-packages/airflow/example_dags/example_skip_dag.py for tasks to queue
[2024-07-15T13:40:23.074+0000] {logging_mixin.py:188} INFO - [2024-07-15T13:40:23.073+0000] {dagbag.py:545} INFO - Filling up the DagBag from /home/airflow/.local/lib/python3.12/site-packages/airflow/example_dags/example_skip_dag.py
[2024-07-15T13:40:23.079+0000] {processor.py:840} INFO - DAG(s) 'example_skip_dag' retrieved from /home/airflow/.local/lib/python3.12/site-packages/airflow/example_dags/example_skip_dag.py
[2024-07-15T13:40:23.089+0000] {logging_mixin.py:188} INFO - [2024-07-15T13:40:23.089+0000] {dag.py:3096} INFO - Sync 1 DAGs
[2024-07-15T13:40:23.106+0000] {logging_mixin.py:188} INFO - [2024-07-15T13:40:23.105+0000] {dag.py:3954} INFO - Setting next_dagrun for example_skip_dag to 2024-07-14 00:00:00+00:00, run_after=2024-07-15 00:00:00+00:00
[2024-07-15T13:40:23.125+0000] {processor.py:183} INFO - Processing /home/airflow/.local/lib/python3.12/site-packages/airflow/example_dags/example_skip_dag.py took 0.062 seconds
[2024-07-15T13:40:53.615+0000] {processor.py:161} INFO - Started process (PID=141) to work on /home/airflow/.local/lib/python3.12/site-packages/airflow/example_dags/example_skip_dag.py
[2024-07-15T13:40:53.616+0000] {processor.py:830} INFO - Processing file /home/airflow/.local/lib/python3.12/site-packages/airflow/example_dags/example_skip_dag.py for tasks to queue
[2024-07-15T13:40:53.617+0000] {logging_mixin.py:188} INFO - [2024-07-15T13:40:53.617+0000] {dagbag.py:545} INFO - Filling up the DagBag from /home/airflow/.local/lib/python3.12/site-packages/airflow/example_dags/example_skip_dag.py
[2024-07-15T13:40:53.620+0000] {processor.py:840} INFO - DAG(s) 'example_skip_dag' retrieved from /home/airflow/.local/lib/python3.12/site-packages/airflow/example_dags/example_skip_dag.py
[2024-07-15T13:40:53.667+0000] {logging_mixin.py:188} INFO - [2024-07-15T13:40:53.667+0000] {dag.py:3096} INFO - Sync 1 DAGs
[2024-07-15T13:40:53.676+0000] {logging_mixin.py:188} INFO - [2024-07-15T13:40:53.676+0000] {dag.py:3954} INFO - Setting next_dagrun for example_skip_dag to 2024-07-14 00:00:00+00:00, run_after=2024-07-15 00:00:00+00:00
[2024-07-15T13:40:53.687+0000] {processor.py:183} INFO - Processing /home/airflow/.local/lib/python3.12/site-packages/airflow/example_dags/example_skip_dag.py took 0.074 seconds
[2024-07-15T13:41:23.743+0000] {processor.py:161} INFO - Started process (PID=205) to work on /home/airflow/.local/lib/python3.12/site-packages/airflow/example_dags/example_skip_dag.py
[2024-07-15T13:41:23.744+0000] {processor.py:830} INFO - Processing file /home/airflow/.local/lib/python3.12/site-packages/airflow/example_dags/example_skip_dag.py for tasks to queue
[2024-07-15T13:41:23.745+0000] {logging_mixin.py:188} INFO - [2024-07-15T13:41:23.745+0000] {dagbag.py:545} INFO - Filling up the DagBag from /home/airflow/.local/lib/python3.12/site-packages/airflow/example_dags/example_skip_dag.py
[2024-07-15T13:41:23.750+0000] {processor.py:840} INFO - DAG(s) 'example_skip_dag' retrieved from /home/airflow/.local/lib/python3.12/site-packages/airflow/example_dags/example_skip_dag.py
[2024-07-15T13:41:23.765+0000] {logging_mixin.py:188} INFO - [2024-07-15T13:41:23.765+0000] {dag.py:3096} INFO - Sync 1 DAGs
[2024-07-15T13:41:23.779+0000] {logging_mixin.py:188} INFO - [2024-07-15T13:41:23.779+0000] {dag.py:3954} INFO - Setting next_dagrun for example_skip_dag to 2024-07-14 00:00:00+00:00, run_after=2024-07-15 00:00:00+00:00
[2024-07-15T13:41:23.788+0000] {processor.py:183} INFO - Processing /home/airflow/.local/lib/python3.12/site-packages/airflow/example_dags/example_skip_dag.py took 0.047 seconds
[2024-07-15T13:41:54.628+0000] {processor.py:161} INFO - Started process (PID=269) to work on /home/airflow/.local/lib/python3.12/site-packages/airflow/example_dags/example_skip_dag.py
[2024-07-15T13:41:54.629+0000] {processor.py:830} INFO - Processing file /home/airflow/.local/lib/python3.12/site-packages/airflow/example_dags/example_skip_dag.py for tasks to queue
[2024-07-15T13:41:54.629+0000] {logging_mixin.py:188} INFO - [2024-07-15T13:41:54.629+0000] {dagbag.py:545} INFO - Filling up the DagBag from /home/airflow/.local/lib/python3.12/site-packages/airflow/example_dags/example_skip_dag.py
[2024-07-15T13:41:54.632+0000] {processor.py:840} INFO - DAG(s) 'example_skip_dag' retrieved from /home/airflow/.local/lib/python3.12/site-packages/airflow/example_dags/example_skip_dag.py
[2024-07-15T13:41:54.643+0000] {logging_mixin.py:188} INFO - [2024-07-15T13:41:54.643+0000] {dag.py:3096} INFO - Sync 1 DAGs
[2024-07-15T13:41:54.653+0000] {logging_mixin.py:188} INFO - [2024-07-15T13:41:54.652+0000] {dag.py:3954} INFO - Setting next_dagrun for example_skip_dag to 2024-07-14 00:00:00+00:00, run_after=2024-07-15 00:00:00+00:00
[2024-07-15T13:41:54.661+0000] {processor.py:183} INFO - Processing /home/airflow/.local/lib/python3.12/site-packages/airflow/example_dags/example_skip_dag.py took 0.036 seconds
[2024-07-15T13:42:25.935+0000] {processor.py:161} INFO - Started process (PID=333) to work on /home/airflow/.local/lib/python3.12/site-packages/airflow/example_dags/example_skip_dag.py
[2024-07-15T13:42:25.936+0000] {processor.py:830} INFO - Processing file /home/airflow/.local/lib/python3.12/site-packages/airflow/example_dags/example_skip_dag.py for tasks to queue
[2024-07-15T13:42:25.937+0000] {logging_mixin.py:188} INFO - [2024-07-15T13:42:25.937+0000] {dagbag.py:545} INFO - Filling up the DagBag from /home/airflow/.local/lib/python3.12/site-packages/airflow/example_dags/example_skip_dag.py
[2024-07-15T13:42:25.940+0000] {processor.py:840} INFO - DAG(s) 'example_skip_dag' retrieved from /home/airflow/.local/lib/python3.12/site-packages/airflow/example_dags/example_skip_dag.py
[2024-07-15T13:42:25.950+0000] {logging_mixin.py:188} INFO - [2024-07-15T13:42:25.950+0000] {dag.py:3096} INFO - Sync 1 DAGs
[2024-07-15T13:42:25.960+0000] {logging_mixin.py:188} INFO - [2024-07-15T13:42:25.960+0000] {dag.py:3954} INFO - Setting next_dagrun for example_skip_dag to 2024-07-14 00:00:00+00:00, run_after=2024-07-15 00:00:00+00:00
[2024-07-15T13:42:25.968+0000] {processor.py:183} INFO - Processing /home/airflow/.local/lib/python3.12/site-packages/airflow/example_dags/example_skip_dag.py took 0.036 seconds
[2024-07-15T13:42:56.121+0000] {processor.py:161} INFO - Started process (PID=397) to work on /home/airflow/.local/lib/python3.12/site-packages/airflow/example_dags/example_skip_dag.py
[2024-07-15T13:42:56.122+0000] {processor.py:830} INFO - Processing file /home/airflow/.local/lib/python3.12/site-packages/airflow/example_dags/example_skip_dag.py for tasks to queue
[2024-07-15T13:42:56.123+0000] {logging_mixin.py:188} INFO - [2024-07-15T13:42:56.123+0000] {dagbag.py:545} INFO - Filling up the DagBag from /home/airflow/.local/lib/python3.12/site-packages/airflow/example_dags/example_skip_dag.py
[2024-07-15T13:42:56.126+0000] {processor.py:840} INFO - DAG(s) 'example_skip_dag' retrieved from /home/airflow/.local/lib/python3.12/site-packages/airflow/example_dags/example_skip_dag.py
[2024-07-15T13:42:56.136+0000] {logging_mixin.py:188} INFO - [2024-07-15T13:42:56.136+0000] {dag.py:3096} INFO - Sync 1 DAGs
[2024-07-15T13:42:56.146+0000] {logging_mixin.py:188} INFO - [2024-07-15T13:42:56.146+0000] {dag.py:3954} INFO - Setting next_dagrun for example_skip_dag to 2024-07-14 00:00:00+00:00, run_after=2024-07-15 00:00:00+00:00
[2024-07-15T13:42:56.155+0000] {processor.py:183} INFO - Processing /home/airflow/.local/lib/python3.12/site-packages/airflow/example_dags/example_skip_dag.py took 0.036 seconds
[2024-07-15T13:43:27.254+0000] {processor.py:161} INFO - Started process (PID=461) to work on /home/airflow/.local/lib/python3.12/site-packages/airflow/example_dags/example_skip_dag.py
[2024-07-15T13:43:27.254+0000] {processor.py:830} INFO - Processing file /home/airflow/.local/lib/python3.12/site-packages/airflow/example_dags/example_skip_dag.py for tasks to queue
[2024-07-15T13:43:27.256+0000] {logging_mixin.py:188} INFO - [2024-07-15T13:43:27.256+0000] {dagbag.py:545} INFO - Filling up the DagBag from /home/airflow/.local/lib/python3.12/site-packages/airflow/example_dags/example_skip_dag.py
[2024-07-15T13:43:27.259+0000] {processor.py:840} INFO - DAG(s) 'example_skip_dag' retrieved from /home/airflow/.local/lib/python3.12/site-packages/airflow/example_dags/example_skip_dag.py
[2024-07-15T13:43:27.271+0000] {logging_mixin.py:188} INFO - [2024-07-15T13:43:27.271+0000] {dag.py:3096} INFO - Sync 1 DAGs
[2024-07-15T13:43:27.281+0000] {logging_mixin.py:188} INFO - [2024-07-15T13:43:27.281+0000] {dag.py:3954} INFO - Setting next_dagrun for example_skip_dag to 2024-07-14 00:00:00+00:00, run_after=2024-07-15 00:00:00+00:00
[2024-07-15T13:43:27.291+0000] {processor.py:183} INFO - Processing /home/airflow/.local/lib/python3.12/site-packages/airflow/example_dags/example_skip_dag.py took 0.040 seconds
[2024-07-15T13:43:57.305+0000] {processor.py:161} INFO - Started process (PID=525) to work on /home/airflow/.local/lib/python3.12/site-packages/airflow/example_dags/example_skip_dag.py
[2024-07-15T13:43:57.306+0000] {processor.py:830} INFO - Processing file /home/airflow/.local/lib/python3.12/site-packages/airflow/example_dags/example_skip_dag.py for tasks to queue
[2024-07-15T13:43:57.307+0000] {logging_mixin.py:188} INFO - [2024-07-15T13:43:57.307+0000] {dagbag.py:545} INFO - Filling up the DagBag from /home/airflow/.local/lib/python3.12/site-packages/airflow/example_dags/example_skip_dag.py
[2024-07-15T13:43:57.310+0000] {processor.py:840} INFO - DAG(s) 'example_skip_dag' retrieved from /home/airflow/.local/lib/python3.12/site-packages/airflow/example_dags/example_skip_dag.py
[2024-07-15T13:43:57.320+0000] {logging_mixin.py:188} INFO - [2024-07-15T13:43:57.319+0000] {dag.py:3096} INFO - Sync 1 DAGs
[2024-07-15T13:43:57.329+0000] {logging_mixin.py:188} INFO - [2024-07-15T13:43:57.329+0000] {dag.py:3954} INFO - Setting next_dagrun for example_skip_dag to 2024-07-14 00:00:00+00:00, run_after=2024-07-15 00:00:00+00:00
[2024-07-15T13:43:57.337+0000] {processor.py:183} INFO - Processing /home/airflow/.local/lib/python3.12/site-packages/airflow/example_dags/example_skip_dag.py took 0.035 seconds
[2024-07-15T13:44:27.671+0000] {processor.py:161} INFO - Started process (PID=589) to work on /home/airflow/.local/lib/python3.12/site-packages/airflow/example_dags/example_skip_dag.py
[2024-07-15T13:44:27.671+0000] {processor.py:830} INFO - Processing file /home/airflow/.local/lib/python3.12/site-packages/airflow/example_dags/example_skip_dag.py for tasks to queue
[2024-07-15T13:44:27.672+0000] {logging_mixin.py:188} INFO - [2024-07-15T13:44:27.672+0000] {dagbag.py:545} INFO - Filling up the DagBag from /home/airflow/.local/lib/python3.12/site-packages/airflow/example_dags/example_skip_dag.py
[2024-07-15T13:44:27.676+0000] {processor.py:840} INFO - DAG(s) 'example_skip_dag' retrieved from /home/airflow/.local/lib/python3.12/site-packages/airflow/example_dags/example_skip_dag.py
[2024-07-15T13:44:27.686+0000] {logging_mixin.py:188} INFO - [2024-07-15T13:44:27.686+0000] {dag.py:3096} INFO - Sync 1 DAGs
[2024-07-15T13:44:27.696+0000] {logging_mixin.py:188} INFO - [2024-07-15T13:44:27.696+0000] {dag.py:3954} INFO - Setting next_dagrun for example_skip_dag to 2024-07-14 00:00:00+00:00, run_after=2024-07-15 00:00:00+00:00
[2024-07-15T13:44:27.705+0000] {processor.py:183} INFO - Processing /home/airflow/.local/lib/python3.12/site-packages/airflow/example_dags/example_skip_dag.py took 0.037 seconds
[2024-07-15T13:45:48.072+0000] {processor.py:161} INFO - Started process (PID=78) to work on /home/airflow/.local/lib/python3.12/site-packages/airflow/example_dags/example_skip_dag.py
[2024-07-15T13:45:48.074+0000] {processor.py:830} INFO - Processing file /home/airflow/.local/lib/python3.12/site-packages/airflow/example_dags/example_skip_dag.py for tasks to queue
[2024-07-15T13:45:48.081+0000] {logging_mixin.py:188} INFO - [2024-07-15T13:45:48.081+0000] {dagbag.py:545} INFO - Filling up the DagBag from /home/airflow/.local/lib/python3.12/site-packages/airflow/example_dags/example_skip_dag.py
[2024-07-15T13:45:48.099+0000] {processor.py:840} INFO - DAG(s) 'example_skip_dag' retrieved from /home/airflow/.local/lib/python3.12/site-packages/airflow/example_dags/example_skip_dag.py
[2024-07-15T13:45:48.116+0000] {logging_mixin.py:188} INFO - [2024-07-15T13:45:48.116+0000] {dag.py:3096} INFO - Sync 1 DAGs
[2024-07-15T13:45:48.138+0000] {logging_mixin.py:188} INFO - [2024-07-15T13:45:48.138+0000] {dag.py:3954} INFO - Setting next_dagrun for example_skip_dag to 2024-07-14 00:00:00+00:00, run_after=2024-07-15 00:00:00+00:00
[2024-07-15T13:45:48.157+0000] {processor.py:183} INFO - Processing /home/airflow/.local/lib/python3.12/site-packages/airflow/example_dags/example_skip_dag.py took 0.096 seconds
[2024-07-15T13:46:18.633+0000] {processor.py:161} INFO - Started process (PID=142) to work on /home/airflow/.local/lib/python3.12/site-packages/airflow/example_dags/example_skip_dag.py
[2024-07-15T13:46:18.634+0000] {processor.py:830} INFO - Processing file /home/airflow/.local/lib/python3.12/site-packages/airflow/example_dags/example_skip_dag.py for tasks to queue
[2024-07-15T13:46:18.635+0000] {logging_mixin.py:188} INFO - [2024-07-15T13:46:18.634+0000] {dagbag.py:545} INFO - Filling up the DagBag from /home/airflow/.local/lib/python3.12/site-packages/airflow/example_dags/example_skip_dag.py
[2024-07-15T13:46:18.638+0000] {processor.py:840} INFO - DAG(s) 'example_skip_dag' retrieved from /home/airflow/.local/lib/python3.12/site-packages/airflow/example_dags/example_skip_dag.py
[2024-07-15T13:46:18.682+0000] {logging_mixin.py:188} INFO - [2024-07-15T13:46:18.682+0000] {dag.py:3096} INFO - Sync 1 DAGs
[2024-07-15T13:46:18.691+0000] {logging_mixin.py:188} INFO - [2024-07-15T13:46:18.691+0000] {dag.py:3954} INFO - Setting next_dagrun for example_skip_dag to 2024-07-14 00:00:00+00:00, run_after=2024-07-15 00:00:00+00:00
[2024-07-15T13:46:18.700+0000] {processor.py:183} INFO - Processing /home/airflow/.local/lib/python3.12/site-packages/airflow/example_dags/example_skip_dag.py took 0.070 seconds
[2024-07-15T13:46:49.647+0000] {processor.py:161} INFO - Started process (PID=205) to work on /home/airflow/.local/lib/python3.12/site-packages/airflow/example_dags/example_skip_dag.py
[2024-07-15T13:46:49.648+0000] {processor.py:830} INFO - Processing file /home/airflow/.local/lib/python3.12/site-packages/airflow/example_dags/example_skip_dag.py for tasks to queue
[2024-07-15T13:46:49.649+0000] {logging_mixin.py:188} INFO - [2024-07-15T13:46:49.649+0000] {dagbag.py:545} INFO - Filling up the DagBag from /home/airflow/.local/lib/python3.12/site-packages/airflow/example_dags/example_skip_dag.py
[2024-07-15T13:46:49.652+0000] {processor.py:840} INFO - DAG(s) 'example_skip_dag' retrieved from /home/airflow/.local/lib/python3.12/site-packages/airflow/example_dags/example_skip_dag.py
[2024-07-15T13:46:49.663+0000] {logging_mixin.py:188} INFO - [2024-07-15T13:46:49.663+0000] {dag.py:3096} INFO - Sync 1 DAGs
[2024-07-15T13:46:49.674+0000] {logging_mixin.py:188} INFO - [2024-07-15T13:46:49.673+0000] {dag.py:3954} INFO - Setting next_dagrun for example_skip_dag to 2024-07-14 00:00:00+00:00, run_after=2024-07-15 00:00:00+00:00
[2024-07-15T13:46:49.683+0000] {processor.py:183} INFO - Processing /home/airflow/.local/lib/python3.12/site-packages/airflow/example_dags/example_skip_dag.py took 0.038 seconds
[2024-07-15T13:47:20.016+0000] {processor.py:161} INFO - Started process (PID=269) to work on /home/airflow/.local/lib/python3.12/site-packages/airflow/example_dags/example_skip_dag.py
[2024-07-15T13:47:20.017+0000] {processor.py:830} INFO - Processing file /home/airflow/.local/lib/python3.12/site-packages/airflow/example_dags/example_skip_dag.py for tasks to queue
[2024-07-15T13:47:20.019+0000] {logging_mixin.py:188} INFO - [2024-07-15T13:47:20.018+0000] {dagbag.py:545} INFO - Filling up the DagBag from /home/airflow/.local/lib/python3.12/site-packages/airflow/example_dags/example_skip_dag.py
[2024-07-15T13:47:20.022+0000] {processor.py:840} INFO - DAG(s) 'example_skip_dag' retrieved from /home/airflow/.local/lib/python3.12/site-packages/airflow/example_dags/example_skip_dag.py
[2024-07-15T13:47:20.034+0000] {logging_mixin.py:188} INFO - [2024-07-15T13:47:20.033+0000] {dag.py:3096} INFO - Sync 1 DAGs
[2024-07-15T13:47:20.044+0000] {logging_mixin.py:188} INFO - [2024-07-15T13:47:20.043+0000] {dag.py:3954} INFO - Setting next_dagrun for example_skip_dag to 2024-07-14 00:00:00+00:00, run_after=2024-07-15 00:00:00+00:00
[2024-07-15T13:47:20.052+0000] {processor.py:183} INFO - Processing /home/airflow/.local/lib/python3.12/site-packages/airflow/example_dags/example_skip_dag.py took 0.038 seconds
[2024-07-15T13:47:50.415+0000] {processor.py:161} INFO - Started process (PID=333) to work on /home/airflow/.local/lib/python3.12/site-packages/airflow/example_dags/example_skip_dag.py
[2024-07-15T13:47:50.416+0000] {processor.py:830} INFO - Processing file /home/airflow/.local/lib/python3.12/site-packages/airflow/example_dags/example_skip_dag.py for tasks to queue
[2024-07-15T13:47:50.417+0000] {logging_mixin.py:188} INFO - [2024-07-15T13:47:50.417+0000] {dagbag.py:545} INFO - Filling up the DagBag from /home/airflow/.local/lib/python3.12/site-packages/airflow/example_dags/example_skip_dag.py
[2024-07-15T13:47:50.420+0000] {processor.py:840} INFO - DAG(s) 'example_skip_dag' retrieved from /home/airflow/.local/lib/python3.12/site-packages/airflow/example_dags/example_skip_dag.py
[2024-07-15T13:47:50.431+0000] {logging_mixin.py:188} INFO - [2024-07-15T13:47:50.431+0000] {dag.py:3096} INFO - Sync 1 DAGs
[2024-07-15T13:47:50.441+0000] {logging_mixin.py:188} INFO - [2024-07-15T13:47:50.441+0000] {dag.py:3954} INFO - Setting next_dagrun for example_skip_dag to 2024-07-14 00:00:00+00:00, run_after=2024-07-15 00:00:00+00:00
[2024-07-15T13:47:50.450+0000] {processor.py:183} INFO - Processing /home/airflow/.local/lib/python3.12/site-packages/airflow/example_dags/example_skip_dag.py took 0.037 seconds
[2024-07-15T13:48:20.685+0000] {processor.py:161} INFO - Started process (PID=396) to work on /home/airflow/.local/lib/python3.12/site-packages/airflow/example_dags/example_skip_dag.py
[2024-07-15T13:48:20.686+0000] {processor.py:830} INFO - Processing file /home/airflow/.local/lib/python3.12/site-packages/airflow/example_dags/example_skip_dag.py for tasks to queue
[2024-07-15T13:48:20.687+0000] {logging_mixin.py:188} INFO - [2024-07-15T13:48:20.686+0000] {dagbag.py:545} INFO - Filling up the DagBag from /home/airflow/.local/lib/python3.12/site-packages/airflow/example_dags/example_skip_dag.py
[2024-07-15T13:48:20.690+0000] {processor.py:840} INFO - DAG(s) 'example_skip_dag' retrieved from /home/airflow/.local/lib/python3.12/site-packages/airflow/example_dags/example_skip_dag.py
[2024-07-15T13:48:20.703+0000] {logging_mixin.py:188} INFO - [2024-07-15T13:48:20.703+0000] {dag.py:3096} INFO - Sync 1 DAGs
[2024-07-15T13:48:20.715+0000] {logging_mixin.py:188} INFO - [2024-07-15T13:48:20.715+0000] {dag.py:3954} INFO - Setting next_dagrun for example_skip_dag to 2024-07-14 00:00:00+00:00, run_after=2024-07-15 00:00:00+00:00
[2024-07-15T13:48:20.725+0000] {processor.py:183} INFO - Processing /home/airflow/.local/lib/python3.12/site-packages/airflow/example_dags/example_skip_dag.py took 0.043 seconds
[2024-07-15T13:48:50.961+0000] {processor.py:161} INFO - Started process (PID=460) to work on /home/airflow/.local/lib/python3.12/site-packages/airflow/example_dags/example_skip_dag.py
[2024-07-15T13:48:50.961+0000] {processor.py:830} INFO - Processing file /home/airflow/.local/lib/python3.12/site-packages/airflow/example_dags/example_skip_dag.py for tasks to queue
[2024-07-15T13:48:50.962+0000] {logging_mixin.py:188} INFO - [2024-07-15T13:48:50.962+0000] {dagbag.py:545} INFO - Filling up the DagBag from /home/airflow/.local/lib/python3.12/site-packages/airflow/example_dags/example_skip_dag.py
[2024-07-15T13:48:50.966+0000] {processor.py:840} INFO - DAG(s) 'example_skip_dag' retrieved from /home/airflow/.local/lib/python3.12/site-packages/airflow/example_dags/example_skip_dag.py
[2024-07-15T13:48:50.977+0000] {logging_mixin.py:188} INFO - [2024-07-15T13:48:50.977+0000] {dag.py:3096} INFO - Sync 1 DAGs
[2024-07-15T13:48:50.987+0000] {logging_mixin.py:188} INFO - [2024-07-15T13:48:50.987+0000] {dag.py:3954} INFO - Setting next_dagrun for example_skip_dag to 2024-07-14 00:00:00+00:00, run_after=2024-07-15 00:00:00+00:00
[2024-07-15T13:48:50.996+0000] {processor.py:183} INFO - Processing /home/airflow/.local/lib/python3.12/site-packages/airflow/example_dags/example_skip_dag.py took 0.038 seconds
[2024-07-15T13:49:49.245+0000] {processor.py:161} INFO - Started process (PID=78) to work on /home/airflow/.local/lib/python3.12/site-packages/airflow/example_dags/example_skip_dag.py
[2024-07-15T13:49:49.246+0000] {processor.py:830} INFO - Processing file /home/airflow/.local/lib/python3.12/site-packages/airflow/example_dags/example_skip_dag.py for tasks to queue
[2024-07-15T13:49:49.248+0000] {logging_mixin.py:188} INFO - [2024-07-15T13:49:49.247+0000] {dagbag.py:545} INFO - Filling up the DagBag from /home/airflow/.local/lib/python3.12/site-packages/airflow/example_dags/example_skip_dag.py
[2024-07-15T13:49:49.253+0000] {processor.py:840} INFO - DAG(s) 'example_skip_dag' retrieved from /home/airflow/.local/lib/python3.12/site-packages/airflow/example_dags/example_skip_dag.py
[2024-07-15T13:49:49.260+0000] {logging_mixin.py:188} INFO - [2024-07-15T13:49:49.260+0000] {dag.py:3096} INFO - Sync 1 DAGs
[2024-07-15T13:49:49.276+0000] {logging_mixin.py:188} INFO - [2024-07-15T13:49:49.276+0000] {dag.py:3954} INFO - Setting next_dagrun for example_skip_dag to 2024-07-14 00:00:00+00:00, run_after=2024-07-15 00:00:00+00:00
[2024-07-15T13:49:49.290+0000] {processor.py:183} INFO - Processing /home/airflow/.local/lib/python3.12/site-packages/airflow/example_dags/example_skip_dag.py took 0.049 seconds
[2024-07-15T13:50:20.051+0000] {processor.py:161} INFO - Started process (PID=142) to work on /home/airflow/.local/lib/python3.12/site-packages/airflow/example_dags/example_skip_dag.py
[2024-07-15T13:50:20.052+0000] {processor.py:830} INFO - Processing file /home/airflow/.local/lib/python3.12/site-packages/airflow/example_dags/example_skip_dag.py for tasks to queue
[2024-07-15T13:50:20.053+0000] {logging_mixin.py:188} INFO - [2024-07-15T13:50:20.053+0000] {dagbag.py:545} INFO - Filling up the DagBag from /home/airflow/.local/lib/python3.12/site-packages/airflow/example_dags/example_skip_dag.py
[2024-07-15T13:50:20.056+0000] {processor.py:840} INFO - DAG(s) 'example_skip_dag' retrieved from /home/airflow/.local/lib/python3.12/site-packages/airflow/example_dags/example_skip_dag.py
[2024-07-15T13:50:20.103+0000] {logging_mixin.py:188} INFO - [2024-07-15T13:50:20.103+0000] {dag.py:3096} INFO - Sync 1 DAGs
[2024-07-15T13:50:20.112+0000] {logging_mixin.py:188} INFO - [2024-07-15T13:50:20.111+0000] {dag.py:3954} INFO - Setting next_dagrun for example_skip_dag to 2024-07-14 00:00:00+00:00, run_after=2024-07-15 00:00:00+00:00
[2024-07-15T13:50:20.121+0000] {processor.py:183} INFO - Processing /home/airflow/.local/lib/python3.12/site-packages/airflow/example_dags/example_skip_dag.py took 0.072 seconds
[2024-07-15T13:50:50.408+0000] {processor.py:161} INFO - Started process (PID=207) to work on /home/airflow/.local/lib/python3.12/site-packages/airflow/example_dags/example_skip_dag.py
[2024-07-15T13:50:50.409+0000] {processor.py:830} INFO - Processing file /home/airflow/.local/lib/python3.12/site-packages/airflow/example_dags/example_skip_dag.py for tasks to queue
[2024-07-15T13:50:50.410+0000] {logging_mixin.py:188} INFO - [2024-07-15T13:50:50.410+0000] {dagbag.py:545} INFO - Filling up the DagBag from /home/airflow/.local/lib/python3.12/site-packages/airflow/example_dags/example_skip_dag.py
[2024-07-15T13:50:50.416+0000] {processor.py:840} INFO - DAG(s) 'example_skip_dag' retrieved from /home/airflow/.local/lib/python3.12/site-packages/airflow/example_dags/example_skip_dag.py
[2024-07-15T13:50:50.426+0000] {logging_mixin.py:188} INFO - [2024-07-15T13:50:50.425+0000] {dag.py:3096} INFO - Sync 1 DAGs
[2024-07-15T13:50:50.435+0000] {logging_mixin.py:188} INFO - [2024-07-15T13:50:50.435+0000] {dag.py:3954} INFO - Setting next_dagrun for example_skip_dag to 2024-07-14 00:00:00+00:00, run_after=2024-07-15 00:00:00+00:00
[2024-07-15T13:50:50.444+0000] {processor.py:183} INFO - Processing /home/airflow/.local/lib/python3.12/site-packages/airflow/example_dags/example_skip_dag.py took 0.038 seconds
[2024-07-15T13:51:20.630+0000] {processor.py:161} INFO - Started process (PID=270) to work on /home/airflow/.local/lib/python3.12/site-packages/airflow/example_dags/example_skip_dag.py
[2024-07-15T13:51:20.631+0000] {processor.py:830} INFO - Processing file /home/airflow/.local/lib/python3.12/site-packages/airflow/example_dags/example_skip_dag.py for tasks to queue
[2024-07-15T13:51:20.632+0000] {logging_mixin.py:188} INFO - [2024-07-15T13:51:20.632+0000] {dagbag.py:545} INFO - Filling up the DagBag from /home/airflow/.local/lib/python3.12/site-packages/airflow/example_dags/example_skip_dag.py
[2024-07-15T13:51:20.635+0000] {processor.py:840} INFO - DAG(s) 'example_skip_dag' retrieved from /home/airflow/.local/lib/python3.12/site-packages/airflow/example_dags/example_skip_dag.py
[2024-07-15T13:51:20.646+0000] {logging_mixin.py:188} INFO - [2024-07-15T13:51:20.645+0000] {dag.py:3096} INFO - Sync 1 DAGs
[2024-07-15T13:51:20.668+0000] {logging_mixin.py:188} INFO - [2024-07-15T13:51:20.668+0000] {dag.py:3954} INFO - Setting next_dagrun for example_skip_dag to 2024-07-14 00:00:00+00:00, run_after=2024-07-15 00:00:00+00:00
[2024-07-15T13:51:20.677+0000] {processor.py:183} INFO - Processing /home/airflow/.local/lib/python3.12/site-packages/airflow/example_dags/example_skip_dag.py took 0.050 seconds
[2024-07-15T13:51:50.802+0000] {processor.py:161} INFO - Started process (PID=334) to work on /home/airflow/.local/lib/python3.12/site-packages/airflow/example_dags/example_skip_dag.py
[2024-07-15T13:51:50.802+0000] {processor.py:830} INFO - Processing file /home/airflow/.local/lib/python3.12/site-packages/airflow/example_dags/example_skip_dag.py for tasks to queue
[2024-07-15T13:51:50.803+0000] {logging_mixin.py:188} INFO - [2024-07-15T13:51:50.803+0000] {dagbag.py:545} INFO - Filling up the DagBag from /home/airflow/.local/lib/python3.12/site-packages/airflow/example_dags/example_skip_dag.py
[2024-07-15T13:51:50.807+0000] {processor.py:840} INFO - DAG(s) 'example_skip_dag' retrieved from /home/airflow/.local/lib/python3.12/site-packages/airflow/example_dags/example_skip_dag.py
[2024-07-15T13:51:50.816+0000] {logging_mixin.py:188} INFO - [2024-07-15T13:51:50.816+0000] {dag.py:3096} INFO - Sync 1 DAGs
[2024-07-15T13:51:50.826+0000] {logging_mixin.py:188} INFO - [2024-07-15T13:51:50.826+0000] {dag.py:3954} INFO - Setting next_dagrun for example_skip_dag to 2024-07-14 00:00:00+00:00, run_after=2024-07-15 00:00:00+00:00
[2024-07-15T13:51:50.834+0000] {processor.py:183} INFO - Processing /home/airflow/.local/lib/python3.12/site-packages/airflow/example_dags/example_skip_dag.py took 0.035 seconds
[2024-07-15T13:52:54.117+0000] {processor.py:161} INFO - Started process (PID=77) to work on /home/airflow/.local/lib/python3.12/site-packages/airflow/example_dags/example_skip_dag.py
[2024-07-15T13:52:54.118+0000] {processor.py:830} INFO - Processing file /home/airflow/.local/lib/python3.12/site-packages/airflow/example_dags/example_skip_dag.py for tasks to queue
[2024-07-15T13:52:54.124+0000] {logging_mixin.py:188} INFO - [2024-07-15T13:52:54.123+0000] {dagbag.py:545} INFO - Filling up the DagBag from /home/airflow/.local/lib/python3.12/site-packages/airflow/example_dags/example_skip_dag.py
[2024-07-15T13:52:54.134+0000] {processor.py:840} INFO - DAG(s) 'example_skip_dag' retrieved from /home/airflow/.local/lib/python3.12/site-packages/airflow/example_dags/example_skip_dag.py
[2024-07-15T13:52:54.150+0000] {logging_mixin.py:188} INFO - [2024-07-15T13:52:54.150+0000] {dag.py:3096} INFO - Sync 1 DAGs
[2024-07-15T13:52:54.166+0000] {logging_mixin.py:188} INFO - [2024-07-15T13:52:54.166+0000] {dag.py:3954} INFO - Setting next_dagrun for example_skip_dag to 2024-07-14 00:00:00+00:00, run_after=2024-07-15 00:00:00+00:00
[2024-07-15T13:52:54.178+0000] {processor.py:183} INFO - Processing /home/airflow/.local/lib/python3.12/site-packages/airflow/example_dags/example_skip_dag.py took 0.066 seconds
[2024-07-15T13:53:24.772+0000] {processor.py:161} INFO - Started process (PID=141) to work on /home/airflow/.local/lib/python3.12/site-packages/airflow/example_dags/example_skip_dag.py
[2024-07-15T13:53:24.772+0000] {processor.py:830} INFO - Processing file /home/airflow/.local/lib/python3.12/site-packages/airflow/example_dags/example_skip_dag.py for tasks to queue
[2024-07-15T13:53:24.773+0000] {logging_mixin.py:188} INFO - [2024-07-15T13:53:24.773+0000] {dagbag.py:545} INFO - Filling up the DagBag from /home/airflow/.local/lib/python3.12/site-packages/airflow/example_dags/example_skip_dag.py
[2024-07-15T13:53:24.777+0000] {processor.py:840} INFO - DAG(s) 'example_skip_dag' retrieved from /home/airflow/.local/lib/python3.12/site-packages/airflow/example_dags/example_skip_dag.py
[2024-07-15T13:53:24.823+0000] {logging_mixin.py:188} INFO - [2024-07-15T13:53:24.823+0000] {dag.py:3096} INFO - Sync 1 DAGs
[2024-07-15T13:53:24.833+0000] {logging_mixin.py:188} INFO - [2024-07-15T13:53:24.832+0000] {dag.py:3954} INFO - Setting next_dagrun for example_skip_dag to 2024-07-14 00:00:00+00:00, run_after=2024-07-15 00:00:00+00:00
[2024-07-15T13:53:24.850+0000] {processor.py:183} INFO - Processing /home/airflow/.local/lib/python3.12/site-packages/airflow/example_dags/example_skip_dag.py took 0.081 seconds
[2024-07-15T13:53:54.885+0000] {processor.py:161} INFO - Started process (PID=205) to work on /home/airflow/.local/lib/python3.12/site-packages/airflow/example_dags/example_skip_dag.py
[2024-07-15T13:53:54.886+0000] {processor.py:830} INFO - Processing file /home/airflow/.local/lib/python3.12/site-packages/airflow/example_dags/example_skip_dag.py for tasks to queue
[2024-07-15T13:53:54.887+0000] {logging_mixin.py:188} INFO - [2024-07-15T13:53:54.886+0000] {dagbag.py:545} INFO - Filling up the DagBag from /home/airflow/.local/lib/python3.12/site-packages/airflow/example_dags/example_skip_dag.py
[2024-07-15T13:53:54.890+0000] {processor.py:840} INFO - DAG(s) 'example_skip_dag' retrieved from /home/airflow/.local/lib/python3.12/site-packages/airflow/example_dags/example_skip_dag.py
[2024-07-15T13:53:54.900+0000] {logging_mixin.py:188} INFO - [2024-07-15T13:53:54.900+0000] {dag.py:3096} INFO - Sync 1 DAGs
[2024-07-15T13:53:54.910+0000] {logging_mixin.py:188} INFO - [2024-07-15T13:53:54.910+0000] {dag.py:3954} INFO - Setting next_dagrun for example_skip_dag to 2024-07-14 00:00:00+00:00, run_after=2024-07-15 00:00:00+00:00
[2024-07-15T13:53:54.918+0000] {processor.py:183} INFO - Processing /home/airflow/.local/lib/python3.12/site-packages/airflow/example_dags/example_skip_dag.py took 0.036 seconds
[2024-07-15T13:54:24.992+0000] {processor.py:161} INFO - Started process (PID=269) to work on /home/airflow/.local/lib/python3.12/site-packages/airflow/example_dags/example_skip_dag.py
[2024-07-15T13:54:24.992+0000] {processor.py:830} INFO - Processing file /home/airflow/.local/lib/python3.12/site-packages/airflow/example_dags/example_skip_dag.py for tasks to queue
[2024-07-15T13:54:24.994+0000] {logging_mixin.py:188} INFO - [2024-07-15T13:54:24.993+0000] {dagbag.py:545} INFO - Filling up the DagBag from /home/airflow/.local/lib/python3.12/site-packages/airflow/example_dags/example_skip_dag.py
[2024-07-15T13:54:24.997+0000] {processor.py:840} INFO - DAG(s) 'example_skip_dag' retrieved from /home/airflow/.local/lib/python3.12/site-packages/airflow/example_dags/example_skip_dag.py
[2024-07-15T13:54:25.009+0000] {logging_mixin.py:188} INFO - [2024-07-15T13:54:25.008+0000] {dag.py:3096} INFO - Sync 1 DAGs
[2024-07-15T13:54:25.019+0000] {logging_mixin.py:188} INFO - [2024-07-15T13:54:25.019+0000] {dag.py:3954} INFO - Setting next_dagrun for example_skip_dag to 2024-07-14 00:00:00+00:00, run_after=2024-07-15 00:00:00+00:00
[2024-07-15T13:54:25.027+0000] {processor.py:183} INFO - Processing /home/airflow/.local/lib/python3.12/site-packages/airflow/example_dags/example_skip_dag.py took 0.039 seconds
[2024-07-15T13:54:55.214+0000] {processor.py:161} INFO - Started process (PID=333) to work on /home/airflow/.local/lib/python3.12/site-packages/airflow/example_dags/example_skip_dag.py
[2024-07-15T13:54:55.215+0000] {processor.py:830} INFO - Processing file /home/airflow/.local/lib/python3.12/site-packages/airflow/example_dags/example_skip_dag.py for tasks to queue
[2024-07-15T13:54:55.216+0000] {logging_mixin.py:188} INFO - [2024-07-15T13:54:55.216+0000] {dagbag.py:545} INFO - Filling up the DagBag from /home/airflow/.local/lib/python3.12/site-packages/airflow/example_dags/example_skip_dag.py
[2024-07-15T13:54:55.219+0000] {processor.py:840} INFO - DAG(s) 'example_skip_dag' retrieved from /home/airflow/.local/lib/python3.12/site-packages/airflow/example_dags/example_skip_dag.py
[2024-07-15T13:54:55.231+0000] {logging_mixin.py:188} INFO - [2024-07-15T13:54:55.231+0000] {dag.py:3096} INFO - Sync 1 DAGs
[2024-07-15T13:54:55.240+0000] {logging_mixin.py:188} INFO - [2024-07-15T13:54:55.240+0000] {dag.py:3954} INFO - Setting next_dagrun for example_skip_dag to 2024-07-14 00:00:00+00:00, run_after=2024-07-15 00:00:00+00:00
[2024-07-15T13:54:55.249+0000] {processor.py:183} INFO - Processing /home/airflow/.local/lib/python3.12/site-packages/airflow/example_dags/example_skip_dag.py took 0.038 seconds
[2024-07-15T13:55:25.411+0000] {processor.py:161} INFO - Started process (PID=397) to work on /home/airflow/.local/lib/python3.12/site-packages/airflow/example_dags/example_skip_dag.py
[2024-07-15T13:55:25.411+0000] {processor.py:830} INFO - Processing file /home/airflow/.local/lib/python3.12/site-packages/airflow/example_dags/example_skip_dag.py for tasks to queue
[2024-07-15T13:55:25.412+0000] {logging_mixin.py:188} INFO - [2024-07-15T13:55:25.412+0000] {dagbag.py:545} INFO - Filling up the DagBag from /home/airflow/.local/lib/python3.12/site-packages/airflow/example_dags/example_skip_dag.py
[2024-07-15T13:55:25.416+0000] {processor.py:840} INFO - DAG(s) 'example_skip_dag' retrieved from /home/airflow/.local/lib/python3.12/site-packages/airflow/example_dags/example_skip_dag.py
[2024-07-15T13:55:25.427+0000] {logging_mixin.py:188} INFO - [2024-07-15T13:55:25.427+0000] {dag.py:3096} INFO - Sync 1 DAGs
[2024-07-15T13:55:25.438+0000] {logging_mixin.py:188} INFO - [2024-07-15T13:55:25.437+0000] {dag.py:3954} INFO - Setting next_dagrun for example_skip_dag to 2024-07-14 00:00:00+00:00, run_after=2024-07-15 00:00:00+00:00
[2024-07-15T13:55:25.446+0000] {processor.py:183} INFO - Processing /home/airflow/.local/lib/python3.12/site-packages/airflow/example_dags/example_skip_dag.py took 0.038 seconds
[2024-07-15T13:55:56.598+0000] {processor.py:161} INFO - Started process (PID=462) to work on /home/airflow/.local/lib/python3.12/site-packages/airflow/example_dags/example_skip_dag.py
[2024-07-15T13:55:56.599+0000] {processor.py:830} INFO - Processing file /home/airflow/.local/lib/python3.12/site-packages/airflow/example_dags/example_skip_dag.py for tasks to queue
[2024-07-15T13:55:56.600+0000] {logging_mixin.py:188} INFO - [2024-07-15T13:55:56.600+0000] {dagbag.py:545} INFO - Filling up the DagBag from /home/airflow/.local/lib/python3.12/site-packages/airflow/example_dags/example_skip_dag.py
[2024-07-15T13:55:56.603+0000] {processor.py:840} INFO - DAG(s) 'example_skip_dag' retrieved from /home/airflow/.local/lib/python3.12/site-packages/airflow/example_dags/example_skip_dag.py
[2024-07-15T13:55:56.616+0000] {logging_mixin.py:188} INFO - [2024-07-15T13:55:56.616+0000] {dag.py:3096} INFO - Sync 1 DAGs
[2024-07-15T13:55:56.627+0000] {logging_mixin.py:188} INFO - [2024-07-15T13:55:56.627+0000] {dag.py:3954} INFO - Setting next_dagrun for example_skip_dag to 2024-07-14 00:00:00+00:00, run_after=2024-07-15 00:00:00+00:00
[2024-07-15T13:55:56.639+0000] {processor.py:183} INFO - Processing /home/airflow/.local/lib/python3.12/site-packages/airflow/example_dags/example_skip_dag.py took 0.044 seconds
[2024-07-15T13:56:26.784+0000] {processor.py:161} INFO - Started process (PID=526) to work on /home/airflow/.local/lib/python3.12/site-packages/airflow/example_dags/example_skip_dag.py
[2024-07-15T13:56:26.785+0000] {processor.py:830} INFO - Processing file /home/airflow/.local/lib/python3.12/site-packages/airflow/example_dags/example_skip_dag.py for tasks to queue
[2024-07-15T13:56:26.786+0000] {logging_mixin.py:188} INFO - [2024-07-15T13:56:26.785+0000] {dagbag.py:545} INFO - Filling up the DagBag from /home/airflow/.local/lib/python3.12/site-packages/airflow/example_dags/example_skip_dag.py
[2024-07-15T13:56:26.789+0000] {processor.py:840} INFO - DAG(s) 'example_skip_dag' retrieved from /home/airflow/.local/lib/python3.12/site-packages/airflow/example_dags/example_skip_dag.py
[2024-07-15T13:56:26.800+0000] {logging_mixin.py:188} INFO - [2024-07-15T13:56:26.800+0000] {dag.py:3096} INFO - Sync 1 DAGs
[2024-07-15T13:56:26.811+0000] {logging_mixin.py:188} INFO - [2024-07-15T13:56:26.811+0000] {dag.py:3954} INFO - Setting next_dagrun for example_skip_dag to 2024-07-14 00:00:00+00:00, run_after=2024-07-15 00:00:00+00:00
[2024-07-15T13:56:26.819+0000] {processor.py:183} INFO - Processing /home/airflow/.local/lib/python3.12/site-packages/airflow/example_dags/example_skip_dag.py took 0.038 seconds
[2024-07-15T13:56:57.078+0000] {processor.py:161} INFO - Started process (PID=590) to work on /home/airflow/.local/lib/python3.12/site-packages/airflow/example_dags/example_skip_dag.py
[2024-07-15T13:56:57.079+0000] {processor.py:830} INFO - Processing file /home/airflow/.local/lib/python3.12/site-packages/airflow/example_dags/example_skip_dag.py for tasks to queue
[2024-07-15T13:56:57.080+0000] {logging_mixin.py:188} INFO - [2024-07-15T13:56:57.080+0000] {dagbag.py:545} INFO - Filling up the DagBag from /home/airflow/.local/lib/python3.12/site-packages/airflow/example_dags/example_skip_dag.py
[2024-07-15T13:56:57.083+0000] {processor.py:840} INFO - DAG(s) 'example_skip_dag' retrieved from /home/airflow/.local/lib/python3.12/site-packages/airflow/example_dags/example_skip_dag.py
[2024-07-15T13:56:57.094+0000] {logging_mixin.py:188} INFO - [2024-07-15T13:56:57.094+0000] {dag.py:3096} INFO - Sync 1 DAGs
[2024-07-15T13:56:57.105+0000] {logging_mixin.py:188} INFO - [2024-07-15T13:56:57.105+0000] {dag.py:3954} INFO - Setting next_dagrun for example_skip_dag to 2024-07-14 00:00:00+00:00, run_after=2024-07-15 00:00:00+00:00
[2024-07-15T13:56:57.114+0000] {processor.py:183} INFO - Processing /home/airflow/.local/lib/python3.12/site-packages/airflow/example_dags/example_skip_dag.py took 0.038 seconds
[2024-07-15T13:57:27.180+0000] {processor.py:161} INFO - Started process (PID=654) to work on /home/airflow/.local/lib/python3.12/site-packages/airflow/example_dags/example_skip_dag.py
[2024-07-15T13:57:27.181+0000] {processor.py:830} INFO - Processing file /home/airflow/.local/lib/python3.12/site-packages/airflow/example_dags/example_skip_dag.py for tasks to queue
[2024-07-15T13:57:27.182+0000] {logging_mixin.py:188} INFO - [2024-07-15T13:57:27.182+0000] {dagbag.py:545} INFO - Filling up the DagBag from /home/airflow/.local/lib/python3.12/site-packages/airflow/example_dags/example_skip_dag.py
[2024-07-15T13:57:27.185+0000] {processor.py:840} INFO - DAG(s) 'example_skip_dag' retrieved from /home/airflow/.local/lib/python3.12/site-packages/airflow/example_dags/example_skip_dag.py
[2024-07-15T13:57:27.196+0000] {logging_mixin.py:188} INFO - [2024-07-15T13:57:27.196+0000] {dag.py:3096} INFO - Sync 1 DAGs
[2024-07-15T13:57:27.207+0000] {logging_mixin.py:188} INFO - [2024-07-15T13:57:27.207+0000] {dag.py:3954} INFO - Setting next_dagrun for example_skip_dag to 2024-07-14 00:00:00+00:00, run_after=2024-07-15 00:00:00+00:00
[2024-07-15T13:57:27.216+0000] {processor.py:183} INFO - Processing /home/airflow/.local/lib/python3.12/site-packages/airflow/example_dags/example_skip_dag.py took 0.039 seconds
[2024-07-15T13:57:58.306+0000] {processor.py:161} INFO - Started process (PID=718) to work on /home/airflow/.local/lib/python3.12/site-packages/airflow/example_dags/example_skip_dag.py
[2024-07-15T13:57:58.306+0000] {processor.py:830} INFO - Processing file /home/airflow/.local/lib/python3.12/site-packages/airflow/example_dags/example_skip_dag.py for tasks to queue
[2024-07-15T13:57:58.307+0000] {logging_mixin.py:188} INFO - [2024-07-15T13:57:58.307+0000] {dagbag.py:545} INFO - Filling up the DagBag from /home/airflow/.local/lib/python3.12/site-packages/airflow/example_dags/example_skip_dag.py
[2024-07-15T13:57:58.311+0000] {processor.py:840} INFO - DAG(s) 'example_skip_dag' retrieved from /home/airflow/.local/lib/python3.12/site-packages/airflow/example_dags/example_skip_dag.py
[2024-07-15T13:57:58.322+0000] {logging_mixin.py:188} INFO - [2024-07-15T13:57:58.321+0000] {dag.py:3096} INFO - Sync 1 DAGs
[2024-07-15T13:57:58.332+0000] {logging_mixin.py:188} INFO - [2024-07-15T13:57:58.332+0000] {dag.py:3954} INFO - Setting next_dagrun for example_skip_dag to 2024-07-14 00:00:00+00:00, run_after=2024-07-15 00:00:00+00:00
[2024-07-15T13:57:58.340+0000] {processor.py:183} INFO - Processing /home/airflow/.local/lib/python3.12/site-packages/airflow/example_dags/example_skip_dag.py took 0.037 seconds
[2024-07-15T13:58:28.542+0000] {processor.py:161} INFO - Started process (PID=782) to work on /home/airflow/.local/lib/python3.12/site-packages/airflow/example_dags/example_skip_dag.py
[2024-07-15T13:58:28.543+0000] {processor.py:830} INFO - Processing file /home/airflow/.local/lib/python3.12/site-packages/airflow/example_dags/example_skip_dag.py for tasks to queue
[2024-07-15T13:58:28.544+0000] {logging_mixin.py:188} INFO - [2024-07-15T13:58:28.544+0000] {dagbag.py:545} INFO - Filling up the DagBag from /home/airflow/.local/lib/python3.12/site-packages/airflow/example_dags/example_skip_dag.py
[2024-07-15T13:58:28.548+0000] {processor.py:840} INFO - DAG(s) 'example_skip_dag' retrieved from /home/airflow/.local/lib/python3.12/site-packages/airflow/example_dags/example_skip_dag.py
[2024-07-15T13:58:28.562+0000] {logging_mixin.py:188} INFO - [2024-07-15T13:58:28.562+0000] {dag.py:3096} INFO - Sync 1 DAGs
[2024-07-15T13:58:28.573+0000] {logging_mixin.py:188} INFO - [2024-07-15T13:58:28.573+0000] {dag.py:3954} INFO - Setting next_dagrun for example_skip_dag to 2024-07-14 00:00:00+00:00, run_after=2024-07-15 00:00:00+00:00
[2024-07-15T13:58:28.582+0000] {processor.py:183} INFO - Processing /home/airflow/.local/lib/python3.12/site-packages/airflow/example_dags/example_skip_dag.py took 0.042 seconds
[2024-07-15T13:58:58.682+0000] {processor.py:161} INFO - Started process (PID=846) to work on /home/airflow/.local/lib/python3.12/site-packages/airflow/example_dags/example_skip_dag.py
[2024-07-15T13:58:58.682+0000] {processor.py:830} INFO - Processing file /home/airflow/.local/lib/python3.12/site-packages/airflow/example_dags/example_skip_dag.py for tasks to queue
[2024-07-15T13:58:58.683+0000] {logging_mixin.py:188} INFO - [2024-07-15T13:58:58.683+0000] {dagbag.py:545} INFO - Filling up the DagBag from /home/airflow/.local/lib/python3.12/site-packages/airflow/example_dags/example_skip_dag.py
[2024-07-15T13:58:58.686+0000] {processor.py:840} INFO - DAG(s) 'example_skip_dag' retrieved from /home/airflow/.local/lib/python3.12/site-packages/airflow/example_dags/example_skip_dag.py
[2024-07-15T13:58:58.697+0000] {logging_mixin.py:188} INFO - [2024-07-15T13:58:58.697+0000] {dag.py:3096} INFO - Sync 1 DAGs
[2024-07-15T13:58:58.707+0000] {logging_mixin.py:188} INFO - [2024-07-15T13:58:58.706+0000] {dag.py:3954} INFO - Setting next_dagrun for example_skip_dag to 2024-07-14 00:00:00+00:00, run_after=2024-07-15 00:00:00+00:00
[2024-07-15T13:58:58.715+0000] {processor.py:183} INFO - Processing /home/airflow/.local/lib/python3.12/site-packages/airflow/example_dags/example_skip_dag.py took 0.036 seconds
[2024-07-15T13:59:28.808+0000] {processor.py:161} INFO - Started process (PID=910) to work on /home/airflow/.local/lib/python3.12/site-packages/airflow/example_dags/example_skip_dag.py
[2024-07-15T13:59:28.809+0000] {processor.py:830} INFO - Processing file /home/airflow/.local/lib/python3.12/site-packages/airflow/example_dags/example_skip_dag.py for tasks to queue
[2024-07-15T13:59:28.810+0000] {logging_mixin.py:188} INFO - [2024-07-15T13:59:28.810+0000] {dagbag.py:545} INFO - Filling up the DagBag from /home/airflow/.local/lib/python3.12/site-packages/airflow/example_dags/example_skip_dag.py
[2024-07-15T13:59:28.813+0000] {processor.py:840} INFO - DAG(s) 'example_skip_dag' retrieved from /home/airflow/.local/lib/python3.12/site-packages/airflow/example_dags/example_skip_dag.py
[2024-07-15T13:59:28.826+0000] {logging_mixin.py:188} INFO - [2024-07-15T13:59:28.826+0000] {dag.py:3096} INFO - Sync 1 DAGs
[2024-07-15T13:59:28.838+0000] {logging_mixin.py:188} INFO - [2024-07-15T13:59:28.838+0000] {dag.py:3954} INFO - Setting next_dagrun for example_skip_dag to 2024-07-14 00:00:00+00:00, run_after=2024-07-15 00:00:00+00:00
[2024-07-15T13:59:28.848+0000] {processor.py:183} INFO - Processing /home/airflow/.local/lib/python3.12/site-packages/airflow/example_dags/example_skip_dag.py took 0.044 seconds
[2024-07-15T13:59:59.030+0000] {processor.py:161} INFO - Started process (PID=974) to work on /home/airflow/.local/lib/python3.12/site-packages/airflow/example_dags/example_skip_dag.py
[2024-07-15T13:59:59.031+0000] {processor.py:830} INFO - Processing file /home/airflow/.local/lib/python3.12/site-packages/airflow/example_dags/example_skip_dag.py for tasks to queue
[2024-07-15T13:59:59.032+0000] {logging_mixin.py:188} INFO - [2024-07-15T13:59:59.032+0000] {dagbag.py:545} INFO - Filling up the DagBag from /home/airflow/.local/lib/python3.12/site-packages/airflow/example_dags/example_skip_dag.py
[2024-07-15T13:59:59.036+0000] {processor.py:840} INFO - DAG(s) 'example_skip_dag' retrieved from /home/airflow/.local/lib/python3.12/site-packages/airflow/example_dags/example_skip_dag.py
[2024-07-15T13:59:59.049+0000] {logging_mixin.py:188} INFO - [2024-07-15T13:59:59.048+0000] {dag.py:3096} INFO - Sync 1 DAGs
[2024-07-15T13:59:59.060+0000] {logging_mixin.py:188} INFO - [2024-07-15T13:59:59.059+0000] {dag.py:3954} INFO - Setting next_dagrun for example_skip_dag to 2024-07-14 00:00:00+00:00, run_after=2024-07-15 00:00:00+00:00
[2024-07-15T13:59:59.070+0000] {processor.py:183} INFO - Processing /home/airflow/.local/lib/python3.12/site-packages/airflow/example_dags/example_skip_dag.py took 0.042 seconds
[2024-07-15T14:00:29.219+0000] {processor.py:161} INFO - Started process (PID=1038) to work on /home/airflow/.local/lib/python3.12/site-packages/airflow/example_dags/example_skip_dag.py
[2024-07-15T14:00:29.220+0000] {processor.py:830} INFO - Processing file /home/airflow/.local/lib/python3.12/site-packages/airflow/example_dags/example_skip_dag.py for tasks to queue
[2024-07-15T14:00:29.221+0000] {logging_mixin.py:188} INFO - [2024-07-15T14:00:29.220+0000] {dagbag.py:545} INFO - Filling up the DagBag from /home/airflow/.local/lib/python3.12/site-packages/airflow/example_dags/example_skip_dag.py
[2024-07-15T14:00:29.224+0000] {processor.py:840} INFO - DAG(s) 'example_skip_dag' retrieved from /home/airflow/.local/lib/python3.12/site-packages/airflow/example_dags/example_skip_dag.py
[2024-07-15T14:00:29.235+0000] {logging_mixin.py:188} INFO - [2024-07-15T14:00:29.235+0000] {dag.py:3096} INFO - Sync 1 DAGs
[2024-07-15T14:00:29.246+0000] {logging_mixin.py:188} INFO - [2024-07-15T14:00:29.246+0000] {dag.py:3954} INFO - Setting next_dagrun for example_skip_dag to 2024-07-14 00:00:00+00:00, run_after=2024-07-15 00:00:00+00:00
[2024-07-15T14:00:29.255+0000] {processor.py:183} INFO - Processing /home/airflow/.local/lib/python3.12/site-packages/airflow/example_dags/example_skip_dag.py took 0.039 seconds
[2024-07-15T14:01:00.278+0000] {processor.py:161} INFO - Started process (PID=1102) to work on /home/airflow/.local/lib/python3.12/site-packages/airflow/example_dags/example_skip_dag.py
[2024-07-15T14:01:00.279+0000] {processor.py:830} INFO - Processing file /home/airflow/.local/lib/python3.12/site-packages/airflow/example_dags/example_skip_dag.py for tasks to queue
[2024-07-15T14:01:00.280+0000] {logging_mixin.py:188} INFO - [2024-07-15T14:01:00.280+0000] {dagbag.py:545} INFO - Filling up the DagBag from /home/airflow/.local/lib/python3.12/site-packages/airflow/example_dags/example_skip_dag.py
[2024-07-15T14:01:00.283+0000] {processor.py:840} INFO - DAG(s) 'example_skip_dag' retrieved from /home/airflow/.local/lib/python3.12/site-packages/airflow/example_dags/example_skip_dag.py
[2024-07-15T14:01:00.294+0000] {logging_mixin.py:188} INFO - [2024-07-15T14:01:00.294+0000] {dag.py:3096} INFO - Sync 1 DAGs
[2024-07-15T14:01:00.303+0000] {logging_mixin.py:188} INFO - [2024-07-15T14:01:00.303+0000] {dag.py:3954} INFO - Setting next_dagrun for example_skip_dag to 2024-07-14 00:00:00+00:00, run_after=2024-07-15 00:00:00+00:00
[2024-07-15T14:01:00.312+0000] {processor.py:183} INFO - Processing /home/airflow/.local/lib/python3.12/site-packages/airflow/example_dags/example_skip_dag.py took 0.037 seconds
[2024-07-15T14:01:30.509+0000] {processor.py:161} INFO - Started process (PID=1166) to work on /home/airflow/.local/lib/python3.12/site-packages/airflow/example_dags/example_skip_dag.py
[2024-07-15T14:01:30.512+0000] {processor.py:830} INFO - Processing file /home/airflow/.local/lib/python3.12/site-packages/airflow/example_dags/example_skip_dag.py for tasks to queue
[2024-07-15T14:01:30.513+0000] {logging_mixin.py:188} INFO - [2024-07-15T14:01:30.513+0000] {dagbag.py:545} INFO - Filling up the DagBag from /home/airflow/.local/lib/python3.12/site-packages/airflow/example_dags/example_skip_dag.py
[2024-07-15T14:01:30.517+0000] {processor.py:840} INFO - DAG(s) 'example_skip_dag' retrieved from /home/airflow/.local/lib/python3.12/site-packages/airflow/example_dags/example_skip_dag.py
[2024-07-15T14:01:30.528+0000] {logging_mixin.py:188} INFO - [2024-07-15T14:01:30.527+0000] {dag.py:3096} INFO - Sync 1 DAGs
[2024-07-15T14:01:30.538+0000] {logging_mixin.py:188} INFO - [2024-07-15T14:01:30.537+0000] {dag.py:3954} INFO - Setting next_dagrun for example_skip_dag to 2024-07-14 00:00:00+00:00, run_after=2024-07-15 00:00:00+00:00
[2024-07-15T14:01:30.547+0000] {processor.py:183} INFO - Processing /home/airflow/.local/lib/python3.12/site-packages/airflow/example_dags/example_skip_dag.py took 0.041 seconds
[2024-07-15T14:02:00.584+0000] {processor.py:161} INFO - Started process (PID=1230) to work on /home/airflow/.local/lib/python3.12/site-packages/airflow/example_dags/example_skip_dag.py
[2024-07-15T14:02:00.584+0000] {processor.py:830} INFO - Processing file /home/airflow/.local/lib/python3.12/site-packages/airflow/example_dags/example_skip_dag.py for tasks to queue
[2024-07-15T14:02:00.585+0000] {logging_mixin.py:188} INFO - [2024-07-15T14:02:00.585+0000] {dagbag.py:545} INFO - Filling up the DagBag from /home/airflow/.local/lib/python3.12/site-packages/airflow/example_dags/example_skip_dag.py
[2024-07-15T14:02:00.589+0000] {processor.py:840} INFO - DAG(s) 'example_skip_dag' retrieved from /home/airflow/.local/lib/python3.12/site-packages/airflow/example_dags/example_skip_dag.py
[2024-07-15T14:02:00.599+0000] {logging_mixin.py:188} INFO - [2024-07-15T14:02:00.599+0000] {dag.py:3096} INFO - Sync 1 DAGs
[2024-07-15T14:02:00.610+0000] {logging_mixin.py:188} INFO - [2024-07-15T14:02:00.610+0000] {dag.py:3954} INFO - Setting next_dagrun for example_skip_dag to 2024-07-14 00:00:00+00:00, run_after=2024-07-15 00:00:00+00:00
[2024-07-15T14:02:00.618+0000] {processor.py:183} INFO - Processing /home/airflow/.local/lib/python3.12/site-packages/airflow/example_dags/example_skip_dag.py took 0.037 seconds
[2024-07-15T14:02:30.812+0000] {processor.py:161} INFO - Started process (PID=1294) to work on /home/airflow/.local/lib/python3.12/site-packages/airflow/example_dags/example_skip_dag.py
[2024-07-15T14:02:30.812+0000] {processor.py:830} INFO - Processing file /home/airflow/.local/lib/python3.12/site-packages/airflow/example_dags/example_skip_dag.py for tasks to queue
[2024-07-15T14:02:30.813+0000] {logging_mixin.py:188} INFO - [2024-07-15T14:02:30.813+0000] {dagbag.py:545} INFO - Filling up the DagBag from /home/airflow/.local/lib/python3.12/site-packages/airflow/example_dags/example_skip_dag.py
[2024-07-15T14:02:30.816+0000] {processor.py:840} INFO - DAG(s) 'example_skip_dag' retrieved from /home/airflow/.local/lib/python3.12/site-packages/airflow/example_dags/example_skip_dag.py
[2024-07-15T14:02:30.829+0000] {logging_mixin.py:188} INFO - [2024-07-15T14:02:30.829+0000] {dag.py:3096} INFO - Sync 1 DAGs
[2024-07-15T14:02:30.839+0000] {logging_mixin.py:188} INFO - [2024-07-15T14:02:30.839+0000] {dag.py:3954} INFO - Setting next_dagrun for example_skip_dag to 2024-07-14 00:00:00+00:00, run_after=2024-07-15 00:00:00+00:00
[2024-07-15T14:02:30.849+0000] {processor.py:183} INFO - Processing /home/airflow/.local/lib/python3.12/site-packages/airflow/example_dags/example_skip_dag.py took 0.040 seconds
[2024-07-15T14:03:00.894+0000] {processor.py:161} INFO - Started process (PID=1358) to work on /home/airflow/.local/lib/python3.12/site-packages/airflow/example_dags/example_skip_dag.py
[2024-07-15T14:03:00.895+0000] {processor.py:830} INFO - Processing file /home/airflow/.local/lib/python3.12/site-packages/airflow/example_dags/example_skip_dag.py for tasks to queue
[2024-07-15T14:03:00.896+0000] {logging_mixin.py:188} INFO - [2024-07-15T14:03:00.896+0000] {dagbag.py:545} INFO - Filling up the DagBag from /home/airflow/.local/lib/python3.12/site-packages/airflow/example_dags/example_skip_dag.py
[2024-07-15T14:03:00.900+0000] {processor.py:840} INFO - DAG(s) 'example_skip_dag' retrieved from /home/airflow/.local/lib/python3.12/site-packages/airflow/example_dags/example_skip_dag.py
[2024-07-15T14:03:00.911+0000] {logging_mixin.py:188} INFO - [2024-07-15T14:03:00.911+0000] {dag.py:3096} INFO - Sync 1 DAGs
[2024-07-15T14:03:00.921+0000] {logging_mixin.py:188} INFO - [2024-07-15T14:03:00.920+0000] {dag.py:3954} INFO - Setting next_dagrun for example_skip_dag to 2024-07-14 00:00:00+00:00, run_after=2024-07-15 00:00:00+00:00
[2024-07-15T14:03:00.929+0000] {processor.py:183} INFO - Processing /home/airflow/.local/lib/python3.12/site-packages/airflow/example_dags/example_skip_dag.py took 0.037 seconds
[2024-07-15T14:03:31.186+0000] {processor.py:161} INFO - Started process (PID=1422) to work on /home/airflow/.local/lib/python3.12/site-packages/airflow/example_dags/example_skip_dag.py
[2024-07-15T14:03:31.186+0000] {processor.py:830} INFO - Processing file /home/airflow/.local/lib/python3.12/site-packages/airflow/example_dags/example_skip_dag.py for tasks to queue
[2024-07-15T14:03:31.187+0000] {logging_mixin.py:188} INFO - [2024-07-15T14:03:31.187+0000] {dagbag.py:545} INFO - Filling up the DagBag from /home/airflow/.local/lib/python3.12/site-packages/airflow/example_dags/example_skip_dag.py
[2024-07-15T14:03:31.191+0000] {processor.py:840} INFO - DAG(s) 'example_skip_dag' retrieved from /home/airflow/.local/lib/python3.12/site-packages/airflow/example_dags/example_skip_dag.py
[2024-07-15T14:03:31.202+0000] {logging_mixin.py:188} INFO - [2024-07-15T14:03:31.202+0000] {dag.py:3096} INFO - Sync 1 DAGs
[2024-07-15T14:03:31.211+0000] {logging_mixin.py:188} INFO - [2024-07-15T14:03:31.211+0000] {dag.py:3954} INFO - Setting next_dagrun for example_skip_dag to 2024-07-14 00:00:00+00:00, run_after=2024-07-15 00:00:00+00:00
[2024-07-15T14:03:31.220+0000] {processor.py:183} INFO - Processing /home/airflow/.local/lib/python3.12/site-packages/airflow/example_dags/example_skip_dag.py took 0.037 seconds
[2024-07-15T14:04:01.527+0000] {processor.py:161} INFO - Started process (PID=1486) to work on /home/airflow/.local/lib/python3.12/site-packages/airflow/example_dags/example_skip_dag.py
[2024-07-15T14:04:01.527+0000] {processor.py:830} INFO - Processing file /home/airflow/.local/lib/python3.12/site-packages/airflow/example_dags/example_skip_dag.py for tasks to queue
[2024-07-15T14:04:01.528+0000] {logging_mixin.py:188} INFO - [2024-07-15T14:04:01.528+0000] {dagbag.py:545} INFO - Filling up the DagBag from /home/airflow/.local/lib/python3.12/site-packages/airflow/example_dags/example_skip_dag.py
[2024-07-15T14:04:01.532+0000] {processor.py:840} INFO - DAG(s) 'example_skip_dag' retrieved from /home/airflow/.local/lib/python3.12/site-packages/airflow/example_dags/example_skip_dag.py
[2024-07-15T14:04:01.543+0000] {logging_mixin.py:188} INFO - [2024-07-15T14:04:01.543+0000] {dag.py:3096} INFO - Sync 1 DAGs
[2024-07-15T14:04:01.553+0000] {logging_mixin.py:188} INFO - [2024-07-15T14:04:01.553+0000] {dag.py:3954} INFO - Setting next_dagrun for example_skip_dag to 2024-07-14 00:00:00+00:00, run_after=2024-07-15 00:00:00+00:00
[2024-07-15T14:04:01.562+0000] {processor.py:183} INFO - Processing /home/airflow/.local/lib/python3.12/site-packages/airflow/example_dags/example_skip_dag.py took 0.039 seconds
[2024-07-15T14:04:32.076+0000] {processor.py:161} INFO - Started process (PID=1550) to work on /home/airflow/.local/lib/python3.12/site-packages/airflow/example_dags/example_skip_dag.py
[2024-07-15T14:04:32.077+0000] {processor.py:830} INFO - Processing file /home/airflow/.local/lib/python3.12/site-packages/airflow/example_dags/example_skip_dag.py for tasks to queue
[2024-07-15T14:04:32.078+0000] {logging_mixin.py:188} INFO - [2024-07-15T14:04:32.078+0000] {dagbag.py:545} INFO - Filling up the DagBag from /home/airflow/.local/lib/python3.12/site-packages/airflow/example_dags/example_skip_dag.py
[2024-07-15T14:04:32.081+0000] {processor.py:840} INFO - DAG(s) 'example_skip_dag' retrieved from /home/airflow/.local/lib/python3.12/site-packages/airflow/example_dags/example_skip_dag.py
[2024-07-15T14:04:32.092+0000] {logging_mixin.py:188} INFO - [2024-07-15T14:04:32.092+0000] {dag.py:3096} INFO - Sync 1 DAGs
[2024-07-15T14:04:32.102+0000] {logging_mixin.py:188} INFO - [2024-07-15T14:04:32.102+0000] {dag.py:3954} INFO - Setting next_dagrun for example_skip_dag to 2024-07-14 00:00:00+00:00, run_after=2024-07-15 00:00:00+00:00
[2024-07-15T14:04:32.111+0000] {processor.py:183} INFO - Processing /home/airflow/.local/lib/python3.12/site-packages/airflow/example_dags/example_skip_dag.py took 0.038 seconds
