[2024-07-15T13:40:22.189+0000] {processor.py:161} INFO - Started process (PID=59) to work on /home/airflow/.local/lib/python3.12/site-packages/airflow/example_dags/example_display_name.py
[2024-07-15T13:40:22.190+0000] {processor.py:830} INFO - Processing file /home/airflow/.local/lib/python3.12/site-packages/airflow/example_dags/example_display_name.py for tasks to queue
[2024-07-15T13:40:22.191+0000] {logging_mixin.py:188} INFO - [2024-07-15T13:40:22.191+0000] {dagbag.py:545} INFO - Filling up the DagBag from /home/airflow/.local/lib/python3.12/site-packages/airflow/example_dags/example_display_name.py
[2024-07-15T13:40:22.196+0000] {processor.py:840} INFO - DAG(s) 'example_display_name' retrieved from /home/airflow/.local/lib/python3.12/site-packages/airflow/example_dags/example_display_name.py
[2024-07-15T13:40:22.211+0000] {logging_mixin.py:188} INFO - [2024-07-15T13:40:22.211+0000] {dag.py:3096} INFO - Sync 1 DAGs
[2024-07-15T13:40:22.225+0000] {logging_mixin.py:188} INFO - [2024-07-15T13:40:22.224+0000] {dag.py:3954} INFO - Setting next_dagrun for example_display_name to None, run_after=None
[2024-07-15T13:40:22.244+0000] {processor.py:183} INFO - Processing /home/airflow/.local/lib/python3.12/site-packages/airflow/example_dags/example_display_name.py took 0.060 seconds
[2024-07-15T13:40:52.837+0000] {processor.py:161} INFO - Started process (PID=123) to work on /home/airflow/.local/lib/python3.12/site-packages/airflow/example_dags/example_display_name.py
[2024-07-15T13:40:52.837+0000] {processor.py:830} INFO - Processing file /home/airflow/.local/lib/python3.12/site-packages/airflow/example_dags/example_display_name.py for tasks to queue
[2024-07-15T13:40:52.838+0000] {logging_mixin.py:188} INFO - [2024-07-15T13:40:52.838+0000] {dagbag.py:545} INFO - Filling up the DagBag from /home/airflow/.local/lib/python3.12/site-packages/airflow/example_dags/example_display_name.py
[2024-07-15T13:40:52.842+0000] {processor.py:840} INFO - DAG(s) 'example_display_name' retrieved from /home/airflow/.local/lib/python3.12/site-packages/airflow/example_dags/example_display_name.py
[2024-07-15T13:40:52.908+0000] {logging_mixin.py:188} INFO - [2024-07-15T13:40:52.908+0000] {dag.py:3096} INFO - Sync 1 DAGs
[2024-07-15T13:40:52.914+0000] {logging_mixin.py:188} INFO - [2024-07-15T13:40:52.914+0000] {dag.py:3954} INFO - Setting next_dagrun for example_display_name to None, run_after=None
[2024-07-15T13:40:52.924+0000] {processor.py:183} INFO - Processing /home/airflow/.local/lib/python3.12/site-packages/airflow/example_dags/example_display_name.py took 0.090 seconds
[2024-07-15T13:41:23.096+0000] {processor.py:161} INFO - Started process (PID=187) to work on /home/airflow/.local/lib/python3.12/site-packages/airflow/example_dags/example_display_name.py
[2024-07-15T13:41:23.097+0000] {processor.py:830} INFO - Processing file /home/airflow/.local/lib/python3.12/site-packages/airflow/example_dags/example_display_name.py for tasks to queue
[2024-07-15T13:41:23.098+0000] {logging_mixin.py:188} INFO - [2024-07-15T13:41:23.098+0000] {dagbag.py:545} INFO - Filling up the DagBag from /home/airflow/.local/lib/python3.12/site-packages/airflow/example_dags/example_display_name.py
[2024-07-15T13:41:23.101+0000] {processor.py:840} INFO - DAG(s) 'example_display_name' retrieved from /home/airflow/.local/lib/python3.12/site-packages/airflow/example_dags/example_display_name.py
[2024-07-15T13:41:23.112+0000] {logging_mixin.py:188} INFO - [2024-07-15T13:41:23.111+0000] {dag.py:3096} INFO - Sync 1 DAGs
[2024-07-15T13:41:23.132+0000] {logging_mixin.py:188} INFO - [2024-07-15T13:41:23.132+0000] {dag.py:3954} INFO - Setting next_dagrun for example_display_name to None, run_after=None
[2024-07-15T13:41:23.142+0000] {processor.py:183} INFO - Processing /home/airflow/.local/lib/python3.12/site-packages/airflow/example_dags/example_display_name.py took 0.049 seconds
[2024-07-15T13:41:54.196+0000] {processor.py:161} INFO - Started process (PID=251) to work on /home/airflow/.local/lib/python3.12/site-packages/airflow/example_dags/example_display_name.py
[2024-07-15T13:41:54.196+0000] {processor.py:830} INFO - Processing file /home/airflow/.local/lib/python3.12/site-packages/airflow/example_dags/example_display_name.py for tasks to queue
[2024-07-15T13:41:54.198+0000] {logging_mixin.py:188} INFO - [2024-07-15T13:41:54.198+0000] {dagbag.py:545} INFO - Filling up the DagBag from /home/airflow/.local/lib/python3.12/site-packages/airflow/example_dags/example_display_name.py
[2024-07-15T13:41:54.201+0000] {processor.py:840} INFO - DAG(s) 'example_display_name' retrieved from /home/airflow/.local/lib/python3.12/site-packages/airflow/example_dags/example_display_name.py
[2024-07-15T13:41:54.213+0000] {logging_mixin.py:188} INFO - [2024-07-15T13:41:54.213+0000] {dag.py:3096} INFO - Sync 1 DAGs
[2024-07-15T13:41:54.219+0000] {logging_mixin.py:188} INFO - [2024-07-15T13:41:54.219+0000] {dag.py:3954} INFO - Setting next_dagrun for example_display_name to None, run_after=None
[2024-07-15T13:41:54.228+0000] {processor.py:183} INFO - Processing /home/airflow/.local/lib/python3.12/site-packages/airflow/example_dags/example_display_name.py took 0.035 seconds
[2024-07-15T13:42:25.458+0000] {processor.py:161} INFO - Started process (PID=315) to work on /home/airflow/.local/lib/python3.12/site-packages/airflow/example_dags/example_display_name.py
[2024-07-15T13:42:25.459+0000] {processor.py:830} INFO - Processing file /home/airflow/.local/lib/python3.12/site-packages/airflow/example_dags/example_display_name.py for tasks to queue
[2024-07-15T13:42:25.460+0000] {logging_mixin.py:188} INFO - [2024-07-15T13:42:25.459+0000] {dagbag.py:545} INFO - Filling up the DagBag from /home/airflow/.local/lib/python3.12/site-packages/airflow/example_dags/example_display_name.py
[2024-07-15T13:42:25.463+0000] {processor.py:840} INFO - DAG(s) 'example_display_name' retrieved from /home/airflow/.local/lib/python3.12/site-packages/airflow/example_dags/example_display_name.py
[2024-07-15T13:42:25.474+0000] {logging_mixin.py:188} INFO - [2024-07-15T13:42:25.473+0000] {dag.py:3096} INFO - Sync 1 DAGs
[2024-07-15T13:42:25.480+0000] {logging_mixin.py:188} INFO - [2024-07-15T13:42:25.480+0000] {dag.py:3954} INFO - Setting next_dagrun for example_display_name to None, run_after=None
[2024-07-15T13:42:25.490+0000] {processor.py:183} INFO - Processing /home/airflow/.local/lib/python3.12/site-packages/airflow/example_dags/example_display_name.py took 0.035 seconds
[2024-07-15T13:42:55.645+0000] {processor.py:161} INFO - Started process (PID=379) to work on /home/airflow/.local/lib/python3.12/site-packages/airflow/example_dags/example_display_name.py
[2024-07-15T13:42:55.646+0000] {processor.py:830} INFO - Processing file /home/airflow/.local/lib/python3.12/site-packages/airflow/example_dags/example_display_name.py for tasks to queue
[2024-07-15T13:42:55.648+0000] {logging_mixin.py:188} INFO - [2024-07-15T13:42:55.647+0000] {dagbag.py:545} INFO - Filling up the DagBag from /home/airflow/.local/lib/python3.12/site-packages/airflow/example_dags/example_display_name.py
[2024-07-15T13:42:55.651+0000] {processor.py:840} INFO - DAG(s) 'example_display_name' retrieved from /home/airflow/.local/lib/python3.12/site-packages/airflow/example_dags/example_display_name.py
[2024-07-15T13:42:55.660+0000] {logging_mixin.py:188} INFO - [2024-07-15T13:42:55.660+0000] {dag.py:3096} INFO - Sync 1 DAGs
[2024-07-15T13:42:55.666+0000] {logging_mixin.py:188} INFO - [2024-07-15T13:42:55.666+0000] {dag.py:3954} INFO - Setting next_dagrun for example_display_name to None, run_after=None
[2024-07-15T13:42:55.675+0000] {processor.py:183} INFO - Processing /home/airflow/.local/lib/python3.12/site-packages/airflow/example_dags/example_display_name.py took 0.033 seconds
[2024-07-15T13:43:26.771+0000] {processor.py:161} INFO - Started process (PID=443) to work on /home/airflow/.local/lib/python3.12/site-packages/airflow/example_dags/example_display_name.py
[2024-07-15T13:43:26.772+0000] {processor.py:830} INFO - Processing file /home/airflow/.local/lib/python3.12/site-packages/airflow/example_dags/example_display_name.py for tasks to queue
[2024-07-15T13:43:26.773+0000] {logging_mixin.py:188} INFO - [2024-07-15T13:43:26.773+0000] {dagbag.py:545} INFO - Filling up the DagBag from /home/airflow/.local/lib/python3.12/site-packages/airflow/example_dags/example_display_name.py
[2024-07-15T13:43:26.776+0000] {processor.py:840} INFO - DAG(s) 'example_display_name' retrieved from /home/airflow/.local/lib/python3.12/site-packages/airflow/example_dags/example_display_name.py
[2024-07-15T13:43:26.789+0000] {logging_mixin.py:188} INFO - [2024-07-15T13:43:26.789+0000] {dag.py:3096} INFO - Sync 1 DAGs
[2024-07-15T13:43:26.795+0000] {logging_mixin.py:188} INFO - [2024-07-15T13:43:26.795+0000] {dag.py:3954} INFO - Setting next_dagrun for example_display_name to None, run_after=None
[2024-07-15T13:43:26.805+0000] {processor.py:183} INFO - Processing /home/airflow/.local/lib/python3.12/site-packages/airflow/example_dags/example_display_name.py took 0.037 seconds
[2024-07-15T13:43:56.887+0000] {processor.py:161} INFO - Started process (PID=507) to work on /home/airflow/.local/lib/python3.12/site-packages/airflow/example_dags/example_display_name.py
[2024-07-15T13:43:56.888+0000] {processor.py:830} INFO - Processing file /home/airflow/.local/lib/python3.12/site-packages/airflow/example_dags/example_display_name.py for tasks to queue
[2024-07-15T13:43:56.889+0000] {logging_mixin.py:188} INFO - [2024-07-15T13:43:56.889+0000] {dagbag.py:545} INFO - Filling up the DagBag from /home/airflow/.local/lib/python3.12/site-packages/airflow/example_dags/example_display_name.py
[2024-07-15T13:43:56.892+0000] {processor.py:840} INFO - DAG(s) 'example_display_name' retrieved from /home/airflow/.local/lib/python3.12/site-packages/airflow/example_dags/example_display_name.py
[2024-07-15T13:43:56.902+0000] {logging_mixin.py:188} INFO - [2024-07-15T13:43:56.902+0000] {dag.py:3096} INFO - Sync 1 DAGs
[2024-07-15T13:43:56.909+0000] {logging_mixin.py:188} INFO - [2024-07-15T13:43:56.909+0000] {dag.py:3954} INFO - Setting next_dagrun for example_display_name to None, run_after=None
[2024-07-15T13:43:56.918+0000] {processor.py:183} INFO - Processing /home/airflow/.local/lib/python3.12/site-packages/airflow/example_dags/example_display_name.py took 0.034 seconds
[2024-07-15T13:44:27.243+0000] {processor.py:161} INFO - Started process (PID=571) to work on /home/airflow/.local/lib/python3.12/site-packages/airflow/example_dags/example_display_name.py
[2024-07-15T13:44:27.244+0000] {processor.py:830} INFO - Processing file /home/airflow/.local/lib/python3.12/site-packages/airflow/example_dags/example_display_name.py for tasks to queue
[2024-07-15T13:44:27.245+0000] {logging_mixin.py:188} INFO - [2024-07-15T13:44:27.245+0000] {dagbag.py:545} INFO - Filling up the DagBag from /home/airflow/.local/lib/python3.12/site-packages/airflow/example_dags/example_display_name.py
[2024-07-15T13:44:27.249+0000] {processor.py:840} INFO - DAG(s) 'example_display_name' retrieved from /home/airflow/.local/lib/python3.12/site-packages/airflow/example_dags/example_display_name.py
[2024-07-15T13:44:27.258+0000] {logging_mixin.py:188} INFO - [2024-07-15T13:44:27.258+0000] {dag.py:3096} INFO - Sync 1 DAGs
[2024-07-15T13:44:27.264+0000] {logging_mixin.py:188} INFO - [2024-07-15T13:44:27.264+0000] {dag.py:3954} INFO - Setting next_dagrun for example_display_name to None, run_after=None
[2024-07-15T13:44:27.274+0000] {processor.py:183} INFO - Processing /home/airflow/.local/lib/python3.12/site-packages/airflow/example_dags/example_display_name.py took 0.033 seconds
[2024-07-15T13:45:47.362+0000] {processor.py:161} INFO - Started process (PID=60) to work on /home/airflow/.local/lib/python3.12/site-packages/airflow/example_dags/example_display_name.py
[2024-07-15T13:45:47.363+0000] {processor.py:830} INFO - Processing file /home/airflow/.local/lib/python3.12/site-packages/airflow/example_dags/example_display_name.py for tasks to queue
[2024-07-15T13:45:47.364+0000] {logging_mixin.py:188} INFO - [2024-07-15T13:45:47.364+0000] {dagbag.py:545} INFO - Filling up the DagBag from /home/airflow/.local/lib/python3.12/site-packages/airflow/example_dags/example_display_name.py
[2024-07-15T13:45:47.377+0000] {processor.py:840} INFO - DAG(s) 'example_display_name' retrieved from /home/airflow/.local/lib/python3.12/site-packages/airflow/example_dags/example_display_name.py
[2024-07-15T13:45:47.390+0000] {logging_mixin.py:188} INFO - [2024-07-15T13:45:47.390+0000] {dag.py:3096} INFO - Sync 1 DAGs
[2024-07-15T13:45:47.403+0000] {logging_mixin.py:188} INFO - [2024-07-15T13:45:47.403+0000] {dag.py:3954} INFO - Setting next_dagrun for example_display_name to None, run_after=None
[2024-07-15T13:45:47.429+0000] {processor.py:183} INFO - Processing /home/airflow/.local/lib/python3.12/site-packages/airflow/example_dags/example_display_name.py took 0.071 seconds
[2024-07-15T13:46:17.770+0000] {processor.py:161} INFO - Started process (PID=124) to work on /home/airflow/.local/lib/python3.12/site-packages/airflow/example_dags/example_display_name.py
[2024-07-15T13:46:17.771+0000] {processor.py:830} INFO - Processing file /home/airflow/.local/lib/python3.12/site-packages/airflow/example_dags/example_display_name.py for tasks to queue
[2024-07-15T13:46:17.772+0000] {logging_mixin.py:188} INFO - [2024-07-15T13:46:17.772+0000] {dagbag.py:545} INFO - Filling up the DagBag from /home/airflow/.local/lib/python3.12/site-packages/airflow/example_dags/example_display_name.py
[2024-07-15T13:46:17.775+0000] {processor.py:840} INFO - DAG(s) 'example_display_name' retrieved from /home/airflow/.local/lib/python3.12/site-packages/airflow/example_dags/example_display_name.py
[2024-07-15T13:46:17.822+0000] {logging_mixin.py:188} INFO - [2024-07-15T13:46:17.822+0000] {dag.py:3096} INFO - Sync 1 DAGs
[2024-07-15T13:46:17.826+0000] {logging_mixin.py:188} INFO - [2024-07-15T13:46:17.826+0000] {dag.py:3954} INFO - Setting next_dagrun for example_display_name to None, run_after=None
[2024-07-15T13:46:17.834+0000] {processor.py:183} INFO - Processing /home/airflow/.local/lib/python3.12/site-packages/airflow/example_dags/example_display_name.py took 0.067 seconds
[2024-07-15T13:46:48.189+0000] {processor.py:161} INFO - Started process (PID=187) to work on /home/airflow/.local/lib/python3.12/site-packages/airflow/example_dags/example_display_name.py
[2024-07-15T13:46:48.190+0000] {processor.py:830} INFO - Processing file /home/airflow/.local/lib/python3.12/site-packages/airflow/example_dags/example_display_name.py for tasks to queue
[2024-07-15T13:46:48.191+0000] {logging_mixin.py:188} INFO - [2024-07-15T13:46:48.191+0000] {dagbag.py:545} INFO - Filling up the DagBag from /home/airflow/.local/lib/python3.12/site-packages/airflow/example_dags/example_display_name.py
[2024-07-15T13:46:48.195+0000] {processor.py:840} INFO - DAG(s) 'example_display_name' retrieved from /home/airflow/.local/lib/python3.12/site-packages/airflow/example_dags/example_display_name.py
[2024-07-15T13:46:48.206+0000] {logging_mixin.py:188} INFO - [2024-07-15T13:46:48.206+0000] {dag.py:3096} INFO - Sync 1 DAGs
[2024-07-15T13:46:48.212+0000] {logging_mixin.py:188} INFO - [2024-07-15T13:46:48.212+0000] {dag.py:3954} INFO - Setting next_dagrun for example_display_name to None, run_after=None
[2024-07-15T13:46:48.222+0000] {processor.py:183} INFO - Processing /home/airflow/.local/lib/python3.12/site-packages/airflow/example_dags/example_display_name.py took 0.036 seconds
[2024-07-15T13:47:18.504+0000] {processor.py:161} INFO - Started process (PID=251) to work on /home/airflow/.local/lib/python3.12/site-packages/airflow/example_dags/example_display_name.py
[2024-07-15T13:47:18.505+0000] {processor.py:830} INFO - Processing file /home/airflow/.local/lib/python3.12/site-packages/airflow/example_dags/example_display_name.py for tasks to queue
[2024-07-15T13:47:18.506+0000] {logging_mixin.py:188} INFO - [2024-07-15T13:47:18.506+0000] {dagbag.py:545} INFO - Filling up the DagBag from /home/airflow/.local/lib/python3.12/site-packages/airflow/example_dags/example_display_name.py
[2024-07-15T13:47:18.510+0000] {processor.py:840} INFO - DAG(s) 'example_display_name' retrieved from /home/airflow/.local/lib/python3.12/site-packages/airflow/example_dags/example_display_name.py
[2024-07-15T13:47:18.520+0000] {logging_mixin.py:188} INFO - [2024-07-15T13:47:18.520+0000] {dag.py:3096} INFO - Sync 1 DAGs
[2024-07-15T13:47:18.526+0000] {logging_mixin.py:188} INFO - [2024-07-15T13:47:18.526+0000] {dag.py:3954} INFO - Setting next_dagrun for example_display_name to None, run_after=None
[2024-07-15T13:47:18.534+0000] {processor.py:183} INFO - Processing /home/airflow/.local/lib/python3.12/site-packages/airflow/example_dags/example_display_name.py took 0.033 seconds
[2024-07-15T13:47:48.918+0000] {processor.py:161} INFO - Started process (PID=315) to work on /home/airflow/.local/lib/python3.12/site-packages/airflow/example_dags/example_display_name.py
[2024-07-15T13:47:48.918+0000] {processor.py:830} INFO - Processing file /home/airflow/.local/lib/python3.12/site-packages/airflow/example_dags/example_display_name.py for tasks to queue
[2024-07-15T13:47:48.919+0000] {logging_mixin.py:188} INFO - [2024-07-15T13:47:48.919+0000] {dagbag.py:545} INFO - Filling up the DagBag from /home/airflow/.local/lib/python3.12/site-packages/airflow/example_dags/example_display_name.py
[2024-07-15T13:47:48.922+0000] {processor.py:840} INFO - DAG(s) 'example_display_name' retrieved from /home/airflow/.local/lib/python3.12/site-packages/airflow/example_dags/example_display_name.py
[2024-07-15T13:47:48.933+0000] {logging_mixin.py:188} INFO - [2024-07-15T13:47:48.933+0000] {dag.py:3096} INFO - Sync 1 DAGs
[2024-07-15T13:47:48.939+0000] {logging_mixin.py:188} INFO - [2024-07-15T13:47:48.939+0000] {dag.py:3954} INFO - Setting next_dagrun for example_display_name to None, run_after=None
[2024-07-15T13:47:48.948+0000] {processor.py:183} INFO - Processing /home/airflow/.local/lib/python3.12/site-packages/airflow/example_dags/example_display_name.py took 0.034 seconds
[2024-07-15T13:48:19.180+0000] {processor.py:161} INFO - Started process (PID=378) to work on /home/airflow/.local/lib/python3.12/site-packages/airflow/example_dags/example_display_name.py
[2024-07-15T13:48:19.181+0000] {processor.py:830} INFO - Processing file /home/airflow/.local/lib/python3.12/site-packages/airflow/example_dags/example_display_name.py for tasks to queue
[2024-07-15T13:48:19.182+0000] {logging_mixin.py:188} INFO - [2024-07-15T13:48:19.182+0000] {dagbag.py:545} INFO - Filling up the DagBag from /home/airflow/.local/lib/python3.12/site-packages/airflow/example_dags/example_display_name.py
[2024-07-15T13:48:19.185+0000] {processor.py:840} INFO - DAG(s) 'example_display_name' retrieved from /home/airflow/.local/lib/python3.12/site-packages/airflow/example_dags/example_display_name.py
[2024-07-15T13:48:19.195+0000] {logging_mixin.py:188} INFO - [2024-07-15T13:48:19.195+0000] {dag.py:3096} INFO - Sync 1 DAGs
[2024-07-15T13:48:19.201+0000] {logging_mixin.py:188} INFO - [2024-07-15T13:48:19.201+0000] {dag.py:3954} INFO - Setting next_dagrun for example_display_name to None, run_after=None
[2024-07-15T13:48:19.209+0000] {processor.py:183} INFO - Processing /home/airflow/.local/lib/python3.12/site-packages/airflow/example_dags/example_display_name.py took 0.032 seconds
[2024-07-15T13:48:49.474+0000] {processor.py:161} INFO - Started process (PID=442) to work on /home/airflow/.local/lib/python3.12/site-packages/airflow/example_dags/example_display_name.py
[2024-07-15T13:48:49.475+0000] {processor.py:830} INFO - Processing file /home/airflow/.local/lib/python3.12/site-packages/airflow/example_dags/example_display_name.py for tasks to queue
[2024-07-15T13:48:49.476+0000] {logging_mixin.py:188} INFO - [2024-07-15T13:48:49.476+0000] {dagbag.py:545} INFO - Filling up the DagBag from /home/airflow/.local/lib/python3.12/site-packages/airflow/example_dags/example_display_name.py
[2024-07-15T13:48:49.479+0000] {processor.py:840} INFO - DAG(s) 'example_display_name' retrieved from /home/airflow/.local/lib/python3.12/site-packages/airflow/example_dags/example_display_name.py
[2024-07-15T13:48:49.491+0000] {logging_mixin.py:188} INFO - [2024-07-15T13:48:49.491+0000] {dag.py:3096} INFO - Sync 1 DAGs
[2024-07-15T13:48:49.497+0000] {logging_mixin.py:188} INFO - [2024-07-15T13:48:49.497+0000] {dag.py:3954} INFO - Setting next_dagrun for example_display_name to None, run_after=None
[2024-07-15T13:48:49.508+0000] {processor.py:183} INFO - Processing /home/airflow/.local/lib/python3.12/site-packages/airflow/example_dags/example_display_name.py took 0.037 seconds
[2024-07-15T13:49:47.732+0000] {processor.py:161} INFO - Started process (PID=60) to work on /home/airflow/.local/lib/python3.12/site-packages/airflow/example_dags/example_display_name.py
[2024-07-15T13:49:47.732+0000] {processor.py:830} INFO - Processing file /home/airflow/.local/lib/python3.12/site-packages/airflow/example_dags/example_display_name.py for tasks to queue
[2024-07-15T13:49:47.733+0000] {logging_mixin.py:188} INFO - [2024-07-15T13:49:47.733+0000] {dagbag.py:545} INFO - Filling up the DagBag from /home/airflow/.local/lib/python3.12/site-packages/airflow/example_dags/example_display_name.py
[2024-07-15T13:49:47.738+0000] {processor.py:840} INFO - DAG(s) 'example_display_name' retrieved from /home/airflow/.local/lib/python3.12/site-packages/airflow/example_dags/example_display_name.py
[2024-07-15T13:49:47.746+0000] {logging_mixin.py:188} INFO - [2024-07-15T13:49:47.745+0000] {dag.py:3096} INFO - Sync 1 DAGs
[2024-07-15T13:49:47.754+0000] {logging_mixin.py:188} INFO - [2024-07-15T13:49:47.754+0000] {dag.py:3954} INFO - Setting next_dagrun for example_display_name to None, run_after=None
[2024-07-15T13:49:47.765+0000] {processor.py:183} INFO - Processing /home/airflow/.local/lib/python3.12/site-packages/airflow/example_dags/example_display_name.py took 0.037 seconds
[2024-07-15T13:50:18.242+0000] {processor.py:161} INFO - Started process (PID=124) to work on /home/airflow/.local/lib/python3.12/site-packages/airflow/example_dags/example_display_name.py
[2024-07-15T13:50:18.243+0000] {processor.py:830} INFO - Processing file /home/airflow/.local/lib/python3.12/site-packages/airflow/example_dags/example_display_name.py for tasks to queue
[2024-07-15T13:50:18.244+0000] {logging_mixin.py:188} INFO - [2024-07-15T13:50:18.244+0000] {dagbag.py:545} INFO - Filling up the DagBag from /home/airflow/.local/lib/python3.12/site-packages/airflow/example_dags/example_display_name.py
[2024-07-15T13:50:18.247+0000] {processor.py:840} INFO - DAG(s) 'example_display_name' retrieved from /home/airflow/.local/lib/python3.12/site-packages/airflow/example_dags/example_display_name.py
[2024-07-15T13:50:18.293+0000] {logging_mixin.py:188} INFO - [2024-07-15T13:50:18.293+0000] {dag.py:3096} INFO - Sync 1 DAGs
[2024-07-15T13:50:18.298+0000] {logging_mixin.py:188} INFO - [2024-07-15T13:50:18.298+0000] {dag.py:3954} INFO - Setting next_dagrun for example_display_name to None, run_after=None
[2024-07-15T13:50:18.307+0000] {processor.py:183} INFO - Processing /home/airflow/.local/lib/python3.12/site-packages/airflow/example_dags/example_display_name.py took 0.068 seconds
[2024-07-15T13:50:48.909+0000] {processor.py:161} INFO - Started process (PID=189) to work on /home/airflow/.local/lib/python3.12/site-packages/airflow/example_dags/example_display_name.py
[2024-07-15T13:50:48.910+0000] {processor.py:830} INFO - Processing file /home/airflow/.local/lib/python3.12/site-packages/airflow/example_dags/example_display_name.py for tasks to queue
[2024-07-15T13:50:48.911+0000] {logging_mixin.py:188} INFO - [2024-07-15T13:50:48.910+0000] {dagbag.py:545} INFO - Filling up the DagBag from /home/airflow/.local/lib/python3.12/site-packages/airflow/example_dags/example_display_name.py
[2024-07-15T13:50:48.914+0000] {processor.py:840} INFO - DAG(s) 'example_display_name' retrieved from /home/airflow/.local/lib/python3.12/site-packages/airflow/example_dags/example_display_name.py
[2024-07-15T13:50:48.924+0000] {logging_mixin.py:188} INFO - [2024-07-15T13:50:48.924+0000] {dag.py:3096} INFO - Sync 1 DAGs
[2024-07-15T13:50:48.930+0000] {logging_mixin.py:188} INFO - [2024-07-15T13:50:48.930+0000] {dag.py:3954} INFO - Setting next_dagrun for example_display_name to None, run_after=None
[2024-07-15T13:50:48.938+0000] {processor.py:183} INFO - Processing /home/airflow/.local/lib/python3.12/site-packages/airflow/example_dags/example_display_name.py took 0.032 seconds
[2024-07-15T13:51:19.120+0000] {processor.py:161} INFO - Started process (PID=252) to work on /home/airflow/.local/lib/python3.12/site-packages/airflow/example_dags/example_display_name.py
[2024-07-15T13:51:19.121+0000] {processor.py:830} INFO - Processing file /home/airflow/.local/lib/python3.12/site-packages/airflow/example_dags/example_display_name.py for tasks to queue
[2024-07-15T13:51:19.121+0000] {logging_mixin.py:188} INFO - [2024-07-15T13:51:19.121+0000] {dagbag.py:545} INFO - Filling up the DagBag from /home/airflow/.local/lib/python3.12/site-packages/airflow/example_dags/example_display_name.py
[2024-07-15T13:51:19.124+0000] {processor.py:840} INFO - DAG(s) 'example_display_name' retrieved from /home/airflow/.local/lib/python3.12/site-packages/airflow/example_dags/example_display_name.py
[2024-07-15T13:51:19.135+0000] {logging_mixin.py:188} INFO - [2024-07-15T13:51:19.135+0000] {dag.py:3096} INFO - Sync 1 DAGs
[2024-07-15T13:51:19.141+0000] {logging_mixin.py:188} INFO - [2024-07-15T13:51:19.140+0000] {dag.py:3954} INFO - Setting next_dagrun for example_display_name to None, run_after=None
[2024-07-15T13:51:19.149+0000] {processor.py:183} INFO - Processing /home/airflow/.local/lib/python3.12/site-packages/airflow/example_dags/example_display_name.py took 0.032 seconds
[2024-07-15T13:51:49.362+0000] {processor.py:161} INFO - Started process (PID=316) to work on /home/airflow/.local/lib/python3.12/site-packages/airflow/example_dags/example_display_name.py
[2024-07-15T13:51:49.362+0000] {processor.py:830} INFO - Processing file /home/airflow/.local/lib/python3.12/site-packages/airflow/example_dags/example_display_name.py for tasks to queue
[2024-07-15T13:51:49.363+0000] {logging_mixin.py:188} INFO - [2024-07-15T13:51:49.363+0000] {dagbag.py:545} INFO - Filling up the DagBag from /home/airflow/.local/lib/python3.12/site-packages/airflow/example_dags/example_display_name.py
[2024-07-15T13:51:49.366+0000] {processor.py:840} INFO - DAG(s) 'example_display_name' retrieved from /home/airflow/.local/lib/python3.12/site-packages/airflow/example_dags/example_display_name.py
[2024-07-15T13:51:49.376+0000] {logging_mixin.py:188} INFO - [2024-07-15T13:51:49.375+0000] {dag.py:3096} INFO - Sync 1 DAGs
[2024-07-15T13:51:49.382+0000] {logging_mixin.py:188} INFO - [2024-07-15T13:51:49.381+0000] {dag.py:3954} INFO - Setting next_dagrun for example_display_name to None, run_after=None
[2024-07-15T13:51:49.389+0000] {processor.py:183} INFO - Processing /home/airflow/.local/lib/python3.12/site-packages/airflow/example_dags/example_display_name.py took 0.031 seconds
[2024-07-15T13:52:53.427+0000] {processor.py:161} INFO - Started process (PID=59) to work on /home/airflow/.local/lib/python3.12/site-packages/airflow/example_dags/example_display_name.py
[2024-07-15T13:52:53.427+0000] {processor.py:830} INFO - Processing file /home/airflow/.local/lib/python3.12/site-packages/airflow/example_dags/example_display_name.py for tasks to queue
[2024-07-15T13:52:53.429+0000] {logging_mixin.py:188} INFO - [2024-07-15T13:52:53.429+0000] {dagbag.py:545} INFO - Filling up the DagBag from /home/airflow/.local/lib/python3.12/site-packages/airflow/example_dags/example_display_name.py
[2024-07-15T13:52:53.440+0000] {processor.py:840} INFO - DAG(s) 'example_display_name' retrieved from /home/airflow/.local/lib/python3.12/site-packages/airflow/example_dags/example_display_name.py
[2024-07-15T13:52:53.447+0000] {logging_mixin.py:188} INFO - [2024-07-15T13:52:53.447+0000] {dag.py:3096} INFO - Sync 1 DAGs
[2024-07-15T13:52:53.455+0000] {logging_mixin.py:188} INFO - [2024-07-15T13:52:53.455+0000] {dag.py:3954} INFO - Setting next_dagrun for example_display_name to None, run_after=None
[2024-07-15T13:52:53.466+0000] {processor.py:183} INFO - Processing /home/airflow/.local/lib/python3.12/site-packages/airflow/example_dags/example_display_name.py took 0.043 seconds
[2024-07-15T13:53:24.033+0000] {processor.py:161} INFO - Started process (PID=123) to work on /home/airflow/.local/lib/python3.12/site-packages/airflow/example_dags/example_display_name.py
[2024-07-15T13:53:24.033+0000] {processor.py:830} INFO - Processing file /home/airflow/.local/lib/python3.12/site-packages/airflow/example_dags/example_display_name.py for tasks to queue
[2024-07-15T13:53:24.034+0000] {logging_mixin.py:188} INFO - [2024-07-15T13:53:24.034+0000] {dagbag.py:545} INFO - Filling up the DagBag from /home/airflow/.local/lib/python3.12/site-packages/airflow/example_dags/example_display_name.py
[2024-07-15T13:53:24.038+0000] {processor.py:840} INFO - DAG(s) 'example_display_name' retrieved from /home/airflow/.local/lib/python3.12/site-packages/airflow/example_dags/example_display_name.py
[2024-07-15T13:53:24.084+0000] {logging_mixin.py:188} INFO - [2024-07-15T13:53:24.084+0000] {dag.py:3096} INFO - Sync 1 DAGs
[2024-07-15T13:53:24.089+0000] {logging_mixin.py:188} INFO - [2024-07-15T13:53:24.089+0000] {dag.py:3954} INFO - Setting next_dagrun for example_display_name to None, run_after=None
[2024-07-15T13:53:24.098+0000] {processor.py:183} INFO - Processing /home/airflow/.local/lib/python3.12/site-packages/airflow/example_dags/example_display_name.py took 0.068 seconds
[2024-07-15T13:53:54.260+0000] {processor.py:161} INFO - Started process (PID=187) to work on /home/airflow/.local/lib/python3.12/site-packages/airflow/example_dags/example_display_name.py
[2024-07-15T13:53:54.261+0000] {processor.py:830} INFO - Processing file /home/airflow/.local/lib/python3.12/site-packages/airflow/example_dags/example_display_name.py for tasks to queue
[2024-07-15T13:53:54.262+0000] {logging_mixin.py:188} INFO - [2024-07-15T13:53:54.262+0000] {dagbag.py:545} INFO - Filling up the DagBag from /home/airflow/.local/lib/python3.12/site-packages/airflow/example_dags/example_display_name.py
[2024-07-15T13:53:54.265+0000] {processor.py:840} INFO - DAG(s) 'example_display_name' retrieved from /home/airflow/.local/lib/python3.12/site-packages/airflow/example_dags/example_display_name.py
[2024-07-15T13:53:54.276+0000] {logging_mixin.py:188} INFO - [2024-07-15T13:53:54.275+0000] {dag.py:3096} INFO - Sync 1 DAGs
[2024-07-15T13:53:54.281+0000] {logging_mixin.py:188} INFO - [2024-07-15T13:53:54.281+0000] {dag.py:3954} INFO - Setting next_dagrun for example_display_name to None, run_after=None
[2024-07-15T13:53:54.289+0000] {processor.py:183} INFO - Processing /home/airflow/.local/lib/python3.12/site-packages/airflow/example_dags/example_display_name.py took 0.032 seconds
[2024-07-15T13:54:24.545+0000] {processor.py:161} INFO - Started process (PID=251) to work on /home/airflow/.local/lib/python3.12/site-packages/airflow/example_dags/example_display_name.py
[2024-07-15T13:54:24.545+0000] {processor.py:830} INFO - Processing file /home/airflow/.local/lib/python3.12/site-packages/airflow/example_dags/example_display_name.py for tasks to queue
[2024-07-15T13:54:24.547+0000] {logging_mixin.py:188} INFO - [2024-07-15T13:54:24.546+0000] {dagbag.py:545} INFO - Filling up the DagBag from /home/airflow/.local/lib/python3.12/site-packages/airflow/example_dags/example_display_name.py
[2024-07-15T13:54:24.551+0000] {processor.py:840} INFO - DAG(s) 'example_display_name' retrieved from /home/airflow/.local/lib/python3.12/site-packages/airflow/example_dags/example_display_name.py
[2024-07-15T13:54:24.562+0000] {logging_mixin.py:188} INFO - [2024-07-15T13:54:24.561+0000] {dag.py:3096} INFO - Sync 1 DAGs
[2024-07-15T13:54:24.568+0000] {logging_mixin.py:188} INFO - [2024-07-15T13:54:24.568+0000] {dag.py:3954} INFO - Setting next_dagrun for example_display_name to None, run_after=None
[2024-07-15T13:54:24.577+0000] {processor.py:183} INFO - Processing /home/airflow/.local/lib/python3.12/site-packages/airflow/example_dags/example_display_name.py took 0.036 seconds
[2024-07-15T13:54:54.781+0000] {processor.py:161} INFO - Started process (PID=315) to work on /home/airflow/.local/lib/python3.12/site-packages/airflow/example_dags/example_display_name.py
[2024-07-15T13:54:54.782+0000] {processor.py:830} INFO - Processing file /home/airflow/.local/lib/python3.12/site-packages/airflow/example_dags/example_display_name.py for tasks to queue
[2024-07-15T13:54:54.783+0000] {logging_mixin.py:188} INFO - [2024-07-15T13:54:54.783+0000] {dagbag.py:545} INFO - Filling up the DagBag from /home/airflow/.local/lib/python3.12/site-packages/airflow/example_dags/example_display_name.py
[2024-07-15T13:54:54.786+0000] {processor.py:840} INFO - DAG(s) 'example_display_name' retrieved from /home/airflow/.local/lib/python3.12/site-packages/airflow/example_dags/example_display_name.py
[2024-07-15T13:54:54.796+0000] {logging_mixin.py:188} INFO - [2024-07-15T13:54:54.796+0000] {dag.py:3096} INFO - Sync 1 DAGs
[2024-07-15T13:54:54.803+0000] {logging_mixin.py:188} INFO - [2024-07-15T13:54:54.803+0000] {dag.py:3954} INFO - Setting next_dagrun for example_display_name to None, run_after=None
[2024-07-15T13:54:54.813+0000] {processor.py:183} INFO - Processing /home/airflow/.local/lib/python3.12/site-packages/airflow/example_dags/example_display_name.py took 0.034 seconds
[2024-07-15T13:55:24.971+0000] {processor.py:161} INFO - Started process (PID=379) to work on /home/airflow/.local/lib/python3.12/site-packages/airflow/example_dags/example_display_name.py
[2024-07-15T13:55:24.972+0000] {processor.py:830} INFO - Processing file /home/airflow/.local/lib/python3.12/site-packages/airflow/example_dags/example_display_name.py for tasks to queue
[2024-07-15T13:55:24.973+0000] {logging_mixin.py:188} INFO - [2024-07-15T13:55:24.972+0000] {dagbag.py:545} INFO - Filling up the DagBag from /home/airflow/.local/lib/python3.12/site-packages/airflow/example_dags/example_display_name.py
[2024-07-15T13:55:24.976+0000] {processor.py:840} INFO - DAG(s) 'example_display_name' retrieved from /home/airflow/.local/lib/python3.12/site-packages/airflow/example_dags/example_display_name.py
[2024-07-15T13:55:24.986+0000] {logging_mixin.py:188} INFO - [2024-07-15T13:55:24.986+0000] {dag.py:3096} INFO - Sync 1 DAGs
[2024-07-15T13:55:24.993+0000] {logging_mixin.py:188} INFO - [2024-07-15T13:55:24.993+0000] {dag.py:3954} INFO - Setting next_dagrun for example_display_name to None, run_after=None
[2024-07-15T13:55:25.002+0000] {processor.py:183} INFO - Processing /home/airflow/.local/lib/python3.12/site-packages/airflow/example_dags/example_display_name.py took 0.034 seconds
[2024-07-15T13:55:56.109+0000] {processor.py:161} INFO - Started process (PID=444) to work on /home/airflow/.local/lib/python3.12/site-packages/airflow/example_dags/example_display_name.py
[2024-07-15T13:55:56.109+0000] {processor.py:830} INFO - Processing file /home/airflow/.local/lib/python3.12/site-packages/airflow/example_dags/example_display_name.py for tasks to queue
[2024-07-15T13:55:56.111+0000] {logging_mixin.py:188} INFO - [2024-07-15T13:55:56.110+0000] {dagbag.py:545} INFO - Filling up the DagBag from /home/airflow/.local/lib/python3.12/site-packages/airflow/example_dags/example_display_name.py
[2024-07-15T13:55:56.114+0000] {processor.py:840} INFO - DAG(s) 'example_display_name' retrieved from /home/airflow/.local/lib/python3.12/site-packages/airflow/example_dags/example_display_name.py
[2024-07-15T13:55:56.125+0000] {logging_mixin.py:188} INFO - [2024-07-15T13:55:56.125+0000] {dag.py:3096} INFO - Sync 1 DAGs
[2024-07-15T13:55:56.132+0000] {logging_mixin.py:188} INFO - [2024-07-15T13:55:56.132+0000] {dag.py:3954} INFO - Setting next_dagrun for example_display_name to None, run_after=None
[2024-07-15T13:55:56.144+0000] {processor.py:183} INFO - Processing /home/airflow/.local/lib/python3.12/site-packages/airflow/example_dags/example_display_name.py took 0.038 seconds
[2024-07-15T13:56:26.274+0000] {processor.py:161} INFO - Started process (PID=508) to work on /home/airflow/.local/lib/python3.12/site-packages/airflow/example_dags/example_display_name.py
[2024-07-15T13:56:26.275+0000] {processor.py:830} INFO - Processing file /home/airflow/.local/lib/python3.12/site-packages/airflow/example_dags/example_display_name.py for tasks to queue
[2024-07-15T13:56:26.276+0000] {logging_mixin.py:188} INFO - [2024-07-15T13:56:26.276+0000] {dagbag.py:545} INFO - Filling up the DagBag from /home/airflow/.local/lib/python3.12/site-packages/airflow/example_dags/example_display_name.py
[2024-07-15T13:56:26.279+0000] {processor.py:840} INFO - DAG(s) 'example_display_name' retrieved from /home/airflow/.local/lib/python3.12/site-packages/airflow/example_dags/example_display_name.py
[2024-07-15T13:56:26.289+0000] {logging_mixin.py:188} INFO - [2024-07-15T13:56:26.289+0000] {dag.py:3096} INFO - Sync 1 DAGs
[2024-07-15T13:56:26.295+0000] {logging_mixin.py:188} INFO - [2024-07-15T13:56:26.295+0000] {dag.py:3954} INFO - Setting next_dagrun for example_display_name to None, run_after=None
[2024-07-15T13:56:26.302+0000] {processor.py:183} INFO - Processing /home/airflow/.local/lib/python3.12/site-packages/airflow/example_dags/example_display_name.py took 0.031 seconds
[2024-07-15T13:56:56.518+0000] {processor.py:161} INFO - Started process (PID=572) to work on /home/airflow/.local/lib/python3.12/site-packages/airflow/example_dags/example_display_name.py
[2024-07-15T13:56:56.519+0000] {processor.py:830} INFO - Processing file /home/airflow/.local/lib/python3.12/site-packages/airflow/example_dags/example_display_name.py for tasks to queue
[2024-07-15T13:56:56.520+0000] {logging_mixin.py:188} INFO - [2024-07-15T13:56:56.519+0000] {dagbag.py:545} INFO - Filling up the DagBag from /home/airflow/.local/lib/python3.12/site-packages/airflow/example_dags/example_display_name.py
[2024-07-15T13:56:56.523+0000] {processor.py:840} INFO - DAG(s) 'example_display_name' retrieved from /home/airflow/.local/lib/python3.12/site-packages/airflow/example_dags/example_display_name.py
[2024-07-15T13:56:56.532+0000] {logging_mixin.py:188} INFO - [2024-07-15T13:56:56.532+0000] {dag.py:3096} INFO - Sync 1 DAGs
[2024-07-15T13:56:56.538+0000] {logging_mixin.py:188} INFO - [2024-07-15T13:56:56.538+0000] {dag.py:3954} INFO - Setting next_dagrun for example_display_name to None, run_after=None
[2024-07-15T13:56:56.547+0000] {processor.py:183} INFO - Processing /home/airflow/.local/lib/python3.12/site-packages/airflow/example_dags/example_display_name.py took 0.032 seconds
[2024-07-15T13:57:26.759+0000] {processor.py:161} INFO - Started process (PID=636) to work on /home/airflow/.local/lib/python3.12/site-packages/airflow/example_dags/example_display_name.py
[2024-07-15T13:57:26.760+0000] {processor.py:830} INFO - Processing file /home/airflow/.local/lib/python3.12/site-packages/airflow/example_dags/example_display_name.py for tasks to queue
[2024-07-15T13:57:26.761+0000] {logging_mixin.py:188} INFO - [2024-07-15T13:57:26.760+0000] {dagbag.py:545} INFO - Filling up the DagBag from /home/airflow/.local/lib/python3.12/site-packages/airflow/example_dags/example_display_name.py
[2024-07-15T13:57:26.764+0000] {processor.py:840} INFO - DAG(s) 'example_display_name' retrieved from /home/airflow/.local/lib/python3.12/site-packages/airflow/example_dags/example_display_name.py
[2024-07-15T13:57:26.774+0000] {logging_mixin.py:188} INFO - [2024-07-15T13:57:26.774+0000] {dag.py:3096} INFO - Sync 1 DAGs
[2024-07-15T13:57:26.780+0000] {logging_mixin.py:188} INFO - [2024-07-15T13:57:26.780+0000] {dag.py:3954} INFO - Setting next_dagrun for example_display_name to None, run_after=None
[2024-07-15T13:57:26.790+0000] {processor.py:183} INFO - Processing /home/airflow/.local/lib/python3.12/site-packages/airflow/example_dags/example_display_name.py took 0.034 seconds
[2024-07-15T13:57:57.787+0000] {processor.py:161} INFO - Started process (PID=700) to work on /home/airflow/.local/lib/python3.12/site-packages/airflow/example_dags/example_display_name.py
[2024-07-15T13:57:57.787+0000] {processor.py:830} INFO - Processing file /home/airflow/.local/lib/python3.12/site-packages/airflow/example_dags/example_display_name.py for tasks to queue
[2024-07-15T13:57:57.788+0000] {logging_mixin.py:188} INFO - [2024-07-15T13:57:57.788+0000] {dagbag.py:545} INFO - Filling up the DagBag from /home/airflow/.local/lib/python3.12/site-packages/airflow/example_dags/example_display_name.py
[2024-07-15T13:57:57.792+0000] {processor.py:840} INFO - DAG(s) 'example_display_name' retrieved from /home/airflow/.local/lib/python3.12/site-packages/airflow/example_dags/example_display_name.py
[2024-07-15T13:57:57.802+0000] {logging_mixin.py:188} INFO - [2024-07-15T13:57:57.802+0000] {dag.py:3096} INFO - Sync 1 DAGs
[2024-07-15T13:57:57.808+0000] {logging_mixin.py:188} INFO - [2024-07-15T13:57:57.808+0000] {dag.py:3954} INFO - Setting next_dagrun for example_display_name to None, run_after=None
[2024-07-15T13:57:57.816+0000] {processor.py:183} INFO - Processing /home/airflow/.local/lib/python3.12/site-packages/airflow/example_dags/example_display_name.py took 0.032 seconds
[2024-07-15T13:58:28.012+0000] {processor.py:161} INFO - Started process (PID=764) to work on /home/airflow/.local/lib/python3.12/site-packages/airflow/example_dags/example_display_name.py
[2024-07-15T13:58:28.013+0000] {processor.py:830} INFO - Processing file /home/airflow/.local/lib/python3.12/site-packages/airflow/example_dags/example_display_name.py for tasks to queue
[2024-07-15T13:58:28.014+0000] {logging_mixin.py:188} INFO - [2024-07-15T13:58:28.014+0000] {dagbag.py:545} INFO - Filling up the DagBag from /home/airflow/.local/lib/python3.12/site-packages/airflow/example_dags/example_display_name.py
[2024-07-15T13:58:28.018+0000] {processor.py:840} INFO - DAG(s) 'example_display_name' retrieved from /home/airflow/.local/lib/python3.12/site-packages/airflow/example_dags/example_display_name.py
[2024-07-15T13:58:28.029+0000] {logging_mixin.py:188} INFO - [2024-07-15T13:58:28.029+0000] {dag.py:3096} INFO - Sync 1 DAGs
[2024-07-15T13:58:28.036+0000] {logging_mixin.py:188} INFO - [2024-07-15T13:58:28.036+0000] {dag.py:3954} INFO - Setting next_dagrun for example_display_name to None, run_after=None
[2024-07-15T13:58:28.046+0000] {processor.py:183} INFO - Processing /home/airflow/.local/lib/python3.12/site-packages/airflow/example_dags/example_display_name.py took 0.037 seconds
[2024-07-15T13:58:58.201+0000] {processor.py:161} INFO - Started process (PID=828) to work on /home/airflow/.local/lib/python3.12/site-packages/airflow/example_dags/example_display_name.py
[2024-07-15T13:58:58.201+0000] {processor.py:830} INFO - Processing file /home/airflow/.local/lib/python3.12/site-packages/airflow/example_dags/example_display_name.py for tasks to queue
[2024-07-15T13:58:58.202+0000] {logging_mixin.py:188} INFO - [2024-07-15T13:58:58.202+0000] {dagbag.py:545} INFO - Filling up the DagBag from /home/airflow/.local/lib/python3.12/site-packages/airflow/example_dags/example_display_name.py
[2024-07-15T13:58:58.206+0000] {processor.py:840} INFO - DAG(s) 'example_display_name' retrieved from /home/airflow/.local/lib/python3.12/site-packages/airflow/example_dags/example_display_name.py
[2024-07-15T13:58:58.216+0000] {logging_mixin.py:188} INFO - [2024-07-15T13:58:58.216+0000] {dag.py:3096} INFO - Sync 1 DAGs
[2024-07-15T13:58:58.222+0000] {logging_mixin.py:188} INFO - [2024-07-15T13:58:58.222+0000] {dag.py:3954} INFO - Setting next_dagrun for example_display_name to None, run_after=None
[2024-07-15T13:58:58.230+0000] {processor.py:183} INFO - Processing /home/airflow/.local/lib/python3.12/site-packages/airflow/example_dags/example_display_name.py took 0.032 seconds
[2024-07-15T13:59:28.340+0000] {processor.py:161} INFO - Started process (PID=892) to work on /home/airflow/.local/lib/python3.12/site-packages/airflow/example_dags/example_display_name.py
[2024-07-15T13:59:28.340+0000] {processor.py:830} INFO - Processing file /home/airflow/.local/lib/python3.12/site-packages/airflow/example_dags/example_display_name.py for tasks to queue
[2024-07-15T13:59:28.341+0000] {logging_mixin.py:188} INFO - [2024-07-15T13:59:28.341+0000] {dagbag.py:545} INFO - Filling up the DagBag from /home/airflow/.local/lib/python3.12/site-packages/airflow/example_dags/example_display_name.py
[2024-07-15T13:59:28.345+0000] {processor.py:840} INFO - DAG(s) 'example_display_name' retrieved from /home/airflow/.local/lib/python3.12/site-packages/airflow/example_dags/example_display_name.py
[2024-07-15T13:59:28.355+0000] {logging_mixin.py:188} INFO - [2024-07-15T13:59:28.355+0000] {dag.py:3096} INFO - Sync 1 DAGs
[2024-07-15T13:59:28.362+0000] {logging_mixin.py:188} INFO - [2024-07-15T13:59:28.362+0000] {dag.py:3954} INFO - Setting next_dagrun for example_display_name to None, run_after=None
[2024-07-15T13:59:28.371+0000] {processor.py:183} INFO - Processing /home/airflow/.local/lib/python3.12/site-packages/airflow/example_dags/example_display_name.py took 0.034 seconds
[2024-07-15T13:59:58.553+0000] {processor.py:161} INFO - Started process (PID=956) to work on /home/airflow/.local/lib/python3.12/site-packages/airflow/example_dags/example_display_name.py
[2024-07-15T13:59:58.554+0000] {processor.py:830} INFO - Processing file /home/airflow/.local/lib/python3.12/site-packages/airflow/example_dags/example_display_name.py for tasks to queue
[2024-07-15T13:59:58.555+0000] {logging_mixin.py:188} INFO - [2024-07-15T13:59:58.555+0000] {dagbag.py:545} INFO - Filling up the DagBag from /home/airflow/.local/lib/python3.12/site-packages/airflow/example_dags/example_display_name.py
[2024-07-15T13:59:58.559+0000] {processor.py:840} INFO - DAG(s) 'example_display_name' retrieved from /home/airflow/.local/lib/python3.12/site-packages/airflow/example_dags/example_display_name.py
[2024-07-15T13:59:58.570+0000] {logging_mixin.py:188} INFO - [2024-07-15T13:59:58.570+0000] {dag.py:3096} INFO - Sync 1 DAGs
[2024-07-15T13:59:58.577+0000] {logging_mixin.py:188} INFO - [2024-07-15T13:59:58.577+0000] {dag.py:3954} INFO - Setting next_dagrun for example_display_name to None, run_after=None
[2024-07-15T13:59:58.588+0000] {processor.py:183} INFO - Processing /home/airflow/.local/lib/python3.12/site-packages/airflow/example_dags/example_display_name.py took 0.038 seconds
[2024-07-15T14:00:28.672+0000] {processor.py:161} INFO - Started process (PID=1020) to work on /home/airflow/.local/lib/python3.12/site-packages/airflow/example_dags/example_display_name.py
[2024-07-15T14:00:28.673+0000] {processor.py:830} INFO - Processing file /home/airflow/.local/lib/python3.12/site-packages/airflow/example_dags/example_display_name.py for tasks to queue
[2024-07-15T14:00:28.674+0000] {logging_mixin.py:188} INFO - [2024-07-15T14:00:28.673+0000] {dagbag.py:545} INFO - Filling up the DagBag from /home/airflow/.local/lib/python3.12/site-packages/airflow/example_dags/example_display_name.py
[2024-07-15T14:00:28.677+0000] {processor.py:840} INFO - DAG(s) 'example_display_name' retrieved from /home/airflow/.local/lib/python3.12/site-packages/airflow/example_dags/example_display_name.py
[2024-07-15T14:00:28.688+0000] {logging_mixin.py:188} INFO - [2024-07-15T14:00:28.687+0000] {dag.py:3096} INFO - Sync 1 DAGs
[2024-07-15T14:00:28.694+0000] {logging_mixin.py:188} INFO - [2024-07-15T14:00:28.694+0000] {dag.py:3954} INFO - Setting next_dagrun for example_display_name to None, run_after=None
[2024-07-15T14:00:28.703+0000] {processor.py:183} INFO - Processing /home/airflow/.local/lib/python3.12/site-packages/airflow/example_dags/example_display_name.py took 0.033 seconds
[2024-07-15T14:00:59.809+0000] {processor.py:161} INFO - Started process (PID=1084) to work on /home/airflow/.local/lib/python3.12/site-packages/airflow/example_dags/example_display_name.py
[2024-07-15T14:00:59.809+0000] {processor.py:830} INFO - Processing file /home/airflow/.local/lib/python3.12/site-packages/airflow/example_dags/example_display_name.py for tasks to queue
[2024-07-15T14:00:59.810+0000] {logging_mixin.py:188} INFO - [2024-07-15T14:00:59.810+0000] {dagbag.py:545} INFO - Filling up the DagBag from /home/airflow/.local/lib/python3.12/site-packages/airflow/example_dags/example_display_name.py
[2024-07-15T14:00:59.814+0000] {processor.py:840} INFO - DAG(s) 'example_display_name' retrieved from /home/airflow/.local/lib/python3.12/site-packages/airflow/example_dags/example_display_name.py
[2024-07-15T14:00:59.824+0000] {logging_mixin.py:188} INFO - [2024-07-15T14:00:59.824+0000] {dag.py:3096} INFO - Sync 1 DAGs
[2024-07-15T14:00:59.830+0000] {logging_mixin.py:188} INFO - [2024-07-15T14:00:59.830+0000] {dag.py:3954} INFO - Setting next_dagrun for example_display_name to None, run_after=None
[2024-07-15T14:00:59.839+0000] {processor.py:183} INFO - Processing /home/airflow/.local/lib/python3.12/site-packages/airflow/example_dags/example_display_name.py took 0.034 seconds
[2024-07-15T14:01:30.037+0000] {processor.py:161} INFO - Started process (PID=1148) to work on /home/airflow/.local/lib/python3.12/site-packages/airflow/example_dags/example_display_name.py
[2024-07-15T14:01:30.038+0000] {processor.py:830} INFO - Processing file /home/airflow/.local/lib/python3.12/site-packages/airflow/example_dags/example_display_name.py for tasks to queue
[2024-07-15T14:01:30.039+0000] {logging_mixin.py:188} INFO - [2024-07-15T14:01:30.039+0000] {dagbag.py:545} INFO - Filling up the DagBag from /home/airflow/.local/lib/python3.12/site-packages/airflow/example_dags/example_display_name.py
[2024-07-15T14:01:30.042+0000] {processor.py:840} INFO - DAG(s) 'example_display_name' retrieved from /home/airflow/.local/lib/python3.12/site-packages/airflow/example_dags/example_display_name.py
[2024-07-15T14:01:30.053+0000] {logging_mixin.py:188} INFO - [2024-07-15T14:01:30.053+0000] {dag.py:3096} INFO - Sync 1 DAGs
[2024-07-15T14:01:30.059+0000] {logging_mixin.py:188} INFO - [2024-07-15T14:01:30.059+0000] {dag.py:3954} INFO - Setting next_dagrun for example_display_name to None, run_after=None
[2024-07-15T14:01:30.067+0000] {processor.py:183} INFO - Processing /home/airflow/.local/lib/python3.12/site-packages/airflow/example_dags/example_display_name.py took 0.033 seconds
[2024-07-15T14:02:00.116+0000] {processor.py:161} INFO - Started process (PID=1212) to work on /home/airflow/.local/lib/python3.12/site-packages/airflow/example_dags/example_display_name.py
[2024-07-15T14:02:00.117+0000] {processor.py:830} INFO - Processing file /home/airflow/.local/lib/python3.12/site-packages/airflow/example_dags/example_display_name.py for tasks to queue
[2024-07-15T14:02:00.118+0000] {logging_mixin.py:188} INFO - [2024-07-15T14:02:00.118+0000] {dagbag.py:545} INFO - Filling up the DagBag from /home/airflow/.local/lib/python3.12/site-packages/airflow/example_dags/example_display_name.py
[2024-07-15T14:02:00.121+0000] {processor.py:840} INFO - DAG(s) 'example_display_name' retrieved from /home/airflow/.local/lib/python3.12/site-packages/airflow/example_dags/example_display_name.py
[2024-07-15T14:02:00.131+0000] {logging_mixin.py:188} INFO - [2024-07-15T14:02:00.131+0000] {dag.py:3096} INFO - Sync 1 DAGs
[2024-07-15T14:02:00.137+0000] {logging_mixin.py:188} INFO - [2024-07-15T14:02:00.137+0000] {dag.py:3954} INFO - Setting next_dagrun for example_display_name to None, run_after=None
[2024-07-15T14:02:00.145+0000] {processor.py:183} INFO - Processing /home/airflow/.local/lib/python3.12/site-packages/airflow/example_dags/example_display_name.py took 0.032 seconds
[2024-07-15T14:02:30.245+0000] {processor.py:161} INFO - Started process (PID=1276) to work on /home/airflow/.local/lib/python3.12/site-packages/airflow/example_dags/example_display_name.py
[2024-07-15T14:02:30.246+0000] {processor.py:830} INFO - Processing file /home/airflow/.local/lib/python3.12/site-packages/airflow/example_dags/example_display_name.py for tasks to queue
[2024-07-15T14:02:30.247+0000] {logging_mixin.py:188} INFO - [2024-07-15T14:02:30.247+0000] {dagbag.py:545} INFO - Filling up the DagBag from /home/airflow/.local/lib/python3.12/site-packages/airflow/example_dags/example_display_name.py
[2024-07-15T14:02:30.250+0000] {processor.py:840} INFO - DAG(s) 'example_display_name' retrieved from /home/airflow/.local/lib/python3.12/site-packages/airflow/example_dags/example_display_name.py
[2024-07-15T14:02:30.261+0000] {logging_mixin.py:188} INFO - [2024-07-15T14:02:30.260+0000] {dag.py:3096} INFO - Sync 1 DAGs
[2024-07-15T14:02:30.267+0000] {logging_mixin.py:188} INFO - [2024-07-15T14:02:30.267+0000] {dag.py:3954} INFO - Setting next_dagrun for example_display_name to None, run_after=None
[2024-07-15T14:02:30.278+0000] {processor.py:183} INFO - Processing /home/airflow/.local/lib/python3.12/site-packages/airflow/example_dags/example_display_name.py took 0.036 seconds
[2024-07-15T14:03:00.345+0000] {processor.py:161} INFO - Started process (PID=1339) to work on /home/airflow/.local/lib/python3.12/site-packages/airflow/example_dags/example_display_name.py
[2024-07-15T14:03:00.345+0000] {processor.py:830} INFO - Processing file /home/airflow/.local/lib/python3.12/site-packages/airflow/example_dags/example_display_name.py for tasks to queue
[2024-07-15T14:03:00.346+0000] {logging_mixin.py:188} INFO - [2024-07-15T14:03:00.346+0000] {dagbag.py:545} INFO - Filling up the DagBag from /home/airflow/.local/lib/python3.12/site-packages/airflow/example_dags/example_display_name.py
[2024-07-15T14:03:00.350+0000] {processor.py:840} INFO - DAG(s) 'example_display_name' retrieved from /home/airflow/.local/lib/python3.12/site-packages/airflow/example_dags/example_display_name.py
[2024-07-15T14:03:00.360+0000] {logging_mixin.py:188} INFO - [2024-07-15T14:03:00.360+0000] {dag.py:3096} INFO - Sync 1 DAGs
[2024-07-15T14:03:00.366+0000] {logging_mixin.py:188} INFO - [2024-07-15T14:03:00.366+0000] {dag.py:3954} INFO - Setting next_dagrun for example_display_name to None, run_after=None
[2024-07-15T14:03:00.375+0000] {processor.py:183} INFO - Processing /home/airflow/.local/lib/python3.12/site-packages/airflow/example_dags/example_display_name.py took 0.033 seconds
[2024-07-15T14:03:30.450+0000] {processor.py:161} INFO - Started process (PID=1403) to work on /home/airflow/.local/lib/python3.12/site-packages/airflow/example_dags/example_display_name.py
[2024-07-15T14:03:30.451+0000] {processor.py:830} INFO - Processing file /home/airflow/.local/lib/python3.12/site-packages/airflow/example_dags/example_display_name.py for tasks to queue
[2024-07-15T14:03:30.452+0000] {logging_mixin.py:188} INFO - [2024-07-15T14:03:30.452+0000] {dagbag.py:545} INFO - Filling up the DagBag from /home/airflow/.local/lib/python3.12/site-packages/airflow/example_dags/example_display_name.py
[2024-07-15T14:03:30.455+0000] {processor.py:840} INFO - DAG(s) 'example_display_name' retrieved from /home/airflow/.local/lib/python3.12/site-packages/airflow/example_dags/example_display_name.py
[2024-07-15T14:03:30.465+0000] {logging_mixin.py:188} INFO - [2024-07-15T14:03:30.465+0000] {dag.py:3096} INFO - Sync 1 DAGs
[2024-07-15T14:03:30.471+0000] {logging_mixin.py:188} INFO - [2024-07-15T14:03:30.471+0000] {dag.py:3954} INFO - Setting next_dagrun for example_display_name to None, run_after=None
[2024-07-15T14:03:30.480+0000] {processor.py:183} INFO - Processing /home/airflow/.local/lib/python3.12/site-packages/airflow/example_dags/example_display_name.py took 0.032 seconds
[2024-07-15T14:04:00.828+0000] {processor.py:161} INFO - Started process (PID=1467) to work on /home/airflow/.local/lib/python3.12/site-packages/airflow/example_dags/example_display_name.py
[2024-07-15T14:04:00.829+0000] {processor.py:830} INFO - Processing file /home/airflow/.local/lib/python3.12/site-packages/airflow/example_dags/example_display_name.py for tasks to queue
[2024-07-15T14:04:00.830+0000] {logging_mixin.py:188} INFO - [2024-07-15T14:04:00.830+0000] {dagbag.py:545} INFO - Filling up the DagBag from /home/airflow/.local/lib/python3.12/site-packages/airflow/example_dags/example_display_name.py
[2024-07-15T14:04:00.834+0000] {processor.py:840} INFO - DAG(s) 'example_display_name' retrieved from /home/airflow/.local/lib/python3.12/site-packages/airflow/example_dags/example_display_name.py
[2024-07-15T14:04:00.851+0000] {logging_mixin.py:188} INFO - [2024-07-15T14:04:00.851+0000] {dag.py:3096} INFO - Sync 1 DAGs
[2024-07-15T14:04:00.858+0000] {logging_mixin.py:188} INFO - [2024-07-15T14:04:00.858+0000] {dag.py:3954} INFO - Setting next_dagrun for example_display_name to None, run_after=None
[2024-07-15T14:04:00.867+0000] {processor.py:183} INFO - Processing /home/airflow/.local/lib/python3.12/site-packages/airflow/example_dags/example_display_name.py took 0.043 seconds
[2024-07-15T14:04:31.568+0000] {processor.py:161} INFO - Started process (PID=1532) to work on /home/airflow/.local/lib/python3.12/site-packages/airflow/example_dags/example_display_name.py
[2024-07-15T14:04:31.569+0000] {processor.py:830} INFO - Processing file /home/airflow/.local/lib/python3.12/site-packages/airflow/example_dags/example_display_name.py for tasks to queue
[2024-07-15T14:04:31.570+0000] {logging_mixin.py:188} INFO - [2024-07-15T14:04:31.570+0000] {dagbag.py:545} INFO - Filling up the DagBag from /home/airflow/.local/lib/python3.12/site-packages/airflow/example_dags/example_display_name.py
[2024-07-15T14:04:31.574+0000] {processor.py:840} INFO - DAG(s) 'example_display_name' retrieved from /home/airflow/.local/lib/python3.12/site-packages/airflow/example_dags/example_display_name.py
[2024-07-15T14:04:31.584+0000] {logging_mixin.py:188} INFO - [2024-07-15T14:04:31.584+0000] {dag.py:3096} INFO - Sync 1 DAGs
[2024-07-15T14:04:31.590+0000] {logging_mixin.py:188} INFO - [2024-07-15T14:04:31.590+0000] {dag.py:3954} INFO - Setting next_dagrun for example_display_name to None, run_after=None
[2024-07-15T14:04:31.690+0000] {processor.py:183} INFO - Processing /home/airflow/.local/lib/python3.12/site-packages/airflow/example_dags/example_display_name.py took 0.125 seconds
