[2024-07-15T13:40:22.661+0000] {processor.py:161} INFO - Started process (PID=69) to work on /home/airflow/.local/lib/python3.12/site-packages/airflow/example_dags/example_python_operator.py
[2024-07-15T13:40:22.661+0000] {processor.py:830} INFO - Processing file /home/airflow/.local/lib/python3.12/site-packages/airflow/example_dags/example_python_operator.py for tasks to queue
[2024-07-15T13:40:22.663+0000] {logging_mixin.py:188} INFO - [2024-07-15T13:40:22.663+0000] {dagbag.py:545} INFO - Filling up the DagBag from /home/airflow/.local/lib/python3.12/site-packages/airflow/example_dags/example_python_operator.py
[2024-07-15T13:40:22.682+0000] {processor.py:840} INFO - DAG(s) 'example_python_operator' retrieved from /home/airflow/.local/lib/python3.12/site-packages/airflow/example_dags/example_python_operator.py
[2024-07-15T13:40:22.722+0000] {logging_mixin.py:188} INFO - [2024-07-15T13:40:22.722+0000] {dag.py:3096} INFO - Sync 1 DAGs
[2024-07-15T13:40:22.731+0000] {logging_mixin.py:188} INFO - [2024-07-15T13:40:22.731+0000] {dag.py:3954} INFO - Setting next_dagrun for example_python_operator to None, run_after=None
[2024-07-15T13:40:22.750+0000] {processor.py:183} INFO - Processing /home/airflow/.local/lib/python3.12/site-packages/airflow/example_dags/example_python_operator.py took 0.092 seconds
[2024-07-15T13:40:53.303+0000] {processor.py:161} INFO - Started process (PID=133) to work on /home/airflow/.local/lib/python3.12/site-packages/airflow/example_dags/example_python_operator.py
[2024-07-15T13:40:53.304+0000] {processor.py:830} INFO - Processing file /home/airflow/.local/lib/python3.12/site-packages/airflow/example_dags/example_python_operator.py for tasks to queue
[2024-07-15T13:40:53.305+0000] {logging_mixin.py:188} INFO - [2024-07-15T13:40:53.305+0000] {dagbag.py:545} INFO - Filling up the DagBag from /home/airflow/.local/lib/python3.12/site-packages/airflow/example_dags/example_python_operator.py
[2024-07-15T13:40:53.311+0000] {processor.py:840} INFO - DAG(s) 'example_python_operator' retrieved from /home/airflow/.local/lib/python3.12/site-packages/airflow/example_dags/example_python_operator.py
[2024-07-15T13:40:53.356+0000] {logging_mixin.py:188} INFO - [2024-07-15T13:40:53.356+0000] {dag.py:3096} INFO - Sync 1 DAGs
[2024-07-15T13:40:53.361+0000] {logging_mixin.py:188} INFO - [2024-07-15T13:40:53.361+0000] {dag.py:3954} INFO - Setting next_dagrun for example_python_operator to None, run_after=None
[2024-07-15T13:40:53.369+0000] {processor.py:183} INFO - Processing /home/airflow/.local/lib/python3.12/site-packages/airflow/example_dags/example_python_operator.py took 0.069 seconds
[2024-07-15T13:41:23.440+0000] {processor.py:161} INFO - Started process (PID=197) to work on /home/airflow/.local/lib/python3.12/site-packages/airflow/example_dags/example_python_operator.py
[2024-07-15T13:41:23.440+0000] {processor.py:830} INFO - Processing file /home/airflow/.local/lib/python3.12/site-packages/airflow/example_dags/example_python_operator.py for tasks to queue
[2024-07-15T13:41:23.441+0000] {logging_mixin.py:188} INFO - [2024-07-15T13:41:23.441+0000] {dagbag.py:545} INFO - Filling up the DagBag from /home/airflow/.local/lib/python3.12/site-packages/airflow/example_dags/example_python_operator.py
[2024-07-15T13:41:23.447+0000] {processor.py:840} INFO - DAG(s) 'example_python_operator' retrieved from /home/airflow/.local/lib/python3.12/site-packages/airflow/example_dags/example_python_operator.py
[2024-07-15T13:41:23.458+0000] {logging_mixin.py:188} INFO - [2024-07-15T13:41:23.458+0000] {dag.py:3096} INFO - Sync 1 DAGs
[2024-07-15T13:41:23.463+0000] {logging_mixin.py:188} INFO - [2024-07-15T13:41:23.463+0000] {dag.py:3954} INFO - Setting next_dagrun for example_python_operator to None, run_after=None
[2024-07-15T13:41:23.471+0000] {processor.py:183} INFO - Processing /home/airflow/.local/lib/python3.12/site-packages/airflow/example_dags/example_python_operator.py took 0.035 seconds
[2024-07-15T13:41:54.443+0000] {processor.py:161} INFO - Started process (PID=261) to work on /home/airflow/.local/lib/python3.12/site-packages/airflow/example_dags/example_python_operator.py
[2024-07-15T13:41:54.443+0000] {processor.py:830} INFO - Processing file /home/airflow/.local/lib/python3.12/site-packages/airflow/example_dags/example_python_operator.py for tasks to queue
[2024-07-15T13:41:54.444+0000] {logging_mixin.py:188} INFO - [2024-07-15T13:41:54.444+0000] {dagbag.py:545} INFO - Filling up the DagBag from /home/airflow/.local/lib/python3.12/site-packages/airflow/example_dags/example_python_operator.py
[2024-07-15T13:41:54.451+0000] {processor.py:840} INFO - DAG(s) 'example_python_operator' retrieved from /home/airflow/.local/lib/python3.12/site-packages/airflow/example_dags/example_python_operator.py
[2024-07-15T13:41:54.462+0000] {logging_mixin.py:188} INFO - [2024-07-15T13:41:54.462+0000] {dag.py:3096} INFO - Sync 1 DAGs
[2024-07-15T13:41:54.468+0000] {logging_mixin.py:188} INFO - [2024-07-15T13:41:54.468+0000] {dag.py:3954} INFO - Setting next_dagrun for example_python_operator to None, run_after=None
[2024-07-15T13:41:54.478+0000] {processor.py:183} INFO - Processing /home/airflow/.local/lib/python3.12/site-packages/airflow/example_dags/example_python_operator.py took 0.038 seconds
[2024-07-15T13:42:25.728+0000] {processor.py:161} INFO - Started process (PID=325) to work on /home/airflow/.local/lib/python3.12/site-packages/airflow/example_dags/example_python_operator.py
[2024-07-15T13:42:25.729+0000] {processor.py:830} INFO - Processing file /home/airflow/.local/lib/python3.12/site-packages/airflow/example_dags/example_python_operator.py for tasks to queue
[2024-07-15T13:42:25.730+0000] {logging_mixin.py:188} INFO - [2024-07-15T13:42:25.730+0000] {dagbag.py:545} INFO - Filling up the DagBag from /home/airflow/.local/lib/python3.12/site-packages/airflow/example_dags/example_python_operator.py
[2024-07-15T13:42:25.735+0000] {processor.py:840} INFO - DAG(s) 'example_python_operator' retrieved from /home/airflow/.local/lib/python3.12/site-packages/airflow/example_dags/example_python_operator.py
[2024-07-15T13:42:25.747+0000] {logging_mixin.py:188} INFO - [2024-07-15T13:42:25.747+0000] {dag.py:3096} INFO - Sync 1 DAGs
[2024-07-15T13:42:25.753+0000] {logging_mixin.py:188} INFO - [2024-07-15T13:42:25.753+0000] {dag.py:3954} INFO - Setting next_dagrun for example_python_operator to None, run_after=None
[2024-07-15T13:42:25.763+0000] {processor.py:183} INFO - Processing /home/airflow/.local/lib/python3.12/site-packages/airflow/example_dags/example_python_operator.py took 0.038 seconds
[2024-07-15T13:42:55.877+0000] {processor.py:161} INFO - Started process (PID=389) to work on /home/airflow/.local/lib/python3.12/site-packages/airflow/example_dags/example_python_operator.py
[2024-07-15T13:42:55.877+0000] {processor.py:830} INFO - Processing file /home/airflow/.local/lib/python3.12/site-packages/airflow/example_dags/example_python_operator.py for tasks to queue
[2024-07-15T13:42:55.878+0000] {logging_mixin.py:188} INFO - [2024-07-15T13:42:55.878+0000] {dagbag.py:545} INFO - Filling up the DagBag from /home/airflow/.local/lib/python3.12/site-packages/airflow/example_dags/example_python_operator.py
[2024-07-15T13:42:55.883+0000] {processor.py:840} INFO - DAG(s) 'example_python_operator' retrieved from /home/airflow/.local/lib/python3.12/site-packages/airflow/example_dags/example_python_operator.py
[2024-07-15T13:42:55.893+0000] {logging_mixin.py:188} INFO - [2024-07-15T13:42:55.893+0000] {dag.py:3096} INFO - Sync 1 DAGs
[2024-07-15T13:42:55.899+0000] {logging_mixin.py:188} INFO - [2024-07-15T13:42:55.899+0000] {dag.py:3954} INFO - Setting next_dagrun for example_python_operator to None, run_after=None
[2024-07-15T13:42:55.908+0000] {processor.py:183} INFO - Processing /home/airflow/.local/lib/python3.12/site-packages/airflow/example_dags/example_python_operator.py took 0.034 seconds
[2024-07-15T13:43:27.026+0000] {processor.py:161} INFO - Started process (PID=453) to work on /home/airflow/.local/lib/python3.12/site-packages/airflow/example_dags/example_python_operator.py
[2024-07-15T13:43:27.026+0000] {processor.py:830} INFO - Processing file /home/airflow/.local/lib/python3.12/site-packages/airflow/example_dags/example_python_operator.py for tasks to queue
[2024-07-15T13:43:27.028+0000] {logging_mixin.py:188} INFO - [2024-07-15T13:43:27.027+0000] {dagbag.py:545} INFO - Filling up the DagBag from /home/airflow/.local/lib/python3.12/site-packages/airflow/example_dags/example_python_operator.py
[2024-07-15T13:43:27.033+0000] {processor.py:840} INFO - DAG(s) 'example_python_operator' retrieved from /home/airflow/.local/lib/python3.12/site-packages/airflow/example_dags/example_python_operator.py
[2024-07-15T13:43:27.045+0000] {logging_mixin.py:188} INFO - [2024-07-15T13:43:27.044+0000] {dag.py:3096} INFO - Sync 1 DAGs
[2024-07-15T13:43:27.050+0000] {logging_mixin.py:188} INFO - [2024-07-15T13:43:27.050+0000] {dag.py:3954} INFO - Setting next_dagrun for example_python_operator to None, run_after=None
[2024-07-15T13:43:27.059+0000] {processor.py:183} INFO - Processing /home/airflow/.local/lib/python3.12/site-packages/airflow/example_dags/example_python_operator.py took 0.037 seconds
[2024-07-15T13:43:57.125+0000] {processor.py:161} INFO - Started process (PID=517) to work on /home/airflow/.local/lib/python3.12/site-packages/airflow/example_dags/example_python_operator.py
[2024-07-15T13:43:57.126+0000] {processor.py:830} INFO - Processing file /home/airflow/.local/lib/python3.12/site-packages/airflow/example_dags/example_python_operator.py for tasks to queue
[2024-07-15T13:43:57.126+0000] {logging_mixin.py:188} INFO - [2024-07-15T13:43:57.126+0000] {dagbag.py:545} INFO - Filling up the DagBag from /home/airflow/.local/lib/python3.12/site-packages/airflow/example_dags/example_python_operator.py
[2024-07-15T13:43:57.132+0000] {processor.py:840} INFO - DAG(s) 'example_python_operator' retrieved from /home/airflow/.local/lib/python3.12/site-packages/airflow/example_dags/example_python_operator.py
[2024-07-15T13:43:57.143+0000] {logging_mixin.py:188} INFO - [2024-07-15T13:43:57.143+0000] {dag.py:3096} INFO - Sync 1 DAGs
[2024-07-15T13:43:57.149+0000] {logging_mixin.py:188} INFO - [2024-07-15T13:43:57.149+0000] {dag.py:3954} INFO - Setting next_dagrun for example_python_operator to None, run_after=None
[2024-07-15T13:43:57.158+0000] {processor.py:183} INFO - Processing /home/airflow/.local/lib/python3.12/site-packages/airflow/example_dags/example_python_operator.py took 0.036 seconds
[2024-07-15T13:44:27.474+0000] {processor.py:161} INFO - Started process (PID=581) to work on /home/airflow/.local/lib/python3.12/site-packages/airflow/example_dags/example_python_operator.py
[2024-07-15T13:44:27.475+0000] {processor.py:830} INFO - Processing file /home/airflow/.local/lib/python3.12/site-packages/airflow/example_dags/example_python_operator.py for tasks to queue
[2024-07-15T13:44:27.476+0000] {logging_mixin.py:188} INFO - [2024-07-15T13:44:27.476+0000] {dagbag.py:545} INFO - Filling up the DagBag from /home/airflow/.local/lib/python3.12/site-packages/airflow/example_dags/example_python_operator.py
[2024-07-15T13:44:27.482+0000] {processor.py:840} INFO - DAG(s) 'example_python_operator' retrieved from /home/airflow/.local/lib/python3.12/site-packages/airflow/example_dags/example_python_operator.py
[2024-07-15T13:44:27.493+0000] {logging_mixin.py:188} INFO - [2024-07-15T13:44:27.493+0000] {dag.py:3096} INFO - Sync 1 DAGs
[2024-07-15T13:44:27.499+0000] {logging_mixin.py:188} INFO - [2024-07-15T13:44:27.499+0000] {dag.py:3954} INFO - Setting next_dagrun for example_python_operator to None, run_after=None
[2024-07-15T13:44:27.508+0000] {processor.py:183} INFO - Processing /home/airflow/.local/lib/python3.12/site-packages/airflow/example_dags/example_python_operator.py took 0.036 seconds
[2024-07-15T13:45:47.765+0000] {processor.py:161} INFO - Started process (PID=70) to work on /home/airflow/.local/lib/python3.12/site-packages/airflow/example_dags/example_python_operator.py
[2024-07-15T13:45:47.766+0000] {processor.py:830} INFO - Processing file /home/airflow/.local/lib/python3.12/site-packages/airflow/example_dags/example_python_operator.py for tasks to queue
[2024-07-15T13:45:47.770+0000] {logging_mixin.py:188} INFO - [2024-07-15T13:45:47.770+0000] {dagbag.py:545} INFO - Filling up the DagBag from /home/airflow/.local/lib/python3.12/site-packages/airflow/example_dags/example_python_operator.py
[2024-07-15T13:45:47.779+0000] {processor.py:840} INFO - DAG(s) 'example_python_operator' retrieved from /home/airflow/.local/lib/python3.12/site-packages/airflow/example_dags/example_python_operator.py
[2024-07-15T13:45:47.793+0000] {logging_mixin.py:188} INFO - [2024-07-15T13:45:47.793+0000] {dag.py:3096} INFO - Sync 1 DAGs
[2024-07-15T13:45:47.805+0000] {logging_mixin.py:188} INFO - [2024-07-15T13:45:47.805+0000] {dag.py:3954} INFO - Setting next_dagrun for example_python_operator to None, run_after=None
[2024-07-15T13:45:47.821+0000] {processor.py:183} INFO - Processing /home/airflow/.local/lib/python3.12/site-packages/airflow/example_dags/example_python_operator.py took 0.066 seconds
[2024-07-15T13:46:18.296+0000] {processor.py:161} INFO - Started process (PID=134) to work on /home/airflow/.local/lib/python3.12/site-packages/airflow/example_dags/example_python_operator.py
[2024-07-15T13:46:18.297+0000] {processor.py:830} INFO - Processing file /home/airflow/.local/lib/python3.12/site-packages/airflow/example_dags/example_python_operator.py for tasks to queue
[2024-07-15T13:46:18.298+0000] {logging_mixin.py:188} INFO - [2024-07-15T13:46:18.298+0000] {dagbag.py:545} INFO - Filling up the DagBag from /home/airflow/.local/lib/python3.12/site-packages/airflow/example_dags/example_python_operator.py
[2024-07-15T13:46:18.304+0000] {processor.py:840} INFO - DAG(s) 'example_python_operator' retrieved from /home/airflow/.local/lib/python3.12/site-packages/airflow/example_dags/example_python_operator.py
[2024-07-15T13:46:18.354+0000] {logging_mixin.py:188} INFO - [2024-07-15T13:46:18.354+0000] {dag.py:3096} INFO - Sync 1 DAGs
[2024-07-15T13:46:18.360+0000] {logging_mixin.py:188} INFO - [2024-07-15T13:46:18.360+0000] {dag.py:3954} INFO - Setting next_dagrun for example_python_operator to None, run_after=None
[2024-07-15T13:46:18.371+0000] {processor.py:183} INFO - Processing /home/airflow/.local/lib/python3.12/site-packages/airflow/example_dags/example_python_operator.py took 0.078 seconds
[2024-07-15T13:46:48.432+0000] {processor.py:161} INFO - Started process (PID=197) to work on /home/airflow/.local/lib/python3.12/site-packages/airflow/example_dags/example_python_operator.py
[2024-07-15T13:46:48.433+0000] {processor.py:830} INFO - Processing file /home/airflow/.local/lib/python3.12/site-packages/airflow/example_dags/example_python_operator.py for tasks to queue
[2024-07-15T13:46:48.434+0000] {logging_mixin.py:188} INFO - [2024-07-15T13:46:48.434+0000] {dagbag.py:545} INFO - Filling up the DagBag from /home/airflow/.local/lib/python3.12/site-packages/airflow/example_dags/example_python_operator.py
[2024-07-15T13:46:48.439+0000] {processor.py:840} INFO - DAG(s) 'example_python_operator' retrieved from /home/airflow/.local/lib/python3.12/site-packages/airflow/example_dags/example_python_operator.py
[2024-07-15T13:46:48.450+0000] {logging_mixin.py:188} INFO - [2024-07-15T13:46:48.450+0000] {dag.py:3096} INFO - Sync 1 DAGs
[2024-07-15T13:46:48.457+0000] {logging_mixin.py:188} INFO - [2024-07-15T13:46:48.456+0000] {dag.py:3954} INFO - Setting next_dagrun for example_python_operator to None, run_after=None
[2024-07-15T13:46:48.466+0000] {processor.py:183} INFO - Processing /home/airflow/.local/lib/python3.12/site-packages/airflow/example_dags/example_python_operator.py took 0.036 seconds
[2024-07-15T13:47:18.795+0000] {processor.py:161} INFO - Started process (PID=261) to work on /home/airflow/.local/lib/python3.12/site-packages/airflow/example_dags/example_python_operator.py
[2024-07-15T13:47:18.799+0000] {processor.py:830} INFO - Processing file /home/airflow/.local/lib/python3.12/site-packages/airflow/example_dags/example_python_operator.py for tasks to queue
[2024-07-15T13:47:18.800+0000] {logging_mixin.py:188} INFO - [2024-07-15T13:47:18.800+0000] {dagbag.py:545} INFO - Filling up the DagBag from /home/airflow/.local/lib/python3.12/site-packages/airflow/example_dags/example_python_operator.py
[2024-07-15T13:47:18.806+0000] {processor.py:840} INFO - DAG(s) 'example_python_operator' retrieved from /home/airflow/.local/lib/python3.12/site-packages/airflow/example_dags/example_python_operator.py
[2024-07-15T13:47:18.818+0000] {logging_mixin.py:188} INFO - [2024-07-15T13:47:18.817+0000] {dag.py:3096} INFO - Sync 1 DAGs
[2024-07-15T13:47:18.823+0000] {logging_mixin.py:188} INFO - [2024-07-15T13:47:18.823+0000] {dag.py:3954} INFO - Setting next_dagrun for example_python_operator to None, run_after=None
[2024-07-15T13:47:18.833+0000] {processor.py:183} INFO - Processing /home/airflow/.local/lib/python3.12/site-packages/airflow/example_dags/example_python_operator.py took 0.041 seconds
[2024-07-15T13:47:49.158+0000] {processor.py:161} INFO - Started process (PID=325) to work on /home/airflow/.local/lib/python3.12/site-packages/airflow/example_dags/example_python_operator.py
[2024-07-15T13:47:49.158+0000] {processor.py:830} INFO - Processing file /home/airflow/.local/lib/python3.12/site-packages/airflow/example_dags/example_python_operator.py for tasks to queue
[2024-07-15T13:47:49.159+0000] {logging_mixin.py:188} INFO - [2024-07-15T13:47:49.159+0000] {dagbag.py:545} INFO - Filling up the DagBag from /home/airflow/.local/lib/python3.12/site-packages/airflow/example_dags/example_python_operator.py
[2024-07-15T13:47:49.165+0000] {processor.py:840} INFO - DAG(s) 'example_python_operator' retrieved from /home/airflow/.local/lib/python3.12/site-packages/airflow/example_dags/example_python_operator.py
[2024-07-15T13:47:49.177+0000] {logging_mixin.py:188} INFO - [2024-07-15T13:47:49.176+0000] {dag.py:3096} INFO - Sync 1 DAGs
[2024-07-15T13:47:49.182+0000] {logging_mixin.py:188} INFO - [2024-07-15T13:47:49.182+0000] {dag.py:3954} INFO - Setting next_dagrun for example_python_operator to None, run_after=None
[2024-07-15T13:47:49.191+0000] {processor.py:183} INFO - Processing /home/airflow/.local/lib/python3.12/site-packages/airflow/example_dags/example_python_operator.py took 0.036 seconds
[2024-07-15T13:48:19.463+0000] {processor.py:161} INFO - Started process (PID=388) to work on /home/airflow/.local/lib/python3.12/site-packages/airflow/example_dags/example_python_operator.py
[2024-07-15T13:48:19.463+0000] {processor.py:830} INFO - Processing file /home/airflow/.local/lib/python3.12/site-packages/airflow/example_dags/example_python_operator.py for tasks to queue
[2024-07-15T13:48:19.464+0000] {logging_mixin.py:188} INFO - [2024-07-15T13:48:19.464+0000] {dagbag.py:545} INFO - Filling up the DagBag from /home/airflow/.local/lib/python3.12/site-packages/airflow/example_dags/example_python_operator.py
[2024-07-15T13:48:19.470+0000] {processor.py:840} INFO - DAG(s) 'example_python_operator' retrieved from /home/airflow/.local/lib/python3.12/site-packages/airflow/example_dags/example_python_operator.py
[2024-07-15T13:48:19.482+0000] {logging_mixin.py:188} INFO - [2024-07-15T13:48:19.482+0000] {dag.py:3096} INFO - Sync 1 DAGs
[2024-07-15T13:48:19.487+0000] {logging_mixin.py:188} INFO - [2024-07-15T13:48:19.487+0000] {dag.py:3954} INFO - Setting next_dagrun for example_python_operator to None, run_after=None
[2024-07-15T13:48:19.496+0000] {processor.py:183} INFO - Processing /home/airflow/.local/lib/python3.12/site-packages/airflow/example_dags/example_python_operator.py took 0.036 seconds
[2024-07-15T13:48:49.740+0000] {processor.py:161} INFO - Started process (PID=452) to work on /home/airflow/.local/lib/python3.12/site-packages/airflow/example_dags/example_python_operator.py
[2024-07-15T13:48:49.741+0000] {processor.py:830} INFO - Processing file /home/airflow/.local/lib/python3.12/site-packages/airflow/example_dags/example_python_operator.py for tasks to queue
[2024-07-15T13:48:49.742+0000] {logging_mixin.py:188} INFO - [2024-07-15T13:48:49.741+0000] {dagbag.py:545} INFO - Filling up the DagBag from /home/airflow/.local/lib/python3.12/site-packages/airflow/example_dags/example_python_operator.py
[2024-07-15T13:48:49.747+0000] {processor.py:840} INFO - DAG(s) 'example_python_operator' retrieved from /home/airflow/.local/lib/python3.12/site-packages/airflow/example_dags/example_python_operator.py
[2024-07-15T13:48:49.759+0000] {logging_mixin.py:188} INFO - [2024-07-15T13:48:49.759+0000] {dag.py:3096} INFO - Sync 1 DAGs
[2024-07-15T13:48:49.765+0000] {logging_mixin.py:188} INFO - [2024-07-15T13:48:49.765+0000] {dag.py:3954} INFO - Setting next_dagrun for example_python_operator to None, run_after=None
[2024-07-15T13:48:49.774+0000] {processor.py:183} INFO - Processing /home/airflow/.local/lib/python3.12/site-packages/airflow/example_dags/example_python_operator.py took 0.037 seconds
[2024-07-15T13:49:48.910+0000] {processor.py:161} INFO - Started process (PID=70) to work on /home/airflow/.local/lib/python3.12/site-packages/airflow/example_dags/example_python_operator.py
[2024-07-15T13:49:48.913+0000] {processor.py:830} INFO - Processing file /home/airflow/.local/lib/python3.12/site-packages/airflow/example_dags/example_python_operator.py for tasks to queue
[2024-07-15T13:49:48.915+0000] {logging_mixin.py:188} INFO - [2024-07-15T13:49:48.915+0000] {dagbag.py:545} INFO - Filling up the DagBag from /home/airflow/.local/lib/python3.12/site-packages/airflow/example_dags/example_python_operator.py
[2024-07-15T13:49:48.946+0000] {processor.py:840} INFO - DAG(s) 'example_python_operator' retrieved from /home/airflow/.local/lib/python3.12/site-packages/airflow/example_dags/example_python_operator.py
[2024-07-15T13:49:48.972+0000] {logging_mixin.py:188} INFO - [2024-07-15T13:49:48.972+0000] {dag.py:3096} INFO - Sync 1 DAGs
[2024-07-15T13:49:48.987+0000] {logging_mixin.py:188} INFO - [2024-07-15T13:49:48.987+0000] {dag.py:3954} INFO - Setting next_dagrun for example_python_operator to None, run_after=None
[2024-07-15T13:49:49.013+0000] {processor.py:183} INFO - Processing /home/airflow/.local/lib/python3.12/site-packages/airflow/example_dags/example_python_operator.py took 0.112 seconds
[2024-07-15T13:50:19.645+0000] {processor.py:161} INFO - Started process (PID=134) to work on /home/airflow/.local/lib/python3.12/site-packages/airflow/example_dags/example_python_operator.py
[2024-07-15T13:50:19.646+0000] {processor.py:830} INFO - Processing file /home/airflow/.local/lib/python3.12/site-packages/airflow/example_dags/example_python_operator.py for tasks to queue
[2024-07-15T13:50:19.647+0000] {logging_mixin.py:188} INFO - [2024-07-15T13:50:19.647+0000] {dagbag.py:545} INFO - Filling up the DagBag from /home/airflow/.local/lib/python3.12/site-packages/airflow/example_dags/example_python_operator.py
[2024-07-15T13:50:19.652+0000] {processor.py:840} INFO - DAG(s) 'example_python_operator' retrieved from /home/airflow/.local/lib/python3.12/site-packages/airflow/example_dags/example_python_operator.py
[2024-07-15T13:50:19.697+0000] {logging_mixin.py:188} INFO - [2024-07-15T13:50:19.697+0000] {dag.py:3096} INFO - Sync 1 DAGs
[2024-07-15T13:50:19.703+0000] {logging_mixin.py:188} INFO - [2024-07-15T13:50:19.702+0000] {dag.py:3954} INFO - Setting next_dagrun for example_python_operator to None, run_after=None
[2024-07-15T13:50:19.713+0000] {processor.py:183} INFO - Processing /home/airflow/.local/lib/python3.12/site-packages/airflow/example_dags/example_python_operator.py took 0.071 seconds
[2024-07-15T13:50:50.203+0000] {processor.py:161} INFO - Started process (PID=199) to work on /home/airflow/.local/lib/python3.12/site-packages/airflow/example_dags/example_python_operator.py
[2024-07-15T13:50:50.203+0000] {processor.py:830} INFO - Processing file /home/airflow/.local/lib/python3.12/site-packages/airflow/example_dags/example_python_operator.py for tasks to queue
[2024-07-15T13:50:50.204+0000] {logging_mixin.py:188} INFO - [2024-07-15T13:50:50.204+0000] {dagbag.py:545} INFO - Filling up the DagBag from /home/airflow/.local/lib/python3.12/site-packages/airflow/example_dags/example_python_operator.py
[2024-07-15T13:50:50.210+0000] {processor.py:840} INFO - DAG(s) 'example_python_operator' retrieved from /home/airflow/.local/lib/python3.12/site-packages/airflow/example_dags/example_python_operator.py
[2024-07-15T13:50:50.220+0000] {logging_mixin.py:188} INFO - [2024-07-15T13:50:50.220+0000] {dag.py:3096} INFO - Sync 1 DAGs
[2024-07-15T13:50:50.225+0000] {logging_mixin.py:188} INFO - [2024-07-15T13:50:50.225+0000] {dag.py:3954} INFO - Setting next_dagrun for example_python_operator to None, run_after=None
[2024-07-15T13:50:50.234+0000] {processor.py:183} INFO - Processing /home/airflow/.local/lib/python3.12/site-packages/airflow/example_dags/example_python_operator.py took 0.034 seconds
[2024-07-15T13:51:20.404+0000] {processor.py:161} INFO - Started process (PID=262) to work on /home/airflow/.local/lib/python3.12/site-packages/airflow/example_dags/example_python_operator.py
[2024-07-15T13:51:20.404+0000] {processor.py:830} INFO - Processing file /home/airflow/.local/lib/python3.12/site-packages/airflow/example_dags/example_python_operator.py for tasks to queue
[2024-07-15T13:51:20.405+0000] {logging_mixin.py:188} INFO - [2024-07-15T13:51:20.405+0000] {dagbag.py:545} INFO - Filling up the DagBag from /home/airflow/.local/lib/python3.12/site-packages/airflow/example_dags/example_python_operator.py
[2024-07-15T13:51:20.411+0000] {processor.py:840} INFO - DAG(s) 'example_python_operator' retrieved from /home/airflow/.local/lib/python3.12/site-packages/airflow/example_dags/example_python_operator.py
[2024-07-15T13:51:20.422+0000] {logging_mixin.py:188} INFO - [2024-07-15T13:51:20.422+0000] {dag.py:3096} INFO - Sync 1 DAGs
[2024-07-15T13:51:20.427+0000] {logging_mixin.py:188} INFO - [2024-07-15T13:51:20.427+0000] {dag.py:3954} INFO - Setting next_dagrun for example_python_operator to None, run_after=None
[2024-07-15T13:51:20.436+0000] {processor.py:183} INFO - Processing /home/airflow/.local/lib/python3.12/site-packages/airflow/example_dags/example_python_operator.py took 0.035 seconds
[2024-07-15T13:51:50.624+0000] {processor.py:161} INFO - Started process (PID=326) to work on /home/airflow/.local/lib/python3.12/site-packages/airflow/example_dags/example_python_operator.py
[2024-07-15T13:51:50.624+0000] {processor.py:830} INFO - Processing file /home/airflow/.local/lib/python3.12/site-packages/airflow/example_dags/example_python_operator.py for tasks to queue
[2024-07-15T13:51:50.626+0000] {logging_mixin.py:188} INFO - [2024-07-15T13:51:50.625+0000] {dagbag.py:545} INFO - Filling up the DagBag from /home/airflow/.local/lib/python3.12/site-packages/airflow/example_dags/example_python_operator.py
[2024-07-15T13:51:50.631+0000] {processor.py:840} INFO - DAG(s) 'example_python_operator' retrieved from /home/airflow/.local/lib/python3.12/site-packages/airflow/example_dags/example_python_operator.py
[2024-07-15T13:51:50.642+0000] {logging_mixin.py:188} INFO - [2024-07-15T13:51:50.642+0000] {dag.py:3096} INFO - Sync 1 DAGs
[2024-07-15T13:51:50.648+0000] {logging_mixin.py:188} INFO - [2024-07-15T13:51:50.648+0000] {dag.py:3954} INFO - Setting next_dagrun for example_python_operator to None, run_after=None
[2024-07-15T13:51:50.656+0000] {processor.py:183} INFO - Processing /home/airflow/.local/lib/python3.12/site-packages/airflow/example_dags/example_python_operator.py took 0.035 seconds
[2024-07-15T13:52:53.842+0000] {processor.py:161} INFO - Started process (PID=69) to work on /home/airflow/.local/lib/python3.12/site-packages/airflow/example_dags/example_python_operator.py
[2024-07-15T13:52:53.843+0000] {processor.py:830} INFO - Processing file /home/airflow/.local/lib/python3.12/site-packages/airflow/example_dags/example_python_operator.py for tasks to queue
[2024-07-15T13:52:53.844+0000] {logging_mixin.py:188} INFO - [2024-07-15T13:52:53.844+0000] {dagbag.py:545} INFO - Filling up the DagBag from /home/airflow/.local/lib/python3.12/site-packages/airflow/example_dags/example_python_operator.py
[2024-07-15T13:52:53.856+0000] {processor.py:840} INFO - DAG(s) 'example_python_operator' retrieved from /home/airflow/.local/lib/python3.12/site-packages/airflow/example_dags/example_python_operator.py
[2024-07-15T13:52:53.869+0000] {logging_mixin.py:188} INFO - [2024-07-15T13:52:53.868+0000] {dag.py:3096} INFO - Sync 1 DAGs
[2024-07-15T13:52:53.882+0000] {logging_mixin.py:188} INFO - [2024-07-15T13:52:53.882+0000] {dag.py:3954} INFO - Setting next_dagrun for example_python_operator to None, run_after=None
[2024-07-15T13:52:53.893+0000] {processor.py:183} INFO - Processing /home/airflow/.local/lib/python3.12/site-packages/airflow/example_dags/example_python_operator.py took 0.056 seconds
[2024-07-15T13:53:24.443+0000] {processor.py:161} INFO - Started process (PID=133) to work on /home/airflow/.local/lib/python3.12/site-packages/airflow/example_dags/example_python_operator.py
[2024-07-15T13:53:24.444+0000] {processor.py:830} INFO - Processing file /home/airflow/.local/lib/python3.12/site-packages/airflow/example_dags/example_python_operator.py for tasks to queue
[2024-07-15T13:53:24.445+0000] {logging_mixin.py:188} INFO - [2024-07-15T13:53:24.445+0000] {dagbag.py:545} INFO - Filling up the DagBag from /home/airflow/.local/lib/python3.12/site-packages/airflow/example_dags/example_python_operator.py
[2024-07-15T13:53:24.450+0000] {processor.py:840} INFO - DAG(s) 'example_python_operator' retrieved from /home/airflow/.local/lib/python3.12/site-packages/airflow/example_dags/example_python_operator.py
[2024-07-15T13:53:24.499+0000] {logging_mixin.py:188} INFO - [2024-07-15T13:53:24.499+0000] {dag.py:3096} INFO - Sync 1 DAGs
[2024-07-15T13:53:24.504+0000] {logging_mixin.py:188} INFO - [2024-07-15T13:53:24.504+0000] {dag.py:3954} INFO - Setting next_dagrun for example_python_operator to None, run_after=None
[2024-07-15T13:53:24.513+0000] {processor.py:183} INFO - Processing /home/airflow/.local/lib/python3.12/site-packages/airflow/example_dags/example_python_operator.py took 0.072 seconds
[2024-07-15T13:53:54.537+0000] {processor.py:161} INFO - Started process (PID=197) to work on /home/airflow/.local/lib/python3.12/site-packages/airflow/example_dags/example_python_operator.py
[2024-07-15T13:53:54.538+0000] {processor.py:830} INFO - Processing file /home/airflow/.local/lib/python3.12/site-packages/airflow/example_dags/example_python_operator.py for tasks to queue
[2024-07-15T13:53:54.539+0000] {logging_mixin.py:188} INFO - [2024-07-15T13:53:54.538+0000] {dagbag.py:545} INFO - Filling up the DagBag from /home/airflow/.local/lib/python3.12/site-packages/airflow/example_dags/example_python_operator.py
[2024-07-15T13:53:54.544+0000] {processor.py:840} INFO - DAG(s) 'example_python_operator' retrieved from /home/airflow/.local/lib/python3.12/site-packages/airflow/example_dags/example_python_operator.py
[2024-07-15T13:53:54.555+0000] {logging_mixin.py:188} INFO - [2024-07-15T13:53:54.555+0000] {dag.py:3096} INFO - Sync 1 DAGs
[2024-07-15T13:53:54.560+0000] {logging_mixin.py:188} INFO - [2024-07-15T13:53:54.560+0000] {dag.py:3954} INFO - Setting next_dagrun for example_python_operator to None, run_after=None
[2024-07-15T13:53:54.568+0000] {processor.py:183} INFO - Processing /home/airflow/.local/lib/python3.12/site-packages/airflow/example_dags/example_python_operator.py took 0.034 seconds
[2024-07-15T13:54:24.801+0000] {processor.py:161} INFO - Started process (PID=261) to work on /home/airflow/.local/lib/python3.12/site-packages/airflow/example_dags/example_python_operator.py
[2024-07-15T13:54:24.802+0000] {processor.py:830} INFO - Processing file /home/airflow/.local/lib/python3.12/site-packages/airflow/example_dags/example_python_operator.py for tasks to queue
[2024-07-15T13:54:24.803+0000] {logging_mixin.py:188} INFO - [2024-07-15T13:54:24.802+0000] {dagbag.py:545} INFO - Filling up the DagBag from /home/airflow/.local/lib/python3.12/site-packages/airflow/example_dags/example_python_operator.py
[2024-07-15T13:54:24.809+0000] {processor.py:840} INFO - DAG(s) 'example_python_operator' retrieved from /home/airflow/.local/lib/python3.12/site-packages/airflow/example_dags/example_python_operator.py
[2024-07-15T13:54:24.820+0000] {logging_mixin.py:188} INFO - [2024-07-15T13:54:24.820+0000] {dag.py:3096} INFO - Sync 1 DAGs
[2024-07-15T13:54:24.827+0000] {logging_mixin.py:188} INFO - [2024-07-15T13:54:24.826+0000] {dag.py:3954} INFO - Setting next_dagrun for example_python_operator to None, run_after=None
[2024-07-15T13:54:24.836+0000] {processor.py:183} INFO - Processing /home/airflow/.local/lib/python3.12/site-packages/airflow/example_dags/example_python_operator.py took 0.038 seconds
[2024-07-15T13:54:55.025+0000] {processor.py:161} INFO - Started process (PID=325) to work on /home/airflow/.local/lib/python3.12/site-packages/airflow/example_dags/example_python_operator.py
[2024-07-15T13:54:55.026+0000] {processor.py:830} INFO - Processing file /home/airflow/.local/lib/python3.12/site-packages/airflow/example_dags/example_python_operator.py for tasks to queue
[2024-07-15T13:54:55.027+0000] {logging_mixin.py:188} INFO - [2024-07-15T13:54:55.027+0000] {dagbag.py:545} INFO - Filling up the DagBag from /home/airflow/.local/lib/python3.12/site-packages/airflow/example_dags/example_python_operator.py
[2024-07-15T13:54:55.033+0000] {processor.py:840} INFO - DAG(s) 'example_python_operator' retrieved from /home/airflow/.local/lib/python3.12/site-packages/airflow/example_dags/example_python_operator.py
[2024-07-15T13:54:55.044+0000] {logging_mixin.py:188} INFO - [2024-07-15T13:54:55.044+0000] {dag.py:3096} INFO - Sync 1 DAGs
[2024-07-15T13:54:55.051+0000] {logging_mixin.py:188} INFO - [2024-07-15T13:54:55.051+0000] {dag.py:3954} INFO - Setting next_dagrun for example_python_operator to None, run_after=None
[2024-07-15T13:54:55.059+0000] {processor.py:183} INFO - Processing /home/airflow/.local/lib/python3.12/site-packages/airflow/example_dags/example_python_operator.py took 0.037 seconds
[2024-07-15T13:55:25.220+0000] {processor.py:161} INFO - Started process (PID=389) to work on /home/airflow/.local/lib/python3.12/site-packages/airflow/example_dags/example_python_operator.py
[2024-07-15T13:55:25.221+0000] {processor.py:830} INFO - Processing file /home/airflow/.local/lib/python3.12/site-packages/airflow/example_dags/example_python_operator.py for tasks to queue
[2024-07-15T13:55:25.222+0000] {logging_mixin.py:188} INFO - [2024-07-15T13:55:25.222+0000] {dagbag.py:545} INFO - Filling up the DagBag from /home/airflow/.local/lib/python3.12/site-packages/airflow/example_dags/example_python_operator.py
[2024-07-15T13:55:25.227+0000] {processor.py:840} INFO - DAG(s) 'example_python_operator' retrieved from /home/airflow/.local/lib/python3.12/site-packages/airflow/example_dags/example_python_operator.py
[2024-07-15T13:55:25.239+0000] {logging_mixin.py:188} INFO - [2024-07-15T13:55:25.238+0000] {dag.py:3096} INFO - Sync 1 DAGs
[2024-07-15T13:55:25.245+0000] {logging_mixin.py:188} INFO - [2024-07-15T13:55:25.245+0000] {dag.py:3954} INFO - Setting next_dagrun for example_python_operator to None, run_after=None
[2024-07-15T13:55:25.254+0000] {processor.py:183} INFO - Processing /home/airflow/.local/lib/python3.12/site-packages/airflow/example_dags/example_python_operator.py took 0.037 seconds
[2024-07-15T13:55:56.388+0000] {processor.py:161} INFO - Started process (PID=454) to work on /home/airflow/.local/lib/python3.12/site-packages/airflow/example_dags/example_python_operator.py
[2024-07-15T13:55:56.389+0000] {processor.py:830} INFO - Processing file /home/airflow/.local/lib/python3.12/site-packages/airflow/example_dags/example_python_operator.py for tasks to queue
[2024-07-15T13:55:56.391+0000] {logging_mixin.py:188} INFO - [2024-07-15T13:55:56.391+0000] {dagbag.py:545} INFO - Filling up the DagBag from /home/airflow/.local/lib/python3.12/site-packages/airflow/example_dags/example_python_operator.py
[2024-07-15T13:55:56.397+0000] {processor.py:840} INFO - DAG(s) 'example_python_operator' retrieved from /home/airflow/.local/lib/python3.12/site-packages/airflow/example_dags/example_python_operator.py
[2024-07-15T13:55:56.411+0000] {logging_mixin.py:188} INFO - [2024-07-15T13:55:56.410+0000] {dag.py:3096} INFO - Sync 1 DAGs
[2024-07-15T13:55:56.418+0000] {logging_mixin.py:188} INFO - [2024-07-15T13:55:56.418+0000] {dag.py:3954} INFO - Setting next_dagrun for example_python_operator to None, run_after=None
[2024-07-15T13:55:56.427+0000] {processor.py:183} INFO - Processing /home/airflow/.local/lib/python3.12/site-packages/airflow/example_dags/example_python_operator.py took 0.044 seconds
[2024-07-15T13:56:26.561+0000] {processor.py:161} INFO - Started process (PID=518) to work on /home/airflow/.local/lib/python3.12/site-packages/airflow/example_dags/example_python_operator.py
[2024-07-15T13:56:26.562+0000] {processor.py:830} INFO - Processing file /home/airflow/.local/lib/python3.12/site-packages/airflow/example_dags/example_python_operator.py for tasks to queue
[2024-07-15T13:56:26.563+0000] {logging_mixin.py:188} INFO - [2024-07-15T13:56:26.563+0000] {dagbag.py:545} INFO - Filling up the DagBag from /home/airflow/.local/lib/python3.12/site-packages/airflow/example_dags/example_python_operator.py
[2024-07-15T13:56:26.569+0000] {processor.py:840} INFO - DAG(s) 'example_python_operator' retrieved from /home/airflow/.local/lib/python3.12/site-packages/airflow/example_dags/example_python_operator.py
[2024-07-15T13:56:26.581+0000] {logging_mixin.py:188} INFO - [2024-07-15T13:56:26.581+0000] {dag.py:3096} INFO - Sync 1 DAGs
[2024-07-15T13:56:26.587+0000] {logging_mixin.py:188} INFO - [2024-07-15T13:56:26.587+0000] {dag.py:3954} INFO - Setting next_dagrun for example_python_operator to None, run_after=None
[2024-07-15T13:56:26.596+0000] {processor.py:183} INFO - Processing /home/airflow/.local/lib/python3.12/site-packages/airflow/example_dags/example_python_operator.py took 0.037 seconds
[2024-07-15T13:56:56.851+0000] {processor.py:161} INFO - Started process (PID=582) to work on /home/airflow/.local/lib/python3.12/site-packages/airflow/example_dags/example_python_operator.py
[2024-07-15T13:56:56.851+0000] {processor.py:830} INFO - Processing file /home/airflow/.local/lib/python3.12/site-packages/airflow/example_dags/example_python_operator.py for tasks to queue
[2024-07-15T13:56:56.852+0000] {logging_mixin.py:188} INFO - [2024-07-15T13:56:56.852+0000] {dagbag.py:545} INFO - Filling up the DagBag from /home/airflow/.local/lib/python3.12/site-packages/airflow/example_dags/example_python_operator.py
[2024-07-15T13:56:56.858+0000] {processor.py:840} INFO - DAG(s) 'example_python_operator' retrieved from /home/airflow/.local/lib/python3.12/site-packages/airflow/example_dags/example_python_operator.py
[2024-07-15T13:56:56.869+0000] {logging_mixin.py:188} INFO - [2024-07-15T13:56:56.869+0000] {dag.py:3096} INFO - Sync 1 DAGs
[2024-07-15T13:56:56.875+0000] {logging_mixin.py:188} INFO - [2024-07-15T13:56:56.875+0000] {dag.py:3954} INFO - Setting next_dagrun for example_python_operator to None, run_after=None
[2024-07-15T13:56:56.884+0000] {processor.py:183} INFO - Processing /home/airflow/.local/lib/python3.12/site-packages/airflow/example_dags/example_python_operator.py took 0.036 seconds
[2024-07-15T13:57:26.996+0000] {processor.py:161} INFO - Started process (PID=646) to work on /home/airflow/.local/lib/python3.12/site-packages/airflow/example_dags/example_python_operator.py
[2024-07-15T13:57:26.997+0000] {processor.py:830} INFO - Processing file /home/airflow/.local/lib/python3.12/site-packages/airflow/example_dags/example_python_operator.py for tasks to queue
[2024-07-15T13:57:26.998+0000] {logging_mixin.py:188} INFO - [2024-07-15T13:57:26.998+0000] {dagbag.py:545} INFO - Filling up the DagBag from /home/airflow/.local/lib/python3.12/site-packages/airflow/example_dags/example_python_operator.py
[2024-07-15T13:57:27.003+0000] {processor.py:840} INFO - DAG(s) 'example_python_operator' retrieved from /home/airflow/.local/lib/python3.12/site-packages/airflow/example_dags/example_python_operator.py
[2024-07-15T13:57:27.014+0000] {logging_mixin.py:188} INFO - [2024-07-15T13:57:27.014+0000] {dag.py:3096} INFO - Sync 1 DAGs
[2024-07-15T13:57:27.020+0000] {logging_mixin.py:188} INFO - [2024-07-15T13:57:27.020+0000] {dag.py:3954} INFO - Setting next_dagrun for example_python_operator to None, run_after=None
[2024-07-15T13:57:27.029+0000] {processor.py:183} INFO - Processing /home/airflow/.local/lib/python3.12/site-packages/airflow/example_dags/example_python_operator.py took 0.036 seconds
[2024-07-15T13:57:58.075+0000] {processor.py:161} INFO - Started process (PID=710) to work on /home/airflow/.local/lib/python3.12/site-packages/airflow/example_dags/example_python_operator.py
[2024-07-15T13:57:58.076+0000] {processor.py:830} INFO - Processing file /home/airflow/.local/lib/python3.12/site-packages/airflow/example_dags/example_python_operator.py for tasks to queue
[2024-07-15T13:57:58.078+0000] {logging_mixin.py:188} INFO - [2024-07-15T13:57:58.077+0000] {dagbag.py:545} INFO - Filling up the DagBag from /home/airflow/.local/lib/python3.12/site-packages/airflow/example_dags/example_python_operator.py
[2024-07-15T13:57:58.083+0000] {processor.py:840} INFO - DAG(s) 'example_python_operator' retrieved from /home/airflow/.local/lib/python3.12/site-packages/airflow/example_dags/example_python_operator.py
[2024-07-15T13:57:58.095+0000] {logging_mixin.py:188} INFO - [2024-07-15T13:57:58.095+0000] {dag.py:3096} INFO - Sync 1 DAGs
[2024-07-15T13:57:58.101+0000] {logging_mixin.py:188} INFO - [2024-07-15T13:57:58.101+0000] {dag.py:3954} INFO - Setting next_dagrun for example_python_operator to None, run_after=None
[2024-07-15T13:57:58.110+0000] {processor.py:183} INFO - Processing /home/airflow/.local/lib/python3.12/site-packages/airflow/example_dags/example_python_operator.py took 0.042 seconds
[2024-07-15T13:58:28.285+0000] {processor.py:161} INFO - Started process (PID=774) to work on /home/airflow/.local/lib/python3.12/site-packages/airflow/example_dags/example_python_operator.py
[2024-07-15T13:58:28.286+0000] {processor.py:830} INFO - Processing file /home/airflow/.local/lib/python3.12/site-packages/airflow/example_dags/example_python_operator.py for tasks to queue
[2024-07-15T13:58:28.287+0000] {logging_mixin.py:188} INFO - [2024-07-15T13:58:28.287+0000] {dagbag.py:545} INFO - Filling up the DagBag from /home/airflow/.local/lib/python3.12/site-packages/airflow/example_dags/example_python_operator.py
[2024-07-15T13:58:28.293+0000] {processor.py:840} INFO - DAG(s) 'example_python_operator' retrieved from /home/airflow/.local/lib/python3.12/site-packages/airflow/example_dags/example_python_operator.py
[2024-07-15T13:58:28.305+0000] {logging_mixin.py:188} INFO - [2024-07-15T13:58:28.304+0000] {dag.py:3096} INFO - Sync 1 DAGs
[2024-07-15T13:58:28.310+0000] {logging_mixin.py:188} INFO - [2024-07-15T13:58:28.310+0000] {dag.py:3954} INFO - Setting next_dagrun for example_python_operator to None, run_after=None
[2024-07-15T13:58:28.320+0000] {processor.py:183} INFO - Processing /home/airflow/.local/lib/python3.12/site-packages/airflow/example_dags/example_python_operator.py took 0.038 seconds
[2024-07-15T13:58:58.494+0000] {processor.py:161} INFO - Started process (PID=838) to work on /home/airflow/.local/lib/python3.12/site-packages/airflow/example_dags/example_python_operator.py
[2024-07-15T13:58:58.494+0000] {processor.py:830} INFO - Processing file /home/airflow/.local/lib/python3.12/site-packages/airflow/example_dags/example_python_operator.py for tasks to queue
[2024-07-15T13:58:58.495+0000] {logging_mixin.py:188} INFO - [2024-07-15T13:58:58.495+0000] {dagbag.py:545} INFO - Filling up the DagBag from /home/airflow/.local/lib/python3.12/site-packages/airflow/example_dags/example_python_operator.py
[2024-07-15T13:58:58.501+0000] {processor.py:840} INFO - DAG(s) 'example_python_operator' retrieved from /home/airflow/.local/lib/python3.12/site-packages/airflow/example_dags/example_python_operator.py
[2024-07-15T13:58:58.512+0000] {logging_mixin.py:188} INFO - [2024-07-15T13:58:58.512+0000] {dag.py:3096} INFO - Sync 1 DAGs
[2024-07-15T13:58:58.518+0000] {logging_mixin.py:188} INFO - [2024-07-15T13:58:58.518+0000] {dag.py:3954} INFO - Setting next_dagrun for example_python_operator to None, run_after=None
[2024-07-15T13:58:58.530+0000] {processor.py:183} INFO - Processing /home/airflow/.local/lib/python3.12/site-packages/airflow/example_dags/example_python_operator.py took 0.039 seconds
[2024-07-15T13:59:28.583+0000] {processor.py:161} INFO - Started process (PID=902) to work on /home/airflow/.local/lib/python3.12/site-packages/airflow/example_dags/example_python_operator.py
[2024-07-15T13:59:28.584+0000] {processor.py:830} INFO - Processing file /home/airflow/.local/lib/python3.12/site-packages/airflow/example_dags/example_python_operator.py for tasks to queue
[2024-07-15T13:59:28.585+0000] {logging_mixin.py:188} INFO - [2024-07-15T13:59:28.585+0000] {dagbag.py:545} INFO - Filling up the DagBag from /home/airflow/.local/lib/python3.12/site-packages/airflow/example_dags/example_python_operator.py
[2024-07-15T13:59:28.591+0000] {processor.py:840} INFO - DAG(s) 'example_python_operator' retrieved from /home/airflow/.local/lib/python3.12/site-packages/airflow/example_dags/example_python_operator.py
[2024-07-15T13:59:28.603+0000] {logging_mixin.py:188} INFO - [2024-07-15T13:59:28.603+0000] {dag.py:3096} INFO - Sync 1 DAGs
[2024-07-15T13:59:28.610+0000] {logging_mixin.py:188} INFO - [2024-07-15T13:59:28.610+0000] {dag.py:3954} INFO - Setting next_dagrun for example_python_operator to None, run_after=None
[2024-07-15T13:59:28.619+0000] {processor.py:183} INFO - Processing /home/airflow/.local/lib/python3.12/site-packages/airflow/example_dags/example_python_operator.py took 0.038 seconds
[2024-07-15T13:59:58.812+0000] {processor.py:161} INFO - Started process (PID=966) to work on /home/airflow/.local/lib/python3.12/site-packages/airflow/example_dags/example_python_operator.py
[2024-07-15T13:59:58.813+0000] {processor.py:830} INFO - Processing file /home/airflow/.local/lib/python3.12/site-packages/airflow/example_dags/example_python_operator.py for tasks to queue
[2024-07-15T13:59:58.816+0000] {logging_mixin.py:188} INFO - [2024-07-15T13:59:58.816+0000] {dagbag.py:545} INFO - Filling up the DagBag from /home/airflow/.local/lib/python3.12/site-packages/airflow/example_dags/example_python_operator.py
[2024-07-15T13:59:58.822+0000] {processor.py:840} INFO - DAG(s) 'example_python_operator' retrieved from /home/airflow/.local/lib/python3.12/site-packages/airflow/example_dags/example_python_operator.py
[2024-07-15T13:59:58.835+0000] {logging_mixin.py:188} INFO - [2024-07-15T13:59:58.835+0000] {dag.py:3096} INFO - Sync 1 DAGs
[2024-07-15T13:59:58.841+0000] {logging_mixin.py:188} INFO - [2024-07-15T13:59:58.841+0000] {dag.py:3954} INFO - Setting next_dagrun for example_python_operator to None, run_after=None
[2024-07-15T13:59:58.852+0000] {processor.py:183} INFO - Processing /home/airflow/.local/lib/python3.12/site-packages/airflow/example_dags/example_python_operator.py took 0.043 seconds
[2024-07-15T14:00:29.027+0000] {processor.py:161} INFO - Started process (PID=1030) to work on /home/airflow/.local/lib/python3.12/site-packages/airflow/example_dags/example_python_operator.py
[2024-07-15T14:00:29.027+0000] {processor.py:830} INFO - Processing file /home/airflow/.local/lib/python3.12/site-packages/airflow/example_dags/example_python_operator.py for tasks to queue
[2024-07-15T14:00:29.028+0000] {logging_mixin.py:188} INFO - [2024-07-15T14:00:29.028+0000] {dagbag.py:545} INFO - Filling up the DagBag from /home/airflow/.local/lib/python3.12/site-packages/airflow/example_dags/example_python_operator.py
[2024-07-15T14:00:29.034+0000] {processor.py:840} INFO - DAG(s) 'example_python_operator' retrieved from /home/airflow/.local/lib/python3.12/site-packages/airflow/example_dags/example_python_operator.py
[2024-07-15T14:00:29.045+0000] {logging_mixin.py:188} INFO - [2024-07-15T14:00:29.045+0000] {dag.py:3096} INFO - Sync 1 DAGs
[2024-07-15T14:00:29.051+0000] {logging_mixin.py:188} INFO - [2024-07-15T14:00:29.051+0000] {dag.py:3954} INFO - Setting next_dagrun for example_python_operator to None, run_after=None
[2024-07-15T14:00:29.060+0000] {processor.py:183} INFO - Processing /home/airflow/.local/lib/python3.12/site-packages/airflow/example_dags/example_python_operator.py took 0.036 seconds
[2024-07-15T14:01:00.088+0000] {processor.py:161} INFO - Started process (PID=1094) to work on /home/airflow/.local/lib/python3.12/site-packages/airflow/example_dags/example_python_operator.py
[2024-07-15T14:01:00.089+0000] {processor.py:830} INFO - Processing file /home/airflow/.local/lib/python3.12/site-packages/airflow/example_dags/example_python_operator.py for tasks to queue
[2024-07-15T14:01:00.090+0000] {logging_mixin.py:188} INFO - [2024-07-15T14:01:00.090+0000] {dagbag.py:545} INFO - Filling up the DagBag from /home/airflow/.local/lib/python3.12/site-packages/airflow/example_dags/example_python_operator.py
[2024-07-15T14:01:00.096+0000] {processor.py:840} INFO - DAG(s) 'example_python_operator' retrieved from /home/airflow/.local/lib/python3.12/site-packages/airflow/example_dags/example_python_operator.py
[2024-07-15T14:01:00.107+0000] {logging_mixin.py:188} INFO - [2024-07-15T14:01:00.107+0000] {dag.py:3096} INFO - Sync 1 DAGs
[2024-07-15T14:01:00.115+0000] {logging_mixin.py:188} INFO - [2024-07-15T14:01:00.115+0000] {dag.py:3954} INFO - Setting next_dagrun for example_python_operator to None, run_after=None
[2024-07-15T14:01:00.123+0000] {processor.py:183} INFO - Processing /home/airflow/.local/lib/python3.12/site-packages/airflow/example_dags/example_python_operator.py took 0.038 seconds
[2024-07-15T14:01:30.285+0000] {processor.py:161} INFO - Started process (PID=1158) to work on /home/airflow/.local/lib/python3.12/site-packages/airflow/example_dags/example_python_operator.py
[2024-07-15T14:01:30.285+0000] {processor.py:830} INFO - Processing file /home/airflow/.local/lib/python3.12/site-packages/airflow/example_dags/example_python_operator.py for tasks to queue
[2024-07-15T14:01:30.286+0000] {logging_mixin.py:188} INFO - [2024-07-15T14:01:30.286+0000] {dagbag.py:545} INFO - Filling up the DagBag from /home/airflow/.local/lib/python3.12/site-packages/airflow/example_dags/example_python_operator.py
[2024-07-15T14:01:30.292+0000] {processor.py:840} INFO - DAG(s) 'example_python_operator' retrieved from /home/airflow/.local/lib/python3.12/site-packages/airflow/example_dags/example_python_operator.py
[2024-07-15T14:01:30.303+0000] {logging_mixin.py:188} INFO - [2024-07-15T14:01:30.303+0000] {dag.py:3096} INFO - Sync 1 DAGs
[2024-07-15T14:01:30.309+0000] {logging_mixin.py:188} INFO - [2024-07-15T14:01:30.309+0000] {dag.py:3954} INFO - Setting next_dagrun for example_python_operator to None, run_after=None
[2024-07-15T14:01:30.317+0000] {processor.py:183} INFO - Processing /home/airflow/.local/lib/python3.12/site-packages/airflow/example_dags/example_python_operator.py took 0.035 seconds
[2024-07-15T14:02:00.395+0000] {processor.py:161} INFO - Started process (PID=1222) to work on /home/airflow/.local/lib/python3.12/site-packages/airflow/example_dags/example_python_operator.py
[2024-07-15T14:02:00.396+0000] {processor.py:830} INFO - Processing file /home/airflow/.local/lib/python3.12/site-packages/airflow/example_dags/example_python_operator.py for tasks to queue
[2024-07-15T14:02:00.397+0000] {logging_mixin.py:188} INFO - [2024-07-15T14:02:00.397+0000] {dagbag.py:545} INFO - Filling up the DagBag from /home/airflow/.local/lib/python3.12/site-packages/airflow/example_dags/example_python_operator.py
[2024-07-15T14:02:00.402+0000] {processor.py:840} INFO - DAG(s) 'example_python_operator' retrieved from /home/airflow/.local/lib/python3.12/site-packages/airflow/example_dags/example_python_operator.py
[2024-07-15T14:02:00.413+0000] {logging_mixin.py:188} INFO - [2024-07-15T14:02:00.413+0000] {dag.py:3096} INFO - Sync 1 DAGs
[2024-07-15T14:02:00.419+0000] {logging_mixin.py:188} INFO - [2024-07-15T14:02:00.419+0000] {dag.py:3954} INFO - Setting next_dagrun for example_python_operator to None, run_after=None
[2024-07-15T14:02:00.427+0000] {processor.py:183} INFO - Processing /home/airflow/.local/lib/python3.12/site-packages/airflow/example_dags/example_python_operator.py took 0.035 seconds
[2024-07-15T14:02:30.578+0000] {processor.py:161} INFO - Started process (PID=1286) to work on /home/airflow/.local/lib/python3.12/site-packages/airflow/example_dags/example_python_operator.py
[2024-07-15T14:02:30.581+0000] {processor.py:830} INFO - Processing file /home/airflow/.local/lib/python3.12/site-packages/airflow/example_dags/example_python_operator.py for tasks to queue
[2024-07-15T14:02:30.582+0000] {logging_mixin.py:188} INFO - [2024-07-15T14:02:30.582+0000] {dagbag.py:545} INFO - Filling up the DagBag from /home/airflow/.local/lib/python3.12/site-packages/airflow/example_dags/example_python_operator.py
[2024-07-15T14:02:30.588+0000] {processor.py:840} INFO - DAG(s) 'example_python_operator' retrieved from /home/airflow/.local/lib/python3.12/site-packages/airflow/example_dags/example_python_operator.py
[2024-07-15T14:02:30.600+0000] {logging_mixin.py:188} INFO - [2024-07-15T14:02:30.599+0000] {dag.py:3096} INFO - Sync 1 DAGs
[2024-07-15T14:02:30.606+0000] {logging_mixin.py:188} INFO - [2024-07-15T14:02:30.606+0000] {dag.py:3954} INFO - Setting next_dagrun for example_python_operator to None, run_after=None
[2024-07-15T14:02:30.614+0000] {processor.py:183} INFO - Processing /home/airflow/.local/lib/python3.12/site-packages/airflow/example_dags/example_python_operator.py took 0.040 seconds
[2024-07-15T14:03:00.695+0000] {processor.py:161} INFO - Started process (PID=1350) to work on /home/airflow/.local/lib/python3.12/site-packages/airflow/example_dags/example_python_operator.py
[2024-07-15T14:03:00.696+0000] {processor.py:830} INFO - Processing file /home/airflow/.local/lib/python3.12/site-packages/airflow/example_dags/example_python_operator.py for tasks to queue
[2024-07-15T14:03:00.697+0000] {logging_mixin.py:188} INFO - [2024-07-15T14:03:00.696+0000] {dagbag.py:545} INFO - Filling up the DagBag from /home/airflow/.local/lib/python3.12/site-packages/airflow/example_dags/example_python_operator.py
[2024-07-15T14:03:00.702+0000] {processor.py:840} INFO - DAG(s) 'example_python_operator' retrieved from /home/airflow/.local/lib/python3.12/site-packages/airflow/example_dags/example_python_operator.py
[2024-07-15T14:03:00.713+0000] {logging_mixin.py:188} INFO - [2024-07-15T14:03:00.713+0000] {dag.py:3096} INFO - Sync 1 DAGs
[2024-07-15T14:03:00.719+0000] {logging_mixin.py:188} INFO - [2024-07-15T14:03:00.719+0000] {dag.py:3954} INFO - Setting next_dagrun for example_python_operator to None, run_after=None
[2024-07-15T14:03:00.728+0000] {processor.py:183} INFO - Processing /home/airflow/.local/lib/python3.12/site-packages/airflow/example_dags/example_python_operator.py took 0.036 seconds
[2024-07-15T14:03:30.909+0000] {processor.py:161} INFO - Started process (PID=1414) to work on /home/airflow/.local/lib/python3.12/site-packages/airflow/example_dags/example_python_operator.py
[2024-07-15T14:03:30.909+0000] {processor.py:830} INFO - Processing file /home/airflow/.local/lib/python3.12/site-packages/airflow/example_dags/example_python_operator.py for tasks to queue
[2024-07-15T14:03:30.911+0000] {logging_mixin.py:188} INFO - [2024-07-15T14:03:30.910+0000] {dagbag.py:545} INFO - Filling up the DagBag from /home/airflow/.local/lib/python3.12/site-packages/airflow/example_dags/example_python_operator.py
[2024-07-15T14:03:30.916+0000] {processor.py:840} INFO - DAG(s) 'example_python_operator' retrieved from /home/airflow/.local/lib/python3.12/site-packages/airflow/example_dags/example_python_operator.py
[2024-07-15T14:03:30.927+0000] {logging_mixin.py:188} INFO - [2024-07-15T14:03:30.927+0000] {dag.py:3096} INFO - Sync 1 DAGs
[2024-07-15T14:03:30.933+0000] {logging_mixin.py:188} INFO - [2024-07-15T14:03:30.933+0000] {dag.py:3954} INFO - Setting next_dagrun for example_python_operator to None, run_after=None
[2024-07-15T14:03:30.941+0000] {processor.py:183} INFO - Processing /home/airflow/.local/lib/python3.12/site-packages/airflow/example_dags/example_python_operator.py took 0.035 seconds
[2024-07-15T14:04:01.248+0000] {processor.py:161} INFO - Started process (PID=1478) to work on /home/airflow/.local/lib/python3.12/site-packages/airflow/example_dags/example_python_operator.py
[2024-07-15T14:04:01.248+0000] {processor.py:830} INFO - Processing file /home/airflow/.local/lib/python3.12/site-packages/airflow/example_dags/example_python_operator.py for tasks to queue
[2024-07-15T14:04:01.249+0000] {logging_mixin.py:188} INFO - [2024-07-15T14:04:01.249+0000] {dagbag.py:545} INFO - Filling up the DagBag from /home/airflow/.local/lib/python3.12/site-packages/airflow/example_dags/example_python_operator.py
[2024-07-15T14:04:01.255+0000] {processor.py:840} INFO - DAG(s) 'example_python_operator' retrieved from /home/airflow/.local/lib/python3.12/site-packages/airflow/example_dags/example_python_operator.py
[2024-07-15T14:04:01.266+0000] {logging_mixin.py:188} INFO - [2024-07-15T14:04:01.266+0000] {dag.py:3096} INFO - Sync 1 DAGs
[2024-07-15T14:04:01.272+0000] {logging_mixin.py:188} INFO - [2024-07-15T14:04:01.272+0000] {dag.py:3954} INFO - Setting next_dagrun for example_python_operator to None, run_after=None
[2024-07-15T14:04:01.279+0000] {processor.py:183} INFO - Processing /home/airflow/.local/lib/python3.12/site-packages/airflow/example_dags/example_python_operator.py took 0.034 seconds
[2024-07-15T14:04:31.889+0000] {processor.py:161} INFO - Started process (PID=1542) to work on /home/airflow/.local/lib/python3.12/site-packages/airflow/example_dags/example_python_operator.py
[2024-07-15T14:04:31.890+0000] {processor.py:830} INFO - Processing file /home/airflow/.local/lib/python3.12/site-packages/airflow/example_dags/example_python_operator.py for tasks to queue
[2024-07-15T14:04:31.891+0000] {logging_mixin.py:188} INFO - [2024-07-15T14:04:31.891+0000] {dagbag.py:545} INFO - Filling up the DagBag from /home/airflow/.local/lib/python3.12/site-packages/airflow/example_dags/example_python_operator.py
[2024-07-15T14:04:31.896+0000] {processor.py:840} INFO - DAG(s) 'example_python_operator' retrieved from /home/airflow/.local/lib/python3.12/site-packages/airflow/example_dags/example_python_operator.py
[2024-07-15T14:04:31.908+0000] {logging_mixin.py:188} INFO - [2024-07-15T14:04:31.908+0000] {dag.py:3096} INFO - Sync 1 DAGs
[2024-07-15T14:04:31.914+0000] {logging_mixin.py:188} INFO - [2024-07-15T14:04:31.914+0000] {dag.py:3954} INFO - Setting next_dagrun for example_python_operator to None, run_after=None
[2024-07-15T14:04:31.923+0000] {processor.py:183} INFO - Processing /home/airflow/.local/lib/python3.12/site-packages/airflow/example_dags/example_python_operator.py took 0.037 seconds
