[2024-07-15T13:40:22.041+0000] {processor.py:161} INFO - Started process (PID=56) to work on /home/airflow/.local/lib/python3.12/site-packages/airflow/example_dags/example_bash_operator.py
[2024-07-15T13:40:22.042+0000] {processor.py:830} INFO - Processing file /home/airflow/.local/lib/python3.12/site-packages/airflow/example_dags/example_bash_operator.py for tasks to queue
[2024-07-15T13:40:22.044+0000] {logging_mixin.py:188} INFO - [2024-07-15T13:40:22.044+0000] {dagbag.py:545} INFO - Filling up the DagBag from /home/airflow/.local/lib/python3.12/site-packages/airflow/example_dags/example_bash_operator.py
[2024-07-15T13:40:22.063+0000] {processor.py:840} INFO - DAG(s) 'example_bash_operator' retrieved from /home/airflow/.local/lib/python3.12/site-packages/airflow/example_dags/example_bash_operator.py
[2024-07-15T13:40:22.074+0000] {logging_mixin.py:188} INFO - [2024-07-15T13:40:22.074+0000] {dag.py:3096} INFO - Sync 1 DAGs
[2024-07-15T13:40:22.094+0000] {logging_mixin.py:188} INFO - [2024-07-15T13:40:22.094+0000] {dag.py:3954} INFO - Setting next_dagrun for example_bash_operator to 2024-07-14 00:00:00+00:00, run_after=2024-07-15 00:00:00+00:00
[2024-07-15T13:40:22.114+0000] {processor.py:183} INFO - Processing /home/airflow/.local/lib/python3.12/site-packages/airflow/example_dags/example_bash_operator.py took 0.081 seconds
[2024-07-15T13:40:52.684+0000] {processor.py:161} INFO - Started process (PID=120) to work on /home/airflow/.local/lib/python3.12/site-packages/airflow/example_dags/example_bash_operator.py
[2024-07-15T13:40:52.685+0000] {processor.py:830} INFO - Processing file /home/airflow/.local/lib/python3.12/site-packages/airflow/example_dags/example_bash_operator.py for tasks to queue
[2024-07-15T13:40:52.686+0000] {logging_mixin.py:188} INFO - [2024-07-15T13:40:52.685+0000] {dagbag.py:545} INFO - Filling up the DagBag from /home/airflow/.local/lib/python3.12/site-packages/airflow/example_dags/example_bash_operator.py
[2024-07-15T13:40:52.691+0000] {processor.py:840} INFO - DAG(s) 'example_bash_operator' retrieved from /home/airflow/.local/lib/python3.12/site-packages/airflow/example_dags/example_bash_operator.py
[2024-07-15T13:40:52.739+0000] {logging_mixin.py:188} INFO - [2024-07-15T13:40:52.739+0000] {dag.py:3096} INFO - Sync 1 DAGs
[2024-07-15T13:40:52.748+0000] {logging_mixin.py:188} INFO - [2024-07-15T13:40:52.748+0000] {dag.py:3954} INFO - Setting next_dagrun for example_bash_operator to 2024-07-14 00:00:00+00:00, run_after=2024-07-15 00:00:00+00:00
[2024-07-15T13:40:52.757+0000] {processor.py:183} INFO - Processing /home/airflow/.local/lib/python3.12/site-packages/airflow/example_dags/example_bash_operator.py took 0.076 seconds
[2024-07-15T13:41:23.023+0000] {processor.py:161} INFO - Started process (PID=184) to work on /home/airflow/.local/lib/python3.12/site-packages/airflow/example_dags/example_bash_operator.py
[2024-07-15T13:41:23.023+0000] {processor.py:830} INFO - Processing file /home/airflow/.local/lib/python3.12/site-packages/airflow/example_dags/example_bash_operator.py for tasks to queue
[2024-07-15T13:41:23.025+0000] {logging_mixin.py:188} INFO - [2024-07-15T13:41:23.024+0000] {dagbag.py:545} INFO - Filling up the DagBag from /home/airflow/.local/lib/python3.12/site-packages/airflow/example_dags/example_bash_operator.py
[2024-07-15T13:41:23.031+0000] {processor.py:840} INFO - DAG(s) 'example_bash_operator' retrieved from /home/airflow/.local/lib/python3.12/site-packages/airflow/example_dags/example_bash_operator.py
[2024-07-15T13:41:23.046+0000] {logging_mixin.py:188} INFO - [2024-07-15T13:41:23.045+0000] {dag.py:3096} INFO - Sync 1 DAGs
[2024-07-15T13:41:23.058+0000] {logging_mixin.py:188} INFO - [2024-07-15T13:41:23.058+0000] {dag.py:3954} INFO - Setting next_dagrun for example_bash_operator to 2024-07-14 00:00:00+00:00, run_after=2024-07-15 00:00:00+00:00
[2024-07-15T13:41:23.069+0000] {processor.py:183} INFO - Processing /home/airflow/.local/lib/python3.12/site-packages/airflow/example_dags/example_bash_operator.py took 0.050 seconds
[2024-07-15T13:41:54.098+0000] {processor.py:161} INFO - Started process (PID=248) to work on /home/airflow/.local/lib/python3.12/site-packages/airflow/example_dags/example_bash_operator.py
[2024-07-15T13:41:54.098+0000] {processor.py:830} INFO - Processing file /home/airflow/.local/lib/python3.12/site-packages/airflow/example_dags/example_bash_operator.py for tasks to queue
[2024-07-15T13:41:54.099+0000] {logging_mixin.py:188} INFO - [2024-07-15T13:41:54.099+0000] {dagbag.py:545} INFO - Filling up the DagBag from /home/airflow/.local/lib/python3.12/site-packages/airflow/example_dags/example_bash_operator.py
[2024-07-15T13:41:54.104+0000] {processor.py:840} INFO - DAG(s) 'example_bash_operator' retrieved from /home/airflow/.local/lib/python3.12/site-packages/airflow/example_dags/example_bash_operator.py
[2024-07-15T13:41:54.118+0000] {logging_mixin.py:188} INFO - [2024-07-15T13:41:54.118+0000] {dag.py:3096} INFO - Sync 1 DAGs
[2024-07-15T13:41:54.130+0000] {logging_mixin.py:188} INFO - [2024-07-15T13:41:54.130+0000] {dag.py:3954} INFO - Setting next_dagrun for example_bash_operator to 2024-07-14 00:00:00+00:00, run_after=2024-07-15 00:00:00+00:00
[2024-07-15T13:41:54.140+0000] {processor.py:183} INFO - Processing /home/airflow/.local/lib/python3.12/site-packages/airflow/example_dags/example_bash_operator.py took 0.045 seconds
[2024-07-15T13:42:25.357+0000] {processor.py:161} INFO - Started process (PID=312) to work on /home/airflow/.local/lib/python3.12/site-packages/airflow/example_dags/example_bash_operator.py
[2024-07-15T13:42:25.358+0000] {processor.py:830} INFO - Processing file /home/airflow/.local/lib/python3.12/site-packages/airflow/example_dags/example_bash_operator.py for tasks to queue
[2024-07-15T13:42:25.359+0000] {logging_mixin.py:188} INFO - [2024-07-15T13:42:25.359+0000] {dagbag.py:545} INFO - Filling up the DagBag from /home/airflow/.local/lib/python3.12/site-packages/airflow/example_dags/example_bash_operator.py
[2024-07-15T13:42:25.365+0000] {processor.py:840} INFO - DAG(s) 'example_bash_operator' retrieved from /home/airflow/.local/lib/python3.12/site-packages/airflow/example_dags/example_bash_operator.py
[2024-07-15T13:42:25.380+0000] {logging_mixin.py:188} INFO - [2024-07-15T13:42:25.380+0000] {dag.py:3096} INFO - Sync 1 DAGs
[2024-07-15T13:42:25.391+0000] {logging_mixin.py:188} INFO - [2024-07-15T13:42:25.391+0000] {dag.py:3954} INFO - Setting next_dagrun for example_bash_operator to 2024-07-14 00:00:00+00:00, run_after=2024-07-15 00:00:00+00:00
[2024-07-15T13:42:25.399+0000] {processor.py:183} INFO - Processing /home/airflow/.local/lib/python3.12/site-packages/airflow/example_dags/example_bash_operator.py took 0.045 seconds
[2024-07-15T13:42:55.577+0000] {processor.py:161} INFO - Started process (PID=376) to work on /home/airflow/.local/lib/python3.12/site-packages/airflow/example_dags/example_bash_operator.py
[2024-07-15T13:42:55.578+0000] {processor.py:830} INFO - Processing file /home/airflow/.local/lib/python3.12/site-packages/airflow/example_dags/example_bash_operator.py for tasks to queue
[2024-07-15T13:42:55.579+0000] {logging_mixin.py:188} INFO - [2024-07-15T13:42:55.579+0000] {dagbag.py:545} INFO - Filling up the DagBag from /home/airflow/.local/lib/python3.12/site-packages/airflow/example_dags/example_bash_operator.py
[2024-07-15T13:42:55.584+0000] {processor.py:840} INFO - DAG(s) 'example_bash_operator' retrieved from /home/airflow/.local/lib/python3.12/site-packages/airflow/example_dags/example_bash_operator.py
[2024-07-15T13:42:55.597+0000] {logging_mixin.py:188} INFO - [2024-07-15T13:42:55.597+0000] {dag.py:3096} INFO - Sync 1 DAGs
[2024-07-15T13:42:55.608+0000] {logging_mixin.py:188} INFO - [2024-07-15T13:42:55.608+0000] {dag.py:3954} INFO - Setting next_dagrun for example_bash_operator to 2024-07-14 00:00:00+00:00, run_after=2024-07-15 00:00:00+00:00
[2024-07-15T13:42:55.615+0000] {processor.py:183} INFO - Processing /home/airflow/.local/lib/python3.12/site-packages/airflow/example_dags/example_bash_operator.py took 0.041 seconds
[2024-07-15T13:43:26.671+0000] {processor.py:161} INFO - Started process (PID=440) to work on /home/airflow/.local/lib/python3.12/site-packages/airflow/example_dags/example_bash_operator.py
[2024-07-15T13:43:26.672+0000] {processor.py:830} INFO - Processing file /home/airflow/.local/lib/python3.12/site-packages/airflow/example_dags/example_bash_operator.py for tasks to queue
[2024-07-15T13:43:26.673+0000] {logging_mixin.py:188} INFO - [2024-07-15T13:43:26.673+0000] {dagbag.py:545} INFO - Filling up the DagBag from /home/airflow/.local/lib/python3.12/site-packages/airflow/example_dags/example_bash_operator.py
[2024-07-15T13:43:26.678+0000] {processor.py:840} INFO - DAG(s) 'example_bash_operator' retrieved from /home/airflow/.local/lib/python3.12/site-packages/airflow/example_dags/example_bash_operator.py
[2024-07-15T13:43:26.707+0000] {logging_mixin.py:188} INFO - [2024-07-15T13:43:26.707+0000] {dag.py:3096} INFO - Sync 1 DAGs
[2024-07-15T13:43:26.720+0000] {logging_mixin.py:188} INFO - [2024-07-15T13:43:26.720+0000] {dag.py:3954} INFO - Setting next_dagrun for example_bash_operator to 2024-07-14 00:00:00+00:00, run_after=2024-07-15 00:00:00+00:00
[2024-07-15T13:43:26.730+0000] {processor.py:183} INFO - Processing /home/airflow/.local/lib/python3.12/site-packages/airflow/example_dags/example_bash_operator.py took 0.064 seconds
[2024-07-15T13:43:56.804+0000] {processor.py:161} INFO - Started process (PID=504) to work on /home/airflow/.local/lib/python3.12/site-packages/airflow/example_dags/example_bash_operator.py
[2024-07-15T13:43:56.804+0000] {processor.py:830} INFO - Processing file /home/airflow/.local/lib/python3.12/site-packages/airflow/example_dags/example_bash_operator.py for tasks to queue
[2024-07-15T13:43:56.805+0000] {logging_mixin.py:188} INFO - [2024-07-15T13:43:56.805+0000] {dagbag.py:545} INFO - Filling up the DagBag from /home/airflow/.local/lib/python3.12/site-packages/airflow/example_dags/example_bash_operator.py
[2024-07-15T13:43:56.811+0000] {processor.py:840} INFO - DAG(s) 'example_bash_operator' retrieved from /home/airflow/.local/lib/python3.12/site-packages/airflow/example_dags/example_bash_operator.py
[2024-07-15T13:43:56.825+0000] {logging_mixin.py:188} INFO - [2024-07-15T13:43:56.825+0000] {dag.py:3096} INFO - Sync 1 DAGs
[2024-07-15T13:43:56.837+0000] {logging_mixin.py:188} INFO - [2024-07-15T13:43:56.837+0000] {dag.py:3954} INFO - Setting next_dagrun for example_bash_operator to 2024-07-14 00:00:00+00:00, run_after=2024-07-15 00:00:00+00:00
[2024-07-15T13:43:56.848+0000] {processor.py:183} INFO - Processing /home/airflow/.local/lib/python3.12/site-packages/airflow/example_dags/example_bash_operator.py took 0.048 seconds
[2024-07-15T13:44:27.169+0000] {processor.py:161} INFO - Started process (PID=568) to work on /home/airflow/.local/lib/python3.12/site-packages/airflow/example_dags/example_bash_operator.py
[2024-07-15T13:44:27.170+0000] {processor.py:830} INFO - Processing file /home/airflow/.local/lib/python3.12/site-packages/airflow/example_dags/example_bash_operator.py for tasks to queue
[2024-07-15T13:44:27.171+0000] {logging_mixin.py:188} INFO - [2024-07-15T13:44:27.171+0000] {dagbag.py:545} INFO - Filling up the DagBag from /home/airflow/.local/lib/python3.12/site-packages/airflow/example_dags/example_bash_operator.py
[2024-07-15T13:44:27.177+0000] {processor.py:840} INFO - DAG(s) 'example_bash_operator' retrieved from /home/airflow/.local/lib/python3.12/site-packages/airflow/example_dags/example_bash_operator.py
[2024-07-15T13:44:27.189+0000] {logging_mixin.py:188} INFO - [2024-07-15T13:44:27.189+0000] {dag.py:3096} INFO - Sync 1 DAGs
[2024-07-15T13:44:27.201+0000] {logging_mixin.py:188} INFO - [2024-07-15T13:44:27.200+0000] {dag.py:3954} INFO - Setting next_dagrun for example_bash_operator to 2024-07-14 00:00:00+00:00, run_after=2024-07-15 00:00:00+00:00
[2024-07-15T13:44:27.209+0000] {processor.py:183} INFO - Processing /home/airflow/.local/lib/python3.12/site-packages/airflow/example_dags/example_bash_operator.py took 0.043 seconds
[2024-07-15T13:45:47.191+0000] {processor.py:161} INFO - Started process (PID=57) to work on /home/airflow/.local/lib/python3.12/site-packages/airflow/example_dags/example_bash_operator.py
[2024-07-15T13:45:47.193+0000] {processor.py:830} INFO - Processing file /home/airflow/.local/lib/python3.12/site-packages/airflow/example_dags/example_bash_operator.py for tasks to queue
[2024-07-15T13:45:47.195+0000] {logging_mixin.py:188} INFO - [2024-07-15T13:45:47.195+0000] {dagbag.py:545} INFO - Filling up the DagBag from /home/airflow/.local/lib/python3.12/site-packages/airflow/example_dags/example_bash_operator.py
[2024-07-15T13:45:47.217+0000] {processor.py:840} INFO - DAG(s) 'example_bash_operator' retrieved from /home/airflow/.local/lib/python3.12/site-packages/airflow/example_dags/example_bash_operator.py
[2024-07-15T13:45:47.231+0000] {logging_mixin.py:188} INFO - [2024-07-15T13:45:47.231+0000] {dag.py:3096} INFO - Sync 1 DAGs
[2024-07-15T13:45:47.250+0000] {logging_mixin.py:188} INFO - [2024-07-15T13:45:47.250+0000] {dag.py:3954} INFO - Setting next_dagrun for example_bash_operator to 2024-07-14 00:00:00+00:00, run_after=2024-07-15 00:00:00+00:00
[2024-07-15T13:45:47.262+0000] {processor.py:183} INFO - Processing /home/airflow/.local/lib/python3.12/site-packages/airflow/example_dags/example_bash_operator.py took 0.076 seconds
[2024-07-15T13:46:17.650+0000] {processor.py:161} INFO - Started process (PID=121) to work on /home/airflow/.local/lib/python3.12/site-packages/airflow/example_dags/example_bash_operator.py
[2024-07-15T13:46:17.651+0000] {processor.py:830} INFO - Processing file /home/airflow/.local/lib/python3.12/site-packages/airflow/example_dags/example_bash_operator.py for tasks to queue
[2024-07-15T13:46:17.652+0000] {logging_mixin.py:188} INFO - [2024-07-15T13:46:17.652+0000] {dagbag.py:545} INFO - Filling up the DagBag from /home/airflow/.local/lib/python3.12/site-packages/airflow/example_dags/example_bash_operator.py
[2024-07-15T13:46:17.657+0000] {processor.py:840} INFO - DAG(s) 'example_bash_operator' retrieved from /home/airflow/.local/lib/python3.12/site-packages/airflow/example_dags/example_bash_operator.py
[2024-07-15T13:46:17.705+0000] {logging_mixin.py:188} INFO - [2024-07-15T13:46:17.705+0000] {dag.py:3096} INFO - Sync 1 DAGs
[2024-07-15T13:46:17.714+0000] {logging_mixin.py:188} INFO - [2024-07-15T13:46:17.714+0000] {dag.py:3954} INFO - Setting next_dagrun for example_bash_operator to 2024-07-14 00:00:00+00:00, run_after=2024-07-15 00:00:00+00:00
[2024-07-15T13:46:17.723+0000] {processor.py:183} INFO - Processing /home/airflow/.local/lib/python3.12/site-packages/airflow/example_dags/example_bash_operator.py took 0.076 seconds
[2024-07-15T13:46:48.092+0000] {processor.py:161} INFO - Started process (PID=184) to work on /home/airflow/.local/lib/python3.12/site-packages/airflow/example_dags/example_bash_operator.py
[2024-07-15T13:46:48.093+0000] {processor.py:830} INFO - Processing file /home/airflow/.local/lib/python3.12/site-packages/airflow/example_dags/example_bash_operator.py for tasks to queue
[2024-07-15T13:46:48.094+0000] {logging_mixin.py:188} INFO - [2024-07-15T13:46:48.093+0000] {dagbag.py:545} INFO - Filling up the DagBag from /home/airflow/.local/lib/python3.12/site-packages/airflow/example_dags/example_bash_operator.py
[2024-07-15T13:46:48.099+0000] {processor.py:840} INFO - DAG(s) 'example_bash_operator' retrieved from /home/airflow/.local/lib/python3.12/site-packages/airflow/example_dags/example_bash_operator.py
[2024-07-15T13:46:48.114+0000] {logging_mixin.py:188} INFO - [2024-07-15T13:46:48.114+0000] {dag.py:3096} INFO - Sync 1 DAGs
[2024-07-15T13:46:48.125+0000] {logging_mixin.py:188} INFO - [2024-07-15T13:46:48.125+0000] {dag.py:3954} INFO - Setting next_dagrun for example_bash_operator to 2024-07-14 00:00:00+00:00, run_after=2024-07-15 00:00:00+00:00
[2024-07-15T13:46:48.134+0000] {processor.py:183} INFO - Processing /home/airflow/.local/lib/python3.12/site-packages/airflow/example_dags/example_bash_operator.py took 0.045 seconds
[2024-07-15T13:47:18.403+0000] {processor.py:161} INFO - Started process (PID=248) to work on /home/airflow/.local/lib/python3.12/site-packages/airflow/example_dags/example_bash_operator.py
[2024-07-15T13:47:18.404+0000] {processor.py:830} INFO - Processing file /home/airflow/.local/lib/python3.12/site-packages/airflow/example_dags/example_bash_operator.py for tasks to queue
[2024-07-15T13:47:18.405+0000] {logging_mixin.py:188} INFO - [2024-07-15T13:47:18.405+0000] {dagbag.py:545} INFO - Filling up the DagBag from /home/airflow/.local/lib/python3.12/site-packages/airflow/example_dags/example_bash_operator.py
[2024-07-15T13:47:18.411+0000] {processor.py:840} INFO - DAG(s) 'example_bash_operator' retrieved from /home/airflow/.local/lib/python3.12/site-packages/airflow/example_dags/example_bash_operator.py
[2024-07-15T13:47:18.424+0000] {logging_mixin.py:188} INFO - [2024-07-15T13:47:18.424+0000] {dag.py:3096} INFO - Sync 1 DAGs
[2024-07-15T13:47:18.434+0000] {logging_mixin.py:188} INFO - [2024-07-15T13:47:18.434+0000] {dag.py:3954} INFO - Setting next_dagrun for example_bash_operator to 2024-07-14 00:00:00+00:00, run_after=2024-07-15 00:00:00+00:00
[2024-07-15T13:47:18.443+0000] {processor.py:183} INFO - Processing /home/airflow/.local/lib/python3.12/site-packages/airflow/example_dags/example_bash_operator.py took 0.042 seconds
[2024-07-15T13:47:48.818+0000] {processor.py:161} INFO - Started process (PID=312) to work on /home/airflow/.local/lib/python3.12/site-packages/airflow/example_dags/example_bash_operator.py
[2024-07-15T13:47:48.819+0000] {processor.py:830} INFO - Processing file /home/airflow/.local/lib/python3.12/site-packages/airflow/example_dags/example_bash_operator.py for tasks to queue
[2024-07-15T13:47:48.820+0000] {logging_mixin.py:188} INFO - [2024-07-15T13:47:48.820+0000] {dagbag.py:545} INFO - Filling up the DagBag from /home/airflow/.local/lib/python3.12/site-packages/airflow/example_dags/example_bash_operator.py
[2024-07-15T13:47:48.826+0000] {processor.py:840} INFO - DAG(s) 'example_bash_operator' retrieved from /home/airflow/.local/lib/python3.12/site-packages/airflow/example_dags/example_bash_operator.py
[2024-07-15T13:47:48.838+0000] {logging_mixin.py:188} INFO - [2024-07-15T13:47:48.838+0000] {dag.py:3096} INFO - Sync 1 DAGs
[2024-07-15T13:47:48.849+0000] {logging_mixin.py:188} INFO - [2024-07-15T13:47:48.849+0000] {dag.py:3954} INFO - Setting next_dagrun for example_bash_operator to 2024-07-14 00:00:00+00:00, run_after=2024-07-15 00:00:00+00:00
[2024-07-15T13:47:48.858+0000] {processor.py:183} INFO - Processing /home/airflow/.local/lib/python3.12/site-packages/airflow/example_dags/example_bash_operator.py took 0.043 seconds
[2024-07-15T13:48:19.079+0000] {processor.py:161} INFO - Started process (PID=375) to work on /home/airflow/.local/lib/python3.12/site-packages/airflow/example_dags/example_bash_operator.py
[2024-07-15T13:48:19.080+0000] {processor.py:830} INFO - Processing file /home/airflow/.local/lib/python3.12/site-packages/airflow/example_dags/example_bash_operator.py for tasks to queue
[2024-07-15T13:48:19.081+0000] {logging_mixin.py:188} INFO - [2024-07-15T13:48:19.081+0000] {dagbag.py:545} INFO - Filling up the DagBag from /home/airflow/.local/lib/python3.12/site-packages/airflow/example_dags/example_bash_operator.py
[2024-07-15T13:48:19.088+0000] {processor.py:840} INFO - DAG(s) 'example_bash_operator' retrieved from /home/airflow/.local/lib/python3.12/site-packages/airflow/example_dags/example_bash_operator.py
[2024-07-15T13:48:19.101+0000] {logging_mixin.py:188} INFO - [2024-07-15T13:48:19.101+0000] {dag.py:3096} INFO - Sync 1 DAGs
[2024-07-15T13:48:19.111+0000] {logging_mixin.py:188} INFO - [2024-07-15T13:48:19.111+0000] {dag.py:3954} INFO - Setting next_dagrun for example_bash_operator to 2024-07-14 00:00:00+00:00, run_after=2024-07-15 00:00:00+00:00
[2024-07-15T13:48:19.119+0000] {processor.py:183} INFO - Processing /home/airflow/.local/lib/python3.12/site-packages/airflow/example_dags/example_bash_operator.py took 0.043 seconds
[2024-07-15T13:48:49.397+0000] {processor.py:161} INFO - Started process (PID=439) to work on /home/airflow/.local/lib/python3.12/site-packages/airflow/example_dags/example_bash_operator.py
[2024-07-15T13:48:49.398+0000] {processor.py:830} INFO - Processing file /home/airflow/.local/lib/python3.12/site-packages/airflow/example_dags/example_bash_operator.py for tasks to queue
[2024-07-15T13:48:49.399+0000] {logging_mixin.py:188} INFO - [2024-07-15T13:48:49.399+0000] {dagbag.py:545} INFO - Filling up the DagBag from /home/airflow/.local/lib/python3.12/site-packages/airflow/example_dags/example_bash_operator.py
[2024-07-15T13:48:49.405+0000] {processor.py:840} INFO - DAG(s) 'example_bash_operator' retrieved from /home/airflow/.local/lib/python3.12/site-packages/airflow/example_dags/example_bash_operator.py
[2024-07-15T13:48:49.419+0000] {logging_mixin.py:188} INFO - [2024-07-15T13:48:49.419+0000] {dag.py:3096} INFO - Sync 1 DAGs
[2024-07-15T13:48:49.431+0000] {logging_mixin.py:188} INFO - [2024-07-15T13:48:49.431+0000] {dag.py:3954} INFO - Setting next_dagrun for example_bash_operator to 2024-07-14 00:00:00+00:00, run_after=2024-07-15 00:00:00+00:00
[2024-07-15T13:48:49.442+0000] {processor.py:183} INFO - Processing /home/airflow/.local/lib/python3.12/site-packages/airflow/example_dags/example_bash_operator.py took 0.048 seconds
[2024-07-15T13:49:47.553+0000] {processor.py:161} INFO - Started process (PID=57) to work on /home/airflow/.local/lib/python3.12/site-packages/airflow/example_dags/example_bash_operator.py
[2024-07-15T13:49:47.554+0000] {processor.py:830} INFO - Processing file /home/airflow/.local/lib/python3.12/site-packages/airflow/example_dags/example_bash_operator.py for tasks to queue
[2024-07-15T13:49:47.555+0000] {logging_mixin.py:188} INFO - [2024-07-15T13:49:47.555+0000] {dagbag.py:545} INFO - Filling up the DagBag from /home/airflow/.local/lib/python3.12/site-packages/airflow/example_dags/example_bash_operator.py
[2024-07-15T13:49:47.569+0000] {processor.py:840} INFO - DAG(s) 'example_bash_operator' retrieved from /home/airflow/.local/lib/python3.12/site-packages/airflow/example_dags/example_bash_operator.py
[2024-07-15T13:49:47.583+0000] {logging_mixin.py:188} INFO - [2024-07-15T13:49:47.583+0000] {dag.py:3096} INFO - Sync 1 DAGs
[2024-07-15T13:49:47.604+0000] {logging_mixin.py:188} INFO - [2024-07-15T13:49:47.601+0000] {dag.py:3954} INFO - Setting next_dagrun for example_bash_operator to 2024-07-14 00:00:00+00:00, run_after=2024-07-15 00:00:00+00:00
[2024-07-15T13:49:47.620+0000] {processor.py:183} INFO - Processing /home/airflow/.local/lib/python3.12/site-packages/airflow/example_dags/example_bash_operator.py took 0.070 seconds
[2024-07-15T13:50:18.083+0000] {processor.py:161} INFO - Started process (PID=121) to work on /home/airflow/.local/lib/python3.12/site-packages/airflow/example_dags/example_bash_operator.py
[2024-07-15T13:50:18.083+0000] {processor.py:830} INFO - Processing file /home/airflow/.local/lib/python3.12/site-packages/airflow/example_dags/example_bash_operator.py for tasks to queue
[2024-07-15T13:50:18.084+0000] {logging_mixin.py:188} INFO - [2024-07-15T13:50:18.084+0000] {dagbag.py:545} INFO - Filling up the DagBag from /home/airflow/.local/lib/python3.12/site-packages/airflow/example_dags/example_bash_operator.py
[2024-07-15T13:50:18.090+0000] {processor.py:840} INFO - DAG(s) 'example_bash_operator' retrieved from /home/airflow/.local/lib/python3.12/site-packages/airflow/example_dags/example_bash_operator.py
[2024-07-15T13:50:18.135+0000] {logging_mixin.py:188} INFO - [2024-07-15T13:50:18.135+0000] {dag.py:3096} INFO - Sync 1 DAGs
[2024-07-15T13:50:18.145+0000] {logging_mixin.py:188} INFO - [2024-07-15T13:50:18.145+0000] {dag.py:3954} INFO - Setting next_dagrun for example_bash_operator to 2024-07-14 00:00:00+00:00, run_after=2024-07-15 00:00:00+00:00
[2024-07-15T13:50:18.153+0000] {processor.py:183} INFO - Processing /home/airflow/.local/lib/python3.12/site-packages/airflow/example_dags/example_bash_operator.py took 0.073 seconds
[2024-07-15T13:50:48.812+0000] {processor.py:161} INFO - Started process (PID=186) to work on /home/airflow/.local/lib/python3.12/site-packages/airflow/example_dags/example_bash_operator.py
[2024-07-15T13:50:48.813+0000] {processor.py:830} INFO - Processing file /home/airflow/.local/lib/python3.12/site-packages/airflow/example_dags/example_bash_operator.py for tasks to queue
[2024-07-15T13:50:48.814+0000] {logging_mixin.py:188} INFO - [2024-07-15T13:50:48.814+0000] {dagbag.py:545} INFO - Filling up the DagBag from /home/airflow/.local/lib/python3.12/site-packages/airflow/example_dags/example_bash_operator.py
[2024-07-15T13:50:48.821+0000] {processor.py:840} INFO - DAG(s) 'example_bash_operator' retrieved from /home/airflow/.local/lib/python3.12/site-packages/airflow/example_dags/example_bash_operator.py
[2024-07-15T13:50:48.835+0000] {logging_mixin.py:188} INFO - [2024-07-15T13:50:48.834+0000] {dag.py:3096} INFO - Sync 1 DAGs
[2024-07-15T13:50:48.844+0000] {logging_mixin.py:188} INFO - [2024-07-15T13:50:48.844+0000] {dag.py:3954} INFO - Setting next_dagrun for example_bash_operator to 2024-07-14 00:00:00+00:00, run_after=2024-07-15 00:00:00+00:00
[2024-07-15T13:50:48.853+0000] {processor.py:183} INFO - Processing /home/airflow/.local/lib/python3.12/site-packages/airflow/example_dags/example_bash_operator.py took 0.044 seconds
[2024-07-15T13:51:19.066+0000] {processor.py:161} INFO - Started process (PID=249) to work on /home/airflow/.local/lib/python3.12/site-packages/airflow/example_dags/example_bash_operator.py
[2024-07-15T13:51:19.067+0000] {processor.py:830} INFO - Processing file /home/airflow/.local/lib/python3.12/site-packages/airflow/example_dags/example_bash_operator.py for tasks to queue
[2024-07-15T13:51:19.068+0000] {logging_mixin.py:188} INFO - [2024-07-15T13:51:19.068+0000] {dagbag.py:545} INFO - Filling up the DagBag from /home/airflow/.local/lib/python3.12/site-packages/airflow/example_dags/example_bash_operator.py
[2024-07-15T13:51:19.073+0000] {processor.py:840} INFO - DAG(s) 'example_bash_operator' retrieved from /home/airflow/.local/lib/python3.12/site-packages/airflow/example_dags/example_bash_operator.py
[2024-07-15T13:51:19.087+0000] {logging_mixin.py:188} INFO - [2024-07-15T13:51:19.087+0000] {dag.py:3096} INFO - Sync 1 DAGs
[2024-07-15T13:51:19.097+0000] {logging_mixin.py:188} INFO - [2024-07-15T13:51:19.097+0000] {dag.py:3954} INFO - Setting next_dagrun for example_bash_operator to 2024-07-14 00:00:00+00:00, run_after=2024-07-15 00:00:00+00:00
[2024-07-15T13:51:19.105+0000] {processor.py:183} INFO - Processing /home/airflow/.local/lib/python3.12/site-packages/airflow/example_dags/example_bash_operator.py took 0.042 seconds
[2024-07-15T13:51:49.266+0000] {processor.py:161} INFO - Started process (PID=313) to work on /home/airflow/.local/lib/python3.12/site-packages/airflow/example_dags/example_bash_operator.py
[2024-07-15T13:51:49.267+0000] {processor.py:830} INFO - Processing file /home/airflow/.local/lib/python3.12/site-packages/airflow/example_dags/example_bash_operator.py for tasks to queue
[2024-07-15T13:51:49.268+0000] {logging_mixin.py:188} INFO - [2024-07-15T13:51:49.268+0000] {dagbag.py:545} INFO - Filling up the DagBag from /home/airflow/.local/lib/python3.12/site-packages/airflow/example_dags/example_bash_operator.py
[2024-07-15T13:51:49.273+0000] {processor.py:840} INFO - DAG(s) 'example_bash_operator' retrieved from /home/airflow/.local/lib/python3.12/site-packages/airflow/example_dags/example_bash_operator.py
[2024-07-15T13:51:49.285+0000] {logging_mixin.py:188} INFO - [2024-07-15T13:51:49.285+0000] {dag.py:3096} INFO - Sync 1 DAGs
[2024-07-15T13:51:49.295+0000] {logging_mixin.py:188} INFO - [2024-07-15T13:51:49.295+0000] {dag.py:3954} INFO - Setting next_dagrun for example_bash_operator to 2024-07-14 00:00:00+00:00, run_after=2024-07-15 00:00:00+00:00
[2024-07-15T13:51:49.303+0000] {processor.py:183} INFO - Processing /home/airflow/.local/lib/python3.12/site-packages/airflow/example_dags/example_bash_operator.py took 0.039 seconds
[2024-07-15T13:52:53.224+0000] {processor.py:161} INFO - Started process (PID=56) to work on /home/airflow/.local/lib/python3.12/site-packages/airflow/example_dags/example_bash_operator.py
[2024-07-15T13:52:53.228+0000] {processor.py:830} INFO - Processing file /home/airflow/.local/lib/python3.12/site-packages/airflow/example_dags/example_bash_operator.py for tasks to queue
[2024-07-15T13:52:53.257+0000] {logging_mixin.py:188} INFO - [2024-07-15T13:52:53.253+0000] {dagbag.py:545} INFO - Filling up the DagBag from /home/airflow/.local/lib/python3.12/site-packages/airflow/example_dags/example_bash_operator.py
[2024-07-15T13:52:53.283+0000] {processor.py:840} INFO - DAG(s) 'example_bash_operator' retrieved from /home/airflow/.local/lib/python3.12/site-packages/airflow/example_dags/example_bash_operator.py
[2024-07-15T13:52:53.300+0000] {logging_mixin.py:188} INFO - [2024-07-15T13:52:53.300+0000] {dag.py:3096} INFO - Sync 1 DAGs
[2024-07-15T13:52:53.333+0000] {logging_mixin.py:188} INFO - [2024-07-15T13:52:53.333+0000] {dag.py:3954} INFO - Setting next_dagrun for example_bash_operator to 2024-07-14 00:00:00+00:00, run_after=2024-07-15 00:00:00+00:00
[2024-07-15T13:52:53.345+0000] {processor.py:183} INFO - Processing /home/airflow/.local/lib/python3.12/site-packages/airflow/example_dags/example_bash_operator.py took 0.132 seconds
[2024-07-15T13:53:23.890+0000] {processor.py:161} INFO - Started process (PID=120) to work on /home/airflow/.local/lib/python3.12/site-packages/airflow/example_dags/example_bash_operator.py
[2024-07-15T13:53:23.891+0000] {processor.py:830} INFO - Processing file /home/airflow/.local/lib/python3.12/site-packages/airflow/example_dags/example_bash_operator.py for tasks to queue
[2024-07-15T13:53:23.892+0000] {logging_mixin.py:188} INFO - [2024-07-15T13:53:23.892+0000] {dagbag.py:545} INFO - Filling up the DagBag from /home/airflow/.local/lib/python3.12/site-packages/airflow/example_dags/example_bash_operator.py
[2024-07-15T13:53:23.898+0000] {processor.py:840} INFO - DAG(s) 'example_bash_operator' retrieved from /home/airflow/.local/lib/python3.12/site-packages/airflow/example_dags/example_bash_operator.py
[2024-07-15T13:53:23.946+0000] {logging_mixin.py:188} INFO - [2024-07-15T13:53:23.946+0000] {dag.py:3096} INFO - Sync 1 DAGs
[2024-07-15T13:53:23.956+0000] {logging_mixin.py:188} INFO - [2024-07-15T13:53:23.956+0000] {dag.py:3954} INFO - Setting next_dagrun for example_bash_operator to 2024-07-14 00:00:00+00:00, run_after=2024-07-15 00:00:00+00:00
[2024-07-15T13:53:23.965+0000] {processor.py:183} INFO - Processing /home/airflow/.local/lib/python3.12/site-packages/airflow/example_dags/example_bash_operator.py took 0.078 seconds
[2024-07-15T13:53:54.171+0000] {processor.py:161} INFO - Started process (PID=184) to work on /home/airflow/.local/lib/python3.12/site-packages/airflow/example_dags/example_bash_operator.py
[2024-07-15T13:53:54.172+0000] {processor.py:830} INFO - Processing file /home/airflow/.local/lib/python3.12/site-packages/airflow/example_dags/example_bash_operator.py for tasks to queue
[2024-07-15T13:53:54.173+0000] {logging_mixin.py:188} INFO - [2024-07-15T13:53:54.173+0000] {dagbag.py:545} INFO - Filling up the DagBag from /home/airflow/.local/lib/python3.12/site-packages/airflow/example_dags/example_bash_operator.py
[2024-07-15T13:53:54.179+0000] {processor.py:840} INFO - DAG(s) 'example_bash_operator' retrieved from /home/airflow/.local/lib/python3.12/site-packages/airflow/example_dags/example_bash_operator.py
[2024-07-15T13:53:54.191+0000] {logging_mixin.py:188} INFO - [2024-07-15T13:53:54.191+0000] {dag.py:3096} INFO - Sync 1 DAGs
[2024-07-15T13:53:54.201+0000] {logging_mixin.py:188} INFO - [2024-07-15T13:53:54.201+0000] {dag.py:3954} INFO - Setting next_dagrun for example_bash_operator to 2024-07-14 00:00:00+00:00, run_after=2024-07-15 00:00:00+00:00
[2024-07-15T13:53:54.210+0000] {processor.py:183} INFO - Processing /home/airflow/.local/lib/python3.12/site-packages/airflow/example_dags/example_bash_operator.py took 0.041 seconds
[2024-07-15T13:54:24.432+0000] {processor.py:161} INFO - Started process (PID=248) to work on /home/airflow/.local/lib/python3.12/site-packages/airflow/example_dags/example_bash_operator.py
[2024-07-15T13:54:24.433+0000] {processor.py:830} INFO - Processing file /home/airflow/.local/lib/python3.12/site-packages/airflow/example_dags/example_bash_operator.py for tasks to queue
[2024-07-15T13:54:24.434+0000] {logging_mixin.py:188} INFO - [2024-07-15T13:54:24.434+0000] {dagbag.py:545} INFO - Filling up the DagBag from /home/airflow/.local/lib/python3.12/site-packages/airflow/example_dags/example_bash_operator.py
[2024-07-15T13:54:24.441+0000] {processor.py:840} INFO - DAG(s) 'example_bash_operator' retrieved from /home/airflow/.local/lib/python3.12/site-packages/airflow/example_dags/example_bash_operator.py
[2024-07-15T13:54:24.455+0000] {logging_mixin.py:188} INFO - [2024-07-15T13:54:24.455+0000] {dag.py:3096} INFO - Sync 1 DAGs
[2024-07-15T13:54:24.468+0000] {logging_mixin.py:188} INFO - [2024-07-15T13:54:24.467+0000] {dag.py:3954} INFO - Setting next_dagrun for example_bash_operator to 2024-07-14 00:00:00+00:00, run_after=2024-07-15 00:00:00+00:00
[2024-07-15T13:54:24.478+0000] {processor.py:183} INFO - Processing /home/airflow/.local/lib/python3.12/site-packages/airflow/example_dags/example_bash_operator.py took 0.049 seconds
[2024-07-15T13:54:54.699+0000] {processor.py:161} INFO - Started process (PID=312) to work on /home/airflow/.local/lib/python3.12/site-packages/airflow/example_dags/example_bash_operator.py
[2024-07-15T13:54:54.700+0000] {processor.py:830} INFO - Processing file /home/airflow/.local/lib/python3.12/site-packages/airflow/example_dags/example_bash_operator.py for tasks to queue
[2024-07-15T13:54:54.701+0000] {logging_mixin.py:188} INFO - [2024-07-15T13:54:54.701+0000] {dagbag.py:545} INFO - Filling up the DagBag from /home/airflow/.local/lib/python3.12/site-packages/airflow/example_dags/example_bash_operator.py
[2024-07-15T13:54:54.707+0000] {processor.py:840} INFO - DAG(s) 'example_bash_operator' retrieved from /home/airflow/.local/lib/python3.12/site-packages/airflow/example_dags/example_bash_operator.py
[2024-07-15T13:54:54.720+0000] {logging_mixin.py:188} INFO - [2024-07-15T13:54:54.720+0000] {dag.py:3096} INFO - Sync 1 DAGs
[2024-07-15T13:54:54.731+0000] {logging_mixin.py:188} INFO - [2024-07-15T13:54:54.731+0000] {dag.py:3954} INFO - Setting next_dagrun for example_bash_operator to 2024-07-14 00:00:00+00:00, run_after=2024-07-15 00:00:00+00:00
[2024-07-15T13:54:54.740+0000] {processor.py:183} INFO - Processing /home/airflow/.local/lib/python3.12/site-packages/airflow/example_dags/example_bash_operator.py took 0.043 seconds
[2024-07-15T13:55:24.884+0000] {processor.py:161} INFO - Started process (PID=376) to work on /home/airflow/.local/lib/python3.12/site-packages/airflow/example_dags/example_bash_operator.py
[2024-07-15T13:55:24.885+0000] {processor.py:830} INFO - Processing file /home/airflow/.local/lib/python3.12/site-packages/airflow/example_dags/example_bash_operator.py for tasks to queue
[2024-07-15T13:55:24.886+0000] {logging_mixin.py:188} INFO - [2024-07-15T13:55:24.886+0000] {dagbag.py:545} INFO - Filling up the DagBag from /home/airflow/.local/lib/python3.12/site-packages/airflow/example_dags/example_bash_operator.py
[2024-07-15T13:55:24.892+0000] {processor.py:840} INFO - DAG(s) 'example_bash_operator' retrieved from /home/airflow/.local/lib/python3.12/site-packages/airflow/example_dags/example_bash_operator.py
[2024-07-15T13:55:24.905+0000] {logging_mixin.py:188} INFO - [2024-07-15T13:55:24.905+0000] {dag.py:3096} INFO - Sync 1 DAGs
[2024-07-15T13:55:24.917+0000] {logging_mixin.py:188} INFO - [2024-07-15T13:55:24.917+0000] {dag.py:3954} INFO - Setting next_dagrun for example_bash_operator to 2024-07-14 00:00:00+00:00, run_after=2024-07-15 00:00:00+00:00
[2024-07-15T13:55:24.926+0000] {processor.py:183} INFO - Processing /home/airflow/.local/lib/python3.12/site-packages/airflow/example_dags/example_bash_operator.py took 0.045 seconds
[2024-07-15T13:55:56.015+0000] {processor.py:161} INFO - Started process (PID=441) to work on /home/airflow/.local/lib/python3.12/site-packages/airflow/example_dags/example_bash_operator.py
[2024-07-15T13:55:56.016+0000] {processor.py:830} INFO - Processing file /home/airflow/.local/lib/python3.12/site-packages/airflow/example_dags/example_bash_operator.py for tasks to queue
[2024-07-15T13:55:56.017+0000] {logging_mixin.py:188} INFO - [2024-07-15T13:55:56.017+0000] {dagbag.py:545} INFO - Filling up the DagBag from /home/airflow/.local/lib/python3.12/site-packages/airflow/example_dags/example_bash_operator.py
[2024-07-15T13:55:56.023+0000] {processor.py:840} INFO - DAG(s) 'example_bash_operator' retrieved from /home/airflow/.local/lib/python3.12/site-packages/airflow/example_dags/example_bash_operator.py
[2024-07-15T13:55:56.037+0000] {logging_mixin.py:188} INFO - [2024-07-15T13:55:56.037+0000] {dag.py:3096} INFO - Sync 1 DAGs
[2024-07-15T13:55:56.051+0000] {logging_mixin.py:188} INFO - [2024-07-15T13:55:56.051+0000] {dag.py:3954} INFO - Setting next_dagrun for example_bash_operator to 2024-07-14 00:00:00+00:00, run_after=2024-07-15 00:00:00+00:00
[2024-07-15T13:55:56.063+0000] {processor.py:183} INFO - Processing /home/airflow/.local/lib/python3.12/site-packages/airflow/example_dags/example_bash_operator.py took 0.051 seconds
[2024-07-15T13:56:26.168+0000] {processor.py:161} INFO - Started process (PID=505) to work on /home/airflow/.local/lib/python3.12/site-packages/airflow/example_dags/example_bash_operator.py
[2024-07-15T13:56:26.168+0000] {processor.py:830} INFO - Processing file /home/airflow/.local/lib/python3.12/site-packages/airflow/example_dags/example_bash_operator.py for tasks to queue
[2024-07-15T13:56:26.169+0000] {logging_mixin.py:188} INFO - [2024-07-15T13:56:26.169+0000] {dagbag.py:545} INFO - Filling up the DagBag from /home/airflow/.local/lib/python3.12/site-packages/airflow/example_dags/example_bash_operator.py
[2024-07-15T13:56:26.175+0000] {processor.py:840} INFO - DAG(s) 'example_bash_operator' retrieved from /home/airflow/.local/lib/python3.12/site-packages/airflow/example_dags/example_bash_operator.py
[2024-07-15T13:56:26.187+0000] {logging_mixin.py:188} INFO - [2024-07-15T13:56:26.187+0000] {dag.py:3096} INFO - Sync 1 DAGs
[2024-07-15T13:56:26.197+0000] {logging_mixin.py:188} INFO - [2024-07-15T13:56:26.196+0000] {dag.py:3954} INFO - Setting next_dagrun for example_bash_operator to 2024-07-14 00:00:00+00:00, run_after=2024-07-15 00:00:00+00:00
[2024-07-15T13:56:26.205+0000] {processor.py:183} INFO - Processing /home/airflow/.local/lib/python3.12/site-packages/airflow/example_dags/example_bash_operator.py took 0.040 seconds
[2024-07-15T13:56:56.457+0000] {processor.py:161} INFO - Started process (PID=569) to work on /home/airflow/.local/lib/python3.12/site-packages/airflow/example_dags/example_bash_operator.py
[2024-07-15T13:56:56.458+0000] {processor.py:830} INFO - Processing file /home/airflow/.local/lib/python3.12/site-packages/airflow/example_dags/example_bash_operator.py for tasks to queue
[2024-07-15T13:56:56.459+0000] {logging_mixin.py:188} INFO - [2024-07-15T13:56:56.459+0000] {dagbag.py:545} INFO - Filling up the DagBag from /home/airflow/.local/lib/python3.12/site-packages/airflow/example_dags/example_bash_operator.py
[2024-07-15T13:56:56.465+0000] {processor.py:840} INFO - DAG(s) 'example_bash_operator' retrieved from /home/airflow/.local/lib/python3.12/site-packages/airflow/example_dags/example_bash_operator.py
[2024-07-15T13:56:56.478+0000] {logging_mixin.py:188} INFO - [2024-07-15T13:56:56.478+0000] {dag.py:3096} INFO - Sync 1 DAGs
[2024-07-15T13:56:56.487+0000] {logging_mixin.py:188} INFO - [2024-07-15T13:56:56.487+0000] {dag.py:3954} INFO - Setting next_dagrun for example_bash_operator to 2024-07-14 00:00:00+00:00, run_after=2024-07-15 00:00:00+00:00
[2024-07-15T13:56:56.495+0000] {processor.py:183} INFO - Processing /home/airflow/.local/lib/python3.12/site-packages/airflow/example_dags/example_bash_operator.py took 0.041 seconds
[2024-07-15T13:57:26.663+0000] {processor.py:161} INFO - Started process (PID=633) to work on /home/airflow/.local/lib/python3.12/site-packages/airflow/example_dags/example_bash_operator.py
[2024-07-15T13:57:26.664+0000] {processor.py:830} INFO - Processing file /home/airflow/.local/lib/python3.12/site-packages/airflow/example_dags/example_bash_operator.py for tasks to queue
[2024-07-15T13:57:26.665+0000] {logging_mixin.py:188} INFO - [2024-07-15T13:57:26.665+0000] {dagbag.py:545} INFO - Filling up the DagBag from /home/airflow/.local/lib/python3.12/site-packages/airflow/example_dags/example_bash_operator.py
[2024-07-15T13:57:26.671+0000] {processor.py:840} INFO - DAG(s) 'example_bash_operator' retrieved from /home/airflow/.local/lib/python3.12/site-packages/airflow/example_dags/example_bash_operator.py
[2024-07-15T13:57:26.684+0000] {logging_mixin.py:188} INFO - [2024-07-15T13:57:26.684+0000] {dag.py:3096} INFO - Sync 1 DAGs
[2024-07-15T13:57:26.695+0000] {logging_mixin.py:188} INFO - [2024-07-15T13:57:26.695+0000] {dag.py:3954} INFO - Setting next_dagrun for example_bash_operator to 2024-07-14 00:00:00+00:00, run_after=2024-07-15 00:00:00+00:00
[2024-07-15T13:57:26.703+0000] {processor.py:183} INFO - Processing /home/airflow/.local/lib/python3.12/site-packages/airflow/example_dags/example_bash_operator.py took 0.043 seconds
[2024-07-15T13:57:57.722+0000] {processor.py:161} INFO - Started process (PID=697) to work on /home/airflow/.local/lib/python3.12/site-packages/airflow/example_dags/example_bash_operator.py
[2024-07-15T13:57:57.723+0000] {processor.py:830} INFO - Processing file /home/airflow/.local/lib/python3.12/site-packages/airflow/example_dags/example_bash_operator.py for tasks to queue
[2024-07-15T13:57:57.724+0000] {logging_mixin.py:188} INFO - [2024-07-15T13:57:57.724+0000] {dagbag.py:545} INFO - Filling up the DagBag from /home/airflow/.local/lib/python3.12/site-packages/airflow/example_dags/example_bash_operator.py
[2024-07-15T13:57:57.730+0000] {processor.py:840} INFO - DAG(s) 'example_bash_operator' retrieved from /home/airflow/.local/lib/python3.12/site-packages/airflow/example_dags/example_bash_operator.py
[2024-07-15T13:57:57.743+0000] {logging_mixin.py:188} INFO - [2024-07-15T13:57:57.742+0000] {dag.py:3096} INFO - Sync 1 DAGs
[2024-07-15T13:57:57.753+0000] {logging_mixin.py:188} INFO - [2024-07-15T13:57:57.753+0000] {dag.py:3954} INFO - Setting next_dagrun for example_bash_operator to 2024-07-14 00:00:00+00:00, run_after=2024-07-15 00:00:00+00:00
[2024-07-15T13:57:57.762+0000] {processor.py:183} INFO - Processing /home/airflow/.local/lib/python3.12/site-packages/airflow/example_dags/example_bash_operator.py took 0.042 seconds
[2024-07-15T13:58:27.906+0000] {processor.py:161} INFO - Started process (PID=761) to work on /home/airflow/.local/lib/python3.12/site-packages/airflow/example_dags/example_bash_operator.py
[2024-07-15T13:58:27.907+0000] {processor.py:830} INFO - Processing file /home/airflow/.local/lib/python3.12/site-packages/airflow/example_dags/example_bash_operator.py for tasks to queue
[2024-07-15T13:58:27.908+0000] {logging_mixin.py:188} INFO - [2024-07-15T13:58:27.908+0000] {dagbag.py:545} INFO - Filling up the DagBag from /home/airflow/.local/lib/python3.12/site-packages/airflow/example_dags/example_bash_operator.py
[2024-07-15T13:58:27.914+0000] {processor.py:840} INFO - DAG(s) 'example_bash_operator' retrieved from /home/airflow/.local/lib/python3.12/site-packages/airflow/example_dags/example_bash_operator.py
[2024-07-15T13:58:27.927+0000] {logging_mixin.py:188} INFO - [2024-07-15T13:58:27.927+0000] {dag.py:3096} INFO - Sync 1 DAGs
[2024-07-15T13:58:27.938+0000] {logging_mixin.py:188} INFO - [2024-07-15T13:58:27.938+0000] {dag.py:3954} INFO - Setting next_dagrun for example_bash_operator to 2024-07-14 00:00:00+00:00, run_after=2024-07-15 00:00:00+00:00
[2024-07-15T13:58:27.947+0000] {processor.py:183} INFO - Processing /home/airflow/.local/lib/python3.12/site-packages/airflow/example_dags/example_bash_operator.py took 0.043 seconds
[2024-07-15T13:58:58.099+0000] {processor.py:161} INFO - Started process (PID=825) to work on /home/airflow/.local/lib/python3.12/site-packages/airflow/example_dags/example_bash_operator.py
[2024-07-15T13:58:58.100+0000] {processor.py:830} INFO - Processing file /home/airflow/.local/lib/python3.12/site-packages/airflow/example_dags/example_bash_operator.py for tasks to queue
[2024-07-15T13:58:58.101+0000] {logging_mixin.py:188} INFO - [2024-07-15T13:58:58.101+0000] {dagbag.py:545} INFO - Filling up the DagBag from /home/airflow/.local/lib/python3.12/site-packages/airflow/example_dags/example_bash_operator.py
[2024-07-15T13:58:58.106+0000] {processor.py:840} INFO - DAG(s) 'example_bash_operator' retrieved from /home/airflow/.local/lib/python3.12/site-packages/airflow/example_dags/example_bash_operator.py
[2024-07-15T13:58:58.119+0000] {logging_mixin.py:188} INFO - [2024-07-15T13:58:58.119+0000] {dag.py:3096} INFO - Sync 1 DAGs
[2024-07-15T13:58:58.129+0000] {logging_mixin.py:188} INFO - [2024-07-15T13:58:58.129+0000] {dag.py:3954} INFO - Setting next_dagrun for example_bash_operator to 2024-07-14 00:00:00+00:00, run_after=2024-07-15 00:00:00+00:00
[2024-07-15T13:58:58.136+0000] {processor.py:183} INFO - Processing /home/airflow/.local/lib/python3.12/site-packages/airflow/example_dags/example_bash_operator.py took 0.040 seconds
[2024-07-15T13:59:28.227+0000] {processor.py:161} INFO - Started process (PID=889) to work on /home/airflow/.local/lib/python3.12/site-packages/airflow/example_dags/example_bash_operator.py
[2024-07-15T13:59:28.228+0000] {processor.py:830} INFO - Processing file /home/airflow/.local/lib/python3.12/site-packages/airflow/example_dags/example_bash_operator.py for tasks to queue
[2024-07-15T13:59:28.229+0000] {logging_mixin.py:188} INFO - [2024-07-15T13:59:28.229+0000] {dagbag.py:545} INFO - Filling up the DagBag from /home/airflow/.local/lib/python3.12/site-packages/airflow/example_dags/example_bash_operator.py
[2024-07-15T13:59:28.235+0000] {processor.py:840} INFO - DAG(s) 'example_bash_operator' retrieved from /home/airflow/.local/lib/python3.12/site-packages/airflow/example_dags/example_bash_operator.py
[2024-07-15T13:59:28.251+0000] {logging_mixin.py:188} INFO - [2024-07-15T13:59:28.251+0000] {dag.py:3096} INFO - Sync 1 DAGs
[2024-07-15T13:59:28.264+0000] {logging_mixin.py:188} INFO - [2024-07-15T13:59:28.264+0000] {dag.py:3954} INFO - Setting next_dagrun for example_bash_operator to 2024-07-14 00:00:00+00:00, run_after=2024-07-15 00:00:00+00:00
[2024-07-15T13:59:28.274+0000] {processor.py:183} INFO - Processing /home/airflow/.local/lib/python3.12/site-packages/airflow/example_dags/example_bash_operator.py took 0.049 seconds
[2024-07-15T13:59:58.355+0000] {processor.py:161} INFO - Started process (PID=953) to work on /home/airflow/.local/lib/python3.12/site-packages/airflow/example_dags/example_bash_operator.py
[2024-07-15T13:59:58.356+0000] {processor.py:830} INFO - Processing file /home/airflow/.local/lib/python3.12/site-packages/airflow/example_dags/example_bash_operator.py for tasks to queue
[2024-07-15T13:59:58.357+0000] {logging_mixin.py:188} INFO - [2024-07-15T13:59:58.357+0000] {dagbag.py:545} INFO - Filling up the DagBag from /home/airflow/.local/lib/python3.12/site-packages/airflow/example_dags/example_bash_operator.py
[2024-07-15T13:59:58.365+0000] {processor.py:840} INFO - DAG(s) 'example_bash_operator' retrieved from /home/airflow/.local/lib/python3.12/site-packages/airflow/example_dags/example_bash_operator.py
[2024-07-15T13:59:58.380+0000] {logging_mixin.py:188} INFO - [2024-07-15T13:59:58.380+0000] {dag.py:3096} INFO - Sync 1 DAGs
[2024-07-15T13:59:58.392+0000] {logging_mixin.py:188} INFO - [2024-07-15T13:59:58.391+0000] {dag.py:3954} INFO - Setting next_dagrun for example_bash_operator to 2024-07-14 00:00:00+00:00, run_after=2024-07-15 00:00:00+00:00
[2024-07-15T13:59:58.402+0000] {processor.py:183} INFO - Processing /home/airflow/.local/lib/python3.12/site-packages/airflow/example_dags/example_bash_operator.py took 0.050 seconds
[2024-07-15T14:00:28.571+0000] {processor.py:161} INFO - Started process (PID=1016) to work on /home/airflow/.local/lib/python3.12/site-packages/airflow/example_dags/example_bash_operator.py
[2024-07-15T14:00:28.572+0000] {processor.py:830} INFO - Processing file /home/airflow/.local/lib/python3.12/site-packages/airflow/example_dags/example_bash_operator.py for tasks to queue
[2024-07-15T14:00:28.572+0000] {logging_mixin.py:188} INFO - [2024-07-15T14:00:28.572+0000] {dagbag.py:545} INFO - Filling up the DagBag from /home/airflow/.local/lib/python3.12/site-packages/airflow/example_dags/example_bash_operator.py
[2024-07-15T14:00:28.578+0000] {processor.py:840} INFO - DAG(s) 'example_bash_operator' retrieved from /home/airflow/.local/lib/python3.12/site-packages/airflow/example_dags/example_bash_operator.py
[2024-07-15T14:00:28.592+0000] {logging_mixin.py:188} INFO - [2024-07-15T14:00:28.591+0000] {dag.py:3096} INFO - Sync 1 DAGs
[2024-07-15T14:00:28.603+0000] {logging_mixin.py:188} INFO - [2024-07-15T14:00:28.602+0000] {dag.py:3954} INFO - Setting next_dagrun for example_bash_operator to 2024-07-14 00:00:00+00:00, run_after=2024-07-15 00:00:00+00:00
[2024-07-15T14:00:28.612+0000] {processor.py:183} INFO - Processing /home/airflow/.local/lib/python3.12/site-packages/airflow/example_dags/example_bash_operator.py took 0.044 seconds
[2024-07-15T14:00:59.741+0000] {processor.py:161} INFO - Started process (PID=1081) to work on /home/airflow/.local/lib/python3.12/site-packages/airflow/example_dags/example_bash_operator.py
[2024-07-15T14:00:59.741+0000] {processor.py:830} INFO - Processing file /home/airflow/.local/lib/python3.12/site-packages/airflow/example_dags/example_bash_operator.py for tasks to queue
[2024-07-15T14:00:59.742+0000] {logging_mixin.py:188} INFO - [2024-07-15T14:00:59.742+0000] {dagbag.py:545} INFO - Filling up the DagBag from /home/airflow/.local/lib/python3.12/site-packages/airflow/example_dags/example_bash_operator.py
[2024-07-15T14:00:59.748+0000] {processor.py:840} INFO - DAG(s) 'example_bash_operator' retrieved from /home/airflow/.local/lib/python3.12/site-packages/airflow/example_dags/example_bash_operator.py
[2024-07-15T14:00:59.760+0000] {logging_mixin.py:188} INFO - [2024-07-15T14:00:59.760+0000] {dag.py:3096} INFO - Sync 1 DAGs
[2024-07-15T14:00:59.771+0000] {logging_mixin.py:188} INFO - [2024-07-15T14:00:59.771+0000] {dag.py:3954} INFO - Setting next_dagrun for example_bash_operator to 2024-07-14 00:00:00+00:00, run_after=2024-07-15 00:00:00+00:00
[2024-07-15T14:00:59.780+0000] {processor.py:183} INFO - Processing /home/airflow/.local/lib/python3.12/site-packages/airflow/example_dags/example_bash_operator.py took 0.042 seconds
[2024-07-15T14:01:29.940+0000] {processor.py:161} INFO - Started process (PID=1145) to work on /home/airflow/.local/lib/python3.12/site-packages/airflow/example_dags/example_bash_operator.py
[2024-07-15T14:01:29.940+0000] {processor.py:830} INFO - Processing file /home/airflow/.local/lib/python3.12/site-packages/airflow/example_dags/example_bash_operator.py for tasks to queue
[2024-07-15T14:01:29.941+0000] {logging_mixin.py:188} INFO - [2024-07-15T14:01:29.941+0000] {dagbag.py:545} INFO - Filling up the DagBag from /home/airflow/.local/lib/python3.12/site-packages/airflow/example_dags/example_bash_operator.py
[2024-07-15T14:01:29.947+0000] {processor.py:840} INFO - DAG(s) 'example_bash_operator' retrieved from /home/airflow/.local/lib/python3.12/site-packages/airflow/example_dags/example_bash_operator.py
[2024-07-15T14:01:29.960+0000] {logging_mixin.py:188} INFO - [2024-07-15T14:01:29.959+0000] {dag.py:3096} INFO - Sync 1 DAGs
[2024-07-15T14:01:29.971+0000] {logging_mixin.py:188} INFO - [2024-07-15T14:01:29.971+0000] {dag.py:3954} INFO - Setting next_dagrun for example_bash_operator to 2024-07-14 00:00:00+00:00, run_after=2024-07-15 00:00:00+00:00
[2024-07-15T14:01:29.979+0000] {processor.py:183} INFO - Processing /home/airflow/.local/lib/python3.12/site-packages/airflow/example_dags/example_bash_operator.py took 0.043 seconds
[2024-07-15T14:02:00.002+0000] {processor.py:161} INFO - Started process (PID=1209) to work on /home/airflow/.local/lib/python3.12/site-packages/airflow/example_dags/example_bash_operator.py
[2024-07-15T14:02:00.003+0000] {processor.py:830} INFO - Processing file /home/airflow/.local/lib/python3.12/site-packages/airflow/example_dags/example_bash_operator.py for tasks to queue
[2024-07-15T14:02:00.004+0000] {logging_mixin.py:188} INFO - [2024-07-15T14:02:00.004+0000] {dagbag.py:545} INFO - Filling up the DagBag from /home/airflow/.local/lib/python3.12/site-packages/airflow/example_dags/example_bash_operator.py
[2024-07-15T14:02:00.009+0000] {processor.py:840} INFO - DAG(s) 'example_bash_operator' retrieved from /home/airflow/.local/lib/python3.12/site-packages/airflow/example_dags/example_bash_operator.py
[2024-07-15T14:02:00.023+0000] {logging_mixin.py:188} INFO - [2024-07-15T14:02:00.023+0000] {dag.py:3096} INFO - Sync 1 DAGs
[2024-07-15T14:02:00.035+0000] {logging_mixin.py:188} INFO - [2024-07-15T14:02:00.035+0000] {dag.py:3954} INFO - Setting next_dagrun for example_bash_operator to 2024-07-14 00:00:00+00:00, run_after=2024-07-15 00:00:00+00:00
[2024-07-15T14:02:00.045+0000] {processor.py:183} INFO - Processing /home/airflow/.local/lib/python3.12/site-packages/airflow/example_dags/example_bash_operator.py took 0.046 seconds
[2024-07-15T14:02:30.091+0000] {processor.py:161} INFO - Started process (PID=1272) to work on /home/airflow/.local/lib/python3.12/site-packages/airflow/example_dags/example_bash_operator.py
[2024-07-15T14:02:30.092+0000] {processor.py:830} INFO - Processing file /home/airflow/.local/lib/python3.12/site-packages/airflow/example_dags/example_bash_operator.py for tasks to queue
[2024-07-15T14:02:30.093+0000] {logging_mixin.py:188} INFO - [2024-07-15T14:02:30.093+0000] {dagbag.py:545} INFO - Filling up the DagBag from /home/airflow/.local/lib/python3.12/site-packages/airflow/example_dags/example_bash_operator.py
[2024-07-15T14:02:30.099+0000] {processor.py:840} INFO - DAG(s) 'example_bash_operator' retrieved from /home/airflow/.local/lib/python3.12/site-packages/airflow/example_dags/example_bash_operator.py
[2024-07-15T14:02:30.112+0000] {logging_mixin.py:188} INFO - [2024-07-15T14:02:30.112+0000] {dag.py:3096} INFO - Sync 1 DAGs
[2024-07-15T14:02:30.122+0000] {logging_mixin.py:188} INFO - [2024-07-15T14:02:30.122+0000] {dag.py:3954} INFO - Setting next_dagrun for example_bash_operator to 2024-07-14 00:00:00+00:00, run_after=2024-07-15 00:00:00+00:00
[2024-07-15T14:02:30.131+0000] {processor.py:183} INFO - Processing /home/airflow/.local/lib/python3.12/site-packages/airflow/example_dags/example_bash_operator.py took 0.042 seconds
[2024-07-15T14:03:00.256+0000] {processor.py:161} INFO - Started process (PID=1336) to work on /home/airflow/.local/lib/python3.12/site-packages/airflow/example_dags/example_bash_operator.py
[2024-07-15T14:03:00.257+0000] {processor.py:830} INFO - Processing file /home/airflow/.local/lib/python3.12/site-packages/airflow/example_dags/example_bash_operator.py for tasks to queue
[2024-07-15T14:03:00.258+0000] {logging_mixin.py:188} INFO - [2024-07-15T14:03:00.258+0000] {dagbag.py:545} INFO - Filling up the DagBag from /home/airflow/.local/lib/python3.12/site-packages/airflow/example_dags/example_bash_operator.py
[2024-07-15T14:03:00.264+0000] {processor.py:840} INFO - DAG(s) 'example_bash_operator' retrieved from /home/airflow/.local/lib/python3.12/site-packages/airflow/example_dags/example_bash_operator.py
[2024-07-15T14:03:00.276+0000] {logging_mixin.py:188} INFO - [2024-07-15T14:03:00.276+0000] {dag.py:3096} INFO - Sync 1 DAGs
[2024-07-15T14:03:00.287+0000] {logging_mixin.py:188} INFO - [2024-07-15T14:03:00.287+0000] {dag.py:3954} INFO - Setting next_dagrun for example_bash_operator to 2024-07-14 00:00:00+00:00, run_after=2024-07-15 00:00:00+00:00
[2024-07-15T14:03:00.295+0000] {processor.py:183} INFO - Processing /home/airflow/.local/lib/python3.12/site-packages/airflow/example_dags/example_bash_operator.py took 0.042 seconds
[2024-07-15T14:03:30.358+0000] {processor.py:161} INFO - Started process (PID=1400) to work on /home/airflow/.local/lib/python3.12/site-packages/airflow/example_dags/example_bash_operator.py
[2024-07-15T14:03:30.359+0000] {processor.py:830} INFO - Processing file /home/airflow/.local/lib/python3.12/site-packages/airflow/example_dags/example_bash_operator.py for tasks to queue
[2024-07-15T14:03:30.360+0000] {logging_mixin.py:188} INFO - [2024-07-15T14:03:30.360+0000] {dagbag.py:545} INFO - Filling up the DagBag from /home/airflow/.local/lib/python3.12/site-packages/airflow/example_dags/example_bash_operator.py
[2024-07-15T14:03:30.366+0000] {processor.py:840} INFO - DAG(s) 'example_bash_operator' retrieved from /home/airflow/.local/lib/python3.12/site-packages/airflow/example_dags/example_bash_operator.py
[2024-07-15T14:03:30.378+0000] {logging_mixin.py:188} INFO - [2024-07-15T14:03:30.378+0000] {dag.py:3096} INFO - Sync 1 DAGs
[2024-07-15T14:03:30.388+0000] {logging_mixin.py:188} INFO - [2024-07-15T14:03:30.388+0000] {dag.py:3954} INFO - Setting next_dagrun for example_bash_operator to 2024-07-14 00:00:00+00:00, run_after=2024-07-15 00:00:00+00:00
[2024-07-15T14:03:30.397+0000] {processor.py:183} INFO - Processing /home/airflow/.local/lib/python3.12/site-packages/airflow/example_dags/example_bash_operator.py took 0.042 seconds
[2024-07-15T14:04:00.734+0000] {processor.py:161} INFO - Started process (PID=1464) to work on /home/airflow/.local/lib/python3.12/site-packages/airflow/example_dags/example_bash_operator.py
[2024-07-15T14:04:00.735+0000] {processor.py:830} INFO - Processing file /home/airflow/.local/lib/python3.12/site-packages/airflow/example_dags/example_bash_operator.py for tasks to queue
[2024-07-15T14:04:00.736+0000] {logging_mixin.py:188} INFO - [2024-07-15T14:04:00.735+0000] {dagbag.py:545} INFO - Filling up the DagBag from /home/airflow/.local/lib/python3.12/site-packages/airflow/example_dags/example_bash_operator.py
[2024-07-15T14:04:00.741+0000] {processor.py:840} INFO - DAG(s) 'example_bash_operator' retrieved from /home/airflow/.local/lib/python3.12/site-packages/airflow/example_dags/example_bash_operator.py
[2024-07-15T14:04:00.753+0000] {logging_mixin.py:188} INFO - [2024-07-15T14:04:00.753+0000] {dag.py:3096} INFO - Sync 1 DAGs
[2024-07-15T14:04:00.763+0000] {logging_mixin.py:188} INFO - [2024-07-15T14:04:00.763+0000] {dag.py:3954} INFO - Setting next_dagrun for example_bash_operator to 2024-07-14 00:00:00+00:00, run_after=2024-07-15 00:00:00+00:00
[2024-07-15T14:04:00.772+0000] {processor.py:183} INFO - Processing /home/airflow/.local/lib/python3.12/site-packages/airflow/example_dags/example_bash_operator.py took 0.041 seconds
[2024-07-15T14:04:31.278+0000] {processor.py:161} INFO - Started process (PID=1528) to work on /home/airflow/.local/lib/python3.12/site-packages/airflow/example_dags/example_bash_operator.py
[2024-07-15T14:04:31.280+0000] {processor.py:830} INFO - Processing file /home/airflow/.local/lib/python3.12/site-packages/airflow/example_dags/example_bash_operator.py for tasks to queue
[2024-07-15T14:04:31.281+0000] {logging_mixin.py:188} INFO - [2024-07-15T14:04:31.281+0000] {dagbag.py:545} INFO - Filling up the DagBag from /home/airflow/.local/lib/python3.12/site-packages/airflow/example_dags/example_bash_operator.py
[2024-07-15T14:04:31.287+0000] {processor.py:840} INFO - DAG(s) 'example_bash_operator' retrieved from /home/airflow/.local/lib/python3.12/site-packages/airflow/example_dags/example_bash_operator.py
[2024-07-15T14:04:31.299+0000] {logging_mixin.py:188} INFO - [2024-07-15T14:04:31.299+0000] {dag.py:3096} INFO - Sync 1 DAGs
[2024-07-15T14:04:31.402+0000] {logging_mixin.py:188} INFO - [2024-07-15T14:04:31.402+0000] {dag.py:3954} INFO - Setting next_dagrun for example_bash_operator to 2024-07-14 00:00:00+00:00, run_after=2024-07-15 00:00:00+00:00
[2024-07-15T14:04:31.410+0000] {processor.py:183} INFO - Processing /home/airflow/.local/lib/python3.12/site-packages/airflow/example_dags/example_bash_operator.py took 0.135 seconds
