[2024-07-15T13:40:21.374+0000] {processor.py:161} INFO - Started process (PID=46) to work on /home/airflow/.local/lib/python3.12/site-packages/airflow/example_dags/example_latest_only_with_trigger.py
[2024-07-15T13:40:21.375+0000] {processor.py:830} INFO - Processing file /home/airflow/.local/lib/python3.12/site-packages/airflow/example_dags/example_latest_only_with_trigger.py for tasks to queue
[2024-07-15T13:40:21.376+0000] {logging_mixin.py:188} INFO - [2024-07-15T13:40:21.376+0000] {dagbag.py:545} INFO - Filling up the DagBag from /home/airflow/.local/lib/python3.12/site-packages/airflow/example_dags/example_latest_only_with_trigger.py
[2024-07-15T13:40:21.381+0000] {processor.py:840} INFO - DAG(s) 'latest_only_with_trigger' retrieved from /home/airflow/.local/lib/python3.12/site-packages/airflow/example_dags/example_latest_only_with_trigger.py
[2024-07-15T13:40:21.390+0000] {logging_mixin.py:188} INFO - [2024-07-15T13:40:21.390+0000] {dag.py:3096} INFO - Sync 1 DAGs
[2024-07-15T13:40:21.416+0000] {logging_mixin.py:188} INFO - [2024-07-15T13:40:21.416+0000] {dag.py:3954} INFO - Setting next_dagrun for latest_only_with_trigger to 2024-07-15 08:00:00+00:00, run_after=2024-07-15 12:00:00+00:00
[2024-07-15T13:40:21.433+0000] {processor.py:183} INFO - Processing /home/airflow/.local/lib/python3.12/site-packages/airflow/example_dags/example_latest_only_with_trigger.py took 0.064 seconds
[2024-07-15T13:40:52.286+0000] {processor.py:161} INFO - Started process (PID=110) to work on /home/airflow/.local/lib/python3.12/site-packages/airflow/example_dags/example_latest_only_with_trigger.py
[2024-07-15T13:40:52.286+0000] {processor.py:830} INFO - Processing file /home/airflow/.local/lib/python3.12/site-packages/airflow/example_dags/example_latest_only_with_trigger.py for tasks to queue
[2024-07-15T13:40:52.287+0000] {logging_mixin.py:188} INFO - [2024-07-15T13:40:52.287+0000] {dagbag.py:545} INFO - Filling up the DagBag from /home/airflow/.local/lib/python3.12/site-packages/airflow/example_dags/example_latest_only_with_trigger.py
[2024-07-15T13:40:52.290+0000] {processor.py:840} INFO - DAG(s) 'latest_only_with_trigger' retrieved from /home/airflow/.local/lib/python3.12/site-packages/airflow/example_dags/example_latest_only_with_trigger.py
[2024-07-15T13:40:52.336+0000] {logging_mixin.py:188} INFO - [2024-07-15T13:40:52.336+0000] {dag.py:3096} INFO - Sync 1 DAGs
[2024-07-15T13:40:52.345+0000] {logging_mixin.py:188} INFO - [2024-07-15T13:40:52.344+0000] {dag.py:3954} INFO - Setting next_dagrun for latest_only_with_trigger to 2024-07-15 08:00:00+00:00, run_after=2024-07-15 12:00:00+00:00
[2024-07-15T13:40:52.353+0000] {processor.py:183} INFO - Processing /home/airflow/.local/lib/python3.12/site-packages/airflow/example_dags/example_latest_only_with_trigger.py took 0.069 seconds
[2024-07-15T13:41:22.719+0000] {processor.py:161} INFO - Started process (PID=174) to work on /home/airflow/.local/lib/python3.12/site-packages/airflow/example_dags/example_latest_only_with_trigger.py
[2024-07-15T13:41:22.719+0000] {processor.py:830} INFO - Processing file /home/airflow/.local/lib/python3.12/site-packages/airflow/example_dags/example_latest_only_with_trigger.py for tasks to queue
[2024-07-15T13:41:22.721+0000] {logging_mixin.py:188} INFO - [2024-07-15T13:41:22.720+0000] {dagbag.py:545} INFO - Filling up the DagBag from /home/airflow/.local/lib/python3.12/site-packages/airflow/example_dags/example_latest_only_with_trigger.py
[2024-07-15T13:41:22.724+0000] {processor.py:840} INFO - DAG(s) 'latest_only_with_trigger' retrieved from /home/airflow/.local/lib/python3.12/site-packages/airflow/example_dags/example_latest_only_with_trigger.py
[2024-07-15T13:41:22.736+0000] {logging_mixin.py:188} INFO - [2024-07-15T13:41:22.736+0000] {dag.py:3096} INFO - Sync 1 DAGs
[2024-07-15T13:41:22.747+0000] {logging_mixin.py:188} INFO - [2024-07-15T13:41:22.747+0000] {dag.py:3954} INFO - Setting next_dagrun for latest_only_with_trigger to 2024-07-15 08:00:00+00:00, run_after=2024-07-15 12:00:00+00:00
[2024-07-15T13:41:22.757+0000] {processor.py:183} INFO - Processing /home/airflow/.local/lib/python3.12/site-packages/airflow/example_dags/example_latest_only_with_trigger.py took 0.042 seconds
[2024-07-15T13:41:53.846+0000] {processor.py:161} INFO - Started process (PID=238) to work on /home/airflow/.local/lib/python3.12/site-packages/airflow/example_dags/example_latest_only_with_trigger.py
[2024-07-15T13:41:53.847+0000] {processor.py:830} INFO - Processing file /home/airflow/.local/lib/python3.12/site-packages/airflow/example_dags/example_latest_only_with_trigger.py for tasks to queue
[2024-07-15T13:41:53.848+0000] {logging_mixin.py:188} INFO - [2024-07-15T13:41:53.848+0000] {dagbag.py:545} INFO - Filling up the DagBag from /home/airflow/.local/lib/python3.12/site-packages/airflow/example_dags/example_latest_only_with_trigger.py
[2024-07-15T13:41:53.851+0000] {processor.py:840} INFO - DAG(s) 'latest_only_with_trigger' retrieved from /home/airflow/.local/lib/python3.12/site-packages/airflow/example_dags/example_latest_only_with_trigger.py
[2024-07-15T13:41:53.862+0000] {logging_mixin.py:188} INFO - [2024-07-15T13:41:53.861+0000] {dag.py:3096} INFO - Sync 1 DAGs
[2024-07-15T13:41:53.873+0000] {logging_mixin.py:188} INFO - [2024-07-15T13:41:53.873+0000] {dag.py:3954} INFO - Setting next_dagrun for latest_only_with_trigger to 2024-07-15 08:00:00+00:00, run_after=2024-07-15 12:00:00+00:00
[2024-07-15T13:41:53.883+0000] {processor.py:183} INFO - Processing /home/airflow/.local/lib/python3.12/site-packages/airflow/example_dags/example_latest_only_with_trigger.py took 0.040 seconds
[2024-07-15T13:42:24.977+0000] {processor.py:161} INFO - Started process (PID=302) to work on /home/airflow/.local/lib/python3.12/site-packages/airflow/example_dags/example_latest_only_with_trigger.py
[2024-07-15T13:42:24.977+0000] {processor.py:830} INFO - Processing file /home/airflow/.local/lib/python3.12/site-packages/airflow/example_dags/example_latest_only_with_trigger.py for tasks to queue
[2024-07-15T13:42:24.979+0000] {logging_mixin.py:188} INFO - [2024-07-15T13:42:24.978+0000] {dagbag.py:545} INFO - Filling up the DagBag from /home/airflow/.local/lib/python3.12/site-packages/airflow/example_dags/example_latest_only_with_trigger.py
[2024-07-15T13:42:24.982+0000] {processor.py:840} INFO - DAG(s) 'latest_only_with_trigger' retrieved from /home/airflow/.local/lib/python3.12/site-packages/airflow/example_dags/example_latest_only_with_trigger.py
[2024-07-15T13:42:24.996+0000] {logging_mixin.py:188} INFO - [2024-07-15T13:42:24.996+0000] {dag.py:3096} INFO - Sync 1 DAGs
[2024-07-15T13:42:25.014+0000] {logging_mixin.py:188} INFO - [2024-07-15T13:42:25.014+0000] {dag.py:3954} INFO - Setting next_dagrun for latest_only_with_trigger to 2024-07-15 08:00:00+00:00, run_after=2024-07-15 12:00:00+00:00
[2024-07-15T13:42:25.027+0000] {processor.py:183} INFO - Processing /home/airflow/.local/lib/python3.12/site-packages/airflow/example_dags/example_latest_only_with_trigger.py took 0.053 seconds
[2024-07-15T13:42:55.199+0000] {processor.py:161} INFO - Started process (PID=365) to work on /home/airflow/.local/lib/python3.12/site-packages/airflow/example_dags/example_latest_only_with_trigger.py
[2024-07-15T13:42:55.200+0000] {processor.py:830} INFO - Processing file /home/airflow/.local/lib/python3.12/site-packages/airflow/example_dags/example_latest_only_with_trigger.py for tasks to queue
[2024-07-15T13:42:55.200+0000] {logging_mixin.py:188} INFO - [2024-07-15T13:42:55.200+0000] {dagbag.py:545} INFO - Filling up the DagBag from /home/airflow/.local/lib/python3.12/site-packages/airflow/example_dags/example_latest_only_with_trigger.py
[2024-07-15T13:42:55.203+0000] {processor.py:840} INFO - DAG(s) 'latest_only_with_trigger' retrieved from /home/airflow/.local/lib/python3.12/site-packages/airflow/example_dags/example_latest_only_with_trigger.py
[2024-07-15T13:42:55.214+0000] {logging_mixin.py:188} INFO - [2024-07-15T13:42:55.214+0000] {dag.py:3096} INFO - Sync 1 DAGs
[2024-07-15T13:42:55.224+0000] {logging_mixin.py:188} INFO - [2024-07-15T13:42:55.224+0000] {dag.py:3954} INFO - Setting next_dagrun for latest_only_with_trigger to 2024-07-15 08:00:00+00:00, run_after=2024-07-15 12:00:00+00:00
[2024-07-15T13:42:55.233+0000] {processor.py:183} INFO - Processing /home/airflow/.local/lib/python3.12/site-packages/airflow/example_dags/example_latest_only_with_trigger.py took 0.037 seconds
[2024-07-15T13:43:25.327+0000] {processor.py:161} INFO - Started process (PID=429) to work on /home/airflow/.local/lib/python3.12/site-packages/airflow/example_dags/example_latest_only_with_trigger.py
[2024-07-15T13:43:25.328+0000] {processor.py:830} INFO - Processing file /home/airflow/.local/lib/python3.12/site-packages/airflow/example_dags/example_latest_only_with_trigger.py for tasks to queue
[2024-07-15T13:43:25.329+0000] {logging_mixin.py:188} INFO - [2024-07-15T13:43:25.328+0000] {dagbag.py:545} INFO - Filling up the DagBag from /home/airflow/.local/lib/python3.12/site-packages/airflow/example_dags/example_latest_only_with_trigger.py
[2024-07-15T13:43:25.331+0000] {processor.py:840} INFO - DAG(s) 'latest_only_with_trigger' retrieved from /home/airflow/.local/lib/python3.12/site-packages/airflow/example_dags/example_latest_only_with_trigger.py
[2024-07-15T13:43:25.342+0000] {logging_mixin.py:188} INFO - [2024-07-15T13:43:25.342+0000] {dag.py:3096} INFO - Sync 1 DAGs
[2024-07-15T13:43:25.353+0000] {logging_mixin.py:188} INFO - [2024-07-15T13:43:25.352+0000] {dag.py:3954} INFO - Setting next_dagrun for latest_only_with_trigger to 2024-07-15 08:00:00+00:00, run_after=2024-07-15 12:00:00+00:00
[2024-07-15T13:43:25.361+0000] {processor.py:183} INFO - Processing /home/airflow/.local/lib/python3.12/site-packages/airflow/example_dags/example_latest_only_with_trigger.py took 0.037 seconds
[2024-07-15T13:43:55.465+0000] {processor.py:161} INFO - Started process (PID=493) to work on /home/airflow/.local/lib/python3.12/site-packages/airflow/example_dags/example_latest_only_with_trigger.py
[2024-07-15T13:43:55.465+0000] {processor.py:830} INFO - Processing file /home/airflow/.local/lib/python3.12/site-packages/airflow/example_dags/example_latest_only_with_trigger.py for tasks to queue
[2024-07-15T13:43:55.466+0000] {logging_mixin.py:188} INFO - [2024-07-15T13:43:55.466+0000] {dagbag.py:545} INFO - Filling up the DagBag from /home/airflow/.local/lib/python3.12/site-packages/airflow/example_dags/example_latest_only_with_trigger.py
[2024-07-15T13:43:55.469+0000] {processor.py:840} INFO - DAG(s) 'latest_only_with_trigger' retrieved from /home/airflow/.local/lib/python3.12/site-packages/airflow/example_dags/example_latest_only_with_trigger.py
[2024-07-15T13:43:55.480+0000] {logging_mixin.py:188} INFO - [2024-07-15T13:43:55.480+0000] {dag.py:3096} INFO - Sync 1 DAGs
[2024-07-15T13:43:55.490+0000] {logging_mixin.py:188} INFO - [2024-07-15T13:43:55.490+0000] {dag.py:3954} INFO - Setting next_dagrun for latest_only_with_trigger to 2024-07-15 08:00:00+00:00, run_after=2024-07-15 12:00:00+00:00
[2024-07-15T13:43:55.499+0000] {processor.py:183} INFO - Processing /home/airflow/.local/lib/python3.12/site-packages/airflow/example_dags/example_latest_only_with_trigger.py took 0.037 seconds
[2024-07-15T13:44:25.758+0000] {processor.py:161} INFO - Started process (PID=557) to work on /home/airflow/.local/lib/python3.12/site-packages/airflow/example_dags/example_latest_only_with_trigger.py
[2024-07-15T13:44:25.758+0000] {processor.py:830} INFO - Processing file /home/airflow/.local/lib/python3.12/site-packages/airflow/example_dags/example_latest_only_with_trigger.py for tasks to queue
[2024-07-15T13:44:25.759+0000] {logging_mixin.py:188} INFO - [2024-07-15T13:44:25.759+0000] {dagbag.py:545} INFO - Filling up the DagBag from /home/airflow/.local/lib/python3.12/site-packages/airflow/example_dags/example_latest_only_with_trigger.py
[2024-07-15T13:44:25.762+0000] {processor.py:840} INFO - DAG(s) 'latest_only_with_trigger' retrieved from /home/airflow/.local/lib/python3.12/site-packages/airflow/example_dags/example_latest_only_with_trigger.py
[2024-07-15T13:44:25.773+0000] {logging_mixin.py:188} INFO - [2024-07-15T13:44:25.773+0000] {dag.py:3096} INFO - Sync 1 DAGs
[2024-07-15T13:44:25.783+0000] {logging_mixin.py:188} INFO - [2024-07-15T13:44:25.783+0000] {dag.py:3954} INFO - Setting next_dagrun for latest_only_with_trigger to 2024-07-15 08:00:00+00:00, run_after=2024-07-15 12:00:00+00:00
[2024-07-15T13:44:25.793+0000] {processor.py:183} INFO - Processing /home/airflow/.local/lib/python3.12/site-packages/airflow/example_dags/example_latest_only_with_trigger.py took 0.038 seconds
[2024-07-15T13:45:46.584+0000] {processor.py:161} INFO - Started process (PID=47) to work on /home/airflow/.local/lib/python3.12/site-packages/airflow/example_dags/example_latest_only_with_trigger.py
[2024-07-15T13:45:46.585+0000] {processor.py:830} INFO - Processing file /home/airflow/.local/lib/python3.12/site-packages/airflow/example_dags/example_latest_only_with_trigger.py for tasks to queue
[2024-07-15T13:45:46.587+0000] {logging_mixin.py:188} INFO - [2024-07-15T13:45:46.587+0000] {dagbag.py:545} INFO - Filling up the DagBag from /home/airflow/.local/lib/python3.12/site-packages/airflow/example_dags/example_latest_only_with_trigger.py
[2024-07-15T13:45:46.593+0000] {processor.py:840} INFO - DAG(s) 'latest_only_with_trigger' retrieved from /home/airflow/.local/lib/python3.12/site-packages/airflow/example_dags/example_latest_only_with_trigger.py
[2024-07-15T13:45:46.606+0000] {logging_mixin.py:188} INFO - [2024-07-15T13:45:46.606+0000] {dag.py:3096} INFO - Sync 1 DAGs
[2024-07-15T13:45:46.629+0000] {logging_mixin.py:188} INFO - [2024-07-15T13:45:46.629+0000] {dag.py:3954} INFO - Setting next_dagrun for latest_only_with_trigger to 2024-07-15 08:00:00+00:00, run_after=2024-07-15 12:00:00+00:00
[2024-07-15T13:45:46.645+0000] {processor.py:183} INFO - Processing /home/airflow/.local/lib/python3.12/site-packages/airflow/example_dags/example_latest_only_with_trigger.py took 0.068 seconds
[2024-07-15T13:46:17.244+0000] {processor.py:161} INFO - Started process (PID=111) to work on /home/airflow/.local/lib/python3.12/site-packages/airflow/example_dags/example_latest_only_with_trigger.py
[2024-07-15T13:46:17.244+0000] {processor.py:830} INFO - Processing file /home/airflow/.local/lib/python3.12/site-packages/airflow/example_dags/example_latest_only_with_trigger.py for tasks to queue
[2024-07-15T13:46:17.245+0000] {logging_mixin.py:188} INFO - [2024-07-15T13:46:17.245+0000] {dagbag.py:545} INFO - Filling up the DagBag from /home/airflow/.local/lib/python3.12/site-packages/airflow/example_dags/example_latest_only_with_trigger.py
[2024-07-15T13:46:17.248+0000] {processor.py:840} INFO - DAG(s) 'latest_only_with_trigger' retrieved from /home/airflow/.local/lib/python3.12/site-packages/airflow/example_dags/example_latest_only_with_trigger.py
[2024-07-15T13:46:17.294+0000] {logging_mixin.py:188} INFO - [2024-07-15T13:46:17.294+0000] {dag.py:3096} INFO - Sync 1 DAGs
[2024-07-15T13:46:17.303+0000] {logging_mixin.py:188} INFO - [2024-07-15T13:46:17.303+0000] {dag.py:3954} INFO - Setting next_dagrun for latest_only_with_trigger to 2024-07-15 08:00:00+00:00, run_after=2024-07-15 12:00:00+00:00
[2024-07-15T13:46:17.312+0000] {processor.py:183} INFO - Processing /home/airflow/.local/lib/python3.12/site-packages/airflow/example_dags/example_latest_only_with_trigger.py took 0.071 seconds
[2024-07-15T13:46:47.849+0000] {processor.py:161} INFO - Started process (PID=174) to work on /home/airflow/.local/lib/python3.12/site-packages/airflow/example_dags/example_latest_only_with_trigger.py
[2024-07-15T13:46:47.850+0000] {processor.py:830} INFO - Processing file /home/airflow/.local/lib/python3.12/site-packages/airflow/example_dags/example_latest_only_with_trigger.py for tasks to queue
[2024-07-15T13:46:47.851+0000] {logging_mixin.py:188} INFO - [2024-07-15T13:46:47.851+0000] {dagbag.py:545} INFO - Filling up the DagBag from /home/airflow/.local/lib/python3.12/site-packages/airflow/example_dags/example_latest_only_with_trigger.py
[2024-07-15T13:46:47.854+0000] {processor.py:840} INFO - DAG(s) 'latest_only_with_trigger' retrieved from /home/airflow/.local/lib/python3.12/site-packages/airflow/example_dags/example_latest_only_with_trigger.py
[2024-07-15T13:46:47.865+0000] {logging_mixin.py:188} INFO - [2024-07-15T13:46:47.865+0000] {dag.py:3096} INFO - Sync 1 DAGs
[2024-07-15T13:46:47.875+0000] {logging_mixin.py:188} INFO - [2024-07-15T13:46:47.875+0000] {dag.py:3954} INFO - Setting next_dagrun for latest_only_with_trigger to 2024-07-15 08:00:00+00:00, run_after=2024-07-15 12:00:00+00:00
[2024-07-15T13:46:47.884+0000] {processor.py:183} INFO - Processing /home/airflow/.local/lib/python3.12/site-packages/airflow/example_dags/example_latest_only_with_trigger.py took 0.038 seconds
[2024-07-15T13:47:18.094+0000] {processor.py:161} INFO - Started process (PID=238) to work on /home/airflow/.local/lib/python3.12/site-packages/airflow/example_dags/example_latest_only_with_trigger.py
[2024-07-15T13:47:18.095+0000] {processor.py:830} INFO - Processing file /home/airflow/.local/lib/python3.12/site-packages/airflow/example_dags/example_latest_only_with_trigger.py for tasks to queue
[2024-07-15T13:47:18.096+0000] {logging_mixin.py:188} INFO - [2024-07-15T13:47:18.096+0000] {dagbag.py:545} INFO - Filling up the DagBag from /home/airflow/.local/lib/python3.12/site-packages/airflow/example_dags/example_latest_only_with_trigger.py
[2024-07-15T13:47:18.099+0000] {processor.py:840} INFO - DAG(s) 'latest_only_with_trigger' retrieved from /home/airflow/.local/lib/python3.12/site-packages/airflow/example_dags/example_latest_only_with_trigger.py
[2024-07-15T13:47:18.110+0000] {logging_mixin.py:188} INFO - [2024-07-15T13:47:18.110+0000] {dag.py:3096} INFO - Sync 1 DAGs
[2024-07-15T13:47:18.119+0000] {logging_mixin.py:188} INFO - [2024-07-15T13:47:18.119+0000] {dag.py:3954} INFO - Setting next_dagrun for latest_only_with_trigger to 2024-07-15 08:00:00+00:00, run_after=2024-07-15 12:00:00+00:00
[2024-07-15T13:47:18.128+0000] {processor.py:183} INFO - Processing /home/airflow/.local/lib/python3.12/site-packages/airflow/example_dags/example_latest_only_with_trigger.py took 0.036 seconds
[2024-07-15T13:47:48.545+0000] {processor.py:161} INFO - Started process (PID=302) to work on /home/airflow/.local/lib/python3.12/site-packages/airflow/example_dags/example_latest_only_with_trigger.py
[2024-07-15T13:47:48.545+0000] {processor.py:830} INFO - Processing file /home/airflow/.local/lib/python3.12/site-packages/airflow/example_dags/example_latest_only_with_trigger.py for tasks to queue
[2024-07-15T13:47:48.546+0000] {logging_mixin.py:188} INFO - [2024-07-15T13:47:48.546+0000] {dagbag.py:545} INFO - Filling up the DagBag from /home/airflow/.local/lib/python3.12/site-packages/airflow/example_dags/example_latest_only_with_trigger.py
[2024-07-15T13:47:48.550+0000] {processor.py:840} INFO - DAG(s) 'latest_only_with_trigger' retrieved from /home/airflow/.local/lib/python3.12/site-packages/airflow/example_dags/example_latest_only_with_trigger.py
[2024-07-15T13:47:48.561+0000] {logging_mixin.py:188} INFO - [2024-07-15T13:47:48.561+0000] {dag.py:3096} INFO - Sync 1 DAGs
[2024-07-15T13:47:48.572+0000] {logging_mixin.py:188} INFO - [2024-07-15T13:47:48.572+0000] {dag.py:3954} INFO - Setting next_dagrun for latest_only_with_trigger to 2024-07-15 08:00:00+00:00, run_after=2024-07-15 12:00:00+00:00
[2024-07-15T13:47:48.581+0000] {processor.py:183} INFO - Processing /home/airflow/.local/lib/python3.12/site-packages/airflow/example_dags/example_latest_only_with_trigger.py took 0.040 seconds
[2024-07-15T13:48:18.655+0000] {processor.py:161} INFO - Started process (PID=365) to work on /home/airflow/.local/lib/python3.12/site-packages/airflow/example_dags/example_latest_only_with_trigger.py
[2024-07-15T13:48:18.656+0000] {processor.py:830} INFO - Processing file /home/airflow/.local/lib/python3.12/site-packages/airflow/example_dags/example_latest_only_with_trigger.py for tasks to queue
[2024-07-15T13:48:18.657+0000] {logging_mixin.py:188} INFO - [2024-07-15T13:48:18.657+0000] {dagbag.py:545} INFO - Filling up the DagBag from /home/airflow/.local/lib/python3.12/site-packages/airflow/example_dags/example_latest_only_with_trigger.py
[2024-07-15T13:48:18.660+0000] {processor.py:840} INFO - DAG(s) 'latest_only_with_trigger' retrieved from /home/airflow/.local/lib/python3.12/site-packages/airflow/example_dags/example_latest_only_with_trigger.py
[2024-07-15T13:48:18.672+0000] {logging_mixin.py:188} INFO - [2024-07-15T13:48:18.672+0000] {dag.py:3096} INFO - Sync 1 DAGs
[2024-07-15T13:48:18.683+0000] {logging_mixin.py:188} INFO - [2024-07-15T13:48:18.683+0000] {dag.py:3954} INFO - Setting next_dagrun for latest_only_with_trigger to 2024-07-15 08:00:00+00:00, run_after=2024-07-15 12:00:00+00:00
[2024-07-15T13:48:18.692+0000] {processor.py:183} INFO - Processing /home/airflow/.local/lib/python3.12/site-packages/airflow/example_dags/example_latest_only_with_trigger.py took 0.040 seconds
[2024-07-15T13:48:48.985+0000] {processor.py:161} INFO - Started process (PID=428) to work on /home/airflow/.local/lib/python3.12/site-packages/airflow/example_dags/example_latest_only_with_trigger.py
[2024-07-15T13:48:48.985+0000] {processor.py:830} INFO - Processing file /home/airflow/.local/lib/python3.12/site-packages/airflow/example_dags/example_latest_only_with_trigger.py for tasks to queue
[2024-07-15T13:48:48.986+0000] {logging_mixin.py:188} INFO - [2024-07-15T13:48:48.986+0000] {dagbag.py:545} INFO - Filling up the DagBag from /home/airflow/.local/lib/python3.12/site-packages/airflow/example_dags/example_latest_only_with_trigger.py
[2024-07-15T13:48:48.990+0000] {processor.py:840} INFO - DAG(s) 'latest_only_with_trigger' retrieved from /home/airflow/.local/lib/python3.12/site-packages/airflow/example_dags/example_latest_only_with_trigger.py
[2024-07-15T13:48:49.002+0000] {logging_mixin.py:188} INFO - [2024-07-15T13:48:49.001+0000] {dag.py:3096} INFO - Sync 1 DAGs
[2024-07-15T13:48:49.013+0000] {logging_mixin.py:188} INFO - [2024-07-15T13:48:49.013+0000] {dag.py:3954} INFO - Setting next_dagrun for latest_only_with_trigger to 2024-07-15 08:00:00+00:00, run_after=2024-07-15 12:00:00+00:00
[2024-07-15T13:48:49.023+0000] {processor.py:183} INFO - Processing /home/airflow/.local/lib/python3.12/site-packages/airflow/example_dags/example_latest_only_with_trigger.py took 0.041 seconds
[2024-07-15T13:49:46.918+0000] {processor.py:161} INFO - Started process (PID=47) to work on /home/airflow/.local/lib/python3.12/site-packages/airflow/example_dags/example_latest_only_with_trigger.py
[2024-07-15T13:49:46.919+0000] {processor.py:830} INFO - Processing file /home/airflow/.local/lib/python3.12/site-packages/airflow/example_dags/example_latest_only_with_trigger.py for tasks to queue
[2024-07-15T13:49:46.921+0000] {logging_mixin.py:188} INFO - [2024-07-15T13:49:46.921+0000] {dagbag.py:545} INFO - Filling up the DagBag from /home/airflow/.local/lib/python3.12/site-packages/airflow/example_dags/example_latest_only_with_trigger.py
[2024-07-15T13:49:46.929+0000] {processor.py:840} INFO - DAG(s) 'latest_only_with_trigger' retrieved from /home/airflow/.local/lib/python3.12/site-packages/airflow/example_dags/example_latest_only_with_trigger.py
[2024-07-15T13:49:46.938+0000] {logging_mixin.py:188} INFO - [2024-07-15T13:49:46.938+0000] {dag.py:3096} INFO - Sync 1 DAGs
[2024-07-15T13:49:46.957+0000] {logging_mixin.py:188} INFO - [2024-07-15T13:49:46.957+0000] {dag.py:3954} INFO - Setting next_dagrun for latest_only_with_trigger to 2024-07-15 08:00:00+00:00, run_after=2024-07-15 12:00:00+00:00
[2024-07-15T13:49:46.977+0000] {processor.py:183} INFO - Processing /home/airflow/.local/lib/python3.12/site-packages/airflow/example_dags/example_latest_only_with_trigger.py took 0.066 seconds
[2024-07-15T13:50:17.557+0000] {processor.py:161} INFO - Started process (PID=111) to work on /home/airflow/.local/lib/python3.12/site-packages/airflow/example_dags/example_latest_only_with_trigger.py
[2024-07-15T13:50:17.558+0000] {processor.py:830} INFO - Processing file /home/airflow/.local/lib/python3.12/site-packages/airflow/example_dags/example_latest_only_with_trigger.py for tasks to queue
[2024-07-15T13:50:17.559+0000] {logging_mixin.py:188} INFO - [2024-07-15T13:50:17.559+0000] {dagbag.py:545} INFO - Filling up the DagBag from /home/airflow/.local/lib/python3.12/site-packages/airflow/example_dags/example_latest_only_with_trigger.py
[2024-07-15T13:50:17.562+0000] {processor.py:840} INFO - DAG(s) 'latest_only_with_trigger' retrieved from /home/airflow/.local/lib/python3.12/site-packages/airflow/example_dags/example_latest_only_with_trigger.py
[2024-07-15T13:50:17.609+0000] {logging_mixin.py:188} INFO - [2024-07-15T13:50:17.609+0000] {dag.py:3096} INFO - Sync 1 DAGs
[2024-07-15T13:50:17.618+0000] {logging_mixin.py:188} INFO - [2024-07-15T13:50:17.618+0000] {dag.py:3954} INFO - Setting next_dagrun for latest_only_with_trigger to 2024-07-15 08:00:00+00:00, run_after=2024-07-15 12:00:00+00:00
[2024-07-15T13:50:17.630+0000] {processor.py:183} INFO - Processing /home/airflow/.local/lib/python3.12/site-packages/airflow/example_dags/example_latest_only_with_trigger.py took 0.076 seconds
[2024-07-15T13:50:48.533+0000] {processor.py:161} INFO - Started process (PID=176) to work on /home/airflow/.local/lib/python3.12/site-packages/airflow/example_dags/example_latest_only_with_trigger.py
[2024-07-15T13:50:48.534+0000] {processor.py:830} INFO - Processing file /home/airflow/.local/lib/python3.12/site-packages/airflow/example_dags/example_latest_only_with_trigger.py for tasks to queue
[2024-07-15T13:50:48.535+0000] {logging_mixin.py:188} INFO - [2024-07-15T13:50:48.535+0000] {dagbag.py:545} INFO - Filling up the DagBag from /home/airflow/.local/lib/python3.12/site-packages/airflow/example_dags/example_latest_only_with_trigger.py
[2024-07-15T13:50:48.540+0000] {processor.py:840} INFO - DAG(s) 'latest_only_with_trigger' retrieved from /home/airflow/.local/lib/python3.12/site-packages/airflow/example_dags/example_latest_only_with_trigger.py
[2024-07-15T13:50:48.558+0000] {logging_mixin.py:188} INFO - [2024-07-15T13:50:48.558+0000] {dag.py:3096} INFO - Sync 1 DAGs
[2024-07-15T13:50:48.574+0000] {logging_mixin.py:188} INFO - [2024-07-15T13:50:48.574+0000] {dag.py:3954} INFO - Setting next_dagrun for latest_only_with_trigger to 2024-07-15 08:00:00+00:00, run_after=2024-07-15 12:00:00+00:00
[2024-07-15T13:50:48.584+0000] {processor.py:183} INFO - Processing /home/airflow/.local/lib/python3.12/site-packages/airflow/example_dags/example_latest_only_with_trigger.py took 0.055 seconds
[2024-07-15T13:51:18.788+0000] {processor.py:161} INFO - Started process (PID=239) to work on /home/airflow/.local/lib/python3.12/site-packages/airflow/example_dags/example_latest_only_with_trigger.py
[2024-07-15T13:51:18.789+0000] {processor.py:830} INFO - Processing file /home/airflow/.local/lib/python3.12/site-packages/airflow/example_dags/example_latest_only_with_trigger.py for tasks to queue
[2024-07-15T13:51:18.790+0000] {logging_mixin.py:188} INFO - [2024-07-15T13:51:18.790+0000] {dagbag.py:545} INFO - Filling up the DagBag from /home/airflow/.local/lib/python3.12/site-packages/airflow/example_dags/example_latest_only_with_trigger.py
[2024-07-15T13:51:18.793+0000] {processor.py:840} INFO - DAG(s) 'latest_only_with_trigger' retrieved from /home/airflow/.local/lib/python3.12/site-packages/airflow/example_dags/example_latest_only_with_trigger.py
[2024-07-15T13:51:18.804+0000] {logging_mixin.py:188} INFO - [2024-07-15T13:51:18.803+0000] {dag.py:3096} INFO - Sync 1 DAGs
[2024-07-15T13:51:18.814+0000] {logging_mixin.py:188} INFO - [2024-07-15T13:51:18.814+0000] {dag.py:3954} INFO - Setting next_dagrun for latest_only_with_trigger to 2024-07-15 08:00:00+00:00, run_after=2024-07-15 12:00:00+00:00
[2024-07-15T13:51:18.822+0000] {processor.py:183} INFO - Processing /home/airflow/.local/lib/python3.12/site-packages/airflow/example_dags/example_latest_only_with_trigger.py took 0.037 seconds
[2024-07-15T13:51:48.987+0000] {processor.py:161} INFO - Started process (PID=303) to work on /home/airflow/.local/lib/python3.12/site-packages/airflow/example_dags/example_latest_only_with_trigger.py
[2024-07-15T13:51:48.988+0000] {processor.py:830} INFO - Processing file /home/airflow/.local/lib/python3.12/site-packages/airflow/example_dags/example_latest_only_with_trigger.py for tasks to queue
[2024-07-15T13:51:48.989+0000] {logging_mixin.py:188} INFO - [2024-07-15T13:51:48.989+0000] {dagbag.py:545} INFO - Filling up the DagBag from /home/airflow/.local/lib/python3.12/site-packages/airflow/example_dags/example_latest_only_with_trigger.py
[2024-07-15T13:51:48.992+0000] {processor.py:840} INFO - DAG(s) 'latest_only_with_trigger' retrieved from /home/airflow/.local/lib/python3.12/site-packages/airflow/example_dags/example_latest_only_with_trigger.py
[2024-07-15T13:51:49.003+0000] {logging_mixin.py:188} INFO - [2024-07-15T13:51:49.003+0000] {dag.py:3096} INFO - Sync 1 DAGs
[2024-07-15T13:51:49.012+0000] {logging_mixin.py:188} INFO - [2024-07-15T13:51:49.012+0000] {dag.py:3954} INFO - Setting next_dagrun for latest_only_with_trigger to 2024-07-15 08:00:00+00:00, run_after=2024-07-15 12:00:00+00:00
[2024-07-15T13:51:49.020+0000] {processor.py:183} INFO - Processing /home/airflow/.local/lib/python3.12/site-packages/airflow/example_dags/example_latest_only_with_trigger.py took 0.036 seconds
[2024-07-15T13:52:52.681+0000] {processor.py:161} INFO - Started process (PID=46) to work on /home/airflow/.local/lib/python3.12/site-packages/airflow/example_dags/example_latest_only_with_trigger.py
[2024-07-15T13:52:52.682+0000] {processor.py:830} INFO - Processing file /home/airflow/.local/lib/python3.12/site-packages/airflow/example_dags/example_latest_only_with_trigger.py for tasks to queue
[2024-07-15T13:52:52.684+0000] {logging_mixin.py:188} INFO - [2024-07-15T13:52:52.684+0000] {dagbag.py:545} INFO - Filling up the DagBag from /home/airflow/.local/lib/python3.12/site-packages/airflow/example_dags/example_latest_only_with_trigger.py
[2024-07-15T13:52:52.690+0000] {processor.py:840} INFO - DAG(s) 'latest_only_with_trigger' retrieved from /home/airflow/.local/lib/python3.12/site-packages/airflow/example_dags/example_latest_only_with_trigger.py
[2024-07-15T13:52:52.699+0000] {logging_mixin.py:188} INFO - [2024-07-15T13:52:52.699+0000] {dag.py:3096} INFO - Sync 1 DAGs
[2024-07-15T13:52:52.715+0000] {logging_mixin.py:188} INFO - [2024-07-15T13:52:52.715+0000] {dag.py:3954} INFO - Setting next_dagrun for latest_only_with_trigger to 2024-07-15 08:00:00+00:00, run_after=2024-07-15 12:00:00+00:00
[2024-07-15T13:52:52.728+0000] {processor.py:183} INFO - Processing /home/airflow/.local/lib/python3.12/site-packages/airflow/example_dags/example_latest_only_with_trigger.py took 0.053 seconds
[2024-07-15T13:53:23.478+0000] {processor.py:161} INFO - Started process (PID=110) to work on /home/airflow/.local/lib/python3.12/site-packages/airflow/example_dags/example_latest_only_with_trigger.py
[2024-07-15T13:53:23.479+0000] {processor.py:830} INFO - Processing file /home/airflow/.local/lib/python3.12/site-packages/airflow/example_dags/example_latest_only_with_trigger.py for tasks to queue
[2024-07-15T13:53:23.480+0000] {logging_mixin.py:188} INFO - [2024-07-15T13:53:23.480+0000] {dagbag.py:545} INFO - Filling up the DagBag from /home/airflow/.local/lib/python3.12/site-packages/airflow/example_dags/example_latest_only_with_trigger.py
[2024-07-15T13:53:23.483+0000] {processor.py:840} INFO - DAG(s) 'latest_only_with_trigger' retrieved from /home/airflow/.local/lib/python3.12/site-packages/airflow/example_dags/example_latest_only_with_trigger.py
[2024-07-15T13:53:23.531+0000] {logging_mixin.py:188} INFO - [2024-07-15T13:53:23.531+0000] {dag.py:3096} INFO - Sync 1 DAGs
[2024-07-15T13:53:23.539+0000] {logging_mixin.py:188} INFO - [2024-07-15T13:53:23.539+0000] {dag.py:3954} INFO - Setting next_dagrun for latest_only_with_trigger to 2024-07-15 08:00:00+00:00, run_after=2024-07-15 12:00:00+00:00
[2024-07-15T13:53:23.548+0000] {processor.py:183} INFO - Processing /home/airflow/.local/lib/python3.12/site-packages/airflow/example_dags/example_latest_only_with_trigger.py took 0.073 seconds
[2024-07-15T13:53:53.919+0000] {processor.py:161} INFO - Started process (PID=174) to work on /home/airflow/.local/lib/python3.12/site-packages/airflow/example_dags/example_latest_only_with_trigger.py
[2024-07-15T13:53:53.919+0000] {processor.py:830} INFO - Processing file /home/airflow/.local/lib/python3.12/site-packages/airflow/example_dags/example_latest_only_with_trigger.py for tasks to queue
[2024-07-15T13:53:53.921+0000] {logging_mixin.py:188} INFO - [2024-07-15T13:53:53.921+0000] {dagbag.py:545} INFO - Filling up the DagBag from /home/airflow/.local/lib/python3.12/site-packages/airflow/example_dags/example_latest_only_with_trigger.py
[2024-07-15T13:53:53.923+0000] {processor.py:840} INFO - DAG(s) 'latest_only_with_trigger' retrieved from /home/airflow/.local/lib/python3.12/site-packages/airflow/example_dags/example_latest_only_with_trigger.py
[2024-07-15T13:53:53.935+0000] {logging_mixin.py:188} INFO - [2024-07-15T13:53:53.935+0000] {dag.py:3096} INFO - Sync 1 DAGs
[2024-07-15T13:53:53.945+0000] {logging_mixin.py:188} INFO - [2024-07-15T13:53:53.945+0000] {dag.py:3954} INFO - Setting next_dagrun for latest_only_with_trigger to 2024-07-15 08:00:00+00:00, run_after=2024-07-15 12:00:00+00:00
[2024-07-15T13:53:53.954+0000] {processor.py:183} INFO - Processing /home/airflow/.local/lib/python3.12/site-packages/airflow/example_dags/example_latest_only_with_trigger.py took 0.037 seconds
[2024-07-15T13:54:24.110+0000] {processor.py:161} INFO - Started process (PID=237) to work on /home/airflow/.local/lib/python3.12/site-packages/airflow/example_dags/example_latest_only_with_trigger.py
[2024-07-15T13:54:24.110+0000] {processor.py:830} INFO - Processing file /home/airflow/.local/lib/python3.12/site-packages/airflow/example_dags/example_latest_only_with_trigger.py for tasks to queue
[2024-07-15T13:54:24.112+0000] {logging_mixin.py:188} INFO - [2024-07-15T13:54:24.111+0000] {dagbag.py:545} INFO - Filling up the DagBag from /home/airflow/.local/lib/python3.12/site-packages/airflow/example_dags/example_latest_only_with_trigger.py
[2024-07-15T13:54:24.115+0000] {processor.py:840} INFO - DAG(s) 'latest_only_with_trigger' retrieved from /home/airflow/.local/lib/python3.12/site-packages/airflow/example_dags/example_latest_only_with_trigger.py
[2024-07-15T13:54:24.127+0000] {logging_mixin.py:188} INFO - [2024-07-15T13:54:24.127+0000] {dag.py:3096} INFO - Sync 1 DAGs
[2024-07-15T13:54:24.139+0000] {logging_mixin.py:188} INFO - [2024-07-15T13:54:24.139+0000] {dag.py:3954} INFO - Setting next_dagrun for latest_only_with_trigger to 2024-07-15 08:00:00+00:00, run_after=2024-07-15 12:00:00+00:00
[2024-07-15T13:54:24.149+0000] {processor.py:183} INFO - Processing /home/airflow/.local/lib/python3.12/site-packages/airflow/example_dags/example_latest_only_with_trigger.py took 0.043 seconds
[2024-07-15T13:54:54.415+0000] {processor.py:161} INFO - Started process (PID=302) to work on /home/airflow/.local/lib/python3.12/site-packages/airflow/example_dags/example_latest_only_with_trigger.py
[2024-07-15T13:54:54.416+0000] {processor.py:830} INFO - Processing file /home/airflow/.local/lib/python3.12/site-packages/airflow/example_dags/example_latest_only_with_trigger.py for tasks to queue
[2024-07-15T13:54:54.417+0000] {logging_mixin.py:188} INFO - [2024-07-15T13:54:54.417+0000] {dagbag.py:545} INFO - Filling up the DagBag from /home/airflow/.local/lib/python3.12/site-packages/airflow/example_dags/example_latest_only_with_trigger.py
[2024-07-15T13:54:54.420+0000] {processor.py:840} INFO - DAG(s) 'latest_only_with_trigger' retrieved from /home/airflow/.local/lib/python3.12/site-packages/airflow/example_dags/example_latest_only_with_trigger.py
[2024-07-15T13:54:54.431+0000] {logging_mixin.py:188} INFO - [2024-07-15T13:54:54.431+0000] {dag.py:3096} INFO - Sync 1 DAGs
[2024-07-15T13:54:54.441+0000] {logging_mixin.py:188} INFO - [2024-07-15T13:54:54.441+0000] {dag.py:3954} INFO - Setting next_dagrun for latest_only_with_trigger to 2024-07-15 08:00:00+00:00, run_after=2024-07-15 12:00:00+00:00
[2024-07-15T13:54:54.450+0000] {processor.py:183} INFO - Processing /home/airflow/.local/lib/python3.12/site-packages/airflow/example_dags/example_latest_only_with_trigger.py took 0.038 seconds
[2024-07-15T13:55:24.601+0000] {processor.py:161} INFO - Started process (PID=366) to work on /home/airflow/.local/lib/python3.12/site-packages/airflow/example_dags/example_latest_only_with_trigger.py
[2024-07-15T13:55:24.602+0000] {processor.py:830} INFO - Processing file /home/airflow/.local/lib/python3.12/site-packages/airflow/example_dags/example_latest_only_with_trigger.py for tasks to queue
[2024-07-15T13:55:24.603+0000] {logging_mixin.py:188} INFO - [2024-07-15T13:55:24.603+0000] {dagbag.py:545} INFO - Filling up the DagBag from /home/airflow/.local/lib/python3.12/site-packages/airflow/example_dags/example_latest_only_with_trigger.py
[2024-07-15T13:55:24.606+0000] {processor.py:840} INFO - DAG(s) 'latest_only_with_trigger' retrieved from /home/airflow/.local/lib/python3.12/site-packages/airflow/example_dags/example_latest_only_with_trigger.py
[2024-07-15T13:55:24.623+0000] {logging_mixin.py:188} INFO - [2024-07-15T13:55:24.623+0000] {dag.py:3096} INFO - Sync 1 DAGs
[2024-07-15T13:55:24.635+0000] {logging_mixin.py:188} INFO - [2024-07-15T13:55:24.635+0000] {dag.py:3954} INFO - Setting next_dagrun for latest_only_with_trigger to 2024-07-15 08:00:00+00:00, run_after=2024-07-15 12:00:00+00:00
[2024-07-15T13:55:24.645+0000] {processor.py:183} INFO - Processing /home/airflow/.local/lib/python3.12/site-packages/airflow/example_dags/example_latest_only_with_trigger.py took 0.046 seconds
[2024-07-15T13:55:55.707+0000] {processor.py:161} INFO - Started process (PID=431) to work on /home/airflow/.local/lib/python3.12/site-packages/airflow/example_dags/example_latest_only_with_trigger.py
[2024-07-15T13:55:55.708+0000] {processor.py:830} INFO - Processing file /home/airflow/.local/lib/python3.12/site-packages/airflow/example_dags/example_latest_only_with_trigger.py for tasks to queue
[2024-07-15T13:55:55.709+0000] {logging_mixin.py:188} INFO - [2024-07-15T13:55:55.709+0000] {dagbag.py:545} INFO - Filling up the DagBag from /home/airflow/.local/lib/python3.12/site-packages/airflow/example_dags/example_latest_only_with_trigger.py
[2024-07-15T13:55:55.712+0000] {processor.py:840} INFO - DAG(s) 'latest_only_with_trigger' retrieved from /home/airflow/.local/lib/python3.12/site-packages/airflow/example_dags/example_latest_only_with_trigger.py
[2024-07-15T13:55:55.724+0000] {logging_mixin.py:188} INFO - [2024-07-15T13:55:55.724+0000] {dag.py:3096} INFO - Sync 1 DAGs
[2024-07-15T13:55:55.735+0000] {logging_mixin.py:188} INFO - [2024-07-15T13:55:55.735+0000] {dag.py:3954} INFO - Setting next_dagrun for latest_only_with_trigger to 2024-07-15 08:00:00+00:00, run_after=2024-07-15 12:00:00+00:00
[2024-07-15T13:55:55.746+0000] {processor.py:183} INFO - Processing /home/airflow/.local/lib/python3.12/site-packages/airflow/example_dags/example_latest_only_with_trigger.py took 0.042 seconds
[2024-07-15T13:56:25.851+0000] {processor.py:161} INFO - Started process (PID=495) to work on /home/airflow/.local/lib/python3.12/site-packages/airflow/example_dags/example_latest_only_with_trigger.py
[2024-07-15T13:56:25.851+0000] {processor.py:830} INFO - Processing file /home/airflow/.local/lib/python3.12/site-packages/airflow/example_dags/example_latest_only_with_trigger.py for tasks to queue
[2024-07-15T13:56:25.853+0000] {logging_mixin.py:188} INFO - [2024-07-15T13:56:25.852+0000] {dagbag.py:545} INFO - Filling up the DagBag from /home/airflow/.local/lib/python3.12/site-packages/airflow/example_dags/example_latest_only_with_trigger.py
[2024-07-15T13:56:25.856+0000] {processor.py:840} INFO - DAG(s) 'latest_only_with_trigger' retrieved from /home/airflow/.local/lib/python3.12/site-packages/airflow/example_dags/example_latest_only_with_trigger.py
[2024-07-15T13:56:25.869+0000] {logging_mixin.py:188} INFO - [2024-07-15T13:56:25.869+0000] {dag.py:3096} INFO - Sync 1 DAGs
[2024-07-15T13:56:25.880+0000] {logging_mixin.py:188} INFO - [2024-07-15T13:56:25.880+0000] {dag.py:3954} INFO - Setting next_dagrun for latest_only_with_trigger to 2024-07-15 08:00:00+00:00, run_after=2024-07-15 12:00:00+00:00
[2024-07-15T13:56:25.890+0000] {processor.py:183} INFO - Processing /home/airflow/.local/lib/python3.12/site-packages/airflow/example_dags/example_latest_only_with_trigger.py took 0.043 seconds
[2024-07-15T13:56:56.097+0000] {processor.py:161} INFO - Started process (PID=559) to work on /home/airflow/.local/lib/python3.12/site-packages/airflow/example_dags/example_latest_only_with_trigger.py
[2024-07-15T13:56:56.097+0000] {processor.py:830} INFO - Processing file /home/airflow/.local/lib/python3.12/site-packages/airflow/example_dags/example_latest_only_with_trigger.py for tasks to queue
[2024-07-15T13:56:56.098+0000] {logging_mixin.py:188} INFO - [2024-07-15T13:56:56.098+0000] {dagbag.py:545} INFO - Filling up the DagBag from /home/airflow/.local/lib/python3.12/site-packages/airflow/example_dags/example_latest_only_with_trigger.py
[2024-07-15T13:56:56.101+0000] {processor.py:840} INFO - DAG(s) 'latest_only_with_trigger' retrieved from /home/airflow/.local/lib/python3.12/site-packages/airflow/example_dags/example_latest_only_with_trigger.py
[2024-07-15T13:56:56.112+0000] {logging_mixin.py:188} INFO - [2024-07-15T13:56:56.112+0000] {dag.py:3096} INFO - Sync 1 DAGs
[2024-07-15T13:56:56.123+0000] {logging_mixin.py:188} INFO - [2024-07-15T13:56:56.122+0000] {dag.py:3954} INFO - Setting next_dagrun for latest_only_with_trigger to 2024-07-15 08:00:00+00:00, run_after=2024-07-15 12:00:00+00:00
[2024-07-15T13:56:56.132+0000] {processor.py:183} INFO - Processing /home/airflow/.local/lib/python3.12/site-packages/airflow/example_dags/example_latest_only_with_trigger.py took 0.038 seconds
[2024-07-15T13:57:26.267+0000] {processor.py:161} INFO - Started process (PID=622) to work on /home/airflow/.local/lib/python3.12/site-packages/airflow/example_dags/example_latest_only_with_trigger.py
[2024-07-15T13:57:26.268+0000] {processor.py:830} INFO - Processing file /home/airflow/.local/lib/python3.12/site-packages/airflow/example_dags/example_latest_only_with_trigger.py for tasks to queue
[2024-07-15T13:57:26.269+0000] {logging_mixin.py:188} INFO - [2024-07-15T13:57:26.269+0000] {dagbag.py:545} INFO - Filling up the DagBag from /home/airflow/.local/lib/python3.12/site-packages/airflow/example_dags/example_latest_only_with_trigger.py
[2024-07-15T13:57:26.272+0000] {processor.py:840} INFO - DAG(s) 'latest_only_with_trigger' retrieved from /home/airflow/.local/lib/python3.12/site-packages/airflow/example_dags/example_latest_only_with_trigger.py
[2024-07-15T13:57:26.284+0000] {logging_mixin.py:188} INFO - [2024-07-15T13:57:26.284+0000] {dag.py:3096} INFO - Sync 1 DAGs
[2024-07-15T13:57:26.296+0000] {logging_mixin.py:188} INFO - [2024-07-15T13:57:26.296+0000] {dag.py:3954} INFO - Setting next_dagrun for latest_only_with_trigger to 2024-07-15 08:00:00+00:00, run_after=2024-07-15 12:00:00+00:00
[2024-07-15T13:57:26.305+0000] {processor.py:183} INFO - Processing /home/airflow/.local/lib/python3.12/site-packages/airflow/example_dags/example_latest_only_with_trigger.py took 0.041 seconds
[2024-07-15T13:57:56.330+0000] {processor.py:161} INFO - Started process (PID=686) to work on /home/airflow/.local/lib/python3.12/site-packages/airflow/example_dags/example_latest_only_with_trigger.py
[2024-07-15T13:57:56.330+0000] {processor.py:830} INFO - Processing file /home/airflow/.local/lib/python3.12/site-packages/airflow/example_dags/example_latest_only_with_trigger.py for tasks to queue
[2024-07-15T13:57:56.331+0000] {logging_mixin.py:188} INFO - [2024-07-15T13:57:56.331+0000] {dagbag.py:545} INFO - Filling up the DagBag from /home/airflow/.local/lib/python3.12/site-packages/airflow/example_dags/example_latest_only_with_trigger.py
[2024-07-15T13:57:56.334+0000] {processor.py:840} INFO - DAG(s) 'latest_only_with_trigger' retrieved from /home/airflow/.local/lib/python3.12/site-packages/airflow/example_dags/example_latest_only_with_trigger.py
[2024-07-15T13:57:56.344+0000] {logging_mixin.py:188} INFO - [2024-07-15T13:57:56.344+0000] {dag.py:3096} INFO - Sync 1 DAGs
[2024-07-15T13:57:56.354+0000] {logging_mixin.py:188} INFO - [2024-07-15T13:57:56.354+0000] {dag.py:3954} INFO - Setting next_dagrun for latest_only_with_trigger to 2024-07-15 08:00:00+00:00, run_after=2024-07-15 12:00:00+00:00
[2024-07-15T13:57:56.363+0000] {processor.py:183} INFO - Processing /home/airflow/.local/lib/python3.12/site-packages/airflow/example_dags/example_latest_only_with_trigger.py took 0.036 seconds
[2024-07-15T13:58:26.446+0000] {processor.py:161} INFO - Started process (PID=750) to work on /home/airflow/.local/lib/python3.12/site-packages/airflow/example_dags/example_latest_only_with_trigger.py
[2024-07-15T13:58:26.447+0000] {processor.py:830} INFO - Processing file /home/airflow/.local/lib/python3.12/site-packages/airflow/example_dags/example_latest_only_with_trigger.py for tasks to queue
[2024-07-15T13:58:26.448+0000] {logging_mixin.py:188} INFO - [2024-07-15T13:58:26.448+0000] {dagbag.py:545} INFO - Filling up the DagBag from /home/airflow/.local/lib/python3.12/site-packages/airflow/example_dags/example_latest_only_with_trigger.py
[2024-07-15T13:58:26.451+0000] {processor.py:840} INFO - DAG(s) 'latest_only_with_trigger' retrieved from /home/airflow/.local/lib/python3.12/site-packages/airflow/example_dags/example_latest_only_with_trigger.py
[2024-07-15T13:58:26.463+0000] {logging_mixin.py:188} INFO - [2024-07-15T13:58:26.462+0000] {dag.py:3096} INFO - Sync 1 DAGs
[2024-07-15T13:58:26.472+0000] {logging_mixin.py:188} INFO - [2024-07-15T13:58:26.472+0000] {dag.py:3954} INFO - Setting next_dagrun for latest_only_with_trigger to 2024-07-15 08:00:00+00:00, run_after=2024-07-15 12:00:00+00:00
[2024-07-15T13:58:26.480+0000] {processor.py:183} INFO - Processing /home/airflow/.local/lib/python3.12/site-packages/airflow/example_dags/example_latest_only_with_trigger.py took 0.037 seconds
[2024-07-15T13:58:56.537+0000] {processor.py:161} INFO - Started process (PID=814) to work on /home/airflow/.local/lib/python3.12/site-packages/airflow/example_dags/example_latest_only_with_trigger.py
[2024-07-15T13:58:56.538+0000] {processor.py:830} INFO - Processing file /home/airflow/.local/lib/python3.12/site-packages/airflow/example_dags/example_latest_only_with_trigger.py for tasks to queue
[2024-07-15T13:58:56.539+0000] {logging_mixin.py:188} INFO - [2024-07-15T13:58:56.539+0000] {dagbag.py:545} INFO - Filling up the DagBag from /home/airflow/.local/lib/python3.12/site-packages/airflow/example_dags/example_latest_only_with_trigger.py
[2024-07-15T13:58:56.542+0000] {processor.py:840} INFO - DAG(s) 'latest_only_with_trigger' retrieved from /home/airflow/.local/lib/python3.12/site-packages/airflow/example_dags/example_latest_only_with_trigger.py
[2024-07-15T13:58:56.552+0000] {logging_mixin.py:188} INFO - [2024-07-15T13:58:56.552+0000] {dag.py:3096} INFO - Sync 1 DAGs
[2024-07-15T13:58:56.562+0000] {logging_mixin.py:188} INFO - [2024-07-15T13:58:56.562+0000] {dag.py:3954} INFO - Setting next_dagrun for latest_only_with_trigger to 2024-07-15 08:00:00+00:00, run_after=2024-07-15 12:00:00+00:00
[2024-07-15T13:58:56.570+0000] {processor.py:183} INFO - Processing /home/airflow/.local/lib/python3.12/site-packages/airflow/example_dags/example_latest_only_with_trigger.py took 0.036 seconds
[2024-07-15T13:59:26.865+0000] {processor.py:161} INFO - Started process (PID=878) to work on /home/airflow/.local/lib/python3.12/site-packages/airflow/example_dags/example_latest_only_with_trigger.py
[2024-07-15T13:59:26.866+0000] {processor.py:830} INFO - Processing file /home/airflow/.local/lib/python3.12/site-packages/airflow/example_dags/example_latest_only_with_trigger.py for tasks to queue
[2024-07-15T13:59:26.867+0000] {logging_mixin.py:188} INFO - [2024-07-15T13:59:26.867+0000] {dagbag.py:545} INFO - Filling up the DagBag from /home/airflow/.local/lib/python3.12/site-packages/airflow/example_dags/example_latest_only_with_trigger.py
[2024-07-15T13:59:26.870+0000] {processor.py:840} INFO - DAG(s) 'latest_only_with_trigger' retrieved from /home/airflow/.local/lib/python3.12/site-packages/airflow/example_dags/example_latest_only_with_trigger.py
[2024-07-15T13:59:26.882+0000] {logging_mixin.py:188} INFO - [2024-07-15T13:59:26.882+0000] {dag.py:3096} INFO - Sync 1 DAGs
[2024-07-15T13:59:26.893+0000] {logging_mixin.py:188} INFO - [2024-07-15T13:59:26.893+0000] {dag.py:3954} INFO - Setting next_dagrun for latest_only_with_trigger to 2024-07-15 08:00:00+00:00, run_after=2024-07-15 12:00:00+00:00
[2024-07-15T13:59:26.902+0000] {processor.py:183} INFO - Processing /home/airflow/.local/lib/python3.12/site-packages/airflow/example_dags/example_latest_only_with_trigger.py took 0.040 seconds
[2024-07-15T13:59:57.040+0000] {processor.py:161} INFO - Started process (PID=942) to work on /home/airflow/.local/lib/python3.12/site-packages/airflow/example_dags/example_latest_only_with_trigger.py
[2024-07-15T13:59:57.041+0000] {processor.py:830} INFO - Processing file /home/airflow/.local/lib/python3.12/site-packages/airflow/example_dags/example_latest_only_with_trigger.py for tasks to queue
[2024-07-15T13:59:57.042+0000] {logging_mixin.py:188} INFO - [2024-07-15T13:59:57.042+0000] {dagbag.py:545} INFO - Filling up the DagBag from /home/airflow/.local/lib/python3.12/site-packages/airflow/example_dags/example_latest_only_with_trigger.py
[2024-07-15T13:59:57.045+0000] {processor.py:840} INFO - DAG(s) 'latest_only_with_trigger' retrieved from /home/airflow/.local/lib/python3.12/site-packages/airflow/example_dags/example_latest_only_with_trigger.py
[2024-07-15T13:59:57.056+0000] {logging_mixin.py:188} INFO - [2024-07-15T13:59:57.055+0000] {dag.py:3096} INFO - Sync 1 DAGs
[2024-07-15T13:59:57.066+0000] {logging_mixin.py:188} INFO - [2024-07-15T13:59:57.066+0000] {dag.py:3954} INFO - Setting next_dagrun for latest_only_with_trigger to 2024-07-15 08:00:00+00:00, run_after=2024-07-15 12:00:00+00:00
[2024-07-15T13:59:57.075+0000] {processor.py:183} INFO - Processing /home/airflow/.local/lib/python3.12/site-packages/airflow/example_dags/example_latest_only_with_trigger.py took 0.038 seconds
[2024-07-15T14:00:27.306+0000] {processor.py:161} INFO - Started process (PID=1006) to work on /home/airflow/.local/lib/python3.12/site-packages/airflow/example_dags/example_latest_only_with_trigger.py
[2024-07-15T14:00:27.307+0000] {processor.py:830} INFO - Processing file /home/airflow/.local/lib/python3.12/site-packages/airflow/example_dags/example_latest_only_with_trigger.py for tasks to queue
[2024-07-15T14:00:27.308+0000] {logging_mixin.py:188} INFO - [2024-07-15T14:00:27.308+0000] {dagbag.py:545} INFO - Filling up the DagBag from /home/airflow/.local/lib/python3.12/site-packages/airflow/example_dags/example_latest_only_with_trigger.py
[2024-07-15T14:00:27.311+0000] {processor.py:840} INFO - DAG(s) 'latest_only_with_trigger' retrieved from /home/airflow/.local/lib/python3.12/site-packages/airflow/example_dags/example_latest_only_with_trigger.py
[2024-07-15T14:00:27.322+0000] {logging_mixin.py:188} INFO - [2024-07-15T14:00:27.322+0000] {dag.py:3096} INFO - Sync 1 DAGs
[2024-07-15T14:00:27.333+0000] {logging_mixin.py:188} INFO - [2024-07-15T14:00:27.332+0000] {dag.py:3954} INFO - Setting next_dagrun for latest_only_with_trigger to 2024-07-15 08:00:00+00:00, run_after=2024-07-15 12:00:00+00:00
[2024-07-15T14:00:27.341+0000] {processor.py:183} INFO - Processing /home/airflow/.local/lib/python3.12/site-packages/airflow/example_dags/example_latest_only_with_trigger.py took 0.038 seconds
[2024-07-15T14:00:58.352+0000] {processor.py:161} INFO - Started process (PID=1070) to work on /home/airflow/.local/lib/python3.12/site-packages/airflow/example_dags/example_latest_only_with_trigger.py
[2024-07-15T14:00:58.352+0000] {processor.py:830} INFO - Processing file /home/airflow/.local/lib/python3.12/site-packages/airflow/example_dags/example_latest_only_with_trigger.py for tasks to queue
[2024-07-15T14:00:58.353+0000] {logging_mixin.py:188} INFO - [2024-07-15T14:00:58.353+0000] {dagbag.py:545} INFO - Filling up the DagBag from /home/airflow/.local/lib/python3.12/site-packages/airflow/example_dags/example_latest_only_with_trigger.py
[2024-07-15T14:00:58.356+0000] {processor.py:840} INFO - DAG(s) 'latest_only_with_trigger' retrieved from /home/airflow/.local/lib/python3.12/site-packages/airflow/example_dags/example_latest_only_with_trigger.py
[2024-07-15T14:00:58.367+0000] {logging_mixin.py:188} INFO - [2024-07-15T14:00:58.367+0000] {dag.py:3096} INFO - Sync 1 DAGs
[2024-07-15T14:00:58.378+0000] {logging_mixin.py:188} INFO - [2024-07-15T14:00:58.378+0000] {dag.py:3954} INFO - Setting next_dagrun for latest_only_with_trigger to 2024-07-15 08:00:00+00:00, run_after=2024-07-15 12:00:00+00:00
[2024-07-15T14:00:58.386+0000] {processor.py:183} INFO - Processing /home/airflow/.local/lib/python3.12/site-packages/airflow/example_dags/example_latest_only_with_trigger.py took 0.038 seconds
[2024-07-15T14:01:28.447+0000] {processor.py:161} INFO - Started process (PID=1134) to work on /home/airflow/.local/lib/python3.12/site-packages/airflow/example_dags/example_latest_only_with_trigger.py
[2024-07-15T14:01:28.448+0000] {processor.py:830} INFO - Processing file /home/airflow/.local/lib/python3.12/site-packages/airflow/example_dags/example_latest_only_with_trigger.py for tasks to queue
[2024-07-15T14:01:28.449+0000] {logging_mixin.py:188} INFO - [2024-07-15T14:01:28.448+0000] {dagbag.py:545} INFO - Filling up the DagBag from /home/airflow/.local/lib/python3.12/site-packages/airflow/example_dags/example_latest_only_with_trigger.py
[2024-07-15T14:01:28.451+0000] {processor.py:840} INFO - DAG(s) 'latest_only_with_trigger' retrieved from /home/airflow/.local/lib/python3.12/site-packages/airflow/example_dags/example_latest_only_with_trigger.py
[2024-07-15T14:01:28.462+0000] {logging_mixin.py:188} INFO - [2024-07-15T14:01:28.462+0000] {dag.py:3096} INFO - Sync 1 DAGs
[2024-07-15T14:01:28.472+0000] {logging_mixin.py:188} INFO - [2024-07-15T14:01:28.472+0000] {dag.py:3954} INFO - Setting next_dagrun for latest_only_with_trigger to 2024-07-15 08:00:00+00:00, run_after=2024-07-15 12:00:00+00:00
[2024-07-15T14:01:28.481+0000] {processor.py:183} INFO - Processing /home/airflow/.local/lib/python3.12/site-packages/airflow/example_dags/example_latest_only_with_trigger.py took 0.037 seconds
[2024-07-15T14:01:58.596+0000] {processor.py:161} INFO - Started process (PID=1198) to work on /home/airflow/.local/lib/python3.12/site-packages/airflow/example_dags/example_latest_only_with_trigger.py
[2024-07-15T14:01:58.596+0000] {processor.py:830} INFO - Processing file /home/airflow/.local/lib/python3.12/site-packages/airflow/example_dags/example_latest_only_with_trigger.py for tasks to queue
[2024-07-15T14:01:58.598+0000] {logging_mixin.py:188} INFO - [2024-07-15T14:01:58.597+0000] {dagbag.py:545} INFO - Filling up the DagBag from /home/airflow/.local/lib/python3.12/site-packages/airflow/example_dags/example_latest_only_with_trigger.py
[2024-07-15T14:01:58.601+0000] {processor.py:840} INFO - DAG(s) 'latest_only_with_trigger' retrieved from /home/airflow/.local/lib/python3.12/site-packages/airflow/example_dags/example_latest_only_with_trigger.py
[2024-07-15T14:01:58.613+0000] {logging_mixin.py:188} INFO - [2024-07-15T14:01:58.612+0000] {dag.py:3096} INFO - Sync 1 DAGs
[2024-07-15T14:01:58.623+0000] {logging_mixin.py:188} INFO - [2024-07-15T14:01:58.623+0000] {dag.py:3954} INFO - Setting next_dagrun for latest_only_with_trigger to 2024-07-15 08:00:00+00:00, run_after=2024-07-15 12:00:00+00:00
[2024-07-15T14:01:58.633+0000] {processor.py:183} INFO - Processing /home/airflow/.local/lib/python3.12/site-packages/airflow/example_dags/example_latest_only_with_trigger.py took 0.040 seconds
[2024-07-15T14:02:28.832+0000] {processor.py:161} INFO - Started process (PID=1262) to work on /home/airflow/.local/lib/python3.12/site-packages/airflow/example_dags/example_latest_only_with_trigger.py
[2024-07-15T14:02:28.833+0000] {processor.py:830} INFO - Processing file /home/airflow/.local/lib/python3.12/site-packages/airflow/example_dags/example_latest_only_with_trigger.py for tasks to queue
[2024-07-15T14:02:28.834+0000] {logging_mixin.py:188} INFO - [2024-07-15T14:02:28.834+0000] {dagbag.py:545} INFO - Filling up the DagBag from /home/airflow/.local/lib/python3.12/site-packages/airflow/example_dags/example_latest_only_with_trigger.py
[2024-07-15T14:02:28.837+0000] {processor.py:840} INFO - DAG(s) 'latest_only_with_trigger' retrieved from /home/airflow/.local/lib/python3.12/site-packages/airflow/example_dags/example_latest_only_with_trigger.py
[2024-07-15T14:02:28.848+0000] {logging_mixin.py:188} INFO - [2024-07-15T14:02:28.848+0000] {dag.py:3096} INFO - Sync 1 DAGs
[2024-07-15T14:02:28.859+0000] {logging_mixin.py:188} INFO - [2024-07-15T14:02:28.859+0000] {dag.py:3954} INFO - Setting next_dagrun for latest_only_with_trigger to 2024-07-15 08:00:00+00:00, run_after=2024-07-15 12:00:00+00:00
[2024-07-15T14:02:28.868+0000] {processor.py:183} INFO - Processing /home/airflow/.local/lib/python3.12/site-packages/airflow/example_dags/example_latest_only_with_trigger.py took 0.038 seconds
[2024-07-15T14:02:58.983+0000] {processor.py:161} INFO - Started process (PID=1326) to work on /home/airflow/.local/lib/python3.12/site-packages/airflow/example_dags/example_latest_only_with_trigger.py
[2024-07-15T14:02:58.983+0000] {processor.py:830} INFO - Processing file /home/airflow/.local/lib/python3.12/site-packages/airflow/example_dags/example_latest_only_with_trigger.py for tasks to queue
[2024-07-15T14:02:58.984+0000] {logging_mixin.py:188} INFO - [2024-07-15T14:02:58.984+0000] {dagbag.py:545} INFO - Filling up the DagBag from /home/airflow/.local/lib/python3.12/site-packages/airflow/example_dags/example_latest_only_with_trigger.py
[2024-07-15T14:02:58.987+0000] {processor.py:840} INFO - DAG(s) 'latest_only_with_trigger' retrieved from /home/airflow/.local/lib/python3.12/site-packages/airflow/example_dags/example_latest_only_with_trigger.py
[2024-07-15T14:02:58.998+0000] {logging_mixin.py:188} INFO - [2024-07-15T14:02:58.998+0000] {dag.py:3096} INFO - Sync 1 DAGs
[2024-07-15T14:02:59.009+0000] {logging_mixin.py:188} INFO - [2024-07-15T14:02:59.009+0000] {dag.py:3954} INFO - Setting next_dagrun for latest_only_with_trigger to 2024-07-15 08:00:00+00:00, run_after=2024-07-15 12:00:00+00:00
[2024-07-15T14:02:59.018+0000] {processor.py:183} INFO - Processing /home/airflow/.local/lib/python3.12/site-packages/airflow/example_dags/example_latest_only_with_trigger.py took 0.038 seconds
[2024-07-15T14:03:29.075+0000] {processor.py:161} INFO - Started process (PID=1390) to work on /home/airflow/.local/lib/python3.12/site-packages/airflow/example_dags/example_latest_only_with_trigger.py
[2024-07-15T14:03:29.075+0000] {processor.py:830} INFO - Processing file /home/airflow/.local/lib/python3.12/site-packages/airflow/example_dags/example_latest_only_with_trigger.py for tasks to queue
[2024-07-15T14:03:29.076+0000] {logging_mixin.py:188} INFO - [2024-07-15T14:03:29.076+0000] {dagbag.py:545} INFO - Filling up the DagBag from /home/airflow/.local/lib/python3.12/site-packages/airflow/example_dags/example_latest_only_with_trigger.py
[2024-07-15T14:03:29.079+0000] {processor.py:840} INFO - DAG(s) 'latest_only_with_trigger' retrieved from /home/airflow/.local/lib/python3.12/site-packages/airflow/example_dags/example_latest_only_with_trigger.py
[2024-07-15T14:03:29.090+0000] {logging_mixin.py:188} INFO - [2024-07-15T14:03:29.090+0000] {dag.py:3096} INFO - Sync 1 DAGs
[2024-07-15T14:03:29.100+0000] {logging_mixin.py:188} INFO - [2024-07-15T14:03:29.100+0000] {dag.py:3954} INFO - Setting next_dagrun for latest_only_with_trigger to 2024-07-15 08:00:00+00:00, run_after=2024-07-15 12:00:00+00:00
[2024-07-15T14:03:29.109+0000] {processor.py:183} INFO - Processing /home/airflow/.local/lib/python3.12/site-packages/airflow/example_dags/example_latest_only_with_trigger.py took 0.038 seconds
[2024-07-15T14:03:59.414+0000] {processor.py:161} INFO - Started process (PID=1454) to work on /home/airflow/.local/lib/python3.12/site-packages/airflow/example_dags/example_latest_only_with_trigger.py
[2024-07-15T14:03:59.415+0000] {processor.py:830} INFO - Processing file /home/airflow/.local/lib/python3.12/site-packages/airflow/example_dags/example_latest_only_with_trigger.py for tasks to queue
[2024-07-15T14:03:59.416+0000] {logging_mixin.py:188} INFO - [2024-07-15T14:03:59.416+0000] {dagbag.py:545} INFO - Filling up the DagBag from /home/airflow/.local/lib/python3.12/site-packages/airflow/example_dags/example_latest_only_with_trigger.py
[2024-07-15T14:03:59.419+0000] {processor.py:840} INFO - DAG(s) 'latest_only_with_trigger' retrieved from /home/airflow/.local/lib/python3.12/site-packages/airflow/example_dags/example_latest_only_with_trigger.py
[2024-07-15T14:03:59.431+0000] {logging_mixin.py:188} INFO - [2024-07-15T14:03:59.431+0000] {dag.py:3096} INFO - Sync 1 DAGs
[2024-07-15T14:03:59.441+0000] {logging_mixin.py:188} INFO - [2024-07-15T14:03:59.440+0000] {dag.py:3954} INFO - Setting next_dagrun for latest_only_with_trigger to 2024-07-15 08:00:00+00:00, run_after=2024-07-15 12:00:00+00:00
[2024-07-15T14:03:59.450+0000] {processor.py:183} INFO - Processing /home/airflow/.local/lib/python3.12/site-packages/airflow/example_dags/example_latest_only_with_trigger.py took 0.039 seconds
[2024-07-15T14:04:29.536+0000] {processor.py:161} INFO - Started process (PID=1517) to work on /home/airflow/.local/lib/python3.12/site-packages/airflow/example_dags/example_latest_only_with_trigger.py
[2024-07-15T14:04:29.537+0000] {processor.py:830} INFO - Processing file /home/airflow/.local/lib/python3.12/site-packages/airflow/example_dags/example_latest_only_with_trigger.py for tasks to queue
[2024-07-15T14:04:29.538+0000] {logging_mixin.py:188} INFO - [2024-07-15T14:04:29.538+0000] {dagbag.py:545} INFO - Filling up the DagBag from /home/airflow/.local/lib/python3.12/site-packages/airflow/example_dags/example_latest_only_with_trigger.py
[2024-07-15T14:04:29.544+0000] {processor.py:840} INFO - DAG(s) 'latest_only_with_trigger' retrieved from /home/airflow/.local/lib/python3.12/site-packages/airflow/example_dags/example_latest_only_with_trigger.py
[2024-07-15T14:04:29.560+0000] {logging_mixin.py:188} INFO - [2024-07-15T14:04:29.560+0000] {dag.py:3096} INFO - Sync 1 DAGs
[2024-07-15T14:04:29.571+0000] {logging_mixin.py:188} INFO - [2024-07-15T14:04:29.571+0000] {dag.py:3954} INFO - Setting next_dagrun for latest_only_with_trigger to 2024-07-15 08:00:00+00:00, run_after=2024-07-15 12:00:00+00:00
[2024-07-15T14:04:29.581+0000] {processor.py:183} INFO - Processing /home/airflow/.local/lib/python3.12/site-packages/airflow/example_dags/example_latest_only_with_trigger.py took 0.052 seconds
