[2024-07-15T13:40:20.654+0000] {processor.py:161} INFO - Started process (PID=37) to work on /home/airflow/.local/lib/python3.12/site-packages/airflow/example_dags/example_nested_branch_dag.py
[2024-07-15T13:40:20.655+0000] {processor.py:830} INFO - Processing file /home/airflow/.local/lib/python3.12/site-packages/airflow/example_dags/example_nested_branch_dag.py for tasks to queue
[2024-07-15T13:40:20.656+0000] {logging_mixin.py:188} INFO - [2024-07-15T13:40:20.656+0000] {dagbag.py:545} INFO - Filling up the DagBag from /home/airflow/.local/lib/python3.12/site-packages/airflow/example_dags/example_nested_branch_dag.py
[2024-07-15T13:40:20.663+0000] {processor.py:840} INFO - DAG(s) 'example_nested_branch_dag' retrieved from /home/airflow/.local/lib/python3.12/site-packages/airflow/example_dags/example_nested_branch_dag.py
[2024-07-15T13:40:20.670+0000] {logging_mixin.py:188} INFO - [2024-07-15T13:40:20.670+0000] {dag.py:3096} INFO - Sync 1 DAGs
[2024-07-15T13:40:20.684+0000] {logging_mixin.py:188} INFO - [2024-07-15T13:40:20.684+0000] {dag.py:3954} INFO - Setting next_dagrun for example_nested_branch_dag to 2024-07-14 00:00:00+00:00, run_after=2024-07-15 00:00:00+00:00
[2024-07-15T13:40:20.694+0000] {processor.py:183} INFO - Processing /home/airflow/.local/lib/python3.12/site-packages/airflow/example_dags/example_nested_branch_dag.py took 0.043 seconds
[2024-07-15T13:40:50.811+0000] {processor.py:161} INFO - Started process (PID=101) to work on /home/airflow/.local/lib/python3.12/site-packages/airflow/example_dags/example_nested_branch_dag.py
[2024-07-15T13:40:50.812+0000] {processor.py:830} INFO - Processing file /home/airflow/.local/lib/python3.12/site-packages/airflow/example_dags/example_nested_branch_dag.py for tasks to queue
[2024-07-15T13:40:50.813+0000] {logging_mixin.py:188} INFO - [2024-07-15T13:40:50.813+0000] {dagbag.py:545} INFO - Filling up the DagBag from /home/airflow/.local/lib/python3.12/site-packages/airflow/example_dags/example_nested_branch_dag.py
[2024-07-15T13:40:50.818+0000] {processor.py:840} INFO - DAG(s) 'example_nested_branch_dag' retrieved from /home/airflow/.local/lib/python3.12/site-packages/airflow/example_dags/example_nested_branch_dag.py
[2024-07-15T13:40:50.865+0000] {logging_mixin.py:188} INFO - [2024-07-15T13:40:50.865+0000] {dag.py:3096} INFO - Sync 1 DAGs
[2024-07-15T13:40:50.874+0000] {logging_mixin.py:188} INFO - [2024-07-15T13:40:50.874+0000] {dag.py:3954} INFO - Setting next_dagrun for example_nested_branch_dag to 2024-07-14 00:00:00+00:00, run_after=2024-07-15 00:00:00+00:00
[2024-07-15T13:40:50.883+0000] {processor.py:183} INFO - Processing /home/airflow/.local/lib/python3.12/site-packages/airflow/example_dags/example_nested_branch_dag.py took 0.074 seconds
[2024-07-15T13:41:21.388+0000] {processor.py:161} INFO - Started process (PID=165) to work on /home/airflow/.local/lib/python3.12/site-packages/airflow/example_dags/example_nested_branch_dag.py
[2024-07-15T13:41:21.389+0000] {processor.py:830} INFO - Processing file /home/airflow/.local/lib/python3.12/site-packages/airflow/example_dags/example_nested_branch_dag.py for tasks to queue
[2024-07-15T13:41:21.390+0000] {logging_mixin.py:188} INFO - [2024-07-15T13:41:21.390+0000] {dagbag.py:545} INFO - Filling up the DagBag from /home/airflow/.local/lib/python3.12/site-packages/airflow/example_dags/example_nested_branch_dag.py
[2024-07-15T13:41:21.395+0000] {processor.py:840} INFO - DAG(s) 'example_nested_branch_dag' retrieved from /home/airflow/.local/lib/python3.12/site-packages/airflow/example_dags/example_nested_branch_dag.py
[2024-07-15T13:41:21.406+0000] {logging_mixin.py:188} INFO - [2024-07-15T13:41:21.406+0000] {dag.py:3096} INFO - Sync 1 DAGs
[2024-07-15T13:41:21.417+0000] {logging_mixin.py:188} INFO - [2024-07-15T13:41:21.417+0000] {dag.py:3954} INFO - Setting next_dagrun for example_nested_branch_dag to 2024-07-14 00:00:00+00:00, run_after=2024-07-15 00:00:00+00:00
[2024-07-15T13:41:21.427+0000] {processor.py:183} INFO - Processing /home/airflow/.local/lib/python3.12/site-packages/airflow/example_dags/example_nested_branch_dag.py took 0.041 seconds
[2024-07-15T13:41:51.518+0000] {processor.py:161} INFO - Started process (PID=229) to work on /home/airflow/.local/lib/python3.12/site-packages/airflow/example_dags/example_nested_branch_dag.py
[2024-07-15T13:41:51.519+0000] {processor.py:830} INFO - Processing file /home/airflow/.local/lib/python3.12/site-packages/airflow/example_dags/example_nested_branch_dag.py for tasks to queue
[2024-07-15T13:41:51.519+0000] {logging_mixin.py:188} INFO - [2024-07-15T13:41:51.519+0000] {dagbag.py:545} INFO - Filling up the DagBag from /home/airflow/.local/lib/python3.12/site-packages/airflow/example_dags/example_nested_branch_dag.py
[2024-07-15T13:41:51.525+0000] {processor.py:840} INFO - DAG(s) 'example_nested_branch_dag' retrieved from /home/airflow/.local/lib/python3.12/site-packages/airflow/example_dags/example_nested_branch_dag.py
[2024-07-15T13:41:51.536+0000] {logging_mixin.py:188} INFO - [2024-07-15T13:41:51.536+0000] {dag.py:3096} INFO - Sync 1 DAGs
[2024-07-15T13:41:51.547+0000] {logging_mixin.py:188} INFO - [2024-07-15T13:41:51.546+0000] {dag.py:3954} INFO - Setting next_dagrun for example_nested_branch_dag to 2024-07-14 00:00:00+00:00, run_after=2024-07-15 00:00:00+00:00
[2024-07-15T13:41:51.555+0000] {processor.py:183} INFO - Processing /home/airflow/.local/lib/python3.12/site-packages/airflow/example_dags/example_nested_branch_dag.py took 0.040 seconds
[2024-07-15T13:42:21.600+0000] {processor.py:161} INFO - Started process (PID=293) to work on /home/airflow/.local/lib/python3.12/site-packages/airflow/example_dags/example_nested_branch_dag.py
[2024-07-15T13:42:21.601+0000] {processor.py:830} INFO - Processing file /home/airflow/.local/lib/python3.12/site-packages/airflow/example_dags/example_nested_branch_dag.py for tasks to queue
[2024-07-15T13:42:21.602+0000] {logging_mixin.py:188} INFO - [2024-07-15T13:42:21.602+0000] {dagbag.py:545} INFO - Filling up the DagBag from /home/airflow/.local/lib/python3.12/site-packages/airflow/example_dags/example_nested_branch_dag.py
[2024-07-15T13:42:21.607+0000] {processor.py:840} INFO - DAG(s) 'example_nested_branch_dag' retrieved from /home/airflow/.local/lib/python3.12/site-packages/airflow/example_dags/example_nested_branch_dag.py
[2024-07-15T13:42:21.619+0000] {logging_mixin.py:188} INFO - [2024-07-15T13:42:21.619+0000] {dag.py:3096} INFO - Sync 1 DAGs
[2024-07-15T13:42:21.631+0000] {logging_mixin.py:188} INFO - [2024-07-15T13:42:21.631+0000] {dag.py:3954} INFO - Setting next_dagrun for example_nested_branch_dag to 2024-07-14 00:00:00+00:00, run_after=2024-07-15 00:00:00+00:00
[2024-07-15T13:42:21.642+0000] {processor.py:183} INFO - Processing /home/airflow/.local/lib/python3.12/site-packages/airflow/example_dags/example_nested_branch_dag.py took 0.044 seconds
[2024-07-15T13:42:51.907+0000] {processor.py:161} INFO - Started process (PID=357) to work on /home/airflow/.local/lib/python3.12/site-packages/airflow/example_dags/example_nested_branch_dag.py
[2024-07-15T13:42:51.908+0000] {processor.py:830} INFO - Processing file /home/airflow/.local/lib/python3.12/site-packages/airflow/example_dags/example_nested_branch_dag.py for tasks to queue
[2024-07-15T13:42:51.909+0000] {logging_mixin.py:188} INFO - [2024-07-15T13:42:51.909+0000] {dagbag.py:545} INFO - Filling up the DagBag from /home/airflow/.local/lib/python3.12/site-packages/airflow/example_dags/example_nested_branch_dag.py
[2024-07-15T13:42:51.914+0000] {processor.py:840} INFO - DAG(s) 'example_nested_branch_dag' retrieved from /home/airflow/.local/lib/python3.12/site-packages/airflow/example_dags/example_nested_branch_dag.py
[2024-07-15T13:42:51.926+0000] {logging_mixin.py:188} INFO - [2024-07-15T13:42:51.925+0000] {dag.py:3096} INFO - Sync 1 DAGs
[2024-07-15T13:42:51.936+0000] {logging_mixin.py:188} INFO - [2024-07-15T13:42:51.936+0000] {dag.py:3954} INFO - Setting next_dagrun for example_nested_branch_dag to 2024-07-14 00:00:00+00:00, run_after=2024-07-15 00:00:00+00:00
[2024-07-15T13:42:51.945+0000] {processor.py:183} INFO - Processing /home/airflow/.local/lib/python3.12/site-packages/airflow/example_dags/example_nested_branch_dag.py took 0.041 seconds
[2024-07-15T13:43:22.078+0000] {processor.py:161} INFO - Started process (PID=421) to work on /home/airflow/.local/lib/python3.12/site-packages/airflow/example_dags/example_nested_branch_dag.py
[2024-07-15T13:43:22.078+0000] {processor.py:830} INFO - Processing file /home/airflow/.local/lib/python3.12/site-packages/airflow/example_dags/example_nested_branch_dag.py for tasks to queue
[2024-07-15T13:43:22.079+0000] {logging_mixin.py:188} INFO - [2024-07-15T13:43:22.079+0000] {dagbag.py:545} INFO - Filling up the DagBag from /home/airflow/.local/lib/python3.12/site-packages/airflow/example_dags/example_nested_branch_dag.py
[2024-07-15T13:43:22.084+0000] {processor.py:840} INFO - DAG(s) 'example_nested_branch_dag' retrieved from /home/airflow/.local/lib/python3.12/site-packages/airflow/example_dags/example_nested_branch_dag.py
[2024-07-15T13:43:22.094+0000] {logging_mixin.py:188} INFO - [2024-07-15T13:43:22.094+0000] {dag.py:3096} INFO - Sync 1 DAGs
[2024-07-15T13:43:22.105+0000] {logging_mixin.py:188} INFO - [2024-07-15T13:43:22.104+0000] {dag.py:3954} INFO - Setting next_dagrun for example_nested_branch_dag to 2024-07-14 00:00:00+00:00, run_after=2024-07-15 00:00:00+00:00
[2024-07-15T13:43:22.113+0000] {processor.py:183} INFO - Processing /home/airflow/.local/lib/python3.12/site-packages/airflow/example_dags/example_nested_branch_dag.py took 0.038 seconds
[2024-07-15T13:43:52.149+0000] {processor.py:161} INFO - Started process (PID=485) to work on /home/airflow/.local/lib/python3.12/site-packages/airflow/example_dags/example_nested_branch_dag.py
[2024-07-15T13:43:52.149+0000] {processor.py:830} INFO - Processing file /home/airflow/.local/lib/python3.12/site-packages/airflow/example_dags/example_nested_branch_dag.py for tasks to queue
[2024-07-15T13:43:52.150+0000] {logging_mixin.py:188} INFO - [2024-07-15T13:43:52.150+0000] {dagbag.py:545} INFO - Filling up the DagBag from /home/airflow/.local/lib/python3.12/site-packages/airflow/example_dags/example_nested_branch_dag.py
[2024-07-15T13:43:52.156+0000] {processor.py:840} INFO - DAG(s) 'example_nested_branch_dag' retrieved from /home/airflow/.local/lib/python3.12/site-packages/airflow/example_dags/example_nested_branch_dag.py
[2024-07-15T13:43:52.169+0000] {logging_mixin.py:188} INFO - [2024-07-15T13:43:52.168+0000] {dag.py:3096} INFO - Sync 1 DAGs
[2024-07-15T13:43:52.179+0000] {logging_mixin.py:188} INFO - [2024-07-15T13:43:52.179+0000] {dag.py:3954} INFO - Setting next_dagrun for example_nested_branch_dag to 2024-07-14 00:00:00+00:00, run_after=2024-07-15 00:00:00+00:00
[2024-07-15T13:43:52.189+0000] {processor.py:183} INFO - Processing /home/airflow/.local/lib/python3.12/site-packages/airflow/example_dags/example_nested_branch_dag.py took 0.044 seconds
[2024-07-15T13:44:22.548+0000] {processor.py:161} INFO - Started process (PID=549) to work on /home/airflow/.local/lib/python3.12/site-packages/airflow/example_dags/example_nested_branch_dag.py
[2024-07-15T13:44:22.548+0000] {processor.py:830} INFO - Processing file /home/airflow/.local/lib/python3.12/site-packages/airflow/example_dags/example_nested_branch_dag.py for tasks to queue
[2024-07-15T13:44:22.549+0000] {logging_mixin.py:188} INFO - [2024-07-15T13:44:22.549+0000] {dagbag.py:545} INFO - Filling up the DagBag from /home/airflow/.local/lib/python3.12/site-packages/airflow/example_dags/example_nested_branch_dag.py
[2024-07-15T13:44:22.556+0000] {processor.py:840} INFO - DAG(s) 'example_nested_branch_dag' retrieved from /home/airflow/.local/lib/python3.12/site-packages/airflow/example_dags/example_nested_branch_dag.py
[2024-07-15T13:44:22.573+0000] {logging_mixin.py:188} INFO - [2024-07-15T13:44:22.573+0000] {dag.py:3096} INFO - Sync 1 DAGs
[2024-07-15T13:44:22.593+0000] {logging_mixin.py:188} INFO - [2024-07-15T13:44:22.593+0000] {dag.py:3954} INFO - Setting next_dagrun for example_nested_branch_dag to 2024-07-14 00:00:00+00:00, run_after=2024-07-15 00:00:00+00:00
[2024-07-15T13:44:22.611+0000] {processor.py:183} INFO - Processing /home/airflow/.local/lib/python3.12/site-packages/airflow/example_dags/example_nested_branch_dag.py took 0.066 seconds
[2024-07-15T13:45:46.074+0000] {processor.py:161} INFO - Started process (PID=38) to work on /home/airflow/.local/lib/python3.12/site-packages/airflow/example_dags/example_nested_branch_dag.py
[2024-07-15T13:45:46.075+0000] {processor.py:830} INFO - Processing file /home/airflow/.local/lib/python3.12/site-packages/airflow/example_dags/example_nested_branch_dag.py for tasks to queue
[2024-07-15T13:45:46.076+0000] {logging_mixin.py:188} INFO - [2024-07-15T13:45:46.076+0000] {dagbag.py:545} INFO - Filling up the DagBag from /home/airflow/.local/lib/python3.12/site-packages/airflow/example_dags/example_nested_branch_dag.py
[2024-07-15T13:45:46.083+0000] {processor.py:840} INFO - DAG(s) 'example_nested_branch_dag' retrieved from /home/airflow/.local/lib/python3.12/site-packages/airflow/example_dags/example_nested_branch_dag.py
[2024-07-15T13:45:46.090+0000] {logging_mixin.py:188} INFO - [2024-07-15T13:45:46.090+0000] {dag.py:3096} INFO - Sync 1 DAGs
[2024-07-15T13:45:46.104+0000] {logging_mixin.py:188} INFO - [2024-07-15T13:45:46.104+0000] {dag.py:3954} INFO - Setting next_dagrun for example_nested_branch_dag to 2024-07-14 00:00:00+00:00, run_after=2024-07-15 00:00:00+00:00
[2024-07-15T13:45:46.114+0000] {processor.py:183} INFO - Processing /home/airflow/.local/lib/python3.12/site-packages/airflow/example_dags/example_nested_branch_dag.py took 0.042 seconds
[2024-07-15T13:46:16.772+0000] {processor.py:161} INFO - Started process (PID=102) to work on /home/airflow/.local/lib/python3.12/site-packages/airflow/example_dags/example_nested_branch_dag.py
[2024-07-15T13:46:16.773+0000] {processor.py:830} INFO - Processing file /home/airflow/.local/lib/python3.12/site-packages/airflow/example_dags/example_nested_branch_dag.py for tasks to queue
[2024-07-15T13:46:16.774+0000] {logging_mixin.py:188} INFO - [2024-07-15T13:46:16.774+0000] {dagbag.py:545} INFO - Filling up the DagBag from /home/airflow/.local/lib/python3.12/site-packages/airflow/example_dags/example_nested_branch_dag.py
[2024-07-15T13:46:16.780+0000] {processor.py:840} INFO - DAG(s) 'example_nested_branch_dag' retrieved from /home/airflow/.local/lib/python3.12/site-packages/airflow/example_dags/example_nested_branch_dag.py
[2024-07-15T13:46:16.824+0000] {logging_mixin.py:188} INFO - [2024-07-15T13:46:16.824+0000] {dag.py:3096} INFO - Sync 1 DAGs
[2024-07-15T13:46:16.833+0000] {logging_mixin.py:188} INFO - [2024-07-15T13:46:16.833+0000] {dag.py:3954} INFO - Setting next_dagrun for example_nested_branch_dag to 2024-07-14 00:00:00+00:00, run_after=2024-07-15 00:00:00+00:00
[2024-07-15T13:46:16.842+0000] {processor.py:183} INFO - Processing /home/airflow/.local/lib/python3.12/site-packages/airflow/example_dags/example_nested_branch_dag.py took 0.073 seconds
[2024-07-15T13:46:47.536+0000] {processor.py:161} INFO - Started process (PID=165) to work on /home/airflow/.local/lib/python3.12/site-packages/airflow/example_dags/example_nested_branch_dag.py
[2024-07-15T13:46:47.537+0000] {processor.py:830} INFO - Processing file /home/airflow/.local/lib/python3.12/site-packages/airflow/example_dags/example_nested_branch_dag.py for tasks to queue
[2024-07-15T13:46:47.538+0000] {logging_mixin.py:188} INFO - [2024-07-15T13:46:47.538+0000] {dagbag.py:545} INFO - Filling up the DagBag from /home/airflow/.local/lib/python3.12/site-packages/airflow/example_dags/example_nested_branch_dag.py
[2024-07-15T13:46:47.544+0000] {processor.py:840} INFO - DAG(s) 'example_nested_branch_dag' retrieved from /home/airflow/.local/lib/python3.12/site-packages/airflow/example_dags/example_nested_branch_dag.py
[2024-07-15T13:46:47.556+0000] {logging_mixin.py:188} INFO - [2024-07-15T13:46:47.556+0000] {dag.py:3096} INFO - Sync 1 DAGs
[2024-07-15T13:46:47.567+0000] {logging_mixin.py:188} INFO - [2024-07-15T13:46:47.567+0000] {dag.py:3954} INFO - Setting next_dagrun for example_nested_branch_dag to 2024-07-14 00:00:00+00:00, run_after=2024-07-15 00:00:00+00:00
[2024-07-15T13:46:47.576+0000] {processor.py:183} INFO - Processing /home/airflow/.local/lib/python3.12/site-packages/airflow/example_dags/example_nested_branch_dag.py took 0.043 seconds
[2024-07-15T13:47:17.709+0000] {processor.py:161} INFO - Started process (PID=229) to work on /home/airflow/.local/lib/python3.12/site-packages/airflow/example_dags/example_nested_branch_dag.py
[2024-07-15T13:47:17.709+0000] {processor.py:830} INFO - Processing file /home/airflow/.local/lib/python3.12/site-packages/airflow/example_dags/example_nested_branch_dag.py for tasks to queue
[2024-07-15T13:47:17.710+0000] {logging_mixin.py:188} INFO - [2024-07-15T13:47:17.710+0000] {dagbag.py:545} INFO - Filling up the DagBag from /home/airflow/.local/lib/python3.12/site-packages/airflow/example_dags/example_nested_branch_dag.py
[2024-07-15T13:47:17.715+0000] {processor.py:840} INFO - DAG(s) 'example_nested_branch_dag' retrieved from /home/airflow/.local/lib/python3.12/site-packages/airflow/example_dags/example_nested_branch_dag.py
[2024-07-15T13:47:17.726+0000] {logging_mixin.py:188} INFO - [2024-07-15T13:47:17.725+0000] {dag.py:3096} INFO - Sync 1 DAGs
[2024-07-15T13:47:17.736+0000] {logging_mixin.py:188} INFO - [2024-07-15T13:47:17.736+0000] {dag.py:3954} INFO - Setting next_dagrun for example_nested_branch_dag to 2024-07-14 00:00:00+00:00, run_after=2024-07-15 00:00:00+00:00
[2024-07-15T13:47:17.744+0000] {processor.py:183} INFO - Processing /home/airflow/.local/lib/python3.12/site-packages/airflow/example_dags/example_nested_branch_dag.py took 0.039 seconds
[2024-07-15T13:47:48.128+0000] {processor.py:161} INFO - Started process (PID=293) to work on /home/airflow/.local/lib/python3.12/site-packages/airflow/example_dags/example_nested_branch_dag.py
[2024-07-15T13:47:48.129+0000] {processor.py:830} INFO - Processing file /home/airflow/.local/lib/python3.12/site-packages/airflow/example_dags/example_nested_branch_dag.py for tasks to queue
[2024-07-15T13:47:48.130+0000] {logging_mixin.py:188} INFO - [2024-07-15T13:47:48.130+0000] {dagbag.py:545} INFO - Filling up the DagBag from /home/airflow/.local/lib/python3.12/site-packages/airflow/example_dags/example_nested_branch_dag.py
[2024-07-15T13:47:48.135+0000] {processor.py:840} INFO - DAG(s) 'example_nested_branch_dag' retrieved from /home/airflow/.local/lib/python3.12/site-packages/airflow/example_dags/example_nested_branch_dag.py
[2024-07-15T13:47:48.146+0000] {logging_mixin.py:188} INFO - [2024-07-15T13:47:48.146+0000] {dag.py:3096} INFO - Sync 1 DAGs
[2024-07-15T13:47:48.157+0000] {logging_mixin.py:188} INFO - [2024-07-15T13:47:48.157+0000] {dag.py:3954} INFO - Setting next_dagrun for example_nested_branch_dag to 2024-07-14 00:00:00+00:00, run_after=2024-07-15 00:00:00+00:00
[2024-07-15T13:47:48.165+0000] {processor.py:183} INFO - Processing /home/airflow/.local/lib/python3.12/site-packages/airflow/example_dags/example_nested_branch_dag.py took 0.040 seconds
[2024-07-15T13:48:18.408+0000] {processor.py:161} INFO - Started process (PID=356) to work on /home/airflow/.local/lib/python3.12/site-packages/airflow/example_dags/example_nested_branch_dag.py
[2024-07-15T13:48:18.409+0000] {processor.py:830} INFO - Processing file /home/airflow/.local/lib/python3.12/site-packages/airflow/example_dags/example_nested_branch_dag.py for tasks to queue
[2024-07-15T13:48:18.410+0000] {logging_mixin.py:188} INFO - [2024-07-15T13:48:18.409+0000] {dagbag.py:545} INFO - Filling up the DagBag from /home/airflow/.local/lib/python3.12/site-packages/airflow/example_dags/example_nested_branch_dag.py
[2024-07-15T13:48:18.415+0000] {processor.py:840} INFO - DAG(s) 'example_nested_branch_dag' retrieved from /home/airflow/.local/lib/python3.12/site-packages/airflow/example_dags/example_nested_branch_dag.py
[2024-07-15T13:48:18.426+0000] {logging_mixin.py:188} INFO - [2024-07-15T13:48:18.425+0000] {dag.py:3096} INFO - Sync 1 DAGs
[2024-07-15T13:48:18.436+0000] {logging_mixin.py:188} INFO - [2024-07-15T13:48:18.436+0000] {dag.py:3954} INFO - Setting next_dagrun for example_nested_branch_dag to 2024-07-14 00:00:00+00:00, run_after=2024-07-15 00:00:00+00:00
[2024-07-15T13:48:18.445+0000] {processor.py:183} INFO - Processing /home/airflow/.local/lib/python3.12/site-packages/airflow/example_dags/example_nested_branch_dag.py took 0.040 seconds
[2024-07-15T13:48:48.725+0000] {processor.py:161} INFO - Started process (PID=420) to work on /home/airflow/.local/lib/python3.12/site-packages/airflow/example_dags/example_nested_branch_dag.py
[2024-07-15T13:48:48.726+0000] {processor.py:830} INFO - Processing file /home/airflow/.local/lib/python3.12/site-packages/airflow/example_dags/example_nested_branch_dag.py for tasks to queue
[2024-07-15T13:48:48.727+0000] {logging_mixin.py:188} INFO - [2024-07-15T13:48:48.727+0000] {dagbag.py:545} INFO - Filling up the DagBag from /home/airflow/.local/lib/python3.12/site-packages/airflow/example_dags/example_nested_branch_dag.py
[2024-07-15T13:48:48.734+0000] {processor.py:840} INFO - DAG(s) 'example_nested_branch_dag' retrieved from /home/airflow/.local/lib/python3.12/site-packages/airflow/example_dags/example_nested_branch_dag.py
[2024-07-15T13:48:48.749+0000] {logging_mixin.py:188} INFO - [2024-07-15T13:48:48.749+0000] {dag.py:3096} INFO - Sync 1 DAGs
[2024-07-15T13:48:48.761+0000] {logging_mixin.py:188} INFO - [2024-07-15T13:48:48.760+0000] {dag.py:3954} INFO - Setting next_dagrun for example_nested_branch_dag to 2024-07-14 00:00:00+00:00, run_after=2024-07-15 00:00:00+00:00
[2024-07-15T13:48:48.772+0000] {processor.py:183} INFO - Processing /home/airflow/.local/lib/python3.12/site-packages/airflow/example_dags/example_nested_branch_dag.py took 0.050 seconds
[2024-07-15T13:49:46.346+0000] {processor.py:161} INFO - Started process (PID=38) to work on /home/airflow/.local/lib/python3.12/site-packages/airflow/example_dags/example_nested_branch_dag.py
[2024-07-15T13:49:46.347+0000] {processor.py:830} INFO - Processing file /home/airflow/.local/lib/python3.12/site-packages/airflow/example_dags/example_nested_branch_dag.py for tasks to queue
[2024-07-15T13:49:46.349+0000] {logging_mixin.py:188} INFO - [2024-07-15T13:49:46.348+0000] {dagbag.py:545} INFO - Filling up the DagBag from /home/airflow/.local/lib/python3.12/site-packages/airflow/example_dags/example_nested_branch_dag.py
[2024-07-15T13:49:46.356+0000] {processor.py:840} INFO - DAG(s) 'example_nested_branch_dag' retrieved from /home/airflow/.local/lib/python3.12/site-packages/airflow/example_dags/example_nested_branch_dag.py
[2024-07-15T13:49:46.363+0000] {logging_mixin.py:188} INFO - [2024-07-15T13:49:46.363+0000] {dag.py:3096} INFO - Sync 1 DAGs
[2024-07-15T13:49:46.374+0000] {logging_mixin.py:188} INFO - [2024-07-15T13:49:46.374+0000] {dag.py:3954} INFO - Setting next_dagrun for example_nested_branch_dag to 2024-07-14 00:00:00+00:00, run_after=2024-07-15 00:00:00+00:00
[2024-07-15T13:49:46.383+0000] {processor.py:183} INFO - Processing /home/airflow/.local/lib/python3.12/site-packages/airflow/example_dags/example_nested_branch_dag.py took 0.041 seconds
[2024-07-15T13:50:17.082+0000] {processor.py:161} INFO - Started process (PID=102) to work on /home/airflow/.local/lib/python3.12/site-packages/airflow/example_dags/example_nested_branch_dag.py
[2024-07-15T13:50:17.082+0000] {processor.py:830} INFO - Processing file /home/airflow/.local/lib/python3.12/site-packages/airflow/example_dags/example_nested_branch_dag.py for tasks to queue
[2024-07-15T13:50:17.084+0000] {logging_mixin.py:188} INFO - [2024-07-15T13:50:17.083+0000] {dagbag.py:545} INFO - Filling up the DagBag from /home/airflow/.local/lib/python3.12/site-packages/airflow/example_dags/example_nested_branch_dag.py
[2024-07-15T13:50:17.090+0000] {processor.py:840} INFO - DAG(s) 'example_nested_branch_dag' retrieved from /home/airflow/.local/lib/python3.12/site-packages/airflow/example_dags/example_nested_branch_dag.py
[2024-07-15T13:50:17.138+0000] {logging_mixin.py:188} INFO - [2024-07-15T13:50:17.138+0000] {dag.py:3096} INFO - Sync 1 DAGs
[2024-07-15T13:50:17.148+0000] {logging_mixin.py:188} INFO - [2024-07-15T13:50:17.148+0000] {dag.py:3954} INFO - Setting next_dagrun for example_nested_branch_dag to 2024-07-14 00:00:00+00:00, run_after=2024-07-15 00:00:00+00:00
[2024-07-15T13:50:17.156+0000] {processor.py:183} INFO - Processing /home/airflow/.local/lib/python3.12/site-packages/airflow/example_dags/example_nested_branch_dag.py took 0.078 seconds
[2024-07-15T13:50:47.207+0000] {processor.py:161} INFO - Started process (PID=167) to work on /home/airflow/.local/lib/python3.12/site-packages/airflow/example_dags/example_nested_branch_dag.py
[2024-07-15T13:50:47.208+0000] {processor.py:830} INFO - Processing file /home/airflow/.local/lib/python3.12/site-packages/airflow/example_dags/example_nested_branch_dag.py for tasks to queue
[2024-07-15T13:50:47.209+0000] {logging_mixin.py:188} INFO - [2024-07-15T13:50:47.208+0000] {dagbag.py:545} INFO - Filling up the DagBag from /home/airflow/.local/lib/python3.12/site-packages/airflow/example_dags/example_nested_branch_dag.py
[2024-07-15T13:50:47.214+0000] {processor.py:840} INFO - DAG(s) 'example_nested_branch_dag' retrieved from /home/airflow/.local/lib/python3.12/site-packages/airflow/example_dags/example_nested_branch_dag.py
[2024-07-15T13:50:47.224+0000] {logging_mixin.py:188} INFO - [2024-07-15T13:50:47.224+0000] {dag.py:3096} INFO - Sync 1 DAGs
[2024-07-15T13:50:47.236+0000] {logging_mixin.py:188} INFO - [2024-07-15T13:50:47.235+0000] {dag.py:3954} INFO - Setting next_dagrun for example_nested_branch_dag to 2024-07-14 00:00:00+00:00, run_after=2024-07-15 00:00:00+00:00
[2024-07-15T13:50:47.245+0000] {processor.py:183} INFO - Processing /home/airflow/.local/lib/python3.12/site-packages/airflow/example_dags/example_nested_branch_dag.py took 0.041 seconds
[2024-07-15T13:51:17.502+0000] {processor.py:161} INFO - Started process (PID=230) to work on /home/airflow/.local/lib/python3.12/site-packages/airflow/example_dags/example_nested_branch_dag.py
[2024-07-15T13:51:17.502+0000] {processor.py:830} INFO - Processing file /home/airflow/.local/lib/python3.12/site-packages/airflow/example_dags/example_nested_branch_dag.py for tasks to queue
[2024-07-15T13:51:17.504+0000] {logging_mixin.py:188} INFO - [2024-07-15T13:51:17.503+0000] {dagbag.py:545} INFO - Filling up the DagBag from /home/airflow/.local/lib/python3.12/site-packages/airflow/example_dags/example_nested_branch_dag.py
[2024-07-15T13:51:17.508+0000] {processor.py:840} INFO - DAG(s) 'example_nested_branch_dag' retrieved from /home/airflow/.local/lib/python3.12/site-packages/airflow/example_dags/example_nested_branch_dag.py
[2024-07-15T13:51:17.519+0000] {logging_mixin.py:188} INFO - [2024-07-15T13:51:17.519+0000] {dag.py:3096} INFO - Sync 1 DAGs
[2024-07-15T13:51:17.530+0000] {logging_mixin.py:188} INFO - [2024-07-15T13:51:17.530+0000] {dag.py:3954} INFO - Setting next_dagrun for example_nested_branch_dag to 2024-07-14 00:00:00+00:00, run_after=2024-07-15 00:00:00+00:00
[2024-07-15T13:51:17.539+0000] {processor.py:183} INFO - Processing /home/airflow/.local/lib/python3.12/site-packages/airflow/example_dags/example_nested_branch_dag.py took 0.040 seconds
[2024-07-15T13:51:47.599+0000] {processor.py:161} INFO - Started process (PID=294) to work on /home/airflow/.local/lib/python3.12/site-packages/airflow/example_dags/example_nested_branch_dag.py
[2024-07-15T13:51:47.600+0000] {processor.py:830} INFO - Processing file /home/airflow/.local/lib/python3.12/site-packages/airflow/example_dags/example_nested_branch_dag.py for tasks to queue
[2024-07-15T13:51:47.601+0000] {logging_mixin.py:188} INFO - [2024-07-15T13:51:47.601+0000] {dagbag.py:545} INFO - Filling up the DagBag from /home/airflow/.local/lib/python3.12/site-packages/airflow/example_dags/example_nested_branch_dag.py
[2024-07-15T13:51:47.606+0000] {processor.py:840} INFO - DAG(s) 'example_nested_branch_dag' retrieved from /home/airflow/.local/lib/python3.12/site-packages/airflow/example_dags/example_nested_branch_dag.py
[2024-07-15T13:51:47.617+0000] {logging_mixin.py:188} INFO - [2024-07-15T13:51:47.617+0000] {dag.py:3096} INFO - Sync 1 DAGs
[2024-07-15T13:51:47.627+0000] {logging_mixin.py:188} INFO - [2024-07-15T13:51:47.627+0000] {dag.py:3954} INFO - Setting next_dagrun for example_nested_branch_dag to 2024-07-14 00:00:00+00:00, run_after=2024-07-15 00:00:00+00:00
[2024-07-15T13:51:47.636+0000] {processor.py:183} INFO - Processing /home/airflow/.local/lib/python3.12/site-packages/airflow/example_dags/example_nested_branch_dag.py took 0.040 seconds
[2024-07-15T13:52:52.224+0000] {processor.py:161} INFO - Started process (PID=37) to work on /home/airflow/.local/lib/python3.12/site-packages/airflow/example_dags/example_nested_branch_dag.py
[2024-07-15T13:52:52.225+0000] {processor.py:830} INFO - Processing file /home/airflow/.local/lib/python3.12/site-packages/airflow/example_dags/example_nested_branch_dag.py for tasks to queue
[2024-07-15T13:52:52.226+0000] {logging_mixin.py:188} INFO - [2024-07-15T13:52:52.226+0000] {dagbag.py:545} INFO - Filling up the DagBag from /home/airflow/.local/lib/python3.12/site-packages/airflow/example_dags/example_nested_branch_dag.py
[2024-07-15T13:52:52.232+0000] {processor.py:840} INFO - DAG(s) 'example_nested_branch_dag' retrieved from /home/airflow/.local/lib/python3.12/site-packages/airflow/example_dags/example_nested_branch_dag.py
[2024-07-15T13:52:52.239+0000] {logging_mixin.py:188} INFO - [2024-07-15T13:52:52.239+0000] {dag.py:3096} INFO - Sync 1 DAGs
[2024-07-15T13:52:52.251+0000] {logging_mixin.py:188} INFO - [2024-07-15T13:52:52.251+0000] {dag.py:3954} INFO - Setting next_dagrun for example_nested_branch_dag to 2024-07-14 00:00:00+00:00, run_after=2024-07-15 00:00:00+00:00
[2024-07-15T13:52:52.261+0000] {processor.py:183} INFO - Processing /home/airflow/.local/lib/python3.12/site-packages/airflow/example_dags/example_nested_branch_dag.py took 0.040 seconds
[2024-07-15T13:53:22.894+0000] {processor.py:161} INFO - Started process (PID=101) to work on /home/airflow/.local/lib/python3.12/site-packages/airflow/example_dags/example_nested_branch_dag.py
[2024-07-15T13:53:22.895+0000] {processor.py:830} INFO - Processing file /home/airflow/.local/lib/python3.12/site-packages/airflow/example_dags/example_nested_branch_dag.py for tasks to queue
[2024-07-15T13:53:22.896+0000] {logging_mixin.py:188} INFO - [2024-07-15T13:53:22.896+0000] {dagbag.py:545} INFO - Filling up the DagBag from /home/airflow/.local/lib/python3.12/site-packages/airflow/example_dags/example_nested_branch_dag.py
[2024-07-15T13:53:22.902+0000] {processor.py:840} INFO - DAG(s) 'example_nested_branch_dag' retrieved from /home/airflow/.local/lib/python3.12/site-packages/airflow/example_dags/example_nested_branch_dag.py
[2024-07-15T13:53:22.967+0000] {logging_mixin.py:188} INFO - [2024-07-15T13:53:22.967+0000] {dag.py:3096} INFO - Sync 1 DAGs
[2024-07-15T13:53:22.984+0000] {logging_mixin.py:188} INFO - [2024-07-15T13:53:22.984+0000] {dag.py:3954} INFO - Setting next_dagrun for example_nested_branch_dag to 2024-07-14 00:00:00+00:00, run_after=2024-07-15 00:00:00+00:00
[2024-07-15T13:53:23.006+0000] {processor.py:183} INFO - Processing /home/airflow/.local/lib/python3.12/site-packages/airflow/example_dags/example_nested_branch_dag.py took 0.115 seconds
[2024-07-15T13:53:53.616+0000] {processor.py:161} INFO - Started process (PID=165) to work on /home/airflow/.local/lib/python3.12/site-packages/airflow/example_dags/example_nested_branch_dag.py
[2024-07-15T13:53:53.616+0000] {processor.py:830} INFO - Processing file /home/airflow/.local/lib/python3.12/site-packages/airflow/example_dags/example_nested_branch_dag.py for tasks to queue
[2024-07-15T13:53:53.618+0000] {logging_mixin.py:188} INFO - [2024-07-15T13:53:53.617+0000] {dagbag.py:545} INFO - Filling up the DagBag from /home/airflow/.local/lib/python3.12/site-packages/airflow/example_dags/example_nested_branch_dag.py
[2024-07-15T13:53:53.623+0000] {processor.py:840} INFO - DAG(s) 'example_nested_branch_dag' retrieved from /home/airflow/.local/lib/python3.12/site-packages/airflow/example_dags/example_nested_branch_dag.py
[2024-07-15T13:53:53.636+0000] {logging_mixin.py:188} INFO - [2024-07-15T13:53:53.636+0000] {dag.py:3096} INFO - Sync 1 DAGs
[2024-07-15T13:53:53.648+0000] {logging_mixin.py:188} INFO - [2024-07-15T13:53:53.647+0000] {dag.py:3954} INFO - Setting next_dagrun for example_nested_branch_dag to 2024-07-14 00:00:00+00:00, run_after=2024-07-15 00:00:00+00:00
[2024-07-15T13:53:53.662+0000] {processor.py:183} INFO - Processing /home/airflow/.local/lib/python3.12/site-packages/airflow/example_dags/example_nested_branch_dag.py took 0.050 seconds
[2024-07-15T13:54:23.837+0000] {processor.py:161} INFO - Started process (PID=229) to work on /home/airflow/.local/lib/python3.12/site-packages/airflow/example_dags/example_nested_branch_dag.py
[2024-07-15T13:54:23.838+0000] {processor.py:830} INFO - Processing file /home/airflow/.local/lib/python3.12/site-packages/airflow/example_dags/example_nested_branch_dag.py for tasks to queue
[2024-07-15T13:54:23.839+0000] {logging_mixin.py:188} INFO - [2024-07-15T13:54:23.839+0000] {dagbag.py:545} INFO - Filling up the DagBag from /home/airflow/.local/lib/python3.12/site-packages/airflow/example_dags/example_nested_branch_dag.py
[2024-07-15T13:54:23.844+0000] {processor.py:840} INFO - DAG(s) 'example_nested_branch_dag' retrieved from /home/airflow/.local/lib/python3.12/site-packages/airflow/example_dags/example_nested_branch_dag.py
[2024-07-15T13:54:23.856+0000] {logging_mixin.py:188} INFO - [2024-07-15T13:54:23.856+0000] {dag.py:3096} INFO - Sync 1 DAGs
[2024-07-15T13:54:23.867+0000] {logging_mixin.py:188} INFO - [2024-07-15T13:54:23.867+0000] {dag.py:3954} INFO - Setting next_dagrun for example_nested_branch_dag to 2024-07-14 00:00:00+00:00, run_after=2024-07-15 00:00:00+00:00
[2024-07-15T13:54:23.876+0000] {processor.py:183} INFO - Processing /home/airflow/.local/lib/python3.12/site-packages/airflow/example_dags/example_nested_branch_dag.py took 0.042 seconds
[2024-07-15T13:54:54.062+0000] {processor.py:161} INFO - Started process (PID=293) to work on /home/airflow/.local/lib/python3.12/site-packages/airflow/example_dags/example_nested_branch_dag.py
[2024-07-15T13:54:54.063+0000] {processor.py:830} INFO - Processing file /home/airflow/.local/lib/python3.12/site-packages/airflow/example_dags/example_nested_branch_dag.py for tasks to queue
[2024-07-15T13:54:54.064+0000] {logging_mixin.py:188} INFO - [2024-07-15T13:54:54.064+0000] {dagbag.py:545} INFO - Filling up the DagBag from /home/airflow/.local/lib/python3.12/site-packages/airflow/example_dags/example_nested_branch_dag.py
[2024-07-15T13:54:54.070+0000] {processor.py:840} INFO - DAG(s) 'example_nested_branch_dag' retrieved from /home/airflow/.local/lib/python3.12/site-packages/airflow/example_dags/example_nested_branch_dag.py
[2024-07-15T13:54:54.081+0000] {logging_mixin.py:188} INFO - [2024-07-15T13:54:54.081+0000] {dag.py:3096} INFO - Sync 1 DAGs
[2024-07-15T13:54:54.092+0000] {logging_mixin.py:188} INFO - [2024-07-15T13:54:54.092+0000] {dag.py:3954} INFO - Setting next_dagrun for example_nested_branch_dag to 2024-07-14 00:00:00+00:00, run_after=2024-07-15 00:00:00+00:00
[2024-07-15T13:54:54.101+0000] {processor.py:183} INFO - Processing /home/airflow/.local/lib/python3.12/site-packages/airflow/example_dags/example_nested_branch_dag.py took 0.042 seconds
[2024-07-15T13:55:24.253+0000] {processor.py:161} INFO - Started process (PID=357) to work on /home/airflow/.local/lib/python3.12/site-packages/airflow/example_dags/example_nested_branch_dag.py
[2024-07-15T13:55:24.254+0000] {processor.py:830} INFO - Processing file /home/airflow/.local/lib/python3.12/site-packages/airflow/example_dags/example_nested_branch_dag.py for tasks to queue
[2024-07-15T13:55:24.255+0000] {logging_mixin.py:188} INFO - [2024-07-15T13:55:24.255+0000] {dagbag.py:545} INFO - Filling up the DagBag from /home/airflow/.local/lib/python3.12/site-packages/airflow/example_dags/example_nested_branch_dag.py
[2024-07-15T13:55:24.261+0000] {processor.py:840} INFO - DAG(s) 'example_nested_branch_dag' retrieved from /home/airflow/.local/lib/python3.12/site-packages/airflow/example_dags/example_nested_branch_dag.py
[2024-07-15T13:55:24.271+0000] {logging_mixin.py:188} INFO - [2024-07-15T13:55:24.271+0000] {dag.py:3096} INFO - Sync 1 DAGs
[2024-07-15T13:55:24.282+0000] {logging_mixin.py:188} INFO - [2024-07-15T13:55:24.282+0000] {dag.py:3954} INFO - Setting next_dagrun for example_nested_branch_dag to 2024-07-14 00:00:00+00:00, run_after=2024-07-15 00:00:00+00:00
[2024-07-15T13:55:24.292+0000] {processor.py:183} INFO - Processing /home/airflow/.local/lib/python3.12/site-packages/airflow/example_dags/example_nested_branch_dag.py took 0.042 seconds
[2024-07-15T13:55:55.352+0000] {processor.py:161} INFO - Started process (PID=422) to work on /home/airflow/.local/lib/python3.12/site-packages/airflow/example_dags/example_nested_branch_dag.py
[2024-07-15T13:55:55.353+0000] {processor.py:830} INFO - Processing file /home/airflow/.local/lib/python3.12/site-packages/airflow/example_dags/example_nested_branch_dag.py for tasks to queue
[2024-07-15T13:55:55.355+0000] {logging_mixin.py:188} INFO - [2024-07-15T13:55:55.354+0000] {dagbag.py:545} INFO - Filling up the DagBag from /home/airflow/.local/lib/python3.12/site-packages/airflow/example_dags/example_nested_branch_dag.py
[2024-07-15T13:55:55.360+0000] {processor.py:840} INFO - DAG(s) 'example_nested_branch_dag' retrieved from /home/airflow/.local/lib/python3.12/site-packages/airflow/example_dags/example_nested_branch_dag.py
[2024-07-15T13:55:55.372+0000] {logging_mixin.py:188} INFO - [2024-07-15T13:55:55.372+0000] {dag.py:3096} INFO - Sync 1 DAGs
[2024-07-15T13:55:55.383+0000] {logging_mixin.py:188} INFO - [2024-07-15T13:55:55.383+0000] {dag.py:3954} INFO - Setting next_dagrun for example_nested_branch_dag to 2024-07-14 00:00:00+00:00, run_after=2024-07-15 00:00:00+00:00
[2024-07-15T13:55:55.393+0000] {processor.py:183} INFO - Processing /home/airflow/.local/lib/python3.12/site-packages/airflow/example_dags/example_nested_branch_dag.py took 0.044 seconds
[2024-07-15T13:56:25.540+0000] {processor.py:161} INFO - Started process (PID=486) to work on /home/airflow/.local/lib/python3.12/site-packages/airflow/example_dags/example_nested_branch_dag.py
[2024-07-15T13:56:25.540+0000] {processor.py:830} INFO - Processing file /home/airflow/.local/lib/python3.12/site-packages/airflow/example_dags/example_nested_branch_dag.py for tasks to queue
[2024-07-15T13:56:25.542+0000] {logging_mixin.py:188} INFO - [2024-07-15T13:56:25.541+0000] {dagbag.py:545} INFO - Filling up the DagBag from /home/airflow/.local/lib/python3.12/site-packages/airflow/example_dags/example_nested_branch_dag.py
[2024-07-15T13:56:25.547+0000] {processor.py:840} INFO - DAG(s) 'example_nested_branch_dag' retrieved from /home/airflow/.local/lib/python3.12/site-packages/airflow/example_dags/example_nested_branch_dag.py
[2024-07-15T13:56:25.559+0000] {logging_mixin.py:188} INFO - [2024-07-15T13:56:25.558+0000] {dag.py:3096} INFO - Sync 1 DAGs
[2024-07-15T13:56:25.569+0000] {logging_mixin.py:188} INFO - [2024-07-15T13:56:25.569+0000] {dag.py:3954} INFO - Setting next_dagrun for example_nested_branch_dag to 2024-07-14 00:00:00+00:00, run_after=2024-07-15 00:00:00+00:00
[2024-07-15T13:56:25.578+0000] {processor.py:183} INFO - Processing /home/airflow/.local/lib/python3.12/site-packages/airflow/example_dags/example_nested_branch_dag.py took 0.041 seconds
[2024-07-15T13:56:55.787+0000] {processor.py:161} INFO - Started process (PID=550) to work on /home/airflow/.local/lib/python3.12/site-packages/airflow/example_dags/example_nested_branch_dag.py
[2024-07-15T13:56:55.788+0000] {processor.py:830} INFO - Processing file /home/airflow/.local/lib/python3.12/site-packages/airflow/example_dags/example_nested_branch_dag.py for tasks to queue
[2024-07-15T13:56:55.789+0000] {logging_mixin.py:188} INFO - [2024-07-15T13:56:55.789+0000] {dagbag.py:545} INFO - Filling up the DagBag from /home/airflow/.local/lib/python3.12/site-packages/airflow/example_dags/example_nested_branch_dag.py
[2024-07-15T13:56:55.794+0000] {processor.py:840} INFO - DAG(s) 'example_nested_branch_dag' retrieved from /home/airflow/.local/lib/python3.12/site-packages/airflow/example_dags/example_nested_branch_dag.py
[2024-07-15T13:56:55.805+0000] {logging_mixin.py:188} INFO - [2024-07-15T13:56:55.805+0000] {dag.py:3096} INFO - Sync 1 DAGs
[2024-07-15T13:56:55.816+0000] {logging_mixin.py:188} INFO - [2024-07-15T13:56:55.816+0000] {dag.py:3954} INFO - Setting next_dagrun for example_nested_branch_dag to 2024-07-14 00:00:00+00:00, run_after=2024-07-15 00:00:00+00:00
[2024-07-15T13:56:55.824+0000] {processor.py:183} INFO - Processing /home/airflow/.local/lib/python3.12/site-packages/airflow/example_dags/example_nested_branch_dag.py took 0.040 seconds
[2024-07-15T13:57:26.005+0000] {processor.py:161} INFO - Started process (PID=614) to work on /home/airflow/.local/lib/python3.12/site-packages/airflow/example_dags/example_nested_branch_dag.py
[2024-07-15T13:57:26.006+0000] {processor.py:830} INFO - Processing file /home/airflow/.local/lib/python3.12/site-packages/airflow/example_dags/example_nested_branch_dag.py for tasks to queue
[2024-07-15T13:57:26.007+0000] {logging_mixin.py:188} INFO - [2024-07-15T13:57:26.007+0000] {dagbag.py:545} INFO - Filling up the DagBag from /home/airflow/.local/lib/python3.12/site-packages/airflow/example_dags/example_nested_branch_dag.py
[2024-07-15T13:57:26.013+0000] {processor.py:840} INFO - DAG(s) 'example_nested_branch_dag' retrieved from /home/airflow/.local/lib/python3.12/site-packages/airflow/example_dags/example_nested_branch_dag.py
[2024-07-15T13:57:26.024+0000] {logging_mixin.py:188} INFO - [2024-07-15T13:57:26.024+0000] {dag.py:3096} INFO - Sync 1 DAGs
[2024-07-15T13:57:26.035+0000] {logging_mixin.py:188} INFO - [2024-07-15T13:57:26.035+0000] {dag.py:3954} INFO - Setting next_dagrun for example_nested_branch_dag to 2024-07-14 00:00:00+00:00, run_after=2024-07-15 00:00:00+00:00
[2024-07-15T13:57:26.045+0000] {processor.py:183} INFO - Processing /home/airflow/.local/lib/python3.12/site-packages/airflow/example_dags/example_nested_branch_dag.py took 0.043 seconds
[2024-07-15T13:57:56.132+0000] {processor.py:161} INFO - Started process (PID=678) to work on /home/airflow/.local/lib/python3.12/site-packages/airflow/example_dags/example_nested_branch_dag.py
[2024-07-15T13:57:56.133+0000] {processor.py:830} INFO - Processing file /home/airflow/.local/lib/python3.12/site-packages/airflow/example_dags/example_nested_branch_dag.py for tasks to queue
[2024-07-15T13:57:56.134+0000] {logging_mixin.py:188} INFO - [2024-07-15T13:57:56.134+0000] {dagbag.py:545} INFO - Filling up the DagBag from /home/airflow/.local/lib/python3.12/site-packages/airflow/example_dags/example_nested_branch_dag.py
[2024-07-15T13:57:56.139+0000] {processor.py:840} INFO - DAG(s) 'example_nested_branch_dag' retrieved from /home/airflow/.local/lib/python3.12/site-packages/airflow/example_dags/example_nested_branch_dag.py
[2024-07-15T13:57:56.150+0000] {logging_mixin.py:188} INFO - [2024-07-15T13:57:56.150+0000] {dag.py:3096} INFO - Sync 1 DAGs
[2024-07-15T13:57:56.160+0000] {logging_mixin.py:188} INFO - [2024-07-15T13:57:56.160+0000] {dag.py:3954} INFO - Setting next_dagrun for example_nested_branch_dag to 2024-07-14 00:00:00+00:00, run_after=2024-07-15 00:00:00+00:00
[2024-07-15T13:57:56.168+0000] {processor.py:183} INFO - Processing /home/airflow/.local/lib/python3.12/site-packages/airflow/example_dags/example_nested_branch_dag.py took 0.039 seconds
[2024-07-15T13:58:26.248+0000] {processor.py:161} INFO - Started process (PID=742) to work on /home/airflow/.local/lib/python3.12/site-packages/airflow/example_dags/example_nested_branch_dag.py
[2024-07-15T13:58:26.249+0000] {processor.py:830} INFO - Processing file /home/airflow/.local/lib/python3.12/site-packages/airflow/example_dags/example_nested_branch_dag.py for tasks to queue
[2024-07-15T13:58:26.250+0000] {logging_mixin.py:188} INFO - [2024-07-15T13:58:26.250+0000] {dagbag.py:545} INFO - Filling up the DagBag from /home/airflow/.local/lib/python3.12/site-packages/airflow/example_dags/example_nested_branch_dag.py
[2024-07-15T13:58:26.255+0000] {processor.py:840} INFO - DAG(s) 'example_nested_branch_dag' retrieved from /home/airflow/.local/lib/python3.12/site-packages/airflow/example_dags/example_nested_branch_dag.py
[2024-07-15T13:58:26.266+0000] {logging_mixin.py:188} INFO - [2024-07-15T13:58:26.266+0000] {dag.py:3096} INFO - Sync 1 DAGs
[2024-07-15T13:58:26.278+0000] {logging_mixin.py:188} INFO - [2024-07-15T13:58:26.277+0000] {dag.py:3954} INFO - Setting next_dagrun for example_nested_branch_dag to 2024-07-14 00:00:00+00:00, run_after=2024-07-15 00:00:00+00:00
[2024-07-15T13:58:26.286+0000] {processor.py:183} INFO - Processing /home/airflow/.local/lib/python3.12/site-packages/airflow/example_dags/example_nested_branch_dag.py took 0.040 seconds
[2024-07-15T13:58:56.337+0000] {processor.py:161} INFO - Started process (PID=806) to work on /home/airflow/.local/lib/python3.12/site-packages/airflow/example_dags/example_nested_branch_dag.py
[2024-07-15T13:58:56.338+0000] {processor.py:830} INFO - Processing file /home/airflow/.local/lib/python3.12/site-packages/airflow/example_dags/example_nested_branch_dag.py for tasks to queue
[2024-07-15T13:58:56.339+0000] {logging_mixin.py:188} INFO - [2024-07-15T13:58:56.338+0000] {dagbag.py:545} INFO - Filling up the DagBag from /home/airflow/.local/lib/python3.12/site-packages/airflow/example_dags/example_nested_branch_dag.py
[2024-07-15T13:58:56.344+0000] {processor.py:840} INFO - DAG(s) 'example_nested_branch_dag' retrieved from /home/airflow/.local/lib/python3.12/site-packages/airflow/example_dags/example_nested_branch_dag.py
[2024-07-15T13:58:56.355+0000] {logging_mixin.py:188} INFO - [2024-07-15T13:58:56.355+0000] {dag.py:3096} INFO - Sync 1 DAGs
[2024-07-15T13:58:56.366+0000] {logging_mixin.py:188} INFO - [2024-07-15T13:58:56.366+0000] {dag.py:3954} INFO - Setting next_dagrun for example_nested_branch_dag to 2024-07-14 00:00:00+00:00, run_after=2024-07-15 00:00:00+00:00
[2024-07-15T13:58:56.375+0000] {processor.py:183} INFO - Processing /home/airflow/.local/lib/python3.12/site-packages/airflow/example_dags/example_nested_branch_dag.py took 0.041 seconds
[2024-07-15T13:59:26.615+0000] {processor.py:161} INFO - Started process (PID=870) to work on /home/airflow/.local/lib/python3.12/site-packages/airflow/example_dags/example_nested_branch_dag.py
[2024-07-15T13:59:26.615+0000] {processor.py:830} INFO - Processing file /home/airflow/.local/lib/python3.12/site-packages/airflow/example_dags/example_nested_branch_dag.py for tasks to queue
[2024-07-15T13:59:26.617+0000] {logging_mixin.py:188} INFO - [2024-07-15T13:59:26.616+0000] {dagbag.py:545} INFO - Filling up the DagBag from /home/airflow/.local/lib/python3.12/site-packages/airflow/example_dags/example_nested_branch_dag.py
[2024-07-15T13:59:26.622+0000] {processor.py:840} INFO - DAG(s) 'example_nested_branch_dag' retrieved from /home/airflow/.local/lib/python3.12/site-packages/airflow/example_dags/example_nested_branch_dag.py
[2024-07-15T13:59:26.635+0000] {logging_mixin.py:188} INFO - [2024-07-15T13:59:26.635+0000] {dag.py:3096} INFO - Sync 1 DAGs
[2024-07-15T13:59:26.649+0000] {logging_mixin.py:188} INFO - [2024-07-15T13:59:26.649+0000] {dag.py:3954} INFO - Setting next_dagrun for example_nested_branch_dag to 2024-07-14 00:00:00+00:00, run_after=2024-07-15 00:00:00+00:00
[2024-07-15T13:59:26.660+0000] {processor.py:183} INFO - Processing /home/airflow/.local/lib/python3.12/site-packages/airflow/example_dags/example_nested_branch_dag.py took 0.048 seconds
[2024-07-15T13:59:56.809+0000] {processor.py:161} INFO - Started process (PID=934) to work on /home/airflow/.local/lib/python3.12/site-packages/airflow/example_dags/example_nested_branch_dag.py
[2024-07-15T13:59:56.809+0000] {processor.py:830} INFO - Processing file /home/airflow/.local/lib/python3.12/site-packages/airflow/example_dags/example_nested_branch_dag.py for tasks to queue
[2024-07-15T13:59:56.810+0000] {logging_mixin.py:188} INFO - [2024-07-15T13:59:56.810+0000] {dagbag.py:545} INFO - Filling up the DagBag from /home/airflow/.local/lib/python3.12/site-packages/airflow/example_dags/example_nested_branch_dag.py
[2024-07-15T13:59:56.815+0000] {processor.py:840} INFO - DAG(s) 'example_nested_branch_dag' retrieved from /home/airflow/.local/lib/python3.12/site-packages/airflow/example_dags/example_nested_branch_dag.py
[2024-07-15T13:59:56.826+0000] {logging_mixin.py:188} INFO - [2024-07-15T13:59:56.826+0000] {dag.py:3096} INFO - Sync 1 DAGs
[2024-07-15T13:59:56.836+0000] {logging_mixin.py:188} INFO - [2024-07-15T13:59:56.836+0000] {dag.py:3954} INFO - Setting next_dagrun for example_nested_branch_dag to 2024-07-14 00:00:00+00:00, run_after=2024-07-15 00:00:00+00:00
[2024-07-15T13:59:56.844+0000] {processor.py:183} INFO - Processing /home/airflow/.local/lib/python3.12/site-packages/airflow/example_dags/example_nested_branch_dag.py took 0.039 seconds
[2024-07-15T14:00:27.071+0000] {processor.py:161} INFO - Started process (PID=998) to work on /home/airflow/.local/lib/python3.12/site-packages/airflow/example_dags/example_nested_branch_dag.py
[2024-07-15T14:00:27.071+0000] {processor.py:830} INFO - Processing file /home/airflow/.local/lib/python3.12/site-packages/airflow/example_dags/example_nested_branch_dag.py for tasks to queue
[2024-07-15T14:00:27.072+0000] {logging_mixin.py:188} INFO - [2024-07-15T14:00:27.072+0000] {dagbag.py:545} INFO - Filling up the DagBag from /home/airflow/.local/lib/python3.12/site-packages/airflow/example_dags/example_nested_branch_dag.py
[2024-07-15T14:00:27.078+0000] {processor.py:840} INFO - DAG(s) 'example_nested_branch_dag' retrieved from /home/airflow/.local/lib/python3.12/site-packages/airflow/example_dags/example_nested_branch_dag.py
[2024-07-15T14:00:27.088+0000] {logging_mixin.py:188} INFO - [2024-07-15T14:00:27.088+0000] {dag.py:3096} INFO - Sync 1 DAGs
[2024-07-15T14:00:27.097+0000] {logging_mixin.py:188} INFO - [2024-07-15T14:00:27.097+0000] {dag.py:3954} INFO - Setting next_dagrun for example_nested_branch_dag to 2024-07-14 00:00:00+00:00, run_after=2024-07-15 00:00:00+00:00
[2024-07-15T14:00:27.106+0000] {processor.py:183} INFO - Processing /home/airflow/.local/lib/python3.12/site-packages/airflow/example_dags/example_nested_branch_dag.py took 0.038 seconds
[2024-07-15T14:00:57.123+0000] {processor.py:161} INFO - Started process (PID=1062) to work on /home/airflow/.local/lib/python3.12/site-packages/airflow/example_dags/example_nested_branch_dag.py
[2024-07-15T14:00:57.123+0000] {processor.py:830} INFO - Processing file /home/airflow/.local/lib/python3.12/site-packages/airflow/example_dags/example_nested_branch_dag.py for tasks to queue
[2024-07-15T14:00:57.124+0000] {logging_mixin.py:188} INFO - [2024-07-15T14:00:57.124+0000] {dagbag.py:545} INFO - Filling up the DagBag from /home/airflow/.local/lib/python3.12/site-packages/airflow/example_dags/example_nested_branch_dag.py
[2024-07-15T14:00:57.130+0000] {processor.py:840} INFO - DAG(s) 'example_nested_branch_dag' retrieved from /home/airflow/.local/lib/python3.12/site-packages/airflow/example_dags/example_nested_branch_dag.py
[2024-07-15T14:00:57.140+0000] {logging_mixin.py:188} INFO - [2024-07-15T14:00:57.140+0000] {dag.py:3096} INFO - Sync 1 DAGs
[2024-07-15T14:00:57.151+0000] {logging_mixin.py:188} INFO - [2024-07-15T14:00:57.151+0000] {dag.py:3954} INFO - Setting next_dagrun for example_nested_branch_dag to 2024-07-14 00:00:00+00:00, run_after=2024-07-15 00:00:00+00:00
[2024-07-15T14:00:57.159+0000] {processor.py:183} INFO - Processing /home/airflow/.local/lib/python3.12/site-packages/airflow/example_dags/example_nested_branch_dag.py took 0.039 seconds
[2024-07-15T14:01:27.215+0000] {processor.py:161} INFO - Started process (PID=1126) to work on /home/airflow/.local/lib/python3.12/site-packages/airflow/example_dags/example_nested_branch_dag.py
[2024-07-15T14:01:27.215+0000] {processor.py:830} INFO - Processing file /home/airflow/.local/lib/python3.12/site-packages/airflow/example_dags/example_nested_branch_dag.py for tasks to queue
[2024-07-15T14:01:27.216+0000] {logging_mixin.py:188} INFO - [2024-07-15T14:01:27.216+0000] {dagbag.py:545} INFO - Filling up the DagBag from /home/airflow/.local/lib/python3.12/site-packages/airflow/example_dags/example_nested_branch_dag.py
[2024-07-15T14:01:27.222+0000] {processor.py:840} INFO - DAG(s) 'example_nested_branch_dag' retrieved from /home/airflow/.local/lib/python3.12/site-packages/airflow/example_dags/example_nested_branch_dag.py
[2024-07-15T14:01:27.232+0000] {logging_mixin.py:188} INFO - [2024-07-15T14:01:27.232+0000] {dag.py:3096} INFO - Sync 1 DAGs
[2024-07-15T14:01:27.243+0000] {logging_mixin.py:188} INFO - [2024-07-15T14:01:27.242+0000] {dag.py:3954} INFO - Setting next_dagrun for example_nested_branch_dag to 2024-07-14 00:00:00+00:00, run_after=2024-07-15 00:00:00+00:00
[2024-07-15T14:01:27.251+0000] {processor.py:183} INFO - Processing /home/airflow/.local/lib/python3.12/site-packages/airflow/example_dags/example_nested_branch_dag.py took 0.040 seconds
[2024-07-15T14:01:57.368+0000] {processor.py:161} INFO - Started process (PID=1190) to work on /home/airflow/.local/lib/python3.12/site-packages/airflow/example_dags/example_nested_branch_dag.py
[2024-07-15T14:01:57.369+0000] {processor.py:830} INFO - Processing file /home/airflow/.local/lib/python3.12/site-packages/airflow/example_dags/example_nested_branch_dag.py for tasks to queue
[2024-07-15T14:01:57.370+0000] {logging_mixin.py:188} INFO - [2024-07-15T14:01:57.370+0000] {dagbag.py:545} INFO - Filling up the DagBag from /home/airflow/.local/lib/python3.12/site-packages/airflow/example_dags/example_nested_branch_dag.py
[2024-07-15T14:01:57.375+0000] {processor.py:840} INFO - DAG(s) 'example_nested_branch_dag' retrieved from /home/airflow/.local/lib/python3.12/site-packages/airflow/example_dags/example_nested_branch_dag.py
[2024-07-15T14:01:57.386+0000] {logging_mixin.py:188} INFO - [2024-07-15T14:01:57.386+0000] {dag.py:3096} INFO - Sync 1 DAGs
[2024-07-15T14:01:57.396+0000] {logging_mixin.py:188} INFO - [2024-07-15T14:01:57.396+0000] {dag.py:3954} INFO - Setting next_dagrun for example_nested_branch_dag to 2024-07-14 00:00:00+00:00, run_after=2024-07-15 00:00:00+00:00
[2024-07-15T14:01:57.404+0000] {processor.py:183} INFO - Processing /home/airflow/.local/lib/python3.12/site-packages/airflow/example_dags/example_nested_branch_dag.py took 0.039 seconds
[2024-07-15T14:02:27.594+0000] {processor.py:161} INFO - Started process (PID=1254) to work on /home/airflow/.local/lib/python3.12/site-packages/airflow/example_dags/example_nested_branch_dag.py
[2024-07-15T14:02:27.594+0000] {processor.py:830} INFO - Processing file /home/airflow/.local/lib/python3.12/site-packages/airflow/example_dags/example_nested_branch_dag.py for tasks to queue
[2024-07-15T14:02:27.595+0000] {logging_mixin.py:188} INFO - [2024-07-15T14:02:27.595+0000] {dagbag.py:545} INFO - Filling up the DagBag from /home/airflow/.local/lib/python3.12/site-packages/airflow/example_dags/example_nested_branch_dag.py
[2024-07-15T14:02:27.600+0000] {processor.py:840} INFO - DAG(s) 'example_nested_branch_dag' retrieved from /home/airflow/.local/lib/python3.12/site-packages/airflow/example_dags/example_nested_branch_dag.py
[2024-07-15T14:02:27.611+0000] {logging_mixin.py:188} INFO - [2024-07-15T14:02:27.611+0000] {dag.py:3096} INFO - Sync 1 DAGs
[2024-07-15T14:02:27.621+0000] {logging_mixin.py:188} INFO - [2024-07-15T14:02:27.621+0000] {dag.py:3954} INFO - Setting next_dagrun for example_nested_branch_dag to 2024-07-14 00:00:00+00:00, run_after=2024-07-15 00:00:00+00:00
[2024-07-15T14:02:27.630+0000] {processor.py:183} INFO - Processing /home/airflow/.local/lib/python3.12/site-packages/airflow/example_dags/example_nested_branch_dag.py took 0.039 seconds
[2024-07-15T14:02:57.739+0000] {processor.py:161} INFO - Started process (PID=1318) to work on /home/airflow/.local/lib/python3.12/site-packages/airflow/example_dags/example_nested_branch_dag.py
[2024-07-15T14:02:57.740+0000] {processor.py:830} INFO - Processing file /home/airflow/.local/lib/python3.12/site-packages/airflow/example_dags/example_nested_branch_dag.py for tasks to queue
[2024-07-15T14:02:57.741+0000] {logging_mixin.py:188} INFO - [2024-07-15T14:02:57.741+0000] {dagbag.py:545} INFO - Filling up the DagBag from /home/airflow/.local/lib/python3.12/site-packages/airflow/example_dags/example_nested_branch_dag.py
[2024-07-15T14:02:57.747+0000] {processor.py:840} INFO - DAG(s) 'example_nested_branch_dag' retrieved from /home/airflow/.local/lib/python3.12/site-packages/airflow/example_dags/example_nested_branch_dag.py
[2024-07-15T14:02:57.763+0000] {logging_mixin.py:188} INFO - [2024-07-15T14:02:57.763+0000] {dag.py:3096} INFO - Sync 1 DAGs
[2024-07-15T14:02:57.773+0000] {logging_mixin.py:188} INFO - [2024-07-15T14:02:57.773+0000] {dag.py:3954} INFO - Setting next_dagrun for example_nested_branch_dag to 2024-07-14 00:00:00+00:00, run_after=2024-07-15 00:00:00+00:00
[2024-07-15T14:02:57.782+0000] {processor.py:183} INFO - Processing /home/airflow/.local/lib/python3.12/site-packages/airflow/example_dags/example_nested_branch_dag.py took 0.047 seconds
[2024-07-15T14:03:27.812+0000] {processor.py:161} INFO - Started process (PID=1382) to work on /home/airflow/.local/lib/python3.12/site-packages/airflow/example_dags/example_nested_branch_dag.py
[2024-07-15T14:03:27.813+0000] {processor.py:830} INFO - Processing file /home/airflow/.local/lib/python3.12/site-packages/airflow/example_dags/example_nested_branch_dag.py for tasks to queue
[2024-07-15T14:03:27.814+0000] {logging_mixin.py:188} INFO - [2024-07-15T14:03:27.814+0000] {dagbag.py:545} INFO - Filling up the DagBag from /home/airflow/.local/lib/python3.12/site-packages/airflow/example_dags/example_nested_branch_dag.py
[2024-07-15T14:03:27.820+0000] {processor.py:840} INFO - DAG(s) 'example_nested_branch_dag' retrieved from /home/airflow/.local/lib/python3.12/site-packages/airflow/example_dags/example_nested_branch_dag.py
[2024-07-15T14:03:27.830+0000] {logging_mixin.py:188} INFO - [2024-07-15T14:03:27.830+0000] {dag.py:3096} INFO - Sync 1 DAGs
[2024-07-15T14:03:27.842+0000] {logging_mixin.py:188} INFO - [2024-07-15T14:03:27.842+0000] {dag.py:3954} INFO - Setting next_dagrun for example_nested_branch_dag to 2024-07-14 00:00:00+00:00, run_after=2024-07-15 00:00:00+00:00
[2024-07-15T14:03:27.852+0000] {processor.py:183} INFO - Processing /home/airflow/.local/lib/python3.12/site-packages/airflow/example_dags/example_nested_branch_dag.py took 0.042 seconds
[2024-07-15T14:03:58.176+0000] {processor.py:161} INFO - Started process (PID=1446) to work on /home/airflow/.local/lib/python3.12/site-packages/airflow/example_dags/example_nested_branch_dag.py
[2024-07-15T14:03:58.177+0000] {processor.py:830} INFO - Processing file /home/airflow/.local/lib/python3.12/site-packages/airflow/example_dags/example_nested_branch_dag.py for tasks to queue
[2024-07-15T14:03:58.178+0000] {logging_mixin.py:188} INFO - [2024-07-15T14:03:58.177+0000] {dagbag.py:545} INFO - Filling up the DagBag from /home/airflow/.local/lib/python3.12/site-packages/airflow/example_dags/example_nested_branch_dag.py
[2024-07-15T14:03:58.183+0000] {processor.py:840} INFO - DAG(s) 'example_nested_branch_dag' retrieved from /home/airflow/.local/lib/python3.12/site-packages/airflow/example_dags/example_nested_branch_dag.py
[2024-07-15T14:03:58.194+0000] {logging_mixin.py:188} INFO - [2024-07-15T14:03:58.194+0000] {dag.py:3096} INFO - Sync 1 DAGs
[2024-07-15T14:03:58.203+0000] {logging_mixin.py:188} INFO - [2024-07-15T14:03:58.203+0000] {dag.py:3954} INFO - Setting next_dagrun for example_nested_branch_dag to 2024-07-14 00:00:00+00:00, run_after=2024-07-15 00:00:00+00:00
[2024-07-15T14:03:58.213+0000] {processor.py:183} INFO - Processing /home/airflow/.local/lib/python3.12/site-packages/airflow/example_dags/example_nested_branch_dag.py took 0.040 seconds
[2024-07-15T14:04:28.320+0000] {processor.py:161} INFO - Started process (PID=1510) to work on /home/airflow/.local/lib/python3.12/site-packages/airflow/example_dags/example_nested_branch_dag.py
[2024-07-15T14:04:28.320+0000] {processor.py:830} INFO - Processing file /home/airflow/.local/lib/python3.12/site-packages/airflow/example_dags/example_nested_branch_dag.py for tasks to queue
[2024-07-15T14:04:28.321+0000] {logging_mixin.py:188} INFO - [2024-07-15T14:04:28.321+0000] {dagbag.py:545} INFO - Filling up the DagBag from /home/airflow/.local/lib/python3.12/site-packages/airflow/example_dags/example_nested_branch_dag.py
[2024-07-15T14:04:28.326+0000] {processor.py:840} INFO - DAG(s) 'example_nested_branch_dag' retrieved from /home/airflow/.local/lib/python3.12/site-packages/airflow/example_dags/example_nested_branch_dag.py
[2024-07-15T14:04:28.336+0000] {logging_mixin.py:188} INFO - [2024-07-15T14:04:28.336+0000] {dag.py:3096} INFO - Sync 1 DAGs
[2024-07-15T14:04:28.346+0000] {logging_mixin.py:188} INFO - [2024-07-15T14:04:28.346+0000] {dag.py:3954} INFO - Setting next_dagrun for example_nested_branch_dag to 2024-07-14 00:00:00+00:00, run_after=2024-07-15 00:00:00+00:00
[2024-07-15T14:04:28.354+0000] {processor.py:183} INFO - Processing /home/airflow/.local/lib/python3.12/site-packages/airflow/example_dags/example_nested_branch_dag.py took 0.037 seconds
