[2024-07-15T13:40:22.345+0000] {processor.py:161} INFO - Started process (PID=62) to work on /home/airflow/.local/lib/python3.12/site-packages/airflow/example_dags/example_python_decorator.py
[2024-07-15T13:40:22.346+0000] {processor.py:830} INFO - Processing file /home/airflow/.local/lib/python3.12/site-packages/airflow/example_dags/example_python_decorator.py for tasks to queue
[2024-07-15T13:40:22.350+0000] {logging_mixin.py:188} INFO - [2024-07-15T13:40:22.350+0000] {dagbag.py:545} INFO - Filling up the DagBag from /home/airflow/.local/lib/python3.12/site-packages/airflow/example_dags/example_python_decorator.py
[2024-07-15T13:40:22.370+0000] {processor.py:840} INFO - DAG(s) 'example_python_decorator' retrieved from /home/airflow/.local/lib/python3.12/site-packages/airflow/example_dags/example_python_decorator.py
[2024-07-15T13:40:22.380+0000] {logging_mixin.py:188} INFO - [2024-07-15T13:40:22.380+0000] {dag.py:3096} INFO - Sync 1 DAGs
[2024-07-15T13:40:22.391+0000] {logging_mixin.py:188} INFO - [2024-07-15T13:40:22.391+0000] {dag.py:3954} INFO - Setting next_dagrun for example_python_decorator to None, run_after=None
[2024-07-15T13:40:22.415+0000] {processor.py:183} INFO - Processing /home/airflow/.local/lib/python3.12/site-packages/airflow/example_dags/example_python_decorator.py took 0.086 seconds
[2024-07-15T13:40:52.963+0000] {processor.py:161} INFO - Started process (PID=126) to work on /home/airflow/.local/lib/python3.12/site-packages/airflow/example_dags/example_python_decorator.py
[2024-07-15T13:40:52.963+0000] {processor.py:830} INFO - Processing file /home/airflow/.local/lib/python3.12/site-packages/airflow/example_dags/example_python_decorator.py for tasks to queue
[2024-07-15T13:40:52.964+0000] {logging_mixin.py:188} INFO - [2024-07-15T13:40:52.964+0000] {dagbag.py:545} INFO - Filling up the DagBag from /home/airflow/.local/lib/python3.12/site-packages/airflow/example_dags/example_python_decorator.py
[2024-07-15T13:40:52.971+0000] {processor.py:840} INFO - DAG(s) 'example_python_decorator' retrieved from /home/airflow/.local/lib/python3.12/site-packages/airflow/example_dags/example_python_decorator.py
[2024-07-15T13:40:53.020+0000] {logging_mixin.py:188} INFO - [2024-07-15T13:40:53.019+0000] {dag.py:3096} INFO - Sync 1 DAGs
[2024-07-15T13:40:53.025+0000] {logging_mixin.py:188} INFO - [2024-07-15T13:40:53.025+0000] {dag.py:3954} INFO - Setting next_dagrun for example_python_decorator to None, run_after=None
[2024-07-15T13:40:53.036+0000] {processor.py:183} INFO - Processing /home/airflow/.local/lib/python3.12/site-packages/airflow/example_dags/example_python_decorator.py took 0.076 seconds
[2024-07-15T13:41:23.251+0000] {processor.py:161} INFO - Started process (PID=190) to work on /home/airflow/.local/lib/python3.12/site-packages/airflow/example_dags/example_python_decorator.py
[2024-07-15T13:41:23.252+0000] {processor.py:830} INFO - Processing file /home/airflow/.local/lib/python3.12/site-packages/airflow/example_dags/example_python_decorator.py for tasks to queue
[2024-07-15T13:41:23.253+0000] {logging_mixin.py:188} INFO - [2024-07-15T13:41:23.252+0000] {dagbag.py:545} INFO - Filling up the DagBag from /home/airflow/.local/lib/python3.12/site-packages/airflow/example_dags/example_python_decorator.py
[2024-07-15T13:41:23.259+0000] {processor.py:840} INFO - DAG(s) 'example_python_decorator' retrieved from /home/airflow/.local/lib/python3.12/site-packages/airflow/example_dags/example_python_decorator.py
[2024-07-15T13:41:23.270+0000] {logging_mixin.py:188} INFO - [2024-07-15T13:41:23.270+0000] {dag.py:3096} INFO - Sync 1 DAGs
[2024-07-15T13:41:23.276+0000] {logging_mixin.py:188} INFO - [2024-07-15T13:41:23.276+0000] {dag.py:3954} INFO - Setting next_dagrun for example_python_decorator to None, run_after=None
[2024-07-15T13:41:23.285+0000] {processor.py:183} INFO - Processing /home/airflow/.local/lib/python3.12/site-packages/airflow/example_dags/example_python_decorator.py took 0.037 seconds
[2024-07-15T13:41:54.265+0000] {processor.py:161} INFO - Started process (PID=254) to work on /home/airflow/.local/lib/python3.12/site-packages/airflow/example_dags/example_python_decorator.py
[2024-07-15T13:41:54.266+0000] {processor.py:830} INFO - Processing file /home/airflow/.local/lib/python3.12/site-packages/airflow/example_dags/example_python_decorator.py for tasks to queue
[2024-07-15T13:41:54.267+0000] {logging_mixin.py:188} INFO - [2024-07-15T13:41:54.267+0000] {dagbag.py:545} INFO - Filling up the DagBag from /home/airflow/.local/lib/python3.12/site-packages/airflow/example_dags/example_python_decorator.py
[2024-07-15T13:41:54.273+0000] {processor.py:840} INFO - DAG(s) 'example_python_decorator' retrieved from /home/airflow/.local/lib/python3.12/site-packages/airflow/example_dags/example_python_decorator.py
[2024-07-15T13:41:54.285+0000] {logging_mixin.py:188} INFO - [2024-07-15T13:41:54.285+0000] {dag.py:3096} INFO - Sync 1 DAGs
[2024-07-15T13:41:54.292+0000] {logging_mixin.py:188} INFO - [2024-07-15T13:41:54.291+0000] {dag.py:3954} INFO - Setting next_dagrun for example_python_decorator to None, run_after=None
[2024-07-15T13:41:54.302+0000] {processor.py:183} INFO - Processing /home/airflow/.local/lib/python3.12/site-packages/airflow/example_dags/example_python_decorator.py took 0.040 seconds
[2024-07-15T13:42:25.513+0000] {processor.py:161} INFO - Started process (PID=318) to work on /home/airflow/.local/lib/python3.12/site-packages/airflow/example_dags/example_python_decorator.py
[2024-07-15T13:42:25.513+0000] {processor.py:830} INFO - Processing file /home/airflow/.local/lib/python3.12/site-packages/airflow/example_dags/example_python_decorator.py for tasks to queue
[2024-07-15T13:42:25.514+0000] {logging_mixin.py:188} INFO - [2024-07-15T13:42:25.514+0000] {dagbag.py:545} INFO - Filling up the DagBag from /home/airflow/.local/lib/python3.12/site-packages/airflow/example_dags/example_python_decorator.py
[2024-07-15T13:42:25.521+0000] {processor.py:840} INFO - DAG(s) 'example_python_decorator' retrieved from /home/airflow/.local/lib/python3.12/site-packages/airflow/example_dags/example_python_decorator.py
[2024-07-15T13:42:25.532+0000] {logging_mixin.py:188} INFO - [2024-07-15T13:42:25.532+0000] {dag.py:3096} INFO - Sync 1 DAGs
[2024-07-15T13:42:25.539+0000] {logging_mixin.py:188} INFO - [2024-07-15T13:42:25.539+0000] {dag.py:3954} INFO - Setting next_dagrun for example_python_decorator to None, run_after=None
[2024-07-15T13:42:25.548+0000] {processor.py:183} INFO - Processing /home/airflow/.local/lib/python3.12/site-packages/airflow/example_dags/example_python_decorator.py took 0.039 seconds
[2024-07-15T13:42:55.722+0000] {processor.py:161} INFO - Started process (PID=382) to work on /home/airflow/.local/lib/python3.12/site-packages/airflow/example_dags/example_python_decorator.py
[2024-07-15T13:42:55.723+0000] {processor.py:830} INFO - Processing file /home/airflow/.local/lib/python3.12/site-packages/airflow/example_dags/example_python_decorator.py for tasks to queue
[2024-07-15T13:42:55.724+0000] {logging_mixin.py:188} INFO - [2024-07-15T13:42:55.724+0000] {dagbag.py:545} INFO - Filling up the DagBag from /home/airflow/.local/lib/python3.12/site-packages/airflow/example_dags/example_python_decorator.py
[2024-07-15T13:42:55.731+0000] {processor.py:840} INFO - DAG(s) 'example_python_decorator' retrieved from /home/airflow/.local/lib/python3.12/site-packages/airflow/example_dags/example_python_decorator.py
[2024-07-15T13:42:55.741+0000] {logging_mixin.py:188} INFO - [2024-07-15T13:42:55.741+0000] {dag.py:3096} INFO - Sync 1 DAGs
[2024-07-15T13:42:55.747+0000] {logging_mixin.py:188} INFO - [2024-07-15T13:42:55.747+0000] {dag.py:3954} INFO - Setting next_dagrun for example_python_decorator to None, run_after=None
[2024-07-15T13:42:55.756+0000] {processor.py:183} INFO - Processing /home/airflow/.local/lib/python3.12/site-packages/airflow/example_dags/example_python_decorator.py took 0.037 seconds
[2024-07-15T13:43:26.851+0000] {processor.py:161} INFO - Started process (PID=446) to work on /home/airflow/.local/lib/python3.12/site-packages/airflow/example_dags/example_python_decorator.py
[2024-07-15T13:43:26.851+0000] {processor.py:830} INFO - Processing file /home/airflow/.local/lib/python3.12/site-packages/airflow/example_dags/example_python_decorator.py for tasks to queue
[2024-07-15T13:43:26.852+0000] {logging_mixin.py:188} INFO - [2024-07-15T13:43:26.852+0000] {dagbag.py:545} INFO - Filling up the DagBag from /home/airflow/.local/lib/python3.12/site-packages/airflow/example_dags/example_python_decorator.py
[2024-07-15T13:43:26.859+0000] {processor.py:840} INFO - DAG(s) 'example_python_decorator' retrieved from /home/airflow/.local/lib/python3.12/site-packages/airflow/example_dags/example_python_decorator.py
[2024-07-15T13:43:26.871+0000] {logging_mixin.py:188} INFO - [2024-07-15T13:43:26.871+0000] {dag.py:3096} INFO - Sync 1 DAGs
[2024-07-15T13:43:26.877+0000] {logging_mixin.py:188} INFO - [2024-07-15T13:43:26.877+0000] {dag.py:3954} INFO - Setting next_dagrun for example_python_decorator to None, run_after=None
[2024-07-15T13:43:26.887+0000] {processor.py:183} INFO - Processing /home/airflow/.local/lib/python3.12/site-packages/airflow/example_dags/example_python_decorator.py took 0.040 seconds
[2024-07-15T13:43:56.961+0000] {processor.py:161} INFO - Started process (PID=510) to work on /home/airflow/.local/lib/python3.12/site-packages/airflow/example_dags/example_python_decorator.py
[2024-07-15T13:43:56.962+0000] {processor.py:830} INFO - Processing file /home/airflow/.local/lib/python3.12/site-packages/airflow/example_dags/example_python_decorator.py for tasks to queue
[2024-07-15T13:43:56.963+0000] {logging_mixin.py:188} INFO - [2024-07-15T13:43:56.963+0000] {dagbag.py:545} INFO - Filling up the DagBag from /home/airflow/.local/lib/python3.12/site-packages/airflow/example_dags/example_python_decorator.py
[2024-07-15T13:43:56.969+0000] {processor.py:840} INFO - DAG(s) 'example_python_decorator' retrieved from /home/airflow/.local/lib/python3.12/site-packages/airflow/example_dags/example_python_decorator.py
[2024-07-15T13:43:56.980+0000] {logging_mixin.py:188} INFO - [2024-07-15T13:43:56.980+0000] {dag.py:3096} INFO - Sync 1 DAGs
[2024-07-15T13:43:56.986+0000] {logging_mixin.py:188} INFO - [2024-07-15T13:43:56.986+0000] {dag.py:3954} INFO - Setting next_dagrun for example_python_decorator to None, run_after=None
[2024-07-15T13:43:56.995+0000] {processor.py:183} INFO - Processing /home/airflow/.local/lib/python3.12/site-packages/airflow/example_dags/example_python_decorator.py took 0.038 seconds
[2024-07-15T13:44:27.321+0000] {processor.py:161} INFO - Started process (PID=574) to work on /home/airflow/.local/lib/python3.12/site-packages/airflow/example_dags/example_python_decorator.py
[2024-07-15T13:44:27.322+0000] {processor.py:830} INFO - Processing file /home/airflow/.local/lib/python3.12/site-packages/airflow/example_dags/example_python_decorator.py for tasks to queue
[2024-07-15T13:44:27.322+0000] {logging_mixin.py:188} INFO - [2024-07-15T13:44:27.322+0000] {dagbag.py:545} INFO - Filling up the DagBag from /home/airflow/.local/lib/python3.12/site-packages/airflow/example_dags/example_python_decorator.py
[2024-07-15T13:44:27.329+0000] {processor.py:840} INFO - DAG(s) 'example_python_decorator' retrieved from /home/airflow/.local/lib/python3.12/site-packages/airflow/example_dags/example_python_decorator.py
[2024-07-15T13:44:27.340+0000] {logging_mixin.py:188} INFO - [2024-07-15T13:44:27.340+0000] {dag.py:3096} INFO - Sync 1 DAGs
[2024-07-15T13:44:27.346+0000] {logging_mixin.py:188} INFO - [2024-07-15T13:44:27.346+0000] {dag.py:3954} INFO - Setting next_dagrun for example_python_decorator to None, run_after=None
[2024-07-15T13:44:27.355+0000] {processor.py:183} INFO - Processing /home/airflow/.local/lib/python3.12/site-packages/airflow/example_dags/example_python_decorator.py took 0.037 seconds
[2024-07-15T13:45:47.462+0000] {processor.py:161} INFO - Started process (PID=63) to work on /home/airflow/.local/lib/python3.12/site-packages/airflow/example_dags/example_python_decorator.py
[2024-07-15T13:45:47.464+0000] {processor.py:830} INFO - Processing file /home/airflow/.local/lib/python3.12/site-packages/airflow/example_dags/example_python_decorator.py for tasks to queue
[2024-07-15T13:45:47.472+0000] {logging_mixin.py:188} INFO - [2024-07-15T13:45:47.470+0000] {dagbag.py:545} INFO - Filling up the DagBag from /home/airflow/.local/lib/python3.12/site-packages/airflow/example_dags/example_python_decorator.py
[2024-07-15T13:45:47.488+0000] {processor.py:840} INFO - DAG(s) 'example_python_decorator' retrieved from /home/airflow/.local/lib/python3.12/site-packages/airflow/example_dags/example_python_decorator.py
[2024-07-15T13:45:47.505+0000] {logging_mixin.py:188} INFO - [2024-07-15T13:45:47.504+0000] {dag.py:3096} INFO - Sync 1 DAGs
[2024-07-15T13:45:47.522+0000] {logging_mixin.py:188} INFO - [2024-07-15T13:45:47.522+0000] {dag.py:3954} INFO - Setting next_dagrun for example_python_decorator to None, run_after=None
[2024-07-15T13:45:47.534+0000] {processor.py:183} INFO - Processing /home/airflow/.local/lib/python3.12/site-packages/airflow/example_dags/example_python_decorator.py took 0.077 seconds
[2024-07-15T13:46:17.966+0000] {processor.py:161} INFO - Started process (PID=127) to work on /home/airflow/.local/lib/python3.12/site-packages/airflow/example_dags/example_python_decorator.py
[2024-07-15T13:46:17.967+0000] {processor.py:830} INFO - Processing file /home/airflow/.local/lib/python3.12/site-packages/airflow/example_dags/example_python_decorator.py for tasks to queue
[2024-07-15T13:46:17.969+0000] {logging_mixin.py:188} INFO - [2024-07-15T13:46:17.968+0000] {dagbag.py:545} INFO - Filling up the DagBag from /home/airflow/.local/lib/python3.12/site-packages/airflow/example_dags/example_python_decorator.py
[2024-07-15T13:46:17.977+0000] {processor.py:840} INFO - DAG(s) 'example_python_decorator' retrieved from /home/airflow/.local/lib/python3.12/site-packages/airflow/example_dags/example_python_decorator.py
[2024-07-15T13:46:18.053+0000] {logging_mixin.py:188} INFO - [2024-07-15T13:46:18.052+0000] {dag.py:3096} INFO - Sync 1 DAGs
[2024-07-15T13:46:18.058+0000] {logging_mixin.py:188} INFO - [2024-07-15T13:46:18.058+0000] {dag.py:3954} INFO - Setting next_dagrun for example_python_decorator to None, run_after=None
[2024-07-15T13:46:18.067+0000] {processor.py:183} INFO - Processing /home/airflow/.local/lib/python3.12/site-packages/airflow/example_dags/example_python_decorator.py took 0.105 seconds
[2024-07-15T13:46:48.254+0000] {processor.py:161} INFO - Started process (PID=190) to work on /home/airflow/.local/lib/python3.12/site-packages/airflow/example_dags/example_python_decorator.py
[2024-07-15T13:46:48.255+0000] {processor.py:830} INFO - Processing file /home/airflow/.local/lib/python3.12/site-packages/airflow/example_dags/example_python_decorator.py for tasks to queue
[2024-07-15T13:46:48.256+0000] {logging_mixin.py:188} INFO - [2024-07-15T13:46:48.256+0000] {dagbag.py:545} INFO - Filling up the DagBag from /home/airflow/.local/lib/python3.12/site-packages/airflow/example_dags/example_python_decorator.py
[2024-07-15T13:46:48.262+0000] {processor.py:840} INFO - DAG(s) 'example_python_decorator' retrieved from /home/airflow/.local/lib/python3.12/site-packages/airflow/example_dags/example_python_decorator.py
[2024-07-15T13:46:48.274+0000] {logging_mixin.py:188} INFO - [2024-07-15T13:46:48.273+0000] {dag.py:3096} INFO - Sync 1 DAGs
[2024-07-15T13:46:48.280+0000] {logging_mixin.py:188} INFO - [2024-07-15T13:46:48.279+0000] {dag.py:3954} INFO - Setting next_dagrun for example_python_decorator to None, run_after=None
[2024-07-15T13:46:48.290+0000] {processor.py:183} INFO - Processing /home/airflow/.local/lib/python3.12/site-packages/airflow/example_dags/example_python_decorator.py took 0.039 seconds
[2024-07-15T13:47:18.555+0000] {processor.py:161} INFO - Started process (PID=254) to work on /home/airflow/.local/lib/python3.12/site-packages/airflow/example_dags/example_python_decorator.py
[2024-07-15T13:47:18.555+0000] {processor.py:830} INFO - Processing file /home/airflow/.local/lib/python3.12/site-packages/airflow/example_dags/example_python_decorator.py for tasks to queue
[2024-07-15T13:47:18.556+0000] {logging_mixin.py:188} INFO - [2024-07-15T13:47:18.556+0000] {dagbag.py:545} INFO - Filling up the DagBag from /home/airflow/.local/lib/python3.12/site-packages/airflow/example_dags/example_python_decorator.py
[2024-07-15T13:47:18.563+0000] {processor.py:840} INFO - DAG(s) 'example_python_decorator' retrieved from /home/airflow/.local/lib/python3.12/site-packages/airflow/example_dags/example_python_decorator.py
[2024-07-15T13:47:18.574+0000] {logging_mixin.py:188} INFO - [2024-07-15T13:47:18.574+0000] {dag.py:3096} INFO - Sync 1 DAGs
[2024-07-15T13:47:18.581+0000] {logging_mixin.py:188} INFO - [2024-07-15T13:47:18.581+0000] {dag.py:3954} INFO - Setting next_dagrun for example_python_decorator to None, run_after=None
[2024-07-15T13:47:18.590+0000] {processor.py:183} INFO - Processing /home/airflow/.local/lib/python3.12/site-packages/airflow/example_dags/example_python_decorator.py took 0.038 seconds
[2024-07-15T13:47:48.969+0000] {processor.py:161} INFO - Started process (PID=318) to work on /home/airflow/.local/lib/python3.12/site-packages/airflow/example_dags/example_python_decorator.py
[2024-07-15T13:47:48.969+0000] {processor.py:830} INFO - Processing file /home/airflow/.local/lib/python3.12/site-packages/airflow/example_dags/example_python_decorator.py for tasks to queue
[2024-07-15T13:47:48.970+0000] {logging_mixin.py:188} INFO - [2024-07-15T13:47:48.970+0000] {dagbag.py:545} INFO - Filling up the DagBag from /home/airflow/.local/lib/python3.12/site-packages/airflow/example_dags/example_python_decorator.py
[2024-07-15T13:47:48.977+0000] {processor.py:840} INFO - DAG(s) 'example_python_decorator' retrieved from /home/airflow/.local/lib/python3.12/site-packages/airflow/example_dags/example_python_decorator.py
[2024-07-15T13:47:48.988+0000] {logging_mixin.py:188} INFO - [2024-07-15T13:47:48.988+0000] {dag.py:3096} INFO - Sync 1 DAGs
[2024-07-15T13:47:48.994+0000] {logging_mixin.py:188} INFO - [2024-07-15T13:47:48.994+0000] {dag.py:3954} INFO - Setting next_dagrun for example_python_decorator to None, run_after=None
[2024-07-15T13:47:49.002+0000] {processor.py:183} INFO - Processing /home/airflow/.local/lib/python3.12/site-packages/airflow/example_dags/example_python_decorator.py took 0.036 seconds
[2024-07-15T13:48:19.270+0000] {processor.py:161} INFO - Started process (PID=381) to work on /home/airflow/.local/lib/python3.12/site-packages/airflow/example_dags/example_python_decorator.py
[2024-07-15T13:48:19.270+0000] {processor.py:830} INFO - Processing file /home/airflow/.local/lib/python3.12/site-packages/airflow/example_dags/example_python_decorator.py for tasks to queue
[2024-07-15T13:48:19.271+0000] {logging_mixin.py:188} INFO - [2024-07-15T13:48:19.271+0000] {dagbag.py:545} INFO - Filling up the DagBag from /home/airflow/.local/lib/python3.12/site-packages/airflow/example_dags/example_python_decorator.py
[2024-07-15T13:48:19.278+0000] {processor.py:840} INFO - DAG(s) 'example_python_decorator' retrieved from /home/airflow/.local/lib/python3.12/site-packages/airflow/example_dags/example_python_decorator.py
[2024-07-15T13:48:19.289+0000] {logging_mixin.py:188} INFO - [2024-07-15T13:48:19.289+0000] {dag.py:3096} INFO - Sync 1 DAGs
[2024-07-15T13:48:19.295+0000] {logging_mixin.py:188} INFO - [2024-07-15T13:48:19.295+0000] {dag.py:3954} INFO - Setting next_dagrun for example_python_decorator to None, run_after=None
[2024-07-15T13:48:19.303+0000] {processor.py:183} INFO - Processing /home/airflow/.local/lib/python3.12/site-packages/airflow/example_dags/example_python_decorator.py took 0.036 seconds
[2024-07-15T13:48:49.568+0000] {processor.py:161} INFO - Started process (PID=445) to work on /home/airflow/.local/lib/python3.12/site-packages/airflow/example_dags/example_python_decorator.py
[2024-07-15T13:48:49.568+0000] {processor.py:830} INFO - Processing file /home/airflow/.local/lib/python3.12/site-packages/airflow/example_dags/example_python_decorator.py for tasks to queue
[2024-07-15T13:48:49.570+0000] {logging_mixin.py:188} INFO - [2024-07-15T13:48:49.569+0000] {dagbag.py:545} INFO - Filling up the DagBag from /home/airflow/.local/lib/python3.12/site-packages/airflow/example_dags/example_python_decorator.py
[2024-07-15T13:48:49.577+0000] {processor.py:840} INFO - DAG(s) 'example_python_decorator' retrieved from /home/airflow/.local/lib/python3.12/site-packages/airflow/example_dags/example_python_decorator.py
[2024-07-15T13:48:49.589+0000] {logging_mixin.py:188} INFO - [2024-07-15T13:48:49.589+0000] {dag.py:3096} INFO - Sync 1 DAGs
[2024-07-15T13:48:49.596+0000] {logging_mixin.py:188} INFO - [2024-07-15T13:48:49.595+0000] {dag.py:3954} INFO - Setting next_dagrun for example_python_decorator to None, run_after=None
[2024-07-15T13:48:49.605+0000] {processor.py:183} INFO - Processing /home/airflow/.local/lib/python3.12/site-packages/airflow/example_dags/example_python_decorator.py took 0.041 seconds
[2024-07-15T13:49:47.823+0000] {processor.py:161} INFO - Started process (PID=63) to work on /home/airflow/.local/lib/python3.12/site-packages/airflow/example_dags/example_python_decorator.py
[2024-07-15T13:49:47.824+0000] {processor.py:830} INFO - Processing file /home/airflow/.local/lib/python3.12/site-packages/airflow/example_dags/example_python_decorator.py for tasks to queue
[2024-07-15T13:49:47.826+0000] {logging_mixin.py:188} INFO - [2024-07-15T13:49:47.825+0000] {dagbag.py:545} INFO - Filling up the DagBag from /home/airflow/.local/lib/python3.12/site-packages/airflow/example_dags/example_python_decorator.py
[2024-07-15T13:49:47.840+0000] {processor.py:840} INFO - DAG(s) 'example_python_decorator' retrieved from /home/airflow/.local/lib/python3.12/site-packages/airflow/example_dags/example_python_decorator.py
[2024-07-15T13:49:47.857+0000] {logging_mixin.py:188} INFO - [2024-07-15T13:49:47.856+0000] {dag.py:3096} INFO - Sync 1 DAGs
[2024-07-15T13:49:47.867+0000] {logging_mixin.py:188} INFO - [2024-07-15T13:49:47.867+0000] {dag.py:3954} INFO - Setting next_dagrun for example_python_decorator to None, run_after=None
[2024-07-15T13:49:47.891+0000] {processor.py:183} INFO - Processing /home/airflow/.local/lib/python3.12/site-packages/airflow/example_dags/example_python_decorator.py took 0.083 seconds
[2024-07-15T13:50:18.326+0000] {processor.py:161} INFO - Started process (PID=127) to work on /home/airflow/.local/lib/python3.12/site-packages/airflow/example_dags/example_python_decorator.py
[2024-07-15T13:50:18.327+0000] {processor.py:830} INFO - Processing file /home/airflow/.local/lib/python3.12/site-packages/airflow/example_dags/example_python_decorator.py for tasks to queue
[2024-07-15T13:50:18.328+0000] {logging_mixin.py:188} INFO - [2024-07-15T13:50:18.328+0000] {dagbag.py:545} INFO - Filling up the DagBag from /home/airflow/.local/lib/python3.12/site-packages/airflow/example_dags/example_python_decorator.py
[2024-07-15T13:50:18.334+0000] {processor.py:840} INFO - DAG(s) 'example_python_decorator' retrieved from /home/airflow/.local/lib/python3.12/site-packages/airflow/example_dags/example_python_decorator.py
[2024-07-15T13:50:18.376+0000] {logging_mixin.py:188} INFO - [2024-07-15T13:50:18.376+0000] {dag.py:3096} INFO - Sync 1 DAGs
[2024-07-15T13:50:18.381+0000] {logging_mixin.py:188} INFO - [2024-07-15T13:50:18.381+0000] {dag.py:3954} INFO - Setting next_dagrun for example_python_decorator to None, run_after=None
[2024-07-15T13:50:18.390+0000] {processor.py:183} INFO - Processing /home/airflow/.local/lib/python3.12/site-packages/airflow/example_dags/example_python_decorator.py took 0.066 seconds
[2024-07-15T13:50:49.003+0000] {processor.py:161} INFO - Started process (PID=192) to work on /home/airflow/.local/lib/python3.12/site-packages/airflow/example_dags/example_python_decorator.py
[2024-07-15T13:50:49.003+0000] {processor.py:830} INFO - Processing file /home/airflow/.local/lib/python3.12/site-packages/airflow/example_dags/example_python_decorator.py for tasks to queue
[2024-07-15T13:50:49.004+0000] {logging_mixin.py:188} INFO - [2024-07-15T13:50:49.004+0000] {dagbag.py:545} INFO - Filling up the DagBag from /home/airflow/.local/lib/python3.12/site-packages/airflow/example_dags/example_python_decorator.py
[2024-07-15T13:50:49.011+0000] {processor.py:840} INFO - DAG(s) 'example_python_decorator' retrieved from /home/airflow/.local/lib/python3.12/site-packages/airflow/example_dags/example_python_decorator.py
[2024-07-15T13:50:49.023+0000] {logging_mixin.py:188} INFO - [2024-07-15T13:50:49.023+0000] {dag.py:3096} INFO - Sync 1 DAGs
[2024-07-15T13:50:49.029+0000] {logging_mixin.py:188} INFO - [2024-07-15T13:50:49.029+0000] {dag.py:3954} INFO - Setting next_dagrun for example_python_decorator to None, run_after=None
[2024-07-15T13:50:49.038+0000] {processor.py:183} INFO - Processing /home/airflow/.local/lib/python3.12/site-packages/airflow/example_dags/example_python_decorator.py took 0.038 seconds
[2024-07-15T13:51:19.216+0000] {processor.py:161} INFO - Started process (PID=255) to work on /home/airflow/.local/lib/python3.12/site-packages/airflow/example_dags/example_python_decorator.py
[2024-07-15T13:51:19.216+0000] {processor.py:830} INFO - Processing file /home/airflow/.local/lib/python3.12/site-packages/airflow/example_dags/example_python_decorator.py for tasks to queue
[2024-07-15T13:51:19.217+0000] {logging_mixin.py:188} INFO - [2024-07-15T13:51:19.217+0000] {dagbag.py:545} INFO - Filling up the DagBag from /home/airflow/.local/lib/python3.12/site-packages/airflow/example_dags/example_python_decorator.py
[2024-07-15T13:51:19.224+0000] {processor.py:840} INFO - DAG(s) 'example_python_decorator' retrieved from /home/airflow/.local/lib/python3.12/site-packages/airflow/example_dags/example_python_decorator.py
[2024-07-15T13:51:19.235+0000] {logging_mixin.py:188} INFO - [2024-07-15T13:51:19.234+0000] {dag.py:3096} INFO - Sync 1 DAGs
[2024-07-15T13:51:19.240+0000] {logging_mixin.py:188} INFO - [2024-07-15T13:51:19.240+0000] {dag.py:3954} INFO - Setting next_dagrun for example_python_decorator to None, run_after=None
[2024-07-15T13:51:19.249+0000] {processor.py:183} INFO - Processing /home/airflow/.local/lib/python3.12/site-packages/airflow/example_dags/example_python_decorator.py took 0.036 seconds
[2024-07-15T13:51:49.448+0000] {processor.py:161} INFO - Started process (PID=319) to work on /home/airflow/.local/lib/python3.12/site-packages/airflow/example_dags/example_python_decorator.py
[2024-07-15T13:51:49.448+0000] {processor.py:830} INFO - Processing file /home/airflow/.local/lib/python3.12/site-packages/airflow/example_dags/example_python_decorator.py for tasks to queue
[2024-07-15T13:51:49.449+0000] {logging_mixin.py:188} INFO - [2024-07-15T13:51:49.449+0000] {dagbag.py:545} INFO - Filling up the DagBag from /home/airflow/.local/lib/python3.12/site-packages/airflow/example_dags/example_python_decorator.py
[2024-07-15T13:51:49.456+0000] {processor.py:840} INFO - DAG(s) 'example_python_decorator' retrieved from /home/airflow/.local/lib/python3.12/site-packages/airflow/example_dags/example_python_decorator.py
[2024-07-15T13:51:49.466+0000] {logging_mixin.py:188} INFO - [2024-07-15T13:51:49.466+0000] {dag.py:3096} INFO - Sync 1 DAGs
[2024-07-15T13:51:49.472+0000] {logging_mixin.py:188} INFO - [2024-07-15T13:51:49.472+0000] {dag.py:3954} INFO - Setting next_dagrun for example_python_decorator to None, run_after=None
[2024-07-15T13:51:49.480+0000] {processor.py:183} INFO - Processing /home/airflow/.local/lib/python3.12/site-packages/airflow/example_dags/example_python_decorator.py took 0.035 seconds
[2024-07-15T13:52:53.536+0000] {processor.py:161} INFO - Started process (PID=62) to work on /home/airflow/.local/lib/python3.12/site-packages/airflow/example_dags/example_python_decorator.py
[2024-07-15T13:52:53.537+0000] {processor.py:830} INFO - Processing file /home/airflow/.local/lib/python3.12/site-packages/airflow/example_dags/example_python_decorator.py for tasks to queue
[2024-07-15T13:52:53.539+0000] {logging_mixin.py:188} INFO - [2024-07-15T13:52:53.539+0000] {dagbag.py:545} INFO - Filling up the DagBag from /home/airflow/.local/lib/python3.12/site-packages/airflow/example_dags/example_python_decorator.py
[2024-07-15T13:52:53.556+0000] {processor.py:840} INFO - DAG(s) 'example_python_decorator' retrieved from /home/airflow/.local/lib/python3.12/site-packages/airflow/example_dags/example_python_decorator.py
[2024-07-15T13:52:53.570+0000] {logging_mixin.py:188} INFO - [2024-07-15T13:52:53.569+0000] {dag.py:3096} INFO - Sync 1 DAGs
[2024-07-15T13:52:53.601+0000] {logging_mixin.py:188} INFO - [2024-07-15T13:52:53.601+0000] {dag.py:3954} INFO - Setting next_dagrun for example_python_decorator to None, run_after=None
[2024-07-15T13:52:53.616+0000] {processor.py:183} INFO - Processing /home/airflow/.local/lib/python3.12/site-packages/airflow/example_dags/example_python_decorator.py took 0.085 seconds
[2024-07-15T13:53:24.147+0000] {processor.py:161} INFO - Started process (PID=126) to work on /home/airflow/.local/lib/python3.12/site-packages/airflow/example_dags/example_python_decorator.py
[2024-07-15T13:53:24.148+0000] {processor.py:830} INFO - Processing file /home/airflow/.local/lib/python3.12/site-packages/airflow/example_dags/example_python_decorator.py for tasks to queue
[2024-07-15T13:53:24.149+0000] {logging_mixin.py:188} INFO - [2024-07-15T13:53:24.149+0000] {dagbag.py:545} INFO - Filling up the DagBag from /home/airflow/.local/lib/python3.12/site-packages/airflow/example_dags/example_python_decorator.py
[2024-07-15T13:53:24.156+0000] {processor.py:840} INFO - DAG(s) 'example_python_decorator' retrieved from /home/airflow/.local/lib/python3.12/site-packages/airflow/example_dags/example_python_decorator.py
[2024-07-15T13:53:24.203+0000] {logging_mixin.py:188} INFO - [2024-07-15T13:53:24.203+0000] {dag.py:3096} INFO - Sync 1 DAGs
[2024-07-15T13:53:24.208+0000] {logging_mixin.py:188} INFO - [2024-07-15T13:53:24.208+0000] {dag.py:3954} INFO - Setting next_dagrun for example_python_decorator to None, run_after=None
[2024-07-15T13:53:24.218+0000] {processor.py:183} INFO - Processing /home/airflow/.local/lib/python3.12/site-packages/airflow/example_dags/example_python_decorator.py took 0.074 seconds
[2024-07-15T13:53:54.323+0000] {processor.py:161} INFO - Started process (PID=190) to work on /home/airflow/.local/lib/python3.12/site-packages/airflow/example_dags/example_python_decorator.py
[2024-07-15T13:53:54.323+0000] {processor.py:830} INFO - Processing file /home/airflow/.local/lib/python3.12/site-packages/airflow/example_dags/example_python_decorator.py for tasks to queue
[2024-07-15T13:53:54.324+0000] {logging_mixin.py:188} INFO - [2024-07-15T13:53:54.324+0000] {dagbag.py:545} INFO - Filling up the DagBag from /home/airflow/.local/lib/python3.12/site-packages/airflow/example_dags/example_python_decorator.py
[2024-07-15T13:53:54.331+0000] {processor.py:840} INFO - DAG(s) 'example_python_decorator' retrieved from /home/airflow/.local/lib/python3.12/site-packages/airflow/example_dags/example_python_decorator.py
[2024-07-15T13:53:54.343+0000] {logging_mixin.py:188} INFO - [2024-07-15T13:53:54.342+0000] {dag.py:3096} INFO - Sync 1 DAGs
[2024-07-15T13:53:54.349+0000] {logging_mixin.py:188} INFO - [2024-07-15T13:53:54.349+0000] {dag.py:3954} INFO - Setting next_dagrun for example_python_decorator to None, run_after=None
[2024-07-15T13:53:54.357+0000] {processor.py:183} INFO - Processing /home/airflow/.local/lib/python3.12/site-packages/airflow/example_dags/example_python_decorator.py took 0.038 seconds
[2024-07-15T13:54:24.601+0000] {processor.py:161} INFO - Started process (PID=254) to work on /home/airflow/.local/lib/python3.12/site-packages/airflow/example_dags/example_python_decorator.py
[2024-07-15T13:54:24.601+0000] {processor.py:830} INFO - Processing file /home/airflow/.local/lib/python3.12/site-packages/airflow/example_dags/example_python_decorator.py for tasks to queue
[2024-07-15T13:54:24.602+0000] {logging_mixin.py:188} INFO - [2024-07-15T13:54:24.602+0000] {dagbag.py:545} INFO - Filling up the DagBag from /home/airflow/.local/lib/python3.12/site-packages/airflow/example_dags/example_python_decorator.py
[2024-07-15T13:54:24.609+0000] {processor.py:840} INFO - DAG(s) 'example_python_decorator' retrieved from /home/airflow/.local/lib/python3.12/site-packages/airflow/example_dags/example_python_decorator.py
[2024-07-15T13:54:24.621+0000] {logging_mixin.py:188} INFO - [2024-07-15T13:54:24.621+0000] {dag.py:3096} INFO - Sync 1 DAGs
[2024-07-15T13:54:24.627+0000] {logging_mixin.py:188} INFO - [2024-07-15T13:54:24.627+0000] {dag.py:3954} INFO - Setting next_dagrun for example_python_decorator to None, run_after=None
[2024-07-15T13:54:24.636+0000] {processor.py:183} INFO - Processing /home/airflow/.local/lib/python3.12/site-packages/airflow/example_dags/example_python_decorator.py took 0.039 seconds
[2024-07-15T13:54:54.855+0000] {processor.py:161} INFO - Started process (PID=318) to work on /home/airflow/.local/lib/python3.12/site-packages/airflow/example_dags/example_python_decorator.py
[2024-07-15T13:54:54.855+0000] {processor.py:830} INFO - Processing file /home/airflow/.local/lib/python3.12/site-packages/airflow/example_dags/example_python_decorator.py for tasks to queue
[2024-07-15T13:54:54.856+0000] {logging_mixin.py:188} INFO - [2024-07-15T13:54:54.856+0000] {dagbag.py:545} INFO - Filling up the DagBag from /home/airflow/.local/lib/python3.12/site-packages/airflow/example_dags/example_python_decorator.py
[2024-07-15T13:54:54.863+0000] {processor.py:840} INFO - DAG(s) 'example_python_decorator' retrieved from /home/airflow/.local/lib/python3.12/site-packages/airflow/example_dags/example_python_decorator.py
[2024-07-15T13:54:54.875+0000] {logging_mixin.py:188} INFO - [2024-07-15T13:54:54.875+0000] {dag.py:3096} INFO - Sync 1 DAGs
[2024-07-15T13:54:54.882+0000] {logging_mixin.py:188} INFO - [2024-07-15T13:54:54.882+0000] {dag.py:3954} INFO - Setting next_dagrun for example_python_decorator to None, run_after=None
[2024-07-15T13:54:54.890+0000] {processor.py:183} INFO - Processing /home/airflow/.local/lib/python3.12/site-packages/airflow/example_dags/example_python_decorator.py took 0.039 seconds
[2024-07-15T13:55:25.046+0000] {processor.py:161} INFO - Started process (PID=382) to work on /home/airflow/.local/lib/python3.12/site-packages/airflow/example_dags/example_python_decorator.py
[2024-07-15T13:55:25.046+0000] {processor.py:830} INFO - Processing file /home/airflow/.local/lib/python3.12/site-packages/airflow/example_dags/example_python_decorator.py for tasks to queue
[2024-07-15T13:55:25.048+0000] {logging_mixin.py:188} INFO - [2024-07-15T13:55:25.047+0000] {dagbag.py:545} INFO - Filling up the DagBag from /home/airflow/.local/lib/python3.12/site-packages/airflow/example_dags/example_python_decorator.py
[2024-07-15T13:55:25.054+0000] {processor.py:840} INFO - DAG(s) 'example_python_decorator' retrieved from /home/airflow/.local/lib/python3.12/site-packages/airflow/example_dags/example_python_decorator.py
[2024-07-15T13:55:25.066+0000] {logging_mixin.py:188} INFO - [2024-07-15T13:55:25.066+0000] {dag.py:3096} INFO - Sync 1 DAGs
[2024-07-15T13:55:25.073+0000] {logging_mixin.py:188} INFO - [2024-07-15T13:55:25.072+0000] {dag.py:3954} INFO - Setting next_dagrun for example_python_decorator to None, run_after=None
[2024-07-15T13:55:25.082+0000] {processor.py:183} INFO - Processing /home/airflow/.local/lib/python3.12/site-packages/airflow/example_dags/example_python_decorator.py took 0.040 seconds
[2024-07-15T13:55:56.188+0000] {processor.py:161} INFO - Started process (PID=447) to work on /home/airflow/.local/lib/python3.12/site-packages/airflow/example_dags/example_python_decorator.py
[2024-07-15T13:55:56.189+0000] {processor.py:830} INFO - Processing file /home/airflow/.local/lib/python3.12/site-packages/airflow/example_dags/example_python_decorator.py for tasks to queue
[2024-07-15T13:55:56.190+0000] {logging_mixin.py:188} INFO - [2024-07-15T13:55:56.190+0000] {dagbag.py:545} INFO - Filling up the DagBag from /home/airflow/.local/lib/python3.12/site-packages/airflow/example_dags/example_python_decorator.py
[2024-07-15T13:55:56.197+0000] {processor.py:840} INFO - DAG(s) 'example_python_decorator' retrieved from /home/airflow/.local/lib/python3.12/site-packages/airflow/example_dags/example_python_decorator.py
[2024-07-15T13:55:56.209+0000] {logging_mixin.py:188} INFO - [2024-07-15T13:55:56.208+0000] {dag.py:3096} INFO - Sync 1 DAGs
[2024-07-15T13:55:56.216+0000] {logging_mixin.py:188} INFO - [2024-07-15T13:55:56.215+0000] {dag.py:3954} INFO - Setting next_dagrun for example_python_decorator to None, run_after=None
[2024-07-15T13:55:56.227+0000] {processor.py:183} INFO - Processing /home/airflow/.local/lib/python3.12/site-packages/airflow/example_dags/example_python_decorator.py took 0.042 seconds
[2024-07-15T13:56:26.365+0000] {processor.py:161} INFO - Started process (PID=511) to work on /home/airflow/.local/lib/python3.12/site-packages/airflow/example_dags/example_python_decorator.py
[2024-07-15T13:56:26.365+0000] {processor.py:830} INFO - Processing file /home/airflow/.local/lib/python3.12/site-packages/airflow/example_dags/example_python_decorator.py for tasks to queue
[2024-07-15T13:56:26.366+0000] {logging_mixin.py:188} INFO - [2024-07-15T13:56:26.366+0000] {dagbag.py:545} INFO - Filling up the DagBag from /home/airflow/.local/lib/python3.12/site-packages/airflow/example_dags/example_python_decorator.py
[2024-07-15T13:56:26.372+0000] {processor.py:840} INFO - DAG(s) 'example_python_decorator' retrieved from /home/airflow/.local/lib/python3.12/site-packages/airflow/example_dags/example_python_decorator.py
[2024-07-15T13:56:26.384+0000] {logging_mixin.py:188} INFO - [2024-07-15T13:56:26.384+0000] {dag.py:3096} INFO - Sync 1 DAGs
[2024-07-15T13:56:26.389+0000] {logging_mixin.py:188} INFO - [2024-07-15T13:56:26.389+0000] {dag.py:3954} INFO - Setting next_dagrun for example_python_decorator to None, run_after=None
[2024-07-15T13:56:26.398+0000] {processor.py:183} INFO - Processing /home/airflow/.local/lib/python3.12/site-packages/airflow/example_dags/example_python_decorator.py took 0.036 seconds
[2024-07-15T13:56:56.608+0000] {processor.py:161} INFO - Started process (PID=575) to work on /home/airflow/.local/lib/python3.12/site-packages/airflow/example_dags/example_python_decorator.py
[2024-07-15T13:56:56.609+0000] {processor.py:830} INFO - Processing file /home/airflow/.local/lib/python3.12/site-packages/airflow/example_dags/example_python_decorator.py for tasks to queue
[2024-07-15T13:56:56.610+0000] {logging_mixin.py:188} INFO - [2024-07-15T13:56:56.610+0000] {dagbag.py:545} INFO - Filling up the DagBag from /home/airflow/.local/lib/python3.12/site-packages/airflow/example_dags/example_python_decorator.py
[2024-07-15T13:56:56.616+0000] {processor.py:840} INFO - DAG(s) 'example_python_decorator' retrieved from /home/airflow/.local/lib/python3.12/site-packages/airflow/example_dags/example_python_decorator.py
[2024-07-15T13:56:56.627+0000] {logging_mixin.py:188} INFO - [2024-07-15T13:56:56.627+0000] {dag.py:3096} INFO - Sync 1 DAGs
[2024-07-15T13:56:56.633+0000] {logging_mixin.py:188} INFO - [2024-07-15T13:56:56.633+0000] {dag.py:3954} INFO - Setting next_dagrun for example_python_decorator to None, run_after=None
[2024-07-15T13:56:56.642+0000] {processor.py:183} INFO - Processing /home/airflow/.local/lib/python3.12/site-packages/airflow/example_dags/example_python_decorator.py took 0.036 seconds
[2024-07-15T13:57:26.814+0000] {processor.py:161} INFO - Started process (PID=639) to work on /home/airflow/.local/lib/python3.12/site-packages/airflow/example_dags/example_python_decorator.py
[2024-07-15T13:57:26.815+0000] {processor.py:830} INFO - Processing file /home/airflow/.local/lib/python3.12/site-packages/airflow/example_dags/example_python_decorator.py for tasks to queue
[2024-07-15T13:57:26.816+0000] {logging_mixin.py:188} INFO - [2024-07-15T13:57:26.816+0000] {dagbag.py:545} INFO - Filling up the DagBag from /home/airflow/.local/lib/python3.12/site-packages/airflow/example_dags/example_python_decorator.py
[2024-07-15T13:57:26.822+0000] {processor.py:840} INFO - DAG(s) 'example_python_decorator' retrieved from /home/airflow/.local/lib/python3.12/site-packages/airflow/example_dags/example_python_decorator.py
[2024-07-15T13:57:26.833+0000] {logging_mixin.py:188} INFO - [2024-07-15T13:57:26.833+0000] {dag.py:3096} INFO - Sync 1 DAGs
[2024-07-15T13:57:26.839+0000] {logging_mixin.py:188} INFO - [2024-07-15T13:57:26.839+0000] {dag.py:3954} INFO - Setting next_dagrun for example_python_decorator to None, run_after=None
[2024-07-15T13:57:26.848+0000] {processor.py:183} INFO - Processing /home/airflow/.local/lib/python3.12/site-packages/airflow/example_dags/example_python_decorator.py took 0.037 seconds
[2024-07-15T13:57:57.882+0000] {processor.py:161} INFO - Started process (PID=703) to work on /home/airflow/.local/lib/python3.12/site-packages/airflow/example_dags/example_python_decorator.py
[2024-07-15T13:57:57.883+0000] {processor.py:830} INFO - Processing file /home/airflow/.local/lib/python3.12/site-packages/airflow/example_dags/example_python_decorator.py for tasks to queue
[2024-07-15T13:57:57.884+0000] {logging_mixin.py:188} INFO - [2024-07-15T13:57:57.884+0000] {dagbag.py:545} INFO - Filling up the DagBag from /home/airflow/.local/lib/python3.12/site-packages/airflow/example_dags/example_python_decorator.py
[2024-07-15T13:57:57.892+0000] {processor.py:840} INFO - DAG(s) 'example_python_decorator' retrieved from /home/airflow/.local/lib/python3.12/site-packages/airflow/example_dags/example_python_decorator.py
[2024-07-15T13:57:57.903+0000] {logging_mixin.py:188} INFO - [2024-07-15T13:57:57.903+0000] {dag.py:3096} INFO - Sync 1 DAGs
[2024-07-15T13:57:57.910+0000] {logging_mixin.py:188} INFO - [2024-07-15T13:57:57.909+0000] {dag.py:3954} INFO - Setting next_dagrun for example_python_decorator to None, run_after=None
[2024-07-15T13:57:57.920+0000] {processor.py:183} INFO - Processing /home/airflow/.local/lib/python3.12/site-packages/airflow/example_dags/example_python_decorator.py took 0.044 seconds
[2024-07-15T13:58:28.070+0000] {processor.py:161} INFO - Started process (PID=767) to work on /home/airflow/.local/lib/python3.12/site-packages/airflow/example_dags/example_python_decorator.py
[2024-07-15T13:58:28.071+0000] {processor.py:830} INFO - Processing file /home/airflow/.local/lib/python3.12/site-packages/airflow/example_dags/example_python_decorator.py for tasks to queue
[2024-07-15T13:58:28.072+0000] {logging_mixin.py:188} INFO - [2024-07-15T13:58:28.072+0000] {dagbag.py:545} INFO - Filling up the DagBag from /home/airflow/.local/lib/python3.12/site-packages/airflow/example_dags/example_python_decorator.py
[2024-07-15T13:58:28.079+0000] {processor.py:840} INFO - DAG(s) 'example_python_decorator' retrieved from /home/airflow/.local/lib/python3.12/site-packages/airflow/example_dags/example_python_decorator.py
[2024-07-15T13:58:28.092+0000] {logging_mixin.py:188} INFO - [2024-07-15T13:58:28.092+0000] {dag.py:3096} INFO - Sync 1 DAGs
[2024-07-15T13:58:28.098+0000] {logging_mixin.py:188} INFO - [2024-07-15T13:58:28.098+0000] {dag.py:3954} INFO - Setting next_dagrun for example_python_decorator to None, run_after=None
[2024-07-15T13:58:28.107+0000] {processor.py:183} INFO - Processing /home/airflow/.local/lib/python3.12/site-packages/airflow/example_dags/example_python_decorator.py took 0.041 seconds
[2024-07-15T13:58:58.293+0000] {processor.py:161} INFO - Started process (PID=831) to work on /home/airflow/.local/lib/python3.12/site-packages/airflow/example_dags/example_python_decorator.py
[2024-07-15T13:58:58.294+0000] {processor.py:830} INFO - Processing file /home/airflow/.local/lib/python3.12/site-packages/airflow/example_dags/example_python_decorator.py for tasks to queue
[2024-07-15T13:58:58.295+0000] {logging_mixin.py:188} INFO - [2024-07-15T13:58:58.295+0000] {dagbag.py:545} INFO - Filling up the DagBag from /home/airflow/.local/lib/python3.12/site-packages/airflow/example_dags/example_python_decorator.py
[2024-07-15T13:58:58.301+0000] {processor.py:840} INFO - DAG(s) 'example_python_decorator' retrieved from /home/airflow/.local/lib/python3.12/site-packages/airflow/example_dags/example_python_decorator.py
[2024-07-15T13:58:58.313+0000] {logging_mixin.py:188} INFO - [2024-07-15T13:58:58.313+0000] {dag.py:3096} INFO - Sync 1 DAGs
[2024-07-15T13:58:58.319+0000] {logging_mixin.py:188} INFO - [2024-07-15T13:58:58.318+0000] {dag.py:3954} INFO - Setting next_dagrun for example_python_decorator to None, run_after=None
[2024-07-15T13:58:58.327+0000] {processor.py:183} INFO - Processing /home/airflow/.local/lib/python3.12/site-packages/airflow/example_dags/example_python_decorator.py took 0.037 seconds
[2024-07-15T13:59:28.417+0000] {processor.py:161} INFO - Started process (PID=895) to work on /home/airflow/.local/lib/python3.12/site-packages/airflow/example_dags/example_python_decorator.py
[2024-07-15T13:59:28.418+0000] {processor.py:830} INFO - Processing file /home/airflow/.local/lib/python3.12/site-packages/airflow/example_dags/example_python_decorator.py for tasks to queue
[2024-07-15T13:59:28.419+0000] {logging_mixin.py:188} INFO - [2024-07-15T13:59:28.418+0000] {dagbag.py:545} INFO - Filling up the DagBag from /home/airflow/.local/lib/python3.12/site-packages/airflow/example_dags/example_python_decorator.py
[2024-07-15T13:59:28.425+0000] {processor.py:840} INFO - DAG(s) 'example_python_decorator' retrieved from /home/airflow/.local/lib/python3.12/site-packages/airflow/example_dags/example_python_decorator.py
[2024-07-15T13:59:28.436+0000] {logging_mixin.py:188} INFO - [2024-07-15T13:59:28.436+0000] {dag.py:3096} INFO - Sync 1 DAGs
[2024-07-15T13:59:28.443+0000] {logging_mixin.py:188} INFO - [2024-07-15T13:59:28.442+0000] {dag.py:3954} INFO - Setting next_dagrun for example_python_decorator to None, run_after=None
[2024-07-15T13:59:28.452+0000] {processor.py:183} INFO - Processing /home/airflow/.local/lib/python3.12/site-packages/airflow/example_dags/example_python_decorator.py took 0.038 seconds
[2024-07-15T13:59:58.635+0000] {processor.py:161} INFO - Started process (PID=959) to work on /home/airflow/.local/lib/python3.12/site-packages/airflow/example_dags/example_python_decorator.py
[2024-07-15T13:59:58.635+0000] {processor.py:830} INFO - Processing file /home/airflow/.local/lib/python3.12/site-packages/airflow/example_dags/example_python_decorator.py for tasks to queue
[2024-07-15T13:59:58.636+0000] {logging_mixin.py:188} INFO - [2024-07-15T13:59:58.636+0000] {dagbag.py:545} INFO - Filling up the DagBag from /home/airflow/.local/lib/python3.12/site-packages/airflow/example_dags/example_python_decorator.py
[2024-07-15T13:59:58.643+0000] {processor.py:840} INFO - DAG(s) 'example_python_decorator' retrieved from /home/airflow/.local/lib/python3.12/site-packages/airflow/example_dags/example_python_decorator.py
[2024-07-15T13:59:58.654+0000] {logging_mixin.py:188} INFO - [2024-07-15T13:59:58.654+0000] {dag.py:3096} INFO - Sync 1 DAGs
[2024-07-15T13:59:58.660+0000] {logging_mixin.py:188} INFO - [2024-07-15T13:59:58.660+0000] {dag.py:3954} INFO - Setting next_dagrun for example_python_decorator to None, run_after=None
[2024-07-15T13:59:58.670+0000] {processor.py:183} INFO - Processing /home/airflow/.local/lib/python3.12/site-packages/airflow/example_dags/example_python_decorator.py took 0.038 seconds
[2024-07-15T14:00:28.832+0000] {processor.py:161} INFO - Started process (PID=1023) to work on /home/airflow/.local/lib/python3.12/site-packages/airflow/example_dags/example_python_decorator.py
[2024-07-15T14:00:28.832+0000] {processor.py:830} INFO - Processing file /home/airflow/.local/lib/python3.12/site-packages/airflow/example_dags/example_python_decorator.py for tasks to queue
[2024-07-15T14:00:28.833+0000] {logging_mixin.py:188} INFO - [2024-07-15T14:00:28.833+0000] {dagbag.py:545} INFO - Filling up the DagBag from /home/airflow/.local/lib/python3.12/site-packages/airflow/example_dags/example_python_decorator.py
[2024-07-15T14:00:28.840+0000] {processor.py:840} INFO - DAG(s) 'example_python_decorator' retrieved from /home/airflow/.local/lib/python3.12/site-packages/airflow/example_dags/example_python_decorator.py
[2024-07-15T14:00:28.850+0000] {logging_mixin.py:188} INFO - [2024-07-15T14:00:28.850+0000] {dag.py:3096} INFO - Sync 1 DAGs
[2024-07-15T14:00:28.856+0000] {logging_mixin.py:188} INFO - [2024-07-15T14:00:28.856+0000] {dag.py:3954} INFO - Setting next_dagrun for example_python_decorator to None, run_after=None
[2024-07-15T14:00:28.865+0000] {processor.py:183} INFO - Processing /home/airflow/.local/lib/python3.12/site-packages/airflow/example_dags/example_python_decorator.py took 0.037 seconds
[2024-07-15T14:00:59.893+0000] {processor.py:161} INFO - Started process (PID=1087) to work on /home/airflow/.local/lib/python3.12/site-packages/airflow/example_dags/example_python_decorator.py
[2024-07-15T14:00:59.894+0000] {processor.py:830} INFO - Processing file /home/airflow/.local/lib/python3.12/site-packages/airflow/example_dags/example_python_decorator.py for tasks to queue
[2024-07-15T14:00:59.895+0000] {logging_mixin.py:188} INFO - [2024-07-15T14:00:59.894+0000] {dagbag.py:545} INFO - Filling up the DagBag from /home/airflow/.local/lib/python3.12/site-packages/airflow/example_dags/example_python_decorator.py
[2024-07-15T14:00:59.901+0000] {processor.py:840} INFO - DAG(s) 'example_python_decorator' retrieved from /home/airflow/.local/lib/python3.12/site-packages/airflow/example_dags/example_python_decorator.py
[2024-07-15T14:00:59.913+0000] {logging_mixin.py:188} INFO - [2024-07-15T14:00:59.913+0000] {dag.py:3096} INFO - Sync 1 DAGs
[2024-07-15T14:00:59.918+0000] {logging_mixin.py:188} INFO - [2024-07-15T14:00:59.918+0000] {dag.py:3954} INFO - Setting next_dagrun for example_python_decorator to None, run_after=None
[2024-07-15T14:00:59.927+0000] {processor.py:183} INFO - Processing /home/airflow/.local/lib/python3.12/site-packages/airflow/example_dags/example_python_decorator.py took 0.037 seconds
[2024-07-15T14:01:30.089+0000] {processor.py:161} INFO - Started process (PID=1151) to work on /home/airflow/.local/lib/python3.12/site-packages/airflow/example_dags/example_python_decorator.py
[2024-07-15T14:01:30.089+0000] {processor.py:830} INFO - Processing file /home/airflow/.local/lib/python3.12/site-packages/airflow/example_dags/example_python_decorator.py for tasks to queue
[2024-07-15T14:01:30.090+0000] {logging_mixin.py:188} INFO - [2024-07-15T14:01:30.090+0000] {dagbag.py:545} INFO - Filling up the DagBag from /home/airflow/.local/lib/python3.12/site-packages/airflow/example_dags/example_python_decorator.py
[2024-07-15T14:01:30.097+0000] {processor.py:840} INFO - DAG(s) 'example_python_decorator' retrieved from /home/airflow/.local/lib/python3.12/site-packages/airflow/example_dags/example_python_decorator.py
[2024-07-15T14:01:30.107+0000] {logging_mixin.py:188} INFO - [2024-07-15T14:01:30.107+0000] {dag.py:3096} INFO - Sync 1 DAGs
[2024-07-15T14:01:30.114+0000] {logging_mixin.py:188} INFO - [2024-07-15T14:01:30.113+0000] {dag.py:3954} INFO - Setting next_dagrun for example_python_decorator to None, run_after=None
[2024-07-15T14:01:30.121+0000] {processor.py:183} INFO - Processing /home/airflow/.local/lib/python3.12/site-packages/airflow/example_dags/example_python_decorator.py took 0.036 seconds
[2024-07-15T14:02:00.195+0000] {processor.py:161} INFO - Started process (PID=1215) to work on /home/airflow/.local/lib/python3.12/site-packages/airflow/example_dags/example_python_decorator.py
[2024-07-15T14:02:00.196+0000] {processor.py:830} INFO - Processing file /home/airflow/.local/lib/python3.12/site-packages/airflow/example_dags/example_python_decorator.py for tasks to queue
[2024-07-15T14:02:00.197+0000] {logging_mixin.py:188} INFO - [2024-07-15T14:02:00.197+0000] {dagbag.py:545} INFO - Filling up the DagBag from /home/airflow/.local/lib/python3.12/site-packages/airflow/example_dags/example_python_decorator.py
[2024-07-15T14:02:00.205+0000] {processor.py:840} INFO - DAG(s) 'example_python_decorator' retrieved from /home/airflow/.local/lib/python3.12/site-packages/airflow/example_dags/example_python_decorator.py
[2024-07-15T14:02:00.216+0000] {logging_mixin.py:188} INFO - [2024-07-15T14:02:00.216+0000] {dag.py:3096} INFO - Sync 1 DAGs
[2024-07-15T14:02:00.222+0000] {logging_mixin.py:188} INFO - [2024-07-15T14:02:00.222+0000] {dag.py:3954} INFO - Setting next_dagrun for example_python_decorator to None, run_after=None
[2024-07-15T14:02:00.231+0000] {processor.py:183} INFO - Processing /home/airflow/.local/lib/python3.12/site-packages/airflow/example_dags/example_python_decorator.py took 0.039 seconds
[2024-07-15T14:02:30.346+0000] {processor.py:161} INFO - Started process (PID=1279) to work on /home/airflow/.local/lib/python3.12/site-packages/airflow/example_dags/example_python_decorator.py
[2024-07-15T14:02:30.347+0000] {processor.py:830} INFO - Processing file /home/airflow/.local/lib/python3.12/site-packages/airflow/example_dags/example_python_decorator.py for tasks to queue
[2024-07-15T14:02:30.348+0000] {logging_mixin.py:188} INFO - [2024-07-15T14:02:30.347+0000] {dagbag.py:545} INFO - Filling up the DagBag from /home/airflow/.local/lib/python3.12/site-packages/airflow/example_dags/example_python_decorator.py
[2024-07-15T14:02:30.354+0000] {processor.py:840} INFO - DAG(s) 'example_python_decorator' retrieved from /home/airflow/.local/lib/python3.12/site-packages/airflow/example_dags/example_python_decorator.py
[2024-07-15T14:02:30.364+0000] {logging_mixin.py:188} INFO - [2024-07-15T14:02:30.364+0000] {dag.py:3096} INFO - Sync 1 DAGs
[2024-07-15T14:02:30.370+0000] {logging_mixin.py:188} INFO - [2024-07-15T14:02:30.370+0000] {dag.py:3954} INFO - Setting next_dagrun for example_python_decorator to None, run_after=None
[2024-07-15T14:02:30.379+0000] {processor.py:183} INFO - Processing /home/airflow/.local/lib/python3.12/site-packages/airflow/example_dags/example_python_decorator.py took 0.035 seconds
[2024-07-15T14:03:00.504+0000] {processor.py:161} INFO - Started process (PID=1343) to work on /home/airflow/.local/lib/python3.12/site-packages/airflow/example_dags/example_python_decorator.py
[2024-07-15T14:03:00.504+0000] {processor.py:830} INFO - Processing file /home/airflow/.local/lib/python3.12/site-packages/airflow/example_dags/example_python_decorator.py for tasks to queue
[2024-07-15T14:03:00.505+0000] {logging_mixin.py:188} INFO - [2024-07-15T14:03:00.505+0000] {dagbag.py:545} INFO - Filling up the DagBag from /home/airflow/.local/lib/python3.12/site-packages/airflow/example_dags/example_python_decorator.py
[2024-07-15T14:03:00.512+0000] {processor.py:840} INFO - DAG(s) 'example_python_decorator' retrieved from /home/airflow/.local/lib/python3.12/site-packages/airflow/example_dags/example_python_decorator.py
[2024-07-15T14:03:00.523+0000] {logging_mixin.py:188} INFO - [2024-07-15T14:03:00.522+0000] {dag.py:3096} INFO - Sync 1 DAGs
[2024-07-15T14:03:00.528+0000] {logging_mixin.py:188} INFO - [2024-07-15T14:03:00.528+0000] {dag.py:3954} INFO - Setting next_dagrun for example_python_decorator to None, run_after=None
[2024-07-15T14:03:00.537+0000] {processor.py:183} INFO - Processing /home/airflow/.local/lib/python3.12/site-packages/airflow/example_dags/example_python_decorator.py took 0.038 seconds
[2024-07-15T14:03:30.566+0000] {processor.py:161} INFO - Started process (PID=1406) to work on /home/airflow/.local/lib/python3.12/site-packages/airflow/example_dags/example_python_decorator.py
[2024-07-15T14:03:30.567+0000] {processor.py:830} INFO - Processing file /home/airflow/.local/lib/python3.12/site-packages/airflow/example_dags/example_python_decorator.py for tasks to queue
[2024-07-15T14:03:30.568+0000] {logging_mixin.py:188} INFO - [2024-07-15T14:03:30.568+0000] {dagbag.py:545} INFO - Filling up the DagBag from /home/airflow/.local/lib/python3.12/site-packages/airflow/example_dags/example_python_decorator.py
[2024-07-15T14:03:30.574+0000] {processor.py:840} INFO - DAG(s) 'example_python_decorator' retrieved from /home/airflow/.local/lib/python3.12/site-packages/airflow/example_dags/example_python_decorator.py
[2024-07-15T14:03:30.586+0000] {logging_mixin.py:188} INFO - [2024-07-15T14:03:30.586+0000] {dag.py:3096} INFO - Sync 1 DAGs
[2024-07-15T14:03:30.591+0000] {logging_mixin.py:188} INFO - [2024-07-15T14:03:30.591+0000] {dag.py:3954} INFO - Setting next_dagrun for example_python_decorator to None, run_after=None
[2024-07-15T14:03:30.599+0000] {processor.py:183} INFO - Processing /home/airflow/.local/lib/python3.12/site-packages/airflow/example_dags/example_python_decorator.py took 0.036 seconds
[2024-07-15T14:04:00.954+0000] {processor.py:161} INFO - Started process (PID=1471) to work on /home/airflow/.local/lib/python3.12/site-packages/airflow/example_dags/example_python_decorator.py
[2024-07-15T14:04:00.955+0000] {processor.py:830} INFO - Processing file /home/airflow/.local/lib/python3.12/site-packages/airflow/example_dags/example_python_decorator.py for tasks to queue
[2024-07-15T14:04:00.956+0000] {logging_mixin.py:188} INFO - [2024-07-15T14:04:00.956+0000] {dagbag.py:545} INFO - Filling up the DagBag from /home/airflow/.local/lib/python3.12/site-packages/airflow/example_dags/example_python_decorator.py
[2024-07-15T14:04:00.963+0000] {processor.py:840} INFO - DAG(s) 'example_python_decorator' retrieved from /home/airflow/.local/lib/python3.12/site-packages/airflow/example_dags/example_python_decorator.py
[2024-07-15T14:04:00.976+0000] {logging_mixin.py:188} INFO - [2024-07-15T14:04:00.976+0000] {dag.py:3096} INFO - Sync 1 DAGs
[2024-07-15T14:04:00.983+0000] {logging_mixin.py:188} INFO - [2024-07-15T14:04:00.982+0000] {dag.py:3954} INFO - Setting next_dagrun for example_python_decorator to None, run_after=None
[2024-07-15T14:04:00.991+0000] {processor.py:183} INFO - Processing /home/airflow/.local/lib/python3.12/site-packages/airflow/example_dags/example_python_decorator.py took 0.041 seconds
[2024-07-15T14:04:31.705+0000] {processor.py:161} INFO - Started process (PID=1535) to work on /home/airflow/.local/lib/python3.12/site-packages/airflow/example_dags/example_python_decorator.py
[2024-07-15T14:04:31.705+0000] {processor.py:830} INFO - Processing file /home/airflow/.local/lib/python3.12/site-packages/airflow/example_dags/example_python_decorator.py for tasks to queue
[2024-07-15T14:04:31.706+0000] {logging_mixin.py:188} INFO - [2024-07-15T14:04:31.706+0000] {dagbag.py:545} INFO - Filling up the DagBag from /home/airflow/.local/lib/python3.12/site-packages/airflow/example_dags/example_python_decorator.py
[2024-07-15T14:04:31.713+0000] {processor.py:840} INFO - DAG(s) 'example_python_decorator' retrieved from /home/airflow/.local/lib/python3.12/site-packages/airflow/example_dags/example_python_decorator.py
[2024-07-15T14:04:31.725+0000] {logging_mixin.py:188} INFO - [2024-07-15T14:04:31.725+0000] {dag.py:3096} INFO - Sync 1 DAGs
[2024-07-15T14:04:31.731+0000] {logging_mixin.py:188} INFO - [2024-07-15T14:04:31.731+0000] {dag.py:3954} INFO - Setting next_dagrun for example_python_decorator to None, run_after=None
[2024-07-15T14:04:31.740+0000] {processor.py:183} INFO - Processing /home/airflow/.local/lib/python3.12/site-packages/airflow/example_dags/example_python_decorator.py took 0.038 seconds
