[2024-07-15T13:40:22.243+0000] {processor.py:161} INFO - Started process (PID=60) to work on /home/airflow/.local/lib/python3.12/site-packages/airflow/example_dags/example_complex.py
[2024-07-15T13:40:22.245+0000] {processor.py:830} INFO - Processing file /home/airflow/.local/lib/python3.12/site-packages/airflow/example_dags/example_complex.py for tasks to queue
[2024-07-15T13:40:22.247+0000] {logging_mixin.py:188} INFO - [2024-07-15T13:40:22.247+0000] {dagbag.py:545} INFO - Filling up the DagBag from /home/airflow/.local/lib/python3.12/site-packages/airflow/example_dags/example_complex.py
[2024-07-15T13:40:22.259+0000] {processor.py:840} INFO - DAG(s) 'example_complex' retrieved from /home/airflow/.local/lib/python3.12/site-packages/airflow/example_dags/example_complex.py
[2024-07-15T13:40:22.275+0000] {logging_mixin.py:188} INFO - [2024-07-15T13:40:22.275+0000] {dag.py:3096} INFO - Sync 1 DAGs
[2024-07-15T13:40:22.287+0000] {logging_mixin.py:188} INFO - [2024-07-15T13:40:22.287+0000] {dag.py:3954} INFO - Setting next_dagrun for example_complex to None, run_after=None
[2024-07-15T13:40:22.302+0000] {processor.py:183} INFO - Processing /home/airflow/.local/lib/python3.12/site-packages/airflow/example_dags/example_complex.py took 0.066 seconds
[2024-07-15T13:40:52.851+0000] {processor.py:161} INFO - Started process (PID=124) to work on /home/airflow/.local/lib/python3.12/site-packages/airflow/example_dags/example_complex.py
[2024-07-15T13:40:52.851+0000] {processor.py:830} INFO - Processing file /home/airflow/.local/lib/python3.12/site-packages/airflow/example_dags/example_complex.py for tasks to queue
[2024-07-15T13:40:52.852+0000] {logging_mixin.py:188} INFO - [2024-07-15T13:40:52.852+0000] {dagbag.py:545} INFO - Filling up the DagBag from /home/airflow/.local/lib/python3.12/site-packages/airflow/example_dags/example_complex.py
[2024-07-15T13:40:52.858+0000] {processor.py:840} INFO - DAG(s) 'example_complex' retrieved from /home/airflow/.local/lib/python3.12/site-packages/airflow/example_dags/example_complex.py
[2024-07-15T13:40:52.934+0000] {logging_mixin.py:188} INFO - [2024-07-15T13:40:52.934+0000] {dag.py:3096} INFO - Sync 1 DAGs
[2024-07-15T13:40:52.940+0000] {logging_mixin.py:188} INFO - [2024-07-15T13:40:52.940+0000] {dag.py:3954} INFO - Setting next_dagrun for example_complex to None, run_after=None
[2024-07-15T13:40:52.950+0000] {processor.py:183} INFO - Processing /home/airflow/.local/lib/python3.12/site-packages/airflow/example_dags/example_complex.py took 0.102 seconds
[2024-07-15T13:41:23.155+0000] {processor.py:161} INFO - Started process (PID=188) to work on /home/airflow/.local/lib/python3.12/site-packages/airflow/example_dags/example_complex.py
[2024-07-15T13:41:23.155+0000] {processor.py:830} INFO - Processing file /home/airflow/.local/lib/python3.12/site-packages/airflow/example_dags/example_complex.py for tasks to queue
[2024-07-15T13:41:23.157+0000] {logging_mixin.py:188} INFO - [2024-07-15T13:41:23.156+0000] {dagbag.py:545} INFO - Filling up the DagBag from /home/airflow/.local/lib/python3.12/site-packages/airflow/example_dags/example_complex.py
[2024-07-15T13:41:23.162+0000] {processor.py:840} INFO - DAG(s) 'example_complex' retrieved from /home/airflow/.local/lib/python3.12/site-packages/airflow/example_dags/example_complex.py
[2024-07-15T13:41:23.176+0000] {logging_mixin.py:188} INFO - [2024-07-15T13:41:23.176+0000] {dag.py:3096} INFO - Sync 1 DAGs
[2024-07-15T13:41:23.182+0000] {logging_mixin.py:188} INFO - [2024-07-15T13:41:23.182+0000] {dag.py:3954} INFO - Setting next_dagrun for example_complex to None, run_after=None
[2024-07-15T13:41:23.191+0000] {processor.py:183} INFO - Processing /home/airflow/.local/lib/python3.12/site-packages/airflow/example_dags/example_complex.py took 0.039 seconds
[2024-07-15T13:41:54.208+0000] {processor.py:161} INFO - Started process (PID=252) to work on /home/airflow/.local/lib/python3.12/site-packages/airflow/example_dags/example_complex.py
[2024-07-15T13:41:54.212+0000] {processor.py:830} INFO - Processing file /home/airflow/.local/lib/python3.12/site-packages/airflow/example_dags/example_complex.py for tasks to queue
[2024-07-15T13:41:54.213+0000] {logging_mixin.py:188} INFO - [2024-07-15T13:41:54.213+0000] {dagbag.py:545} INFO - Filling up the DagBag from /home/airflow/.local/lib/python3.12/site-packages/airflow/example_dags/example_complex.py
[2024-07-15T13:41:54.221+0000] {processor.py:840} INFO - DAG(s) 'example_complex' retrieved from /home/airflow/.local/lib/python3.12/site-packages/airflow/example_dags/example_complex.py
[2024-07-15T13:41:54.237+0000] {logging_mixin.py:188} INFO - [2024-07-15T13:41:54.236+0000] {dag.py:3096} INFO - Sync 1 DAGs
[2024-07-15T13:41:54.243+0000] {logging_mixin.py:188} INFO - [2024-07-15T13:41:54.243+0000] {dag.py:3954} INFO - Setting next_dagrun for example_complex to None, run_after=None
[2024-07-15T13:41:54.253+0000] {processor.py:183} INFO - Processing /home/airflow/.local/lib/python3.12/site-packages/airflow/example_dags/example_complex.py took 0.048 seconds
[2024-07-15T13:42:25.461+0000] {processor.py:161} INFO - Started process (PID=316) to work on /home/airflow/.local/lib/python3.12/site-packages/airflow/example_dags/example_complex.py
[2024-07-15T13:42:25.461+0000] {processor.py:830} INFO - Processing file /home/airflow/.local/lib/python3.12/site-packages/airflow/example_dags/example_complex.py for tasks to queue
[2024-07-15T13:42:25.462+0000] {logging_mixin.py:188} INFO - [2024-07-15T13:42:25.462+0000] {dagbag.py:545} INFO - Filling up the DagBag from /home/airflow/.local/lib/python3.12/site-packages/airflow/example_dags/example_complex.py
[2024-07-15T13:42:25.467+0000] {processor.py:840} INFO - DAG(s) 'example_complex' retrieved from /home/airflow/.local/lib/python3.12/site-packages/airflow/example_dags/example_complex.py
[2024-07-15T13:42:25.481+0000] {logging_mixin.py:188} INFO - [2024-07-15T13:42:25.481+0000] {dag.py:3096} INFO - Sync 1 DAGs
[2024-07-15T13:42:25.487+0000] {logging_mixin.py:188} INFO - [2024-07-15T13:42:25.487+0000] {dag.py:3954} INFO - Setting next_dagrun for example_complex to None, run_after=None
[2024-07-15T13:42:25.498+0000] {processor.py:183} INFO - Processing /home/airflow/.local/lib/python3.12/site-packages/airflow/example_dags/example_complex.py took 0.040 seconds
[2024-07-15T13:42:55.676+0000] {processor.py:161} INFO - Started process (PID=380) to work on /home/airflow/.local/lib/python3.12/site-packages/airflow/example_dags/example_complex.py
[2024-07-15T13:42:55.677+0000] {processor.py:830} INFO - Processing file /home/airflow/.local/lib/python3.12/site-packages/airflow/example_dags/example_complex.py for tasks to queue
[2024-07-15T13:42:55.678+0000] {logging_mixin.py:188} INFO - [2024-07-15T13:42:55.678+0000] {dagbag.py:545} INFO - Filling up the DagBag from /home/airflow/.local/lib/python3.12/site-packages/airflow/example_dags/example_complex.py
[2024-07-15T13:42:55.683+0000] {processor.py:840} INFO - DAG(s) 'example_complex' retrieved from /home/airflow/.local/lib/python3.12/site-packages/airflow/example_dags/example_complex.py
[2024-07-15T13:42:55.697+0000] {logging_mixin.py:188} INFO - [2024-07-15T13:42:55.697+0000] {dag.py:3096} INFO - Sync 1 DAGs
[2024-07-15T13:42:55.702+0000] {logging_mixin.py:188} INFO - [2024-07-15T13:42:55.702+0000] {dag.py:3954} INFO - Setting next_dagrun for example_complex to None, run_after=None
[2024-07-15T13:42:55.711+0000] {processor.py:183} INFO - Processing /home/airflow/.local/lib/python3.12/site-packages/airflow/example_dags/example_complex.py took 0.037 seconds
[2024-07-15T13:43:26.800+0000] {processor.py:161} INFO - Started process (PID=444) to work on /home/airflow/.local/lib/python3.12/site-packages/airflow/example_dags/example_complex.py
[2024-07-15T13:43:26.800+0000] {processor.py:830} INFO - Processing file /home/airflow/.local/lib/python3.12/site-packages/airflow/example_dags/example_complex.py for tasks to queue
[2024-07-15T13:43:26.801+0000] {logging_mixin.py:188} INFO - [2024-07-15T13:43:26.801+0000] {dagbag.py:545} INFO - Filling up the DagBag from /home/airflow/.local/lib/python3.12/site-packages/airflow/example_dags/example_complex.py
[2024-07-15T13:43:26.806+0000] {processor.py:840} INFO - DAG(s) 'example_complex' retrieved from /home/airflow/.local/lib/python3.12/site-packages/airflow/example_dags/example_complex.py
[2024-07-15T13:43:26.822+0000] {logging_mixin.py:188} INFO - [2024-07-15T13:43:26.822+0000] {dag.py:3096} INFO - Sync 1 DAGs
[2024-07-15T13:43:26.828+0000] {logging_mixin.py:188} INFO - [2024-07-15T13:43:26.828+0000] {dag.py:3954} INFO - Setting next_dagrun for example_complex to None, run_after=None
[2024-07-15T13:43:26.838+0000] {processor.py:183} INFO - Processing /home/airflow/.local/lib/python3.12/site-packages/airflow/example_dags/example_complex.py took 0.041 seconds
[2024-07-15T13:43:56.911+0000] {processor.py:161} INFO - Started process (PID=508) to work on /home/airflow/.local/lib/python3.12/site-packages/airflow/example_dags/example_complex.py
[2024-07-15T13:43:56.912+0000] {processor.py:830} INFO - Processing file /home/airflow/.local/lib/python3.12/site-packages/airflow/example_dags/example_complex.py for tasks to queue
[2024-07-15T13:43:56.913+0000] {logging_mixin.py:188} INFO - [2024-07-15T13:43:56.913+0000] {dagbag.py:545} INFO - Filling up the DagBag from /home/airflow/.local/lib/python3.12/site-packages/airflow/example_dags/example_complex.py
[2024-07-15T13:43:56.918+0000] {processor.py:840} INFO - DAG(s) 'example_complex' retrieved from /home/airflow/.local/lib/python3.12/site-packages/airflow/example_dags/example_complex.py
[2024-07-15T13:43:56.933+0000] {logging_mixin.py:188} INFO - [2024-07-15T13:43:56.933+0000] {dag.py:3096} INFO - Sync 1 DAGs
[2024-07-15T13:43:56.939+0000] {logging_mixin.py:188} INFO - [2024-07-15T13:43:56.939+0000] {dag.py:3954} INFO - Setting next_dagrun for example_complex to None, run_after=None
[2024-07-15T13:43:56.948+0000] {processor.py:183} INFO - Processing /home/airflow/.local/lib/python3.12/site-packages/airflow/example_dags/example_complex.py took 0.040 seconds
[2024-07-15T13:44:27.273+0000] {processor.py:161} INFO - Started process (PID=572) to work on /home/airflow/.local/lib/python3.12/site-packages/airflow/example_dags/example_complex.py
[2024-07-15T13:44:27.274+0000] {processor.py:830} INFO - Processing file /home/airflow/.local/lib/python3.12/site-packages/airflow/example_dags/example_complex.py for tasks to queue
[2024-07-15T13:44:27.275+0000] {logging_mixin.py:188} INFO - [2024-07-15T13:44:27.274+0000] {dagbag.py:545} INFO - Filling up the DagBag from /home/airflow/.local/lib/python3.12/site-packages/airflow/example_dags/example_complex.py
[2024-07-15T13:44:27.280+0000] {processor.py:840} INFO - DAG(s) 'example_complex' retrieved from /home/airflow/.local/lib/python3.12/site-packages/airflow/example_dags/example_complex.py
[2024-07-15T13:44:27.295+0000] {logging_mixin.py:188} INFO - [2024-07-15T13:44:27.295+0000] {dag.py:3096} INFO - Sync 1 DAGs
[2024-07-15T13:44:27.301+0000] {logging_mixin.py:188} INFO - [2024-07-15T13:44:27.300+0000] {dag.py:3954} INFO - Setting next_dagrun for example_complex to None, run_after=None
[2024-07-15T13:44:27.309+0000] {processor.py:183} INFO - Processing /home/airflow/.local/lib/python3.12/site-packages/airflow/example_dags/example_complex.py took 0.039 seconds
[2024-07-15T13:45:47.379+0000] {processor.py:161} INFO - Started process (PID=61) to work on /home/airflow/.local/lib/python3.12/site-packages/airflow/example_dags/example_complex.py
[2024-07-15T13:45:47.381+0000] {processor.py:830} INFO - Processing file /home/airflow/.local/lib/python3.12/site-packages/airflow/example_dags/example_complex.py for tasks to queue
[2024-07-15T13:45:47.383+0000] {logging_mixin.py:188} INFO - [2024-07-15T13:45:47.382+0000] {dagbag.py:545} INFO - Filling up the DagBag from /home/airflow/.local/lib/python3.12/site-packages/airflow/example_dags/example_complex.py
[2024-07-15T13:45:47.398+0000] {processor.py:840} INFO - DAG(s) 'example_complex' retrieved from /home/airflow/.local/lib/python3.12/site-packages/airflow/example_dags/example_complex.py
[2024-07-15T13:45:47.408+0000] {logging_mixin.py:188} INFO - [2024-07-15T13:45:47.407+0000] {dag.py:3096} INFO - Sync 1 DAGs
[2024-07-15T13:45:47.429+0000] {logging_mixin.py:188} INFO - [2024-07-15T13:45:47.428+0000] {dag.py:3954} INFO - Setting next_dagrun for example_complex to None, run_after=None
[2024-07-15T13:45:47.442+0000] {processor.py:183} INFO - Processing /home/airflow/.local/lib/python3.12/site-packages/airflow/example_dags/example_complex.py took 0.069 seconds
[2024-07-15T13:46:17.818+0000] {processor.py:161} INFO - Started process (PID=125) to work on /home/airflow/.local/lib/python3.12/site-packages/airflow/example_dags/example_complex.py
[2024-07-15T13:46:17.818+0000] {processor.py:830} INFO - Processing file /home/airflow/.local/lib/python3.12/site-packages/airflow/example_dags/example_complex.py for tasks to queue
[2024-07-15T13:46:17.819+0000] {logging_mixin.py:188} INFO - [2024-07-15T13:46:17.819+0000] {dagbag.py:545} INFO - Filling up the DagBag from /home/airflow/.local/lib/python3.12/site-packages/airflow/example_dags/example_complex.py
[2024-07-15T13:46:17.824+0000] {processor.py:840} INFO - DAG(s) 'example_complex' retrieved from /home/airflow/.local/lib/python3.12/site-packages/airflow/example_dags/example_complex.py
[2024-07-15T13:46:17.907+0000] {logging_mixin.py:188} INFO - [2024-07-15T13:46:17.907+0000] {dag.py:3096} INFO - Sync 1 DAGs
[2024-07-15T13:46:17.927+0000] {logging_mixin.py:188} INFO - [2024-07-15T13:46:17.927+0000] {dag.py:3954} INFO - Setting next_dagrun for example_complex to None, run_after=None
[2024-07-15T13:46:17.946+0000] {processor.py:183} INFO - Processing /home/airflow/.local/lib/python3.12/site-packages/airflow/example_dags/example_complex.py took 0.131 seconds
[2024-07-15T13:46:48.202+0000] {processor.py:161} INFO - Started process (PID=188) to work on /home/airflow/.local/lib/python3.12/site-packages/airflow/example_dags/example_complex.py
[2024-07-15T13:46:48.203+0000] {processor.py:830} INFO - Processing file /home/airflow/.local/lib/python3.12/site-packages/airflow/example_dags/example_complex.py for tasks to queue
[2024-07-15T13:46:48.204+0000] {logging_mixin.py:188} INFO - [2024-07-15T13:46:48.204+0000] {dagbag.py:545} INFO - Filling up the DagBag from /home/airflow/.local/lib/python3.12/site-packages/airflow/example_dags/example_complex.py
[2024-07-15T13:46:48.209+0000] {processor.py:840} INFO - DAG(s) 'example_complex' retrieved from /home/airflow/.local/lib/python3.12/site-packages/airflow/example_dags/example_complex.py
[2024-07-15T13:46:48.225+0000] {logging_mixin.py:188} INFO - [2024-07-15T13:46:48.225+0000] {dag.py:3096} INFO - Sync 1 DAGs
[2024-07-15T13:46:48.231+0000] {logging_mixin.py:188} INFO - [2024-07-15T13:46:48.231+0000] {dag.py:3954} INFO - Setting next_dagrun for example_complex to None, run_after=None
[2024-07-15T13:46:48.241+0000] {processor.py:183} INFO - Processing /home/airflow/.local/lib/python3.12/site-packages/airflow/example_dags/example_complex.py took 0.042 seconds
[2024-07-15T13:47:18.505+0000] {processor.py:161} INFO - Started process (PID=252) to work on /home/airflow/.local/lib/python3.12/site-packages/airflow/example_dags/example_complex.py
[2024-07-15T13:47:18.506+0000] {processor.py:830} INFO - Processing file /home/airflow/.local/lib/python3.12/site-packages/airflow/example_dags/example_complex.py for tasks to queue
[2024-07-15T13:47:18.507+0000] {logging_mixin.py:188} INFO - [2024-07-15T13:47:18.506+0000] {dagbag.py:545} INFO - Filling up the DagBag from /home/airflow/.local/lib/python3.12/site-packages/airflow/example_dags/example_complex.py
[2024-07-15T13:47:18.511+0000] {processor.py:840} INFO - DAG(s) 'example_complex' retrieved from /home/airflow/.local/lib/python3.12/site-packages/airflow/example_dags/example_complex.py
[2024-07-15T13:47:18.526+0000] {logging_mixin.py:188} INFO - [2024-07-15T13:47:18.526+0000] {dag.py:3096} INFO - Sync 1 DAGs
[2024-07-15T13:47:18.531+0000] {logging_mixin.py:188} INFO - [2024-07-15T13:47:18.531+0000] {dag.py:3954} INFO - Setting next_dagrun for example_complex to None, run_after=None
[2024-07-15T13:47:18.540+0000] {processor.py:183} INFO - Processing /home/airflow/.local/lib/python3.12/site-packages/airflow/example_dags/example_complex.py took 0.038 seconds
[2024-07-15T13:47:48.920+0000] {processor.py:161} INFO - Started process (PID=316) to work on /home/airflow/.local/lib/python3.12/site-packages/airflow/example_dags/example_complex.py
[2024-07-15T13:47:48.921+0000] {processor.py:830} INFO - Processing file /home/airflow/.local/lib/python3.12/site-packages/airflow/example_dags/example_complex.py for tasks to queue
[2024-07-15T13:47:48.922+0000] {logging_mixin.py:188} INFO - [2024-07-15T13:47:48.922+0000] {dagbag.py:545} INFO - Filling up the DagBag from /home/airflow/.local/lib/python3.12/site-packages/airflow/example_dags/example_complex.py
[2024-07-15T13:47:48.927+0000] {processor.py:840} INFO - DAG(s) 'example_complex' retrieved from /home/airflow/.local/lib/python3.12/site-packages/airflow/example_dags/example_complex.py
[2024-07-15T13:47:48.941+0000] {logging_mixin.py:188} INFO - [2024-07-15T13:47:48.941+0000] {dag.py:3096} INFO - Sync 1 DAGs
[2024-07-15T13:47:48.947+0000] {logging_mixin.py:188} INFO - [2024-07-15T13:47:48.946+0000] {dag.py:3954} INFO - Setting next_dagrun for example_complex to None, run_after=None
[2024-07-15T13:47:48.955+0000] {processor.py:183} INFO - Processing /home/airflow/.local/lib/python3.12/site-packages/airflow/example_dags/example_complex.py took 0.037 seconds
[2024-07-15T13:48:19.222+0000] {processor.py:161} INFO - Started process (PID=379) to work on /home/airflow/.local/lib/python3.12/site-packages/airflow/example_dags/example_complex.py
[2024-07-15T13:48:19.222+0000] {processor.py:830} INFO - Processing file /home/airflow/.local/lib/python3.12/site-packages/airflow/example_dags/example_complex.py for tasks to queue
[2024-07-15T13:48:19.223+0000] {logging_mixin.py:188} INFO - [2024-07-15T13:48:19.223+0000] {dagbag.py:545} INFO - Filling up the DagBag from /home/airflow/.local/lib/python3.12/site-packages/airflow/example_dags/example_complex.py
[2024-07-15T13:48:19.228+0000] {processor.py:840} INFO - DAG(s) 'example_complex' retrieved from /home/airflow/.local/lib/python3.12/site-packages/airflow/example_dags/example_complex.py
[2024-07-15T13:48:19.243+0000] {logging_mixin.py:188} INFO - [2024-07-15T13:48:19.243+0000] {dag.py:3096} INFO - Sync 1 DAGs
[2024-07-15T13:48:19.249+0000] {logging_mixin.py:188} INFO - [2024-07-15T13:48:19.249+0000] {dag.py:3954} INFO - Setting next_dagrun for example_complex to None, run_after=None
[2024-07-15T13:48:19.258+0000] {processor.py:183} INFO - Processing /home/airflow/.local/lib/python3.12/site-packages/airflow/example_dags/example_complex.py took 0.039 seconds
[2024-07-15T13:48:49.511+0000] {processor.py:161} INFO - Started process (PID=443) to work on /home/airflow/.local/lib/python3.12/site-packages/airflow/example_dags/example_complex.py
[2024-07-15T13:48:49.512+0000] {processor.py:830} INFO - Processing file /home/airflow/.local/lib/python3.12/site-packages/airflow/example_dags/example_complex.py for tasks to queue
[2024-07-15T13:48:49.513+0000] {logging_mixin.py:188} INFO - [2024-07-15T13:48:49.513+0000] {dagbag.py:545} INFO - Filling up the DagBag from /home/airflow/.local/lib/python3.12/site-packages/airflow/example_dags/example_complex.py
[2024-07-15T13:48:49.519+0000] {processor.py:840} INFO - DAG(s) 'example_complex' retrieved from /home/airflow/.local/lib/python3.12/site-packages/airflow/example_dags/example_complex.py
[2024-07-15T13:48:49.535+0000] {logging_mixin.py:188} INFO - [2024-07-15T13:48:49.535+0000] {dag.py:3096} INFO - Sync 1 DAGs
[2024-07-15T13:48:49.542+0000] {logging_mixin.py:188} INFO - [2024-07-15T13:48:49.541+0000] {dag.py:3954} INFO - Setting next_dagrun for example_complex to None, run_after=None
[2024-07-15T13:48:49.553+0000] {processor.py:183} INFO - Processing /home/airflow/.local/lib/python3.12/site-packages/airflow/example_dags/example_complex.py took 0.045 seconds
[2024-07-15T13:49:47.740+0000] {processor.py:161} INFO - Started process (PID=61) to work on /home/airflow/.local/lib/python3.12/site-packages/airflow/example_dags/example_complex.py
[2024-07-15T13:49:47.741+0000] {processor.py:830} INFO - Processing file /home/airflow/.local/lib/python3.12/site-packages/airflow/example_dags/example_complex.py for tasks to queue
[2024-07-15T13:49:47.743+0000] {logging_mixin.py:188} INFO - [2024-07-15T13:49:47.743+0000] {dagbag.py:545} INFO - Filling up the DagBag from /home/airflow/.local/lib/python3.12/site-packages/airflow/example_dags/example_complex.py
[2024-07-15T13:49:47.751+0000] {processor.py:840} INFO - DAG(s) 'example_complex' retrieved from /home/airflow/.local/lib/python3.12/site-packages/airflow/example_dags/example_complex.py
[2024-07-15T13:49:47.757+0000] {logging_mixin.py:188} INFO - [2024-07-15T13:49:47.757+0000] {dag.py:3096} INFO - Sync 1 DAGs
[2024-07-15T13:49:47.767+0000] {logging_mixin.py:188} INFO - [2024-07-15T13:49:47.767+0000] {dag.py:3954} INFO - Setting next_dagrun for example_complex to None, run_after=None
[2024-07-15T13:49:47.794+0000] {processor.py:183} INFO - Processing /home/airflow/.local/lib/python3.12/site-packages/airflow/example_dags/example_complex.py took 0.057 seconds
[2024-07-15T13:50:18.245+0000] {processor.py:161} INFO - Started process (PID=125) to work on /home/airflow/.local/lib/python3.12/site-packages/airflow/example_dags/example_complex.py
[2024-07-15T13:50:18.246+0000] {processor.py:830} INFO - Processing file /home/airflow/.local/lib/python3.12/site-packages/airflow/example_dags/example_complex.py for tasks to queue
[2024-07-15T13:50:18.247+0000] {logging_mixin.py:188} INFO - [2024-07-15T13:50:18.246+0000] {dagbag.py:545} INFO - Filling up the DagBag from /home/airflow/.local/lib/python3.12/site-packages/airflow/example_dags/example_complex.py
[2024-07-15T13:50:18.251+0000] {processor.py:840} INFO - DAG(s) 'example_complex' retrieved from /home/airflow/.local/lib/python3.12/site-packages/airflow/example_dags/example_complex.py
[2024-07-15T13:50:18.300+0000] {logging_mixin.py:188} INFO - [2024-07-15T13:50:18.300+0000] {dag.py:3096} INFO - Sync 1 DAGs
[2024-07-15T13:50:18.305+0000] {logging_mixin.py:188} INFO - [2024-07-15T13:50:18.304+0000] {dag.py:3954} INFO - Setting next_dagrun for example_complex to None, run_after=None
[2024-07-15T13:50:18.313+0000] {processor.py:183} INFO - Processing /home/airflow/.local/lib/python3.12/site-packages/airflow/example_dags/example_complex.py took 0.071 seconds
[2024-07-15T13:50:48.951+0000] {processor.py:161} INFO - Started process (PID=190) to work on /home/airflow/.local/lib/python3.12/site-packages/airflow/example_dags/example_complex.py
[2024-07-15T13:50:48.952+0000] {processor.py:830} INFO - Processing file /home/airflow/.local/lib/python3.12/site-packages/airflow/example_dags/example_complex.py for tasks to queue
[2024-07-15T13:50:48.953+0000] {logging_mixin.py:188} INFO - [2024-07-15T13:50:48.953+0000] {dagbag.py:545} INFO - Filling up the DagBag from /home/airflow/.local/lib/python3.12/site-packages/airflow/example_dags/example_complex.py
[2024-07-15T13:50:48.958+0000] {processor.py:840} INFO - DAG(s) 'example_complex' retrieved from /home/airflow/.local/lib/python3.12/site-packages/airflow/example_dags/example_complex.py
[2024-07-15T13:50:48.974+0000] {logging_mixin.py:188} INFO - [2024-07-15T13:50:48.974+0000] {dag.py:3096} INFO - Sync 1 DAGs
[2024-07-15T13:50:48.980+0000] {logging_mixin.py:188} INFO - [2024-07-15T13:50:48.980+0000] {dag.py:3954} INFO - Setting next_dagrun for example_complex to None, run_after=None
[2024-07-15T13:50:48.989+0000] {processor.py:183} INFO - Processing /home/airflow/.local/lib/python3.12/site-packages/airflow/example_dags/example_complex.py took 0.041 seconds
[2024-07-15T13:51:19.163+0000] {processor.py:161} INFO - Started process (PID=253) to work on /home/airflow/.local/lib/python3.12/site-packages/airflow/example_dags/example_complex.py
[2024-07-15T13:51:19.164+0000] {processor.py:830} INFO - Processing file /home/airflow/.local/lib/python3.12/site-packages/airflow/example_dags/example_complex.py for tasks to queue
[2024-07-15T13:51:19.165+0000] {logging_mixin.py:188} INFO - [2024-07-15T13:51:19.165+0000] {dagbag.py:545} INFO - Filling up the DagBag from /home/airflow/.local/lib/python3.12/site-packages/airflow/example_dags/example_complex.py
[2024-07-15T13:51:19.170+0000] {processor.py:840} INFO - DAG(s) 'example_complex' retrieved from /home/airflow/.local/lib/python3.12/site-packages/airflow/example_dags/example_complex.py
[2024-07-15T13:51:19.185+0000] {logging_mixin.py:188} INFO - [2024-07-15T13:51:19.185+0000] {dag.py:3096} INFO - Sync 1 DAGs
[2024-07-15T13:51:19.191+0000] {logging_mixin.py:188} INFO - [2024-07-15T13:51:19.191+0000] {dag.py:3954} INFO - Setting next_dagrun for example_complex to None, run_after=None
[2024-07-15T13:51:19.200+0000] {processor.py:183} INFO - Processing /home/airflow/.local/lib/python3.12/site-packages/airflow/example_dags/example_complex.py took 0.040 seconds
[2024-07-15T13:51:49.402+0000] {processor.py:161} INFO - Started process (PID=317) to work on /home/airflow/.local/lib/python3.12/site-packages/airflow/example_dags/example_complex.py
[2024-07-15T13:51:49.402+0000] {processor.py:830} INFO - Processing file /home/airflow/.local/lib/python3.12/site-packages/airflow/example_dags/example_complex.py for tasks to queue
[2024-07-15T13:51:49.403+0000] {logging_mixin.py:188} INFO - [2024-07-15T13:51:49.403+0000] {dagbag.py:545} INFO - Filling up the DagBag from /home/airflow/.local/lib/python3.12/site-packages/airflow/example_dags/example_complex.py
[2024-07-15T13:51:49.408+0000] {processor.py:840} INFO - DAG(s) 'example_complex' retrieved from /home/airflow/.local/lib/python3.12/site-packages/airflow/example_dags/example_complex.py
[2024-07-15T13:51:49.423+0000] {logging_mixin.py:188} INFO - [2024-07-15T13:51:49.422+0000] {dag.py:3096} INFO - Sync 1 DAGs
[2024-07-15T13:51:49.428+0000] {logging_mixin.py:188} INFO - [2024-07-15T13:51:49.428+0000] {dag.py:3954} INFO - Setting next_dagrun for example_complex to None, run_after=None
[2024-07-15T13:51:49.436+0000] {processor.py:183} INFO - Processing /home/airflow/.local/lib/python3.12/site-packages/airflow/example_dags/example_complex.py took 0.038 seconds
[2024-07-15T13:52:53.452+0000] {processor.py:161} INFO - Started process (PID=60) to work on /home/airflow/.local/lib/python3.12/site-packages/airflow/example_dags/example_complex.py
[2024-07-15T13:52:53.454+0000] {processor.py:830} INFO - Processing file /home/airflow/.local/lib/python3.12/site-packages/airflow/example_dags/example_complex.py for tasks to queue
[2024-07-15T13:52:53.455+0000] {logging_mixin.py:188} INFO - [2024-07-15T13:52:53.455+0000] {dagbag.py:545} INFO - Filling up the DagBag from /home/airflow/.local/lib/python3.12/site-packages/airflow/example_dags/example_complex.py
[2024-07-15T13:52:53.464+0000] {processor.py:840} INFO - DAG(s) 'example_complex' retrieved from /home/airflow/.local/lib/python3.12/site-packages/airflow/example_dags/example_complex.py
[2024-07-15T13:52:53.481+0000] {logging_mixin.py:188} INFO - [2024-07-15T13:52:53.480+0000] {dag.py:3096} INFO - Sync 1 DAGs
[2024-07-15T13:52:53.492+0000] {logging_mixin.py:188} INFO - [2024-07-15T13:52:53.492+0000] {dag.py:3954} INFO - Setting next_dagrun for example_complex to None, run_after=None
[2024-07-15T13:52:53.515+0000] {processor.py:183} INFO - Processing /home/airflow/.local/lib/python3.12/site-packages/airflow/example_dags/example_complex.py took 0.066 seconds
[2024-07-15T13:53:24.063+0000] {processor.py:161} INFO - Started process (PID=124) to work on /home/airflow/.local/lib/python3.12/site-packages/airflow/example_dags/example_complex.py
[2024-07-15T13:53:24.063+0000] {processor.py:830} INFO - Processing file /home/airflow/.local/lib/python3.12/site-packages/airflow/example_dags/example_complex.py for tasks to queue
[2024-07-15T13:53:24.064+0000] {logging_mixin.py:188} INFO - [2024-07-15T13:53:24.064+0000] {dagbag.py:545} INFO - Filling up the DagBag from /home/airflow/.local/lib/python3.12/site-packages/airflow/example_dags/example_complex.py
[2024-07-15T13:53:24.069+0000] {processor.py:840} INFO - DAG(s) 'example_complex' retrieved from /home/airflow/.local/lib/python3.12/site-packages/airflow/example_dags/example_complex.py
[2024-07-15T13:53:24.121+0000] {logging_mixin.py:188} INFO - [2024-07-15T13:53:24.121+0000] {dag.py:3096} INFO - Sync 1 DAGs
[2024-07-15T13:53:24.126+0000] {logging_mixin.py:188} INFO - [2024-07-15T13:53:24.126+0000] {dag.py:3954} INFO - Setting next_dagrun for example_complex to None, run_after=None
[2024-07-15T13:53:24.134+0000] {processor.py:183} INFO - Processing /home/airflow/.local/lib/python3.12/site-packages/airflow/example_dags/example_complex.py took 0.074 seconds
[2024-07-15T13:53:54.274+0000] {processor.py:161} INFO - Started process (PID=188) to work on /home/airflow/.local/lib/python3.12/site-packages/airflow/example_dags/example_complex.py
[2024-07-15T13:53:54.274+0000] {processor.py:830} INFO - Processing file /home/airflow/.local/lib/python3.12/site-packages/airflow/example_dags/example_complex.py for tasks to queue
[2024-07-15T13:53:54.275+0000] {logging_mixin.py:188} INFO - [2024-07-15T13:53:54.275+0000] {dagbag.py:545} INFO - Filling up the DagBag from /home/airflow/.local/lib/python3.12/site-packages/airflow/example_dags/example_complex.py
[2024-07-15T13:53:54.280+0000] {processor.py:840} INFO - DAG(s) 'example_complex' retrieved from /home/airflow/.local/lib/python3.12/site-packages/airflow/example_dags/example_complex.py
[2024-07-15T13:53:54.295+0000] {logging_mixin.py:188} INFO - [2024-07-15T13:53:54.295+0000] {dag.py:3096} INFO - Sync 1 DAGs
[2024-07-15T13:53:54.301+0000] {logging_mixin.py:188} INFO - [2024-07-15T13:53:54.301+0000] {dag.py:3954} INFO - Setting next_dagrun for example_complex to None, run_after=None
[2024-07-15T13:53:54.310+0000] {processor.py:183} INFO - Processing /home/airflow/.local/lib/python3.12/site-packages/airflow/example_dags/example_complex.py took 0.040 seconds
[2024-07-15T13:54:24.548+0000] {processor.py:161} INFO - Started process (PID=252) to work on /home/airflow/.local/lib/python3.12/site-packages/airflow/example_dags/example_complex.py
[2024-07-15T13:54:24.549+0000] {processor.py:830} INFO - Processing file /home/airflow/.local/lib/python3.12/site-packages/airflow/example_dags/example_complex.py for tasks to queue
[2024-07-15T13:54:24.551+0000] {logging_mixin.py:188} INFO - [2024-07-15T13:54:24.550+0000] {dagbag.py:545} INFO - Filling up the DagBag from /home/airflow/.local/lib/python3.12/site-packages/airflow/example_dags/example_complex.py
[2024-07-15T13:54:24.555+0000] {processor.py:840} INFO - DAG(s) 'example_complex' retrieved from /home/airflow/.local/lib/python3.12/site-packages/airflow/example_dags/example_complex.py
[2024-07-15T13:54:24.571+0000] {logging_mixin.py:188} INFO - [2024-07-15T13:54:24.571+0000] {dag.py:3096} INFO - Sync 1 DAGs
[2024-07-15T13:54:24.577+0000] {logging_mixin.py:188} INFO - [2024-07-15T13:54:24.577+0000] {dag.py:3954} INFO - Setting next_dagrun for example_complex to None, run_after=None
[2024-07-15T13:54:24.587+0000] {processor.py:183} INFO - Processing /home/airflow/.local/lib/python3.12/site-packages/airflow/example_dags/example_complex.py took 0.042 seconds
[2024-07-15T13:54:54.805+0000] {processor.py:161} INFO - Started process (PID=316) to work on /home/airflow/.local/lib/python3.12/site-packages/airflow/example_dags/example_complex.py
[2024-07-15T13:54:54.805+0000] {processor.py:830} INFO - Processing file /home/airflow/.local/lib/python3.12/site-packages/airflow/example_dags/example_complex.py for tasks to queue
[2024-07-15T13:54:54.806+0000] {logging_mixin.py:188} INFO - [2024-07-15T13:54:54.806+0000] {dagbag.py:545} INFO - Filling up the DagBag from /home/airflow/.local/lib/python3.12/site-packages/airflow/example_dags/example_complex.py
[2024-07-15T13:54:54.811+0000] {processor.py:840} INFO - DAG(s) 'example_complex' retrieved from /home/airflow/.local/lib/python3.12/site-packages/airflow/example_dags/example_complex.py
[2024-07-15T13:54:54.826+0000] {logging_mixin.py:188} INFO - [2024-07-15T13:54:54.826+0000] {dag.py:3096} INFO - Sync 1 DAGs
[2024-07-15T13:54:54.833+0000] {logging_mixin.py:188} INFO - [2024-07-15T13:54:54.833+0000] {dag.py:3954} INFO - Setting next_dagrun for example_complex to None, run_after=None
[2024-07-15T13:54:54.842+0000] {processor.py:183} INFO - Processing /home/airflow/.local/lib/python3.12/site-packages/airflow/example_dags/example_complex.py took 0.041 seconds
[2024-07-15T13:55:24.995+0000] {processor.py:161} INFO - Started process (PID=380) to work on /home/airflow/.local/lib/python3.12/site-packages/airflow/example_dags/example_complex.py
[2024-07-15T13:55:24.995+0000] {processor.py:830} INFO - Processing file /home/airflow/.local/lib/python3.12/site-packages/airflow/example_dags/example_complex.py for tasks to queue
[2024-07-15T13:55:24.996+0000] {logging_mixin.py:188} INFO - [2024-07-15T13:55:24.996+0000] {dagbag.py:545} INFO - Filling up the DagBag from /home/airflow/.local/lib/python3.12/site-packages/airflow/example_dags/example_complex.py
[2024-07-15T13:55:25.001+0000] {processor.py:840} INFO - DAG(s) 'example_complex' retrieved from /home/airflow/.local/lib/python3.12/site-packages/airflow/example_dags/example_complex.py
[2024-07-15T13:55:25.018+0000] {logging_mixin.py:188} INFO - [2024-07-15T13:55:25.017+0000] {dag.py:3096} INFO - Sync 1 DAGs
[2024-07-15T13:55:25.024+0000] {logging_mixin.py:188} INFO - [2024-07-15T13:55:25.024+0000] {dag.py:3954} INFO - Setting next_dagrun for example_complex to None, run_after=None
[2024-07-15T13:55:25.033+0000] {processor.py:183} INFO - Processing /home/airflow/.local/lib/python3.12/site-packages/airflow/example_dags/example_complex.py took 0.041 seconds
[2024-07-15T13:55:56.133+0000] {processor.py:161} INFO - Started process (PID=445) to work on /home/airflow/.local/lib/python3.12/site-packages/airflow/example_dags/example_complex.py
[2024-07-15T13:55:56.133+0000] {processor.py:830} INFO - Processing file /home/airflow/.local/lib/python3.12/site-packages/airflow/example_dags/example_complex.py for tasks to queue
[2024-07-15T13:55:56.135+0000] {logging_mixin.py:188} INFO - [2024-07-15T13:55:56.134+0000] {dagbag.py:545} INFO - Filling up the DagBag from /home/airflow/.local/lib/python3.12/site-packages/airflow/example_dags/example_complex.py
[2024-07-15T13:55:56.140+0000] {processor.py:840} INFO - DAG(s) 'example_complex' retrieved from /home/airflow/.local/lib/python3.12/site-packages/airflow/example_dags/example_complex.py
[2024-07-15T13:55:56.157+0000] {logging_mixin.py:188} INFO - [2024-07-15T13:55:56.156+0000] {dag.py:3096} INFO - Sync 1 DAGs
[2024-07-15T13:55:56.164+0000] {logging_mixin.py:188} INFO - [2024-07-15T13:55:56.164+0000] {dag.py:3954} INFO - Setting next_dagrun for example_complex to None, run_after=None
[2024-07-15T13:55:56.174+0000] {processor.py:183} INFO - Processing /home/airflow/.local/lib/python3.12/site-packages/airflow/example_dags/example_complex.py took 0.044 seconds
[2024-07-15T13:56:26.315+0000] {processor.py:161} INFO - Started process (PID=509) to work on /home/airflow/.local/lib/python3.12/site-packages/airflow/example_dags/example_complex.py
[2024-07-15T13:56:26.315+0000] {processor.py:830} INFO - Processing file /home/airflow/.local/lib/python3.12/site-packages/airflow/example_dags/example_complex.py for tasks to queue
[2024-07-15T13:56:26.317+0000] {logging_mixin.py:188} INFO - [2024-07-15T13:56:26.316+0000] {dagbag.py:545} INFO - Filling up the DagBag from /home/airflow/.local/lib/python3.12/site-packages/airflow/example_dags/example_complex.py
[2024-07-15T13:56:26.321+0000] {processor.py:840} INFO - DAG(s) 'example_complex' retrieved from /home/airflow/.local/lib/python3.12/site-packages/airflow/example_dags/example_complex.py
[2024-07-15T13:56:26.337+0000] {logging_mixin.py:188} INFO - [2024-07-15T13:56:26.336+0000] {dag.py:3096} INFO - Sync 1 DAGs
[2024-07-15T13:56:26.342+0000] {logging_mixin.py:188} INFO - [2024-07-15T13:56:26.342+0000] {dag.py:3954} INFO - Setting next_dagrun for example_complex to None, run_after=None
[2024-07-15T13:56:26.351+0000] {processor.py:183} INFO - Processing /home/airflow/.local/lib/python3.12/site-packages/airflow/example_dags/example_complex.py took 0.039 seconds
[2024-07-15T13:56:56.559+0000] {processor.py:161} INFO - Started process (PID=573) to work on /home/airflow/.local/lib/python3.12/site-packages/airflow/example_dags/example_complex.py
[2024-07-15T13:56:56.559+0000] {processor.py:830} INFO - Processing file /home/airflow/.local/lib/python3.12/site-packages/airflow/example_dags/example_complex.py for tasks to queue
[2024-07-15T13:56:56.560+0000] {logging_mixin.py:188} INFO - [2024-07-15T13:56:56.560+0000] {dagbag.py:545} INFO - Filling up the DagBag from /home/airflow/.local/lib/python3.12/site-packages/airflow/example_dags/example_complex.py
[2024-07-15T13:56:56.565+0000] {processor.py:840} INFO - DAG(s) 'example_complex' retrieved from /home/airflow/.local/lib/python3.12/site-packages/airflow/example_dags/example_complex.py
[2024-07-15T13:56:56.580+0000] {logging_mixin.py:188} INFO - [2024-07-15T13:56:56.580+0000] {dag.py:3096} INFO - Sync 1 DAGs
[2024-07-15T13:56:56.585+0000] {logging_mixin.py:188} INFO - [2024-07-15T13:56:56.585+0000] {dag.py:3954} INFO - Setting next_dagrun for example_complex to None, run_after=None
[2024-07-15T13:56:56.594+0000] {processor.py:183} INFO - Processing /home/airflow/.local/lib/python3.12/site-packages/airflow/example_dags/example_complex.py took 0.038 seconds
[2024-07-15T13:57:26.765+0000] {processor.py:161} INFO - Started process (PID=637) to work on /home/airflow/.local/lib/python3.12/site-packages/airflow/example_dags/example_complex.py
[2024-07-15T13:57:26.765+0000] {processor.py:830} INFO - Processing file /home/airflow/.local/lib/python3.12/site-packages/airflow/example_dags/example_complex.py for tasks to queue
[2024-07-15T13:57:26.766+0000] {logging_mixin.py:188} INFO - [2024-07-15T13:57:26.766+0000] {dagbag.py:545} INFO - Filling up the DagBag from /home/airflow/.local/lib/python3.12/site-packages/airflow/example_dags/example_complex.py
[2024-07-15T13:57:26.771+0000] {processor.py:840} INFO - DAG(s) 'example_complex' retrieved from /home/airflow/.local/lib/python3.12/site-packages/airflow/example_dags/example_complex.py
[2024-07-15T13:57:26.786+0000] {logging_mixin.py:188} INFO - [2024-07-15T13:57:26.786+0000] {dag.py:3096} INFO - Sync 1 DAGs
[2024-07-15T13:57:26.792+0000] {logging_mixin.py:188} INFO - [2024-07-15T13:57:26.792+0000] {dag.py:3954} INFO - Setting next_dagrun for example_complex to None, run_after=None
[2024-07-15T13:57:26.801+0000] {processor.py:183} INFO - Processing /home/airflow/.local/lib/python3.12/site-packages/airflow/example_dags/example_complex.py took 0.040 seconds
[2024-07-15T13:57:57.824+0000] {processor.py:161} INFO - Started process (PID=701) to work on /home/airflow/.local/lib/python3.12/site-packages/airflow/example_dags/example_complex.py
[2024-07-15T13:57:57.824+0000] {processor.py:830} INFO - Processing file /home/airflow/.local/lib/python3.12/site-packages/airflow/example_dags/example_complex.py for tasks to queue
[2024-07-15T13:57:57.825+0000] {logging_mixin.py:188} INFO - [2024-07-15T13:57:57.825+0000] {dagbag.py:545} INFO - Filling up the DagBag from /home/airflow/.local/lib/python3.12/site-packages/airflow/example_dags/example_complex.py
[2024-07-15T13:57:57.830+0000] {processor.py:840} INFO - DAG(s) 'example_complex' retrieved from /home/airflow/.local/lib/python3.12/site-packages/airflow/example_dags/example_complex.py
[2024-07-15T13:57:57.846+0000] {logging_mixin.py:188} INFO - [2024-07-15T13:57:57.846+0000] {dag.py:3096} INFO - Sync 1 DAGs
[2024-07-15T13:57:57.853+0000] {logging_mixin.py:188} INFO - [2024-07-15T13:57:57.852+0000] {dag.py:3954} INFO - Setting next_dagrun for example_complex to None, run_after=None
[2024-07-15T13:57:57.863+0000] {processor.py:183} INFO - Processing /home/airflow/.local/lib/python3.12/site-packages/airflow/example_dags/example_complex.py took 0.042 seconds
[2024-07-15T13:58:28.016+0000] {processor.py:161} INFO - Started process (PID=765) to work on /home/airflow/.local/lib/python3.12/site-packages/airflow/example_dags/example_complex.py
[2024-07-15T13:58:28.017+0000] {processor.py:830} INFO - Processing file /home/airflow/.local/lib/python3.12/site-packages/airflow/example_dags/example_complex.py for tasks to queue
[2024-07-15T13:58:28.018+0000] {logging_mixin.py:188} INFO - [2024-07-15T13:58:28.017+0000] {dagbag.py:545} INFO - Filling up the DagBag from /home/airflow/.local/lib/python3.12/site-packages/airflow/example_dags/example_complex.py
[2024-07-15T13:58:28.023+0000] {processor.py:840} INFO - DAG(s) 'example_complex' retrieved from /home/airflow/.local/lib/python3.12/site-packages/airflow/example_dags/example_complex.py
[2024-07-15T13:58:28.039+0000] {logging_mixin.py:188} INFO - [2024-07-15T13:58:28.039+0000] {dag.py:3096} INFO - Sync 1 DAGs
[2024-07-15T13:58:28.046+0000] {logging_mixin.py:188} INFO - [2024-07-15T13:58:28.046+0000] {dag.py:3954} INFO - Setting next_dagrun for example_complex to None, run_after=None
[2024-07-15T13:58:28.056+0000] {processor.py:183} INFO - Processing /home/airflow/.local/lib/python3.12/site-packages/airflow/example_dags/example_complex.py took 0.043 seconds
[2024-07-15T13:58:58.244+0000] {processor.py:161} INFO - Started process (PID=829) to work on /home/airflow/.local/lib/python3.12/site-packages/airflow/example_dags/example_complex.py
[2024-07-15T13:58:58.245+0000] {processor.py:830} INFO - Processing file /home/airflow/.local/lib/python3.12/site-packages/airflow/example_dags/example_complex.py for tasks to queue
[2024-07-15T13:58:58.246+0000] {logging_mixin.py:188} INFO - [2024-07-15T13:58:58.246+0000] {dagbag.py:545} INFO - Filling up the DagBag from /home/airflow/.local/lib/python3.12/site-packages/airflow/example_dags/example_complex.py
[2024-07-15T13:58:58.251+0000] {processor.py:840} INFO - DAG(s) 'example_complex' retrieved from /home/airflow/.local/lib/python3.12/site-packages/airflow/example_dags/example_complex.py
[2024-07-15T13:58:58.265+0000] {logging_mixin.py:188} INFO - [2024-07-15T13:58:58.265+0000] {dag.py:3096} INFO - Sync 1 DAGs
[2024-07-15T13:58:58.271+0000] {logging_mixin.py:188} INFO - [2024-07-15T13:58:58.271+0000] {dag.py:3954} INFO - Setting next_dagrun for example_complex to None, run_after=None
[2024-07-15T13:58:58.280+0000] {processor.py:183} INFO - Processing /home/airflow/.local/lib/python3.12/site-packages/airflow/example_dags/example_complex.py took 0.038 seconds
[2024-07-15T13:59:28.369+0000] {processor.py:161} INFO - Started process (PID=893) to work on /home/airflow/.local/lib/python3.12/site-packages/airflow/example_dags/example_complex.py
[2024-07-15T13:59:28.369+0000] {processor.py:830} INFO - Processing file /home/airflow/.local/lib/python3.12/site-packages/airflow/example_dags/example_complex.py for tasks to queue
[2024-07-15T13:59:28.370+0000] {logging_mixin.py:188} INFO - [2024-07-15T13:59:28.370+0000] {dagbag.py:545} INFO - Filling up the DagBag from /home/airflow/.local/lib/python3.12/site-packages/airflow/example_dags/example_complex.py
[2024-07-15T13:59:28.375+0000] {processor.py:840} INFO - DAG(s) 'example_complex' retrieved from /home/airflow/.local/lib/python3.12/site-packages/airflow/example_dags/example_complex.py
[2024-07-15T13:59:28.390+0000] {logging_mixin.py:188} INFO - [2024-07-15T13:59:28.390+0000] {dag.py:3096} INFO - Sync 1 DAGs
[2024-07-15T13:59:28.396+0000] {logging_mixin.py:188} INFO - [2024-07-15T13:59:28.396+0000] {dag.py:3954} INFO - Setting next_dagrun for example_complex to None, run_after=None
[2024-07-15T13:59:28.405+0000] {processor.py:183} INFO - Processing /home/airflow/.local/lib/python3.12/site-packages/airflow/example_dags/example_complex.py took 0.039 seconds
[2024-07-15T13:59:58.583+0000] {processor.py:161} INFO - Started process (PID=957) to work on /home/airflow/.local/lib/python3.12/site-packages/airflow/example_dags/example_complex.py
[2024-07-15T13:59:58.584+0000] {processor.py:830} INFO - Processing file /home/airflow/.local/lib/python3.12/site-packages/airflow/example_dags/example_complex.py for tasks to queue
[2024-07-15T13:59:58.585+0000] {logging_mixin.py:188} INFO - [2024-07-15T13:59:58.585+0000] {dagbag.py:545} INFO - Filling up the DagBag from /home/airflow/.local/lib/python3.12/site-packages/airflow/example_dags/example_complex.py
[2024-07-15T13:59:58.591+0000] {processor.py:840} INFO - DAG(s) 'example_complex' retrieved from /home/airflow/.local/lib/python3.12/site-packages/airflow/example_dags/example_complex.py
[2024-07-15T13:59:58.606+0000] {logging_mixin.py:188} INFO - [2024-07-15T13:59:58.606+0000] {dag.py:3096} INFO - Sync 1 DAGs
[2024-07-15T13:59:58.613+0000] {logging_mixin.py:188} INFO - [2024-07-15T13:59:58.613+0000] {dag.py:3954} INFO - Setting next_dagrun for example_complex to None, run_after=None
[2024-07-15T13:59:58.622+0000] {processor.py:183} INFO - Processing /home/airflow/.local/lib/python3.12/site-packages/airflow/example_dags/example_complex.py took 0.043 seconds
[2024-07-15T14:00:28.715+0000] {processor.py:161} INFO - Started process (PID=1021) to work on /home/airflow/.local/lib/python3.12/site-packages/airflow/example_dags/example_complex.py
[2024-07-15T14:00:28.716+0000] {processor.py:830} INFO - Processing file /home/airflow/.local/lib/python3.12/site-packages/airflow/example_dags/example_complex.py for tasks to queue
[2024-07-15T14:00:28.717+0000] {logging_mixin.py:188} INFO - [2024-07-15T14:00:28.717+0000] {dagbag.py:545} INFO - Filling up the DagBag from /home/airflow/.local/lib/python3.12/site-packages/airflow/example_dags/example_complex.py
[2024-07-15T14:00:28.722+0000] {processor.py:840} INFO - DAG(s) 'example_complex' retrieved from /home/airflow/.local/lib/python3.12/site-packages/airflow/example_dags/example_complex.py
[2024-07-15T14:00:28.737+0000] {logging_mixin.py:188} INFO - [2024-07-15T14:00:28.737+0000] {dag.py:3096} INFO - Sync 1 DAGs
[2024-07-15T14:00:28.743+0000] {logging_mixin.py:188} INFO - [2024-07-15T14:00:28.743+0000] {dag.py:3954} INFO - Setting next_dagrun for example_complex to None, run_after=None
[2024-07-15T14:00:28.753+0000] {processor.py:183} INFO - Processing /home/airflow/.local/lib/python3.12/site-packages/airflow/example_dags/example_complex.py took 0.040 seconds
[2024-07-15T14:00:59.844+0000] {processor.py:161} INFO - Started process (PID=1085) to work on /home/airflow/.local/lib/python3.12/site-packages/airflow/example_dags/example_complex.py
[2024-07-15T14:00:59.845+0000] {processor.py:830} INFO - Processing file /home/airflow/.local/lib/python3.12/site-packages/airflow/example_dags/example_complex.py for tasks to queue
[2024-07-15T14:00:59.846+0000] {logging_mixin.py:188} INFO - [2024-07-15T14:00:59.846+0000] {dagbag.py:545} INFO - Filling up the DagBag from /home/airflow/.local/lib/python3.12/site-packages/airflow/example_dags/example_complex.py
[2024-07-15T14:00:59.851+0000] {processor.py:840} INFO - DAG(s) 'example_complex' retrieved from /home/airflow/.local/lib/python3.12/site-packages/airflow/example_dags/example_complex.py
[2024-07-15T14:00:59.866+0000] {logging_mixin.py:188} INFO - [2024-07-15T14:00:59.866+0000] {dag.py:3096} INFO - Sync 1 DAGs
[2024-07-15T14:00:59.872+0000] {logging_mixin.py:188} INFO - [2024-07-15T14:00:59.872+0000] {dag.py:3954} INFO - Setting next_dagrun for example_complex to None, run_after=None
[2024-07-15T14:00:59.880+0000] {processor.py:183} INFO - Processing /home/airflow/.local/lib/python3.12/site-packages/airflow/example_dags/example_complex.py took 0.039 seconds
[2024-07-15T14:01:30.041+0000] {processor.py:161} INFO - Started process (PID=1149) to work on /home/airflow/.local/lib/python3.12/site-packages/airflow/example_dags/example_complex.py
[2024-07-15T14:01:30.041+0000] {processor.py:830} INFO - Processing file /home/airflow/.local/lib/python3.12/site-packages/airflow/example_dags/example_complex.py for tasks to queue
[2024-07-15T14:01:30.042+0000] {logging_mixin.py:188} INFO - [2024-07-15T14:01:30.042+0000] {dagbag.py:545} INFO - Filling up the DagBag from /home/airflow/.local/lib/python3.12/site-packages/airflow/example_dags/example_complex.py
[2024-07-15T14:01:30.047+0000] {processor.py:840} INFO - DAG(s) 'example_complex' retrieved from /home/airflow/.local/lib/python3.12/site-packages/airflow/example_dags/example_complex.py
[2024-07-15T14:01:30.061+0000] {logging_mixin.py:188} INFO - [2024-07-15T14:01:30.061+0000] {dag.py:3096} INFO - Sync 1 DAGs
[2024-07-15T14:01:30.067+0000] {logging_mixin.py:188} INFO - [2024-07-15T14:01:30.067+0000] {dag.py:3954} INFO - Setting next_dagrun for example_complex to None, run_after=None
[2024-07-15T14:01:30.075+0000] {processor.py:183} INFO - Processing /home/airflow/.local/lib/python3.12/site-packages/airflow/example_dags/example_complex.py took 0.038 seconds
[2024-07-15T14:02:00.147+0000] {processor.py:161} INFO - Started process (PID=1213) to work on /home/airflow/.local/lib/python3.12/site-packages/airflow/example_dags/example_complex.py
[2024-07-15T14:02:00.147+0000] {processor.py:830} INFO - Processing file /home/airflow/.local/lib/python3.12/site-packages/airflow/example_dags/example_complex.py for tasks to queue
[2024-07-15T14:02:00.148+0000] {logging_mixin.py:188} INFO - [2024-07-15T14:02:00.148+0000] {dagbag.py:545} INFO - Filling up the DagBag from /home/airflow/.local/lib/python3.12/site-packages/airflow/example_dags/example_complex.py
[2024-07-15T14:02:00.153+0000] {processor.py:840} INFO - DAG(s) 'example_complex' retrieved from /home/airflow/.local/lib/python3.12/site-packages/airflow/example_dags/example_complex.py
[2024-07-15T14:02:00.169+0000] {logging_mixin.py:188} INFO - [2024-07-15T14:02:00.168+0000] {dag.py:3096} INFO - Sync 1 DAGs
[2024-07-15T14:02:00.174+0000] {logging_mixin.py:188} INFO - [2024-07-15T14:02:00.174+0000] {dag.py:3954} INFO - Setting next_dagrun for example_complex to None, run_after=None
[2024-07-15T14:02:00.183+0000] {processor.py:183} INFO - Processing /home/airflow/.local/lib/python3.12/site-packages/airflow/example_dags/example_complex.py took 0.039 seconds
[2024-07-15T14:02:30.298+0000] {processor.py:161} INFO - Started process (PID=1277) to work on /home/airflow/.local/lib/python3.12/site-packages/airflow/example_dags/example_complex.py
[2024-07-15T14:02:30.299+0000] {processor.py:830} INFO - Processing file /home/airflow/.local/lib/python3.12/site-packages/airflow/example_dags/example_complex.py for tasks to queue
[2024-07-15T14:02:30.300+0000] {logging_mixin.py:188} INFO - [2024-07-15T14:02:30.300+0000] {dagbag.py:545} INFO - Filling up the DagBag from /home/airflow/.local/lib/python3.12/site-packages/airflow/example_dags/example_complex.py
[2024-07-15T14:02:30.305+0000] {processor.py:840} INFO - DAG(s) 'example_complex' retrieved from /home/airflow/.local/lib/python3.12/site-packages/airflow/example_dags/example_complex.py
[2024-07-15T14:02:30.319+0000] {logging_mixin.py:188} INFO - [2024-07-15T14:02:30.319+0000] {dag.py:3096} INFO - Sync 1 DAGs
[2024-07-15T14:02:30.325+0000] {logging_mixin.py:188} INFO - [2024-07-15T14:02:30.325+0000] {dag.py:3954} INFO - Setting next_dagrun for example_complex to None, run_after=None
[2024-07-15T14:02:30.333+0000] {processor.py:183} INFO - Processing /home/airflow/.local/lib/python3.12/site-packages/airflow/example_dags/example_complex.py took 0.038 seconds
[2024-07-15T14:03:00.388+0000] {processor.py:161} INFO - Started process (PID=1341) to work on /home/airflow/.local/lib/python3.12/site-packages/airflow/example_dags/example_complex.py
[2024-07-15T14:03:00.388+0000] {processor.py:830} INFO - Processing file /home/airflow/.local/lib/python3.12/site-packages/airflow/example_dags/example_complex.py for tasks to queue
[2024-07-15T14:03:00.390+0000] {logging_mixin.py:188} INFO - [2024-07-15T14:03:00.389+0000] {dagbag.py:545} INFO - Filling up the DagBag from /home/airflow/.local/lib/python3.12/site-packages/airflow/example_dags/example_complex.py
[2024-07-15T14:03:00.395+0000] {processor.py:840} INFO - DAG(s) 'example_complex' retrieved from /home/airflow/.local/lib/python3.12/site-packages/airflow/example_dags/example_complex.py
[2024-07-15T14:03:00.410+0000] {logging_mixin.py:188} INFO - [2024-07-15T14:03:00.410+0000] {dag.py:3096} INFO - Sync 1 DAGs
[2024-07-15T14:03:00.417+0000] {logging_mixin.py:188} INFO - [2024-07-15T14:03:00.417+0000] {dag.py:3954} INFO - Setting next_dagrun for example_complex to None, run_after=None
[2024-07-15T14:03:00.428+0000] {processor.py:183} INFO - Processing /home/airflow/.local/lib/python3.12/site-packages/airflow/example_dags/example_complex.py took 0.044 seconds
[2024-07-15T14:03:30.472+0000] {processor.py:161} INFO - Started process (PID=1404) to work on /home/airflow/.local/lib/python3.12/site-packages/airflow/example_dags/example_complex.py
[2024-07-15T14:03:30.473+0000] {processor.py:830} INFO - Processing file /home/airflow/.local/lib/python3.12/site-packages/airflow/example_dags/example_complex.py for tasks to queue
[2024-07-15T14:03:30.474+0000] {logging_mixin.py:188} INFO - [2024-07-15T14:03:30.474+0000] {dagbag.py:545} INFO - Filling up the DagBag from /home/airflow/.local/lib/python3.12/site-packages/airflow/example_dags/example_complex.py
[2024-07-15T14:03:30.479+0000] {processor.py:840} INFO - DAG(s) 'example_complex' retrieved from /home/airflow/.local/lib/python3.12/site-packages/airflow/example_dags/example_complex.py
[2024-07-15T14:03:30.493+0000] {logging_mixin.py:188} INFO - [2024-07-15T14:03:30.493+0000] {dag.py:3096} INFO - Sync 1 DAGs
[2024-07-15T14:03:30.499+0000] {logging_mixin.py:188} INFO - [2024-07-15T14:03:30.499+0000] {dag.py:3954} INFO - Setting next_dagrun for example_complex to None, run_after=None
[2024-07-15T14:03:30.507+0000] {processor.py:183} INFO - Processing /home/airflow/.local/lib/python3.12/site-packages/airflow/example_dags/example_complex.py took 0.038 seconds
[2024-07-15T14:04:00.846+0000] {processor.py:161} INFO - Started process (PID=1468) to work on /home/airflow/.local/lib/python3.12/site-packages/airflow/example_dags/example_complex.py
[2024-07-15T14:04:00.847+0000] {processor.py:830} INFO - Processing file /home/airflow/.local/lib/python3.12/site-packages/airflow/example_dags/example_complex.py for tasks to queue
[2024-07-15T14:04:00.848+0000] {logging_mixin.py:188} INFO - [2024-07-15T14:04:00.848+0000] {dagbag.py:545} INFO - Filling up the DagBag from /home/airflow/.local/lib/python3.12/site-packages/airflow/example_dags/example_complex.py
[2024-07-15T14:04:00.854+0000] {processor.py:840} INFO - DAG(s) 'example_complex' retrieved from /home/airflow/.local/lib/python3.12/site-packages/airflow/example_dags/example_complex.py
[2024-07-15T14:04:00.872+0000] {logging_mixin.py:188} INFO - [2024-07-15T14:04:00.872+0000] {dag.py:3096} INFO - Sync 1 DAGs
[2024-07-15T14:04:00.878+0000] {logging_mixin.py:188} INFO - [2024-07-15T14:04:00.878+0000] {dag.py:3954} INFO - Setting next_dagrun for example_complex to None, run_after=None
[2024-07-15T14:04:00.887+0000] {processor.py:183} INFO - Processing /home/airflow/.local/lib/python3.12/site-packages/airflow/example_dags/example_complex.py took 0.045 seconds
[2024-07-15T14:04:31.634+0000] {processor.py:161} INFO - Started process (PID=1533) to work on /home/airflow/.local/lib/python3.12/site-packages/airflow/example_dags/example_complex.py
[2024-07-15T14:04:31.635+0000] {processor.py:830} INFO - Processing file /home/airflow/.local/lib/python3.12/site-packages/airflow/example_dags/example_complex.py for tasks to queue
[2024-07-15T14:04:31.636+0000] {logging_mixin.py:188} INFO - [2024-07-15T14:04:31.636+0000] {dagbag.py:545} INFO - Filling up the DagBag from /home/airflow/.local/lib/python3.12/site-packages/airflow/example_dags/example_complex.py
[2024-07-15T14:04:31.642+0000] {processor.py:840} INFO - DAG(s) 'example_complex' retrieved from /home/airflow/.local/lib/python3.12/site-packages/airflow/example_dags/example_complex.py
[2024-07-15T14:04:31.658+0000] {logging_mixin.py:188} INFO - [2024-07-15T14:04:31.657+0000] {dag.py:3096} INFO - Sync 1 DAGs
[2024-07-15T14:04:31.664+0000] {logging_mixin.py:188} INFO - [2024-07-15T14:04:31.664+0000] {dag.py:3954} INFO - Setting next_dagrun for example_complex to None, run_after=None
[2024-07-15T14:04:31.673+0000] {processor.py:183} INFO - Processing /home/airflow/.local/lib/python3.12/site-packages/airflow/example_dags/example_complex.py took 0.042 seconds
