[2024-07-19T11:51:42.777+0000] {local_task_job_runner.py:120} INFO - ::group::Pre task execution logs
[2024-07-19T11:51:42.799+0000] {taskinstance.py:2076} INFO - Dependencies all met for dep_context=non-requeueable deps ti=<TaskInstance: sql_dag.print_process_start manual__2024-07-19T11:51:41.458342+00:00 [queued]>
[2024-07-19T11:51:42.806+0000] {taskinstance.py:2076} INFO - Dependencies all met for dep_context=requeueable deps ti=<TaskInstance: sql_dag.print_process_start manual__2024-07-19T11:51:41.458342+00:00 [queued]>
[2024-07-19T11:51:42.807+0000] {taskinstance.py:2306} INFO - Starting attempt 1 of 1
[2024-07-19T11:51:42.815+0000] {taskinstance.py:2330} INFO - Executing <Task(BashOperator): print_process_start> on 2024-07-19 11:51:41.458342+00:00
[2024-07-19T11:51:42.821+0000] {warnings.py:112} WARNING - /home/airflow/.local/lib/python3.12/site-packages/airflow/task/task_runner/standard_task_runner.py:61: DeprecationWarning: This process (pid=760) is multi-threaded, use of fork() may lead to deadlocks in the child.
  pid = os.fork()

[2024-07-19T11:51:42.822+0000] {standard_task_runner.py:63} INFO - Started process 762 to run task
[2024-07-19T11:51:42.822+0000] {standard_task_runner.py:90} INFO - Running: ['airflow', 'tasks', 'run', 'sql_dag', 'print_process_start', 'manual__2024-07-19T11:51:41.458342+00:00', '--job-id', '1609', '--raw', '--subdir', 'DAGS_FOLDER/sql.py', '--cfg-path', '/tmp/tmpcundykqj']
[2024-07-19T11:51:42.824+0000] {standard_task_runner.py:91} INFO - Job 1609: Subtask print_process_start
[2024-07-19T11:51:42.908+0000] {task_command.py:426} INFO - Running <TaskInstance: sql_dag.print_process_start manual__2024-07-19T11:51:41.458342+00:00 [running]> on host b6c6b8dd133d
[2024-07-19T11:51:43.009+0000] {taskinstance.py:2648} INFO - Exporting env vars: AIRFLOW_CTX_DAG_OWNER='airflow' AIRFLOW_CTX_DAG_ID='sql_dag' AIRFLOW_CTX_TASK_ID='print_process_start' AIRFLOW_CTX_EXECUTION_DATE='2024-07-19T11:51:41.458342+00:00' AIRFLOW_CTX_TRY_NUMBER='1' AIRFLOW_CTX_DAG_RUN_ID='manual__2024-07-19T11:51:41.458342+00:00'
[2024-07-19T11:51:43.011+0000] {taskinstance.py:430} INFO - ::endgroup::
[2024-07-19T11:51:43.012+0000] {subprocess.py:63} INFO - Tmp dir root location: /tmp
[2024-07-19T11:51:43.013+0000] {subprocess.py:75} INFO - Running command: ['/usr/bin/bash', '-c', 'echo "Process start"']
[2024-07-19T11:51:43.020+0000] {subprocess.py:86} INFO - Output:
[2024-07-19T11:51:43.022+0000] {subprocess.py:93} INFO - Process start
[2024-07-19T11:51:43.023+0000] {subprocess.py:97} INFO - Command exited with return code 0
[2024-07-19T11:51:43.024+0000] {taskinstance.py:441} INFO - ::group::Post task execution logs
[2024-07-19T11:51:43.064+0000] {taskinstance.py:1206} INFO - Marking task as SUCCESS. dag_id=sql_dag, task_id=print_process_start, run_id=manual__2024-07-19T11:51:41.458342+00:00, execution_date=20240719T115141, start_date=20240719T115142, end_date=20240719T115143
[2024-07-19T11:51:43.084+0000] {local_task_job_runner.py:240} INFO - Task exited with return code 0
[2024-07-19T11:51:43.115+0000] {taskinstance.py:3503} INFO - 1 downstream tasks scheduled from follow-on schedule check
[2024-07-19T11:51:43.117+0000] {local_task_job_runner.py:222} INFO - ::endgroup::
