[2024-07-16T06:24:07.851+0000] {processor.py:161} INFO - Started process (PID=71) to work on /home/airflow/.local/lib/python3.12/site-packages/airflow/example_dags/example_branch_day_of_week_operator.py
[2024-07-16T06:24:07.852+0000] {processor.py:830} INFO - Processing file /home/airflow/.local/lib/python3.12/site-packages/airflow/example_dags/example_branch_day_of_week_operator.py for tasks to queue
[2024-07-16T06:24:07.853+0000] {logging_mixin.py:188} INFO - [2024-07-16T06:24:07.852+0000] {dagbag.py:545} INFO - Filling up the DagBag from /home/airflow/.local/lib/python3.12/site-packages/airflow/example_dags/example_branch_day_of_week_operator.py
[2024-07-16T06:24:07.857+0000] {processor.py:840} INFO - DAG(s) 'example_weekday_branch_operator' retrieved from /home/airflow/.local/lib/python3.12/site-packages/airflow/example_dags/example_branch_day_of_week_operator.py
[2024-07-16T06:24:07.868+0000] {logging_mixin.py:188} INFO - [2024-07-16T06:24:07.867+0000] {dag.py:3096} INFO - Sync 1 DAGs
[2024-07-16T06:24:07.879+0000] {logging_mixin.py:188} INFO - [2024-07-16T06:24:07.879+0000] {dag.py:3954} INFO - Setting next_dagrun for example_weekday_branch_operator to 2024-07-15 00:00:00+00:00, run_after=2024-07-16 00:00:00+00:00
[2024-07-16T06:24:07.889+0000] {processor.py:183} INFO - Processing /home/airflow/.local/lib/python3.12/site-packages/airflow/example_dags/example_branch_day_of_week_operator.py took 0.040 seconds
[2024-07-16T06:24:38.894+0000] {processor.py:161} INFO - Started process (PID=134) to work on /home/airflow/.local/lib/python3.12/site-packages/airflow/example_dags/example_branch_day_of_week_operator.py
[2024-07-16T06:24:38.895+0000] {processor.py:830} INFO - Processing file /home/airflow/.local/lib/python3.12/site-packages/airflow/example_dags/example_branch_day_of_week_operator.py for tasks to queue
[2024-07-16T06:24:38.896+0000] {logging_mixin.py:188} INFO - [2024-07-16T06:24:38.896+0000] {dagbag.py:545} INFO - Filling up the DagBag from /home/airflow/.local/lib/python3.12/site-packages/airflow/example_dags/example_branch_day_of_week_operator.py
[2024-07-16T06:24:38.902+0000] {processor.py:840} INFO - DAG(s) 'example_weekday_branch_operator' retrieved from /home/airflow/.local/lib/python3.12/site-packages/airflow/example_dags/example_branch_day_of_week_operator.py
[2024-07-16T06:24:38.921+0000] {logging_mixin.py:188} INFO - [2024-07-16T06:24:38.921+0000] {dag.py:3096} INFO - Sync 1 DAGs
[2024-07-16T06:24:38.947+0000] {logging_mixin.py:188} INFO - [2024-07-16T06:24:38.947+0000] {dag.py:3954} INFO - Setting next_dagrun for example_weekday_branch_operator to 2024-07-15 00:00:00+00:00, run_after=2024-07-16 00:00:00+00:00
[2024-07-16T06:24:38.965+0000] {processor.py:183} INFO - Processing /home/airflow/.local/lib/python3.12/site-packages/airflow/example_dags/example_branch_day_of_week_operator.py took 0.075 seconds
[2024-07-16T06:29:31.590+0000] {processor.py:161} INFO - Started process (PID=72) to work on /home/airflow/.local/lib/python3.12/site-packages/airflow/example_dags/example_branch_day_of_week_operator.py
[2024-07-16T06:29:31.591+0000] {processor.py:830} INFO - Processing file /home/airflow/.local/lib/python3.12/site-packages/airflow/example_dags/example_branch_day_of_week_operator.py for tasks to queue
[2024-07-16T06:29:31.592+0000] {logging_mixin.py:188} INFO - [2024-07-16T06:29:31.592+0000] {dagbag.py:545} INFO - Filling up the DagBag from /home/airflow/.local/lib/python3.12/site-packages/airflow/example_dags/example_branch_day_of_week_operator.py
[2024-07-16T06:29:31.596+0000] {processor.py:840} INFO - DAG(s) 'example_weekday_branch_operator' retrieved from /home/airflow/.local/lib/python3.12/site-packages/airflow/example_dags/example_branch_day_of_week_operator.py
[2024-07-16T06:29:31.607+0000] {logging_mixin.py:188} INFO - [2024-07-16T06:29:31.606+0000] {dag.py:3096} INFO - Sync 1 DAGs
[2024-07-16T06:29:31.620+0000] {logging_mixin.py:188} INFO - [2024-07-16T06:29:31.620+0000] {dag.py:3954} INFO - Setting next_dagrun for example_weekday_branch_operator to 2024-07-15 00:00:00+00:00, run_after=2024-07-16 00:00:00+00:00
[2024-07-16T06:29:31.635+0000] {processor.py:183} INFO - Processing /home/airflow/.local/lib/python3.12/site-packages/airflow/example_dags/example_branch_day_of_week_operator.py took 0.048 seconds
[2024-07-16T06:30:02.346+0000] {processor.py:161} INFO - Started process (PID=136) to work on /home/airflow/.local/lib/python3.12/site-packages/airflow/example_dags/example_branch_day_of_week_operator.py
[2024-07-16T06:30:02.346+0000] {processor.py:830} INFO - Processing file /home/airflow/.local/lib/python3.12/site-packages/airflow/example_dags/example_branch_day_of_week_operator.py for tasks to queue
[2024-07-16T06:30:02.347+0000] {logging_mixin.py:188} INFO - [2024-07-16T06:30:02.347+0000] {dagbag.py:545} INFO - Filling up the DagBag from /home/airflow/.local/lib/python3.12/site-packages/airflow/example_dags/example_branch_day_of_week_operator.py
[2024-07-16T06:30:02.351+0000] {processor.py:840} INFO - DAG(s) 'example_weekday_branch_operator' retrieved from /home/airflow/.local/lib/python3.12/site-packages/airflow/example_dags/example_branch_day_of_week_operator.py
[2024-07-16T06:30:02.408+0000] {logging_mixin.py:188} INFO - [2024-07-16T06:30:02.408+0000] {dag.py:3096} INFO - Sync 1 DAGs
[2024-07-16T06:30:02.420+0000] {logging_mixin.py:188} INFO - [2024-07-16T06:30:02.419+0000] {dag.py:3954} INFO - Setting next_dagrun for example_weekday_branch_operator to 2024-07-15 00:00:00+00:00, run_after=2024-07-16 00:00:00+00:00
[2024-07-16T06:30:02.430+0000] {processor.py:183} INFO - Processing /home/airflow/.local/lib/python3.12/site-packages/airflow/example_dags/example_branch_day_of_week_operator.py took 0.088 seconds
[2024-07-16T06:30:32.764+0000] {processor.py:161} INFO - Started process (PID=200) to work on /home/airflow/.local/lib/python3.12/site-packages/airflow/example_dags/example_branch_day_of_week_operator.py
[2024-07-16T06:30:32.765+0000] {processor.py:830} INFO - Processing file /home/airflow/.local/lib/python3.12/site-packages/airflow/example_dags/example_branch_day_of_week_operator.py for tasks to queue
[2024-07-16T06:30:32.766+0000] {logging_mixin.py:188} INFO - [2024-07-16T06:30:32.766+0000] {dagbag.py:545} INFO - Filling up the DagBag from /home/airflow/.local/lib/python3.12/site-packages/airflow/example_dags/example_branch_day_of_week_operator.py
[2024-07-16T06:30:32.770+0000] {processor.py:840} INFO - DAG(s) 'example_weekday_branch_operator' retrieved from /home/airflow/.local/lib/python3.12/site-packages/airflow/example_dags/example_branch_day_of_week_operator.py
[2024-07-16T06:30:32.785+0000] {logging_mixin.py:188} INFO - [2024-07-16T06:30:32.785+0000] {dag.py:3096} INFO - Sync 1 DAGs
[2024-07-16T06:30:32.797+0000] {logging_mixin.py:188} INFO - [2024-07-16T06:30:32.797+0000] {dag.py:3954} INFO - Setting next_dagrun for example_weekday_branch_operator to 2024-07-15 00:00:00+00:00, run_after=2024-07-16 00:00:00+00:00
[2024-07-16T06:30:32.807+0000] {processor.py:183} INFO - Processing /home/airflow/.local/lib/python3.12/site-packages/airflow/example_dags/example_branch_day_of_week_operator.py took 0.046 seconds
[2024-07-16T06:31:03.137+0000] {processor.py:161} INFO - Started process (PID=263) to work on /home/airflow/.local/lib/python3.12/site-packages/airflow/example_dags/example_branch_day_of_week_operator.py
[2024-07-16T06:31:03.138+0000] {processor.py:830} INFO - Processing file /home/airflow/.local/lib/python3.12/site-packages/airflow/example_dags/example_branch_day_of_week_operator.py for tasks to queue
[2024-07-16T06:31:03.139+0000] {logging_mixin.py:188} INFO - [2024-07-16T06:31:03.139+0000] {dagbag.py:545} INFO - Filling up the DagBag from /home/airflow/.local/lib/python3.12/site-packages/airflow/example_dags/example_branch_day_of_week_operator.py
[2024-07-16T06:31:03.143+0000] {processor.py:840} INFO - DAG(s) 'example_weekday_branch_operator' retrieved from /home/airflow/.local/lib/python3.12/site-packages/airflow/example_dags/example_branch_day_of_week_operator.py
[2024-07-16T06:31:03.158+0000] {logging_mixin.py:188} INFO - [2024-07-16T06:31:03.158+0000] {dag.py:3096} INFO - Sync 1 DAGs
[2024-07-16T06:31:03.171+0000] {logging_mixin.py:188} INFO - [2024-07-16T06:31:03.171+0000] {dag.py:3954} INFO - Setting next_dagrun for example_weekday_branch_operator to 2024-07-15 00:00:00+00:00, run_after=2024-07-16 00:00:00+00:00
[2024-07-16T06:31:03.184+0000] {processor.py:183} INFO - Processing /home/airflow/.local/lib/python3.12/site-packages/airflow/example_dags/example_branch_day_of_week_operator.py took 0.049 seconds
[2024-07-16T06:31:33.280+0000] {processor.py:161} INFO - Started process (PID=327) to work on /home/airflow/.local/lib/python3.12/site-packages/airflow/example_dags/example_branch_day_of_week_operator.py
[2024-07-16T06:31:33.281+0000] {processor.py:830} INFO - Processing file /home/airflow/.local/lib/python3.12/site-packages/airflow/example_dags/example_branch_day_of_week_operator.py for tasks to queue
[2024-07-16T06:31:33.282+0000] {logging_mixin.py:188} INFO - [2024-07-16T06:31:33.282+0000] {dagbag.py:545} INFO - Filling up the DagBag from /home/airflow/.local/lib/python3.12/site-packages/airflow/example_dags/example_branch_day_of_week_operator.py
[2024-07-16T06:31:33.286+0000] {processor.py:840} INFO - DAG(s) 'example_weekday_branch_operator' retrieved from /home/airflow/.local/lib/python3.12/site-packages/airflow/example_dags/example_branch_day_of_week_operator.py
[2024-07-16T06:31:33.302+0000] {logging_mixin.py:188} INFO - [2024-07-16T06:31:33.301+0000] {dag.py:3096} INFO - Sync 1 DAGs
[2024-07-16T06:31:33.318+0000] {logging_mixin.py:188} INFO - [2024-07-16T06:31:33.317+0000] {dag.py:3954} INFO - Setting next_dagrun for example_weekday_branch_operator to 2024-07-15 00:00:00+00:00, run_after=2024-07-16 00:00:00+00:00
[2024-07-16T06:31:33.328+0000] {processor.py:183} INFO - Processing /home/airflow/.local/lib/python3.12/site-packages/airflow/example_dags/example_branch_day_of_week_operator.py took 0.051 seconds
[2024-07-16T06:32:04.368+0000] {processor.py:161} INFO - Started process (PID=390) to work on /home/airflow/.local/lib/python3.12/site-packages/airflow/example_dags/example_branch_day_of_week_operator.py
[2024-07-16T06:32:04.369+0000] {processor.py:830} INFO - Processing file /home/airflow/.local/lib/python3.12/site-packages/airflow/example_dags/example_branch_day_of_week_operator.py for tasks to queue
[2024-07-16T06:32:04.371+0000] {logging_mixin.py:188} INFO - [2024-07-16T06:32:04.371+0000] {dagbag.py:545} INFO - Filling up the DagBag from /home/airflow/.local/lib/python3.12/site-packages/airflow/example_dags/example_branch_day_of_week_operator.py
[2024-07-16T06:32:04.375+0000] {processor.py:840} INFO - DAG(s) 'example_weekday_branch_operator' retrieved from /home/airflow/.local/lib/python3.12/site-packages/airflow/example_dags/example_branch_day_of_week_operator.py
[2024-07-16T06:32:04.391+0000] {logging_mixin.py:188} INFO - [2024-07-16T06:32:04.391+0000] {dag.py:3096} INFO - Sync 1 DAGs
[2024-07-16T06:32:04.404+0000] {logging_mixin.py:188} INFO - [2024-07-16T06:32:04.404+0000] {dag.py:3954} INFO - Setting next_dagrun for example_weekday_branch_operator to 2024-07-15 00:00:00+00:00, run_after=2024-07-16 00:00:00+00:00
[2024-07-16T06:32:04.415+0000] {processor.py:183} INFO - Processing /home/airflow/.local/lib/python3.12/site-packages/airflow/example_dags/example_branch_day_of_week_operator.py took 0.050 seconds
[2024-07-16T06:32:34.532+0000] {processor.py:161} INFO - Started process (PID=454) to work on /home/airflow/.local/lib/python3.12/site-packages/airflow/example_dags/example_branch_day_of_week_operator.py
[2024-07-16T06:32:34.532+0000] {processor.py:830} INFO - Processing file /home/airflow/.local/lib/python3.12/site-packages/airflow/example_dags/example_branch_day_of_week_operator.py for tasks to queue
[2024-07-16T06:32:34.534+0000] {logging_mixin.py:188} INFO - [2024-07-16T06:32:34.533+0000] {dagbag.py:545} INFO - Filling up the DagBag from /home/airflow/.local/lib/python3.12/site-packages/airflow/example_dags/example_branch_day_of_week_operator.py
[2024-07-16T06:32:34.538+0000] {processor.py:840} INFO - DAG(s) 'example_weekday_branch_operator' retrieved from /home/airflow/.local/lib/python3.12/site-packages/airflow/example_dags/example_branch_day_of_week_operator.py
[2024-07-16T06:32:34.557+0000] {logging_mixin.py:188} INFO - [2024-07-16T06:32:34.557+0000] {dag.py:3096} INFO - Sync 1 DAGs
[2024-07-16T06:32:34.571+0000] {logging_mixin.py:188} INFO - [2024-07-16T06:32:34.571+0000] {dag.py:3954} INFO - Setting next_dagrun for example_weekday_branch_operator to 2024-07-15 00:00:00+00:00, run_after=2024-07-16 00:00:00+00:00
[2024-07-16T06:32:34.583+0000] {processor.py:183} INFO - Processing /home/airflow/.local/lib/python3.12/site-packages/airflow/example_dags/example_branch_day_of_week_operator.py took 0.054 seconds
[2024-07-16T06:33:04.733+0000] {processor.py:161} INFO - Started process (PID=518) to work on /home/airflow/.local/lib/python3.12/site-packages/airflow/example_dags/example_branch_day_of_week_operator.py
[2024-07-16T06:33:04.734+0000] {processor.py:830} INFO - Processing file /home/airflow/.local/lib/python3.12/site-packages/airflow/example_dags/example_branch_day_of_week_operator.py for tasks to queue
[2024-07-16T06:33:04.735+0000] {logging_mixin.py:188} INFO - [2024-07-16T06:33:04.735+0000] {dagbag.py:545} INFO - Filling up the DagBag from /home/airflow/.local/lib/python3.12/site-packages/airflow/example_dags/example_branch_day_of_week_operator.py
[2024-07-16T06:33:04.738+0000] {processor.py:840} INFO - DAG(s) 'example_weekday_branch_operator' retrieved from /home/airflow/.local/lib/python3.12/site-packages/airflow/example_dags/example_branch_day_of_week_operator.py
[2024-07-16T06:33:04.753+0000] {logging_mixin.py:188} INFO - [2024-07-16T06:33:04.753+0000] {dag.py:3096} INFO - Sync 1 DAGs
[2024-07-16T06:33:04.766+0000] {logging_mixin.py:188} INFO - [2024-07-16T06:33:04.765+0000] {dag.py:3954} INFO - Setting next_dagrun for example_weekday_branch_operator to 2024-07-15 00:00:00+00:00, run_after=2024-07-16 00:00:00+00:00
[2024-07-16T06:33:04.776+0000] {processor.py:183} INFO - Processing /home/airflow/.local/lib/python3.12/site-packages/airflow/example_dags/example_branch_day_of_week_operator.py took 0.045 seconds
[2024-07-16T06:33:34.829+0000] {processor.py:161} INFO - Started process (PID=582) to work on /home/airflow/.local/lib/python3.12/site-packages/airflow/example_dags/example_branch_day_of_week_operator.py
[2024-07-16T06:33:34.829+0000] {processor.py:830} INFO - Processing file /home/airflow/.local/lib/python3.12/site-packages/airflow/example_dags/example_branch_day_of_week_operator.py for tasks to queue
[2024-07-16T06:33:34.831+0000] {logging_mixin.py:188} INFO - [2024-07-16T06:33:34.830+0000] {dagbag.py:545} INFO - Filling up the DagBag from /home/airflow/.local/lib/python3.12/site-packages/airflow/example_dags/example_branch_day_of_week_operator.py
[2024-07-16T06:33:34.835+0000] {processor.py:840} INFO - DAG(s) 'example_weekday_branch_operator' retrieved from /home/airflow/.local/lib/python3.12/site-packages/airflow/example_dags/example_branch_day_of_week_operator.py
[2024-07-16T06:33:34.856+0000] {logging_mixin.py:188} INFO - [2024-07-16T06:33:34.855+0000] {dag.py:3096} INFO - Sync 1 DAGs
[2024-07-16T06:33:34.871+0000] {logging_mixin.py:188} INFO - [2024-07-16T06:33:34.871+0000] {dag.py:3954} INFO - Setting next_dagrun for example_weekday_branch_operator to 2024-07-15 00:00:00+00:00, run_after=2024-07-16 00:00:00+00:00
[2024-07-16T06:33:34.883+0000] {processor.py:183} INFO - Processing /home/airflow/.local/lib/python3.12/site-packages/airflow/example_dags/example_branch_day_of_week_operator.py took 0.057 seconds
[2024-07-16T06:34:05.069+0000] {processor.py:161} INFO - Started process (PID=645) to work on /home/airflow/.local/lib/python3.12/site-packages/airflow/example_dags/example_branch_day_of_week_operator.py
[2024-07-16T06:34:05.070+0000] {processor.py:830} INFO - Processing file /home/airflow/.local/lib/python3.12/site-packages/airflow/example_dags/example_branch_day_of_week_operator.py for tasks to queue
[2024-07-16T06:34:05.071+0000] {logging_mixin.py:188} INFO - [2024-07-16T06:34:05.071+0000] {dagbag.py:545} INFO - Filling up the DagBag from /home/airflow/.local/lib/python3.12/site-packages/airflow/example_dags/example_branch_day_of_week_operator.py
[2024-07-16T06:34:05.075+0000] {processor.py:840} INFO - DAG(s) 'example_weekday_branch_operator' retrieved from /home/airflow/.local/lib/python3.12/site-packages/airflow/example_dags/example_branch_day_of_week_operator.py
[2024-07-16T06:34:05.091+0000] {logging_mixin.py:188} INFO - [2024-07-16T06:34:05.091+0000] {dag.py:3096} INFO - Sync 1 DAGs
[2024-07-16T06:34:05.103+0000] {logging_mixin.py:188} INFO - [2024-07-16T06:34:05.103+0000] {dag.py:3954} INFO - Setting next_dagrun for example_weekday_branch_operator to 2024-07-15 00:00:00+00:00, run_after=2024-07-16 00:00:00+00:00
[2024-07-16T06:34:05.112+0000] {processor.py:183} INFO - Processing /home/airflow/.local/lib/python3.12/site-packages/airflow/example_dags/example_branch_day_of_week_operator.py took 0.047 seconds
[2024-07-16T06:34:35.313+0000] {processor.py:161} INFO - Started process (PID=708) to work on /home/airflow/.local/lib/python3.12/site-packages/airflow/example_dags/example_branch_day_of_week_operator.py
[2024-07-16T06:34:35.314+0000] {processor.py:830} INFO - Processing file /home/airflow/.local/lib/python3.12/site-packages/airflow/example_dags/example_branch_day_of_week_operator.py for tasks to queue
[2024-07-16T06:34:35.315+0000] {logging_mixin.py:188} INFO - [2024-07-16T06:34:35.315+0000] {dagbag.py:545} INFO - Filling up the DagBag from /home/airflow/.local/lib/python3.12/site-packages/airflow/example_dags/example_branch_day_of_week_operator.py
[2024-07-16T06:34:35.319+0000] {processor.py:840} INFO - DAG(s) 'example_weekday_branch_operator' retrieved from /home/airflow/.local/lib/python3.12/site-packages/airflow/example_dags/example_branch_day_of_week_operator.py
[2024-07-16T06:34:35.334+0000] {logging_mixin.py:188} INFO - [2024-07-16T06:34:35.333+0000] {dag.py:3096} INFO - Sync 1 DAGs
[2024-07-16T06:34:35.347+0000] {logging_mixin.py:188} INFO - [2024-07-16T06:34:35.347+0000] {dag.py:3954} INFO - Setting next_dagrun for example_weekday_branch_operator to 2024-07-15 00:00:00+00:00, run_after=2024-07-16 00:00:00+00:00
[2024-07-16T06:34:35.358+0000] {processor.py:183} INFO - Processing /home/airflow/.local/lib/python3.12/site-packages/airflow/example_dags/example_branch_day_of_week_operator.py took 0.047 seconds
[2024-07-16T06:35:05.733+0000] {processor.py:161} INFO - Started process (PID=772) to work on /home/airflow/.local/lib/python3.12/site-packages/airflow/example_dags/example_branch_day_of_week_operator.py
[2024-07-16T06:35:05.734+0000] {processor.py:830} INFO - Processing file /home/airflow/.local/lib/python3.12/site-packages/airflow/example_dags/example_branch_day_of_week_operator.py for tasks to queue
[2024-07-16T06:35:05.735+0000] {logging_mixin.py:188} INFO - [2024-07-16T06:35:05.735+0000] {dagbag.py:545} INFO - Filling up the DagBag from /home/airflow/.local/lib/python3.12/site-packages/airflow/example_dags/example_branch_day_of_week_operator.py
[2024-07-16T06:35:05.739+0000] {processor.py:840} INFO - DAG(s) 'example_weekday_branch_operator' retrieved from /home/airflow/.local/lib/python3.12/site-packages/airflow/example_dags/example_branch_day_of_week_operator.py
[2024-07-16T06:35:05.757+0000] {logging_mixin.py:188} INFO - [2024-07-16T06:35:05.757+0000] {dag.py:3096} INFO - Sync 1 DAGs
[2024-07-16T06:35:05.773+0000] {logging_mixin.py:188} INFO - [2024-07-16T06:35:05.773+0000] {dag.py:3954} INFO - Setting next_dagrun for example_weekday_branch_operator to 2024-07-15 00:00:00+00:00, run_after=2024-07-16 00:00:00+00:00
[2024-07-16T06:35:05.785+0000] {processor.py:183} INFO - Processing /home/airflow/.local/lib/python3.12/site-packages/airflow/example_dags/example_branch_day_of_week_operator.py took 0.057 seconds
[2024-07-16T06:35:35.907+0000] {processor.py:161} INFO - Started process (PID=836) to work on /home/airflow/.local/lib/python3.12/site-packages/airflow/example_dags/example_branch_day_of_week_operator.py
[2024-07-16T06:35:35.907+0000] {processor.py:830} INFO - Processing file /home/airflow/.local/lib/python3.12/site-packages/airflow/example_dags/example_branch_day_of_week_operator.py for tasks to queue
[2024-07-16T06:35:35.908+0000] {logging_mixin.py:188} INFO - [2024-07-16T06:35:35.908+0000] {dagbag.py:545} INFO - Filling up the DagBag from /home/airflow/.local/lib/python3.12/site-packages/airflow/example_dags/example_branch_day_of_week_operator.py
[2024-07-16T06:35:35.913+0000] {processor.py:840} INFO - DAG(s) 'example_weekday_branch_operator' retrieved from /home/airflow/.local/lib/python3.12/site-packages/airflow/example_dags/example_branch_day_of_week_operator.py
[2024-07-16T06:35:35.928+0000] {logging_mixin.py:188} INFO - [2024-07-16T06:35:35.928+0000] {dag.py:3096} INFO - Sync 1 DAGs
[2024-07-16T06:35:35.942+0000] {logging_mixin.py:188} INFO - [2024-07-16T06:35:35.942+0000] {dag.py:3954} INFO - Setting next_dagrun for example_weekday_branch_operator to 2024-07-15 00:00:00+00:00, run_after=2024-07-16 00:00:00+00:00
[2024-07-16T06:35:35.953+0000] {processor.py:183} INFO - Processing /home/airflow/.local/lib/python3.12/site-packages/airflow/example_dags/example_branch_day_of_week_operator.py took 0.049 seconds
[2024-07-16T06:36:07.000+0000] {processor.py:161} INFO - Started process (PID=900) to work on /home/airflow/.local/lib/python3.12/site-packages/airflow/example_dags/example_branch_day_of_week_operator.py
[2024-07-16T06:36:07.001+0000] {processor.py:830} INFO - Processing file /home/airflow/.local/lib/python3.12/site-packages/airflow/example_dags/example_branch_day_of_week_operator.py for tasks to queue
[2024-07-16T06:36:07.002+0000] {logging_mixin.py:188} INFO - [2024-07-16T06:36:07.002+0000] {dagbag.py:545} INFO - Filling up the DagBag from /home/airflow/.local/lib/python3.12/site-packages/airflow/example_dags/example_branch_day_of_week_operator.py
[2024-07-16T06:36:07.006+0000] {processor.py:840} INFO - DAG(s) 'example_weekday_branch_operator' retrieved from /home/airflow/.local/lib/python3.12/site-packages/airflow/example_dags/example_branch_day_of_week_operator.py
[2024-07-16T06:36:07.022+0000] {logging_mixin.py:188} INFO - [2024-07-16T06:36:07.021+0000] {dag.py:3096} INFO - Sync 1 DAGs
[2024-07-16T06:36:07.035+0000] {logging_mixin.py:188} INFO - [2024-07-16T06:36:07.035+0000] {dag.py:3954} INFO - Setting next_dagrun for example_weekday_branch_operator to 2024-07-15 00:00:00+00:00, run_after=2024-07-16 00:00:00+00:00
[2024-07-16T06:36:07.045+0000] {processor.py:183} INFO - Processing /home/airflow/.local/lib/python3.12/site-packages/airflow/example_dags/example_branch_day_of_week_operator.py took 0.048 seconds
[2024-07-16T06:37:14.300+0000] {processor.py:161} INFO - Started process (PID=73) to work on /home/airflow/.local/lib/python3.12/site-packages/airflow/example_dags/example_branch_day_of_week_operator.py
[2024-07-16T06:37:14.300+0000] {processor.py:830} INFO - Processing file /home/airflow/.local/lib/python3.12/site-packages/airflow/example_dags/example_branch_day_of_week_operator.py for tasks to queue
[2024-07-16T06:37:14.301+0000] {logging_mixin.py:188} INFO - [2024-07-16T06:37:14.301+0000] {dagbag.py:545} INFO - Filling up the DagBag from /home/airflow/.local/lib/python3.12/site-packages/airflow/example_dags/example_branch_day_of_week_operator.py
[2024-07-16T06:37:14.306+0000] {processor.py:840} INFO - DAG(s) 'example_weekday_branch_operator' retrieved from /home/airflow/.local/lib/python3.12/site-packages/airflow/example_dags/example_branch_day_of_week_operator.py
[2024-07-16T06:37:14.318+0000] {logging_mixin.py:188} INFO - [2024-07-16T06:37:14.318+0000] {dag.py:3096} INFO - Sync 1 DAGs
[2024-07-16T06:37:14.335+0000] {logging_mixin.py:188} INFO - [2024-07-16T06:37:14.334+0000] {dag.py:3954} INFO - Setting next_dagrun for example_weekday_branch_operator to 2024-07-15 00:00:00+00:00, run_after=2024-07-16 00:00:00+00:00
[2024-07-16T06:37:14.347+0000] {processor.py:183} INFO - Processing /home/airflow/.local/lib/python3.12/site-packages/airflow/example_dags/example_branch_day_of_week_operator.py took 0.050 seconds
[2024-07-16T06:37:44.708+0000] {processor.py:161} INFO - Started process (PID=136) to work on /home/airflow/.local/lib/python3.12/site-packages/airflow/example_dags/example_branch_day_of_week_operator.py
[2024-07-16T06:37:44.709+0000] {processor.py:830} INFO - Processing file /home/airflow/.local/lib/python3.12/site-packages/airflow/example_dags/example_branch_day_of_week_operator.py for tasks to queue
[2024-07-16T06:37:44.710+0000] {logging_mixin.py:188} INFO - [2024-07-16T06:37:44.710+0000] {dagbag.py:545} INFO - Filling up the DagBag from /home/airflow/.local/lib/python3.12/site-packages/airflow/example_dags/example_branch_day_of_week_operator.py
[2024-07-16T06:37:44.714+0000] {processor.py:840} INFO - DAG(s) 'example_weekday_branch_operator' retrieved from /home/airflow/.local/lib/python3.12/site-packages/airflow/example_dags/example_branch_day_of_week_operator.py
[2024-07-16T06:37:44.765+0000] {logging_mixin.py:188} INFO - [2024-07-16T06:37:44.765+0000] {dag.py:3096} INFO - Sync 1 DAGs
[2024-07-16T06:37:44.777+0000] {logging_mixin.py:188} INFO - [2024-07-16T06:37:44.777+0000] {dag.py:3954} INFO - Setting next_dagrun for example_weekday_branch_operator to 2024-07-15 00:00:00+00:00, run_after=2024-07-16 00:00:00+00:00
[2024-07-16T06:37:44.788+0000] {processor.py:183} INFO - Processing /home/airflow/.local/lib/python3.12/site-packages/airflow/example_dags/example_branch_day_of_week_operator.py took 0.083 seconds
[2024-07-16T06:38:14.950+0000] {processor.py:161} INFO - Started process (PID=200) to work on /home/airflow/.local/lib/python3.12/site-packages/airflow/example_dags/example_branch_day_of_week_operator.py
[2024-07-16T06:38:14.951+0000] {processor.py:830} INFO - Processing file /home/airflow/.local/lib/python3.12/site-packages/airflow/example_dags/example_branch_day_of_week_operator.py for tasks to queue
[2024-07-16T06:38:14.952+0000] {logging_mixin.py:188} INFO - [2024-07-16T06:38:14.951+0000] {dagbag.py:545} INFO - Filling up the DagBag from /home/airflow/.local/lib/python3.12/site-packages/airflow/example_dags/example_branch_day_of_week_operator.py
[2024-07-16T06:38:14.955+0000] {processor.py:840} INFO - DAG(s) 'example_weekday_branch_operator' retrieved from /home/airflow/.local/lib/python3.12/site-packages/airflow/example_dags/example_branch_day_of_week_operator.py
[2024-07-16T06:38:14.972+0000] {logging_mixin.py:188} INFO - [2024-07-16T06:38:14.972+0000] {dag.py:3096} INFO - Sync 1 DAGs
[2024-07-16T06:38:14.987+0000] {logging_mixin.py:188} INFO - [2024-07-16T06:38:14.987+0000] {dag.py:3954} INFO - Setting next_dagrun for example_weekday_branch_operator to 2024-07-15 00:00:00+00:00, run_after=2024-07-16 00:00:00+00:00
[2024-07-16T06:38:15.000+0000] {processor.py:183} INFO - Processing /home/airflow/.local/lib/python3.12/site-packages/airflow/example_dags/example_branch_day_of_week_operator.py took 0.053 seconds
[2024-07-16T06:38:45.252+0000] {processor.py:161} INFO - Started process (PID=263) to work on /home/airflow/.local/lib/python3.12/site-packages/airflow/example_dags/example_branch_day_of_week_operator.py
[2024-07-16T06:38:45.253+0000] {processor.py:830} INFO - Processing file /home/airflow/.local/lib/python3.12/site-packages/airflow/example_dags/example_branch_day_of_week_operator.py for tasks to queue
[2024-07-16T06:38:45.254+0000] {logging_mixin.py:188} INFO - [2024-07-16T06:38:45.254+0000] {dagbag.py:545} INFO - Filling up the DagBag from /home/airflow/.local/lib/python3.12/site-packages/airflow/example_dags/example_branch_day_of_week_operator.py
[2024-07-16T06:38:45.258+0000] {processor.py:840} INFO - DAG(s) 'example_weekday_branch_operator' retrieved from /home/airflow/.local/lib/python3.12/site-packages/airflow/example_dags/example_branch_day_of_week_operator.py
[2024-07-16T06:38:45.273+0000] {logging_mixin.py:188} INFO - [2024-07-16T06:38:45.273+0000] {dag.py:3096} INFO - Sync 1 DAGs
[2024-07-16T06:38:45.286+0000] {logging_mixin.py:188} INFO - [2024-07-16T06:38:45.286+0000] {dag.py:3954} INFO - Setting next_dagrun for example_weekday_branch_operator to 2024-07-15 00:00:00+00:00, run_after=2024-07-16 00:00:00+00:00
[2024-07-16T06:38:45.296+0000] {processor.py:183} INFO - Processing /home/airflow/.local/lib/python3.12/site-packages/airflow/example_dags/example_branch_day_of_week_operator.py took 0.047 seconds
[2024-07-16T06:39:15.402+0000] {processor.py:161} INFO - Started process (PID=327) to work on /home/airflow/.local/lib/python3.12/site-packages/airflow/example_dags/example_branch_day_of_week_operator.py
[2024-07-16T06:39:15.402+0000] {processor.py:830} INFO - Processing file /home/airflow/.local/lib/python3.12/site-packages/airflow/example_dags/example_branch_day_of_week_operator.py for tasks to queue
[2024-07-16T06:39:15.403+0000] {logging_mixin.py:188} INFO - [2024-07-16T06:39:15.403+0000] {dagbag.py:545} INFO - Filling up the DagBag from /home/airflow/.local/lib/python3.12/site-packages/airflow/example_dags/example_branch_day_of_week_operator.py
[2024-07-16T06:39:15.407+0000] {processor.py:840} INFO - DAG(s) 'example_weekday_branch_operator' retrieved from /home/airflow/.local/lib/python3.12/site-packages/airflow/example_dags/example_branch_day_of_week_operator.py
[2024-07-16T06:39:15.422+0000] {logging_mixin.py:188} INFO - [2024-07-16T06:39:15.422+0000] {dag.py:3096} INFO - Sync 1 DAGs
[2024-07-16T06:39:15.436+0000] {logging_mixin.py:188} INFO - [2024-07-16T06:39:15.436+0000] {dag.py:3954} INFO - Setting next_dagrun for example_weekday_branch_operator to 2024-07-15 00:00:00+00:00, run_after=2024-07-16 00:00:00+00:00
[2024-07-16T06:39:15.446+0000] {processor.py:183} INFO - Processing /home/airflow/.local/lib/python3.12/site-packages/airflow/example_dags/example_branch_day_of_week_operator.py took 0.047 seconds
[2024-07-16T06:39:45.841+0000] {processor.py:161} INFO - Started process (PID=391) to work on /home/airflow/.local/lib/python3.12/site-packages/airflow/example_dags/example_branch_day_of_week_operator.py
[2024-07-16T06:39:45.841+0000] {processor.py:830} INFO - Processing file /home/airflow/.local/lib/python3.12/site-packages/airflow/example_dags/example_branch_day_of_week_operator.py for tasks to queue
[2024-07-16T06:39:45.842+0000] {logging_mixin.py:188} INFO - [2024-07-16T06:39:45.842+0000] {dagbag.py:545} INFO - Filling up the DagBag from /home/airflow/.local/lib/python3.12/site-packages/airflow/example_dags/example_branch_day_of_week_operator.py
[2024-07-16T06:39:45.846+0000] {processor.py:840} INFO - DAG(s) 'example_weekday_branch_operator' retrieved from /home/airflow/.local/lib/python3.12/site-packages/airflow/example_dags/example_branch_day_of_week_operator.py
[2024-07-16T06:39:45.861+0000] {logging_mixin.py:188} INFO - [2024-07-16T06:39:45.861+0000] {dag.py:3096} INFO - Sync 1 DAGs
[2024-07-16T06:39:45.875+0000] {logging_mixin.py:188} INFO - [2024-07-16T06:39:45.874+0000] {dag.py:3954} INFO - Setting next_dagrun for example_weekday_branch_operator to 2024-07-15 00:00:00+00:00, run_after=2024-07-16 00:00:00+00:00
[2024-07-16T06:39:45.885+0000] {processor.py:183} INFO - Processing /home/airflow/.local/lib/python3.12/site-packages/airflow/example_dags/example_branch_day_of_week_operator.py took 0.047 seconds
[2024-07-16T06:40:16.019+0000] {processor.py:161} INFO - Started process (PID=455) to work on /home/airflow/.local/lib/python3.12/site-packages/airflow/example_dags/example_branch_day_of_week_operator.py
[2024-07-16T06:40:16.020+0000] {processor.py:830} INFO - Processing file /home/airflow/.local/lib/python3.12/site-packages/airflow/example_dags/example_branch_day_of_week_operator.py for tasks to queue
[2024-07-16T06:40:16.021+0000] {logging_mixin.py:188} INFO - [2024-07-16T06:40:16.021+0000] {dagbag.py:545} INFO - Filling up the DagBag from /home/airflow/.local/lib/python3.12/site-packages/airflow/example_dags/example_branch_day_of_week_operator.py
[2024-07-16T06:40:16.024+0000] {processor.py:840} INFO - DAG(s) 'example_weekday_branch_operator' retrieved from /home/airflow/.local/lib/python3.12/site-packages/airflow/example_dags/example_branch_day_of_week_operator.py
[2024-07-16T06:40:16.039+0000] {logging_mixin.py:188} INFO - [2024-07-16T06:40:16.039+0000] {dag.py:3096} INFO - Sync 1 DAGs
[2024-07-16T06:40:16.051+0000] {logging_mixin.py:188} INFO - [2024-07-16T06:40:16.051+0000] {dag.py:3954} INFO - Setting next_dagrun for example_weekday_branch_operator to 2024-07-15 00:00:00+00:00, run_after=2024-07-16 00:00:00+00:00
[2024-07-16T06:40:16.061+0000] {processor.py:183} INFO - Processing /home/airflow/.local/lib/python3.12/site-packages/airflow/example_dags/example_branch_day_of_week_operator.py took 0.045 seconds
[2024-07-16T06:40:46.100+0000] {processor.py:161} INFO - Started process (PID=519) to work on /home/airflow/.local/lib/python3.12/site-packages/airflow/example_dags/example_branch_day_of_week_operator.py
[2024-07-16T06:40:46.100+0000] {processor.py:830} INFO - Processing file /home/airflow/.local/lib/python3.12/site-packages/airflow/example_dags/example_branch_day_of_week_operator.py for tasks to queue
[2024-07-16T06:40:46.101+0000] {logging_mixin.py:188} INFO - [2024-07-16T06:40:46.101+0000] {dagbag.py:545} INFO - Filling up the DagBag from /home/airflow/.local/lib/python3.12/site-packages/airflow/example_dags/example_branch_day_of_week_operator.py
[2024-07-16T06:40:46.105+0000] {processor.py:840} INFO - DAG(s) 'example_weekday_branch_operator' retrieved from /home/airflow/.local/lib/python3.12/site-packages/airflow/example_dags/example_branch_day_of_week_operator.py
[2024-07-16T06:40:46.120+0000] {logging_mixin.py:188} INFO - [2024-07-16T06:40:46.120+0000] {dag.py:3096} INFO - Sync 1 DAGs
[2024-07-16T06:40:46.132+0000] {logging_mixin.py:188} INFO - [2024-07-16T06:40:46.132+0000] {dag.py:3954} INFO - Setting next_dagrun for example_weekday_branch_operator to 2024-07-15 00:00:00+00:00, run_after=2024-07-16 00:00:00+00:00
[2024-07-16T06:40:46.141+0000] {processor.py:183} INFO - Processing /home/airflow/.local/lib/python3.12/site-packages/airflow/example_dags/example_branch_day_of_week_operator.py took 0.044 seconds
[2024-07-16T06:41:16.155+0000] {processor.py:161} INFO - Started process (PID=583) to work on /home/airflow/.local/lib/python3.12/site-packages/airflow/example_dags/example_branch_day_of_week_operator.py
[2024-07-16T06:41:16.155+0000] {processor.py:830} INFO - Processing file /home/airflow/.local/lib/python3.12/site-packages/airflow/example_dags/example_branch_day_of_week_operator.py for tasks to queue
[2024-07-16T06:41:16.156+0000] {logging_mixin.py:188} INFO - [2024-07-16T06:41:16.156+0000] {dagbag.py:545} INFO - Filling up the DagBag from /home/airflow/.local/lib/python3.12/site-packages/airflow/example_dags/example_branch_day_of_week_operator.py
[2024-07-16T06:41:16.160+0000] {processor.py:840} INFO - DAG(s) 'example_weekday_branch_operator' retrieved from /home/airflow/.local/lib/python3.12/site-packages/airflow/example_dags/example_branch_day_of_week_operator.py
[2024-07-16T06:41:16.175+0000] {logging_mixin.py:188} INFO - [2024-07-16T06:41:16.175+0000] {dag.py:3096} INFO - Sync 1 DAGs
[2024-07-16T06:41:16.188+0000] {logging_mixin.py:188} INFO - [2024-07-16T06:41:16.188+0000] {dag.py:3954} INFO - Setting next_dagrun for example_weekday_branch_operator to 2024-07-15 00:00:00+00:00, run_after=2024-07-16 00:00:00+00:00
[2024-07-16T06:41:16.198+0000] {processor.py:183} INFO - Processing /home/airflow/.local/lib/python3.12/site-packages/airflow/example_dags/example_branch_day_of_week_operator.py took 0.046 seconds
[2024-07-16T06:41:46.554+0000] {processor.py:161} INFO - Started process (PID=647) to work on /home/airflow/.local/lib/python3.12/site-packages/airflow/example_dags/example_branch_day_of_week_operator.py
[2024-07-16T06:41:46.554+0000] {processor.py:830} INFO - Processing file /home/airflow/.local/lib/python3.12/site-packages/airflow/example_dags/example_branch_day_of_week_operator.py for tasks to queue
[2024-07-16T06:41:46.555+0000] {logging_mixin.py:188} INFO - [2024-07-16T06:41:46.555+0000] {dagbag.py:545} INFO - Filling up the DagBag from /home/airflow/.local/lib/python3.12/site-packages/airflow/example_dags/example_branch_day_of_week_operator.py
[2024-07-16T06:41:46.559+0000] {processor.py:840} INFO - DAG(s) 'example_weekday_branch_operator' retrieved from /home/airflow/.local/lib/python3.12/site-packages/airflow/example_dags/example_branch_day_of_week_operator.py
[2024-07-16T06:41:46.575+0000] {logging_mixin.py:188} INFO - [2024-07-16T06:41:46.575+0000] {dag.py:3096} INFO - Sync 1 DAGs
[2024-07-16T06:41:46.588+0000] {logging_mixin.py:188} INFO - [2024-07-16T06:41:46.587+0000] {dag.py:3954} INFO - Setting next_dagrun for example_weekday_branch_operator to 2024-07-15 00:00:00+00:00, run_after=2024-07-16 00:00:00+00:00
[2024-07-16T06:41:46.598+0000] {processor.py:183} INFO - Processing /home/airflow/.local/lib/python3.12/site-packages/airflow/example_dags/example_branch_day_of_week_operator.py took 0.047 seconds
[2024-07-16T06:42:17.623+0000] {processor.py:161} INFO - Started process (PID=711) to work on /home/airflow/.local/lib/python3.12/site-packages/airflow/example_dags/example_branch_day_of_week_operator.py
[2024-07-16T06:42:17.623+0000] {processor.py:830} INFO - Processing file /home/airflow/.local/lib/python3.12/site-packages/airflow/example_dags/example_branch_day_of_week_operator.py for tasks to queue
[2024-07-16T06:42:17.624+0000] {logging_mixin.py:188} INFO - [2024-07-16T06:42:17.624+0000] {dagbag.py:545} INFO - Filling up the DagBag from /home/airflow/.local/lib/python3.12/site-packages/airflow/example_dags/example_branch_day_of_week_operator.py
[2024-07-16T06:42:17.628+0000] {processor.py:840} INFO - DAG(s) 'example_weekday_branch_operator' retrieved from /home/airflow/.local/lib/python3.12/site-packages/airflow/example_dags/example_branch_day_of_week_operator.py
[2024-07-16T06:42:17.643+0000] {logging_mixin.py:188} INFO - [2024-07-16T06:42:17.643+0000] {dag.py:3096} INFO - Sync 1 DAGs
[2024-07-16T06:42:17.658+0000] {logging_mixin.py:188} INFO - [2024-07-16T06:42:17.657+0000] {dag.py:3954} INFO - Setting next_dagrun for example_weekday_branch_operator to 2024-07-15 00:00:00+00:00, run_after=2024-07-16 00:00:00+00:00
[2024-07-16T06:42:17.668+0000] {processor.py:183} INFO - Processing /home/airflow/.local/lib/python3.12/site-packages/airflow/example_dags/example_branch_day_of_week_operator.py took 0.048 seconds
[2024-07-16T06:42:47.850+0000] {processor.py:161} INFO - Started process (PID=775) to work on /home/airflow/.local/lib/python3.12/site-packages/airflow/example_dags/example_branch_day_of_week_operator.py
[2024-07-16T06:42:47.851+0000] {processor.py:830} INFO - Processing file /home/airflow/.local/lib/python3.12/site-packages/airflow/example_dags/example_branch_day_of_week_operator.py for tasks to queue
[2024-07-16T06:42:47.852+0000] {logging_mixin.py:188} INFO - [2024-07-16T06:42:47.852+0000] {dagbag.py:545} INFO - Filling up the DagBag from /home/airflow/.local/lib/python3.12/site-packages/airflow/example_dags/example_branch_day_of_week_operator.py
[2024-07-16T06:42:47.857+0000] {processor.py:840} INFO - DAG(s) 'example_weekday_branch_operator' retrieved from /home/airflow/.local/lib/python3.12/site-packages/airflow/example_dags/example_branch_day_of_week_operator.py
[2024-07-16T06:42:47.872+0000] {logging_mixin.py:188} INFO - [2024-07-16T06:42:47.872+0000] {dag.py:3096} INFO - Sync 1 DAGs
[2024-07-16T06:42:47.886+0000] {logging_mixin.py:188} INFO - [2024-07-16T06:42:47.886+0000] {dag.py:3954} INFO - Setting next_dagrun for example_weekday_branch_operator to 2024-07-15 00:00:00+00:00, run_after=2024-07-16 00:00:00+00:00
[2024-07-16T06:42:47.898+0000] {processor.py:183} INFO - Processing /home/airflow/.local/lib/python3.12/site-packages/airflow/example_dags/example_branch_day_of_week_operator.py took 0.050 seconds
[2024-07-16T06:43:18.982+0000] {processor.py:161} INFO - Started process (PID=839) to work on /home/airflow/.local/lib/python3.12/site-packages/airflow/example_dags/example_branch_day_of_week_operator.py
[2024-07-16T06:43:18.982+0000] {processor.py:830} INFO - Processing file /home/airflow/.local/lib/python3.12/site-packages/airflow/example_dags/example_branch_day_of_week_operator.py for tasks to queue
[2024-07-16T06:43:18.984+0000] {logging_mixin.py:188} INFO - [2024-07-16T06:43:18.984+0000] {dagbag.py:545} INFO - Filling up the DagBag from /home/airflow/.local/lib/python3.12/site-packages/airflow/example_dags/example_branch_day_of_week_operator.py
[2024-07-16T06:43:18.989+0000] {processor.py:840} INFO - DAG(s) 'example_weekday_branch_operator' retrieved from /home/airflow/.local/lib/python3.12/site-packages/airflow/example_dags/example_branch_day_of_week_operator.py
[2024-07-16T06:43:19.005+0000] {logging_mixin.py:188} INFO - [2024-07-16T06:43:19.005+0000] {dag.py:3096} INFO - Sync 1 DAGs
[2024-07-16T06:43:19.018+0000] {logging_mixin.py:188} INFO - [2024-07-16T06:43:19.018+0000] {dag.py:3954} INFO - Setting next_dagrun for example_weekday_branch_operator to 2024-07-15 00:00:00+00:00, run_after=2024-07-16 00:00:00+00:00
[2024-07-16T06:43:19.028+0000] {processor.py:183} INFO - Processing /home/airflow/.local/lib/python3.12/site-packages/airflow/example_dags/example_branch_day_of_week_operator.py took 0.050 seconds
[2024-07-16T06:43:49.279+0000] {processor.py:161} INFO - Started process (PID=903) to work on /home/airflow/.local/lib/python3.12/site-packages/airflow/example_dags/example_branch_day_of_week_operator.py
[2024-07-16T06:43:49.280+0000] {processor.py:830} INFO - Processing file /home/airflow/.local/lib/python3.12/site-packages/airflow/example_dags/example_branch_day_of_week_operator.py for tasks to queue
[2024-07-16T06:43:49.281+0000] {logging_mixin.py:188} INFO - [2024-07-16T06:43:49.280+0000] {dagbag.py:545} INFO - Filling up the DagBag from /home/airflow/.local/lib/python3.12/site-packages/airflow/example_dags/example_branch_day_of_week_operator.py
[2024-07-16T06:43:49.285+0000] {processor.py:840} INFO - DAG(s) 'example_weekday_branch_operator' retrieved from /home/airflow/.local/lib/python3.12/site-packages/airflow/example_dags/example_branch_day_of_week_operator.py
[2024-07-16T06:43:49.300+0000] {logging_mixin.py:188} INFO - [2024-07-16T06:43:49.300+0000] {dag.py:3096} INFO - Sync 1 DAGs
[2024-07-16T06:43:49.313+0000] {logging_mixin.py:188} INFO - [2024-07-16T06:43:49.313+0000] {dag.py:3954} INFO - Setting next_dagrun for example_weekday_branch_operator to 2024-07-15 00:00:00+00:00, run_after=2024-07-16 00:00:00+00:00
[2024-07-16T06:43:49.324+0000] {processor.py:183} INFO - Processing /home/airflow/.local/lib/python3.12/site-packages/airflow/example_dags/example_branch_day_of_week_operator.py took 0.048 seconds
[2024-07-16T06:44:19.379+0000] {processor.py:161} INFO - Started process (PID=967) to work on /home/airflow/.local/lib/python3.12/site-packages/airflow/example_dags/example_branch_day_of_week_operator.py
[2024-07-16T06:44:19.380+0000] {processor.py:830} INFO - Processing file /home/airflow/.local/lib/python3.12/site-packages/airflow/example_dags/example_branch_day_of_week_operator.py for tasks to queue
[2024-07-16T06:44:19.380+0000] {logging_mixin.py:188} INFO - [2024-07-16T06:44:19.380+0000] {dagbag.py:545} INFO - Filling up the DagBag from /home/airflow/.local/lib/python3.12/site-packages/airflow/example_dags/example_branch_day_of_week_operator.py
[2024-07-16T06:44:19.384+0000] {processor.py:840} INFO - DAG(s) 'example_weekday_branch_operator' retrieved from /home/airflow/.local/lib/python3.12/site-packages/airflow/example_dags/example_branch_day_of_week_operator.py
[2024-07-16T06:44:19.401+0000] {logging_mixin.py:188} INFO - [2024-07-16T06:44:19.401+0000] {dag.py:3096} INFO - Sync 1 DAGs
[2024-07-16T06:44:19.415+0000] {logging_mixin.py:188} INFO - [2024-07-16T06:44:19.415+0000] {dag.py:3954} INFO - Setting next_dagrun for example_weekday_branch_operator to 2024-07-15 00:00:00+00:00, run_after=2024-07-16 00:00:00+00:00
[2024-07-16T06:44:19.430+0000] {processor.py:183} INFO - Processing /home/airflow/.local/lib/python3.12/site-packages/airflow/example_dags/example_branch_day_of_week_operator.py took 0.054 seconds
[2024-07-16T06:44:49.532+0000] {processor.py:161} INFO - Started process (PID=1031) to work on /home/airflow/.local/lib/python3.12/site-packages/airflow/example_dags/example_branch_day_of_week_operator.py
[2024-07-16T06:44:49.533+0000] {processor.py:830} INFO - Processing file /home/airflow/.local/lib/python3.12/site-packages/airflow/example_dags/example_branch_day_of_week_operator.py for tasks to queue
[2024-07-16T06:44:49.534+0000] {logging_mixin.py:188} INFO - [2024-07-16T06:44:49.534+0000] {dagbag.py:545} INFO - Filling up the DagBag from /home/airflow/.local/lib/python3.12/site-packages/airflow/example_dags/example_branch_day_of_week_operator.py
[2024-07-16T06:44:49.538+0000] {processor.py:840} INFO - DAG(s) 'example_weekday_branch_operator' retrieved from /home/airflow/.local/lib/python3.12/site-packages/airflow/example_dags/example_branch_day_of_week_operator.py
[2024-07-16T06:44:49.554+0000] {logging_mixin.py:188} INFO - [2024-07-16T06:44:49.554+0000] {dag.py:3096} INFO - Sync 1 DAGs
[2024-07-16T06:44:49.568+0000] {logging_mixin.py:188} INFO - [2024-07-16T06:44:49.568+0000] {dag.py:3954} INFO - Setting next_dagrun for example_weekday_branch_operator to 2024-07-15 00:00:00+00:00, run_after=2024-07-16 00:00:00+00:00
[2024-07-16T06:44:49.579+0000] {processor.py:183} INFO - Processing /home/airflow/.local/lib/python3.12/site-packages/airflow/example_dags/example_branch_day_of_week_operator.py took 0.050 seconds
[2024-07-16T06:45:19.697+0000] {processor.py:161} INFO - Started process (PID=1094) to work on /home/airflow/.local/lib/python3.12/site-packages/airflow/example_dags/example_branch_day_of_week_operator.py
[2024-07-16T06:45:19.698+0000] {processor.py:830} INFO - Processing file /home/airflow/.local/lib/python3.12/site-packages/airflow/example_dags/example_branch_day_of_week_operator.py for tasks to queue
[2024-07-16T06:45:19.699+0000] {logging_mixin.py:188} INFO - [2024-07-16T06:45:19.699+0000] {dagbag.py:545} INFO - Filling up the DagBag from /home/airflow/.local/lib/python3.12/site-packages/airflow/example_dags/example_branch_day_of_week_operator.py
[2024-07-16T06:45:19.703+0000] {processor.py:840} INFO - DAG(s) 'example_weekday_branch_operator' retrieved from /home/airflow/.local/lib/python3.12/site-packages/airflow/example_dags/example_branch_day_of_week_operator.py
[2024-07-16T06:45:19.719+0000] {logging_mixin.py:188} INFO - [2024-07-16T06:45:19.719+0000] {dag.py:3096} INFO - Sync 1 DAGs
[2024-07-16T06:45:19.734+0000] {logging_mixin.py:188} INFO - [2024-07-16T06:45:19.733+0000] {dag.py:3954} INFO - Setting next_dagrun for example_weekday_branch_operator to 2024-07-15 00:00:00+00:00, run_after=2024-07-16 00:00:00+00:00
[2024-07-16T06:45:19.743+0000] {processor.py:183} INFO - Processing /home/airflow/.local/lib/python3.12/site-packages/airflow/example_dags/example_branch_day_of_week_operator.py took 0.049 seconds
[2024-07-16T06:45:50.834+0000] {processor.py:161} INFO - Started process (PID=1157) to work on /home/airflow/.local/lib/python3.12/site-packages/airflow/example_dags/example_branch_day_of_week_operator.py
[2024-07-16T06:45:50.835+0000] {processor.py:830} INFO - Processing file /home/airflow/.local/lib/python3.12/site-packages/airflow/example_dags/example_branch_day_of_week_operator.py for tasks to queue
[2024-07-16T06:45:50.837+0000] {logging_mixin.py:188} INFO - [2024-07-16T06:45:50.836+0000] {dagbag.py:545} INFO - Filling up the DagBag from /home/airflow/.local/lib/python3.12/site-packages/airflow/example_dags/example_branch_day_of_week_operator.py
[2024-07-16T06:45:50.841+0000] {processor.py:840} INFO - DAG(s) 'example_weekday_branch_operator' retrieved from /home/airflow/.local/lib/python3.12/site-packages/airflow/example_dags/example_branch_day_of_week_operator.py
[2024-07-16T06:45:50.859+0000] {logging_mixin.py:188} INFO - [2024-07-16T06:45:50.859+0000] {dag.py:3096} INFO - Sync 1 DAGs
[2024-07-16T06:45:50.875+0000] {logging_mixin.py:188} INFO - [2024-07-16T06:45:50.875+0000] {dag.py:3954} INFO - Setting next_dagrun for example_weekday_branch_operator to 2024-07-15 00:00:00+00:00, run_after=2024-07-16 00:00:00+00:00
[2024-07-16T06:45:50.889+0000] {processor.py:183} INFO - Processing /home/airflow/.local/lib/python3.12/site-packages/airflow/example_dags/example_branch_day_of_week_operator.py took 0.059 seconds
[2024-07-16T06:46:21.129+0000] {processor.py:161} INFO - Started process (PID=1221) to work on /home/airflow/.local/lib/python3.12/site-packages/airflow/example_dags/example_branch_day_of_week_operator.py
[2024-07-16T06:46:21.129+0000] {processor.py:830} INFO - Processing file /home/airflow/.local/lib/python3.12/site-packages/airflow/example_dags/example_branch_day_of_week_operator.py for tasks to queue
[2024-07-16T06:46:21.131+0000] {logging_mixin.py:188} INFO - [2024-07-16T06:46:21.131+0000] {dagbag.py:545} INFO - Filling up the DagBag from /home/airflow/.local/lib/python3.12/site-packages/airflow/example_dags/example_branch_day_of_week_operator.py
[2024-07-16T06:46:21.135+0000] {processor.py:840} INFO - DAG(s) 'example_weekday_branch_operator' retrieved from /home/airflow/.local/lib/python3.12/site-packages/airflow/example_dags/example_branch_day_of_week_operator.py
[2024-07-16T06:46:21.150+0000] {logging_mixin.py:188} INFO - [2024-07-16T06:46:21.150+0000] {dag.py:3096} INFO - Sync 1 DAGs
[2024-07-16T06:46:21.168+0000] {logging_mixin.py:188} INFO - [2024-07-16T06:46:21.167+0000] {dag.py:3954} INFO - Setting next_dagrun for example_weekday_branch_operator to 2024-07-15 00:00:00+00:00, run_after=2024-07-16 00:00:00+00:00
[2024-07-16T06:46:21.179+0000] {processor.py:183} INFO - Processing /home/airflow/.local/lib/python3.12/site-packages/airflow/example_dags/example_branch_day_of_week_operator.py took 0.053 seconds
[2024-07-16T06:46:51.902+0000] {processor.py:161} INFO - Started process (PID=1285) to work on /home/airflow/.local/lib/python3.12/site-packages/airflow/example_dags/example_branch_day_of_week_operator.py
[2024-07-16T06:46:51.903+0000] {processor.py:830} INFO - Processing file /home/airflow/.local/lib/python3.12/site-packages/airflow/example_dags/example_branch_day_of_week_operator.py for tasks to queue
[2024-07-16T06:46:51.904+0000] {logging_mixin.py:188} INFO - [2024-07-16T06:46:51.903+0000] {dagbag.py:545} INFO - Filling up the DagBag from /home/airflow/.local/lib/python3.12/site-packages/airflow/example_dags/example_branch_day_of_week_operator.py
[2024-07-16T06:46:51.908+0000] {processor.py:840} INFO - DAG(s) 'example_weekday_branch_operator' retrieved from /home/airflow/.local/lib/python3.12/site-packages/airflow/example_dags/example_branch_day_of_week_operator.py
[2024-07-16T06:46:51.923+0000] {logging_mixin.py:188} INFO - [2024-07-16T06:46:51.923+0000] {dag.py:3096} INFO - Sync 1 DAGs
[2024-07-16T06:46:51.936+0000] {logging_mixin.py:188} INFO - [2024-07-16T06:46:51.936+0000] {dag.py:3954} INFO - Setting next_dagrun for example_weekday_branch_operator to 2024-07-15 00:00:00+00:00, run_after=2024-07-16 00:00:00+00:00
[2024-07-16T06:46:51.946+0000] {processor.py:183} INFO - Processing /home/airflow/.local/lib/python3.12/site-packages/airflow/example_dags/example_branch_day_of_week_operator.py took 0.047 seconds
[2024-07-16T06:47:22.233+0000] {processor.py:161} INFO - Started process (PID=1349) to work on /home/airflow/.local/lib/python3.12/site-packages/airflow/example_dags/example_branch_day_of_week_operator.py
[2024-07-16T06:47:22.234+0000] {processor.py:830} INFO - Processing file /home/airflow/.local/lib/python3.12/site-packages/airflow/example_dags/example_branch_day_of_week_operator.py for tasks to queue
[2024-07-16T06:47:22.236+0000] {logging_mixin.py:188} INFO - [2024-07-16T06:47:22.235+0000] {dagbag.py:545} INFO - Filling up the DagBag from /home/airflow/.local/lib/python3.12/site-packages/airflow/example_dags/example_branch_day_of_week_operator.py
[2024-07-16T06:47:22.241+0000] {processor.py:840} INFO - DAG(s) 'example_weekday_branch_operator' retrieved from /home/airflow/.local/lib/python3.12/site-packages/airflow/example_dags/example_branch_day_of_week_operator.py
[2024-07-16T06:47:22.263+0000] {logging_mixin.py:188} INFO - [2024-07-16T06:47:22.263+0000] {dag.py:3096} INFO - Sync 1 DAGs
[2024-07-16T06:47:22.283+0000] {logging_mixin.py:188} INFO - [2024-07-16T06:47:22.282+0000] {dag.py:3954} INFO - Setting next_dagrun for example_weekday_branch_operator to 2024-07-15 00:00:00+00:00, run_after=2024-07-16 00:00:00+00:00
[2024-07-16T06:47:22.298+0000] {processor.py:183} INFO - Processing /home/airflow/.local/lib/python3.12/site-packages/airflow/example_dags/example_branch_day_of_week_operator.py took 0.068 seconds
[2024-07-16T06:47:52.543+0000] {processor.py:161} INFO - Started process (PID=1413) to work on /home/airflow/.local/lib/python3.12/site-packages/airflow/example_dags/example_branch_day_of_week_operator.py
[2024-07-16T06:47:52.543+0000] {processor.py:830} INFO - Processing file /home/airflow/.local/lib/python3.12/site-packages/airflow/example_dags/example_branch_day_of_week_operator.py for tasks to queue
[2024-07-16T06:47:52.544+0000] {logging_mixin.py:188} INFO - [2024-07-16T06:47:52.544+0000] {dagbag.py:545} INFO - Filling up the DagBag from /home/airflow/.local/lib/python3.12/site-packages/airflow/example_dags/example_branch_day_of_week_operator.py
[2024-07-16T06:47:52.548+0000] {processor.py:840} INFO - DAG(s) 'example_weekday_branch_operator' retrieved from /home/airflow/.local/lib/python3.12/site-packages/airflow/example_dags/example_branch_day_of_week_operator.py
[2024-07-16T06:47:52.564+0000] {logging_mixin.py:188} INFO - [2024-07-16T06:47:52.564+0000] {dag.py:3096} INFO - Sync 1 DAGs
[2024-07-16T06:47:52.578+0000] {logging_mixin.py:188} INFO - [2024-07-16T06:47:52.578+0000] {dag.py:3954} INFO - Setting next_dagrun for example_weekday_branch_operator to 2024-07-15 00:00:00+00:00, run_after=2024-07-16 00:00:00+00:00
[2024-07-16T06:47:52.588+0000] {processor.py:183} INFO - Processing /home/airflow/.local/lib/python3.12/site-packages/airflow/example_dags/example_branch_day_of_week_operator.py took 0.048 seconds
[2024-07-16T06:48:22.874+0000] {processor.py:161} INFO - Started process (PID=1477) to work on /home/airflow/.local/lib/python3.12/site-packages/airflow/example_dags/example_branch_day_of_week_operator.py
[2024-07-16T06:48:22.874+0000] {processor.py:830} INFO - Processing file /home/airflow/.local/lib/python3.12/site-packages/airflow/example_dags/example_branch_day_of_week_operator.py for tasks to queue
[2024-07-16T06:48:22.875+0000] {logging_mixin.py:188} INFO - [2024-07-16T06:48:22.875+0000] {dagbag.py:545} INFO - Filling up the DagBag from /home/airflow/.local/lib/python3.12/site-packages/airflow/example_dags/example_branch_day_of_week_operator.py
[2024-07-16T06:48:22.879+0000] {processor.py:840} INFO - DAG(s) 'example_weekday_branch_operator' retrieved from /home/airflow/.local/lib/python3.12/site-packages/airflow/example_dags/example_branch_day_of_week_operator.py
[2024-07-16T06:48:22.897+0000] {logging_mixin.py:188} INFO - [2024-07-16T06:48:22.897+0000] {dag.py:3096} INFO - Sync 1 DAGs
[2024-07-16T06:48:22.910+0000] {logging_mixin.py:188} INFO - [2024-07-16T06:48:22.910+0000] {dag.py:3954} INFO - Setting next_dagrun for example_weekday_branch_operator to 2024-07-15 00:00:00+00:00, run_after=2024-07-16 00:00:00+00:00
[2024-07-16T06:48:22.921+0000] {processor.py:183} INFO - Processing /home/airflow/.local/lib/python3.12/site-packages/airflow/example_dags/example_branch_day_of_week_operator.py took 0.050 seconds
[2024-07-16T06:48:53.118+0000] {processor.py:161} INFO - Started process (PID=1541) to work on /home/airflow/.local/lib/python3.12/site-packages/airflow/example_dags/example_branch_day_of_week_operator.py
[2024-07-16T06:48:53.118+0000] {processor.py:830} INFO - Processing file /home/airflow/.local/lib/python3.12/site-packages/airflow/example_dags/example_branch_day_of_week_operator.py for tasks to queue
[2024-07-16T06:48:53.119+0000] {logging_mixin.py:188} INFO - [2024-07-16T06:48:53.119+0000] {dagbag.py:545} INFO - Filling up the DagBag from /home/airflow/.local/lib/python3.12/site-packages/airflow/example_dags/example_branch_day_of_week_operator.py
[2024-07-16T06:48:53.123+0000] {processor.py:840} INFO - DAG(s) 'example_weekday_branch_operator' retrieved from /home/airflow/.local/lib/python3.12/site-packages/airflow/example_dags/example_branch_day_of_week_operator.py
[2024-07-16T06:48:53.139+0000] {logging_mixin.py:188} INFO - [2024-07-16T06:48:53.139+0000] {dag.py:3096} INFO - Sync 1 DAGs
[2024-07-16T06:48:53.154+0000] {logging_mixin.py:188} INFO - [2024-07-16T06:48:53.154+0000] {dag.py:3954} INFO - Setting next_dagrun for example_weekday_branch_operator to 2024-07-15 00:00:00+00:00, run_after=2024-07-16 00:00:00+00:00
[2024-07-16T06:48:53.166+0000] {processor.py:183} INFO - Processing /home/airflow/.local/lib/python3.12/site-packages/airflow/example_dags/example_branch_day_of_week_operator.py took 0.051 seconds
[2024-07-16T06:49:24.206+0000] {processor.py:161} INFO - Started process (PID=1605) to work on /home/airflow/.local/lib/python3.12/site-packages/airflow/example_dags/example_branch_day_of_week_operator.py
[2024-07-16T06:49:24.206+0000] {processor.py:830} INFO - Processing file /home/airflow/.local/lib/python3.12/site-packages/airflow/example_dags/example_branch_day_of_week_operator.py for tasks to queue
[2024-07-16T06:49:24.208+0000] {logging_mixin.py:188} INFO - [2024-07-16T06:49:24.207+0000] {dagbag.py:545} INFO - Filling up the DagBag from /home/airflow/.local/lib/python3.12/site-packages/airflow/example_dags/example_branch_day_of_week_operator.py
[2024-07-16T06:49:24.212+0000] {processor.py:840} INFO - DAG(s) 'example_weekday_branch_operator' retrieved from /home/airflow/.local/lib/python3.12/site-packages/airflow/example_dags/example_branch_day_of_week_operator.py
[2024-07-16T06:49:24.230+0000] {logging_mixin.py:188} INFO - [2024-07-16T06:49:24.230+0000] {dag.py:3096} INFO - Sync 1 DAGs
[2024-07-16T06:49:24.345+0000] {logging_mixin.py:188} INFO - [2024-07-16T06:49:24.345+0000] {dag.py:3954} INFO - Setting next_dagrun for example_weekday_branch_operator to 2024-07-15 00:00:00+00:00, run_after=2024-07-16 00:00:00+00:00
[2024-07-16T06:49:24.357+0000] {processor.py:183} INFO - Processing /home/airflow/.local/lib/python3.12/site-packages/airflow/example_dags/example_branch_day_of_week_operator.py took 0.155 seconds
[2024-07-16T06:49:54.988+0000] {processor.py:161} INFO - Started process (PID=1669) to work on /home/airflow/.local/lib/python3.12/site-packages/airflow/example_dags/example_branch_day_of_week_operator.py
[2024-07-16T06:49:54.989+0000] {processor.py:830} INFO - Processing file /home/airflow/.local/lib/python3.12/site-packages/airflow/example_dags/example_branch_day_of_week_operator.py for tasks to queue
[2024-07-16T06:49:54.990+0000] {logging_mixin.py:188} INFO - [2024-07-16T06:49:54.990+0000] {dagbag.py:545} INFO - Filling up the DagBag from /home/airflow/.local/lib/python3.12/site-packages/airflow/example_dags/example_branch_day_of_week_operator.py
[2024-07-16T06:49:54.994+0000] {processor.py:840} INFO - DAG(s) 'example_weekday_branch_operator' retrieved from /home/airflow/.local/lib/python3.12/site-packages/airflow/example_dags/example_branch_day_of_week_operator.py
[2024-07-16T06:49:55.010+0000] {logging_mixin.py:188} INFO - [2024-07-16T06:49:55.010+0000] {dag.py:3096} INFO - Sync 1 DAGs
[2024-07-16T06:49:55.024+0000] {logging_mixin.py:188} INFO - [2024-07-16T06:49:55.023+0000] {dag.py:3954} INFO - Setting next_dagrun for example_weekday_branch_operator to 2024-07-15 00:00:00+00:00, run_after=2024-07-16 00:00:00+00:00
[2024-07-16T06:49:55.035+0000] {processor.py:183} INFO - Processing /home/airflow/.local/lib/python3.12/site-packages/airflow/example_dags/example_branch_day_of_week_operator.py took 0.050 seconds
[2024-07-16T06:50:25.111+0000] {processor.py:161} INFO - Started process (PID=1732) to work on /home/airflow/.local/lib/python3.12/site-packages/airflow/example_dags/example_branch_day_of_week_operator.py
[2024-07-16T06:50:25.112+0000] {processor.py:830} INFO - Processing file /home/airflow/.local/lib/python3.12/site-packages/airflow/example_dags/example_branch_day_of_week_operator.py for tasks to queue
[2024-07-16T06:50:25.113+0000] {logging_mixin.py:188} INFO - [2024-07-16T06:50:25.113+0000] {dagbag.py:545} INFO - Filling up the DagBag from /home/airflow/.local/lib/python3.12/site-packages/airflow/example_dags/example_branch_day_of_week_operator.py
[2024-07-16T06:50:25.117+0000] {processor.py:840} INFO - DAG(s) 'example_weekday_branch_operator' retrieved from /home/airflow/.local/lib/python3.12/site-packages/airflow/example_dags/example_branch_day_of_week_operator.py
[2024-07-16T06:50:25.132+0000] {logging_mixin.py:188} INFO - [2024-07-16T06:50:25.132+0000] {dag.py:3096} INFO - Sync 1 DAGs
[2024-07-16T06:50:25.145+0000] {logging_mixin.py:188} INFO - [2024-07-16T06:50:25.145+0000] {dag.py:3954} INFO - Setting next_dagrun for example_weekday_branch_operator to 2024-07-15 00:00:00+00:00, run_after=2024-07-16 00:00:00+00:00
[2024-07-16T06:50:25.155+0000] {processor.py:183} INFO - Processing /home/airflow/.local/lib/python3.12/site-packages/airflow/example_dags/example_branch_day_of_week_operator.py took 0.047 seconds
[2024-07-16T06:50:55.293+0000] {processor.py:161} INFO - Started process (PID=1797) to work on /home/airflow/.local/lib/python3.12/site-packages/airflow/example_dags/example_branch_day_of_week_operator.py
[2024-07-16T06:50:55.293+0000] {processor.py:830} INFO - Processing file /home/airflow/.local/lib/python3.12/site-packages/airflow/example_dags/example_branch_day_of_week_operator.py for tasks to queue
[2024-07-16T06:50:55.294+0000] {logging_mixin.py:188} INFO - [2024-07-16T06:50:55.294+0000] {dagbag.py:545} INFO - Filling up the DagBag from /home/airflow/.local/lib/python3.12/site-packages/airflow/example_dags/example_branch_day_of_week_operator.py
[2024-07-16T06:50:55.298+0000] {processor.py:840} INFO - DAG(s) 'example_weekday_branch_operator' retrieved from /home/airflow/.local/lib/python3.12/site-packages/airflow/example_dags/example_branch_day_of_week_operator.py
[2024-07-16T06:50:55.314+0000] {logging_mixin.py:188} INFO - [2024-07-16T06:50:55.313+0000] {dag.py:3096} INFO - Sync 1 DAGs
[2024-07-16T06:50:55.328+0000] {logging_mixin.py:188} INFO - [2024-07-16T06:50:55.328+0000] {dag.py:3954} INFO - Setting next_dagrun for example_weekday_branch_operator to 2024-07-15 00:00:00+00:00, run_after=2024-07-16 00:00:00+00:00
[2024-07-16T06:50:55.339+0000] {processor.py:183} INFO - Processing /home/airflow/.local/lib/python3.12/site-packages/airflow/example_dags/example_branch_day_of_week_operator.py took 0.049 seconds
[2024-07-16T06:51:25.400+0000] {processor.py:161} INFO - Started process (PID=1861) to work on /home/airflow/.local/lib/python3.12/site-packages/airflow/example_dags/example_branch_day_of_week_operator.py
[2024-07-16T06:51:25.401+0000] {processor.py:830} INFO - Processing file /home/airflow/.local/lib/python3.12/site-packages/airflow/example_dags/example_branch_day_of_week_operator.py for tasks to queue
[2024-07-16T06:51:25.402+0000] {logging_mixin.py:188} INFO - [2024-07-16T06:51:25.402+0000] {dagbag.py:545} INFO - Filling up the DagBag from /home/airflow/.local/lib/python3.12/site-packages/airflow/example_dags/example_branch_day_of_week_operator.py
[2024-07-16T06:51:25.406+0000] {processor.py:840} INFO - DAG(s) 'example_weekday_branch_operator' retrieved from /home/airflow/.local/lib/python3.12/site-packages/airflow/example_dags/example_branch_day_of_week_operator.py
[2024-07-16T06:51:25.422+0000] {logging_mixin.py:188} INFO - [2024-07-16T06:51:25.422+0000] {dag.py:3096} INFO - Sync 1 DAGs
[2024-07-16T06:51:25.436+0000] {logging_mixin.py:188} INFO - [2024-07-16T06:51:25.435+0000] {dag.py:3954} INFO - Setting next_dagrun for example_weekday_branch_operator to 2024-07-15 00:00:00+00:00, run_after=2024-07-16 00:00:00+00:00
[2024-07-16T06:51:25.446+0000] {processor.py:183} INFO - Processing /home/airflow/.local/lib/python3.12/site-packages/airflow/example_dags/example_branch_day_of_week_operator.py took 0.049 seconds
[2024-07-16T06:51:55.607+0000] {processor.py:161} INFO - Started process (PID=1925) to work on /home/airflow/.local/lib/python3.12/site-packages/airflow/example_dags/example_branch_day_of_week_operator.py
[2024-07-16T06:51:55.608+0000] {processor.py:830} INFO - Processing file /home/airflow/.local/lib/python3.12/site-packages/airflow/example_dags/example_branch_day_of_week_operator.py for tasks to queue
[2024-07-16T06:51:55.609+0000] {logging_mixin.py:188} INFO - [2024-07-16T06:51:55.609+0000] {dagbag.py:545} INFO - Filling up the DagBag from /home/airflow/.local/lib/python3.12/site-packages/airflow/example_dags/example_branch_day_of_week_operator.py
[2024-07-16T06:51:55.613+0000] {processor.py:840} INFO - DAG(s) 'example_weekday_branch_operator' retrieved from /home/airflow/.local/lib/python3.12/site-packages/airflow/example_dags/example_branch_day_of_week_operator.py
[2024-07-16T06:51:55.630+0000] {logging_mixin.py:188} INFO - [2024-07-16T06:51:55.629+0000] {dag.py:3096} INFO - Sync 1 DAGs
[2024-07-16T06:51:55.642+0000] {logging_mixin.py:188} INFO - [2024-07-16T06:51:55.642+0000] {dag.py:3954} INFO - Setting next_dagrun for example_weekday_branch_operator to 2024-07-15 00:00:00+00:00, run_after=2024-07-16 00:00:00+00:00
[2024-07-16T06:51:55.652+0000] {processor.py:183} INFO - Processing /home/airflow/.local/lib/python3.12/site-packages/airflow/example_dags/example_branch_day_of_week_operator.py took 0.048 seconds
[2024-07-16T06:52:25.841+0000] {processor.py:161} INFO - Started process (PID=1989) to work on /home/airflow/.local/lib/python3.12/site-packages/airflow/example_dags/example_branch_day_of_week_operator.py
[2024-07-16T06:52:25.844+0000] {processor.py:830} INFO - Processing file /home/airflow/.local/lib/python3.12/site-packages/airflow/example_dags/example_branch_day_of_week_operator.py for tasks to queue
[2024-07-16T06:52:25.845+0000] {logging_mixin.py:188} INFO - [2024-07-16T06:52:25.845+0000] {dagbag.py:545} INFO - Filling up the DagBag from /home/airflow/.local/lib/python3.12/site-packages/airflow/example_dags/example_branch_day_of_week_operator.py
[2024-07-16T06:52:25.849+0000] {processor.py:840} INFO - DAG(s) 'example_weekday_branch_operator' retrieved from /home/airflow/.local/lib/python3.12/site-packages/airflow/example_dags/example_branch_day_of_week_operator.py
[2024-07-16T06:52:25.870+0000] {logging_mixin.py:188} INFO - [2024-07-16T06:52:25.870+0000] {dag.py:3096} INFO - Sync 1 DAGs
[2024-07-16T06:52:25.886+0000] {logging_mixin.py:188} INFO - [2024-07-16T06:52:25.886+0000] {dag.py:3954} INFO - Setting next_dagrun for example_weekday_branch_operator to 2024-07-15 00:00:00+00:00, run_after=2024-07-16 00:00:00+00:00
[2024-07-16T06:52:25.896+0000] {processor.py:183} INFO - Processing /home/airflow/.local/lib/python3.12/site-packages/airflow/example_dags/example_branch_day_of_week_operator.py took 0.059 seconds
[2024-07-16T06:52:55.996+0000] {processor.py:161} INFO - Started process (PID=2053) to work on /home/airflow/.local/lib/python3.12/site-packages/airflow/example_dags/example_branch_day_of_week_operator.py
[2024-07-16T06:52:55.996+0000] {processor.py:830} INFO - Processing file /home/airflow/.local/lib/python3.12/site-packages/airflow/example_dags/example_branch_day_of_week_operator.py for tasks to queue
[2024-07-16T06:52:55.998+0000] {logging_mixin.py:188} INFO - [2024-07-16T06:52:55.997+0000] {dagbag.py:545} INFO - Filling up the DagBag from /home/airflow/.local/lib/python3.12/site-packages/airflow/example_dags/example_branch_day_of_week_operator.py
[2024-07-16T06:52:56.002+0000] {processor.py:840} INFO - DAG(s) 'example_weekday_branch_operator' retrieved from /home/airflow/.local/lib/python3.12/site-packages/airflow/example_dags/example_branch_day_of_week_operator.py
[2024-07-16T06:52:56.066+0000] {logging_mixin.py:188} INFO - [2024-07-16T06:52:56.066+0000] {dag.py:3096} INFO - Sync 1 DAGs
[2024-07-16T06:52:56.083+0000] {logging_mixin.py:188} INFO - [2024-07-16T06:52:56.083+0000] {dag.py:3954} INFO - Setting next_dagrun for example_weekday_branch_operator to 2024-07-15 00:00:00+00:00, run_after=2024-07-16 00:00:00+00:00
[2024-07-16T06:52:56.093+0000] {processor.py:183} INFO - Processing /home/airflow/.local/lib/python3.12/site-packages/airflow/example_dags/example_branch_day_of_week_operator.py took 0.100 seconds
[2024-07-16T06:53:26.364+0000] {processor.py:161} INFO - Started process (PID=2117) to work on /home/airflow/.local/lib/python3.12/site-packages/airflow/example_dags/example_branch_day_of_week_operator.py
[2024-07-16T06:53:26.365+0000] {processor.py:830} INFO - Processing file /home/airflow/.local/lib/python3.12/site-packages/airflow/example_dags/example_branch_day_of_week_operator.py for tasks to queue
[2024-07-16T06:53:26.366+0000] {logging_mixin.py:188} INFO - [2024-07-16T06:53:26.366+0000] {dagbag.py:545} INFO - Filling up the DagBag from /home/airflow/.local/lib/python3.12/site-packages/airflow/example_dags/example_branch_day_of_week_operator.py
[2024-07-16T06:53:26.370+0000] {processor.py:840} INFO - DAG(s) 'example_weekday_branch_operator' retrieved from /home/airflow/.local/lib/python3.12/site-packages/airflow/example_dags/example_branch_day_of_week_operator.py
[2024-07-16T06:53:26.386+0000] {logging_mixin.py:188} INFO - [2024-07-16T06:53:26.386+0000] {dag.py:3096} INFO - Sync 1 DAGs
[2024-07-16T06:53:26.400+0000] {logging_mixin.py:188} INFO - [2024-07-16T06:53:26.400+0000] {dag.py:3954} INFO - Setting next_dagrun for example_weekday_branch_operator to 2024-07-15 00:00:00+00:00, run_after=2024-07-16 00:00:00+00:00
[2024-07-16T06:53:26.409+0000] {processor.py:183} INFO - Processing /home/airflow/.local/lib/python3.12/site-packages/airflow/example_dags/example_branch_day_of_week_operator.py took 0.048 seconds
[2024-07-16T06:53:56.481+0000] {processor.py:161} INFO - Started process (PID=2181) to work on /home/airflow/.local/lib/python3.12/site-packages/airflow/example_dags/example_branch_day_of_week_operator.py
[2024-07-16T06:53:56.482+0000] {processor.py:830} INFO - Processing file /home/airflow/.local/lib/python3.12/site-packages/airflow/example_dags/example_branch_day_of_week_operator.py for tasks to queue
[2024-07-16T06:53:56.483+0000] {logging_mixin.py:188} INFO - [2024-07-16T06:53:56.483+0000] {dagbag.py:545} INFO - Filling up the DagBag from /home/airflow/.local/lib/python3.12/site-packages/airflow/example_dags/example_branch_day_of_week_operator.py
[2024-07-16T06:53:56.488+0000] {processor.py:840} INFO - DAG(s) 'example_weekday_branch_operator' retrieved from /home/airflow/.local/lib/python3.12/site-packages/airflow/example_dags/example_branch_day_of_week_operator.py
[2024-07-16T06:53:56.562+0000] {logging_mixin.py:188} INFO - [2024-07-16T06:53:56.562+0000] {dag.py:3096} INFO - Sync 1 DAGs
[2024-07-16T06:53:56.578+0000] {logging_mixin.py:188} INFO - [2024-07-16T06:53:56.577+0000] {dag.py:3954} INFO - Setting next_dagrun for example_weekday_branch_operator to 2024-07-15 00:00:00+00:00, run_after=2024-07-16 00:00:00+00:00
[2024-07-16T06:53:56.590+0000] {processor.py:183} INFO - Processing /home/airflow/.local/lib/python3.12/site-packages/airflow/example_dags/example_branch_day_of_week_operator.py took 0.112 seconds
[2024-07-16T06:54:26.630+0000] {processor.py:161} INFO - Started process (PID=2245) to work on /home/airflow/.local/lib/python3.12/site-packages/airflow/example_dags/example_branch_day_of_week_operator.py
[2024-07-16T06:54:26.631+0000] {processor.py:830} INFO - Processing file /home/airflow/.local/lib/python3.12/site-packages/airflow/example_dags/example_branch_day_of_week_operator.py for tasks to queue
[2024-07-16T06:54:26.632+0000] {logging_mixin.py:188} INFO - [2024-07-16T06:54:26.632+0000] {dagbag.py:545} INFO - Filling up the DagBag from /home/airflow/.local/lib/python3.12/site-packages/airflow/example_dags/example_branch_day_of_week_operator.py
[2024-07-16T06:54:26.636+0000] {processor.py:840} INFO - DAG(s) 'example_weekday_branch_operator' retrieved from /home/airflow/.local/lib/python3.12/site-packages/airflow/example_dags/example_branch_day_of_week_operator.py
[2024-07-16T06:54:26.651+0000] {logging_mixin.py:188} INFO - [2024-07-16T06:54:26.651+0000] {dag.py:3096} INFO - Sync 1 DAGs
[2024-07-16T06:54:26.667+0000] {logging_mixin.py:188} INFO - [2024-07-16T06:54:26.667+0000] {dag.py:3954} INFO - Setting next_dagrun for example_weekday_branch_operator to 2024-07-15 00:00:00+00:00, run_after=2024-07-16 00:00:00+00:00
[2024-07-16T06:54:26.679+0000] {processor.py:183} INFO - Processing /home/airflow/.local/lib/python3.12/site-packages/airflow/example_dags/example_branch_day_of_week_operator.py took 0.052 seconds
[2024-07-16T06:54:56.742+0000] {processor.py:161} INFO - Started process (PID=2308) to work on /home/airflow/.local/lib/python3.12/site-packages/airflow/example_dags/example_branch_day_of_week_operator.py
[2024-07-16T06:54:56.742+0000] {processor.py:830} INFO - Processing file /home/airflow/.local/lib/python3.12/site-packages/airflow/example_dags/example_branch_day_of_week_operator.py for tasks to queue
[2024-07-16T06:54:56.744+0000] {logging_mixin.py:188} INFO - [2024-07-16T06:54:56.743+0000] {dagbag.py:545} INFO - Filling up the DagBag from /home/airflow/.local/lib/python3.12/site-packages/airflow/example_dags/example_branch_day_of_week_operator.py
[2024-07-16T06:54:56.748+0000] {processor.py:840} INFO - DAG(s) 'example_weekday_branch_operator' retrieved from /home/airflow/.local/lib/python3.12/site-packages/airflow/example_dags/example_branch_day_of_week_operator.py
[2024-07-16T06:54:56.776+0000] {logging_mixin.py:188} INFO - [2024-07-16T06:54:56.776+0000] {dag.py:3096} INFO - Sync 1 DAGs
[2024-07-16T06:54:56.792+0000] {logging_mixin.py:188} INFO - [2024-07-16T06:54:56.792+0000] {dag.py:3954} INFO - Setting next_dagrun for example_weekday_branch_operator to 2024-07-15 00:00:00+00:00, run_after=2024-07-16 00:00:00+00:00
[2024-07-16T06:54:56.803+0000] {processor.py:183} INFO - Processing /home/airflow/.local/lib/python3.12/site-packages/airflow/example_dags/example_branch_day_of_week_operator.py took 0.064 seconds
[2024-07-16T06:55:27.010+0000] {processor.py:161} INFO - Started process (PID=2372) to work on /home/airflow/.local/lib/python3.12/site-packages/airflow/example_dags/example_branch_day_of_week_operator.py
[2024-07-16T06:55:27.011+0000] {processor.py:830} INFO - Processing file /home/airflow/.local/lib/python3.12/site-packages/airflow/example_dags/example_branch_day_of_week_operator.py for tasks to queue
[2024-07-16T06:55:27.012+0000] {logging_mixin.py:188} INFO - [2024-07-16T06:55:27.012+0000] {dagbag.py:545} INFO - Filling up the DagBag from /home/airflow/.local/lib/python3.12/site-packages/airflow/example_dags/example_branch_day_of_week_operator.py
[2024-07-16T06:55:27.016+0000] {processor.py:840} INFO - DAG(s) 'example_weekday_branch_operator' retrieved from /home/airflow/.local/lib/python3.12/site-packages/airflow/example_dags/example_branch_day_of_week_operator.py
[2024-07-16T06:55:27.031+0000] {logging_mixin.py:188} INFO - [2024-07-16T06:55:27.031+0000] {dag.py:3096} INFO - Sync 1 DAGs
[2024-07-16T06:55:27.046+0000] {logging_mixin.py:188} INFO - [2024-07-16T06:55:27.045+0000] {dag.py:3954} INFO - Setting next_dagrun for example_weekday_branch_operator to 2024-07-15 00:00:00+00:00, run_after=2024-07-16 00:00:00+00:00
[2024-07-16T06:55:27.056+0000] {processor.py:183} INFO - Processing /home/airflow/.local/lib/python3.12/site-packages/airflow/example_dags/example_branch_day_of_week_operator.py took 0.049 seconds
[2024-07-16T06:55:57.242+0000] {processor.py:161} INFO - Started process (PID=2436) to work on /home/airflow/.local/lib/python3.12/site-packages/airflow/example_dags/example_branch_day_of_week_operator.py
[2024-07-16T06:55:57.243+0000] {processor.py:830} INFO - Processing file /home/airflow/.local/lib/python3.12/site-packages/airflow/example_dags/example_branch_day_of_week_operator.py for tasks to queue
[2024-07-16T06:55:57.244+0000] {logging_mixin.py:188} INFO - [2024-07-16T06:55:57.244+0000] {dagbag.py:545} INFO - Filling up the DagBag from /home/airflow/.local/lib/python3.12/site-packages/airflow/example_dags/example_branch_day_of_week_operator.py
[2024-07-16T06:55:57.248+0000] {processor.py:840} INFO - DAG(s) 'example_weekday_branch_operator' retrieved from /home/airflow/.local/lib/python3.12/site-packages/airflow/example_dags/example_branch_day_of_week_operator.py
[2024-07-16T06:55:57.262+0000] {logging_mixin.py:188} INFO - [2024-07-16T06:55:57.262+0000] {dag.py:3096} INFO - Sync 1 DAGs
[2024-07-16T06:55:57.276+0000] {logging_mixin.py:188} INFO - [2024-07-16T06:55:57.276+0000] {dag.py:3954} INFO - Setting next_dagrun for example_weekday_branch_operator to 2024-07-15 00:00:00+00:00, run_after=2024-07-16 00:00:00+00:00
[2024-07-16T06:55:57.286+0000] {processor.py:183} INFO - Processing /home/airflow/.local/lib/python3.12/site-packages/airflow/example_dags/example_branch_day_of_week_operator.py took 0.047 seconds
