[2024-07-16T06:24:07.278+0000] {processor.py:161} INFO - Started process (PID=59) to work on /home/airflow/.local/lib/python3.12/site-packages/airflow/example_dags/example_complex.py
[2024-07-16T06:24:07.279+0000] {processor.py:830} INFO - Processing file /home/airflow/.local/lib/python3.12/site-packages/airflow/example_dags/example_complex.py for tasks to queue
[2024-07-16T06:24:07.280+0000] {logging_mixin.py:188} INFO - [2024-07-16T06:24:07.280+0000] {dagbag.py:545} INFO - Filling up the DagBag from /home/airflow/.local/lib/python3.12/site-packages/airflow/example_dags/example_complex.py
[2024-07-16T06:24:07.287+0000] {processor.py:840} INFO - DAG(s) 'example_complex' retrieved from /home/airflow/.local/lib/python3.12/site-packages/airflow/example_dags/example_complex.py
[2024-07-16T06:24:07.304+0000] {logging_mixin.py:188} INFO - [2024-07-16T06:24:07.304+0000] {dag.py:3096} INFO - Sync 1 DAGs
[2024-07-16T06:24:07.311+0000] {logging_mixin.py:188} INFO - [2024-07-16T06:24:07.311+0000] {dag.py:3954} INFO - Setting next_dagrun for example_complex to None, run_after=None
[2024-07-16T06:24:07.324+0000] {processor.py:183} INFO - Processing /home/airflow/.local/lib/python3.12/site-packages/airflow/example_dags/example_complex.py took 0.051 seconds
[2024-07-16T06:24:37.600+0000] {processor.py:161} INFO - Started process (PID=122) to work on /home/airflow/.local/lib/python3.12/site-packages/airflow/example_dags/example_complex.py
[2024-07-16T06:24:37.601+0000] {processor.py:830} INFO - Processing file /home/airflow/.local/lib/python3.12/site-packages/airflow/example_dags/example_complex.py for tasks to queue
[2024-07-16T06:24:37.602+0000] {logging_mixin.py:188} INFO - [2024-07-16T06:24:37.601+0000] {dagbag.py:545} INFO - Filling up the DagBag from /home/airflow/.local/lib/python3.12/site-packages/airflow/example_dags/example_complex.py
[2024-07-16T06:24:37.606+0000] {processor.py:840} INFO - DAG(s) 'example_complex' retrieved from /home/airflow/.local/lib/python3.12/site-packages/airflow/example_dags/example_complex.py
[2024-07-16T06:24:37.621+0000] {logging_mixin.py:188} INFO - [2024-07-16T06:24:37.620+0000] {dag.py:3096} INFO - Sync 1 DAGs
[2024-07-16T06:24:37.626+0000] {logging_mixin.py:188} INFO - [2024-07-16T06:24:37.626+0000] {dag.py:3954} INFO - Setting next_dagrun for example_complex to None, run_after=None
[2024-07-16T06:24:37.634+0000] {processor.py:183} INFO - Processing /home/airflow/.local/lib/python3.12/site-packages/airflow/example_dags/example_complex.py took 0.037 seconds
[2024-07-16T06:29:31.053+0000] {processor.py:161} INFO - Started process (PID=60) to work on /home/airflow/.local/lib/python3.12/site-packages/airflow/example_dags/example_complex.py
[2024-07-16T06:29:31.062+0000] {processor.py:830} INFO - Processing file /home/airflow/.local/lib/python3.12/site-packages/airflow/example_dags/example_complex.py for tasks to queue
[2024-07-16T06:29:31.063+0000] {logging_mixin.py:188} INFO - [2024-07-16T06:29:31.063+0000] {dagbag.py:545} INFO - Filling up the DagBag from /home/airflow/.local/lib/python3.12/site-packages/airflow/example_dags/example_complex.py
[2024-07-16T06:29:31.072+0000] {processor.py:840} INFO - DAG(s) 'example_complex' retrieved from /home/airflow/.local/lib/python3.12/site-packages/airflow/example_dags/example_complex.py
[2024-07-16T06:29:31.103+0000] {logging_mixin.py:188} INFO - [2024-07-16T06:29:31.103+0000] {dag.py:3096} INFO - Sync 1 DAGs
[2024-07-16T06:29:31.124+0000] {logging_mixin.py:188} INFO - [2024-07-16T06:29:31.124+0000] {dag.py:3954} INFO - Setting next_dagrun for example_complex to None, run_after=None
[2024-07-16T06:29:31.143+0000] {processor.py:183} INFO - Processing /home/airflow/.local/lib/python3.12/site-packages/airflow/example_dags/example_complex.py took 0.093 seconds
[2024-07-16T06:30:01.781+0000] {processor.py:161} INFO - Started process (PID=124) to work on /home/airflow/.local/lib/python3.12/site-packages/airflow/example_dags/example_complex.py
[2024-07-16T06:30:01.781+0000] {processor.py:830} INFO - Processing file /home/airflow/.local/lib/python3.12/site-packages/airflow/example_dags/example_complex.py for tasks to queue
[2024-07-16T06:30:01.782+0000] {logging_mixin.py:188} INFO - [2024-07-16T06:30:01.782+0000] {dagbag.py:545} INFO - Filling up the DagBag from /home/airflow/.local/lib/python3.12/site-packages/airflow/example_dags/example_complex.py
[2024-07-16T06:30:01.787+0000] {processor.py:840} INFO - DAG(s) 'example_complex' retrieved from /home/airflow/.local/lib/python3.12/site-packages/airflow/example_dags/example_complex.py
[2024-07-16T06:30:01.843+0000] {logging_mixin.py:188} INFO - [2024-07-16T06:30:01.842+0000] {dag.py:3096} INFO - Sync 1 DAGs
[2024-07-16T06:30:01.849+0000] {logging_mixin.py:188} INFO - [2024-07-16T06:30:01.849+0000] {dag.py:3954} INFO - Setting next_dagrun for example_complex to None, run_after=None
[2024-07-16T06:30:01.861+0000] {processor.py:183} INFO - Processing /home/airflow/.local/lib/python3.12/site-packages/airflow/example_dags/example_complex.py took 0.083 seconds
[2024-07-16T06:30:32.426+0000] {processor.py:161} INFO - Started process (PID=188) to work on /home/airflow/.local/lib/python3.12/site-packages/airflow/example_dags/example_complex.py
[2024-07-16T06:30:32.427+0000] {processor.py:830} INFO - Processing file /home/airflow/.local/lib/python3.12/site-packages/airflow/example_dags/example_complex.py for tasks to queue
[2024-07-16T06:30:32.428+0000] {logging_mixin.py:188} INFO - [2024-07-16T06:30:32.428+0000] {dagbag.py:545} INFO - Filling up the DagBag from /home/airflow/.local/lib/python3.12/site-packages/airflow/example_dags/example_complex.py
[2024-07-16T06:30:32.434+0000] {processor.py:840} INFO - DAG(s) 'example_complex' retrieved from /home/airflow/.local/lib/python3.12/site-packages/airflow/example_dags/example_complex.py
[2024-07-16T06:30:32.453+0000] {logging_mixin.py:188} INFO - [2024-07-16T06:30:32.453+0000] {dag.py:3096} INFO - Sync 1 DAGs
[2024-07-16T06:30:32.461+0000] {logging_mixin.py:188} INFO - [2024-07-16T06:30:32.461+0000] {dag.py:3954} INFO - Setting next_dagrun for example_complex to None, run_after=None
[2024-07-16T06:30:32.471+0000] {processor.py:183} INFO - Processing /home/airflow/.local/lib/python3.12/site-packages/airflow/example_dags/example_complex.py took 0.048 seconds
[2024-07-16T06:31:02.765+0000] {processor.py:161} INFO - Started process (PID=251) to work on /home/airflow/.local/lib/python3.12/site-packages/airflow/example_dags/example_complex.py
[2024-07-16T06:31:02.766+0000] {processor.py:830} INFO - Processing file /home/airflow/.local/lib/python3.12/site-packages/airflow/example_dags/example_complex.py for tasks to queue
[2024-07-16T06:31:02.767+0000] {logging_mixin.py:188} INFO - [2024-07-16T06:31:02.767+0000] {dagbag.py:545} INFO - Filling up the DagBag from /home/airflow/.local/lib/python3.12/site-packages/airflow/example_dags/example_complex.py
[2024-07-16T06:31:02.772+0000] {processor.py:840} INFO - DAG(s) 'example_complex' retrieved from /home/airflow/.local/lib/python3.12/site-packages/airflow/example_dags/example_complex.py
[2024-07-16T06:31:02.794+0000] {logging_mixin.py:188} INFO - [2024-07-16T06:31:02.794+0000] {dag.py:3096} INFO - Sync 1 DAGs
[2024-07-16T06:31:02.803+0000] {logging_mixin.py:188} INFO - [2024-07-16T06:31:02.802+0000] {dag.py:3954} INFO - Setting next_dagrun for example_complex to None, run_after=None
[2024-07-16T06:31:02.816+0000] {processor.py:183} INFO - Processing /home/airflow/.local/lib/python3.12/site-packages/airflow/example_dags/example_complex.py took 0.054 seconds
[2024-07-16T06:31:32.902+0000] {processor.py:161} INFO - Started process (PID=315) to work on /home/airflow/.local/lib/python3.12/site-packages/airflow/example_dags/example_complex.py
[2024-07-16T06:31:32.902+0000] {processor.py:830} INFO - Processing file /home/airflow/.local/lib/python3.12/site-packages/airflow/example_dags/example_complex.py for tasks to queue
[2024-07-16T06:31:32.904+0000] {logging_mixin.py:188} INFO - [2024-07-16T06:31:32.903+0000] {dagbag.py:545} INFO - Filling up the DagBag from /home/airflow/.local/lib/python3.12/site-packages/airflow/example_dags/example_complex.py
[2024-07-16T06:31:32.909+0000] {processor.py:840} INFO - DAG(s) 'example_complex' retrieved from /home/airflow/.local/lib/python3.12/site-packages/airflow/example_dags/example_complex.py
[2024-07-16T06:31:32.929+0000] {logging_mixin.py:188} INFO - [2024-07-16T06:31:32.928+0000] {dag.py:3096} INFO - Sync 1 DAGs
[2024-07-16T06:31:32.936+0000] {logging_mixin.py:188} INFO - [2024-07-16T06:31:32.936+0000] {dag.py:3954} INFO - Setting next_dagrun for example_complex to None, run_after=None
[2024-07-16T06:31:32.948+0000] {processor.py:183} INFO - Processing /home/airflow/.local/lib/python3.12/site-packages/airflow/example_dags/example_complex.py took 0.049 seconds
[2024-07-16T06:32:04.005+0000] {processor.py:161} INFO - Started process (PID=378) to work on /home/airflow/.local/lib/python3.12/site-packages/airflow/example_dags/example_complex.py
[2024-07-16T06:32:04.005+0000] {processor.py:830} INFO - Processing file /home/airflow/.local/lib/python3.12/site-packages/airflow/example_dags/example_complex.py for tasks to queue
[2024-07-16T06:32:04.006+0000] {logging_mixin.py:188} INFO - [2024-07-16T06:32:04.006+0000] {dagbag.py:545} INFO - Filling up the DagBag from /home/airflow/.local/lib/python3.12/site-packages/airflow/example_dags/example_complex.py
[2024-07-16T06:32:04.012+0000] {processor.py:840} INFO - DAG(s) 'example_complex' retrieved from /home/airflow/.local/lib/python3.12/site-packages/airflow/example_dags/example_complex.py
[2024-07-16T06:32:04.031+0000] {logging_mixin.py:188} INFO - [2024-07-16T06:32:04.031+0000] {dag.py:3096} INFO - Sync 1 DAGs
[2024-07-16T06:32:04.039+0000] {logging_mixin.py:188} INFO - [2024-07-16T06:32:04.039+0000] {dag.py:3954} INFO - Setting next_dagrun for example_complex to None, run_after=None
[2024-07-16T06:32:04.051+0000] {processor.py:183} INFO - Processing /home/airflow/.local/lib/python3.12/site-packages/airflow/example_dags/example_complex.py took 0.049 seconds
[2024-07-16T06:32:34.179+0000] {processor.py:161} INFO - Started process (PID=442) to work on /home/airflow/.local/lib/python3.12/site-packages/airflow/example_dags/example_complex.py
[2024-07-16T06:32:34.179+0000] {processor.py:830} INFO - Processing file /home/airflow/.local/lib/python3.12/site-packages/airflow/example_dags/example_complex.py for tasks to queue
[2024-07-16T06:32:34.180+0000] {logging_mixin.py:188} INFO - [2024-07-16T06:32:34.180+0000] {dagbag.py:545} INFO - Filling up the DagBag from /home/airflow/.local/lib/python3.12/site-packages/airflow/example_dags/example_complex.py
[2024-07-16T06:32:34.186+0000] {processor.py:840} INFO - DAG(s) 'example_complex' retrieved from /home/airflow/.local/lib/python3.12/site-packages/airflow/example_dags/example_complex.py
[2024-07-16T06:32:34.204+0000] {logging_mixin.py:188} INFO - [2024-07-16T06:32:34.204+0000] {dag.py:3096} INFO - Sync 1 DAGs
[2024-07-16T06:32:34.213+0000] {logging_mixin.py:188} INFO - [2024-07-16T06:32:34.213+0000] {dag.py:3954} INFO - Setting next_dagrun for example_complex to None, run_after=None
[2024-07-16T06:32:34.224+0000] {processor.py:183} INFO - Processing /home/airflow/.local/lib/python3.12/site-packages/airflow/example_dags/example_complex.py took 0.048 seconds
[2024-07-16T06:33:04.394+0000] {processor.py:161} INFO - Started process (PID=506) to work on /home/airflow/.local/lib/python3.12/site-packages/airflow/example_dags/example_complex.py
[2024-07-16T06:33:04.395+0000] {processor.py:830} INFO - Processing file /home/airflow/.local/lib/python3.12/site-packages/airflow/example_dags/example_complex.py for tasks to queue
[2024-07-16T06:33:04.396+0000] {logging_mixin.py:188} INFO - [2024-07-16T06:33:04.396+0000] {dagbag.py:545} INFO - Filling up the DagBag from /home/airflow/.local/lib/python3.12/site-packages/airflow/example_dags/example_complex.py
[2024-07-16T06:33:04.402+0000] {processor.py:840} INFO - DAG(s) 'example_complex' retrieved from /home/airflow/.local/lib/python3.12/site-packages/airflow/example_dags/example_complex.py
[2024-07-16T06:33:04.422+0000] {logging_mixin.py:188} INFO - [2024-07-16T06:33:04.422+0000] {dag.py:3096} INFO - Sync 1 DAGs
[2024-07-16T06:33:04.429+0000] {logging_mixin.py:188} INFO - [2024-07-16T06:33:04.429+0000] {dag.py:3954} INFO - Setting next_dagrun for example_complex to None, run_after=None
[2024-07-16T06:33:04.440+0000] {processor.py:183} INFO - Processing /home/airflow/.local/lib/python3.12/site-packages/airflow/example_dags/example_complex.py took 0.049 seconds
[2024-07-16T06:33:34.466+0000] {processor.py:161} INFO - Started process (PID=570) to work on /home/airflow/.local/lib/python3.12/site-packages/airflow/example_dags/example_complex.py
[2024-07-16T06:33:34.467+0000] {processor.py:830} INFO - Processing file /home/airflow/.local/lib/python3.12/site-packages/airflow/example_dags/example_complex.py for tasks to queue
[2024-07-16T06:33:34.468+0000] {logging_mixin.py:188} INFO - [2024-07-16T06:33:34.468+0000] {dagbag.py:545} INFO - Filling up the DagBag from /home/airflow/.local/lib/python3.12/site-packages/airflow/example_dags/example_complex.py
[2024-07-16T06:33:34.473+0000] {processor.py:840} INFO - DAG(s) 'example_complex' retrieved from /home/airflow/.local/lib/python3.12/site-packages/airflow/example_dags/example_complex.py
[2024-07-16T06:33:34.496+0000] {logging_mixin.py:188} INFO - [2024-07-16T06:33:34.496+0000] {dag.py:3096} INFO - Sync 1 DAGs
[2024-07-16T06:33:34.504+0000] {logging_mixin.py:188} INFO - [2024-07-16T06:33:34.504+0000] {dag.py:3954} INFO - Setting next_dagrun for example_complex to None, run_after=None
[2024-07-16T06:33:34.518+0000] {processor.py:183} INFO - Processing /home/airflow/.local/lib/python3.12/site-packages/airflow/example_dags/example_complex.py took 0.055 seconds
[2024-07-16T06:34:04.685+0000] {processor.py:161} INFO - Started process (PID=633) to work on /home/airflow/.local/lib/python3.12/site-packages/airflow/example_dags/example_complex.py
[2024-07-16T06:34:04.686+0000] {processor.py:830} INFO - Processing file /home/airflow/.local/lib/python3.12/site-packages/airflow/example_dags/example_complex.py for tasks to queue
[2024-07-16T06:34:04.687+0000] {logging_mixin.py:188} INFO - [2024-07-16T06:34:04.687+0000] {dagbag.py:545} INFO - Filling up the DagBag from /home/airflow/.local/lib/python3.12/site-packages/airflow/example_dags/example_complex.py
[2024-07-16T06:34:04.692+0000] {processor.py:840} INFO - DAG(s) 'example_complex' retrieved from /home/airflow/.local/lib/python3.12/site-packages/airflow/example_dags/example_complex.py
[2024-07-16T06:34:04.711+0000] {logging_mixin.py:188} INFO - [2024-07-16T06:34:04.711+0000] {dag.py:3096} INFO - Sync 1 DAGs
[2024-07-16T06:34:04.718+0000] {logging_mixin.py:188} INFO - [2024-07-16T06:34:04.718+0000] {dag.py:3954} INFO - Setting next_dagrun for example_complex to None, run_after=None
[2024-07-16T06:34:04.729+0000] {processor.py:183} INFO - Processing /home/airflow/.local/lib/python3.12/site-packages/airflow/example_dags/example_complex.py took 0.047 seconds
[2024-07-16T06:34:34.964+0000] {processor.py:161} INFO - Started process (PID=696) to work on /home/airflow/.local/lib/python3.12/site-packages/airflow/example_dags/example_complex.py
[2024-07-16T06:34:34.964+0000] {processor.py:830} INFO - Processing file /home/airflow/.local/lib/python3.12/site-packages/airflow/example_dags/example_complex.py for tasks to queue
[2024-07-16T06:34:34.965+0000] {logging_mixin.py:188} INFO - [2024-07-16T06:34:34.965+0000] {dagbag.py:545} INFO - Filling up the DagBag from /home/airflow/.local/lib/python3.12/site-packages/airflow/example_dags/example_complex.py
[2024-07-16T06:34:34.970+0000] {processor.py:840} INFO - DAG(s) 'example_complex' retrieved from /home/airflow/.local/lib/python3.12/site-packages/airflow/example_dags/example_complex.py
[2024-07-16T06:34:34.990+0000] {logging_mixin.py:188} INFO - [2024-07-16T06:34:34.990+0000] {dag.py:3096} INFO - Sync 1 DAGs
[2024-07-16T06:34:34.997+0000] {logging_mixin.py:188} INFO - [2024-07-16T06:34:34.997+0000] {dag.py:3954} INFO - Setting next_dagrun for example_complex to None, run_after=None
[2024-07-16T06:34:35.008+0000] {processor.py:183} INFO - Processing /home/airflow/.local/lib/python3.12/site-packages/airflow/example_dags/example_complex.py took 0.047 seconds
[2024-07-16T06:35:05.232+0000] {processor.py:161} INFO - Started process (PID=760) to work on /home/airflow/.local/lib/python3.12/site-packages/airflow/example_dags/example_complex.py
[2024-07-16T06:35:05.232+0000] {processor.py:830} INFO - Processing file /home/airflow/.local/lib/python3.12/site-packages/airflow/example_dags/example_complex.py for tasks to queue
[2024-07-16T06:35:05.234+0000] {logging_mixin.py:188} INFO - [2024-07-16T06:35:05.234+0000] {dagbag.py:545} INFO - Filling up the DagBag from /home/airflow/.local/lib/python3.12/site-packages/airflow/example_dags/example_complex.py
[2024-07-16T06:35:05.239+0000] {processor.py:840} INFO - DAG(s) 'example_complex' retrieved from /home/airflow/.local/lib/python3.12/site-packages/airflow/example_dags/example_complex.py
[2024-07-16T06:35:05.262+0000] {logging_mixin.py:188} INFO - [2024-07-16T06:35:05.262+0000] {dag.py:3096} INFO - Sync 1 DAGs
[2024-07-16T06:35:05.272+0000] {logging_mixin.py:188} INFO - [2024-07-16T06:35:05.271+0000] {dag.py:3954} INFO - Setting next_dagrun for example_complex to None, run_after=None
[2024-07-16T06:35:05.293+0000] {processor.py:183} INFO - Processing /home/airflow/.local/lib/python3.12/site-packages/airflow/example_dags/example_complex.py took 0.064 seconds
[2024-07-16T06:35:35.544+0000] {processor.py:161} INFO - Started process (PID=824) to work on /home/airflow/.local/lib/python3.12/site-packages/airflow/example_dags/example_complex.py
[2024-07-16T06:35:35.544+0000] {processor.py:830} INFO - Processing file /home/airflow/.local/lib/python3.12/site-packages/airflow/example_dags/example_complex.py for tasks to queue
[2024-07-16T06:35:35.546+0000] {logging_mixin.py:188} INFO - [2024-07-16T06:35:35.545+0000] {dagbag.py:545} INFO - Filling up the DagBag from /home/airflow/.local/lib/python3.12/site-packages/airflow/example_dags/example_complex.py
[2024-07-16T06:35:35.551+0000] {processor.py:840} INFO - DAG(s) 'example_complex' retrieved from /home/airflow/.local/lib/python3.12/site-packages/airflow/example_dags/example_complex.py
[2024-07-16T06:35:35.570+0000] {logging_mixin.py:188} INFO - [2024-07-16T06:35:35.570+0000] {dag.py:3096} INFO - Sync 1 DAGs
[2024-07-16T06:35:35.578+0000] {logging_mixin.py:188} INFO - [2024-07-16T06:35:35.577+0000] {dag.py:3954} INFO - Setting next_dagrun for example_complex to None, run_after=None
[2024-07-16T06:35:35.589+0000] {processor.py:183} INFO - Processing /home/airflow/.local/lib/python3.12/site-packages/airflow/example_dags/example_complex.py took 0.048 seconds
[2024-07-16T06:36:06.607+0000] {processor.py:161} INFO - Started process (PID=888) to work on /home/airflow/.local/lib/python3.12/site-packages/airflow/example_dags/example_complex.py
[2024-07-16T06:36:06.607+0000] {processor.py:830} INFO - Processing file /home/airflow/.local/lib/python3.12/site-packages/airflow/example_dags/example_complex.py for tasks to queue
[2024-07-16T06:36:06.608+0000] {logging_mixin.py:188} INFO - [2024-07-16T06:36:06.608+0000] {dagbag.py:545} INFO - Filling up the DagBag from /home/airflow/.local/lib/python3.12/site-packages/airflow/example_dags/example_complex.py
[2024-07-16T06:36:06.613+0000] {processor.py:840} INFO - DAG(s) 'example_complex' retrieved from /home/airflow/.local/lib/python3.12/site-packages/airflow/example_dags/example_complex.py
[2024-07-16T06:36:06.632+0000] {logging_mixin.py:188} INFO - [2024-07-16T06:36:06.632+0000] {dag.py:3096} INFO - Sync 1 DAGs
[2024-07-16T06:36:06.640+0000] {logging_mixin.py:188} INFO - [2024-07-16T06:36:06.639+0000] {dag.py:3954} INFO - Setting next_dagrun for example_complex to None, run_after=None
[2024-07-16T06:36:06.650+0000] {processor.py:183} INFO - Processing /home/airflow/.local/lib/python3.12/site-packages/airflow/example_dags/example_complex.py took 0.046 seconds
[2024-07-16T06:37:13.654+0000] {processor.py:161} INFO - Started process (PID=61) to work on /home/airflow/.local/lib/python3.12/site-packages/airflow/example_dags/example_complex.py
[2024-07-16T06:37:13.655+0000] {processor.py:830} INFO - Processing file /home/airflow/.local/lib/python3.12/site-packages/airflow/example_dags/example_complex.py for tasks to queue
[2024-07-16T06:37:13.660+0000] {logging_mixin.py:188} INFO - [2024-07-16T06:37:13.660+0000] {dagbag.py:545} INFO - Filling up the DagBag from /home/airflow/.local/lib/python3.12/site-packages/airflow/example_dags/example_complex.py
[2024-07-16T06:37:13.671+0000] {processor.py:840} INFO - DAG(s) 'example_complex' retrieved from /home/airflow/.local/lib/python3.12/site-packages/airflow/example_dags/example_complex.py
[2024-07-16T06:37:13.688+0000] {logging_mixin.py:188} INFO - [2024-07-16T06:37:13.688+0000] {dag.py:3096} INFO - Sync 1 DAGs
[2024-07-16T06:37:13.702+0000] {logging_mixin.py:188} INFO - [2024-07-16T06:37:13.702+0000] {dag.py:3954} INFO - Setting next_dagrun for example_complex to None, run_after=None
[2024-07-16T06:37:13.716+0000] {processor.py:183} INFO - Processing /home/airflow/.local/lib/python3.12/site-packages/airflow/example_dags/example_complex.py took 0.067 seconds
[2024-07-16T06:37:44.161+0000] {processor.py:161} INFO - Started process (PID=124) to work on /home/airflow/.local/lib/python3.12/site-packages/airflow/example_dags/example_complex.py
[2024-07-16T06:37:44.161+0000] {processor.py:830} INFO - Processing file /home/airflow/.local/lib/python3.12/site-packages/airflow/example_dags/example_complex.py for tasks to queue
[2024-07-16T06:37:44.162+0000] {logging_mixin.py:188} INFO - [2024-07-16T06:37:44.162+0000] {dagbag.py:545} INFO - Filling up the DagBag from /home/airflow/.local/lib/python3.12/site-packages/airflow/example_dags/example_complex.py
[2024-07-16T06:37:44.167+0000] {processor.py:840} INFO - DAG(s) 'example_complex' retrieved from /home/airflow/.local/lib/python3.12/site-packages/airflow/example_dags/example_complex.py
[2024-07-16T06:37:44.220+0000] {logging_mixin.py:188} INFO - [2024-07-16T06:37:44.220+0000] {dag.py:3096} INFO - Sync 1 DAGs
[2024-07-16T06:37:44.226+0000] {logging_mixin.py:188} INFO - [2024-07-16T06:37:44.226+0000] {dag.py:3954} INFO - Setting next_dagrun for example_complex to None, run_after=None
[2024-07-16T06:37:44.236+0000] {processor.py:183} INFO - Processing /home/airflow/.local/lib/python3.12/site-packages/airflow/example_dags/example_complex.py took 0.078 seconds
[2024-07-16T06:38:14.550+0000] {processor.py:161} INFO - Started process (PID=188) to work on /home/airflow/.local/lib/python3.12/site-packages/airflow/example_dags/example_complex.py
[2024-07-16T06:38:14.551+0000] {processor.py:830} INFO - Processing file /home/airflow/.local/lib/python3.12/site-packages/airflow/example_dags/example_complex.py for tasks to queue
[2024-07-16T06:38:14.552+0000] {logging_mixin.py:188} INFO - [2024-07-16T06:38:14.552+0000] {dagbag.py:545} INFO - Filling up the DagBag from /home/airflow/.local/lib/python3.12/site-packages/airflow/example_dags/example_complex.py
[2024-07-16T06:38:14.556+0000] {processor.py:840} INFO - DAG(s) 'example_complex' retrieved from /home/airflow/.local/lib/python3.12/site-packages/airflow/example_dags/example_complex.py
[2024-07-16T06:38:14.574+0000] {logging_mixin.py:188} INFO - [2024-07-16T06:38:14.574+0000] {dag.py:3096} INFO - Sync 1 DAGs
[2024-07-16T06:38:14.581+0000] {logging_mixin.py:188} INFO - [2024-07-16T06:38:14.581+0000] {dag.py:3954} INFO - Setting next_dagrun for example_complex to None, run_after=None
[2024-07-16T06:38:14.591+0000] {processor.py:183} INFO - Processing /home/airflow/.local/lib/python3.12/site-packages/airflow/example_dags/example_complex.py took 0.044 seconds
[2024-07-16T06:38:44.870+0000] {processor.py:161} INFO - Started process (PID=251) to work on /home/airflow/.local/lib/python3.12/site-packages/airflow/example_dags/example_complex.py
[2024-07-16T06:38:44.870+0000] {processor.py:830} INFO - Processing file /home/airflow/.local/lib/python3.12/site-packages/airflow/example_dags/example_complex.py for tasks to queue
[2024-07-16T06:38:44.871+0000] {logging_mixin.py:188} INFO - [2024-07-16T06:38:44.871+0000] {dagbag.py:545} INFO - Filling up the DagBag from /home/airflow/.local/lib/python3.12/site-packages/airflow/example_dags/example_complex.py
[2024-07-16T06:38:44.877+0000] {processor.py:840} INFO - DAG(s) 'example_complex' retrieved from /home/airflow/.local/lib/python3.12/site-packages/airflow/example_dags/example_complex.py
[2024-07-16T06:38:44.896+0000] {logging_mixin.py:188} INFO - [2024-07-16T06:38:44.895+0000] {dag.py:3096} INFO - Sync 1 DAGs
[2024-07-16T06:38:44.902+0000] {logging_mixin.py:188} INFO - [2024-07-16T06:38:44.902+0000] {dag.py:3954} INFO - Setting next_dagrun for example_complex to None, run_after=None
[2024-07-16T06:38:44.913+0000] {processor.py:183} INFO - Processing /home/airflow/.local/lib/python3.12/site-packages/airflow/example_dags/example_complex.py took 0.046 seconds
[2024-07-16T06:39:15.056+0000] {processor.py:161} INFO - Started process (PID=315) to work on /home/airflow/.local/lib/python3.12/site-packages/airflow/example_dags/example_complex.py
[2024-07-16T06:39:15.056+0000] {processor.py:830} INFO - Processing file /home/airflow/.local/lib/python3.12/site-packages/airflow/example_dags/example_complex.py for tasks to queue
[2024-07-16T06:39:15.057+0000] {logging_mixin.py:188} INFO - [2024-07-16T06:39:15.057+0000] {dagbag.py:545} INFO - Filling up the DagBag from /home/airflow/.local/lib/python3.12/site-packages/airflow/example_dags/example_complex.py
[2024-07-16T06:39:15.062+0000] {processor.py:840} INFO - DAG(s) 'example_complex' retrieved from /home/airflow/.local/lib/python3.12/site-packages/airflow/example_dags/example_complex.py
[2024-07-16T06:39:15.081+0000] {logging_mixin.py:188} INFO - [2024-07-16T06:39:15.081+0000] {dag.py:3096} INFO - Sync 1 DAGs
[2024-07-16T06:39:15.089+0000] {logging_mixin.py:188} INFO - [2024-07-16T06:39:15.089+0000] {dag.py:3954} INFO - Setting next_dagrun for example_complex to None, run_after=None
[2024-07-16T06:39:15.100+0000] {processor.py:183} INFO - Processing /home/airflow/.local/lib/python3.12/site-packages/airflow/example_dags/example_complex.py took 0.047 seconds
[2024-07-16T06:39:45.386+0000] {processor.py:161} INFO - Started process (PID=379) to work on /home/airflow/.local/lib/python3.12/site-packages/airflow/example_dags/example_complex.py
[2024-07-16T06:39:45.387+0000] {processor.py:830} INFO - Processing file /home/airflow/.local/lib/python3.12/site-packages/airflow/example_dags/example_complex.py for tasks to queue
[2024-07-16T06:39:45.388+0000] {logging_mixin.py:188} INFO - [2024-07-16T06:39:45.388+0000] {dagbag.py:545} INFO - Filling up the DagBag from /home/airflow/.local/lib/python3.12/site-packages/airflow/example_dags/example_complex.py
[2024-07-16T06:39:45.398+0000] {processor.py:840} INFO - DAG(s) 'example_complex' retrieved from /home/airflow/.local/lib/python3.12/site-packages/airflow/example_dags/example_complex.py
[2024-07-16T06:39:45.420+0000] {logging_mixin.py:188} INFO - [2024-07-16T06:39:45.420+0000] {dag.py:3096} INFO - Sync 1 DAGs
[2024-07-16T06:39:45.427+0000] {logging_mixin.py:188} INFO - [2024-07-16T06:39:45.427+0000] {dag.py:3954} INFO - Setting next_dagrun for example_complex to None, run_after=None
[2024-07-16T06:39:45.437+0000] {processor.py:183} INFO - Processing /home/airflow/.local/lib/python3.12/site-packages/airflow/example_dags/example_complex.py took 0.055 seconds
[2024-07-16T06:40:15.578+0000] {processor.py:161} INFO - Started process (PID=443) to work on /home/airflow/.local/lib/python3.12/site-packages/airflow/example_dags/example_complex.py
[2024-07-16T06:40:15.579+0000] {processor.py:830} INFO - Processing file /home/airflow/.local/lib/python3.12/site-packages/airflow/example_dags/example_complex.py for tasks to queue
[2024-07-16T06:40:15.580+0000] {logging_mixin.py:188} INFO - [2024-07-16T06:40:15.580+0000] {dagbag.py:545} INFO - Filling up the DagBag from /home/airflow/.local/lib/python3.12/site-packages/airflow/example_dags/example_complex.py
[2024-07-16T06:40:15.584+0000] {processor.py:840} INFO - DAG(s) 'example_complex' retrieved from /home/airflow/.local/lib/python3.12/site-packages/airflow/example_dags/example_complex.py
[2024-07-16T06:40:15.602+0000] {logging_mixin.py:188} INFO - [2024-07-16T06:40:15.602+0000] {dag.py:3096} INFO - Sync 1 DAGs
[2024-07-16T06:40:15.610+0000] {logging_mixin.py:188} INFO - [2024-07-16T06:40:15.610+0000] {dag.py:3954} INFO - Setting next_dagrun for example_complex to None, run_after=None
[2024-07-16T06:40:15.621+0000] {processor.py:183} INFO - Processing /home/airflow/.local/lib/python3.12/site-packages/airflow/example_dags/example_complex.py took 0.046 seconds
[2024-07-16T06:40:45.710+0000] {processor.py:161} INFO - Started process (PID=507) to work on /home/airflow/.local/lib/python3.12/site-packages/airflow/example_dags/example_complex.py
[2024-07-16T06:40:45.711+0000] {processor.py:830} INFO - Processing file /home/airflow/.local/lib/python3.12/site-packages/airflow/example_dags/example_complex.py for tasks to queue
[2024-07-16T06:40:45.712+0000] {logging_mixin.py:188} INFO - [2024-07-16T06:40:45.712+0000] {dagbag.py:545} INFO - Filling up the DagBag from /home/airflow/.local/lib/python3.12/site-packages/airflow/example_dags/example_complex.py
[2024-07-16T06:40:45.717+0000] {processor.py:840} INFO - DAG(s) 'example_complex' retrieved from /home/airflow/.local/lib/python3.12/site-packages/airflow/example_dags/example_complex.py
[2024-07-16T06:40:45.737+0000] {logging_mixin.py:188} INFO - [2024-07-16T06:40:45.737+0000] {dag.py:3096} INFO - Sync 1 DAGs
[2024-07-16T06:40:45.743+0000] {logging_mixin.py:188} INFO - [2024-07-16T06:40:45.743+0000] {dag.py:3954} INFO - Setting next_dagrun for example_complex to None, run_after=None
[2024-07-16T06:40:45.754+0000] {processor.py:183} INFO - Processing /home/airflow/.local/lib/python3.12/site-packages/airflow/example_dags/example_complex.py took 0.047 seconds
[2024-07-16T06:41:15.809+0000] {processor.py:161} INFO - Started process (PID=571) to work on /home/airflow/.local/lib/python3.12/site-packages/airflow/example_dags/example_complex.py
[2024-07-16T06:41:15.810+0000] {processor.py:830} INFO - Processing file /home/airflow/.local/lib/python3.12/site-packages/airflow/example_dags/example_complex.py for tasks to queue
[2024-07-16T06:41:15.811+0000] {logging_mixin.py:188} INFO - [2024-07-16T06:41:15.811+0000] {dagbag.py:545} INFO - Filling up the DagBag from /home/airflow/.local/lib/python3.12/site-packages/airflow/example_dags/example_complex.py
[2024-07-16T06:41:15.816+0000] {processor.py:840} INFO - DAG(s) 'example_complex' retrieved from /home/airflow/.local/lib/python3.12/site-packages/airflow/example_dags/example_complex.py
[2024-07-16T06:41:15.835+0000] {logging_mixin.py:188} INFO - [2024-07-16T06:41:15.835+0000] {dag.py:3096} INFO - Sync 1 DAGs
[2024-07-16T06:41:15.843+0000] {logging_mixin.py:188} INFO - [2024-07-16T06:41:15.843+0000] {dag.py:3954} INFO - Setting next_dagrun for example_complex to None, run_after=None
[2024-07-16T06:41:15.854+0000] {processor.py:183} INFO - Processing /home/airflow/.local/lib/python3.12/site-packages/airflow/example_dags/example_complex.py took 0.048 seconds
[2024-07-16T06:41:46.160+0000] {processor.py:161} INFO - Started process (PID=635) to work on /home/airflow/.local/lib/python3.12/site-packages/airflow/example_dags/example_complex.py
[2024-07-16T06:41:46.160+0000] {processor.py:830} INFO - Processing file /home/airflow/.local/lib/python3.12/site-packages/airflow/example_dags/example_complex.py for tasks to queue
[2024-07-16T06:41:46.162+0000] {logging_mixin.py:188} INFO - [2024-07-16T06:41:46.161+0000] {dagbag.py:545} INFO - Filling up the DagBag from /home/airflow/.local/lib/python3.12/site-packages/airflow/example_dags/example_complex.py
[2024-07-16T06:41:46.167+0000] {processor.py:840} INFO - DAG(s) 'example_complex' retrieved from /home/airflow/.local/lib/python3.12/site-packages/airflow/example_dags/example_complex.py
[2024-07-16T06:41:46.187+0000] {logging_mixin.py:188} INFO - [2024-07-16T06:41:46.187+0000] {dag.py:3096} INFO - Sync 1 DAGs
[2024-07-16T06:41:46.195+0000] {logging_mixin.py:188} INFO - [2024-07-16T06:41:46.195+0000] {dag.py:3954} INFO - Setting next_dagrun for example_complex to None, run_after=None
[2024-07-16T06:41:46.206+0000] {processor.py:183} INFO - Processing /home/airflow/.local/lib/python3.12/site-packages/airflow/example_dags/example_complex.py took 0.049 seconds
[2024-07-16T06:42:17.275+0000] {processor.py:161} INFO - Started process (PID=699) to work on /home/airflow/.local/lib/python3.12/site-packages/airflow/example_dags/example_complex.py
[2024-07-16T06:42:17.276+0000] {processor.py:830} INFO - Processing file /home/airflow/.local/lib/python3.12/site-packages/airflow/example_dags/example_complex.py for tasks to queue
[2024-07-16T06:42:17.277+0000] {logging_mixin.py:188} INFO - [2024-07-16T06:42:17.277+0000] {dagbag.py:545} INFO - Filling up the DagBag from /home/airflow/.local/lib/python3.12/site-packages/airflow/example_dags/example_complex.py
[2024-07-16T06:42:17.282+0000] {processor.py:840} INFO - DAG(s) 'example_complex' retrieved from /home/airflow/.local/lib/python3.12/site-packages/airflow/example_dags/example_complex.py
[2024-07-16T06:42:17.301+0000] {logging_mixin.py:188} INFO - [2024-07-16T06:42:17.301+0000] {dag.py:3096} INFO - Sync 1 DAGs
[2024-07-16T06:42:17.309+0000] {logging_mixin.py:188} INFO - [2024-07-16T06:42:17.309+0000] {dag.py:3954} INFO - Setting next_dagrun for example_complex to None, run_after=None
[2024-07-16T06:42:17.320+0000] {processor.py:183} INFO - Processing /home/airflow/.local/lib/python3.12/site-packages/airflow/example_dags/example_complex.py took 0.048 seconds
[2024-07-16T06:42:47.499+0000] {processor.py:161} INFO - Started process (PID=763) to work on /home/airflow/.local/lib/python3.12/site-packages/airflow/example_dags/example_complex.py
[2024-07-16T06:42:47.500+0000] {processor.py:830} INFO - Processing file /home/airflow/.local/lib/python3.12/site-packages/airflow/example_dags/example_complex.py for tasks to queue
[2024-07-16T06:42:47.501+0000] {logging_mixin.py:188} INFO - [2024-07-16T06:42:47.501+0000] {dagbag.py:545} INFO - Filling up the DagBag from /home/airflow/.local/lib/python3.12/site-packages/airflow/example_dags/example_complex.py
[2024-07-16T06:42:47.506+0000] {processor.py:840} INFO - DAG(s) 'example_complex' retrieved from /home/airflow/.local/lib/python3.12/site-packages/airflow/example_dags/example_complex.py
[2024-07-16T06:42:47.526+0000] {logging_mixin.py:188} INFO - [2024-07-16T06:42:47.526+0000] {dag.py:3096} INFO - Sync 1 DAGs
[2024-07-16T06:42:47.533+0000] {logging_mixin.py:188} INFO - [2024-07-16T06:42:47.533+0000] {dag.py:3954} INFO - Setting next_dagrun for example_complex to None, run_after=None
[2024-07-16T06:42:47.544+0000] {processor.py:183} INFO - Processing /home/airflow/.local/lib/python3.12/site-packages/airflow/example_dags/example_complex.py took 0.048 seconds
[2024-07-16T06:43:18.557+0000] {processor.py:161} INFO - Started process (PID=827) to work on /home/airflow/.local/lib/python3.12/site-packages/airflow/example_dags/example_complex.py
[2024-07-16T06:43:18.558+0000] {processor.py:830} INFO - Processing file /home/airflow/.local/lib/python3.12/site-packages/airflow/example_dags/example_complex.py for tasks to queue
[2024-07-16T06:43:18.559+0000] {logging_mixin.py:188} INFO - [2024-07-16T06:43:18.559+0000] {dagbag.py:545} INFO - Filling up the DagBag from /home/airflow/.local/lib/python3.12/site-packages/airflow/example_dags/example_complex.py
[2024-07-16T06:43:18.565+0000] {processor.py:840} INFO - DAG(s) 'example_complex' retrieved from /home/airflow/.local/lib/python3.12/site-packages/airflow/example_dags/example_complex.py
[2024-07-16T06:43:18.588+0000] {logging_mixin.py:188} INFO - [2024-07-16T06:43:18.588+0000] {dag.py:3096} INFO - Sync 1 DAGs
[2024-07-16T06:43:18.597+0000] {logging_mixin.py:188} INFO - [2024-07-16T06:43:18.597+0000] {dag.py:3954} INFO - Setting next_dagrun for example_complex to None, run_after=None
[2024-07-16T06:43:18.613+0000] {processor.py:183} INFO - Processing /home/airflow/.local/lib/python3.12/site-packages/airflow/example_dags/example_complex.py took 0.060 seconds
[2024-07-16T06:43:48.825+0000] {processor.py:161} INFO - Started process (PID=891) to work on /home/airflow/.local/lib/python3.12/site-packages/airflow/example_dags/example_complex.py
[2024-07-16T06:43:48.826+0000] {processor.py:830} INFO - Processing file /home/airflow/.local/lib/python3.12/site-packages/airflow/example_dags/example_complex.py for tasks to queue
[2024-07-16T06:43:48.827+0000] {logging_mixin.py:188} INFO - [2024-07-16T06:43:48.826+0000] {dagbag.py:545} INFO - Filling up the DagBag from /home/airflow/.local/lib/python3.12/site-packages/airflow/example_dags/example_complex.py
[2024-07-16T06:43:48.832+0000] {processor.py:840} INFO - DAG(s) 'example_complex' retrieved from /home/airflow/.local/lib/python3.12/site-packages/airflow/example_dags/example_complex.py
[2024-07-16T06:43:48.853+0000] {logging_mixin.py:188} INFO - [2024-07-16T06:43:48.853+0000] {dag.py:3096} INFO - Sync 1 DAGs
[2024-07-16T06:43:48.863+0000] {logging_mixin.py:188} INFO - [2024-07-16T06:43:48.863+0000] {dag.py:3954} INFO - Setting next_dagrun for example_complex to None, run_after=None
[2024-07-16T06:43:48.874+0000] {processor.py:183} INFO - Processing /home/airflow/.local/lib/python3.12/site-packages/airflow/example_dags/example_complex.py took 0.052 seconds
[2024-07-16T06:44:18.898+0000] {processor.py:161} INFO - Started process (PID=954) to work on /home/airflow/.local/lib/python3.12/site-packages/airflow/example_dags/example_complex.py
[2024-07-16T06:44:18.898+0000] {processor.py:830} INFO - Processing file /home/airflow/.local/lib/python3.12/site-packages/airflow/example_dags/example_complex.py for tasks to queue
[2024-07-16T06:44:18.899+0000] {logging_mixin.py:188} INFO - [2024-07-16T06:44:18.899+0000] {dagbag.py:545} INFO - Filling up the DagBag from /home/airflow/.local/lib/python3.12/site-packages/airflow/example_dags/example_complex.py
[2024-07-16T06:44:18.905+0000] {processor.py:840} INFO - DAG(s) 'example_complex' retrieved from /home/airflow/.local/lib/python3.12/site-packages/airflow/example_dags/example_complex.py
[2024-07-16T06:44:18.923+0000] {logging_mixin.py:188} INFO - [2024-07-16T06:44:18.923+0000] {dag.py:3096} INFO - Sync 1 DAGs
[2024-07-16T06:44:18.930+0000] {logging_mixin.py:188} INFO - [2024-07-16T06:44:18.930+0000] {dag.py:3954} INFO - Setting next_dagrun for example_complex to None, run_after=None
[2024-07-16T06:44:18.940+0000] {processor.py:183} INFO - Processing /home/airflow/.local/lib/python3.12/site-packages/airflow/example_dags/example_complex.py took 0.045 seconds
[2024-07-16T06:44:49.080+0000] {processor.py:161} INFO - Started process (PID=1018) to work on /home/airflow/.local/lib/python3.12/site-packages/airflow/example_dags/example_complex.py
[2024-07-16T06:44:49.081+0000] {processor.py:830} INFO - Processing file /home/airflow/.local/lib/python3.12/site-packages/airflow/example_dags/example_complex.py for tasks to queue
[2024-07-16T06:44:49.082+0000] {logging_mixin.py:188} INFO - [2024-07-16T06:44:49.081+0000] {dagbag.py:545} INFO - Filling up the DagBag from /home/airflow/.local/lib/python3.12/site-packages/airflow/example_dags/example_complex.py
[2024-07-16T06:44:49.087+0000] {processor.py:840} INFO - DAG(s) 'example_complex' retrieved from /home/airflow/.local/lib/python3.12/site-packages/airflow/example_dags/example_complex.py
[2024-07-16T06:44:49.107+0000] {logging_mixin.py:188} INFO - [2024-07-16T06:44:49.106+0000] {dag.py:3096} INFO - Sync 1 DAGs
[2024-07-16T06:44:49.114+0000] {logging_mixin.py:188} INFO - [2024-07-16T06:44:49.114+0000] {dag.py:3954} INFO - Setting next_dagrun for example_complex to None, run_after=None
[2024-07-16T06:44:49.125+0000] {processor.py:183} INFO - Processing /home/airflow/.local/lib/python3.12/site-packages/airflow/example_dags/example_complex.py took 0.048 seconds
[2024-07-16T06:45:19.194+0000] {processor.py:161} INFO - Started process (PID=1081) to work on /home/airflow/.local/lib/python3.12/site-packages/airflow/example_dags/example_complex.py
[2024-07-16T06:45:19.195+0000] {processor.py:830} INFO - Processing file /home/airflow/.local/lib/python3.12/site-packages/airflow/example_dags/example_complex.py for tasks to queue
[2024-07-16T06:45:19.196+0000] {logging_mixin.py:188} INFO - [2024-07-16T06:45:19.196+0000] {dagbag.py:545} INFO - Filling up the DagBag from /home/airflow/.local/lib/python3.12/site-packages/airflow/example_dags/example_complex.py
[2024-07-16T06:45:19.201+0000] {processor.py:840} INFO - DAG(s) 'example_complex' retrieved from /home/airflow/.local/lib/python3.12/site-packages/airflow/example_dags/example_complex.py
[2024-07-16T06:45:19.220+0000] {logging_mixin.py:188} INFO - [2024-07-16T06:45:19.220+0000] {dag.py:3096} INFO - Sync 1 DAGs
[2024-07-16T06:45:19.227+0000] {logging_mixin.py:188} INFO - [2024-07-16T06:45:19.227+0000] {dag.py:3954} INFO - Setting next_dagrun for example_complex to None, run_after=None
[2024-07-16T06:45:19.238+0000] {processor.py:183} INFO - Processing /home/airflow/.local/lib/python3.12/site-packages/airflow/example_dags/example_complex.py took 0.047 seconds
[2024-07-16T06:45:49.312+0000] {processor.py:161} INFO - Started process (PID=1144) to work on /home/airflow/.local/lib/python3.12/site-packages/airflow/example_dags/example_complex.py
[2024-07-16T06:45:49.313+0000] {processor.py:830} INFO - Processing file /home/airflow/.local/lib/python3.12/site-packages/airflow/example_dags/example_complex.py for tasks to queue
[2024-07-16T06:45:49.314+0000] {logging_mixin.py:188} INFO - [2024-07-16T06:45:49.314+0000] {dagbag.py:545} INFO - Filling up the DagBag from /home/airflow/.local/lib/python3.12/site-packages/airflow/example_dags/example_complex.py
[2024-07-16T06:45:49.319+0000] {processor.py:840} INFO - DAG(s) 'example_complex' retrieved from /home/airflow/.local/lib/python3.12/site-packages/airflow/example_dags/example_complex.py
[2024-07-16T06:45:49.339+0000] {logging_mixin.py:188} INFO - [2024-07-16T06:45:49.339+0000] {dag.py:3096} INFO - Sync 1 DAGs
[2024-07-16T06:45:49.347+0000] {logging_mixin.py:188} INFO - [2024-07-16T06:45:49.347+0000] {dag.py:3954} INFO - Setting next_dagrun for example_complex to None, run_after=None
[2024-07-16T06:45:49.356+0000] {processor.py:183} INFO - Processing /home/airflow/.local/lib/python3.12/site-packages/airflow/example_dags/example_complex.py took 0.047 seconds
[2024-07-16T06:46:19.645+0000] {processor.py:161} INFO - Started process (PID=1208) to work on /home/airflow/.local/lib/python3.12/site-packages/airflow/example_dags/example_complex.py
[2024-07-16T06:46:19.646+0000] {processor.py:830} INFO - Processing file /home/airflow/.local/lib/python3.12/site-packages/airflow/example_dags/example_complex.py for tasks to queue
[2024-07-16T06:46:19.647+0000] {logging_mixin.py:188} INFO - [2024-07-16T06:46:19.647+0000] {dagbag.py:545} INFO - Filling up the DagBag from /home/airflow/.local/lib/python3.12/site-packages/airflow/example_dags/example_complex.py
[2024-07-16T06:46:19.652+0000] {processor.py:840} INFO - DAG(s) 'example_complex' retrieved from /home/airflow/.local/lib/python3.12/site-packages/airflow/example_dags/example_complex.py
[2024-07-16T06:46:19.672+0000] {logging_mixin.py:188} INFO - [2024-07-16T06:46:19.672+0000] {dag.py:3096} INFO - Sync 1 DAGs
[2024-07-16T06:46:19.680+0000] {logging_mixin.py:188} INFO - [2024-07-16T06:46:19.680+0000] {dag.py:3954} INFO - Setting next_dagrun for example_complex to None, run_after=None
[2024-07-16T06:46:19.691+0000] {processor.py:183} INFO - Processing /home/airflow/.local/lib/python3.12/site-packages/airflow/example_dags/example_complex.py took 0.049 seconds
[2024-07-16T06:46:49.938+0000] {processor.py:161} INFO - Started process (PID=1272) to work on /home/airflow/.local/lib/python3.12/site-packages/airflow/example_dags/example_complex.py
[2024-07-16T06:46:49.938+0000] {processor.py:830} INFO - Processing file /home/airflow/.local/lib/python3.12/site-packages/airflow/example_dags/example_complex.py for tasks to queue
[2024-07-16T06:46:49.939+0000] {logging_mixin.py:188} INFO - [2024-07-16T06:46:49.939+0000] {dagbag.py:545} INFO - Filling up the DagBag from /home/airflow/.local/lib/python3.12/site-packages/airflow/example_dags/example_complex.py
[2024-07-16T06:46:49.944+0000] {processor.py:840} INFO - DAG(s) 'example_complex' retrieved from /home/airflow/.local/lib/python3.12/site-packages/airflow/example_dags/example_complex.py
[2024-07-16T06:46:49.963+0000] {logging_mixin.py:188} INFO - [2024-07-16T06:46:49.963+0000] {dag.py:3096} INFO - Sync 1 DAGs
[2024-07-16T06:46:49.970+0000] {logging_mixin.py:188} INFO - [2024-07-16T06:46:49.970+0000] {dag.py:3954} INFO - Setting next_dagrun for example_complex to None, run_after=None
[2024-07-16T06:46:50.070+0000] {processor.py:183} INFO - Processing /home/airflow/.local/lib/python3.12/site-packages/airflow/example_dags/example_complex.py took 0.135 seconds
[2024-07-16T06:47:20.663+0000] {processor.py:161} INFO - Started process (PID=1336) to work on /home/airflow/.local/lib/python3.12/site-packages/airflow/example_dags/example_complex.py
[2024-07-16T06:47:20.663+0000] {processor.py:830} INFO - Processing file /home/airflow/.local/lib/python3.12/site-packages/airflow/example_dags/example_complex.py for tasks to queue
[2024-07-16T06:47:20.665+0000] {logging_mixin.py:188} INFO - [2024-07-16T06:47:20.664+0000] {dagbag.py:545} INFO - Filling up the DagBag from /home/airflow/.local/lib/python3.12/site-packages/airflow/example_dags/example_complex.py
[2024-07-16T06:47:20.670+0000] {processor.py:840} INFO - DAG(s) 'example_complex' retrieved from /home/airflow/.local/lib/python3.12/site-packages/airflow/example_dags/example_complex.py
[2024-07-16T06:47:20.692+0000] {logging_mixin.py:188} INFO - [2024-07-16T06:47:20.692+0000] {dag.py:3096} INFO - Sync 1 DAGs
[2024-07-16T06:47:20.700+0000] {logging_mixin.py:188} INFO - [2024-07-16T06:47:20.700+0000] {dag.py:3954} INFO - Setting next_dagrun for example_complex to None, run_after=None
[2024-07-16T06:47:20.712+0000] {processor.py:183} INFO - Processing /home/airflow/.local/lib/python3.12/site-packages/airflow/example_dags/example_complex.py took 0.053 seconds
[2024-07-16T06:47:51.055+0000] {processor.py:161} INFO - Started process (PID=1400) to work on /home/airflow/.local/lib/python3.12/site-packages/airflow/example_dags/example_complex.py
[2024-07-16T06:47:51.056+0000] {processor.py:830} INFO - Processing file /home/airflow/.local/lib/python3.12/site-packages/airflow/example_dags/example_complex.py for tasks to queue
[2024-07-16T06:47:51.057+0000] {logging_mixin.py:188} INFO - [2024-07-16T06:47:51.057+0000] {dagbag.py:545} INFO - Filling up the DagBag from /home/airflow/.local/lib/python3.12/site-packages/airflow/example_dags/example_complex.py
[2024-07-16T06:47:51.063+0000] {processor.py:840} INFO - DAG(s) 'example_complex' retrieved from /home/airflow/.local/lib/python3.12/site-packages/airflow/example_dags/example_complex.py
[2024-07-16T06:47:51.082+0000] {logging_mixin.py:188} INFO - [2024-07-16T06:47:51.082+0000] {dag.py:3096} INFO - Sync 1 DAGs
[2024-07-16T06:47:51.089+0000] {logging_mixin.py:188} INFO - [2024-07-16T06:47:51.089+0000] {dag.py:3954} INFO - Setting next_dagrun for example_complex to None, run_after=None
[2024-07-16T06:47:51.100+0000] {processor.py:183} INFO - Processing /home/airflow/.local/lib/python3.12/site-packages/airflow/example_dags/example_complex.py took 0.048 seconds
[2024-07-16T06:48:21.374+0000] {processor.py:161} INFO - Started process (PID=1464) to work on /home/airflow/.local/lib/python3.12/site-packages/airflow/example_dags/example_complex.py
[2024-07-16T06:48:21.375+0000] {processor.py:830} INFO - Processing file /home/airflow/.local/lib/python3.12/site-packages/airflow/example_dags/example_complex.py for tasks to queue
[2024-07-16T06:48:21.377+0000] {logging_mixin.py:188} INFO - [2024-07-16T06:48:21.377+0000] {dagbag.py:545} INFO - Filling up the DagBag from /home/airflow/.local/lib/python3.12/site-packages/airflow/example_dags/example_complex.py
[2024-07-16T06:48:21.382+0000] {processor.py:840} INFO - DAG(s) 'example_complex' retrieved from /home/airflow/.local/lib/python3.12/site-packages/airflow/example_dags/example_complex.py
[2024-07-16T06:48:21.401+0000] {logging_mixin.py:188} INFO - [2024-07-16T06:48:21.401+0000] {dag.py:3096} INFO - Sync 1 DAGs
[2024-07-16T06:48:21.409+0000] {logging_mixin.py:188} INFO - [2024-07-16T06:48:21.408+0000] {dag.py:3954} INFO - Setting next_dagrun for example_complex to None, run_after=None
[2024-07-16T06:48:21.419+0000] {processor.py:183} INFO - Processing /home/airflow/.local/lib/python3.12/site-packages/airflow/example_dags/example_complex.py took 0.048 seconds
[2024-07-16T06:48:51.587+0000] {processor.py:161} INFO - Started process (PID=1528) to work on /home/airflow/.local/lib/python3.12/site-packages/airflow/example_dags/example_complex.py
[2024-07-16T06:48:51.588+0000] {processor.py:830} INFO - Processing file /home/airflow/.local/lib/python3.12/site-packages/airflow/example_dags/example_complex.py for tasks to queue
[2024-07-16T06:48:51.589+0000] {logging_mixin.py:188} INFO - [2024-07-16T06:48:51.588+0000] {dagbag.py:545} INFO - Filling up the DagBag from /home/airflow/.local/lib/python3.12/site-packages/airflow/example_dags/example_complex.py
[2024-07-16T06:48:51.593+0000] {processor.py:840} INFO - DAG(s) 'example_complex' retrieved from /home/airflow/.local/lib/python3.12/site-packages/airflow/example_dags/example_complex.py
[2024-07-16T06:48:51.613+0000] {logging_mixin.py:188} INFO - [2024-07-16T06:48:51.613+0000] {dag.py:3096} INFO - Sync 1 DAGs
[2024-07-16T06:48:51.620+0000] {logging_mixin.py:188} INFO - [2024-07-16T06:48:51.620+0000] {dag.py:3954} INFO - Setting next_dagrun for example_complex to None, run_after=None
[2024-07-16T06:48:51.629+0000] {processor.py:183} INFO - Processing /home/airflow/.local/lib/python3.12/site-packages/airflow/example_dags/example_complex.py took 0.045 seconds
[2024-07-16T06:49:22.153+0000] {processor.py:161} INFO - Started process (PID=1592) to work on /home/airflow/.local/lib/python3.12/site-packages/airflow/example_dags/example_complex.py
[2024-07-16T06:49:22.153+0000] {processor.py:830} INFO - Processing file /home/airflow/.local/lib/python3.12/site-packages/airflow/example_dags/example_complex.py for tasks to queue
[2024-07-16T06:49:22.154+0000] {logging_mixin.py:188} INFO - [2024-07-16T06:49:22.154+0000] {dagbag.py:545} INFO - Filling up the DagBag from /home/airflow/.local/lib/python3.12/site-packages/airflow/example_dags/example_complex.py
[2024-07-16T06:49:22.159+0000] {processor.py:840} INFO - DAG(s) 'example_complex' retrieved from /home/airflow/.local/lib/python3.12/site-packages/airflow/example_dags/example_complex.py
[2024-07-16T06:49:22.183+0000] {logging_mixin.py:188} INFO - [2024-07-16T06:49:22.183+0000] {dag.py:3096} INFO - Sync 1 DAGs
[2024-07-16T06:49:22.191+0000] {logging_mixin.py:188} INFO - [2024-07-16T06:49:22.191+0000] {dag.py:3954} INFO - Setting next_dagrun for example_complex to None, run_after=None
[2024-07-16T06:49:22.301+0000] {processor.py:183} INFO - Processing /home/airflow/.local/lib/python3.12/site-packages/airflow/example_dags/example_complex.py took 0.152 seconds
[2024-07-16T06:49:52.372+0000] {processor.py:161} INFO - Started process (PID=1656) to work on /home/airflow/.local/lib/python3.12/site-packages/airflow/example_dags/example_complex.py
[2024-07-16T06:49:52.373+0000] {processor.py:830} INFO - Processing file /home/airflow/.local/lib/python3.12/site-packages/airflow/example_dags/example_complex.py for tasks to queue
[2024-07-16T06:49:52.374+0000] {logging_mixin.py:188} INFO - [2024-07-16T06:49:52.374+0000] {dagbag.py:545} INFO - Filling up the DagBag from /home/airflow/.local/lib/python3.12/site-packages/airflow/example_dags/example_complex.py
[2024-07-16T06:49:52.379+0000] {processor.py:840} INFO - DAG(s) 'example_complex' retrieved from /home/airflow/.local/lib/python3.12/site-packages/airflow/example_dags/example_complex.py
[2024-07-16T06:49:52.396+0000] {logging_mixin.py:188} INFO - [2024-07-16T06:49:52.396+0000] {dag.py:3096} INFO - Sync 1 DAGs
[2024-07-16T06:49:52.403+0000] {logging_mixin.py:188} INFO - [2024-07-16T06:49:52.403+0000] {dag.py:3954} INFO - Setting next_dagrun for example_complex to None, run_after=None
[2024-07-16T06:49:52.413+0000] {processor.py:183} INFO - Processing /home/airflow/.local/lib/python3.12/site-packages/airflow/example_dags/example_complex.py took 0.044 seconds
[2024-07-16T06:50:22.752+0000] {processor.py:161} INFO - Started process (PID=1720) to work on /home/airflow/.local/lib/python3.12/site-packages/airflow/example_dags/example_complex.py
[2024-07-16T06:50:22.753+0000] {processor.py:830} INFO - Processing file /home/airflow/.local/lib/python3.12/site-packages/airflow/example_dags/example_complex.py for tasks to queue
[2024-07-16T06:50:22.754+0000] {logging_mixin.py:188} INFO - [2024-07-16T06:50:22.754+0000] {dagbag.py:545} INFO - Filling up the DagBag from /home/airflow/.local/lib/python3.12/site-packages/airflow/example_dags/example_complex.py
[2024-07-16T06:50:22.760+0000] {processor.py:840} INFO - DAG(s) 'example_complex' retrieved from /home/airflow/.local/lib/python3.12/site-packages/airflow/example_dags/example_complex.py
[2024-07-16T06:50:22.779+0000] {logging_mixin.py:188} INFO - [2024-07-16T06:50:22.779+0000] {dag.py:3096} INFO - Sync 1 DAGs
[2024-07-16T06:50:22.786+0000] {logging_mixin.py:188} INFO - [2024-07-16T06:50:22.786+0000] {dag.py:3954} INFO - Setting next_dagrun for example_complex to None, run_after=None
[2024-07-16T06:50:22.798+0000] {processor.py:183} INFO - Processing /home/airflow/.local/lib/python3.12/site-packages/airflow/example_dags/example_complex.py took 0.049 seconds
[2024-07-16T06:50:52.841+0000] {processor.py:161} INFO - Started process (PID=1784) to work on /home/airflow/.local/lib/python3.12/site-packages/airflow/example_dags/example_complex.py
[2024-07-16T06:50:52.842+0000] {processor.py:830} INFO - Processing file /home/airflow/.local/lib/python3.12/site-packages/airflow/example_dags/example_complex.py for tasks to queue
[2024-07-16T06:50:52.843+0000] {logging_mixin.py:188} INFO - [2024-07-16T06:50:52.843+0000] {dagbag.py:545} INFO - Filling up the DagBag from /home/airflow/.local/lib/python3.12/site-packages/airflow/example_dags/example_complex.py
[2024-07-16T06:50:52.848+0000] {processor.py:840} INFO - DAG(s) 'example_complex' retrieved from /home/airflow/.local/lib/python3.12/site-packages/airflow/example_dags/example_complex.py
[2024-07-16T06:50:52.867+0000] {logging_mixin.py:188} INFO - [2024-07-16T06:50:52.867+0000] {dag.py:3096} INFO - Sync 1 DAGs
[2024-07-16T06:50:52.879+0000] {logging_mixin.py:188} INFO - [2024-07-16T06:50:52.879+0000] {dag.py:3954} INFO - Setting next_dagrun for example_complex to None, run_after=None
[2024-07-16T06:50:52.892+0000] {processor.py:183} INFO - Processing /home/airflow/.local/lib/python3.12/site-packages/airflow/example_dags/example_complex.py took 0.053 seconds
[2024-07-16T06:51:22.948+0000] {processor.py:161} INFO - Started process (PID=1848) to work on /home/airflow/.local/lib/python3.12/site-packages/airflow/example_dags/example_complex.py
[2024-07-16T06:51:22.949+0000] {processor.py:830} INFO - Processing file /home/airflow/.local/lib/python3.12/site-packages/airflow/example_dags/example_complex.py for tasks to queue
[2024-07-16T06:51:22.950+0000] {logging_mixin.py:188} INFO - [2024-07-16T06:51:22.950+0000] {dagbag.py:545} INFO - Filling up the DagBag from /home/airflow/.local/lib/python3.12/site-packages/airflow/example_dags/example_complex.py
[2024-07-16T06:51:22.955+0000] {processor.py:840} INFO - DAG(s) 'example_complex' retrieved from /home/airflow/.local/lib/python3.12/site-packages/airflow/example_dags/example_complex.py
[2024-07-16T06:51:22.973+0000] {logging_mixin.py:188} INFO - [2024-07-16T06:51:22.973+0000] {dag.py:3096} INFO - Sync 1 DAGs
[2024-07-16T06:51:22.982+0000] {logging_mixin.py:188} INFO - [2024-07-16T06:51:22.982+0000] {dag.py:3954} INFO - Setting next_dagrun for example_complex to None, run_after=None
[2024-07-16T06:51:22.992+0000] {processor.py:183} INFO - Processing /home/airflow/.local/lib/python3.12/site-packages/airflow/example_dags/example_complex.py took 0.047 seconds
[2024-07-16T06:51:53.169+0000] {processor.py:161} INFO - Started process (PID=1912) to work on /home/airflow/.local/lib/python3.12/site-packages/airflow/example_dags/example_complex.py
[2024-07-16T06:51:53.170+0000] {processor.py:830} INFO - Processing file /home/airflow/.local/lib/python3.12/site-packages/airflow/example_dags/example_complex.py for tasks to queue
[2024-07-16T06:51:53.171+0000] {logging_mixin.py:188} INFO - [2024-07-16T06:51:53.171+0000] {dagbag.py:545} INFO - Filling up the DagBag from /home/airflow/.local/lib/python3.12/site-packages/airflow/example_dags/example_complex.py
[2024-07-16T06:51:53.175+0000] {processor.py:840} INFO - DAG(s) 'example_complex' retrieved from /home/airflow/.local/lib/python3.12/site-packages/airflow/example_dags/example_complex.py
[2024-07-16T06:51:53.202+0000] {logging_mixin.py:188} INFO - [2024-07-16T06:51:53.202+0000] {dag.py:3096} INFO - Sync 1 DAGs
[2024-07-16T06:51:53.209+0000] {logging_mixin.py:188} INFO - [2024-07-16T06:51:53.209+0000] {dag.py:3954} INFO - Setting next_dagrun for example_complex to None, run_after=None
[2024-07-16T06:51:53.221+0000] {processor.py:183} INFO - Processing /home/airflow/.local/lib/python3.12/site-packages/airflow/example_dags/example_complex.py took 0.054 seconds
[2024-07-16T06:52:23.368+0000] {processor.py:161} INFO - Started process (PID=1976) to work on /home/airflow/.local/lib/python3.12/site-packages/airflow/example_dags/example_complex.py
[2024-07-16T06:52:23.368+0000] {processor.py:830} INFO - Processing file /home/airflow/.local/lib/python3.12/site-packages/airflow/example_dags/example_complex.py for tasks to queue
[2024-07-16T06:52:23.370+0000] {logging_mixin.py:188} INFO - [2024-07-16T06:52:23.369+0000] {dagbag.py:545} INFO - Filling up the DagBag from /home/airflow/.local/lib/python3.12/site-packages/airflow/example_dags/example_complex.py
[2024-07-16T06:52:23.374+0000] {processor.py:840} INFO - DAG(s) 'example_complex' retrieved from /home/airflow/.local/lib/python3.12/site-packages/airflow/example_dags/example_complex.py
[2024-07-16T06:52:23.392+0000] {logging_mixin.py:188} INFO - [2024-07-16T06:52:23.392+0000] {dag.py:3096} INFO - Sync 1 DAGs
[2024-07-16T06:52:23.400+0000] {logging_mixin.py:188} INFO - [2024-07-16T06:52:23.400+0000] {dag.py:3954} INFO - Setting next_dagrun for example_complex to None, run_after=None
[2024-07-16T06:52:23.411+0000] {processor.py:183} INFO - Processing /home/airflow/.local/lib/python3.12/site-packages/airflow/example_dags/example_complex.py took 0.047 seconds
[2024-07-16T06:52:53.555+0000] {processor.py:161} INFO - Started process (PID=2040) to work on /home/airflow/.local/lib/python3.12/site-packages/airflow/example_dags/example_complex.py
[2024-07-16T06:52:53.556+0000] {processor.py:830} INFO - Processing file /home/airflow/.local/lib/python3.12/site-packages/airflow/example_dags/example_complex.py for tasks to queue
[2024-07-16T06:52:53.557+0000] {logging_mixin.py:188} INFO - [2024-07-16T06:52:53.556+0000] {dagbag.py:545} INFO - Filling up the DagBag from /home/airflow/.local/lib/python3.12/site-packages/airflow/example_dags/example_complex.py
[2024-07-16T06:52:53.561+0000] {processor.py:840} INFO - DAG(s) 'example_complex' retrieved from /home/airflow/.local/lib/python3.12/site-packages/airflow/example_dags/example_complex.py
[2024-07-16T06:52:53.582+0000] {logging_mixin.py:188} INFO - [2024-07-16T06:52:53.582+0000] {dag.py:3096} INFO - Sync 1 DAGs
[2024-07-16T06:52:53.590+0000] {logging_mixin.py:188} INFO - [2024-07-16T06:52:53.590+0000] {dag.py:3954} INFO - Setting next_dagrun for example_complex to None, run_after=None
[2024-07-16T06:52:53.603+0000] {processor.py:183} INFO - Processing /home/airflow/.local/lib/python3.12/site-packages/airflow/example_dags/example_complex.py took 0.051 seconds
[2024-07-16T06:53:23.787+0000] {processor.py:161} INFO - Started process (PID=2104) to work on /home/airflow/.local/lib/python3.12/site-packages/airflow/example_dags/example_complex.py
[2024-07-16T06:53:23.787+0000] {processor.py:830} INFO - Processing file /home/airflow/.local/lib/python3.12/site-packages/airflow/example_dags/example_complex.py for tasks to queue
[2024-07-16T06:53:23.788+0000] {logging_mixin.py:188} INFO - [2024-07-16T06:53:23.788+0000] {dagbag.py:545} INFO - Filling up the DagBag from /home/airflow/.local/lib/python3.12/site-packages/airflow/example_dags/example_complex.py
[2024-07-16T06:53:23.794+0000] {processor.py:840} INFO - DAG(s) 'example_complex' retrieved from /home/airflow/.local/lib/python3.12/site-packages/airflow/example_dags/example_complex.py
[2024-07-16T06:53:23.815+0000] {logging_mixin.py:188} INFO - [2024-07-16T06:53:23.815+0000] {dag.py:3096} INFO - Sync 1 DAGs
[2024-07-16T06:53:23.823+0000] {logging_mixin.py:188} INFO - [2024-07-16T06:53:23.823+0000] {dag.py:3954} INFO - Setting next_dagrun for example_complex to None, run_after=None
[2024-07-16T06:53:23.835+0000] {processor.py:183} INFO - Processing /home/airflow/.local/lib/python3.12/site-packages/airflow/example_dags/example_complex.py took 0.052 seconds
[2024-07-16T06:53:53.985+0000] {processor.py:161} INFO - Started process (PID=2168) to work on /home/airflow/.local/lib/python3.12/site-packages/airflow/example_dags/example_complex.py
[2024-07-16T06:53:53.986+0000] {processor.py:830} INFO - Processing file /home/airflow/.local/lib/python3.12/site-packages/airflow/example_dags/example_complex.py for tasks to queue
[2024-07-16T06:53:53.987+0000] {logging_mixin.py:188} INFO - [2024-07-16T06:53:53.987+0000] {dagbag.py:545} INFO - Filling up the DagBag from /home/airflow/.local/lib/python3.12/site-packages/airflow/example_dags/example_complex.py
[2024-07-16T06:53:53.992+0000] {processor.py:840} INFO - DAG(s) 'example_complex' retrieved from /home/airflow/.local/lib/python3.12/site-packages/airflow/example_dags/example_complex.py
[2024-07-16T06:53:54.010+0000] {logging_mixin.py:188} INFO - [2024-07-16T06:53:54.009+0000] {dag.py:3096} INFO - Sync 1 DAGs
[2024-07-16T06:53:54.017+0000] {logging_mixin.py:188} INFO - [2024-07-16T06:53:54.017+0000] {dag.py:3954} INFO - Setting next_dagrun for example_complex to None, run_after=None
[2024-07-16T06:53:54.027+0000] {processor.py:183} INFO - Processing /home/airflow/.local/lib/python3.12/site-packages/airflow/example_dags/example_complex.py took 0.045 seconds
[2024-07-16T06:54:24.114+0000] {processor.py:161} INFO - Started process (PID=2232) to work on /home/airflow/.local/lib/python3.12/site-packages/airflow/example_dags/example_complex.py
[2024-07-16T06:54:24.115+0000] {processor.py:830} INFO - Processing file /home/airflow/.local/lib/python3.12/site-packages/airflow/example_dags/example_complex.py for tasks to queue
[2024-07-16T06:54:24.116+0000] {logging_mixin.py:188} INFO - [2024-07-16T06:54:24.116+0000] {dagbag.py:545} INFO - Filling up the DagBag from /home/airflow/.local/lib/python3.12/site-packages/airflow/example_dags/example_complex.py
[2024-07-16T06:54:24.121+0000] {processor.py:840} INFO - DAG(s) 'example_complex' retrieved from /home/airflow/.local/lib/python3.12/site-packages/airflow/example_dags/example_complex.py
[2024-07-16T06:54:24.140+0000] {logging_mixin.py:188} INFO - [2024-07-16T06:54:24.139+0000] {dag.py:3096} INFO - Sync 1 DAGs
[2024-07-16T06:54:24.147+0000] {logging_mixin.py:188} INFO - [2024-07-16T06:54:24.147+0000] {dag.py:3954} INFO - Setting next_dagrun for example_complex to None, run_after=None
[2024-07-16T06:54:24.158+0000] {processor.py:183} INFO - Processing /home/airflow/.local/lib/python3.12/site-packages/airflow/example_dags/example_complex.py took 0.047 seconds
[2024-07-16T06:54:54.258+0000] {processor.py:161} INFO - Started process (PID=2295) to work on /home/airflow/.local/lib/python3.12/site-packages/airflow/example_dags/example_complex.py
[2024-07-16T06:54:54.259+0000] {processor.py:830} INFO - Processing file /home/airflow/.local/lib/python3.12/site-packages/airflow/example_dags/example_complex.py for tasks to queue
[2024-07-16T06:54:54.260+0000] {logging_mixin.py:188} INFO - [2024-07-16T06:54:54.260+0000] {dagbag.py:545} INFO - Filling up the DagBag from /home/airflow/.local/lib/python3.12/site-packages/airflow/example_dags/example_complex.py
[2024-07-16T06:54:54.265+0000] {processor.py:840} INFO - DAG(s) 'example_complex' retrieved from /home/airflow/.local/lib/python3.12/site-packages/airflow/example_dags/example_complex.py
[2024-07-16T06:54:54.287+0000] {logging_mixin.py:188} INFO - [2024-07-16T06:54:54.287+0000] {dag.py:3096} INFO - Sync 1 DAGs
[2024-07-16T06:54:54.295+0000] {logging_mixin.py:188} INFO - [2024-07-16T06:54:54.295+0000] {dag.py:3954} INFO - Setting next_dagrun for example_complex to None, run_after=None
[2024-07-16T06:54:54.307+0000] {processor.py:183} INFO - Processing /home/airflow/.local/lib/python3.12/site-packages/airflow/example_dags/example_complex.py took 0.052 seconds
[2024-07-16T06:55:24.592+0000] {processor.py:161} INFO - Started process (PID=2359) to work on /home/airflow/.local/lib/python3.12/site-packages/airflow/example_dags/example_complex.py
[2024-07-16T06:55:24.592+0000] {processor.py:830} INFO - Processing file /home/airflow/.local/lib/python3.12/site-packages/airflow/example_dags/example_complex.py for tasks to queue
[2024-07-16T06:55:24.593+0000] {logging_mixin.py:188} INFO - [2024-07-16T06:55:24.593+0000] {dagbag.py:545} INFO - Filling up the DagBag from /home/airflow/.local/lib/python3.12/site-packages/airflow/example_dags/example_complex.py
[2024-07-16T06:55:24.599+0000] {processor.py:840} INFO - DAG(s) 'example_complex' retrieved from /home/airflow/.local/lib/python3.12/site-packages/airflow/example_dags/example_complex.py
[2024-07-16T06:55:24.618+0000] {logging_mixin.py:188} INFO - [2024-07-16T06:55:24.618+0000] {dag.py:3096} INFO - Sync 1 DAGs
[2024-07-16T06:55:24.626+0000] {logging_mixin.py:188} INFO - [2024-07-16T06:55:24.626+0000] {dag.py:3954} INFO - Setting next_dagrun for example_complex to None, run_after=None
[2024-07-16T06:55:24.637+0000] {processor.py:183} INFO - Processing /home/airflow/.local/lib/python3.12/site-packages/airflow/example_dags/example_complex.py took 0.048 seconds
[2024-07-16T06:55:54.806+0000] {processor.py:161} INFO - Started process (PID=2423) to work on /home/airflow/.local/lib/python3.12/site-packages/airflow/example_dags/example_complex.py
[2024-07-16T06:55:54.807+0000] {processor.py:830} INFO - Processing file /home/airflow/.local/lib/python3.12/site-packages/airflow/example_dags/example_complex.py for tasks to queue
[2024-07-16T06:55:54.808+0000] {logging_mixin.py:188} INFO - [2024-07-16T06:55:54.808+0000] {dagbag.py:545} INFO - Filling up the DagBag from /home/airflow/.local/lib/python3.12/site-packages/airflow/example_dags/example_complex.py
[2024-07-16T06:55:54.813+0000] {processor.py:840} INFO - DAG(s) 'example_complex' retrieved from /home/airflow/.local/lib/python3.12/site-packages/airflow/example_dags/example_complex.py
[2024-07-16T06:55:54.832+0000] {logging_mixin.py:188} INFO - [2024-07-16T06:55:54.832+0000] {dag.py:3096} INFO - Sync 1 DAGs
[2024-07-16T06:55:54.839+0000] {logging_mixin.py:188} INFO - [2024-07-16T06:55:54.839+0000] {dag.py:3954} INFO - Setting next_dagrun for example_complex to None, run_after=None
[2024-07-16T06:55:54.851+0000] {processor.py:183} INFO - Processing /home/airflow/.local/lib/python3.12/site-packages/airflow/example_dags/example_complex.py took 0.048 seconds
