[2024-07-16T06:24:07.803+0000] {processor.py:161} INFO - Started process (PID=70) to work on /home/airflow/.local/lib/python3.12/site-packages/airflow/example_dags/example_sensors.py
[2024-07-16T06:24:07.804+0000] {processor.py:830} INFO - Processing file /home/airflow/.local/lib/python3.12/site-packages/airflow/example_dags/example_sensors.py for tasks to queue
[2024-07-16T06:24:07.805+0000] {logging_mixin.py:188} INFO - [2024-07-16T06:24:07.805+0000] {dagbag.py:545} INFO - Filling up the DagBag from /home/airflow/.local/lib/python3.12/site-packages/airflow/example_dags/example_sensors.py
[2024-07-16T06:24:07.810+0000] {processor.py:840} INFO - DAG(s) 'example_sensors' retrieved from /home/airflow/.local/lib/python3.12/site-packages/airflow/example_dags/example_sensors.py
[2024-07-16T06:24:07.824+0000] {logging_mixin.py:188} INFO - [2024-07-16T06:24:07.823+0000] {dag.py:3096} INFO - Sync 1 DAGs
[2024-07-16T06:24:07.830+0000] {logging_mixin.py:188} INFO - [2024-07-16T06:24:07.830+0000] {dag.py:3954} INFO - Setting next_dagrun for example_sensors to None, run_after=None
[2024-07-16T06:24:07.839+0000] {processor.py:183} INFO - Processing /home/airflow/.local/lib/python3.12/site-packages/airflow/example_dags/example_sensors.py took 0.039 seconds
[2024-07-16T06:24:37.850+0000] {processor.py:161} INFO - Started process (PID=133) to work on /home/airflow/.local/lib/python3.12/site-packages/airflow/example_dags/example_sensors.py
[2024-07-16T06:24:37.851+0000] {processor.py:830} INFO - Processing file /home/airflow/.local/lib/python3.12/site-packages/airflow/example_dags/example_sensors.py for tasks to queue
[2024-07-16T06:24:37.852+0000] {logging_mixin.py:188} INFO - [2024-07-16T06:24:37.852+0000] {dagbag.py:545} INFO - Filling up the DagBag from /home/airflow/.local/lib/python3.12/site-packages/airflow/example_dags/example_sensors.py
[2024-07-16T06:24:37.856+0000] {processor.py:840} INFO - DAG(s) 'example_sensors' retrieved from /home/airflow/.local/lib/python3.12/site-packages/airflow/example_dags/example_sensors.py
[2024-07-16T06:24:37.868+0000] {logging_mixin.py:188} INFO - [2024-07-16T06:24:37.867+0000] {dag.py:3096} INFO - Sync 1 DAGs
[2024-07-16T06:24:37.873+0000] {logging_mixin.py:188} INFO - [2024-07-16T06:24:37.873+0000] {dag.py:3954} INFO - Setting next_dagrun for example_sensors to None, run_after=None
[2024-07-16T06:24:37.881+0000] {processor.py:183} INFO - Processing /home/airflow/.local/lib/python3.12/site-packages/airflow/example_dags/example_sensors.py took 0.033 seconds
[2024-07-16T06:29:31.542+0000] {processor.py:161} INFO - Started process (PID=71) to work on /home/airflow/.local/lib/python3.12/site-packages/airflow/example_dags/example_sensors.py
[2024-07-16T06:29:31.543+0000] {processor.py:830} INFO - Processing file /home/airflow/.local/lib/python3.12/site-packages/airflow/example_dags/example_sensors.py for tasks to queue
[2024-07-16T06:29:31.544+0000] {logging_mixin.py:188} INFO - [2024-07-16T06:29:31.544+0000] {dagbag.py:545} INFO - Filling up the DagBag from /home/airflow/.local/lib/python3.12/site-packages/airflow/example_dags/example_sensors.py
[2024-07-16T06:29:31.549+0000] {processor.py:840} INFO - DAG(s) 'example_sensors' retrieved from /home/airflow/.local/lib/python3.12/site-packages/airflow/example_dags/example_sensors.py
[2024-07-16T06:29:31.559+0000] {logging_mixin.py:188} INFO - [2024-07-16T06:29:31.559+0000] {dag.py:3096} INFO - Sync 1 DAGs
[2024-07-16T06:29:31.567+0000] {logging_mixin.py:188} INFO - [2024-07-16T06:29:31.567+0000] {dag.py:3954} INFO - Setting next_dagrun for example_sensors to None, run_after=None
[2024-07-16T06:29:31.577+0000] {processor.py:183} INFO - Processing /home/airflow/.local/lib/python3.12/site-packages/airflow/example_dags/example_sensors.py took 0.038 seconds
[2024-07-16T06:30:02.271+0000] {processor.py:161} INFO - Started process (PID=135) to work on /home/airflow/.local/lib/python3.12/site-packages/airflow/example_dags/example_sensors.py
[2024-07-16T06:30:02.272+0000] {processor.py:830} INFO - Processing file /home/airflow/.local/lib/python3.12/site-packages/airflow/example_dags/example_sensors.py for tasks to queue
[2024-07-16T06:30:02.273+0000] {logging_mixin.py:188} INFO - [2024-07-16T06:30:02.273+0000] {dagbag.py:545} INFO - Filling up the DagBag from /home/airflow/.local/lib/python3.12/site-packages/airflow/example_dags/example_sensors.py
[2024-07-16T06:30:02.278+0000] {processor.py:840} INFO - DAG(s) 'example_sensors' retrieved from /home/airflow/.local/lib/python3.12/site-packages/airflow/example_dags/example_sensors.py
[2024-07-16T06:30:02.329+0000] {logging_mixin.py:188} INFO - [2024-07-16T06:30:02.329+0000] {dag.py:3096} INFO - Sync 1 DAGs
[2024-07-16T06:30:02.336+0000] {logging_mixin.py:188} INFO - [2024-07-16T06:30:02.335+0000] {dag.py:3954} INFO - Setting next_dagrun for example_sensors to None, run_after=None
[2024-07-16T06:30:02.350+0000] {processor.py:183} INFO - Processing /home/airflow/.local/lib/python3.12/site-packages/airflow/example_dags/example_sensors.py took 0.082 seconds
[2024-07-16T06:30:32.719+0000] {processor.py:161} INFO - Started process (PID=199) to work on /home/airflow/.local/lib/python3.12/site-packages/airflow/example_dags/example_sensors.py
[2024-07-16T06:30:32.719+0000] {processor.py:830} INFO - Processing file /home/airflow/.local/lib/python3.12/site-packages/airflow/example_dags/example_sensors.py for tasks to queue
[2024-07-16T06:30:32.720+0000] {logging_mixin.py:188} INFO - [2024-07-16T06:30:32.720+0000] {dagbag.py:545} INFO - Filling up the DagBag from /home/airflow/.local/lib/python3.12/site-packages/airflow/example_dags/example_sensors.py
[2024-07-16T06:30:32.725+0000] {processor.py:840} INFO - DAG(s) 'example_sensors' retrieved from /home/airflow/.local/lib/python3.12/site-packages/airflow/example_dags/example_sensors.py
[2024-07-16T06:30:32.741+0000] {logging_mixin.py:188} INFO - [2024-07-16T06:30:32.740+0000] {dag.py:3096} INFO - Sync 1 DAGs
[2024-07-16T06:30:32.747+0000] {logging_mixin.py:188} INFO - [2024-07-16T06:30:32.747+0000] {dag.py:3954} INFO - Setting next_dagrun for example_sensors to None, run_after=None
[2024-07-16T06:30:32.757+0000] {processor.py:183} INFO - Processing /home/airflow/.local/lib/python3.12/site-packages/airflow/example_dags/example_sensors.py took 0.041 seconds
[2024-07-16T06:31:03.121+0000] {processor.py:161} INFO - Started process (PID=262) to work on /home/airflow/.local/lib/python3.12/site-packages/airflow/example_dags/example_sensors.py
[2024-07-16T06:31:03.122+0000] {processor.py:830} INFO - Processing file /home/airflow/.local/lib/python3.12/site-packages/airflow/example_dags/example_sensors.py for tasks to queue
[2024-07-16T06:31:03.123+0000] {logging_mixin.py:188} INFO - [2024-07-16T06:31:03.123+0000] {dagbag.py:545} INFO - Filling up the DagBag from /home/airflow/.local/lib/python3.12/site-packages/airflow/example_dags/example_sensors.py
[2024-07-16T06:31:03.128+0000] {processor.py:840} INFO - DAG(s) 'example_sensors' retrieved from /home/airflow/.local/lib/python3.12/site-packages/airflow/example_dags/example_sensors.py
[2024-07-16T06:31:03.145+0000] {logging_mixin.py:188} INFO - [2024-07-16T06:31:03.145+0000] {dag.py:3096} INFO - Sync 1 DAGs
[2024-07-16T06:31:03.152+0000] {logging_mixin.py:188} INFO - [2024-07-16T06:31:03.152+0000] {dag.py:3954} INFO - Setting next_dagrun for example_sensors to None, run_after=None
[2024-07-16T06:31:03.163+0000] {processor.py:183} INFO - Processing /home/airflow/.local/lib/python3.12/site-packages/airflow/example_dags/example_sensors.py took 0.044 seconds
[2024-07-16T06:31:33.250+0000] {processor.py:161} INFO - Started process (PID=326) to work on /home/airflow/.local/lib/python3.12/site-packages/airflow/example_dags/example_sensors.py
[2024-07-16T06:31:33.250+0000] {processor.py:830} INFO - Processing file /home/airflow/.local/lib/python3.12/site-packages/airflow/example_dags/example_sensors.py for tasks to queue
[2024-07-16T06:31:33.251+0000] {logging_mixin.py:188} INFO - [2024-07-16T06:31:33.251+0000] {dagbag.py:545} INFO - Filling up the DagBag from /home/airflow/.local/lib/python3.12/site-packages/airflow/example_dags/example_sensors.py
[2024-07-16T06:31:33.256+0000] {processor.py:840} INFO - DAG(s) 'example_sensors' retrieved from /home/airflow/.local/lib/python3.12/site-packages/airflow/example_dags/example_sensors.py
[2024-07-16T06:31:33.275+0000] {logging_mixin.py:188} INFO - [2024-07-16T06:31:33.275+0000] {dag.py:3096} INFO - Sync 1 DAGs
[2024-07-16T06:31:33.283+0000] {logging_mixin.py:188} INFO - [2024-07-16T06:31:33.283+0000] {dag.py:3954} INFO - Setting next_dagrun for example_sensors to None, run_after=None
[2024-07-16T06:31:33.294+0000] {processor.py:183} INFO - Processing /home/airflow/.local/lib/python3.12/site-packages/airflow/example_dags/example_sensors.py took 0.048 seconds
[2024-07-16T06:32:04.330+0000] {processor.py:161} INFO - Started process (PID=389) to work on /home/airflow/.local/lib/python3.12/site-packages/airflow/example_dags/example_sensors.py
[2024-07-16T06:32:04.331+0000] {processor.py:830} INFO - Processing file /home/airflow/.local/lib/python3.12/site-packages/airflow/example_dags/example_sensors.py for tasks to queue
[2024-07-16T06:32:04.332+0000] {logging_mixin.py:188} INFO - [2024-07-16T06:32:04.332+0000] {dagbag.py:545} INFO - Filling up the DagBag from /home/airflow/.local/lib/python3.12/site-packages/airflow/example_dags/example_sensors.py
[2024-07-16T06:32:04.337+0000] {processor.py:840} INFO - DAG(s) 'example_sensors' retrieved from /home/airflow/.local/lib/python3.12/site-packages/airflow/example_dags/example_sensors.py
[2024-07-16T06:32:04.354+0000] {logging_mixin.py:188} INFO - [2024-07-16T06:32:04.354+0000] {dag.py:3096} INFO - Sync 1 DAGs
[2024-07-16T06:32:04.362+0000] {logging_mixin.py:188} INFO - [2024-07-16T06:32:04.362+0000] {dag.py:3954} INFO - Setting next_dagrun for example_sensors to None, run_after=None
[2024-07-16T06:32:04.376+0000] {processor.py:183} INFO - Processing /home/airflow/.local/lib/python3.12/site-packages/airflow/example_dags/example_sensors.py took 0.049 seconds
[2024-07-16T06:32:34.498+0000] {processor.py:161} INFO - Started process (PID=453) to work on /home/airflow/.local/lib/python3.12/site-packages/airflow/example_dags/example_sensors.py
[2024-07-16T06:32:34.499+0000] {processor.py:830} INFO - Processing file /home/airflow/.local/lib/python3.12/site-packages/airflow/example_dags/example_sensors.py for tasks to queue
[2024-07-16T06:32:34.500+0000] {logging_mixin.py:188} INFO - [2024-07-16T06:32:34.500+0000] {dagbag.py:545} INFO - Filling up the DagBag from /home/airflow/.local/lib/python3.12/site-packages/airflow/example_dags/example_sensors.py
[2024-07-16T06:32:34.504+0000] {processor.py:840} INFO - DAG(s) 'example_sensors' retrieved from /home/airflow/.local/lib/python3.12/site-packages/airflow/example_dags/example_sensors.py
[2024-07-16T06:32:34.522+0000] {logging_mixin.py:188} INFO - [2024-07-16T06:32:34.522+0000] {dag.py:3096} INFO - Sync 1 DAGs
[2024-07-16T06:32:34.530+0000] {logging_mixin.py:188} INFO - [2024-07-16T06:32:34.530+0000] {dag.py:3954} INFO - Setting next_dagrun for example_sensors to None, run_after=None
[2024-07-16T06:32:34.545+0000] {processor.py:183} INFO - Processing /home/airflow/.local/lib/python3.12/site-packages/airflow/example_dags/example_sensors.py took 0.051 seconds
[2024-07-16T06:33:04.727+0000] {processor.py:161} INFO - Started process (PID=517) to work on /home/airflow/.local/lib/python3.12/site-packages/airflow/example_dags/example_sensors.py
[2024-07-16T06:33:04.728+0000] {processor.py:830} INFO - Processing file /home/airflow/.local/lib/python3.12/site-packages/airflow/example_dags/example_sensors.py for tasks to queue
[2024-07-16T06:33:04.729+0000] {logging_mixin.py:188} INFO - [2024-07-16T06:33:04.729+0000] {dagbag.py:545} INFO - Filling up the DagBag from /home/airflow/.local/lib/python3.12/site-packages/airflow/example_dags/example_sensors.py
[2024-07-16T06:33:04.733+0000] {processor.py:840} INFO - DAG(s) 'example_sensors' retrieved from /home/airflow/.local/lib/python3.12/site-packages/airflow/example_dags/example_sensors.py
[2024-07-16T06:33:04.750+0000] {logging_mixin.py:188} INFO - [2024-07-16T06:33:04.750+0000] {dag.py:3096} INFO - Sync 1 DAGs
[2024-07-16T06:33:04.757+0000] {logging_mixin.py:188} INFO - [2024-07-16T06:33:04.757+0000] {dag.py:3954} INFO - Setting next_dagrun for example_sensors to None, run_after=None
[2024-07-16T06:33:04.768+0000] {processor.py:183} INFO - Processing /home/airflow/.local/lib/python3.12/site-packages/airflow/example_dags/example_sensors.py took 0.044 seconds
[2024-07-16T06:33:34.820+0000] {processor.py:161} INFO - Started process (PID=581) to work on /home/airflow/.local/lib/python3.12/site-packages/airflow/example_dags/example_sensors.py
[2024-07-16T06:33:34.821+0000] {processor.py:830} INFO - Processing file /home/airflow/.local/lib/python3.12/site-packages/airflow/example_dags/example_sensors.py for tasks to queue
[2024-07-16T06:33:34.824+0000] {logging_mixin.py:188} INFO - [2024-07-16T06:33:34.824+0000] {dagbag.py:545} INFO - Filling up the DagBag from /home/airflow/.local/lib/python3.12/site-packages/airflow/example_dags/example_sensors.py
[2024-07-16T06:33:34.829+0000] {processor.py:840} INFO - DAG(s) 'example_sensors' retrieved from /home/airflow/.local/lib/python3.12/site-packages/airflow/example_dags/example_sensors.py
[2024-07-16T06:33:34.847+0000] {logging_mixin.py:188} INFO - [2024-07-16T06:33:34.847+0000] {dag.py:3096} INFO - Sync 1 DAGs
[2024-07-16T06:33:34.854+0000] {logging_mixin.py:188} INFO - [2024-07-16T06:33:34.854+0000] {dag.py:3954} INFO - Setting next_dagrun for example_sensors to None, run_after=None
[2024-07-16T06:33:34.865+0000] {processor.py:183} INFO - Processing /home/airflow/.local/lib/python3.12/site-packages/airflow/example_dags/example_sensors.py took 0.048 seconds
[2024-07-16T06:34:05.022+0000] {processor.py:161} INFO - Started process (PID=644) to work on /home/airflow/.local/lib/python3.12/site-packages/airflow/example_dags/example_sensors.py
[2024-07-16T06:34:05.022+0000] {processor.py:830} INFO - Processing file /home/airflow/.local/lib/python3.12/site-packages/airflow/example_dags/example_sensors.py for tasks to queue
[2024-07-16T06:34:05.024+0000] {logging_mixin.py:188} INFO - [2024-07-16T06:34:05.023+0000] {dagbag.py:545} INFO - Filling up the DagBag from /home/airflow/.local/lib/python3.12/site-packages/airflow/example_dags/example_sensors.py
[2024-07-16T06:34:05.028+0000] {processor.py:840} INFO - DAG(s) 'example_sensors' retrieved from /home/airflow/.local/lib/python3.12/site-packages/airflow/example_dags/example_sensors.py
[2024-07-16T06:34:05.045+0000] {logging_mixin.py:188} INFO - [2024-07-16T06:34:05.044+0000] {dag.py:3096} INFO - Sync 1 DAGs
[2024-07-16T06:34:05.052+0000] {logging_mixin.py:188} INFO - [2024-07-16T06:34:05.052+0000] {dag.py:3954} INFO - Setting next_dagrun for example_sensors to None, run_after=None
[2024-07-16T06:34:05.062+0000] {processor.py:183} INFO - Processing /home/airflow/.local/lib/python3.12/site-packages/airflow/example_dags/example_sensors.py took 0.043 seconds
[2024-07-16T06:34:35.296+0000] {processor.py:161} INFO - Started process (PID=707) to work on /home/airflow/.local/lib/python3.12/site-packages/airflow/example_dags/example_sensors.py
[2024-07-16T06:34:35.296+0000] {processor.py:830} INFO - Processing file /home/airflow/.local/lib/python3.12/site-packages/airflow/example_dags/example_sensors.py for tasks to queue
[2024-07-16T06:34:35.297+0000] {logging_mixin.py:188} INFO - [2024-07-16T06:34:35.297+0000] {dagbag.py:545} INFO - Filling up the DagBag from /home/airflow/.local/lib/python3.12/site-packages/airflow/example_dags/example_sensors.py
[2024-07-16T06:34:35.302+0000] {processor.py:840} INFO - DAG(s) 'example_sensors' retrieved from /home/airflow/.local/lib/python3.12/site-packages/airflow/example_dags/example_sensors.py
[2024-07-16T06:34:35.320+0000] {logging_mixin.py:188} INFO - [2024-07-16T06:34:35.320+0000] {dag.py:3096} INFO - Sync 1 DAGs
[2024-07-16T06:34:35.327+0000] {logging_mixin.py:188} INFO - [2024-07-16T06:34:35.327+0000] {dag.py:3954} INFO - Setting next_dagrun for example_sensors to None, run_after=None
[2024-07-16T06:34:35.337+0000] {processor.py:183} INFO - Processing /home/airflow/.local/lib/python3.12/site-packages/airflow/example_dags/example_sensors.py took 0.044 seconds
[2024-07-16T06:35:05.697+0000] {processor.py:161} INFO - Started process (PID=771) to work on /home/airflow/.local/lib/python3.12/site-packages/airflow/example_dags/example_sensors.py
[2024-07-16T06:35:05.697+0000] {processor.py:830} INFO - Processing file /home/airflow/.local/lib/python3.12/site-packages/airflow/example_dags/example_sensors.py for tasks to queue
[2024-07-16T06:35:05.699+0000] {logging_mixin.py:188} INFO - [2024-07-16T06:35:05.698+0000] {dagbag.py:545} INFO - Filling up the DagBag from /home/airflow/.local/lib/python3.12/site-packages/airflow/example_dags/example_sensors.py
[2024-07-16T06:35:05.704+0000] {processor.py:840} INFO - DAG(s) 'example_sensors' retrieved from /home/airflow/.local/lib/python3.12/site-packages/airflow/example_dags/example_sensors.py
[2024-07-16T06:35:05.726+0000] {logging_mixin.py:188} INFO - [2024-07-16T06:35:05.726+0000] {dag.py:3096} INFO - Sync 1 DAGs
[2024-07-16T06:35:05.737+0000] {logging_mixin.py:188} INFO - [2024-07-16T06:35:05.737+0000] {dag.py:3954} INFO - Setting next_dagrun for example_sensors to None, run_after=None
[2024-07-16T06:35:05.749+0000] {processor.py:183} INFO - Processing /home/airflow/.local/lib/python3.12/site-packages/airflow/example_dags/example_sensors.py took 0.057 seconds
[2024-07-16T06:35:35.874+0000] {processor.py:161} INFO - Started process (PID=835) to work on /home/airflow/.local/lib/python3.12/site-packages/airflow/example_dags/example_sensors.py
[2024-07-16T06:35:35.874+0000] {processor.py:830} INFO - Processing file /home/airflow/.local/lib/python3.12/site-packages/airflow/example_dags/example_sensors.py for tasks to queue
[2024-07-16T06:35:35.876+0000] {logging_mixin.py:188} INFO - [2024-07-16T06:35:35.875+0000] {dagbag.py:545} INFO - Filling up the DagBag from /home/airflow/.local/lib/python3.12/site-packages/airflow/example_dags/example_sensors.py
[2024-07-16T06:35:35.880+0000] {processor.py:840} INFO - DAG(s) 'example_sensors' retrieved from /home/airflow/.local/lib/python3.12/site-packages/airflow/example_dags/example_sensors.py
[2024-07-16T06:35:35.897+0000] {logging_mixin.py:188} INFO - [2024-07-16T06:35:35.896+0000] {dag.py:3096} INFO - Sync 1 DAGs
[2024-07-16T06:35:35.905+0000] {logging_mixin.py:188} INFO - [2024-07-16T06:35:35.905+0000] {dag.py:3954} INFO - Setting next_dagrun for example_sensors to None, run_after=None
[2024-07-16T06:35:35.918+0000] {processor.py:183} INFO - Processing /home/airflow/.local/lib/python3.12/site-packages/airflow/example_dags/example_sensors.py took 0.047 seconds
[2024-07-16T06:36:06.954+0000] {processor.py:161} INFO - Started process (PID=899) to work on /home/airflow/.local/lib/python3.12/site-packages/airflow/example_dags/example_sensors.py
[2024-07-16T06:36:06.955+0000] {processor.py:830} INFO - Processing file /home/airflow/.local/lib/python3.12/site-packages/airflow/example_dags/example_sensors.py for tasks to queue
[2024-07-16T06:36:06.956+0000] {logging_mixin.py:188} INFO - [2024-07-16T06:36:06.955+0000] {dagbag.py:545} INFO - Filling up the DagBag from /home/airflow/.local/lib/python3.12/site-packages/airflow/example_dags/example_sensors.py
[2024-07-16T06:36:06.960+0000] {processor.py:840} INFO - DAG(s) 'example_sensors' retrieved from /home/airflow/.local/lib/python3.12/site-packages/airflow/example_dags/example_sensors.py
[2024-07-16T06:36:06.977+0000] {logging_mixin.py:188} INFO - [2024-07-16T06:36:06.977+0000] {dag.py:3096} INFO - Sync 1 DAGs
[2024-07-16T06:36:06.984+0000] {logging_mixin.py:188} INFO - [2024-07-16T06:36:06.984+0000] {dag.py:3954} INFO - Setting next_dagrun for example_sensors to None, run_after=None
[2024-07-16T06:36:06.993+0000] {processor.py:183} INFO - Processing /home/airflow/.local/lib/python3.12/site-packages/airflow/example_dags/example_sensors.py took 0.042 seconds
[2024-07-16T06:37:14.235+0000] {processor.py:161} INFO - Started process (PID=72) to work on /home/airflow/.local/lib/python3.12/site-packages/airflow/example_dags/example_sensors.py
[2024-07-16T06:37:14.236+0000] {processor.py:830} INFO - Processing file /home/airflow/.local/lib/python3.12/site-packages/airflow/example_dags/example_sensors.py for tasks to queue
[2024-07-16T06:37:14.238+0000] {logging_mixin.py:188} INFO - [2024-07-16T06:37:14.238+0000] {dagbag.py:545} INFO - Filling up the DagBag from /home/airflow/.local/lib/python3.12/site-packages/airflow/example_dags/example_sensors.py
[2024-07-16T06:37:14.248+0000] {processor.py:840} INFO - DAG(s) 'example_sensors' retrieved from /home/airflow/.local/lib/python3.12/site-packages/airflow/example_dags/example_sensors.py
[2024-07-16T06:37:14.266+0000] {logging_mixin.py:188} INFO - [2024-07-16T06:37:14.266+0000] {dag.py:3096} INFO - Sync 1 DAGs
[2024-07-16T06:37:14.275+0000] {logging_mixin.py:188} INFO - [2024-07-16T06:37:14.275+0000] {dag.py:3954} INFO - Setting next_dagrun for example_sensors to None, run_after=None
[2024-07-16T06:37:14.286+0000] {processor.py:183} INFO - Processing /home/airflow/.local/lib/python3.12/site-packages/airflow/example_dags/example_sensors.py took 0.055 seconds
[2024-07-16T06:37:44.696+0000] {processor.py:161} INFO - Started process (PID=135) to work on /home/airflow/.local/lib/python3.12/site-packages/airflow/example_dags/example_sensors.py
[2024-07-16T06:37:44.697+0000] {processor.py:830} INFO - Processing file /home/airflow/.local/lib/python3.12/site-packages/airflow/example_dags/example_sensors.py for tasks to queue
[2024-07-16T06:37:44.698+0000] {logging_mixin.py:188} INFO - [2024-07-16T06:37:44.697+0000] {dagbag.py:545} INFO - Filling up the DagBag from /home/airflow/.local/lib/python3.12/site-packages/airflow/example_dags/example_sensors.py
[2024-07-16T06:37:44.702+0000] {processor.py:840} INFO - DAG(s) 'example_sensors' retrieved from /home/airflow/.local/lib/python3.12/site-packages/airflow/example_dags/example_sensors.py
[2024-07-16T06:37:44.756+0000] {logging_mixin.py:188} INFO - [2024-07-16T06:37:44.756+0000] {dag.py:3096} INFO - Sync 1 DAGs
[2024-07-16T06:37:44.762+0000] {logging_mixin.py:188} INFO - [2024-07-16T06:37:44.762+0000] {dag.py:3954} INFO - Setting next_dagrun for example_sensors to None, run_after=None
[2024-07-16T06:37:44.775+0000] {processor.py:183} INFO - Processing /home/airflow/.local/lib/python3.12/site-packages/airflow/example_dags/example_sensors.py took 0.081 seconds
[2024-07-16T06:38:14.929+0000] {processor.py:161} INFO - Started process (PID=199) to work on /home/airflow/.local/lib/python3.12/site-packages/airflow/example_dags/example_sensors.py
[2024-07-16T06:38:14.930+0000] {processor.py:830} INFO - Processing file /home/airflow/.local/lib/python3.12/site-packages/airflow/example_dags/example_sensors.py for tasks to queue
[2024-07-16T06:38:14.931+0000] {logging_mixin.py:188} INFO - [2024-07-16T06:38:14.931+0000] {dagbag.py:545} INFO - Filling up the DagBag from /home/airflow/.local/lib/python3.12/site-packages/airflow/example_dags/example_sensors.py
[2024-07-16T06:38:14.936+0000] {processor.py:840} INFO - DAG(s) 'example_sensors' retrieved from /home/airflow/.local/lib/python3.12/site-packages/airflow/example_dags/example_sensors.py
[2024-07-16T06:38:14.953+0000] {logging_mixin.py:188} INFO - [2024-07-16T06:38:14.953+0000] {dag.py:3096} INFO - Sync 1 DAGs
[2024-07-16T06:38:14.961+0000] {logging_mixin.py:188} INFO - [2024-07-16T06:38:14.961+0000] {dag.py:3954} INFO - Setting next_dagrun for example_sensors to None, run_after=None
[2024-07-16T06:38:14.973+0000] {processor.py:183} INFO - Processing /home/airflow/.local/lib/python3.12/site-packages/airflow/example_dags/example_sensors.py took 0.047 seconds
[2024-07-16T06:38:45.202+0000] {processor.py:161} INFO - Started process (PID=262) to work on /home/airflow/.local/lib/python3.12/site-packages/airflow/example_dags/example_sensors.py
[2024-07-16T06:38:45.202+0000] {processor.py:830} INFO - Processing file /home/airflow/.local/lib/python3.12/site-packages/airflow/example_dags/example_sensors.py for tasks to queue
[2024-07-16T06:38:45.203+0000] {logging_mixin.py:188} INFO - [2024-07-16T06:38:45.203+0000] {dagbag.py:545} INFO - Filling up the DagBag from /home/airflow/.local/lib/python3.12/site-packages/airflow/example_dags/example_sensors.py
[2024-07-16T06:38:45.207+0000] {processor.py:840} INFO - DAG(s) 'example_sensors' retrieved from /home/airflow/.local/lib/python3.12/site-packages/airflow/example_dags/example_sensors.py
[2024-07-16T06:38:45.224+0000] {logging_mixin.py:188} INFO - [2024-07-16T06:38:45.224+0000] {dag.py:3096} INFO - Sync 1 DAGs
[2024-07-16T06:38:45.231+0000] {logging_mixin.py:188} INFO - [2024-07-16T06:38:45.231+0000] {dag.py:3954} INFO - Setting next_dagrun for example_sensors to None, run_after=None
[2024-07-16T06:38:45.241+0000] {processor.py:183} INFO - Processing /home/airflow/.local/lib/python3.12/site-packages/airflow/example_dags/example_sensors.py took 0.042 seconds
[2024-07-16T06:39:15.369+0000] {processor.py:161} INFO - Started process (PID=326) to work on /home/airflow/.local/lib/python3.12/site-packages/airflow/example_dags/example_sensors.py
[2024-07-16T06:39:15.369+0000] {processor.py:830} INFO - Processing file /home/airflow/.local/lib/python3.12/site-packages/airflow/example_dags/example_sensors.py for tasks to queue
[2024-07-16T06:39:15.370+0000] {logging_mixin.py:188} INFO - [2024-07-16T06:39:15.370+0000] {dagbag.py:545} INFO - Filling up the DagBag from /home/airflow/.local/lib/python3.12/site-packages/airflow/example_dags/example_sensors.py
[2024-07-16T06:39:15.375+0000] {processor.py:840} INFO - DAG(s) 'example_sensors' retrieved from /home/airflow/.local/lib/python3.12/site-packages/airflow/example_dags/example_sensors.py
[2024-07-16T06:39:15.393+0000] {logging_mixin.py:188} INFO - [2024-07-16T06:39:15.393+0000] {dag.py:3096} INFO - Sync 1 DAGs
[2024-07-16T06:39:15.401+0000] {logging_mixin.py:188} INFO - [2024-07-16T06:39:15.401+0000] {dag.py:3954} INFO - Setting next_dagrun for example_sensors to None, run_after=None
[2024-07-16T06:39:15.412+0000] {processor.py:183} INFO - Processing /home/airflow/.local/lib/python3.12/site-packages/airflow/example_dags/example_sensors.py took 0.046 seconds
[2024-07-16T06:39:45.789+0000] {processor.py:161} INFO - Started process (PID=390) to work on /home/airflow/.local/lib/python3.12/site-packages/airflow/example_dags/example_sensors.py
[2024-07-16T06:39:45.790+0000] {processor.py:830} INFO - Processing file /home/airflow/.local/lib/python3.12/site-packages/airflow/example_dags/example_sensors.py for tasks to queue
[2024-07-16T06:39:45.791+0000] {logging_mixin.py:188} INFO - [2024-07-16T06:39:45.791+0000] {dagbag.py:545} INFO - Filling up the DagBag from /home/airflow/.local/lib/python3.12/site-packages/airflow/example_dags/example_sensors.py
[2024-07-16T06:39:45.795+0000] {processor.py:840} INFO - DAG(s) 'example_sensors' retrieved from /home/airflow/.local/lib/python3.12/site-packages/airflow/example_dags/example_sensors.py
[2024-07-16T06:39:45.811+0000] {logging_mixin.py:188} INFO - [2024-07-16T06:39:45.811+0000] {dag.py:3096} INFO - Sync 1 DAGs
[2024-07-16T06:39:45.818+0000] {logging_mixin.py:188} INFO - [2024-07-16T06:39:45.818+0000] {dag.py:3954} INFO - Setting next_dagrun for example_sensors to None, run_after=None
[2024-07-16T06:39:45.828+0000] {processor.py:183} INFO - Processing /home/airflow/.local/lib/python3.12/site-packages/airflow/example_dags/example_sensors.py took 0.042 seconds
[2024-07-16T06:40:15.965+0000] {processor.py:161} INFO - Started process (PID=454) to work on /home/airflow/.local/lib/python3.12/site-packages/airflow/example_dags/example_sensors.py
[2024-07-16T06:40:15.966+0000] {processor.py:830} INFO - Processing file /home/airflow/.local/lib/python3.12/site-packages/airflow/example_dags/example_sensors.py for tasks to queue
[2024-07-16T06:40:15.967+0000] {logging_mixin.py:188} INFO - [2024-07-16T06:40:15.967+0000] {dagbag.py:545} INFO - Filling up the DagBag from /home/airflow/.local/lib/python3.12/site-packages/airflow/example_dags/example_sensors.py
[2024-07-16T06:40:15.971+0000] {processor.py:840} INFO - DAG(s) 'example_sensors' retrieved from /home/airflow/.local/lib/python3.12/site-packages/airflow/example_dags/example_sensors.py
[2024-07-16T06:40:15.987+0000] {logging_mixin.py:188} INFO - [2024-07-16T06:40:15.987+0000] {dag.py:3096} INFO - Sync 1 DAGs
[2024-07-16T06:40:15.994+0000] {logging_mixin.py:188} INFO - [2024-07-16T06:40:15.994+0000] {dag.py:3954} INFO - Setting next_dagrun for example_sensors to None, run_after=None
[2024-07-16T06:40:16.005+0000] {processor.py:183} INFO - Processing /home/airflow/.local/lib/python3.12/site-packages/airflow/example_dags/example_sensors.py took 0.043 seconds
[2024-07-16T06:40:46.048+0000] {processor.py:161} INFO - Started process (PID=518) to work on /home/airflow/.local/lib/python3.12/site-packages/airflow/example_dags/example_sensors.py
[2024-07-16T06:40:46.049+0000] {processor.py:830} INFO - Processing file /home/airflow/.local/lib/python3.12/site-packages/airflow/example_dags/example_sensors.py for tasks to queue
[2024-07-16T06:40:46.050+0000] {logging_mixin.py:188} INFO - [2024-07-16T06:40:46.050+0000] {dagbag.py:545} INFO - Filling up the DagBag from /home/airflow/.local/lib/python3.12/site-packages/airflow/example_dags/example_sensors.py
[2024-07-16T06:40:46.054+0000] {processor.py:840} INFO - DAG(s) 'example_sensors' retrieved from /home/airflow/.local/lib/python3.12/site-packages/airflow/example_dags/example_sensors.py
[2024-07-16T06:40:46.071+0000] {logging_mixin.py:188} INFO - [2024-07-16T06:40:46.071+0000] {dag.py:3096} INFO - Sync 1 DAGs
[2024-07-16T06:40:46.078+0000] {logging_mixin.py:188} INFO - [2024-07-16T06:40:46.078+0000] {dag.py:3954} INFO - Setting next_dagrun for example_sensors to None, run_after=None
[2024-07-16T06:40:46.088+0000] {processor.py:183} INFO - Processing /home/airflow/.local/lib/python3.12/site-packages/airflow/example_dags/example_sensors.py took 0.042 seconds
[2024-07-16T06:41:16.101+0000] {processor.py:161} INFO - Started process (PID=581) to work on /home/airflow/.local/lib/python3.12/site-packages/airflow/example_dags/example_sensors.py
[2024-07-16T06:41:16.102+0000] {processor.py:830} INFO - Processing file /home/airflow/.local/lib/python3.12/site-packages/airflow/example_dags/example_sensors.py for tasks to queue
[2024-07-16T06:41:16.103+0000] {logging_mixin.py:188} INFO - [2024-07-16T06:41:16.103+0000] {dagbag.py:545} INFO - Filling up the DagBag from /home/airflow/.local/lib/python3.12/site-packages/airflow/example_dags/example_sensors.py
[2024-07-16T06:41:16.107+0000] {processor.py:840} INFO - DAG(s) 'example_sensors' retrieved from /home/airflow/.local/lib/python3.12/site-packages/airflow/example_dags/example_sensors.py
[2024-07-16T06:41:16.124+0000] {logging_mixin.py:188} INFO - [2024-07-16T06:41:16.124+0000] {dag.py:3096} INFO - Sync 1 DAGs
[2024-07-16T06:41:16.132+0000] {logging_mixin.py:188} INFO - [2024-07-16T06:41:16.132+0000] {dag.py:3954} INFO - Setting next_dagrun for example_sensors to None, run_after=None
[2024-07-16T06:41:16.142+0000] {processor.py:183} INFO - Processing /home/airflow/.local/lib/python3.12/site-packages/airflow/example_dags/example_sensors.py took 0.044 seconds
[2024-07-16T06:41:46.515+0000] {processor.py:161} INFO - Started process (PID=646) to work on /home/airflow/.local/lib/python3.12/site-packages/airflow/example_dags/example_sensors.py
[2024-07-16T06:41:46.516+0000] {processor.py:830} INFO - Processing file /home/airflow/.local/lib/python3.12/site-packages/airflow/example_dags/example_sensors.py for tasks to queue
[2024-07-16T06:41:46.517+0000] {logging_mixin.py:188} INFO - [2024-07-16T06:41:46.517+0000] {dagbag.py:545} INFO - Filling up the DagBag from /home/airflow/.local/lib/python3.12/site-packages/airflow/example_dags/example_sensors.py
[2024-07-16T06:41:46.521+0000] {processor.py:840} INFO - DAG(s) 'example_sensors' retrieved from /home/airflow/.local/lib/python3.12/site-packages/airflow/example_dags/example_sensors.py
[2024-07-16T06:41:46.537+0000] {logging_mixin.py:188} INFO - [2024-07-16T06:41:46.537+0000] {dag.py:3096} INFO - Sync 1 DAGs
[2024-07-16T06:41:46.544+0000] {logging_mixin.py:188} INFO - [2024-07-16T06:41:46.544+0000] {dag.py:3954} INFO - Setting next_dagrun for example_sensors to None, run_after=None
[2024-07-16T06:41:46.554+0000] {processor.py:183} INFO - Processing /home/airflow/.local/lib/python3.12/site-packages/airflow/example_dags/example_sensors.py took 0.041 seconds
[2024-07-16T06:42:17.594+0000] {processor.py:161} INFO - Started process (PID=710) to work on /home/airflow/.local/lib/python3.12/site-packages/airflow/example_dags/example_sensors.py
[2024-07-16T06:42:17.594+0000] {processor.py:830} INFO - Processing file /home/airflow/.local/lib/python3.12/site-packages/airflow/example_dags/example_sensors.py for tasks to queue
[2024-07-16T06:42:17.596+0000] {logging_mixin.py:188} INFO - [2024-07-16T06:42:17.595+0000] {dagbag.py:545} INFO - Filling up the DagBag from /home/airflow/.local/lib/python3.12/site-packages/airflow/example_dags/example_sensors.py
[2024-07-16T06:42:17.600+0000] {processor.py:840} INFO - DAG(s) 'example_sensors' retrieved from /home/airflow/.local/lib/python3.12/site-packages/airflow/example_dags/example_sensors.py
[2024-07-16T06:42:17.617+0000] {logging_mixin.py:188} INFO - [2024-07-16T06:42:17.617+0000] {dag.py:3096} INFO - Sync 1 DAGs
[2024-07-16T06:42:17.624+0000] {logging_mixin.py:188} INFO - [2024-07-16T06:42:17.624+0000] {dag.py:3954} INFO - Setting next_dagrun for example_sensors to None, run_after=None
[2024-07-16T06:42:17.636+0000] {processor.py:183} INFO - Processing /home/airflow/.local/lib/python3.12/site-packages/airflow/example_dags/example_sensors.py took 0.045 seconds
[2024-07-16T06:42:47.802+0000] {processor.py:161} INFO - Started process (PID=774) to work on /home/airflow/.local/lib/python3.12/site-packages/airflow/example_dags/example_sensors.py
[2024-07-16T06:42:47.803+0000] {processor.py:830} INFO - Processing file /home/airflow/.local/lib/python3.12/site-packages/airflow/example_dags/example_sensors.py for tasks to queue
[2024-07-16T06:42:47.804+0000] {logging_mixin.py:188} INFO - [2024-07-16T06:42:47.804+0000] {dagbag.py:545} INFO - Filling up the DagBag from /home/airflow/.local/lib/python3.12/site-packages/airflow/example_dags/example_sensors.py
[2024-07-16T06:42:47.809+0000] {processor.py:840} INFO - DAG(s) 'example_sensors' retrieved from /home/airflow/.local/lib/python3.12/site-packages/airflow/example_dags/example_sensors.py
[2024-07-16T06:42:47.826+0000] {logging_mixin.py:188} INFO - [2024-07-16T06:42:47.826+0000] {dag.py:3096} INFO - Sync 1 DAGs
[2024-07-16T06:42:47.833+0000] {logging_mixin.py:188} INFO - [2024-07-16T06:42:47.833+0000] {dag.py:3954} INFO - Setting next_dagrun for example_sensors to None, run_after=None
[2024-07-16T06:42:47.844+0000] {processor.py:183} INFO - Processing /home/airflow/.local/lib/python3.12/site-packages/airflow/example_dags/example_sensors.py took 0.045 seconds
[2024-07-16T06:43:18.945+0000] {processor.py:161} INFO - Started process (PID=838) to work on /home/airflow/.local/lib/python3.12/site-packages/airflow/example_dags/example_sensors.py
[2024-07-16T06:43:18.946+0000] {processor.py:830} INFO - Processing file /home/airflow/.local/lib/python3.12/site-packages/airflow/example_dags/example_sensors.py for tasks to queue
[2024-07-16T06:43:18.947+0000] {logging_mixin.py:188} INFO - [2024-07-16T06:43:18.947+0000] {dagbag.py:545} INFO - Filling up the DagBag from /home/airflow/.local/lib/python3.12/site-packages/airflow/example_dags/example_sensors.py
[2024-07-16T06:43:18.951+0000] {processor.py:840} INFO - DAG(s) 'example_sensors' retrieved from /home/airflow/.local/lib/python3.12/site-packages/airflow/example_dags/example_sensors.py
[2024-07-16T06:43:18.967+0000] {logging_mixin.py:188} INFO - [2024-07-16T06:43:18.967+0000] {dag.py:3096} INFO - Sync 1 DAGs
[2024-07-16T06:43:18.974+0000] {logging_mixin.py:188} INFO - [2024-07-16T06:43:18.974+0000] {dag.py:3954} INFO - Setting next_dagrun for example_sensors to None, run_after=None
[2024-07-16T06:43:18.988+0000] {processor.py:183} INFO - Processing /home/airflow/.local/lib/python3.12/site-packages/airflow/example_dags/example_sensors.py took 0.046 seconds
[2024-07-16T06:43:49.227+0000] {processor.py:161} INFO - Started process (PID=902) to work on /home/airflow/.local/lib/python3.12/site-packages/airflow/example_dags/example_sensors.py
[2024-07-16T06:43:49.227+0000] {processor.py:830} INFO - Processing file /home/airflow/.local/lib/python3.12/site-packages/airflow/example_dags/example_sensors.py for tasks to queue
[2024-07-16T06:43:49.229+0000] {logging_mixin.py:188} INFO - [2024-07-16T06:43:49.229+0000] {dagbag.py:545} INFO - Filling up the DagBag from /home/airflow/.local/lib/python3.12/site-packages/airflow/example_dags/example_sensors.py
[2024-07-16T06:43:49.233+0000] {processor.py:840} INFO - DAG(s) 'example_sensors' retrieved from /home/airflow/.local/lib/python3.12/site-packages/airflow/example_dags/example_sensors.py
[2024-07-16T06:43:49.249+0000] {logging_mixin.py:188} INFO - [2024-07-16T06:43:49.249+0000] {dag.py:3096} INFO - Sync 1 DAGs
[2024-07-16T06:43:49.257+0000] {logging_mixin.py:188} INFO - [2024-07-16T06:43:49.257+0000] {dag.py:3954} INFO - Setting next_dagrun for example_sensors to None, run_after=None
[2024-07-16T06:43:49.268+0000] {processor.py:183} INFO - Processing /home/airflow/.local/lib/python3.12/site-packages/airflow/example_dags/example_sensors.py took 0.044 seconds
[2024-07-16T06:44:19.348+0000] {processor.py:161} INFO - Started process (PID=966) to work on /home/airflow/.local/lib/python3.12/site-packages/airflow/example_dags/example_sensors.py
[2024-07-16T06:44:19.349+0000] {processor.py:830} INFO - Processing file /home/airflow/.local/lib/python3.12/site-packages/airflow/example_dags/example_sensors.py for tasks to queue
[2024-07-16T06:44:19.350+0000] {logging_mixin.py:188} INFO - [2024-07-16T06:44:19.350+0000] {dagbag.py:545} INFO - Filling up the DagBag from /home/airflow/.local/lib/python3.12/site-packages/airflow/example_dags/example_sensors.py
[2024-07-16T06:44:19.354+0000] {processor.py:840} INFO - DAG(s) 'example_sensors' retrieved from /home/airflow/.local/lib/python3.12/site-packages/airflow/example_dags/example_sensors.py
[2024-07-16T06:44:19.371+0000] {logging_mixin.py:188} INFO - [2024-07-16T06:44:19.371+0000] {dag.py:3096} INFO - Sync 1 DAGs
[2024-07-16T06:44:19.379+0000] {logging_mixin.py:188} INFO - [2024-07-16T06:44:19.379+0000] {dag.py:3954} INFO - Setting next_dagrun for example_sensors to None, run_after=None
[2024-07-16T06:44:19.391+0000] {processor.py:183} INFO - Processing /home/airflow/.local/lib/python3.12/site-packages/airflow/example_dags/example_sensors.py took 0.046 seconds
[2024-07-16T06:44:49.514+0000] {processor.py:161} INFO - Started process (PID=1030) to work on /home/airflow/.local/lib/python3.12/site-packages/airflow/example_dags/example_sensors.py
[2024-07-16T06:44:49.515+0000] {processor.py:830} INFO - Processing file /home/airflow/.local/lib/python3.12/site-packages/airflow/example_dags/example_sensors.py for tasks to queue
[2024-07-16T06:44:49.516+0000] {logging_mixin.py:188} INFO - [2024-07-16T06:44:49.516+0000] {dagbag.py:545} INFO - Filling up the DagBag from /home/airflow/.local/lib/python3.12/site-packages/airflow/example_dags/example_sensors.py
[2024-07-16T06:44:49.520+0000] {processor.py:840} INFO - DAG(s) 'example_sensors' retrieved from /home/airflow/.local/lib/python3.12/site-packages/airflow/example_dags/example_sensors.py
[2024-07-16T06:44:49.538+0000] {logging_mixin.py:188} INFO - [2024-07-16T06:44:49.538+0000] {dag.py:3096} INFO - Sync 1 DAGs
[2024-07-16T06:44:49.546+0000] {logging_mixin.py:188} INFO - [2024-07-16T06:44:49.546+0000] {dag.py:3954} INFO - Setting next_dagrun for example_sensors to None, run_after=None
[2024-07-16T06:44:49.557+0000] {processor.py:183} INFO - Processing /home/airflow/.local/lib/python3.12/site-packages/airflow/example_dags/example_sensors.py took 0.045 seconds
[2024-07-16T06:45:19.660+0000] {processor.py:161} INFO - Started process (PID=1093) to work on /home/airflow/.local/lib/python3.12/site-packages/airflow/example_dags/example_sensors.py
[2024-07-16T06:45:19.660+0000] {processor.py:830} INFO - Processing file /home/airflow/.local/lib/python3.12/site-packages/airflow/example_dags/example_sensors.py for tasks to queue
[2024-07-16T06:45:19.661+0000] {logging_mixin.py:188} INFO - [2024-07-16T06:45:19.661+0000] {dagbag.py:545} INFO - Filling up the DagBag from /home/airflow/.local/lib/python3.12/site-packages/airflow/example_dags/example_sensors.py
[2024-07-16T06:45:19.666+0000] {processor.py:840} INFO - DAG(s) 'example_sensors' retrieved from /home/airflow/.local/lib/python3.12/site-packages/airflow/example_dags/example_sensors.py
[2024-07-16T06:45:19.682+0000] {logging_mixin.py:188} INFO - [2024-07-16T06:45:19.682+0000] {dag.py:3096} INFO - Sync 1 DAGs
[2024-07-16T06:45:19.690+0000] {logging_mixin.py:188} INFO - [2024-07-16T06:45:19.690+0000] {dag.py:3954} INFO - Setting next_dagrun for example_sensors to None, run_after=None
[2024-07-16T06:45:19.703+0000] {processor.py:183} INFO - Processing /home/airflow/.local/lib/python3.12/site-packages/airflow/example_dags/example_sensors.py took 0.046 seconds
[2024-07-16T06:45:50.808+0000] {processor.py:161} INFO - Started process (PID=1156) to work on /home/airflow/.local/lib/python3.12/site-packages/airflow/example_dags/example_sensors.py
[2024-07-16T06:45:50.809+0000] {processor.py:830} INFO - Processing file /home/airflow/.local/lib/python3.12/site-packages/airflow/example_dags/example_sensors.py for tasks to queue
[2024-07-16T06:45:50.810+0000] {logging_mixin.py:188} INFO - [2024-07-16T06:45:50.810+0000] {dagbag.py:545} INFO - Filling up the DagBag from /home/airflow/.local/lib/python3.12/site-packages/airflow/example_dags/example_sensors.py
[2024-07-16T06:45:50.815+0000] {processor.py:840} INFO - DAG(s) 'example_sensors' retrieved from /home/airflow/.local/lib/python3.12/site-packages/airflow/example_dags/example_sensors.py
[2024-07-16T06:45:50.835+0000] {logging_mixin.py:188} INFO - [2024-07-16T06:45:50.835+0000] {dag.py:3096} INFO - Sync 1 DAGs
[2024-07-16T06:45:50.845+0000] {logging_mixin.py:188} INFO - [2024-07-16T06:45:50.845+0000] {dag.py:3954} INFO - Setting next_dagrun for example_sensors to None, run_after=None
[2024-07-16T06:45:50.858+0000] {processor.py:183} INFO - Processing /home/airflow/.local/lib/python3.12/site-packages/airflow/example_dags/example_sensors.py took 0.054 seconds
[2024-07-16T06:46:21.099+0000] {processor.py:161} INFO - Started process (PID=1220) to work on /home/airflow/.local/lib/python3.12/site-packages/airflow/example_dags/example_sensors.py
[2024-07-16T06:46:21.100+0000] {processor.py:830} INFO - Processing file /home/airflow/.local/lib/python3.12/site-packages/airflow/example_dags/example_sensors.py for tasks to queue
[2024-07-16T06:46:21.101+0000] {logging_mixin.py:188} INFO - [2024-07-16T06:46:21.101+0000] {dagbag.py:545} INFO - Filling up the DagBag from /home/airflow/.local/lib/python3.12/site-packages/airflow/example_dags/example_sensors.py
[2024-07-16T06:46:21.106+0000] {processor.py:840} INFO - DAG(s) 'example_sensors' retrieved from /home/airflow/.local/lib/python3.12/site-packages/airflow/example_dags/example_sensors.py
[2024-07-16T06:46:21.124+0000] {logging_mixin.py:188} INFO - [2024-07-16T06:46:21.124+0000] {dag.py:3096} INFO - Sync 1 DAGs
[2024-07-16T06:46:21.132+0000] {logging_mixin.py:188} INFO - [2024-07-16T06:46:21.131+0000] {dag.py:3954} INFO - Setting next_dagrun for example_sensors to None, run_after=None
[2024-07-16T06:46:21.143+0000] {processor.py:183} INFO - Processing /home/airflow/.local/lib/python3.12/site-packages/airflow/example_dags/example_sensors.py took 0.046 seconds
[2024-07-16T06:46:51.854+0000] {processor.py:161} INFO - Started process (PID=1284) to work on /home/airflow/.local/lib/python3.12/site-packages/airflow/example_dags/example_sensors.py
[2024-07-16T06:46:51.854+0000] {processor.py:830} INFO - Processing file /home/airflow/.local/lib/python3.12/site-packages/airflow/example_dags/example_sensors.py for tasks to queue
[2024-07-16T06:46:51.855+0000] {logging_mixin.py:188} INFO - [2024-07-16T06:46:51.855+0000] {dagbag.py:545} INFO - Filling up the DagBag from /home/airflow/.local/lib/python3.12/site-packages/airflow/example_dags/example_sensors.py
[2024-07-16T06:46:51.859+0000] {processor.py:840} INFO - DAG(s) 'example_sensors' retrieved from /home/airflow/.local/lib/python3.12/site-packages/airflow/example_dags/example_sensors.py
[2024-07-16T06:46:51.876+0000] {logging_mixin.py:188} INFO - [2024-07-16T06:46:51.876+0000] {dag.py:3096} INFO - Sync 1 DAGs
[2024-07-16T06:46:51.884+0000] {logging_mixin.py:188} INFO - [2024-07-16T06:46:51.884+0000] {dag.py:3954} INFO - Setting next_dagrun for example_sensors to None, run_after=None
[2024-07-16T06:46:51.894+0000] {processor.py:183} INFO - Processing /home/airflow/.local/lib/python3.12/site-packages/airflow/example_dags/example_sensors.py took 0.044 seconds
[2024-07-16T06:47:22.187+0000] {processor.py:161} INFO - Started process (PID=1348) to work on /home/airflow/.local/lib/python3.12/site-packages/airflow/example_dags/example_sensors.py
[2024-07-16T06:47:22.188+0000] {processor.py:830} INFO - Processing file /home/airflow/.local/lib/python3.12/site-packages/airflow/example_dags/example_sensors.py for tasks to queue
[2024-07-16T06:47:22.189+0000] {logging_mixin.py:188} INFO - [2024-07-16T06:47:22.189+0000] {dagbag.py:545} INFO - Filling up the DagBag from /home/airflow/.local/lib/python3.12/site-packages/airflow/example_dags/example_sensors.py
[2024-07-16T06:47:22.195+0000] {processor.py:840} INFO - DAG(s) 'example_sensors' retrieved from /home/airflow/.local/lib/python3.12/site-packages/airflow/example_dags/example_sensors.py
[2024-07-16T06:47:22.223+0000] {logging_mixin.py:188} INFO - [2024-07-16T06:47:22.223+0000] {dag.py:3096} INFO - Sync 1 DAGs
[2024-07-16T06:47:22.236+0000] {logging_mixin.py:188} INFO - [2024-07-16T06:47:22.236+0000] {dag.py:3954} INFO - Setting next_dagrun for example_sensors to None, run_after=None
[2024-07-16T06:47:22.251+0000] {processor.py:183} INFO - Processing /home/airflow/.local/lib/python3.12/site-packages/airflow/example_dags/example_sensors.py took 0.068 seconds
[2024-07-16T06:47:52.509+0000] {processor.py:161} INFO - Started process (PID=1412) to work on /home/airflow/.local/lib/python3.12/site-packages/airflow/example_dags/example_sensors.py
[2024-07-16T06:47:52.510+0000] {processor.py:830} INFO - Processing file /home/airflow/.local/lib/python3.12/site-packages/airflow/example_dags/example_sensors.py for tasks to queue
[2024-07-16T06:47:52.511+0000] {logging_mixin.py:188} INFO - [2024-07-16T06:47:52.511+0000] {dagbag.py:545} INFO - Filling up the DagBag from /home/airflow/.local/lib/python3.12/site-packages/airflow/example_dags/example_sensors.py
[2024-07-16T06:47:52.515+0000] {processor.py:840} INFO - DAG(s) 'example_sensors' retrieved from /home/airflow/.local/lib/python3.12/site-packages/airflow/example_dags/example_sensors.py
[2024-07-16T06:47:52.532+0000] {logging_mixin.py:188} INFO - [2024-07-16T06:47:52.532+0000] {dag.py:3096} INFO - Sync 1 DAGs
[2024-07-16T06:47:52.540+0000] {logging_mixin.py:188} INFO - [2024-07-16T06:47:52.540+0000] {dag.py:3954} INFO - Setting next_dagrun for example_sensors to None, run_after=None
[2024-07-16T06:47:52.552+0000] {processor.py:183} INFO - Processing /home/airflow/.local/lib/python3.12/site-packages/airflow/example_dags/example_sensors.py took 0.045 seconds
[2024-07-16T06:48:22.838+0000] {processor.py:161} INFO - Started process (PID=1476) to work on /home/airflow/.local/lib/python3.12/site-packages/airflow/example_dags/example_sensors.py
[2024-07-16T06:48:22.838+0000] {processor.py:830} INFO - Processing file /home/airflow/.local/lib/python3.12/site-packages/airflow/example_dags/example_sensors.py for tasks to queue
[2024-07-16T06:48:22.840+0000] {logging_mixin.py:188} INFO - [2024-07-16T06:48:22.840+0000] {dagbag.py:545} INFO - Filling up the DagBag from /home/airflow/.local/lib/python3.12/site-packages/airflow/example_dags/example_sensors.py
[2024-07-16T06:48:22.846+0000] {processor.py:840} INFO - DAG(s) 'example_sensors' retrieved from /home/airflow/.local/lib/python3.12/site-packages/airflow/example_dags/example_sensors.py
[2024-07-16T06:48:22.865+0000] {logging_mixin.py:188} INFO - [2024-07-16T06:48:22.865+0000] {dag.py:3096} INFO - Sync 1 DAGs
[2024-07-16T06:48:22.873+0000] {logging_mixin.py:188} INFO - [2024-07-16T06:48:22.873+0000] {dag.py:3954} INFO - Setting next_dagrun for example_sensors to None, run_after=None
[2024-07-16T06:48:22.885+0000] {processor.py:183} INFO - Processing /home/airflow/.local/lib/python3.12/site-packages/airflow/example_dags/example_sensors.py took 0.050 seconds
[2024-07-16T06:48:53.087+0000] {processor.py:161} INFO - Started process (PID=1540) to work on /home/airflow/.local/lib/python3.12/site-packages/airflow/example_dags/example_sensors.py
[2024-07-16T06:48:53.088+0000] {processor.py:830} INFO - Processing file /home/airflow/.local/lib/python3.12/site-packages/airflow/example_dags/example_sensors.py for tasks to queue
[2024-07-16T06:48:53.089+0000] {logging_mixin.py:188} INFO - [2024-07-16T06:48:53.089+0000] {dagbag.py:545} INFO - Filling up the DagBag from /home/airflow/.local/lib/python3.12/site-packages/airflow/example_dags/example_sensors.py
[2024-07-16T06:48:53.093+0000] {processor.py:840} INFO - DAG(s) 'example_sensors' retrieved from /home/airflow/.local/lib/python3.12/site-packages/airflow/example_dags/example_sensors.py
[2024-07-16T06:48:53.111+0000] {logging_mixin.py:188} INFO - [2024-07-16T06:48:53.111+0000] {dag.py:3096} INFO - Sync 1 DAGs
[2024-07-16T06:48:53.119+0000] {logging_mixin.py:188} INFO - [2024-07-16T06:48:53.119+0000] {dag.py:3954} INFO - Setting next_dagrun for example_sensors to None, run_after=None
[2024-07-16T06:48:53.130+0000] {processor.py:183} INFO - Processing /home/airflow/.local/lib/python3.12/site-packages/airflow/example_dags/example_sensors.py took 0.047 seconds
[2024-07-16T06:49:24.117+0000] {processor.py:161} INFO - Started process (PID=1604) to work on /home/airflow/.local/lib/python3.12/site-packages/airflow/example_dags/example_sensors.py
[2024-07-16T06:49:24.117+0000] {processor.py:830} INFO - Processing file /home/airflow/.local/lib/python3.12/site-packages/airflow/example_dags/example_sensors.py for tasks to queue
[2024-07-16T06:49:24.118+0000] {logging_mixin.py:188} INFO - [2024-07-16T06:49:24.118+0000] {dagbag.py:545} INFO - Filling up the DagBag from /home/airflow/.local/lib/python3.12/site-packages/airflow/example_dags/example_sensors.py
[2024-07-16T06:49:24.122+0000] {processor.py:840} INFO - DAG(s) 'example_sensors' retrieved from /home/airflow/.local/lib/python3.12/site-packages/airflow/example_dags/example_sensors.py
[2024-07-16T06:49:24.141+0000] {logging_mixin.py:188} INFO - [2024-07-16T06:49:24.141+0000] {dag.py:3096} INFO - Sync 1 DAGs
[2024-07-16T06:49:24.250+0000] {logging_mixin.py:188} INFO - [2024-07-16T06:49:24.249+0000] {dag.py:3954} INFO - Setting next_dagrun for example_sensors to None, run_after=None
[2024-07-16T06:49:24.260+0000] {processor.py:183} INFO - Processing /home/airflow/.local/lib/python3.12/site-packages/airflow/example_dags/example_sensors.py took 0.147 seconds
[2024-07-16T06:49:54.973+0000] {processor.py:161} INFO - Started process (PID=1668) to work on /home/airflow/.local/lib/python3.12/site-packages/airflow/example_dags/example_sensors.py
[2024-07-16T06:49:54.974+0000] {processor.py:830} INFO - Processing file /home/airflow/.local/lib/python3.12/site-packages/airflow/example_dags/example_sensors.py for tasks to queue
[2024-07-16T06:49:54.975+0000] {logging_mixin.py:188} INFO - [2024-07-16T06:49:54.975+0000] {dagbag.py:545} INFO - Filling up the DagBag from /home/airflow/.local/lib/python3.12/site-packages/airflow/example_dags/example_sensors.py
[2024-07-16T06:49:54.979+0000] {processor.py:840} INFO - DAG(s) 'example_sensors' retrieved from /home/airflow/.local/lib/python3.12/site-packages/airflow/example_dags/example_sensors.py
[2024-07-16T06:49:54.998+0000] {logging_mixin.py:188} INFO - [2024-07-16T06:49:54.998+0000] {dag.py:3096} INFO - Sync 1 DAGs
[2024-07-16T06:49:55.006+0000] {logging_mixin.py:188} INFO - [2024-07-16T06:49:55.006+0000] {dag.py:3954} INFO - Setting next_dagrun for example_sensors to None, run_after=None
[2024-07-16T06:49:55.109+0000] {processor.py:183} INFO - Processing /home/airflow/.local/lib/python3.12/site-packages/airflow/example_dags/example_sensors.py took 0.139 seconds
[2024-07-16T06:50:25.159+0000] {processor.py:161} INFO - Started process (PID=1733) to work on /home/airflow/.local/lib/python3.12/site-packages/airflow/example_dags/example_sensors.py
[2024-07-16T06:50:25.160+0000] {processor.py:830} INFO - Processing file /home/airflow/.local/lib/python3.12/site-packages/airflow/example_dags/example_sensors.py for tasks to queue
[2024-07-16T06:50:25.161+0000] {logging_mixin.py:188} INFO - [2024-07-16T06:50:25.161+0000] {dagbag.py:545} INFO - Filling up the DagBag from /home/airflow/.local/lib/python3.12/site-packages/airflow/example_dags/example_sensors.py
[2024-07-16T06:50:25.166+0000] {processor.py:840} INFO - DAG(s) 'example_sensors' retrieved from /home/airflow/.local/lib/python3.12/site-packages/airflow/example_dags/example_sensors.py
[2024-07-16T06:50:25.184+0000] {logging_mixin.py:188} INFO - [2024-07-16T06:50:25.184+0000] {dag.py:3096} INFO - Sync 1 DAGs
[2024-07-16T06:50:25.191+0000] {logging_mixin.py:188} INFO - [2024-07-16T06:50:25.191+0000] {dag.py:3954} INFO - Setting next_dagrun for example_sensors to None, run_after=None
[2024-07-16T06:50:25.202+0000] {processor.py:183} INFO - Processing /home/airflow/.local/lib/python3.12/site-packages/airflow/example_dags/example_sensors.py took 0.046 seconds
[2024-07-16T06:50:55.273+0000] {processor.py:161} INFO - Started process (PID=1796) to work on /home/airflow/.local/lib/python3.12/site-packages/airflow/example_dags/example_sensors.py
[2024-07-16T06:50:55.273+0000] {processor.py:830} INFO - Processing file /home/airflow/.local/lib/python3.12/site-packages/airflow/example_dags/example_sensors.py for tasks to queue
[2024-07-16T06:50:55.275+0000] {logging_mixin.py:188} INFO - [2024-07-16T06:50:55.274+0000] {dagbag.py:545} INFO - Filling up the DagBag from /home/airflow/.local/lib/python3.12/site-packages/airflow/example_dags/example_sensors.py
[2024-07-16T06:50:55.279+0000] {processor.py:840} INFO - DAG(s) 'example_sensors' retrieved from /home/airflow/.local/lib/python3.12/site-packages/airflow/example_dags/example_sensors.py
[2024-07-16T06:50:55.296+0000] {logging_mixin.py:188} INFO - [2024-07-16T06:50:55.296+0000] {dag.py:3096} INFO - Sync 1 DAGs
[2024-07-16T06:50:55.304+0000] {logging_mixin.py:188} INFO - [2024-07-16T06:50:55.304+0000] {dag.py:3954} INFO - Setting next_dagrun for example_sensors to None, run_after=None
[2024-07-16T06:50:55.314+0000] {processor.py:183} INFO - Processing /home/airflow/.local/lib/python3.12/site-packages/airflow/example_dags/example_sensors.py took 0.045 seconds
[2024-07-16T06:51:25.367+0000] {processor.py:161} INFO - Started process (PID=1860) to work on /home/airflow/.local/lib/python3.12/site-packages/airflow/example_dags/example_sensors.py
[2024-07-16T06:51:25.368+0000] {processor.py:830} INFO - Processing file /home/airflow/.local/lib/python3.12/site-packages/airflow/example_dags/example_sensors.py for tasks to queue
[2024-07-16T06:51:25.369+0000] {logging_mixin.py:188} INFO - [2024-07-16T06:51:25.369+0000] {dagbag.py:545} INFO - Filling up the DagBag from /home/airflow/.local/lib/python3.12/site-packages/airflow/example_dags/example_sensors.py
[2024-07-16T06:51:25.373+0000] {processor.py:840} INFO - DAG(s) 'example_sensors' retrieved from /home/airflow/.local/lib/python3.12/site-packages/airflow/example_dags/example_sensors.py
[2024-07-16T06:51:25.390+0000] {logging_mixin.py:188} INFO - [2024-07-16T06:51:25.390+0000] {dag.py:3096} INFO - Sync 1 DAGs
[2024-07-16T06:51:25.398+0000] {logging_mixin.py:188} INFO - [2024-07-16T06:51:25.398+0000] {dag.py:3954} INFO - Setting next_dagrun for example_sensors to None, run_after=None
[2024-07-16T06:51:25.409+0000] {processor.py:183} INFO - Processing /home/airflow/.local/lib/python3.12/site-packages/airflow/example_dags/example_sensors.py took 0.045 seconds
[2024-07-16T06:51:55.554+0000] {processor.py:161} INFO - Started process (PID=1924) to work on /home/airflow/.local/lib/python3.12/site-packages/airflow/example_dags/example_sensors.py
[2024-07-16T06:51:55.555+0000] {processor.py:830} INFO - Processing file /home/airflow/.local/lib/python3.12/site-packages/airflow/example_dags/example_sensors.py for tasks to queue
[2024-07-16T06:51:55.556+0000] {logging_mixin.py:188} INFO - [2024-07-16T06:51:55.556+0000] {dagbag.py:545} INFO - Filling up the DagBag from /home/airflow/.local/lib/python3.12/site-packages/airflow/example_dags/example_sensors.py
[2024-07-16T06:51:55.561+0000] {processor.py:840} INFO - DAG(s) 'example_sensors' retrieved from /home/airflow/.local/lib/python3.12/site-packages/airflow/example_dags/example_sensors.py
[2024-07-16T06:51:55.577+0000] {logging_mixin.py:188} INFO - [2024-07-16T06:51:55.577+0000] {dag.py:3096} INFO - Sync 1 DAGs
[2024-07-16T06:51:55.585+0000] {logging_mixin.py:188} INFO - [2024-07-16T06:51:55.584+0000] {dag.py:3954} INFO - Setting next_dagrun for example_sensors to None, run_after=None
[2024-07-16T06:51:55.595+0000] {processor.py:183} INFO - Processing /home/airflow/.local/lib/python3.12/site-packages/airflow/example_dags/example_sensors.py took 0.043 seconds
[2024-07-16T06:52:25.778+0000] {processor.py:161} INFO - Started process (PID=1988) to work on /home/airflow/.local/lib/python3.12/site-packages/airflow/example_dags/example_sensors.py
[2024-07-16T06:52:25.779+0000] {processor.py:830} INFO - Processing file /home/airflow/.local/lib/python3.12/site-packages/airflow/example_dags/example_sensors.py for tasks to queue
[2024-07-16T06:52:25.780+0000] {logging_mixin.py:188} INFO - [2024-07-16T06:52:25.780+0000] {dagbag.py:545} INFO - Filling up the DagBag from /home/airflow/.local/lib/python3.12/site-packages/airflow/example_dags/example_sensors.py
[2024-07-16T06:52:25.785+0000] {processor.py:840} INFO - DAG(s) 'example_sensors' retrieved from /home/airflow/.local/lib/python3.12/site-packages/airflow/example_dags/example_sensors.py
[2024-07-16T06:52:25.803+0000] {logging_mixin.py:188} INFO - [2024-07-16T06:52:25.803+0000] {dag.py:3096} INFO - Sync 1 DAGs
[2024-07-16T06:52:25.815+0000] {logging_mixin.py:188} INFO - [2024-07-16T06:52:25.815+0000] {dag.py:3954} INFO - Setting next_dagrun for example_sensors to None, run_after=None
[2024-07-16T06:52:25.828+0000] {processor.py:183} INFO - Processing /home/airflow/.local/lib/python3.12/site-packages/airflow/example_dags/example_sensors.py took 0.053 seconds
[2024-07-16T06:52:55.943+0000] {processor.py:161} INFO - Started process (PID=2052) to work on /home/airflow/.local/lib/python3.12/site-packages/airflow/example_dags/example_sensors.py
[2024-07-16T06:52:55.943+0000] {processor.py:830} INFO - Processing file /home/airflow/.local/lib/python3.12/site-packages/airflow/example_dags/example_sensors.py for tasks to queue
[2024-07-16T06:52:55.944+0000] {logging_mixin.py:188} INFO - [2024-07-16T06:52:55.944+0000] {dagbag.py:545} INFO - Filling up the DagBag from /home/airflow/.local/lib/python3.12/site-packages/airflow/example_dags/example_sensors.py
[2024-07-16T06:52:55.949+0000] {processor.py:840} INFO - DAG(s) 'example_sensors' retrieved from /home/airflow/.local/lib/python3.12/site-packages/airflow/example_dags/example_sensors.py
[2024-07-16T06:52:55.966+0000] {logging_mixin.py:188} INFO - [2024-07-16T06:52:55.966+0000] {dag.py:3096} INFO - Sync 1 DAGs
[2024-07-16T06:52:55.973+0000] {logging_mixin.py:188} INFO - [2024-07-16T06:52:55.973+0000] {dag.py:3954} INFO - Setting next_dagrun for example_sensors to None, run_after=None
[2024-07-16T06:52:55.983+0000] {processor.py:183} INFO - Processing /home/airflow/.local/lib/python3.12/site-packages/airflow/example_dags/example_sensors.py took 0.043 seconds
[2024-07-16T06:53:26.316+0000] {processor.py:161} INFO - Started process (PID=2116) to work on /home/airflow/.local/lib/python3.12/site-packages/airflow/example_dags/example_sensors.py
[2024-07-16T06:53:26.317+0000] {processor.py:830} INFO - Processing file /home/airflow/.local/lib/python3.12/site-packages/airflow/example_dags/example_sensors.py for tasks to queue
[2024-07-16T06:53:26.318+0000] {logging_mixin.py:188} INFO - [2024-07-16T06:53:26.317+0000] {dagbag.py:545} INFO - Filling up the DagBag from /home/airflow/.local/lib/python3.12/site-packages/airflow/example_dags/example_sensors.py
[2024-07-16T06:53:26.322+0000] {processor.py:840} INFO - DAG(s) 'example_sensors' retrieved from /home/airflow/.local/lib/python3.12/site-packages/airflow/example_dags/example_sensors.py
[2024-07-16T06:53:26.339+0000] {logging_mixin.py:188} INFO - [2024-07-16T06:53:26.339+0000] {dag.py:3096} INFO - Sync 1 DAGs
[2024-07-16T06:53:26.346+0000] {logging_mixin.py:188} INFO - [2024-07-16T06:53:26.346+0000] {dag.py:3954} INFO - Setting next_dagrun for example_sensors to None, run_after=None
[2024-07-16T06:53:26.356+0000] {processor.py:183} INFO - Processing /home/airflow/.local/lib/python3.12/site-packages/airflow/example_dags/example_sensors.py took 0.043 seconds
[2024-07-16T06:53:56.460+0000] {processor.py:161} INFO - Started process (PID=2180) to work on /home/airflow/.local/lib/python3.12/site-packages/airflow/example_dags/example_sensors.py
[2024-07-16T06:53:56.461+0000] {processor.py:830} INFO - Processing file /home/airflow/.local/lib/python3.12/site-packages/airflow/example_dags/example_sensors.py for tasks to queue
[2024-07-16T06:53:56.462+0000] {logging_mixin.py:188} INFO - [2024-07-16T06:53:56.462+0000] {dagbag.py:545} INFO - Filling up the DagBag from /home/airflow/.local/lib/python3.12/site-packages/airflow/example_dags/example_sensors.py
[2024-07-16T06:53:56.466+0000] {processor.py:840} INFO - DAG(s) 'example_sensors' retrieved from /home/airflow/.local/lib/python3.12/site-packages/airflow/example_dags/example_sensors.py
[2024-07-16T06:53:56.484+0000] {logging_mixin.py:188} INFO - [2024-07-16T06:53:56.484+0000] {dag.py:3096} INFO - Sync 1 DAGs
[2024-07-16T06:53:56.527+0000] {logging_mixin.py:188} INFO - [2024-07-16T06:53:56.521+0000] {dag.py:3954} INFO - Setting next_dagrun for example_sensors to None, run_after=None
[2024-07-16T06:53:56.567+0000] {processor.py:183} INFO - Processing /home/airflow/.local/lib/python3.12/site-packages/airflow/example_dags/example_sensors.py took 0.110 seconds
[2024-07-16T06:54:26.603+0000] {processor.py:161} INFO - Started process (PID=2244) to work on /home/airflow/.local/lib/python3.12/site-packages/airflow/example_dags/example_sensors.py
[2024-07-16T06:54:26.604+0000] {processor.py:830} INFO - Processing file /home/airflow/.local/lib/python3.12/site-packages/airflow/example_dags/example_sensors.py for tasks to queue
[2024-07-16T06:54:26.605+0000] {logging_mixin.py:188} INFO - [2024-07-16T06:54:26.605+0000] {dagbag.py:545} INFO - Filling up the DagBag from /home/airflow/.local/lib/python3.12/site-packages/airflow/example_dags/example_sensors.py
[2024-07-16T06:54:26.610+0000] {processor.py:840} INFO - DAG(s) 'example_sensors' retrieved from /home/airflow/.local/lib/python3.12/site-packages/airflow/example_dags/example_sensors.py
[2024-07-16T06:54:26.628+0000] {logging_mixin.py:188} INFO - [2024-07-16T06:54:26.628+0000] {dag.py:3096} INFO - Sync 1 DAGs
[2024-07-16T06:54:26.637+0000] {logging_mixin.py:188} INFO - [2024-07-16T06:54:26.637+0000] {dag.py:3954} INFO - Setting next_dagrun for example_sensors to None, run_after=None
[2024-07-16T06:54:26.649+0000] {processor.py:183} INFO - Processing /home/airflow/.local/lib/python3.12/site-packages/airflow/example_dags/example_sensors.py took 0.048 seconds
[2024-07-16T06:54:56.703+0000] {processor.py:161} INFO - Started process (PID=2307) to work on /home/airflow/.local/lib/python3.12/site-packages/airflow/example_dags/example_sensors.py
[2024-07-16T06:54:56.703+0000] {processor.py:830} INFO - Processing file /home/airflow/.local/lib/python3.12/site-packages/airflow/example_dags/example_sensors.py for tasks to queue
[2024-07-16T06:54:56.704+0000] {logging_mixin.py:188} INFO - [2024-07-16T06:54:56.704+0000] {dagbag.py:545} INFO - Filling up the DagBag from /home/airflow/.local/lib/python3.12/site-packages/airflow/example_dags/example_sensors.py
[2024-07-16T06:54:56.709+0000] {processor.py:840} INFO - DAG(s) 'example_sensors' retrieved from /home/airflow/.local/lib/python3.12/site-packages/airflow/example_dags/example_sensors.py
[2024-07-16T06:54:56.727+0000] {logging_mixin.py:188} INFO - [2024-07-16T06:54:56.727+0000] {dag.py:3096} INFO - Sync 1 DAGs
[2024-07-16T06:54:56.735+0000] {logging_mixin.py:188} INFO - [2024-07-16T06:54:56.735+0000] {dag.py:3954} INFO - Setting next_dagrun for example_sensors to None, run_after=None
[2024-07-16T06:54:56.746+0000] {processor.py:183} INFO - Processing /home/airflow/.local/lib/python3.12/site-packages/airflow/example_dags/example_sensors.py took 0.047 seconds
[2024-07-16T06:55:26.980+0000] {processor.py:161} INFO - Started process (PID=2371) to work on /home/airflow/.local/lib/python3.12/site-packages/airflow/example_dags/example_sensors.py
[2024-07-16T06:55:26.981+0000] {processor.py:830} INFO - Processing file /home/airflow/.local/lib/python3.12/site-packages/airflow/example_dags/example_sensors.py for tasks to queue
[2024-07-16T06:55:26.982+0000] {logging_mixin.py:188} INFO - [2024-07-16T06:55:26.982+0000] {dagbag.py:545} INFO - Filling up the DagBag from /home/airflow/.local/lib/python3.12/site-packages/airflow/example_dags/example_sensors.py
[2024-07-16T06:55:26.986+0000] {processor.py:840} INFO - DAG(s) 'example_sensors' retrieved from /home/airflow/.local/lib/python3.12/site-packages/airflow/example_dags/example_sensors.py
[2024-07-16T06:55:27.003+0000] {logging_mixin.py:188} INFO - [2024-07-16T06:55:27.003+0000] {dag.py:3096} INFO - Sync 1 DAGs
[2024-07-16T06:55:27.011+0000] {logging_mixin.py:188} INFO - [2024-07-16T06:55:27.011+0000] {dag.py:3954} INFO - Setting next_dagrun for example_sensors to None, run_after=None
[2024-07-16T06:55:27.022+0000] {processor.py:183} INFO - Processing /home/airflow/.local/lib/python3.12/site-packages/airflow/example_dags/example_sensors.py took 0.045 seconds
[2024-07-16T06:55:57.241+0000] {processor.py:161} INFO - Started process (PID=2435) to work on /home/airflow/.local/lib/python3.12/site-packages/airflow/example_dags/example_sensors.py
[2024-07-16T06:55:57.241+0000] {processor.py:830} INFO - Processing file /home/airflow/.local/lib/python3.12/site-packages/airflow/example_dags/example_sensors.py for tasks to queue
[2024-07-16T06:55:57.242+0000] {logging_mixin.py:188} INFO - [2024-07-16T06:55:57.242+0000] {dagbag.py:545} INFO - Filling up the DagBag from /home/airflow/.local/lib/python3.12/site-packages/airflow/example_dags/example_sensors.py
[2024-07-16T06:55:57.247+0000] {processor.py:840} INFO - DAG(s) 'example_sensors' retrieved from /home/airflow/.local/lib/python3.12/site-packages/airflow/example_dags/example_sensors.py
[2024-07-16T06:55:57.264+0000] {logging_mixin.py:188} INFO - [2024-07-16T06:55:57.264+0000] {dag.py:3096} INFO - Sync 1 DAGs
[2024-07-16T06:55:57.271+0000] {logging_mixin.py:188} INFO - [2024-07-16T06:55:57.271+0000] {dag.py:3954} INFO - Setting next_dagrun for example_sensors to None, run_after=None
[2024-07-16T06:55:57.281+0000] {processor.py:183} INFO - Processing /home/airflow/.local/lib/python3.12/site-packages/airflow/example_dags/example_sensors.py took 0.044 seconds
