[2024-07-16T06:24:06.592+0000] {processor.py:161} INFO - Started process (PID=46) to work on /home/airflow/.local/lib/python3.12/site-packages/airflow/example_dags/example_latest_only.py
[2024-07-16T06:24:06.594+0000] {processor.py:830} INFO - Processing file /home/airflow/.local/lib/python3.12/site-packages/airflow/example_dags/example_latest_only.py for tasks to queue
[2024-07-16T06:24:06.597+0000] {logging_mixin.py:188} INFO - [2024-07-16T06:24:06.596+0000] {dagbag.py:545} INFO - Filling up the DagBag from /home/airflow/.local/lib/python3.12/site-packages/airflow/example_dags/example_latest_only.py
[2024-07-16T06:24:06.603+0000] {processor.py:840} INFO - DAG(s) 'latest_only' retrieved from /home/airflow/.local/lib/python3.12/site-packages/airflow/example_dags/example_latest_only.py
[2024-07-16T06:24:06.618+0000] {logging_mixin.py:188} INFO - [2024-07-16T06:24:06.617+0000] {dag.py:3096} INFO - Sync 1 DAGs
[2024-07-16T06:24:06.635+0000] {logging_mixin.py:188} INFO - [2024-07-16T06:24:06.635+0000] {dag.py:3954} INFO - Setting next_dagrun for latest_only to 2024-07-16 00:00:00+00:00, run_after=2024-07-16 04:00:00+00:00
[2024-07-16T06:24:06.648+0000] {processor.py:183} INFO - Processing /home/airflow/.local/lib/python3.12/site-packages/airflow/example_dags/example_latest_only.py took 0.063 seconds
[2024-07-16T06:24:37.293+0000] {processor.py:161} INFO - Started process (PID=109) to work on /home/airflow/.local/lib/python3.12/site-packages/airflow/example_dags/example_latest_only.py
[2024-07-16T06:24:37.294+0000] {processor.py:830} INFO - Processing file /home/airflow/.local/lib/python3.12/site-packages/airflow/example_dags/example_latest_only.py for tasks to queue
[2024-07-16T06:24:37.295+0000] {logging_mixin.py:188} INFO - [2024-07-16T06:24:37.295+0000] {dagbag.py:545} INFO - Filling up the DagBag from /home/airflow/.local/lib/python3.12/site-packages/airflow/example_dags/example_latest_only.py
[2024-07-16T06:24:37.297+0000] {processor.py:840} INFO - DAG(s) 'latest_only' retrieved from /home/airflow/.local/lib/python3.12/site-packages/airflow/example_dags/example_latest_only.py
[2024-07-16T06:24:37.308+0000] {logging_mixin.py:188} INFO - [2024-07-16T06:24:37.308+0000] {dag.py:3096} INFO - Sync 1 DAGs
[2024-07-16T06:24:37.318+0000] {logging_mixin.py:188} INFO - [2024-07-16T06:24:37.317+0000] {dag.py:3954} INFO - Setting next_dagrun for latest_only to 2024-07-16 00:00:00+00:00, run_after=2024-07-16 04:00:00+00:00
[2024-07-16T06:24:37.325+0000] {processor.py:183} INFO - Processing /home/airflow/.local/lib/python3.12/site-packages/airflow/example_dags/example_latest_only.py took 0.035 seconds
[2024-07-16T06:29:30.423+0000] {processor.py:161} INFO - Started process (PID=47) to work on /home/airflow/.local/lib/python3.12/site-packages/airflow/example_dags/example_latest_only.py
[2024-07-16T06:29:30.424+0000] {processor.py:830} INFO - Processing file /home/airflow/.local/lib/python3.12/site-packages/airflow/example_dags/example_latest_only.py for tasks to queue
[2024-07-16T06:29:30.425+0000] {logging_mixin.py:188} INFO - [2024-07-16T06:29:30.425+0000] {dagbag.py:545} INFO - Filling up the DagBag from /home/airflow/.local/lib/python3.12/site-packages/airflow/example_dags/example_latest_only.py
[2024-07-16T06:29:30.431+0000] {processor.py:840} INFO - DAG(s) 'latest_only' retrieved from /home/airflow/.local/lib/python3.12/site-packages/airflow/example_dags/example_latest_only.py
[2024-07-16T06:29:30.445+0000] {logging_mixin.py:188} INFO - [2024-07-16T06:29:30.445+0000] {dag.py:3096} INFO - Sync 1 DAGs
[2024-07-16T06:29:30.461+0000] {logging_mixin.py:188} INFO - [2024-07-16T06:29:30.461+0000] {dag.py:3954} INFO - Setting next_dagrun for latest_only to 2024-07-16 00:00:00+00:00, run_after=2024-07-16 04:00:00+00:00
[2024-07-16T06:29:30.474+0000] {processor.py:183} INFO - Processing /home/airflow/.local/lib/python3.12/site-packages/airflow/example_dags/example_latest_only.py took 0.058 seconds
[2024-07-16T06:30:01.096+0000] {processor.py:161} INFO - Started process (PID=111) to work on /home/airflow/.local/lib/python3.12/site-packages/airflow/example_dags/example_latest_only.py
[2024-07-16T06:30:01.097+0000] {processor.py:830} INFO - Processing file /home/airflow/.local/lib/python3.12/site-packages/airflow/example_dags/example_latest_only.py for tasks to queue
[2024-07-16T06:30:01.098+0000] {logging_mixin.py:188} INFO - [2024-07-16T06:30:01.098+0000] {dagbag.py:545} INFO - Filling up the DagBag from /home/airflow/.local/lib/python3.12/site-packages/airflow/example_dags/example_latest_only.py
[2024-07-16T06:30:01.100+0000] {processor.py:840} INFO - DAG(s) 'latest_only' retrieved from /home/airflow/.local/lib/python3.12/site-packages/airflow/example_dags/example_latest_only.py
[2024-07-16T06:30:01.153+0000] {logging_mixin.py:188} INFO - [2024-07-16T06:30:01.153+0000] {dag.py:3096} INFO - Sync 1 DAGs
[2024-07-16T06:30:01.164+0000] {logging_mixin.py:188} INFO - [2024-07-16T06:30:01.164+0000] {dag.py:3954} INFO - Setting next_dagrun for latest_only to 2024-07-16 00:00:00+00:00, run_after=2024-07-16 04:00:00+00:00
[2024-07-16T06:30:01.176+0000] {processor.py:183} INFO - Processing /home/airflow/.local/lib/python3.12/site-packages/airflow/example_dags/example_latest_only.py took 0.082 seconds
[2024-07-16T06:30:32.014+0000] {processor.py:161} INFO - Started process (PID=175) to work on /home/airflow/.local/lib/python3.12/site-packages/airflow/example_dags/example_latest_only.py
[2024-07-16T06:30:32.014+0000] {processor.py:830} INFO - Processing file /home/airflow/.local/lib/python3.12/site-packages/airflow/example_dags/example_latest_only.py for tasks to queue
[2024-07-16T06:30:32.016+0000] {logging_mixin.py:188} INFO - [2024-07-16T06:30:32.015+0000] {dagbag.py:545} INFO - Filling up the DagBag from /home/airflow/.local/lib/python3.12/site-packages/airflow/example_dags/example_latest_only.py
[2024-07-16T06:30:32.019+0000] {processor.py:840} INFO - DAG(s) 'latest_only' retrieved from /home/airflow/.local/lib/python3.12/site-packages/airflow/example_dags/example_latest_only.py
[2024-07-16T06:30:32.036+0000] {logging_mixin.py:188} INFO - [2024-07-16T06:30:32.036+0000] {dag.py:3096} INFO - Sync 1 DAGs
[2024-07-16T06:30:32.050+0000] {logging_mixin.py:188} INFO - [2024-07-16T06:30:32.050+0000] {dag.py:3954} INFO - Setting next_dagrun for latest_only to 2024-07-16 00:00:00+00:00, run_after=2024-07-16 04:00:00+00:00
[2024-07-16T06:30:32.061+0000] {processor.py:183} INFO - Processing /home/airflow/.local/lib/python3.12/site-packages/airflow/example_dags/example_latest_only.py took 0.051 seconds
[2024-07-16T06:31:02.203+0000] {processor.py:161} INFO - Started process (PID=238) to work on /home/airflow/.local/lib/python3.12/site-packages/airflow/example_dags/example_latest_only.py
[2024-07-16T06:31:02.204+0000] {processor.py:830} INFO - Processing file /home/airflow/.local/lib/python3.12/site-packages/airflow/example_dags/example_latest_only.py for tasks to queue
[2024-07-16T06:31:02.205+0000] {logging_mixin.py:188} INFO - [2024-07-16T06:31:02.205+0000] {dagbag.py:545} INFO - Filling up the DagBag from /home/airflow/.local/lib/python3.12/site-packages/airflow/example_dags/example_latest_only.py
[2024-07-16T06:31:02.208+0000] {processor.py:840} INFO - DAG(s) 'latest_only' retrieved from /home/airflow/.local/lib/python3.12/site-packages/airflow/example_dags/example_latest_only.py
[2024-07-16T06:31:02.225+0000] {logging_mixin.py:188} INFO - [2024-07-16T06:31:02.225+0000] {dag.py:3096} INFO - Sync 1 DAGs
[2024-07-16T06:31:02.237+0000] {logging_mixin.py:188} INFO - [2024-07-16T06:31:02.237+0000] {dag.py:3954} INFO - Setting next_dagrun for latest_only to 2024-07-16 00:00:00+00:00, run_after=2024-07-16 04:00:00+00:00
[2024-07-16T06:31:02.248+0000] {processor.py:183} INFO - Processing /home/airflow/.local/lib/python3.12/site-packages/airflow/example_dags/example_latest_only.py took 0.047 seconds
[2024-07-16T06:31:32.467+0000] {processor.py:161} INFO - Started process (PID=302) to work on /home/airflow/.local/lib/python3.12/site-packages/airflow/example_dags/example_latest_only.py
[2024-07-16T06:31:32.468+0000] {processor.py:830} INFO - Processing file /home/airflow/.local/lib/python3.12/site-packages/airflow/example_dags/example_latest_only.py for tasks to queue
[2024-07-16T06:31:32.469+0000] {logging_mixin.py:188} INFO - [2024-07-16T06:31:32.469+0000] {dagbag.py:545} INFO - Filling up the DagBag from /home/airflow/.local/lib/python3.12/site-packages/airflow/example_dags/example_latest_only.py
[2024-07-16T06:31:32.472+0000] {processor.py:840} INFO - DAG(s) 'latest_only' retrieved from /home/airflow/.local/lib/python3.12/site-packages/airflow/example_dags/example_latest_only.py
[2024-07-16T06:31:32.487+0000] {logging_mixin.py:188} INFO - [2024-07-16T06:31:32.487+0000] {dag.py:3096} INFO - Sync 1 DAGs
[2024-07-16T06:31:32.501+0000] {logging_mixin.py:188} INFO - [2024-07-16T06:31:32.500+0000] {dag.py:3954} INFO - Setting next_dagrun for latest_only to 2024-07-16 00:00:00+00:00, run_after=2024-07-16 04:00:00+00:00
[2024-07-16T06:31:32.512+0000] {processor.py:183} INFO - Processing /home/airflow/.local/lib/python3.12/site-packages/airflow/example_dags/example_latest_only.py took 0.047 seconds
[2024-07-16T06:32:03.607+0000] {processor.py:161} INFO - Started process (PID=365) to work on /home/airflow/.local/lib/python3.12/site-packages/airflow/example_dags/example_latest_only.py
[2024-07-16T06:32:03.607+0000] {processor.py:830} INFO - Processing file /home/airflow/.local/lib/python3.12/site-packages/airflow/example_dags/example_latest_only.py for tasks to queue
[2024-07-16T06:32:03.608+0000] {logging_mixin.py:188} INFO - [2024-07-16T06:32:03.608+0000] {dagbag.py:545} INFO - Filling up the DagBag from /home/airflow/.local/lib/python3.12/site-packages/airflow/example_dags/example_latest_only.py
[2024-07-16T06:32:03.611+0000] {processor.py:840} INFO - DAG(s) 'latest_only' retrieved from /home/airflow/.local/lib/python3.12/site-packages/airflow/example_dags/example_latest_only.py
[2024-07-16T06:32:03.628+0000] {logging_mixin.py:188} INFO - [2024-07-16T06:32:03.628+0000] {dag.py:3096} INFO - Sync 1 DAGs
[2024-07-16T06:32:03.641+0000] {logging_mixin.py:188} INFO - [2024-07-16T06:32:03.641+0000] {dag.py:3954} INFO - Setting next_dagrun for latest_only to 2024-07-16 00:00:00+00:00, run_after=2024-07-16 04:00:00+00:00
[2024-07-16T06:32:03.650+0000] {processor.py:183} INFO - Processing /home/airflow/.local/lib/python3.12/site-packages/airflow/example_dags/example_latest_only.py took 0.047 seconds
[2024-07-16T06:32:33.719+0000] {processor.py:161} INFO - Started process (PID=429) to work on /home/airflow/.local/lib/python3.12/site-packages/airflow/example_dags/example_latest_only.py
[2024-07-16T06:32:33.719+0000] {processor.py:830} INFO - Processing file /home/airflow/.local/lib/python3.12/site-packages/airflow/example_dags/example_latest_only.py for tasks to queue
[2024-07-16T06:32:33.721+0000] {logging_mixin.py:188} INFO - [2024-07-16T06:32:33.720+0000] {dagbag.py:545} INFO - Filling up the DagBag from /home/airflow/.local/lib/python3.12/site-packages/airflow/example_dags/example_latest_only.py
[2024-07-16T06:32:33.724+0000] {processor.py:840} INFO - DAG(s) 'latest_only' retrieved from /home/airflow/.local/lib/python3.12/site-packages/airflow/example_dags/example_latest_only.py
[2024-07-16T06:32:33.737+0000] {logging_mixin.py:188} INFO - [2024-07-16T06:32:33.737+0000] {dag.py:3096} INFO - Sync 1 DAGs
[2024-07-16T06:32:33.750+0000] {logging_mixin.py:188} INFO - [2024-07-16T06:32:33.750+0000] {dag.py:3954} INFO - Setting next_dagrun for latest_only to 2024-07-16 00:00:00+00:00, run_after=2024-07-16 04:00:00+00:00
[2024-07-16T06:32:33.760+0000] {processor.py:183} INFO - Processing /home/airflow/.local/lib/python3.12/site-packages/airflow/example_dags/example_latest_only.py took 0.044 seconds
[2024-07-16T06:33:03.840+0000] {processor.py:161} INFO - Started process (PID=492) to work on /home/airflow/.local/lib/python3.12/site-packages/airflow/example_dags/example_latest_only.py
[2024-07-16T06:33:03.840+0000] {processor.py:830} INFO - Processing file /home/airflow/.local/lib/python3.12/site-packages/airflow/example_dags/example_latest_only.py for tasks to queue
[2024-07-16T06:33:03.845+0000] {logging_mixin.py:188} INFO - [2024-07-16T06:33:03.844+0000] {dagbag.py:545} INFO - Filling up the DagBag from /home/airflow/.local/lib/python3.12/site-packages/airflow/example_dags/example_latest_only.py
[2024-07-16T06:33:03.848+0000] {processor.py:840} INFO - DAG(s) 'latest_only' retrieved from /home/airflow/.local/lib/python3.12/site-packages/airflow/example_dags/example_latest_only.py
[2024-07-16T06:33:03.863+0000] {logging_mixin.py:188} INFO - [2024-07-16T06:33:03.863+0000] {dag.py:3096} INFO - Sync 1 DAGs
[2024-07-16T06:33:03.877+0000] {logging_mixin.py:188} INFO - [2024-07-16T06:33:03.877+0000] {dag.py:3954} INFO - Setting next_dagrun for latest_only to 2024-07-16 00:00:00+00:00, run_after=2024-07-16 04:00:00+00:00
[2024-07-16T06:33:03.887+0000] {processor.py:183} INFO - Processing /home/airflow/.local/lib/python3.12/site-packages/airflow/example_dags/example_latest_only.py took 0.051 seconds
[2024-07-16T06:33:33.959+0000] {processor.py:161} INFO - Started process (PID=556) to work on /home/airflow/.local/lib/python3.12/site-packages/airflow/example_dags/example_latest_only.py
[2024-07-16T06:33:33.959+0000] {processor.py:830} INFO - Processing file /home/airflow/.local/lib/python3.12/site-packages/airflow/example_dags/example_latest_only.py for tasks to queue
[2024-07-16T06:33:33.960+0000] {logging_mixin.py:188} INFO - [2024-07-16T06:33:33.960+0000] {dagbag.py:545} INFO - Filling up the DagBag from /home/airflow/.local/lib/python3.12/site-packages/airflow/example_dags/example_latest_only.py
[2024-07-16T06:33:33.963+0000] {processor.py:840} INFO - DAG(s) 'latest_only' retrieved from /home/airflow/.local/lib/python3.12/site-packages/airflow/example_dags/example_latest_only.py
[2024-07-16T06:33:33.978+0000] {logging_mixin.py:188} INFO - [2024-07-16T06:33:33.978+0000] {dag.py:3096} INFO - Sync 1 DAGs
[2024-07-16T06:33:33.991+0000] {logging_mixin.py:188} INFO - [2024-07-16T06:33:33.991+0000] {dag.py:3954} INFO - Setting next_dagrun for latest_only to 2024-07-16 00:00:00+00:00, run_after=2024-07-16 04:00:00+00:00
[2024-07-16T06:33:34.002+0000] {processor.py:183} INFO - Processing /home/airflow/.local/lib/python3.12/site-packages/airflow/example_dags/example_latest_only.py took 0.046 seconds
[2024-07-16T06:34:04.082+0000] {processor.py:161} INFO - Started process (PID=619) to work on /home/airflow/.local/lib/python3.12/site-packages/airflow/example_dags/example_latest_only.py
[2024-07-16T06:34:04.082+0000] {processor.py:830} INFO - Processing file /home/airflow/.local/lib/python3.12/site-packages/airflow/example_dags/example_latest_only.py for tasks to queue
[2024-07-16T06:34:04.083+0000] {logging_mixin.py:188} INFO - [2024-07-16T06:34:04.083+0000] {dagbag.py:545} INFO - Filling up the DagBag from /home/airflow/.local/lib/python3.12/site-packages/airflow/example_dags/example_latest_only.py
[2024-07-16T06:34:04.086+0000] {processor.py:840} INFO - DAG(s) 'latest_only' retrieved from /home/airflow/.local/lib/python3.12/site-packages/airflow/example_dags/example_latest_only.py
[2024-07-16T06:34:04.100+0000] {logging_mixin.py:188} INFO - [2024-07-16T06:34:04.100+0000] {dag.py:3096} INFO - Sync 1 DAGs
[2024-07-16T06:34:04.113+0000] {logging_mixin.py:188} INFO - [2024-07-16T06:34:04.113+0000] {dag.py:3954} INFO - Setting next_dagrun for latest_only to 2024-07-16 00:00:00+00:00, run_after=2024-07-16 04:00:00+00:00
[2024-07-16T06:34:04.124+0000] {processor.py:183} INFO - Processing /home/airflow/.local/lib/python3.12/site-packages/airflow/example_dags/example_latest_only.py took 0.045 seconds
[2024-07-16T06:34:34.253+0000] {processor.py:161} INFO - Started process (PID=682) to work on /home/airflow/.local/lib/python3.12/site-packages/airflow/example_dags/example_latest_only.py
[2024-07-16T06:34:34.254+0000] {processor.py:830} INFO - Processing file /home/airflow/.local/lib/python3.12/site-packages/airflow/example_dags/example_latest_only.py for tasks to queue
[2024-07-16T06:34:34.255+0000] {logging_mixin.py:188} INFO - [2024-07-16T06:34:34.255+0000] {dagbag.py:545} INFO - Filling up the DagBag from /home/airflow/.local/lib/python3.12/site-packages/airflow/example_dags/example_latest_only.py
[2024-07-16T06:34:34.257+0000] {processor.py:840} INFO - DAG(s) 'latest_only' retrieved from /home/airflow/.local/lib/python3.12/site-packages/airflow/example_dags/example_latest_only.py
[2024-07-16T06:34:34.274+0000] {logging_mixin.py:188} INFO - [2024-07-16T06:34:34.273+0000] {dag.py:3096} INFO - Sync 1 DAGs
[2024-07-16T06:34:34.288+0000] {logging_mixin.py:188} INFO - [2024-07-16T06:34:34.288+0000] {dag.py:3954} INFO - Setting next_dagrun for latest_only to 2024-07-16 00:00:00+00:00, run_after=2024-07-16 04:00:00+00:00
[2024-07-16T06:34:34.300+0000] {processor.py:183} INFO - Processing /home/airflow/.local/lib/python3.12/site-packages/airflow/example_dags/example_latest_only.py took 0.049 seconds
[2024-07-16T06:35:04.429+0000] {processor.py:161} INFO - Started process (PID=746) to work on /home/airflow/.local/lib/python3.12/site-packages/airflow/example_dags/example_latest_only.py
[2024-07-16T06:35:04.430+0000] {processor.py:830} INFO - Processing file /home/airflow/.local/lib/python3.12/site-packages/airflow/example_dags/example_latest_only.py for tasks to queue
[2024-07-16T06:35:04.431+0000] {logging_mixin.py:188} INFO - [2024-07-16T06:35:04.431+0000] {dagbag.py:545} INFO - Filling up the DagBag from /home/airflow/.local/lib/python3.12/site-packages/airflow/example_dags/example_latest_only.py
[2024-07-16T06:35:04.434+0000] {processor.py:840} INFO - DAG(s) 'latest_only' retrieved from /home/airflow/.local/lib/python3.12/site-packages/airflow/example_dags/example_latest_only.py
[2024-07-16T06:35:04.453+0000] {logging_mixin.py:188} INFO - [2024-07-16T06:35:04.452+0000] {dag.py:3096} INFO - Sync 1 DAGs
[2024-07-16T06:35:04.469+0000] {logging_mixin.py:188} INFO - [2024-07-16T06:35:04.469+0000] {dag.py:3954} INFO - Setting next_dagrun for latest_only to 2024-07-16 00:00:00+00:00, run_after=2024-07-16 04:00:00+00:00
[2024-07-16T06:35:04.484+0000] {processor.py:183} INFO - Processing /home/airflow/.local/lib/python3.12/site-packages/airflow/example_dags/example_latest_only.py took 0.058 seconds
[2024-07-16T06:35:34.987+0000] {processor.py:161} INFO - Started process (PID=810) to work on /home/airflow/.local/lib/python3.12/site-packages/airflow/example_dags/example_latest_only.py
[2024-07-16T06:35:34.988+0000] {processor.py:830} INFO - Processing file /home/airflow/.local/lib/python3.12/site-packages/airflow/example_dags/example_latest_only.py for tasks to queue
[2024-07-16T06:35:34.989+0000] {logging_mixin.py:188} INFO - [2024-07-16T06:35:34.988+0000] {dagbag.py:545} INFO - Filling up the DagBag from /home/airflow/.local/lib/python3.12/site-packages/airflow/example_dags/example_latest_only.py
[2024-07-16T06:35:34.991+0000] {processor.py:840} INFO - DAG(s) 'latest_only' retrieved from /home/airflow/.local/lib/python3.12/site-packages/airflow/example_dags/example_latest_only.py
[2024-07-16T06:35:35.007+0000] {logging_mixin.py:188} INFO - [2024-07-16T06:35:35.007+0000] {dag.py:3096} INFO - Sync 1 DAGs
[2024-07-16T06:35:35.021+0000] {logging_mixin.py:188} INFO - [2024-07-16T06:35:35.021+0000] {dag.py:3954} INFO - Setting next_dagrun for latest_only to 2024-07-16 00:00:00+00:00, run_after=2024-07-16 04:00:00+00:00
[2024-07-16T06:35:35.032+0000] {processor.py:183} INFO - Processing /home/airflow/.local/lib/python3.12/site-packages/airflow/example_dags/example_latest_only.py took 0.048 seconds
[2024-07-16T06:36:05.104+0000] {processor.py:161} INFO - Started process (PID=874) to work on /home/airflow/.local/lib/python3.12/site-packages/airflow/example_dags/example_latest_only.py
[2024-07-16T06:36:05.104+0000] {processor.py:830} INFO - Processing file /home/airflow/.local/lib/python3.12/site-packages/airflow/example_dags/example_latest_only.py for tasks to queue
[2024-07-16T06:36:05.105+0000] {logging_mixin.py:188} INFO - [2024-07-16T06:36:05.105+0000] {dagbag.py:545} INFO - Filling up the DagBag from /home/airflow/.local/lib/python3.12/site-packages/airflow/example_dags/example_latest_only.py
[2024-07-16T06:36:05.108+0000] {processor.py:840} INFO - DAG(s) 'latest_only' retrieved from /home/airflow/.local/lib/python3.12/site-packages/airflow/example_dags/example_latest_only.py
[2024-07-16T06:36:05.123+0000] {logging_mixin.py:188} INFO - [2024-07-16T06:36:05.122+0000] {dag.py:3096} INFO - Sync 1 DAGs
[2024-07-16T06:36:05.135+0000] {logging_mixin.py:188} INFO - [2024-07-16T06:36:05.135+0000] {dag.py:3954} INFO - Setting next_dagrun for latest_only to 2024-07-16 00:00:00+00:00, run_after=2024-07-16 04:00:00+00:00
[2024-07-16T06:36:05.146+0000] {processor.py:183} INFO - Processing /home/airflow/.local/lib/python3.12/site-packages/airflow/example_dags/example_latest_only.py took 0.046 seconds
[2024-07-16T06:37:12.957+0000] {processor.py:161} INFO - Started process (PID=48) to work on /home/airflow/.local/lib/python3.12/site-packages/airflow/example_dags/example_latest_only.py
[2024-07-16T06:37:12.957+0000] {processor.py:830} INFO - Processing file /home/airflow/.local/lib/python3.12/site-packages/airflow/example_dags/example_latest_only.py for tasks to queue
[2024-07-16T06:37:12.960+0000] {logging_mixin.py:188} INFO - [2024-07-16T06:37:12.959+0000] {dagbag.py:545} INFO - Filling up the DagBag from /home/airflow/.local/lib/python3.12/site-packages/airflow/example_dags/example_latest_only.py
[2024-07-16T06:37:12.970+0000] {processor.py:840} INFO - DAG(s) 'latest_only' retrieved from /home/airflow/.local/lib/python3.12/site-packages/airflow/example_dags/example_latest_only.py
[2024-07-16T06:37:12.983+0000] {logging_mixin.py:188} INFO - [2024-07-16T06:37:12.983+0000] {dag.py:3096} INFO - Sync 1 DAGs
[2024-07-16T06:37:13.001+0000] {logging_mixin.py:188} INFO - [2024-07-16T06:37:13.000+0000] {dag.py:3954} INFO - Setting next_dagrun for latest_only to 2024-07-16 00:00:00+00:00, run_after=2024-07-16 04:00:00+00:00
[2024-07-16T06:37:13.017+0000] {processor.py:183} INFO - Processing /home/airflow/.local/lib/python3.12/site-packages/airflow/example_dags/example_latest_only.py took 0.065 seconds
[2024-07-16T06:37:43.491+0000] {processor.py:161} INFO - Started process (PID=111) to work on /home/airflow/.local/lib/python3.12/site-packages/airflow/example_dags/example_latest_only.py
[2024-07-16T06:37:43.492+0000] {processor.py:830} INFO - Processing file /home/airflow/.local/lib/python3.12/site-packages/airflow/example_dags/example_latest_only.py for tasks to queue
[2024-07-16T06:37:43.493+0000] {logging_mixin.py:188} INFO - [2024-07-16T06:37:43.493+0000] {dagbag.py:545} INFO - Filling up the DagBag from /home/airflow/.local/lib/python3.12/site-packages/airflow/example_dags/example_latest_only.py
[2024-07-16T06:37:43.495+0000] {processor.py:840} INFO - DAG(s) 'latest_only' retrieved from /home/airflow/.local/lib/python3.12/site-packages/airflow/example_dags/example_latest_only.py
[2024-07-16T06:37:43.549+0000] {logging_mixin.py:188} INFO - [2024-07-16T06:37:43.548+0000] {dag.py:3096} INFO - Sync 1 DAGs
[2024-07-16T06:37:43.560+0000] {logging_mixin.py:188} INFO - [2024-07-16T06:37:43.560+0000] {dag.py:3954} INFO - Setting next_dagrun for latest_only to 2024-07-16 00:00:00+00:00, run_after=2024-07-16 04:00:00+00:00
[2024-07-16T06:37:43.570+0000] {processor.py:183} INFO - Processing /home/airflow/.local/lib/python3.12/site-packages/airflow/example_dags/example_latest_only.py took 0.082 seconds
[2024-07-16T06:38:14.133+0000] {processor.py:161} INFO - Started process (PID=175) to work on /home/airflow/.local/lib/python3.12/site-packages/airflow/example_dags/example_latest_only.py
[2024-07-16T06:38:14.133+0000] {processor.py:830} INFO - Processing file /home/airflow/.local/lib/python3.12/site-packages/airflow/example_dags/example_latest_only.py for tasks to queue
[2024-07-16T06:38:14.134+0000] {logging_mixin.py:188} INFO - [2024-07-16T06:38:14.134+0000] {dagbag.py:545} INFO - Filling up the DagBag from /home/airflow/.local/lib/python3.12/site-packages/airflow/example_dags/example_latest_only.py
[2024-07-16T06:38:14.137+0000] {processor.py:840} INFO - DAG(s) 'latest_only' retrieved from /home/airflow/.local/lib/python3.12/site-packages/airflow/example_dags/example_latest_only.py
[2024-07-16T06:38:14.152+0000] {logging_mixin.py:188} INFO - [2024-07-16T06:38:14.152+0000] {dag.py:3096} INFO - Sync 1 DAGs
[2024-07-16T06:38:14.165+0000] {logging_mixin.py:188} INFO - [2024-07-16T06:38:14.165+0000] {dag.py:3954} INFO - Setting next_dagrun for latest_only to 2024-07-16 00:00:00+00:00, run_after=2024-07-16 04:00:00+00:00
[2024-07-16T06:38:14.177+0000] {processor.py:183} INFO - Processing /home/airflow/.local/lib/python3.12/site-packages/airflow/example_dags/example_latest_only.py took 0.047 seconds
[2024-07-16T06:38:44.426+0000] {processor.py:161} INFO - Started process (PID=238) to work on /home/airflow/.local/lib/python3.12/site-packages/airflow/example_dags/example_latest_only.py
[2024-07-16T06:38:44.427+0000] {processor.py:830} INFO - Processing file /home/airflow/.local/lib/python3.12/site-packages/airflow/example_dags/example_latest_only.py for tasks to queue
[2024-07-16T06:38:44.428+0000] {logging_mixin.py:188} INFO - [2024-07-16T06:38:44.428+0000] {dagbag.py:545} INFO - Filling up the DagBag from /home/airflow/.local/lib/python3.12/site-packages/airflow/example_dags/example_latest_only.py
[2024-07-16T06:38:44.430+0000] {processor.py:840} INFO - DAG(s) 'latest_only' retrieved from /home/airflow/.local/lib/python3.12/site-packages/airflow/example_dags/example_latest_only.py
[2024-07-16T06:38:44.446+0000] {logging_mixin.py:188} INFO - [2024-07-16T06:38:44.446+0000] {dag.py:3096} INFO - Sync 1 DAGs
[2024-07-16T06:38:44.459+0000] {logging_mixin.py:188} INFO - [2024-07-16T06:38:44.459+0000] {dag.py:3954} INFO - Setting next_dagrun for latest_only to 2024-07-16 00:00:00+00:00, run_after=2024-07-16 04:00:00+00:00
[2024-07-16T06:38:44.469+0000] {processor.py:183} INFO - Processing /home/airflow/.local/lib/python3.12/site-packages/airflow/example_dags/example_latest_only.py took 0.046 seconds
[2024-07-16T06:39:14.698+0000] {processor.py:161} INFO - Started process (PID=302) to work on /home/airflow/.local/lib/python3.12/site-packages/airflow/example_dags/example_latest_only.py
[2024-07-16T06:39:14.699+0000] {processor.py:830} INFO - Processing file /home/airflow/.local/lib/python3.12/site-packages/airflow/example_dags/example_latest_only.py for tasks to queue
[2024-07-16T06:39:14.700+0000] {logging_mixin.py:188} INFO - [2024-07-16T06:39:14.699+0000] {dagbag.py:545} INFO - Filling up the DagBag from /home/airflow/.local/lib/python3.12/site-packages/airflow/example_dags/example_latest_only.py
[2024-07-16T06:39:14.702+0000] {processor.py:840} INFO - DAG(s) 'latest_only' retrieved from /home/airflow/.local/lib/python3.12/site-packages/airflow/example_dags/example_latest_only.py
[2024-07-16T06:39:14.717+0000] {logging_mixin.py:188} INFO - [2024-07-16T06:39:14.717+0000] {dag.py:3096} INFO - Sync 1 DAGs
[2024-07-16T06:39:14.730+0000] {logging_mixin.py:188} INFO - [2024-07-16T06:39:14.730+0000] {dag.py:3954} INFO - Setting next_dagrun for latest_only to 2024-07-16 00:00:00+00:00, run_after=2024-07-16 04:00:00+00:00
[2024-07-16T06:39:14.740+0000] {processor.py:183} INFO - Processing /home/airflow/.local/lib/python3.12/site-packages/airflow/example_dags/example_latest_only.py took 0.045 seconds
[2024-07-16T06:39:44.882+0000] {processor.py:161} INFO - Started process (PID=366) to work on /home/airflow/.local/lib/python3.12/site-packages/airflow/example_dags/example_latest_only.py
[2024-07-16T06:39:44.883+0000] {processor.py:830} INFO - Processing file /home/airflow/.local/lib/python3.12/site-packages/airflow/example_dags/example_latest_only.py for tasks to queue
[2024-07-16T06:39:44.884+0000] {logging_mixin.py:188} INFO - [2024-07-16T06:39:44.884+0000] {dagbag.py:545} INFO - Filling up the DagBag from /home/airflow/.local/lib/python3.12/site-packages/airflow/example_dags/example_latest_only.py
[2024-07-16T06:39:44.887+0000] {processor.py:840} INFO - DAG(s) 'latest_only' retrieved from /home/airflow/.local/lib/python3.12/site-packages/airflow/example_dags/example_latest_only.py
[2024-07-16T06:39:44.906+0000] {logging_mixin.py:188} INFO - [2024-07-16T06:39:44.906+0000] {dag.py:3096} INFO - Sync 1 DAGs
[2024-07-16T06:39:44.920+0000] {logging_mixin.py:188} INFO - [2024-07-16T06:39:44.920+0000] {dag.py:3954} INFO - Setting next_dagrun for latest_only to 2024-07-16 00:00:00+00:00, run_after=2024-07-16 04:00:00+00:00
[2024-07-16T06:39:44.935+0000] {processor.py:183} INFO - Processing /home/airflow/.local/lib/python3.12/site-packages/airflow/example_dags/example_latest_only.py took 0.057 seconds
[2024-07-16T06:40:15.106+0000] {processor.py:161} INFO - Started process (PID=430) to work on /home/airflow/.local/lib/python3.12/site-packages/airflow/example_dags/example_latest_only.py
[2024-07-16T06:40:15.107+0000] {processor.py:830} INFO - Processing file /home/airflow/.local/lib/python3.12/site-packages/airflow/example_dags/example_latest_only.py for tasks to queue
[2024-07-16T06:40:15.108+0000] {logging_mixin.py:188} INFO - [2024-07-16T06:40:15.107+0000] {dagbag.py:545} INFO - Filling up the DagBag from /home/airflow/.local/lib/python3.12/site-packages/airflow/example_dags/example_latest_only.py
[2024-07-16T06:40:15.110+0000] {processor.py:840} INFO - DAG(s) 'latest_only' retrieved from /home/airflow/.local/lib/python3.12/site-packages/airflow/example_dags/example_latest_only.py
[2024-07-16T06:40:15.125+0000] {logging_mixin.py:188} INFO - [2024-07-16T06:40:15.125+0000] {dag.py:3096} INFO - Sync 1 DAGs
[2024-07-16T06:40:15.137+0000] {logging_mixin.py:188} INFO - [2024-07-16T06:40:15.137+0000] {dag.py:3954} INFO - Setting next_dagrun for latest_only to 2024-07-16 00:00:00+00:00, run_after=2024-07-16 04:00:00+00:00
[2024-07-16T06:40:15.148+0000] {processor.py:183} INFO - Processing /home/airflow/.local/lib/python3.12/site-packages/airflow/example_dags/example_latest_only.py took 0.045 seconds
[2024-07-16T06:40:45.214+0000] {processor.py:161} INFO - Started process (PID=493) to work on /home/airflow/.local/lib/python3.12/site-packages/airflow/example_dags/example_latest_only.py
[2024-07-16T06:40:45.214+0000] {processor.py:830} INFO - Processing file /home/airflow/.local/lib/python3.12/site-packages/airflow/example_dags/example_latest_only.py for tasks to queue
[2024-07-16T06:40:45.215+0000] {logging_mixin.py:188} INFO - [2024-07-16T06:40:45.215+0000] {dagbag.py:545} INFO - Filling up the DagBag from /home/airflow/.local/lib/python3.12/site-packages/airflow/example_dags/example_latest_only.py
[2024-07-16T06:40:45.218+0000] {processor.py:840} INFO - DAG(s) 'latest_only' retrieved from /home/airflow/.local/lib/python3.12/site-packages/airflow/example_dags/example_latest_only.py
[2024-07-16T06:40:45.233+0000] {logging_mixin.py:188} INFO - [2024-07-16T06:40:45.233+0000] {dag.py:3096} INFO - Sync 1 DAGs
[2024-07-16T06:40:45.244+0000] {logging_mixin.py:188} INFO - [2024-07-16T06:40:45.244+0000] {dag.py:3954} INFO - Setting next_dagrun for latest_only to 2024-07-16 00:00:00+00:00, run_after=2024-07-16 04:00:00+00:00
[2024-07-16T06:40:45.255+0000] {processor.py:183} INFO - Processing /home/airflow/.local/lib/python3.12/site-packages/airflow/example_dags/example_latest_only.py took 0.044 seconds
[2024-07-16T06:41:15.357+0000] {processor.py:161} INFO - Started process (PID=557) to work on /home/airflow/.local/lib/python3.12/site-packages/airflow/example_dags/example_latest_only.py
[2024-07-16T06:41:15.358+0000] {processor.py:830} INFO - Processing file /home/airflow/.local/lib/python3.12/site-packages/airflow/example_dags/example_latest_only.py for tasks to queue
[2024-07-16T06:41:15.358+0000] {logging_mixin.py:188} INFO - [2024-07-16T06:41:15.358+0000] {dagbag.py:545} INFO - Filling up the DagBag from /home/airflow/.local/lib/python3.12/site-packages/airflow/example_dags/example_latest_only.py
[2024-07-16T06:41:15.361+0000] {processor.py:840} INFO - DAG(s) 'latest_only' retrieved from /home/airflow/.local/lib/python3.12/site-packages/airflow/example_dags/example_latest_only.py
[2024-07-16T06:41:15.375+0000] {logging_mixin.py:188} INFO - [2024-07-16T06:41:15.375+0000] {dag.py:3096} INFO - Sync 1 DAGs
[2024-07-16T06:41:15.388+0000] {logging_mixin.py:188} INFO - [2024-07-16T06:41:15.387+0000] {dag.py:3954} INFO - Setting next_dagrun for latest_only to 2024-07-16 00:00:00+00:00, run_after=2024-07-16 04:00:00+00:00
[2024-07-16T06:41:15.399+0000] {processor.py:183} INFO - Processing /home/airflow/.local/lib/python3.12/site-packages/airflow/example_dags/example_latest_only.py took 0.045 seconds
[2024-07-16T06:41:45.645+0000] {processor.py:161} INFO - Started process (PID=621) to work on /home/airflow/.local/lib/python3.12/site-packages/airflow/example_dags/example_latest_only.py
[2024-07-16T06:41:45.646+0000] {processor.py:830} INFO - Processing file /home/airflow/.local/lib/python3.12/site-packages/airflow/example_dags/example_latest_only.py for tasks to queue
[2024-07-16T06:41:45.647+0000] {logging_mixin.py:188} INFO - [2024-07-16T06:41:45.646+0000] {dagbag.py:545} INFO - Filling up the DagBag from /home/airflow/.local/lib/python3.12/site-packages/airflow/example_dags/example_latest_only.py
[2024-07-16T06:41:45.649+0000] {processor.py:840} INFO - DAG(s) 'latest_only' retrieved from /home/airflow/.local/lib/python3.12/site-packages/airflow/example_dags/example_latest_only.py
[2024-07-16T06:41:45.664+0000] {logging_mixin.py:188} INFO - [2024-07-16T06:41:45.664+0000] {dag.py:3096} INFO - Sync 1 DAGs
[2024-07-16T06:41:45.677+0000] {logging_mixin.py:188} INFO - [2024-07-16T06:41:45.677+0000] {dag.py:3954} INFO - Setting next_dagrun for latest_only to 2024-07-16 00:00:00+00:00, run_after=2024-07-16 04:00:00+00:00
[2024-07-16T06:41:45.687+0000] {processor.py:183} INFO - Processing /home/airflow/.local/lib/python3.12/site-packages/airflow/example_dags/example_latest_only.py took 0.045 seconds
[2024-07-16T06:42:15.757+0000] {processor.py:161} INFO - Started process (PID=685) to work on /home/airflow/.local/lib/python3.12/site-packages/airflow/example_dags/example_latest_only.py
[2024-07-16T06:42:15.758+0000] {processor.py:830} INFO - Processing file /home/airflow/.local/lib/python3.12/site-packages/airflow/example_dags/example_latest_only.py for tasks to queue
[2024-07-16T06:42:15.759+0000] {logging_mixin.py:188} INFO - [2024-07-16T06:42:15.758+0000] {dagbag.py:545} INFO - Filling up the DagBag from /home/airflow/.local/lib/python3.12/site-packages/airflow/example_dags/example_latest_only.py
[2024-07-16T06:42:15.761+0000] {processor.py:840} INFO - DAG(s) 'latest_only' retrieved from /home/airflow/.local/lib/python3.12/site-packages/airflow/example_dags/example_latest_only.py
[2024-07-16T06:42:15.782+0000] {logging_mixin.py:188} INFO - [2024-07-16T06:42:15.782+0000] {dag.py:3096} INFO - Sync 1 DAGs
[2024-07-16T06:42:15.796+0000] {logging_mixin.py:188} INFO - [2024-07-16T06:42:15.796+0000] {dag.py:3954} INFO - Setting next_dagrun for latest_only to 2024-07-16 00:00:00+00:00, run_after=2024-07-16 04:00:00+00:00
[2024-07-16T06:42:15.809+0000] {processor.py:183} INFO - Processing /home/airflow/.local/lib/python3.12/site-packages/airflow/example_dags/example_latest_only.py took 0.054 seconds
[2024-07-16T06:42:45.946+0000] {processor.py:161} INFO - Started process (PID=749) to work on /home/airflow/.local/lib/python3.12/site-packages/airflow/example_dags/example_latest_only.py
[2024-07-16T06:42:45.948+0000] {processor.py:830} INFO - Processing file /home/airflow/.local/lib/python3.12/site-packages/airflow/example_dags/example_latest_only.py for tasks to queue
[2024-07-16T06:42:45.949+0000] {logging_mixin.py:188} INFO - [2024-07-16T06:42:45.949+0000] {dagbag.py:545} INFO - Filling up the DagBag from /home/airflow/.local/lib/python3.12/site-packages/airflow/example_dags/example_latest_only.py
[2024-07-16T06:42:45.952+0000] {processor.py:840} INFO - DAG(s) 'latest_only' retrieved from /home/airflow/.local/lib/python3.12/site-packages/airflow/example_dags/example_latest_only.py
[2024-07-16T06:42:45.972+0000] {logging_mixin.py:188} INFO - [2024-07-16T06:42:45.972+0000] {dag.py:3096} INFO - Sync 1 DAGs
[2024-07-16T06:42:45.985+0000] {logging_mixin.py:188} INFO - [2024-07-16T06:42:45.985+0000] {dag.py:3954} INFO - Setting next_dagrun for latest_only to 2024-07-16 00:00:00+00:00, run_after=2024-07-16 04:00:00+00:00
[2024-07-16T06:42:45.996+0000] {processor.py:183} INFO - Processing /home/airflow/.local/lib/python3.12/site-packages/airflow/example_dags/example_latest_only.py took 0.053 seconds
[2024-07-16T06:43:16.063+0000] {processor.py:161} INFO - Started process (PID=813) to work on /home/airflow/.local/lib/python3.12/site-packages/airflow/example_dags/example_latest_only.py
[2024-07-16T06:43:16.064+0000] {processor.py:830} INFO - Processing file /home/airflow/.local/lib/python3.12/site-packages/airflow/example_dags/example_latest_only.py for tasks to queue
[2024-07-16T06:43:16.065+0000] {logging_mixin.py:188} INFO - [2024-07-16T06:43:16.065+0000] {dagbag.py:545} INFO - Filling up the DagBag from /home/airflow/.local/lib/python3.12/site-packages/airflow/example_dags/example_latest_only.py
[2024-07-16T06:43:16.067+0000] {processor.py:840} INFO - DAG(s) 'latest_only' retrieved from /home/airflow/.local/lib/python3.12/site-packages/airflow/example_dags/example_latest_only.py
[2024-07-16T06:43:16.082+0000] {logging_mixin.py:188} INFO - [2024-07-16T06:43:16.082+0000] {dag.py:3096} INFO - Sync 1 DAGs
[2024-07-16T06:43:16.094+0000] {logging_mixin.py:188} INFO - [2024-07-16T06:43:16.094+0000] {dag.py:3954} INFO - Setting next_dagrun for latest_only to 2024-07-16 00:00:00+00:00, run_after=2024-07-16 04:00:00+00:00
[2024-07-16T06:43:16.105+0000] {processor.py:183} INFO - Processing /home/airflow/.local/lib/python3.12/site-packages/airflow/example_dags/example_latest_only.py took 0.044 seconds
[2024-07-16T06:43:46.281+0000] {processor.py:161} INFO - Started process (PID=877) to work on /home/airflow/.local/lib/python3.12/site-packages/airflow/example_dags/example_latest_only.py
[2024-07-16T06:43:46.281+0000] {processor.py:830} INFO - Processing file /home/airflow/.local/lib/python3.12/site-packages/airflow/example_dags/example_latest_only.py for tasks to queue
[2024-07-16T06:43:46.282+0000] {logging_mixin.py:188} INFO - [2024-07-16T06:43:46.282+0000] {dagbag.py:545} INFO - Filling up the DagBag from /home/airflow/.local/lib/python3.12/site-packages/airflow/example_dags/example_latest_only.py
[2024-07-16T06:43:46.285+0000] {processor.py:840} INFO - DAG(s) 'latest_only' retrieved from /home/airflow/.local/lib/python3.12/site-packages/airflow/example_dags/example_latest_only.py
[2024-07-16T06:43:46.301+0000] {logging_mixin.py:188} INFO - [2024-07-16T06:43:46.300+0000] {dag.py:3096} INFO - Sync 1 DAGs
[2024-07-16T06:43:46.313+0000] {logging_mixin.py:188} INFO - [2024-07-16T06:43:46.313+0000] {dag.py:3954} INFO - Setting next_dagrun for latest_only to 2024-07-16 00:00:00+00:00, run_after=2024-07-16 04:00:00+00:00
[2024-07-16T06:43:46.324+0000] {processor.py:183} INFO - Processing /home/airflow/.local/lib/python3.12/site-packages/airflow/example_dags/example_latest_only.py took 0.046 seconds
[2024-07-16T06:44:16.450+0000] {processor.py:161} INFO - Started process (PID=941) to work on /home/airflow/.local/lib/python3.12/site-packages/airflow/example_dags/example_latest_only.py
[2024-07-16T06:44:16.450+0000] {processor.py:830} INFO - Processing file /home/airflow/.local/lib/python3.12/site-packages/airflow/example_dags/example_latest_only.py for tasks to queue
[2024-07-16T06:44:16.452+0000] {logging_mixin.py:188} INFO - [2024-07-16T06:44:16.452+0000] {dagbag.py:545} INFO - Filling up the DagBag from /home/airflow/.local/lib/python3.12/site-packages/airflow/example_dags/example_latest_only.py
[2024-07-16T06:44:16.455+0000] {processor.py:840} INFO - DAG(s) 'latest_only' retrieved from /home/airflow/.local/lib/python3.12/site-packages/airflow/example_dags/example_latest_only.py
[2024-07-16T06:44:16.471+0000] {logging_mixin.py:188} INFO - [2024-07-16T06:44:16.470+0000] {dag.py:3096} INFO - Sync 1 DAGs
[2024-07-16T06:44:16.483+0000] {logging_mixin.py:188} INFO - [2024-07-16T06:44:16.483+0000] {dag.py:3954} INFO - Setting next_dagrun for latest_only to 2024-07-16 00:00:00+00:00, run_after=2024-07-16 04:00:00+00:00
[2024-07-16T06:44:16.495+0000] {processor.py:183} INFO - Processing /home/airflow/.local/lib/python3.12/site-packages/airflow/example_dags/example_latest_only.py took 0.049 seconds
[2024-07-16T06:44:46.604+0000] {processor.py:161} INFO - Started process (PID=1005) to work on /home/airflow/.local/lib/python3.12/site-packages/airflow/example_dags/example_latest_only.py
[2024-07-16T06:44:46.605+0000] {processor.py:830} INFO - Processing file /home/airflow/.local/lib/python3.12/site-packages/airflow/example_dags/example_latest_only.py for tasks to queue
[2024-07-16T06:44:46.606+0000] {logging_mixin.py:188} INFO - [2024-07-16T06:44:46.606+0000] {dagbag.py:545} INFO - Filling up the DagBag from /home/airflow/.local/lib/python3.12/site-packages/airflow/example_dags/example_latest_only.py
[2024-07-16T06:44:46.609+0000] {processor.py:840} INFO - DAG(s) 'latest_only' retrieved from /home/airflow/.local/lib/python3.12/site-packages/airflow/example_dags/example_latest_only.py
[2024-07-16T06:44:46.624+0000] {logging_mixin.py:188} INFO - [2024-07-16T06:44:46.624+0000] {dag.py:3096} INFO - Sync 1 DAGs
[2024-07-16T06:44:46.636+0000] {logging_mixin.py:188} INFO - [2024-07-16T06:44:46.636+0000] {dag.py:3954} INFO - Setting next_dagrun for latest_only to 2024-07-16 00:00:00+00:00, run_after=2024-07-16 04:00:00+00:00
[2024-07-16T06:44:46.646+0000] {processor.py:183} INFO - Processing /home/airflow/.local/lib/python3.12/site-packages/airflow/example_dags/example_latest_only.py took 0.045 seconds
[2024-07-16T06:45:16.757+0000] {processor.py:161} INFO - Started process (PID=1068) to work on /home/airflow/.local/lib/python3.12/site-packages/airflow/example_dags/example_latest_only.py
[2024-07-16T06:45:16.757+0000] {processor.py:830} INFO - Processing file /home/airflow/.local/lib/python3.12/site-packages/airflow/example_dags/example_latest_only.py for tasks to queue
[2024-07-16T06:45:16.759+0000] {logging_mixin.py:188} INFO - [2024-07-16T06:45:16.759+0000] {dagbag.py:545} INFO - Filling up the DagBag from /home/airflow/.local/lib/python3.12/site-packages/airflow/example_dags/example_latest_only.py
[2024-07-16T06:45:16.761+0000] {processor.py:840} INFO - DAG(s) 'latest_only' retrieved from /home/airflow/.local/lib/python3.12/site-packages/airflow/example_dags/example_latest_only.py
[2024-07-16T06:45:16.776+0000] {logging_mixin.py:188} INFO - [2024-07-16T06:45:16.776+0000] {dag.py:3096} INFO - Sync 1 DAGs
[2024-07-16T06:45:16.788+0000] {logging_mixin.py:188} INFO - [2024-07-16T06:45:16.788+0000] {dag.py:3954} INFO - Setting next_dagrun for latest_only to 2024-07-16 00:00:00+00:00, run_after=2024-07-16 04:00:00+00:00
[2024-07-16T06:45:16.799+0000] {processor.py:183} INFO - Processing /home/airflow/.local/lib/python3.12/site-packages/airflow/example_dags/example_latest_only.py took 0.045 seconds
[2024-07-16T06:45:46.874+0000] {processor.py:161} INFO - Started process (PID=1131) to work on /home/airflow/.local/lib/python3.12/site-packages/airflow/example_dags/example_latest_only.py
[2024-07-16T06:45:46.875+0000] {processor.py:830} INFO - Processing file /home/airflow/.local/lib/python3.12/site-packages/airflow/example_dags/example_latest_only.py for tasks to queue
[2024-07-16T06:45:46.876+0000] {logging_mixin.py:188} INFO - [2024-07-16T06:45:46.876+0000] {dagbag.py:545} INFO - Filling up the DagBag from /home/airflow/.local/lib/python3.12/site-packages/airflow/example_dags/example_latest_only.py
[2024-07-16T06:45:46.879+0000] {processor.py:840} INFO - DAG(s) 'latest_only' retrieved from /home/airflow/.local/lib/python3.12/site-packages/airflow/example_dags/example_latest_only.py
[2024-07-16T06:45:46.895+0000] {logging_mixin.py:188} INFO - [2024-07-16T06:45:46.894+0000] {dag.py:3096} INFO - Sync 1 DAGs
[2024-07-16T06:45:46.907+0000] {logging_mixin.py:188} INFO - [2024-07-16T06:45:46.907+0000] {dag.py:3954} INFO - Setting next_dagrun for latest_only to 2024-07-16 00:00:00+00:00, run_after=2024-07-16 04:00:00+00:00
[2024-07-16T06:45:46.919+0000] {processor.py:183} INFO - Processing /home/airflow/.local/lib/python3.12/site-packages/airflow/example_dags/example_latest_only.py took 0.047 seconds
[2024-07-16T06:46:17.114+0000] {processor.py:161} INFO - Started process (PID=1195) to work on /home/airflow/.local/lib/python3.12/site-packages/airflow/example_dags/example_latest_only.py
[2024-07-16T06:46:17.114+0000] {processor.py:830} INFO - Processing file /home/airflow/.local/lib/python3.12/site-packages/airflow/example_dags/example_latest_only.py for tasks to queue
[2024-07-16T06:46:17.116+0000] {logging_mixin.py:188} INFO - [2024-07-16T06:46:17.115+0000] {dagbag.py:545} INFO - Filling up the DagBag from /home/airflow/.local/lib/python3.12/site-packages/airflow/example_dags/example_latest_only.py
[2024-07-16T06:46:17.119+0000] {processor.py:840} INFO - DAG(s) 'latest_only' retrieved from /home/airflow/.local/lib/python3.12/site-packages/airflow/example_dags/example_latest_only.py
[2024-07-16T06:46:17.138+0000] {logging_mixin.py:188} INFO - [2024-07-16T06:46:17.138+0000] {dag.py:3096} INFO - Sync 1 DAGs
[2024-07-16T06:46:17.151+0000] {logging_mixin.py:188} INFO - [2024-07-16T06:46:17.151+0000] {dag.py:3954} INFO - Setting next_dagrun for latest_only to 2024-07-16 00:00:00+00:00, run_after=2024-07-16 04:00:00+00:00
[2024-07-16T06:46:17.161+0000] {processor.py:183} INFO - Processing /home/airflow/.local/lib/python3.12/site-packages/airflow/example_dags/example_latest_only.py took 0.051 seconds
[2024-07-16T06:46:47.422+0000] {processor.py:161} INFO - Started process (PID=1259) to work on /home/airflow/.local/lib/python3.12/site-packages/airflow/example_dags/example_latest_only.py
[2024-07-16T06:46:47.423+0000] {processor.py:830} INFO - Processing file /home/airflow/.local/lib/python3.12/site-packages/airflow/example_dags/example_latest_only.py for tasks to queue
[2024-07-16T06:46:47.424+0000] {logging_mixin.py:188} INFO - [2024-07-16T06:46:47.424+0000] {dagbag.py:545} INFO - Filling up the DagBag from /home/airflow/.local/lib/python3.12/site-packages/airflow/example_dags/example_latest_only.py
[2024-07-16T06:46:47.427+0000] {processor.py:840} INFO - DAG(s) 'latest_only' retrieved from /home/airflow/.local/lib/python3.12/site-packages/airflow/example_dags/example_latest_only.py
[2024-07-16T06:46:47.442+0000] {logging_mixin.py:188} INFO - [2024-07-16T06:46:47.442+0000] {dag.py:3096} INFO - Sync 1 DAGs
[2024-07-16T06:46:47.456+0000] {logging_mixin.py:188} INFO - [2024-07-16T06:46:47.456+0000] {dag.py:3954} INFO - Setting next_dagrun for latest_only to 2024-07-16 00:00:00+00:00, run_after=2024-07-16 04:00:00+00:00
[2024-07-16T06:46:47.468+0000] {processor.py:183} INFO - Processing /home/airflow/.local/lib/python3.12/site-packages/airflow/example_dags/example_latest_only.py took 0.049 seconds
[2024-07-16T06:47:18.136+0000] {processor.py:161} INFO - Started process (PID=1323) to work on /home/airflow/.local/lib/python3.12/site-packages/airflow/example_dags/example_latest_only.py
[2024-07-16T06:47:18.137+0000] {processor.py:830} INFO - Processing file /home/airflow/.local/lib/python3.12/site-packages/airflow/example_dags/example_latest_only.py for tasks to queue
[2024-07-16T06:47:18.138+0000] {logging_mixin.py:188} INFO - [2024-07-16T06:47:18.138+0000] {dagbag.py:545} INFO - Filling up the DagBag from /home/airflow/.local/lib/python3.12/site-packages/airflow/example_dags/example_latest_only.py
[2024-07-16T06:47:18.141+0000] {processor.py:840} INFO - DAG(s) 'latest_only' retrieved from /home/airflow/.local/lib/python3.12/site-packages/airflow/example_dags/example_latest_only.py
[2024-07-16T06:47:18.156+0000] {logging_mixin.py:188} INFO - [2024-07-16T06:47:18.156+0000] {dag.py:3096} INFO - Sync 1 DAGs
[2024-07-16T06:47:18.169+0000] {logging_mixin.py:188} INFO - [2024-07-16T06:47:18.169+0000] {dag.py:3954} INFO - Setting next_dagrun for latest_only to 2024-07-16 00:00:00+00:00, run_after=2024-07-16 04:00:00+00:00
[2024-07-16T06:47:18.180+0000] {processor.py:183} INFO - Processing /home/airflow/.local/lib/python3.12/site-packages/airflow/example_dags/example_latest_only.py took 0.047 seconds
[2024-07-16T06:47:48.662+0000] {processor.py:161} INFO - Started process (PID=1387) to work on /home/airflow/.local/lib/python3.12/site-packages/airflow/example_dags/example_latest_only.py
[2024-07-16T06:47:48.662+0000] {processor.py:830} INFO - Processing file /home/airflow/.local/lib/python3.12/site-packages/airflow/example_dags/example_latest_only.py for tasks to queue
[2024-07-16T06:47:48.663+0000] {logging_mixin.py:188} INFO - [2024-07-16T06:47:48.663+0000] {dagbag.py:545} INFO - Filling up the DagBag from /home/airflow/.local/lib/python3.12/site-packages/airflow/example_dags/example_latest_only.py
[2024-07-16T06:47:48.666+0000] {processor.py:840} INFO - DAG(s) 'latest_only' retrieved from /home/airflow/.local/lib/python3.12/site-packages/airflow/example_dags/example_latest_only.py
[2024-07-16T06:47:48.681+0000] {logging_mixin.py:188} INFO - [2024-07-16T06:47:48.681+0000] {dag.py:3096} INFO - Sync 1 DAGs
[2024-07-16T06:47:48.694+0000] {logging_mixin.py:188} INFO - [2024-07-16T06:47:48.694+0000] {dag.py:3954} INFO - Setting next_dagrun for latest_only to 2024-07-16 00:00:00+00:00, run_after=2024-07-16 04:00:00+00:00
[2024-07-16T06:47:48.707+0000] {processor.py:183} INFO - Processing /home/airflow/.local/lib/python3.12/site-packages/airflow/example_dags/example_latest_only.py took 0.048 seconds
[2024-07-16T06:48:18.930+0000] {processor.py:161} INFO - Started process (PID=1451) to work on /home/airflow/.local/lib/python3.12/site-packages/airflow/example_dags/example_latest_only.py
[2024-07-16T06:48:18.930+0000] {processor.py:830} INFO - Processing file /home/airflow/.local/lib/python3.12/site-packages/airflow/example_dags/example_latest_only.py for tasks to queue
[2024-07-16T06:48:18.932+0000] {logging_mixin.py:188} INFO - [2024-07-16T06:48:18.932+0000] {dagbag.py:545} INFO - Filling up the DagBag from /home/airflow/.local/lib/python3.12/site-packages/airflow/example_dags/example_latest_only.py
[2024-07-16T06:48:18.935+0000] {processor.py:840} INFO - DAG(s) 'latest_only' retrieved from /home/airflow/.local/lib/python3.12/site-packages/airflow/example_dags/example_latest_only.py
[2024-07-16T06:48:18.953+0000] {logging_mixin.py:188} INFO - [2024-07-16T06:48:18.953+0000] {dag.py:3096} INFO - Sync 1 DAGs
[2024-07-16T06:48:18.967+0000] {logging_mixin.py:188} INFO - [2024-07-16T06:48:18.967+0000] {dag.py:3954} INFO - Setting next_dagrun for latest_only to 2024-07-16 00:00:00+00:00, run_after=2024-07-16 04:00:00+00:00
[2024-07-16T06:48:18.981+0000] {processor.py:183} INFO - Processing /home/airflow/.local/lib/python3.12/site-packages/airflow/example_dags/example_latest_only.py took 0.054 seconds
[2024-07-16T06:48:49.502+0000] {processor.py:161} INFO - Started process (PID=1515) to work on /home/airflow/.local/lib/python3.12/site-packages/airflow/example_dags/example_latest_only.py
[2024-07-16T06:48:49.503+0000] {processor.py:830} INFO - Processing file /home/airflow/.local/lib/python3.12/site-packages/airflow/example_dags/example_latest_only.py for tasks to queue
[2024-07-16T06:48:49.504+0000] {logging_mixin.py:188} INFO - [2024-07-16T06:48:49.503+0000] {dagbag.py:545} INFO - Filling up the DagBag from /home/airflow/.local/lib/python3.12/site-packages/airflow/example_dags/example_latest_only.py
[2024-07-16T06:48:49.506+0000] {processor.py:840} INFO - DAG(s) 'latest_only' retrieved from /home/airflow/.local/lib/python3.12/site-packages/airflow/example_dags/example_latest_only.py
[2024-07-16T06:48:49.521+0000] {logging_mixin.py:188} INFO - [2024-07-16T06:48:49.521+0000] {dag.py:3096} INFO - Sync 1 DAGs
[2024-07-16T06:48:49.625+0000] {logging_mixin.py:188} INFO - [2024-07-16T06:48:49.625+0000] {dag.py:3954} INFO - Setting next_dagrun for latest_only to 2024-07-16 00:00:00+00:00, run_after=2024-07-16 04:00:00+00:00
[2024-07-16T06:48:49.635+0000] {processor.py:183} INFO - Processing /home/airflow/.local/lib/python3.12/site-packages/airflow/example_dags/example_latest_only.py took 0.136 seconds
[2024-07-16T06:49:20.552+0000] {processor.py:161} INFO - Started process (PID=1579) to work on /home/airflow/.local/lib/python3.12/site-packages/airflow/example_dags/example_latest_only.py
[2024-07-16T06:49:20.553+0000] {processor.py:830} INFO - Processing file /home/airflow/.local/lib/python3.12/site-packages/airflow/example_dags/example_latest_only.py for tasks to queue
[2024-07-16T06:49:20.554+0000] {logging_mixin.py:188} INFO - [2024-07-16T06:49:20.554+0000] {dagbag.py:545} INFO - Filling up the DagBag from /home/airflow/.local/lib/python3.12/site-packages/airflow/example_dags/example_latest_only.py
[2024-07-16T06:49:20.557+0000] {processor.py:840} INFO - DAG(s) 'latest_only' retrieved from /home/airflow/.local/lib/python3.12/site-packages/airflow/example_dags/example_latest_only.py
[2024-07-16T06:49:20.577+0000] {logging_mixin.py:188} INFO - [2024-07-16T06:49:20.577+0000] {dag.py:3096} INFO - Sync 1 DAGs
[2024-07-16T06:49:20.591+0000] {logging_mixin.py:188} INFO - [2024-07-16T06:49:20.590+0000] {dag.py:3954} INFO - Setting next_dagrun for latest_only to 2024-07-16 00:00:00+00:00, run_after=2024-07-16 04:00:00+00:00
[2024-07-16T06:49:20.601+0000] {processor.py:183} INFO - Processing /home/airflow/.local/lib/python3.12/site-packages/airflow/example_dags/example_latest_only.py took 0.053 seconds
[2024-07-16T06:49:50.972+0000] {processor.py:161} INFO - Started process (PID=1643) to work on /home/airflow/.local/lib/python3.12/site-packages/airflow/example_dags/example_latest_only.py
[2024-07-16T06:49:50.973+0000] {processor.py:830} INFO - Processing file /home/airflow/.local/lib/python3.12/site-packages/airflow/example_dags/example_latest_only.py for tasks to queue
[2024-07-16T06:49:50.974+0000] {logging_mixin.py:188} INFO - [2024-07-16T06:49:50.974+0000] {dagbag.py:545} INFO - Filling up the DagBag from /home/airflow/.local/lib/python3.12/site-packages/airflow/example_dags/example_latest_only.py
[2024-07-16T06:49:50.977+0000] {processor.py:840} INFO - DAG(s) 'latest_only' retrieved from /home/airflow/.local/lib/python3.12/site-packages/airflow/example_dags/example_latest_only.py
[2024-07-16T06:49:50.992+0000] {logging_mixin.py:188} INFO - [2024-07-16T06:49:50.992+0000] {dag.py:3096} INFO - Sync 1 DAGs
[2024-07-16T06:49:51.005+0000] {logging_mixin.py:188} INFO - [2024-07-16T06:49:51.005+0000] {dag.py:3954} INFO - Setting next_dagrun for latest_only to 2024-07-16 00:00:00+00:00, run_after=2024-07-16 04:00:00+00:00
[2024-07-16T06:49:51.016+0000] {processor.py:183} INFO - Processing /home/airflow/.local/lib/python3.12/site-packages/airflow/example_dags/example_latest_only.py took 0.047 seconds
[2024-07-16T06:50:21.283+0000] {processor.py:161} INFO - Started process (PID=1707) to work on /home/airflow/.local/lib/python3.12/site-packages/airflow/example_dags/example_latest_only.py
[2024-07-16T06:50:21.284+0000] {processor.py:830} INFO - Processing file /home/airflow/.local/lib/python3.12/site-packages/airflow/example_dags/example_latest_only.py for tasks to queue
[2024-07-16T06:50:21.285+0000] {logging_mixin.py:188} INFO - [2024-07-16T06:50:21.284+0000] {dagbag.py:545} INFO - Filling up the DagBag from /home/airflow/.local/lib/python3.12/site-packages/airflow/example_dags/example_latest_only.py
[2024-07-16T06:50:21.287+0000] {processor.py:840} INFO - DAG(s) 'latest_only' retrieved from /home/airflow/.local/lib/python3.12/site-packages/airflow/example_dags/example_latest_only.py
[2024-07-16T06:50:21.302+0000] {logging_mixin.py:188} INFO - [2024-07-16T06:50:21.302+0000] {dag.py:3096} INFO - Sync 1 DAGs
[2024-07-16T06:50:21.317+0000] {logging_mixin.py:188} INFO - [2024-07-16T06:50:21.316+0000] {dag.py:3954} INFO - Setting next_dagrun for latest_only to 2024-07-16 00:00:00+00:00, run_after=2024-07-16 04:00:00+00:00
[2024-07-16T06:50:21.328+0000] {processor.py:183} INFO - Processing /home/airflow/.local/lib/python3.12/site-packages/airflow/example_dags/example_latest_only.py took 0.048 seconds
[2024-07-16T06:50:51.393+0000] {processor.py:161} INFO - Started process (PID=1771) to work on /home/airflow/.local/lib/python3.12/site-packages/airflow/example_dags/example_latest_only.py
[2024-07-16T06:50:51.394+0000] {processor.py:830} INFO - Processing file /home/airflow/.local/lib/python3.12/site-packages/airflow/example_dags/example_latest_only.py for tasks to queue
[2024-07-16T06:50:51.395+0000] {logging_mixin.py:188} INFO - [2024-07-16T06:50:51.395+0000] {dagbag.py:545} INFO - Filling up the DagBag from /home/airflow/.local/lib/python3.12/site-packages/airflow/example_dags/example_latest_only.py
[2024-07-16T06:50:51.397+0000] {processor.py:840} INFO - DAG(s) 'latest_only' retrieved from /home/airflow/.local/lib/python3.12/site-packages/airflow/example_dags/example_latest_only.py
[2024-07-16T06:50:51.412+0000] {logging_mixin.py:188} INFO - [2024-07-16T06:50:51.412+0000] {dag.py:3096} INFO - Sync 1 DAGs
[2024-07-16T06:50:51.424+0000] {logging_mixin.py:188} INFO - [2024-07-16T06:50:51.424+0000] {dag.py:3954} INFO - Setting next_dagrun for latest_only to 2024-07-16 00:00:00+00:00, run_after=2024-07-16 04:00:00+00:00
[2024-07-16T06:50:51.434+0000] {processor.py:183} INFO - Processing /home/airflow/.local/lib/python3.12/site-packages/airflow/example_dags/example_latest_only.py took 0.044 seconds
[2024-07-16T06:51:21.495+0000] {processor.py:161} INFO - Started process (PID=1835) to work on /home/airflow/.local/lib/python3.12/site-packages/airflow/example_dags/example_latest_only.py
[2024-07-16T06:51:21.496+0000] {processor.py:830} INFO - Processing file /home/airflow/.local/lib/python3.12/site-packages/airflow/example_dags/example_latest_only.py for tasks to queue
[2024-07-16T06:51:21.497+0000] {logging_mixin.py:188} INFO - [2024-07-16T06:51:21.496+0000] {dagbag.py:545} INFO - Filling up the DagBag from /home/airflow/.local/lib/python3.12/site-packages/airflow/example_dags/example_latest_only.py
[2024-07-16T06:51:21.499+0000] {processor.py:840} INFO - DAG(s) 'latest_only' retrieved from /home/airflow/.local/lib/python3.12/site-packages/airflow/example_dags/example_latest_only.py
[2024-07-16T06:51:21.514+0000] {logging_mixin.py:188} INFO - [2024-07-16T06:51:21.514+0000] {dag.py:3096} INFO - Sync 1 DAGs
[2024-07-16T06:51:21.527+0000] {logging_mixin.py:188} INFO - [2024-07-16T06:51:21.527+0000] {dag.py:3954} INFO - Setting next_dagrun for latest_only to 2024-07-16 00:00:00+00:00, run_after=2024-07-16 04:00:00+00:00
[2024-07-16T06:51:21.537+0000] {processor.py:183} INFO - Processing /home/airflow/.local/lib/python3.12/site-packages/airflow/example_dags/example_latest_only.py took 0.045 seconds
[2024-07-16T06:51:51.710+0000] {processor.py:161} INFO - Started process (PID=1899) to work on /home/airflow/.local/lib/python3.12/site-packages/airflow/example_dags/example_latest_only.py
[2024-07-16T06:51:51.710+0000] {processor.py:830} INFO - Processing file /home/airflow/.local/lib/python3.12/site-packages/airflow/example_dags/example_latest_only.py for tasks to queue
[2024-07-16T06:51:51.711+0000] {logging_mixin.py:188} INFO - [2024-07-16T06:51:51.711+0000] {dagbag.py:545} INFO - Filling up the DagBag from /home/airflow/.local/lib/python3.12/site-packages/airflow/example_dags/example_latest_only.py
[2024-07-16T06:51:51.713+0000] {processor.py:840} INFO - DAG(s) 'latest_only' retrieved from /home/airflow/.local/lib/python3.12/site-packages/airflow/example_dags/example_latest_only.py
[2024-07-16T06:51:51.727+0000] {logging_mixin.py:188} INFO - [2024-07-16T06:51:51.727+0000] {dag.py:3096} INFO - Sync 1 DAGs
[2024-07-16T06:51:51.739+0000] {logging_mixin.py:188} INFO - [2024-07-16T06:51:51.739+0000] {dag.py:3954} INFO - Setting next_dagrun for latest_only to 2024-07-16 00:00:00+00:00, run_after=2024-07-16 04:00:00+00:00
[2024-07-16T06:51:51.748+0000] {processor.py:183} INFO - Processing /home/airflow/.local/lib/python3.12/site-packages/airflow/example_dags/example_latest_only.py took 0.042 seconds
[2024-07-16T06:52:21.869+0000] {processor.py:161} INFO - Started process (PID=1963) to work on /home/airflow/.local/lib/python3.12/site-packages/airflow/example_dags/example_latest_only.py
[2024-07-16T06:52:21.870+0000] {processor.py:830} INFO - Processing file /home/airflow/.local/lib/python3.12/site-packages/airflow/example_dags/example_latest_only.py for tasks to queue
[2024-07-16T06:52:21.871+0000] {logging_mixin.py:188} INFO - [2024-07-16T06:52:21.871+0000] {dagbag.py:545} INFO - Filling up the DagBag from /home/airflow/.local/lib/python3.12/site-packages/airflow/example_dags/example_latest_only.py
[2024-07-16T06:52:21.874+0000] {processor.py:840} INFO - DAG(s) 'latest_only' retrieved from /home/airflow/.local/lib/python3.12/site-packages/airflow/example_dags/example_latest_only.py
[2024-07-16T06:52:21.889+0000] {logging_mixin.py:188} INFO - [2024-07-16T06:52:21.889+0000] {dag.py:3096} INFO - Sync 1 DAGs
[2024-07-16T06:52:21.904+0000] {logging_mixin.py:188} INFO - [2024-07-16T06:52:21.904+0000] {dag.py:3954} INFO - Setting next_dagrun for latest_only to 2024-07-16 00:00:00+00:00, run_after=2024-07-16 04:00:00+00:00
[2024-07-16T06:52:21.915+0000] {processor.py:183} INFO - Processing /home/airflow/.local/lib/python3.12/site-packages/airflow/example_dags/example_latest_only.py took 0.049 seconds
[2024-07-16T06:52:52.083+0000] {processor.py:161} INFO - Started process (PID=2027) to work on /home/airflow/.local/lib/python3.12/site-packages/airflow/example_dags/example_latest_only.py
[2024-07-16T06:52:52.083+0000] {processor.py:830} INFO - Processing file /home/airflow/.local/lib/python3.12/site-packages/airflow/example_dags/example_latest_only.py for tasks to queue
[2024-07-16T06:52:52.085+0000] {logging_mixin.py:188} INFO - [2024-07-16T06:52:52.084+0000] {dagbag.py:545} INFO - Filling up the DagBag from /home/airflow/.local/lib/python3.12/site-packages/airflow/example_dags/example_latest_only.py
[2024-07-16T06:52:52.087+0000] {processor.py:840} INFO - DAG(s) 'latest_only' retrieved from /home/airflow/.local/lib/python3.12/site-packages/airflow/example_dags/example_latest_only.py
[2024-07-16T06:52:52.102+0000] {logging_mixin.py:188} INFO - [2024-07-16T06:52:52.102+0000] {dag.py:3096} INFO - Sync 1 DAGs
[2024-07-16T06:52:52.116+0000] {logging_mixin.py:188} INFO - [2024-07-16T06:52:52.116+0000] {dag.py:3954} INFO - Setting next_dagrun for latest_only to 2024-07-16 00:00:00+00:00, run_after=2024-07-16 04:00:00+00:00
[2024-07-16T06:52:52.127+0000] {processor.py:183} INFO - Processing /home/airflow/.local/lib/python3.12/site-packages/airflow/example_dags/example_latest_only.py took 0.047 seconds
[2024-07-16T06:53:22.235+0000] {processor.py:161} INFO - Started process (PID=2091) to work on /home/airflow/.local/lib/python3.12/site-packages/airflow/example_dags/example_latest_only.py
[2024-07-16T06:53:22.236+0000] {processor.py:830} INFO - Processing file /home/airflow/.local/lib/python3.12/site-packages/airflow/example_dags/example_latest_only.py for tasks to queue
[2024-07-16T06:53:22.237+0000] {logging_mixin.py:188} INFO - [2024-07-16T06:53:22.237+0000] {dagbag.py:545} INFO - Filling up the DagBag from /home/airflow/.local/lib/python3.12/site-packages/airflow/example_dags/example_latest_only.py
[2024-07-16T06:53:22.240+0000] {processor.py:840} INFO - DAG(s) 'latest_only' retrieved from /home/airflow/.local/lib/python3.12/site-packages/airflow/example_dags/example_latest_only.py
[2024-07-16T06:53:22.257+0000] {logging_mixin.py:188} INFO - [2024-07-16T06:53:22.257+0000] {dag.py:3096} INFO - Sync 1 DAGs
[2024-07-16T06:53:22.272+0000] {logging_mixin.py:188} INFO - [2024-07-16T06:53:22.272+0000] {dag.py:3954} INFO - Setting next_dagrun for latest_only to 2024-07-16 00:00:00+00:00, run_after=2024-07-16 04:00:00+00:00
[2024-07-16T06:53:22.286+0000] {processor.py:183} INFO - Processing /home/airflow/.local/lib/python3.12/site-packages/airflow/example_dags/example_latest_only.py took 0.055 seconds
[2024-07-16T06:53:52.474+0000] {processor.py:161} INFO - Started process (PID=2155) to work on /home/airflow/.local/lib/python3.12/site-packages/airflow/example_dags/example_latest_only.py
[2024-07-16T06:53:52.475+0000] {processor.py:830} INFO - Processing file /home/airflow/.local/lib/python3.12/site-packages/airflow/example_dags/example_latest_only.py for tasks to queue
[2024-07-16T06:53:52.476+0000] {logging_mixin.py:188} INFO - [2024-07-16T06:53:52.476+0000] {dagbag.py:545} INFO - Filling up the DagBag from /home/airflow/.local/lib/python3.12/site-packages/airflow/example_dags/example_latest_only.py
[2024-07-16T06:53:52.478+0000] {processor.py:840} INFO - DAG(s) 'latest_only' retrieved from /home/airflow/.local/lib/python3.12/site-packages/airflow/example_dags/example_latest_only.py
[2024-07-16T06:53:52.492+0000] {logging_mixin.py:188} INFO - [2024-07-16T06:53:52.492+0000] {dag.py:3096} INFO - Sync 1 DAGs
[2024-07-16T06:53:52.505+0000] {logging_mixin.py:188} INFO - [2024-07-16T06:53:52.505+0000] {dag.py:3954} INFO - Setting next_dagrun for latest_only to 2024-07-16 00:00:00+00:00, run_after=2024-07-16 04:00:00+00:00
[2024-07-16T06:53:52.515+0000] {processor.py:183} INFO - Processing /home/airflow/.local/lib/python3.12/site-packages/airflow/example_dags/example_latest_only.py took 0.044 seconds
[2024-07-16T06:54:22.687+0000] {processor.py:161} INFO - Started process (PID=2219) to work on /home/airflow/.local/lib/python3.12/site-packages/airflow/example_dags/example_latest_only.py
[2024-07-16T06:54:22.687+0000] {processor.py:830} INFO - Processing file /home/airflow/.local/lib/python3.12/site-packages/airflow/example_dags/example_latest_only.py for tasks to queue
[2024-07-16T06:54:22.689+0000] {logging_mixin.py:188} INFO - [2024-07-16T06:54:22.689+0000] {dagbag.py:545} INFO - Filling up the DagBag from /home/airflow/.local/lib/python3.12/site-packages/airflow/example_dags/example_latest_only.py
[2024-07-16T06:54:22.692+0000] {processor.py:840} INFO - DAG(s) 'latest_only' retrieved from /home/airflow/.local/lib/python3.12/site-packages/airflow/example_dags/example_latest_only.py
[2024-07-16T06:54:22.722+0000] {logging_mixin.py:188} INFO - [2024-07-16T06:54:22.722+0000] {dag.py:3096} INFO - Sync 1 DAGs
[2024-07-16T06:54:22.739+0000] {logging_mixin.py:188} INFO - [2024-07-16T06:54:22.739+0000] {dag.py:3954} INFO - Setting next_dagrun for latest_only to 2024-07-16 00:00:00+00:00, run_after=2024-07-16 04:00:00+00:00
[2024-07-16T06:54:22.751+0000] {processor.py:183} INFO - Processing /home/airflow/.local/lib/python3.12/site-packages/airflow/example_dags/example_latest_only.py took 0.067 seconds
[2024-07-16T06:54:52.793+0000] {processor.py:161} INFO - Started process (PID=2282) to work on /home/airflow/.local/lib/python3.12/site-packages/airflow/example_dags/example_latest_only.py
[2024-07-16T06:54:52.793+0000] {processor.py:830} INFO - Processing file /home/airflow/.local/lib/python3.12/site-packages/airflow/example_dags/example_latest_only.py for tasks to queue
[2024-07-16T06:54:52.794+0000] {logging_mixin.py:188} INFO - [2024-07-16T06:54:52.794+0000] {dagbag.py:545} INFO - Filling up the DagBag from /home/airflow/.local/lib/python3.12/site-packages/airflow/example_dags/example_latest_only.py
[2024-07-16T06:54:52.797+0000] {processor.py:840} INFO - DAG(s) 'latest_only' retrieved from /home/airflow/.local/lib/python3.12/site-packages/airflow/example_dags/example_latest_only.py
[2024-07-16T06:54:52.811+0000] {logging_mixin.py:188} INFO - [2024-07-16T06:54:52.811+0000] {dag.py:3096} INFO - Sync 1 DAGs
[2024-07-16T06:54:52.824+0000] {logging_mixin.py:188} INFO - [2024-07-16T06:54:52.824+0000] {dag.py:3954} INFO - Setting next_dagrun for latest_only to 2024-07-16 00:00:00+00:00, run_after=2024-07-16 04:00:00+00:00
[2024-07-16T06:54:52.834+0000] {processor.py:183} INFO - Processing /home/airflow/.local/lib/python3.12/site-packages/airflow/example_dags/example_latest_only.py took 0.045 seconds
[2024-07-16T06:55:23.123+0000] {processor.py:161} INFO - Started process (PID=2346) to work on /home/airflow/.local/lib/python3.12/site-packages/airflow/example_dags/example_latest_only.py
[2024-07-16T06:55:23.124+0000] {processor.py:830} INFO - Processing file /home/airflow/.local/lib/python3.12/site-packages/airflow/example_dags/example_latest_only.py for tasks to queue
[2024-07-16T06:55:23.125+0000] {logging_mixin.py:188} INFO - [2024-07-16T06:55:23.125+0000] {dagbag.py:545} INFO - Filling up the DagBag from /home/airflow/.local/lib/python3.12/site-packages/airflow/example_dags/example_latest_only.py
[2024-07-16T06:55:23.128+0000] {processor.py:840} INFO - DAG(s) 'latest_only' retrieved from /home/airflow/.local/lib/python3.12/site-packages/airflow/example_dags/example_latest_only.py
[2024-07-16T06:55:23.143+0000] {logging_mixin.py:188} INFO - [2024-07-16T06:55:23.143+0000] {dag.py:3096} INFO - Sync 1 DAGs
[2024-07-16T06:55:23.159+0000] {logging_mixin.py:188} INFO - [2024-07-16T06:55:23.159+0000] {dag.py:3954} INFO - Setting next_dagrun for latest_only to 2024-07-16 00:00:00+00:00, run_after=2024-07-16 04:00:00+00:00
[2024-07-16T06:55:23.183+0000] {processor.py:183} INFO - Processing /home/airflow/.local/lib/python3.12/site-packages/airflow/example_dags/example_latest_only.py took 0.062 seconds
[2024-07-16T06:55:53.240+0000] {processor.py:161} INFO - Started process (PID=2410) to work on /home/airflow/.local/lib/python3.12/site-packages/airflow/example_dags/example_latest_only.py
[2024-07-16T06:55:53.241+0000] {processor.py:830} INFO - Processing file /home/airflow/.local/lib/python3.12/site-packages/airflow/example_dags/example_latest_only.py for tasks to queue
[2024-07-16T06:55:53.242+0000] {logging_mixin.py:188} INFO - [2024-07-16T06:55:53.242+0000] {dagbag.py:545} INFO - Filling up the DagBag from /home/airflow/.local/lib/python3.12/site-packages/airflow/example_dags/example_latest_only.py
[2024-07-16T06:55:53.244+0000] {processor.py:840} INFO - DAG(s) 'latest_only' retrieved from /home/airflow/.local/lib/python3.12/site-packages/airflow/example_dags/example_latest_only.py
[2024-07-16T06:55:53.260+0000] {logging_mixin.py:188} INFO - [2024-07-16T06:55:53.259+0000] {dag.py:3096} INFO - Sync 1 DAGs
[2024-07-16T06:55:53.272+0000] {logging_mixin.py:188} INFO - [2024-07-16T06:55:53.272+0000] {dag.py:3954} INFO - Setting next_dagrun for latest_only to 2024-07-16 00:00:00+00:00, run_after=2024-07-16 04:00:00+00:00
[2024-07-16T06:55:53.282+0000] {processor.py:183} INFO - Processing /home/airflow/.local/lib/python3.12/site-packages/airflow/example_dags/example_latest_only.py took 0.045 seconds
