[2024-07-16T06:24:07.997+0000] {processor.py:161} INFO - Started process (PID=77) to work on /home/airflow/.local/lib/python3.12/site-packages/airflow/example_dags/example_branch_operator.py
[2024-07-16T06:24:07.997+0000] {processor.py:830} INFO - Processing file /home/airflow/.local/lib/python3.12/site-packages/airflow/example_dags/example_branch_operator.py for tasks to queue
[2024-07-16T06:24:07.998+0000] {logging_mixin.py:188} INFO - [2024-07-16T06:24:07.998+0000] {dagbag.py:545} INFO - Filling up the DagBag from /home/airflow/.local/lib/python3.12/site-packages/airflow/example_dags/example_branch_operator.py
[2024-07-16T06:24:08.006+0000] {processor.py:840} INFO - DAG(s) 'example_branch_operator' retrieved from /home/airflow/.local/lib/python3.12/site-packages/airflow/example_dags/example_branch_operator.py
[2024-07-16T06:24:08.053+0000] {logging_mixin.py:188} INFO - [2024-07-16T06:24:08.053+0000] {dag.py:3096} INFO - Sync 1 DAGs
[2024-07-16T06:24:08.063+0000] {logging_mixin.py:188} INFO - [2024-07-16T06:24:08.063+0000] {dag.py:3954} INFO - Setting next_dagrun for example_branch_operator to 2024-07-15 00:00:00+00:00, run_after=2024-07-16 00:00:00+00:00
[2024-07-16T06:24:08.071+0000] {processor.py:183} INFO - Processing /home/airflow/.local/lib/python3.12/site-packages/airflow/example_dags/example_branch_operator.py took 0.077 seconds
[2024-07-16T06:24:39.116+0000] {processor.py:161} INFO - Started process (PID=140) to work on /home/airflow/.local/lib/python3.12/site-packages/airflow/example_dags/example_branch_operator.py
[2024-07-16T06:24:39.117+0000] {processor.py:830} INFO - Processing file /home/airflow/.local/lib/python3.12/site-packages/airflow/example_dags/example_branch_operator.py for tasks to queue
[2024-07-16T06:24:39.118+0000] {logging_mixin.py:188} INFO - [2024-07-16T06:24:39.118+0000] {dagbag.py:545} INFO - Filling up the DagBag from /home/airflow/.local/lib/python3.12/site-packages/airflow/example_dags/example_branch_operator.py
[2024-07-16T06:24:39.127+0000] {processor.py:840} INFO - DAG(s) 'example_branch_operator' retrieved from /home/airflow/.local/lib/python3.12/site-packages/airflow/example_dags/example_branch_operator.py
[2024-07-16T06:24:39.143+0000] {logging_mixin.py:188} INFO - [2024-07-16T06:24:39.143+0000] {dag.py:3096} INFO - Sync 1 DAGs
[2024-07-16T06:24:39.156+0000] {logging_mixin.py:188} INFO - [2024-07-16T06:24:39.156+0000] {dag.py:3954} INFO - Setting next_dagrun for example_branch_operator to 2024-07-15 00:00:00+00:00, run_after=2024-07-16 00:00:00+00:00
[2024-07-16T06:24:39.168+0000] {processor.py:183} INFO - Processing /home/airflow/.local/lib/python3.12/site-packages/airflow/example_dags/example_branch_operator.py took 0.058 seconds
[2024-07-16T06:29:31.853+0000] {processor.py:161} INFO - Started process (PID=78) to work on /home/airflow/.local/lib/python3.12/site-packages/airflow/example_dags/example_branch_operator.py
[2024-07-16T06:29:31.854+0000] {processor.py:830} INFO - Processing file /home/airflow/.local/lib/python3.12/site-packages/airflow/example_dags/example_branch_operator.py for tasks to queue
[2024-07-16T06:29:31.855+0000] {logging_mixin.py:188} INFO - [2024-07-16T06:29:31.855+0000] {dagbag.py:545} INFO - Filling up the DagBag from /home/airflow/.local/lib/python3.12/site-packages/airflow/example_dags/example_branch_operator.py
[2024-07-16T06:29:31.865+0000] {processor.py:840} INFO - DAG(s) 'example_branch_operator' retrieved from /home/airflow/.local/lib/python3.12/site-packages/airflow/example_dags/example_branch_operator.py
[2024-07-16T06:29:31.880+0000] {logging_mixin.py:188} INFO - [2024-07-16T06:29:31.880+0000] {dag.py:3096} INFO - Sync 1 DAGs
[2024-07-16T06:29:31.899+0000] {logging_mixin.py:188} INFO - [2024-07-16T06:29:31.899+0000] {dag.py:3954} INFO - Setting next_dagrun for example_branch_operator to 2024-07-15 00:00:00+00:00, run_after=2024-07-16 00:00:00+00:00
[2024-07-16T06:29:31.911+0000] {processor.py:183} INFO - Processing /home/airflow/.local/lib/python3.12/site-packages/airflow/example_dags/example_branch_operator.py took 0.061 seconds
[2024-07-16T06:30:02.630+0000] {processor.py:161} INFO - Started process (PID=142) to work on /home/airflow/.local/lib/python3.12/site-packages/airflow/example_dags/example_branch_operator.py
[2024-07-16T06:30:02.631+0000] {processor.py:830} INFO - Processing file /home/airflow/.local/lib/python3.12/site-packages/airflow/example_dags/example_branch_operator.py for tasks to queue
[2024-07-16T06:30:02.632+0000] {logging_mixin.py:188} INFO - [2024-07-16T06:30:02.632+0000] {dagbag.py:545} INFO - Filling up the DagBag from /home/airflow/.local/lib/python3.12/site-packages/airflow/example_dags/example_branch_operator.py
[2024-07-16T06:30:02.640+0000] {processor.py:840} INFO - DAG(s) 'example_branch_operator' retrieved from /home/airflow/.local/lib/python3.12/site-packages/airflow/example_dags/example_branch_operator.py
[2024-07-16T06:30:02.694+0000] {logging_mixin.py:188} INFO - [2024-07-16T06:30:02.693+0000] {dag.py:3096} INFO - Sync 1 DAGs
[2024-07-16T06:30:02.706+0000] {logging_mixin.py:188} INFO - [2024-07-16T06:30:02.705+0000] {dag.py:3954} INFO - Setting next_dagrun for example_branch_operator to 2024-07-15 00:00:00+00:00, run_after=2024-07-16 00:00:00+00:00
[2024-07-16T06:30:02.716+0000] {processor.py:183} INFO - Processing /home/airflow/.local/lib/python3.12/site-packages/airflow/example_dags/example_branch_operator.py took 0.089 seconds
[2024-07-16T06:30:32.925+0000] {processor.py:161} INFO - Started process (PID=206) to work on /home/airflow/.local/lib/python3.12/site-packages/airflow/example_dags/example_branch_operator.py
[2024-07-16T06:30:32.925+0000] {processor.py:830} INFO - Processing file /home/airflow/.local/lib/python3.12/site-packages/airflow/example_dags/example_branch_operator.py for tasks to queue
[2024-07-16T06:30:32.927+0000] {logging_mixin.py:188} INFO - [2024-07-16T06:30:32.926+0000] {dagbag.py:545} INFO - Filling up the DagBag from /home/airflow/.local/lib/python3.12/site-packages/airflow/example_dags/example_branch_operator.py
[2024-07-16T06:30:32.934+0000] {processor.py:840} INFO - DAG(s) 'example_branch_operator' retrieved from /home/airflow/.local/lib/python3.12/site-packages/airflow/example_dags/example_branch_operator.py
[2024-07-16T06:30:32.952+0000] {logging_mixin.py:188} INFO - [2024-07-16T06:30:32.952+0000] {dag.py:3096} INFO - Sync 1 DAGs
[2024-07-16T06:30:32.965+0000] {logging_mixin.py:188} INFO - [2024-07-16T06:30:32.965+0000] {dag.py:3954} INFO - Setting next_dagrun for example_branch_operator to 2024-07-15 00:00:00+00:00, run_after=2024-07-16 00:00:00+00:00
[2024-07-16T06:30:32.975+0000] {processor.py:183} INFO - Processing /home/airflow/.local/lib/python3.12/site-packages/airflow/example_dags/example_branch_operator.py took 0.053 seconds
[2024-07-16T06:31:03.313+0000] {processor.py:161} INFO - Started process (PID=269) to work on /home/airflow/.local/lib/python3.12/site-packages/airflow/example_dags/example_branch_operator.py
[2024-07-16T06:31:03.314+0000] {processor.py:830} INFO - Processing file /home/airflow/.local/lib/python3.12/site-packages/airflow/example_dags/example_branch_operator.py for tasks to queue
[2024-07-16T06:31:03.315+0000] {logging_mixin.py:188} INFO - [2024-07-16T06:31:03.315+0000] {dagbag.py:545} INFO - Filling up the DagBag from /home/airflow/.local/lib/python3.12/site-packages/airflow/example_dags/example_branch_operator.py
[2024-07-16T06:31:03.324+0000] {processor.py:840} INFO - DAG(s) 'example_branch_operator' retrieved from /home/airflow/.local/lib/python3.12/site-packages/airflow/example_dags/example_branch_operator.py
[2024-07-16T06:31:03.346+0000] {logging_mixin.py:188} INFO - [2024-07-16T06:31:03.346+0000] {dag.py:3096} INFO - Sync 1 DAGs
[2024-07-16T06:31:03.362+0000] {logging_mixin.py:188} INFO - [2024-07-16T06:31:03.362+0000] {dag.py:3954} INFO - Setting next_dagrun for example_branch_operator to 2024-07-15 00:00:00+00:00, run_after=2024-07-16 00:00:00+00:00
[2024-07-16T06:31:03.373+0000] {processor.py:183} INFO - Processing /home/airflow/.local/lib/python3.12/site-packages/airflow/example_dags/example_branch_operator.py took 0.063 seconds
[2024-07-16T06:31:33.471+0000] {processor.py:161} INFO - Started process (PID=333) to work on /home/airflow/.local/lib/python3.12/site-packages/airflow/example_dags/example_branch_operator.py
[2024-07-16T06:31:33.472+0000] {processor.py:830} INFO - Processing file /home/airflow/.local/lib/python3.12/site-packages/airflow/example_dags/example_branch_operator.py for tasks to queue
[2024-07-16T06:31:33.473+0000] {logging_mixin.py:188} INFO - [2024-07-16T06:31:33.473+0000] {dagbag.py:545} INFO - Filling up the DagBag from /home/airflow/.local/lib/python3.12/site-packages/airflow/example_dags/example_branch_operator.py
[2024-07-16T06:31:33.482+0000] {processor.py:840} INFO - DAG(s) 'example_branch_operator' retrieved from /home/airflow/.local/lib/python3.12/site-packages/airflow/example_dags/example_branch_operator.py
[2024-07-16T06:31:33.501+0000] {logging_mixin.py:188} INFO - [2024-07-16T06:31:33.501+0000] {dag.py:3096} INFO - Sync 1 DAGs
[2024-07-16T06:31:33.516+0000] {logging_mixin.py:188} INFO - [2024-07-16T06:31:33.515+0000] {dag.py:3954} INFO - Setting next_dagrun for example_branch_operator to 2024-07-15 00:00:00+00:00, run_after=2024-07-16 00:00:00+00:00
[2024-07-16T06:31:33.526+0000] {processor.py:183} INFO - Processing /home/airflow/.local/lib/python3.12/site-packages/airflow/example_dags/example_branch_operator.py took 0.058 seconds
[2024-07-16T06:32:04.548+0000] {processor.py:161} INFO - Started process (PID=396) to work on /home/airflow/.local/lib/python3.12/site-packages/airflow/example_dags/example_branch_operator.py
[2024-07-16T06:32:04.549+0000] {processor.py:830} INFO - Processing file /home/airflow/.local/lib/python3.12/site-packages/airflow/example_dags/example_branch_operator.py for tasks to queue
[2024-07-16T06:32:04.550+0000] {logging_mixin.py:188} INFO - [2024-07-16T06:32:04.549+0000] {dagbag.py:545} INFO - Filling up the DagBag from /home/airflow/.local/lib/python3.12/site-packages/airflow/example_dags/example_branch_operator.py
[2024-07-16T06:32:04.558+0000] {processor.py:840} INFO - DAG(s) 'example_branch_operator' retrieved from /home/airflow/.local/lib/python3.12/site-packages/airflow/example_dags/example_branch_operator.py
[2024-07-16T06:32:04.576+0000] {logging_mixin.py:188} INFO - [2024-07-16T06:32:04.576+0000] {dag.py:3096} INFO - Sync 1 DAGs
[2024-07-16T06:32:04.590+0000] {logging_mixin.py:188} INFO - [2024-07-16T06:32:04.590+0000] {dag.py:3954} INFO - Setting next_dagrun for example_branch_operator to 2024-07-15 00:00:00+00:00, run_after=2024-07-16 00:00:00+00:00
[2024-07-16T06:32:04.599+0000] {processor.py:183} INFO - Processing /home/airflow/.local/lib/python3.12/site-packages/airflow/example_dags/example_branch_operator.py took 0.054 seconds
[2024-07-16T06:32:34.713+0000] {processor.py:161} INFO - Started process (PID=460) to work on /home/airflow/.local/lib/python3.12/site-packages/airflow/example_dags/example_branch_operator.py
[2024-07-16T06:32:34.714+0000] {processor.py:830} INFO - Processing file /home/airflow/.local/lib/python3.12/site-packages/airflow/example_dags/example_branch_operator.py for tasks to queue
[2024-07-16T06:32:34.715+0000] {logging_mixin.py:188} INFO - [2024-07-16T06:32:34.714+0000] {dagbag.py:545} INFO - Filling up the DagBag from /home/airflow/.local/lib/python3.12/site-packages/airflow/example_dags/example_branch_operator.py
[2024-07-16T06:32:34.723+0000] {processor.py:840} INFO - DAG(s) 'example_branch_operator' retrieved from /home/airflow/.local/lib/python3.12/site-packages/airflow/example_dags/example_branch_operator.py
[2024-07-16T06:32:34.741+0000] {logging_mixin.py:188} INFO - [2024-07-16T06:32:34.741+0000] {dag.py:3096} INFO - Sync 1 DAGs
[2024-07-16T06:32:34.755+0000] {logging_mixin.py:188} INFO - [2024-07-16T06:32:34.755+0000] {dag.py:3954} INFO - Setting next_dagrun for example_branch_operator to 2024-07-15 00:00:00+00:00, run_after=2024-07-16 00:00:00+00:00
[2024-07-16T06:32:34.765+0000] {processor.py:183} INFO - Processing /home/airflow/.local/lib/python3.12/site-packages/airflow/example_dags/example_branch_operator.py took 0.055 seconds
[2024-07-16T06:33:04.905+0000] {processor.py:161} INFO - Started process (PID=524) to work on /home/airflow/.local/lib/python3.12/site-packages/airflow/example_dags/example_branch_operator.py
[2024-07-16T06:33:04.906+0000] {processor.py:830} INFO - Processing file /home/airflow/.local/lib/python3.12/site-packages/airflow/example_dags/example_branch_operator.py for tasks to queue
[2024-07-16T06:33:04.907+0000] {logging_mixin.py:188} INFO - [2024-07-16T06:33:04.907+0000] {dagbag.py:545} INFO - Filling up the DagBag from /home/airflow/.local/lib/python3.12/site-packages/airflow/example_dags/example_branch_operator.py
[2024-07-16T06:33:04.915+0000] {processor.py:840} INFO - DAG(s) 'example_branch_operator' retrieved from /home/airflow/.local/lib/python3.12/site-packages/airflow/example_dags/example_branch_operator.py
[2024-07-16T06:33:04.932+0000] {logging_mixin.py:188} INFO - [2024-07-16T06:33:04.932+0000] {dag.py:3096} INFO - Sync 1 DAGs
[2024-07-16T06:33:04.946+0000] {logging_mixin.py:188} INFO - [2024-07-16T06:33:04.946+0000] {dag.py:3954} INFO - Setting next_dagrun for example_branch_operator to 2024-07-15 00:00:00+00:00, run_after=2024-07-16 00:00:00+00:00
[2024-07-16T06:33:04.957+0000] {processor.py:183} INFO - Processing /home/airflow/.local/lib/python3.12/site-packages/airflow/example_dags/example_branch_operator.py took 0.055 seconds
[2024-07-16T06:33:35.021+0000] {processor.py:161} INFO - Started process (PID=588) to work on /home/airflow/.local/lib/python3.12/site-packages/airflow/example_dags/example_branch_operator.py
[2024-07-16T06:33:35.022+0000] {processor.py:830} INFO - Processing file /home/airflow/.local/lib/python3.12/site-packages/airflow/example_dags/example_branch_operator.py for tasks to queue
[2024-07-16T06:33:35.023+0000] {logging_mixin.py:188} INFO - [2024-07-16T06:33:35.023+0000] {dagbag.py:545} INFO - Filling up the DagBag from /home/airflow/.local/lib/python3.12/site-packages/airflow/example_dags/example_branch_operator.py
[2024-07-16T06:33:35.031+0000] {processor.py:840} INFO - DAG(s) 'example_branch_operator' retrieved from /home/airflow/.local/lib/python3.12/site-packages/airflow/example_dags/example_branch_operator.py
[2024-07-16T06:33:35.049+0000] {logging_mixin.py:188} INFO - [2024-07-16T06:33:35.049+0000] {dag.py:3096} INFO - Sync 1 DAGs
[2024-07-16T06:33:35.063+0000] {logging_mixin.py:188} INFO - [2024-07-16T06:33:35.063+0000] {dag.py:3954} INFO - Setting next_dagrun for example_branch_operator to 2024-07-15 00:00:00+00:00, run_after=2024-07-16 00:00:00+00:00
[2024-07-16T06:33:35.074+0000] {processor.py:183} INFO - Processing /home/airflow/.local/lib/python3.12/site-packages/airflow/example_dags/example_branch_operator.py took 0.057 seconds
[2024-07-16T06:34:05.236+0000] {processor.py:161} INFO - Started process (PID=651) to work on /home/airflow/.local/lib/python3.12/site-packages/airflow/example_dags/example_branch_operator.py
[2024-07-16T06:34:05.236+0000] {processor.py:830} INFO - Processing file /home/airflow/.local/lib/python3.12/site-packages/airflow/example_dags/example_branch_operator.py for tasks to queue
[2024-07-16T06:34:05.237+0000] {logging_mixin.py:188} INFO - [2024-07-16T06:34:05.237+0000] {dagbag.py:545} INFO - Filling up the DagBag from /home/airflow/.local/lib/python3.12/site-packages/airflow/example_dags/example_branch_operator.py
[2024-07-16T06:34:05.245+0000] {processor.py:840} INFO - DAG(s) 'example_branch_operator' retrieved from /home/airflow/.local/lib/python3.12/site-packages/airflow/example_dags/example_branch_operator.py
[2024-07-16T06:34:05.262+0000] {logging_mixin.py:188} INFO - [2024-07-16T06:34:05.262+0000] {dag.py:3096} INFO - Sync 1 DAGs
[2024-07-16T06:34:05.275+0000] {logging_mixin.py:188} INFO - [2024-07-16T06:34:05.275+0000] {dag.py:3954} INFO - Setting next_dagrun for example_branch_operator to 2024-07-15 00:00:00+00:00, run_after=2024-07-16 00:00:00+00:00
[2024-07-16T06:34:05.287+0000] {processor.py:183} INFO - Processing /home/airflow/.local/lib/python3.12/site-packages/airflow/example_dags/example_branch_operator.py took 0.054 seconds
[2024-07-16T06:34:35.486+0000] {processor.py:161} INFO - Started process (PID=714) to work on /home/airflow/.local/lib/python3.12/site-packages/airflow/example_dags/example_branch_operator.py
[2024-07-16T06:34:35.487+0000] {processor.py:830} INFO - Processing file /home/airflow/.local/lib/python3.12/site-packages/airflow/example_dags/example_branch_operator.py for tasks to queue
[2024-07-16T06:34:35.488+0000] {logging_mixin.py:188} INFO - [2024-07-16T06:34:35.487+0000] {dagbag.py:545} INFO - Filling up the DagBag from /home/airflow/.local/lib/python3.12/site-packages/airflow/example_dags/example_branch_operator.py
[2024-07-16T06:34:35.495+0000] {processor.py:840} INFO - DAG(s) 'example_branch_operator' retrieved from /home/airflow/.local/lib/python3.12/site-packages/airflow/example_dags/example_branch_operator.py
[2024-07-16T06:34:35.515+0000] {logging_mixin.py:188} INFO - [2024-07-16T06:34:35.514+0000] {dag.py:3096} INFO - Sync 1 DAGs
[2024-07-16T06:34:35.530+0000] {logging_mixin.py:188} INFO - [2024-07-16T06:34:35.530+0000] {dag.py:3954} INFO - Setting next_dagrun for example_branch_operator to 2024-07-15 00:00:00+00:00, run_after=2024-07-16 00:00:00+00:00
[2024-07-16T06:34:35.540+0000] {processor.py:183} INFO - Processing /home/airflow/.local/lib/python3.12/site-packages/airflow/example_dags/example_branch_operator.py took 0.057 seconds
[2024-07-16T06:35:05.926+0000] {processor.py:161} INFO - Started process (PID=778) to work on /home/airflow/.local/lib/python3.12/site-packages/airflow/example_dags/example_branch_operator.py
[2024-07-16T06:35:05.927+0000] {processor.py:830} INFO - Processing file /home/airflow/.local/lib/python3.12/site-packages/airflow/example_dags/example_branch_operator.py for tasks to queue
[2024-07-16T06:35:05.928+0000] {logging_mixin.py:188} INFO - [2024-07-16T06:35:05.928+0000] {dagbag.py:545} INFO - Filling up the DagBag from /home/airflow/.local/lib/python3.12/site-packages/airflow/example_dags/example_branch_operator.py
[2024-07-16T06:35:05.937+0000] {processor.py:840} INFO - DAG(s) 'example_branch_operator' retrieved from /home/airflow/.local/lib/python3.12/site-packages/airflow/example_dags/example_branch_operator.py
[2024-07-16T06:35:05.956+0000] {logging_mixin.py:188} INFO - [2024-07-16T06:35:05.956+0000] {dag.py:3096} INFO - Sync 1 DAGs
[2024-07-16T06:35:05.975+0000] {logging_mixin.py:188} INFO - [2024-07-16T06:35:05.975+0000] {dag.py:3954} INFO - Setting next_dagrun for example_branch_operator to 2024-07-15 00:00:00+00:00, run_after=2024-07-16 00:00:00+00:00
[2024-07-16T06:35:05.988+0000] {processor.py:183} INFO - Processing /home/airflow/.local/lib/python3.12/site-packages/airflow/example_dags/example_branch_operator.py took 0.064 seconds
[2024-07-16T06:35:36.085+0000] {processor.py:161} INFO - Started process (PID=842) to work on /home/airflow/.local/lib/python3.12/site-packages/airflow/example_dags/example_branch_operator.py
[2024-07-16T06:35:36.085+0000] {processor.py:830} INFO - Processing file /home/airflow/.local/lib/python3.12/site-packages/airflow/example_dags/example_branch_operator.py for tasks to queue
[2024-07-16T06:35:36.086+0000] {logging_mixin.py:188} INFO - [2024-07-16T06:35:36.086+0000] {dagbag.py:545} INFO - Filling up the DagBag from /home/airflow/.local/lib/python3.12/site-packages/airflow/example_dags/example_branch_operator.py
[2024-07-16T06:35:36.094+0000] {processor.py:840} INFO - DAG(s) 'example_branch_operator' retrieved from /home/airflow/.local/lib/python3.12/site-packages/airflow/example_dags/example_branch_operator.py
[2024-07-16T06:35:36.114+0000] {logging_mixin.py:188} INFO - [2024-07-16T06:35:36.113+0000] {dag.py:3096} INFO - Sync 1 DAGs
[2024-07-16T06:35:36.127+0000] {logging_mixin.py:188} INFO - [2024-07-16T06:35:36.127+0000] {dag.py:3954} INFO - Setting next_dagrun for example_branch_operator to 2024-07-15 00:00:00+00:00, run_after=2024-07-16 00:00:00+00:00
[2024-07-16T06:35:36.138+0000] {processor.py:183} INFO - Processing /home/airflow/.local/lib/python3.12/site-packages/airflow/example_dags/example_branch_operator.py took 0.056 seconds
[2024-07-16T06:36:07.204+0000] {processor.py:161} INFO - Started process (PID=906) to work on /home/airflow/.local/lib/python3.12/site-packages/airflow/example_dags/example_branch_operator.py
[2024-07-16T06:36:07.205+0000] {processor.py:830} INFO - Processing file /home/airflow/.local/lib/python3.12/site-packages/airflow/example_dags/example_branch_operator.py for tasks to queue
[2024-07-16T06:36:07.206+0000] {logging_mixin.py:188} INFO - [2024-07-16T06:36:07.206+0000] {dagbag.py:545} INFO - Filling up the DagBag from /home/airflow/.local/lib/python3.12/site-packages/airflow/example_dags/example_branch_operator.py
[2024-07-16T06:36:07.215+0000] {processor.py:840} INFO - DAG(s) 'example_branch_operator' retrieved from /home/airflow/.local/lib/python3.12/site-packages/airflow/example_dags/example_branch_operator.py
[2024-07-16T06:36:07.232+0000] {logging_mixin.py:188} INFO - [2024-07-16T06:36:07.232+0000] {dag.py:3096} INFO - Sync 1 DAGs
[2024-07-16T06:36:07.246+0000] {logging_mixin.py:188} INFO - [2024-07-16T06:36:07.246+0000] {dag.py:3954} INFO - Setting next_dagrun for example_branch_operator to 2024-07-15 00:00:00+00:00, run_after=2024-07-16 00:00:00+00:00
[2024-07-16T06:36:07.259+0000] {processor.py:183} INFO - Processing /home/airflow/.local/lib/python3.12/site-packages/airflow/example_dags/example_branch_operator.py took 0.059 seconds
[2024-07-16T06:37:14.459+0000] {processor.py:161} INFO - Started process (PID=79) to work on /home/airflow/.local/lib/python3.12/site-packages/airflow/example_dags/example_branch_operator.py
[2024-07-16T06:37:14.459+0000] {processor.py:830} INFO - Processing file /home/airflow/.local/lib/python3.12/site-packages/airflow/example_dags/example_branch_operator.py for tasks to queue
[2024-07-16T06:37:14.460+0000] {logging_mixin.py:188} INFO - [2024-07-16T06:37:14.460+0000] {dagbag.py:545} INFO - Filling up the DagBag from /home/airflow/.local/lib/python3.12/site-packages/airflow/example_dags/example_branch_operator.py
[2024-07-16T06:37:14.470+0000] {processor.py:840} INFO - DAG(s) 'example_branch_operator' retrieved from /home/airflow/.local/lib/python3.12/site-packages/airflow/example_dags/example_branch_operator.py
[2024-07-16T06:37:14.481+0000] {logging_mixin.py:188} INFO - [2024-07-16T06:37:14.481+0000] {dag.py:3096} INFO - Sync 1 DAGs
[2024-07-16T06:37:14.496+0000] {logging_mixin.py:188} INFO - [2024-07-16T06:37:14.495+0000] {dag.py:3954} INFO - Setting next_dagrun for example_branch_operator to 2024-07-15 00:00:00+00:00, run_after=2024-07-16 00:00:00+00:00
[2024-07-16T06:37:14.508+0000] {processor.py:183} INFO - Processing /home/airflow/.local/lib/python3.12/site-packages/airflow/example_dags/example_branch_operator.py took 0.053 seconds
[2024-07-16T06:37:44.985+0000] {processor.py:161} INFO - Started process (PID=142) to work on /home/airflow/.local/lib/python3.12/site-packages/airflow/example_dags/example_branch_operator.py
[2024-07-16T06:37:44.986+0000] {processor.py:830} INFO - Processing file /home/airflow/.local/lib/python3.12/site-packages/airflow/example_dags/example_branch_operator.py for tasks to queue
[2024-07-16T06:37:44.987+0000] {logging_mixin.py:188} INFO - [2024-07-16T06:37:44.987+0000] {dagbag.py:545} INFO - Filling up the DagBag from /home/airflow/.local/lib/python3.12/site-packages/airflow/example_dags/example_branch_operator.py
[2024-07-16T06:37:44.995+0000] {processor.py:840} INFO - DAG(s) 'example_branch_operator' retrieved from /home/airflow/.local/lib/python3.12/site-packages/airflow/example_dags/example_branch_operator.py
[2024-07-16T06:37:45.049+0000] {logging_mixin.py:188} INFO - [2024-07-16T06:37:45.049+0000] {dag.py:3096} INFO - Sync 1 DAGs
[2024-07-16T06:37:45.062+0000] {logging_mixin.py:188} INFO - [2024-07-16T06:37:45.061+0000] {dag.py:3954} INFO - Setting next_dagrun for example_branch_operator to 2024-07-15 00:00:00+00:00, run_after=2024-07-16 00:00:00+00:00
[2024-07-16T06:37:45.073+0000] {processor.py:183} INFO - Processing /home/airflow/.local/lib/python3.12/site-packages/airflow/example_dags/example_branch_operator.py took 0.091 seconds
[2024-07-16T06:38:15.130+0000] {processor.py:161} INFO - Started process (PID=206) to work on /home/airflow/.local/lib/python3.12/site-packages/airflow/example_dags/example_branch_operator.py
[2024-07-16T06:38:15.131+0000] {processor.py:830} INFO - Processing file /home/airflow/.local/lib/python3.12/site-packages/airflow/example_dags/example_branch_operator.py for tasks to queue
[2024-07-16T06:38:15.132+0000] {logging_mixin.py:188} INFO - [2024-07-16T06:38:15.132+0000] {dagbag.py:545} INFO - Filling up the DagBag from /home/airflow/.local/lib/python3.12/site-packages/airflow/example_dags/example_branch_operator.py
[2024-07-16T06:38:15.139+0000] {processor.py:840} INFO - DAG(s) 'example_branch_operator' retrieved from /home/airflow/.local/lib/python3.12/site-packages/airflow/example_dags/example_branch_operator.py
[2024-07-16T06:38:15.158+0000] {logging_mixin.py:188} INFO - [2024-07-16T06:38:15.157+0000] {dag.py:3096} INFO - Sync 1 DAGs
[2024-07-16T06:38:15.172+0000] {logging_mixin.py:188} INFO - [2024-07-16T06:38:15.172+0000] {dag.py:3954} INFO - Setting next_dagrun for example_branch_operator to 2024-07-15 00:00:00+00:00, run_after=2024-07-16 00:00:00+00:00
[2024-07-16T06:38:15.182+0000] {processor.py:183} INFO - Processing /home/airflow/.local/lib/python3.12/site-packages/airflow/example_dags/example_branch_operator.py took 0.055 seconds
[2024-07-16T06:38:45.414+0000] {processor.py:161} INFO - Started process (PID=269) to work on /home/airflow/.local/lib/python3.12/site-packages/airflow/example_dags/example_branch_operator.py
[2024-07-16T06:38:45.415+0000] {processor.py:830} INFO - Processing file /home/airflow/.local/lib/python3.12/site-packages/airflow/example_dags/example_branch_operator.py for tasks to queue
[2024-07-16T06:38:45.416+0000] {logging_mixin.py:188} INFO - [2024-07-16T06:38:45.416+0000] {dagbag.py:545} INFO - Filling up the DagBag from /home/airflow/.local/lib/python3.12/site-packages/airflow/example_dags/example_branch_operator.py
[2024-07-16T06:38:45.424+0000] {processor.py:840} INFO - DAG(s) 'example_branch_operator' retrieved from /home/airflow/.local/lib/python3.12/site-packages/airflow/example_dags/example_branch_operator.py
[2024-07-16T06:38:45.442+0000] {logging_mixin.py:188} INFO - [2024-07-16T06:38:45.442+0000] {dag.py:3096} INFO - Sync 1 DAGs
[2024-07-16T06:38:45.454+0000] {logging_mixin.py:188} INFO - [2024-07-16T06:38:45.454+0000] {dag.py:3954} INFO - Setting next_dagrun for example_branch_operator to 2024-07-15 00:00:00+00:00, run_after=2024-07-16 00:00:00+00:00
[2024-07-16T06:38:45.466+0000] {processor.py:183} INFO - Processing /home/airflow/.local/lib/python3.12/site-packages/airflow/example_dags/example_branch_operator.py took 0.054 seconds
[2024-07-16T06:39:15.577+0000] {processor.py:161} INFO - Started process (PID=333) to work on /home/airflow/.local/lib/python3.12/site-packages/airflow/example_dags/example_branch_operator.py
[2024-07-16T06:39:15.577+0000] {processor.py:830} INFO - Processing file /home/airflow/.local/lib/python3.12/site-packages/airflow/example_dags/example_branch_operator.py for tasks to queue
[2024-07-16T06:39:15.579+0000] {logging_mixin.py:188} INFO - [2024-07-16T06:39:15.578+0000] {dagbag.py:545} INFO - Filling up the DagBag from /home/airflow/.local/lib/python3.12/site-packages/airflow/example_dags/example_branch_operator.py
[2024-07-16T06:39:15.587+0000] {processor.py:840} INFO - DAG(s) 'example_branch_operator' retrieved from /home/airflow/.local/lib/python3.12/site-packages/airflow/example_dags/example_branch_operator.py
[2024-07-16T06:39:15.606+0000] {logging_mixin.py:188} INFO - [2024-07-16T06:39:15.606+0000] {dag.py:3096} INFO - Sync 1 DAGs
[2024-07-16T06:39:15.620+0000] {logging_mixin.py:188} INFO - [2024-07-16T06:39:15.620+0000] {dag.py:3954} INFO - Setting next_dagrun for example_branch_operator to 2024-07-15 00:00:00+00:00, run_after=2024-07-16 00:00:00+00:00
[2024-07-16T06:39:15.631+0000] {processor.py:183} INFO - Processing /home/airflow/.local/lib/python3.12/site-packages/airflow/example_dags/example_branch_operator.py took 0.057 seconds
[2024-07-16T06:39:46.055+0000] {processor.py:161} INFO - Started process (PID=397) to work on /home/airflow/.local/lib/python3.12/site-packages/airflow/example_dags/example_branch_operator.py
[2024-07-16T06:39:46.055+0000] {processor.py:830} INFO - Processing file /home/airflow/.local/lib/python3.12/site-packages/airflow/example_dags/example_branch_operator.py for tasks to queue
[2024-07-16T06:39:46.056+0000] {logging_mixin.py:188} INFO - [2024-07-16T06:39:46.056+0000] {dagbag.py:545} INFO - Filling up the DagBag from /home/airflow/.local/lib/python3.12/site-packages/airflow/example_dags/example_branch_operator.py
[2024-07-16T06:39:46.064+0000] {processor.py:840} INFO - DAG(s) 'example_branch_operator' retrieved from /home/airflow/.local/lib/python3.12/site-packages/airflow/example_dags/example_branch_operator.py
[2024-07-16T06:39:46.081+0000] {logging_mixin.py:188} INFO - [2024-07-16T06:39:46.081+0000] {dag.py:3096} INFO - Sync 1 DAGs
[2024-07-16T06:39:46.093+0000] {logging_mixin.py:188} INFO - [2024-07-16T06:39:46.093+0000] {dag.py:3954} INFO - Setting next_dagrun for example_branch_operator to 2024-07-15 00:00:00+00:00, run_after=2024-07-16 00:00:00+00:00
[2024-07-16T06:39:46.103+0000] {processor.py:183} INFO - Processing /home/airflow/.local/lib/python3.12/site-packages/airflow/example_dags/example_branch_operator.py took 0.051 seconds
[2024-07-16T06:40:16.235+0000] {processor.py:161} INFO - Started process (PID=461) to work on /home/airflow/.local/lib/python3.12/site-packages/airflow/example_dags/example_branch_operator.py
[2024-07-16T06:40:16.236+0000] {processor.py:830} INFO - Processing file /home/airflow/.local/lib/python3.12/site-packages/airflow/example_dags/example_branch_operator.py for tasks to queue
[2024-07-16T06:40:16.237+0000] {logging_mixin.py:188} INFO - [2024-07-16T06:40:16.236+0000] {dagbag.py:545} INFO - Filling up the DagBag from /home/airflow/.local/lib/python3.12/site-packages/airflow/example_dags/example_branch_operator.py
[2024-07-16T06:40:16.244+0000] {processor.py:840} INFO - DAG(s) 'example_branch_operator' retrieved from /home/airflow/.local/lib/python3.12/site-packages/airflow/example_dags/example_branch_operator.py
[2024-07-16T06:40:16.262+0000] {logging_mixin.py:188} INFO - [2024-07-16T06:40:16.262+0000] {dag.py:3096} INFO - Sync 1 DAGs
[2024-07-16T06:40:16.274+0000] {logging_mixin.py:188} INFO - [2024-07-16T06:40:16.274+0000] {dag.py:3954} INFO - Setting next_dagrun for example_branch_operator to 2024-07-15 00:00:00+00:00, run_after=2024-07-16 00:00:00+00:00
[2024-07-16T06:40:16.283+0000] {processor.py:183} INFO - Processing /home/airflow/.local/lib/python3.12/site-packages/airflow/example_dags/example_branch_operator.py took 0.051 seconds
[2024-07-16T06:40:46.310+0000] {processor.py:161} INFO - Started process (PID=525) to work on /home/airflow/.local/lib/python3.12/site-packages/airflow/example_dags/example_branch_operator.py
[2024-07-16T06:40:46.312+0000] {processor.py:830} INFO - Processing file /home/airflow/.local/lib/python3.12/site-packages/airflow/example_dags/example_branch_operator.py for tasks to queue
[2024-07-16T06:40:46.313+0000] {logging_mixin.py:188} INFO - [2024-07-16T06:40:46.313+0000] {dagbag.py:545} INFO - Filling up the DagBag from /home/airflow/.local/lib/python3.12/site-packages/airflow/example_dags/example_branch_operator.py
[2024-07-16T06:40:46.320+0000] {processor.py:840} INFO - DAG(s) 'example_branch_operator' retrieved from /home/airflow/.local/lib/python3.12/site-packages/airflow/example_dags/example_branch_operator.py
[2024-07-16T06:40:46.337+0000] {logging_mixin.py:188} INFO - [2024-07-16T06:40:46.337+0000] {dag.py:3096} INFO - Sync 1 DAGs
[2024-07-16T06:40:46.349+0000] {logging_mixin.py:188} INFO - [2024-07-16T06:40:46.349+0000] {dag.py:3954} INFO - Setting next_dagrun for example_branch_operator to 2024-07-15 00:00:00+00:00, run_after=2024-07-16 00:00:00+00:00
[2024-07-16T06:40:46.359+0000] {processor.py:183} INFO - Processing /home/airflow/.local/lib/python3.12/site-packages/airflow/example_dags/example_branch_operator.py took 0.051 seconds
[2024-07-16T06:41:16.427+0000] {processor.py:161} INFO - Started process (PID=589) to work on /home/airflow/.local/lib/python3.12/site-packages/airflow/example_dags/example_branch_operator.py
[2024-07-16T06:41:16.428+0000] {processor.py:830} INFO - Processing file /home/airflow/.local/lib/python3.12/site-packages/airflow/example_dags/example_branch_operator.py for tasks to queue
[2024-07-16T06:41:16.428+0000] {logging_mixin.py:188} INFO - [2024-07-16T06:41:16.428+0000] {dagbag.py:545} INFO - Filling up the DagBag from /home/airflow/.local/lib/python3.12/site-packages/airflow/example_dags/example_branch_operator.py
[2024-07-16T06:41:16.436+0000] {processor.py:840} INFO - DAG(s) 'example_branch_operator' retrieved from /home/airflow/.local/lib/python3.12/site-packages/airflow/example_dags/example_branch_operator.py
[2024-07-16T06:41:16.453+0000] {logging_mixin.py:188} INFO - [2024-07-16T06:41:16.452+0000] {dag.py:3096} INFO - Sync 1 DAGs
[2024-07-16T06:41:16.466+0000] {logging_mixin.py:188} INFO - [2024-07-16T06:41:16.466+0000] {dag.py:3954} INFO - Setting next_dagrun for example_branch_operator to 2024-07-15 00:00:00+00:00, run_after=2024-07-16 00:00:00+00:00
[2024-07-16T06:41:16.476+0000] {processor.py:183} INFO - Processing /home/airflow/.local/lib/python3.12/site-packages/airflow/example_dags/example_branch_operator.py took 0.052 seconds
[2024-07-16T06:41:46.722+0000] {processor.py:161} INFO - Started process (PID=653) to work on /home/airflow/.local/lib/python3.12/site-packages/airflow/example_dags/example_branch_operator.py
[2024-07-16T06:41:46.723+0000] {processor.py:830} INFO - Processing file /home/airflow/.local/lib/python3.12/site-packages/airflow/example_dags/example_branch_operator.py for tasks to queue
[2024-07-16T06:41:46.724+0000] {logging_mixin.py:188} INFO - [2024-07-16T06:41:46.724+0000] {dagbag.py:545} INFO - Filling up the DagBag from /home/airflow/.local/lib/python3.12/site-packages/airflow/example_dags/example_branch_operator.py
[2024-07-16T06:41:46.732+0000] {processor.py:840} INFO - DAG(s) 'example_branch_operator' retrieved from /home/airflow/.local/lib/python3.12/site-packages/airflow/example_dags/example_branch_operator.py
[2024-07-16T06:41:46.750+0000] {logging_mixin.py:188} INFO - [2024-07-16T06:41:46.750+0000] {dag.py:3096} INFO - Sync 1 DAGs
[2024-07-16T06:41:46.763+0000] {logging_mixin.py:188} INFO - [2024-07-16T06:41:46.763+0000] {dag.py:3954} INFO - Setting next_dagrun for example_branch_operator to 2024-07-15 00:00:00+00:00, run_after=2024-07-16 00:00:00+00:00
[2024-07-16T06:41:46.774+0000] {processor.py:183} INFO - Processing /home/airflow/.local/lib/python3.12/site-packages/airflow/example_dags/example_branch_operator.py took 0.054 seconds
[2024-07-16T06:42:17.805+0000] {processor.py:161} INFO - Started process (PID=717) to work on /home/airflow/.local/lib/python3.12/site-packages/airflow/example_dags/example_branch_operator.py
[2024-07-16T06:42:17.806+0000] {processor.py:830} INFO - Processing file /home/airflow/.local/lib/python3.12/site-packages/airflow/example_dags/example_branch_operator.py for tasks to queue
[2024-07-16T06:42:17.807+0000] {logging_mixin.py:188} INFO - [2024-07-16T06:42:17.807+0000] {dagbag.py:545} INFO - Filling up the DagBag from /home/airflow/.local/lib/python3.12/site-packages/airflow/example_dags/example_branch_operator.py
[2024-07-16T06:42:17.815+0000] {processor.py:840} INFO - DAG(s) 'example_branch_operator' retrieved from /home/airflow/.local/lib/python3.12/site-packages/airflow/example_dags/example_branch_operator.py
[2024-07-16T06:42:17.833+0000] {logging_mixin.py:188} INFO - [2024-07-16T06:42:17.833+0000] {dag.py:3096} INFO - Sync 1 DAGs
[2024-07-16T06:42:17.846+0000] {logging_mixin.py:188} INFO - [2024-07-16T06:42:17.846+0000] {dag.py:3954} INFO - Setting next_dagrun for example_branch_operator to 2024-07-15 00:00:00+00:00, run_after=2024-07-16 00:00:00+00:00
[2024-07-16T06:42:17.857+0000] {processor.py:183} INFO - Processing /home/airflow/.local/lib/python3.12/site-packages/airflow/example_dags/example_branch_operator.py took 0.054 seconds
[2024-07-16T06:42:48.028+0000] {processor.py:161} INFO - Started process (PID=781) to work on /home/airflow/.local/lib/python3.12/site-packages/airflow/example_dags/example_branch_operator.py
[2024-07-16T06:42:48.028+0000] {processor.py:830} INFO - Processing file /home/airflow/.local/lib/python3.12/site-packages/airflow/example_dags/example_branch_operator.py for tasks to queue
[2024-07-16T06:42:48.029+0000] {logging_mixin.py:188} INFO - [2024-07-16T06:42:48.029+0000] {dagbag.py:545} INFO - Filling up the DagBag from /home/airflow/.local/lib/python3.12/site-packages/airflow/example_dags/example_branch_operator.py
[2024-07-16T06:42:48.038+0000] {processor.py:840} INFO - DAG(s) 'example_branch_operator' retrieved from /home/airflow/.local/lib/python3.12/site-packages/airflow/example_dags/example_branch_operator.py
[2024-07-16T06:42:48.056+0000] {logging_mixin.py:188} INFO - [2024-07-16T06:42:48.056+0000] {dag.py:3096} INFO - Sync 1 DAGs
[2024-07-16T06:42:48.072+0000] {logging_mixin.py:188} INFO - [2024-07-16T06:42:48.072+0000] {dag.py:3954} INFO - Setting next_dagrun for example_branch_operator to 2024-07-15 00:00:00+00:00, run_after=2024-07-16 00:00:00+00:00
[2024-07-16T06:42:48.086+0000] {processor.py:183} INFO - Processing /home/airflow/.local/lib/python3.12/site-packages/airflow/example_dags/example_branch_operator.py took 0.061 seconds
[2024-07-16T06:43:19.159+0000] {processor.py:161} INFO - Started process (PID=845) to work on /home/airflow/.local/lib/python3.12/site-packages/airflow/example_dags/example_branch_operator.py
[2024-07-16T06:43:19.160+0000] {processor.py:830} INFO - Processing file /home/airflow/.local/lib/python3.12/site-packages/airflow/example_dags/example_branch_operator.py for tasks to queue
[2024-07-16T06:43:19.161+0000] {logging_mixin.py:188} INFO - [2024-07-16T06:43:19.161+0000] {dagbag.py:545} INFO - Filling up the DagBag from /home/airflow/.local/lib/python3.12/site-packages/airflow/example_dags/example_branch_operator.py
[2024-07-16T06:43:19.169+0000] {processor.py:840} INFO - DAG(s) 'example_branch_operator' retrieved from /home/airflow/.local/lib/python3.12/site-packages/airflow/example_dags/example_branch_operator.py
[2024-07-16T06:43:19.187+0000] {logging_mixin.py:188} INFO - [2024-07-16T06:43:19.187+0000] {dag.py:3096} INFO - Sync 1 DAGs
[2024-07-16T06:43:19.200+0000] {logging_mixin.py:188} INFO - [2024-07-16T06:43:19.200+0000] {dag.py:3954} INFO - Setting next_dagrun for example_branch_operator to 2024-07-15 00:00:00+00:00, run_after=2024-07-16 00:00:00+00:00
[2024-07-16T06:43:19.210+0000] {processor.py:183} INFO - Processing /home/airflow/.local/lib/python3.12/site-packages/airflow/example_dags/example_branch_operator.py took 0.054 seconds
[2024-07-16T06:43:49.445+0000] {processor.py:161} INFO - Started process (PID=909) to work on /home/airflow/.local/lib/python3.12/site-packages/airflow/example_dags/example_branch_operator.py
[2024-07-16T06:43:49.445+0000] {processor.py:830} INFO - Processing file /home/airflow/.local/lib/python3.12/site-packages/airflow/example_dags/example_branch_operator.py for tasks to queue
[2024-07-16T06:43:49.446+0000] {logging_mixin.py:188} INFO - [2024-07-16T06:43:49.446+0000] {dagbag.py:545} INFO - Filling up the DagBag from /home/airflow/.local/lib/python3.12/site-packages/airflow/example_dags/example_branch_operator.py
[2024-07-16T06:43:49.454+0000] {processor.py:840} INFO - DAG(s) 'example_branch_operator' retrieved from /home/airflow/.local/lib/python3.12/site-packages/airflow/example_dags/example_branch_operator.py
[2024-07-16T06:43:49.473+0000] {logging_mixin.py:188} INFO - [2024-07-16T06:43:49.473+0000] {dag.py:3096} INFO - Sync 1 DAGs
[2024-07-16T06:43:49.485+0000] {logging_mixin.py:188} INFO - [2024-07-16T06:43:49.485+0000] {dag.py:3954} INFO - Setting next_dagrun for example_branch_operator to 2024-07-15 00:00:00+00:00, run_after=2024-07-16 00:00:00+00:00
[2024-07-16T06:43:49.495+0000] {processor.py:183} INFO - Processing /home/airflow/.local/lib/python3.12/site-packages/airflow/example_dags/example_branch_operator.py took 0.054 seconds
[2024-07-16T06:44:19.559+0000] {processor.py:161} INFO - Started process (PID=973) to work on /home/airflow/.local/lib/python3.12/site-packages/airflow/example_dags/example_branch_operator.py
[2024-07-16T06:44:19.559+0000] {processor.py:830} INFO - Processing file /home/airflow/.local/lib/python3.12/site-packages/airflow/example_dags/example_branch_operator.py for tasks to queue
[2024-07-16T06:44:19.560+0000] {logging_mixin.py:188} INFO - [2024-07-16T06:44:19.560+0000] {dagbag.py:545} INFO - Filling up the DagBag from /home/airflow/.local/lib/python3.12/site-packages/airflow/example_dags/example_branch_operator.py
[2024-07-16T06:44:19.568+0000] {processor.py:840} INFO - DAG(s) 'example_branch_operator' retrieved from /home/airflow/.local/lib/python3.12/site-packages/airflow/example_dags/example_branch_operator.py
[2024-07-16T06:44:19.586+0000] {logging_mixin.py:188} INFO - [2024-07-16T06:44:19.586+0000] {dag.py:3096} INFO - Sync 1 DAGs
[2024-07-16T06:44:19.600+0000] {logging_mixin.py:188} INFO - [2024-07-16T06:44:19.600+0000] {dag.py:3954} INFO - Setting next_dagrun for example_branch_operator to 2024-07-15 00:00:00+00:00, run_after=2024-07-16 00:00:00+00:00
[2024-07-16T06:44:19.610+0000] {processor.py:183} INFO - Processing /home/airflow/.local/lib/python3.12/site-packages/airflow/example_dags/example_branch_operator.py took 0.054 seconds
[2024-07-16T06:44:49.709+0000] {processor.py:161} INFO - Started process (PID=1037) to work on /home/airflow/.local/lib/python3.12/site-packages/airflow/example_dags/example_branch_operator.py
[2024-07-16T06:44:49.709+0000] {processor.py:830} INFO - Processing file /home/airflow/.local/lib/python3.12/site-packages/airflow/example_dags/example_branch_operator.py for tasks to queue
[2024-07-16T06:44:49.710+0000] {logging_mixin.py:188} INFO - [2024-07-16T06:44:49.710+0000] {dagbag.py:545} INFO - Filling up the DagBag from /home/airflow/.local/lib/python3.12/site-packages/airflow/example_dags/example_branch_operator.py
[2024-07-16T06:44:49.718+0000] {processor.py:840} INFO - DAG(s) 'example_branch_operator' retrieved from /home/airflow/.local/lib/python3.12/site-packages/airflow/example_dags/example_branch_operator.py
[2024-07-16T06:44:49.737+0000] {logging_mixin.py:188} INFO - [2024-07-16T06:44:49.736+0000] {dag.py:3096} INFO - Sync 1 DAGs
[2024-07-16T06:44:49.752+0000] {logging_mixin.py:188} INFO - [2024-07-16T06:44:49.752+0000] {dag.py:3954} INFO - Setting next_dagrun for example_branch_operator to 2024-07-15 00:00:00+00:00, run_after=2024-07-16 00:00:00+00:00
[2024-07-16T06:44:49.763+0000] {processor.py:183} INFO - Processing /home/airflow/.local/lib/python3.12/site-packages/airflow/example_dags/example_branch_operator.py took 0.057 seconds
[2024-07-16T06:45:19.877+0000] {processor.py:161} INFO - Started process (PID=1100) to work on /home/airflow/.local/lib/python3.12/site-packages/airflow/example_dags/example_branch_operator.py
[2024-07-16T06:45:19.878+0000] {processor.py:830} INFO - Processing file /home/airflow/.local/lib/python3.12/site-packages/airflow/example_dags/example_branch_operator.py for tasks to queue
[2024-07-16T06:45:19.880+0000] {logging_mixin.py:188} INFO - [2024-07-16T06:45:19.880+0000] {dagbag.py:545} INFO - Filling up the DagBag from /home/airflow/.local/lib/python3.12/site-packages/airflow/example_dags/example_branch_operator.py
[2024-07-16T06:45:19.889+0000] {processor.py:840} INFO - DAG(s) 'example_branch_operator' retrieved from /home/airflow/.local/lib/python3.12/site-packages/airflow/example_dags/example_branch_operator.py
[2024-07-16T06:45:19.909+0000] {logging_mixin.py:188} INFO - [2024-07-16T06:45:19.909+0000] {dag.py:3096} INFO - Sync 1 DAGs
[2024-07-16T06:45:19.923+0000] {logging_mixin.py:188} INFO - [2024-07-16T06:45:19.922+0000] {dag.py:3954} INFO - Setting next_dagrun for example_branch_operator to 2024-07-15 00:00:00+00:00, run_after=2024-07-16 00:00:00+00:00
[2024-07-16T06:45:19.933+0000] {processor.py:183} INFO - Processing /home/airflow/.local/lib/python3.12/site-packages/airflow/example_dags/example_branch_operator.py took 0.060 seconds
[2024-07-16T06:45:51.035+0000] {processor.py:161} INFO - Started process (PID=1163) to work on /home/airflow/.local/lib/python3.12/site-packages/airflow/example_dags/example_branch_operator.py
[2024-07-16T06:45:51.036+0000] {processor.py:830} INFO - Processing file /home/airflow/.local/lib/python3.12/site-packages/airflow/example_dags/example_branch_operator.py for tasks to queue
[2024-07-16T06:45:51.038+0000] {logging_mixin.py:188} INFO - [2024-07-16T06:45:51.037+0000] {dagbag.py:545} INFO - Filling up the DagBag from /home/airflow/.local/lib/python3.12/site-packages/airflow/example_dags/example_branch_operator.py
[2024-07-16T06:45:51.047+0000] {processor.py:840} INFO - DAG(s) 'example_branch_operator' retrieved from /home/airflow/.local/lib/python3.12/site-packages/airflow/example_dags/example_branch_operator.py
[2024-07-16T06:45:51.071+0000] {logging_mixin.py:188} INFO - [2024-07-16T06:45:51.071+0000] {dag.py:3096} INFO - Sync 1 DAGs
[2024-07-16T06:45:51.087+0000] {logging_mixin.py:188} INFO - [2024-07-16T06:45:51.087+0000] {dag.py:3954} INFO - Setting next_dagrun for example_branch_operator to 2024-07-15 00:00:00+00:00, run_after=2024-07-16 00:00:00+00:00
[2024-07-16T06:45:51.099+0000] {processor.py:183} INFO - Processing /home/airflow/.local/lib/python3.12/site-packages/airflow/example_dags/example_branch_operator.py took 0.068 seconds
[2024-07-16T06:46:21.353+0000] {processor.py:161} INFO - Started process (PID=1227) to work on /home/airflow/.local/lib/python3.12/site-packages/airflow/example_dags/example_branch_operator.py
[2024-07-16T06:46:21.353+0000] {processor.py:830} INFO - Processing file /home/airflow/.local/lib/python3.12/site-packages/airflow/example_dags/example_branch_operator.py for tasks to queue
[2024-07-16T06:46:21.354+0000] {logging_mixin.py:188} INFO - [2024-07-16T06:46:21.354+0000] {dagbag.py:545} INFO - Filling up the DagBag from /home/airflow/.local/lib/python3.12/site-packages/airflow/example_dags/example_branch_operator.py
[2024-07-16T06:46:21.363+0000] {processor.py:840} INFO - DAG(s) 'example_branch_operator' retrieved from /home/airflow/.local/lib/python3.12/site-packages/airflow/example_dags/example_branch_operator.py
[2024-07-16T06:46:21.382+0000] {logging_mixin.py:188} INFO - [2024-07-16T06:46:21.382+0000] {dag.py:3096} INFO - Sync 1 DAGs
[2024-07-16T06:46:21.396+0000] {logging_mixin.py:188} INFO - [2024-07-16T06:46:21.396+0000] {dag.py:3954} INFO - Setting next_dagrun for example_branch_operator to 2024-07-15 00:00:00+00:00, run_after=2024-07-16 00:00:00+00:00
[2024-07-16T06:46:21.406+0000] {processor.py:183} INFO - Processing /home/airflow/.local/lib/python3.12/site-packages/airflow/example_dags/example_branch_operator.py took 0.057 seconds
[2024-07-16T06:46:52.069+0000] {processor.py:161} INFO - Started process (PID=1291) to work on /home/airflow/.local/lib/python3.12/site-packages/airflow/example_dags/example_branch_operator.py
[2024-07-16T06:46:52.070+0000] {processor.py:830} INFO - Processing file /home/airflow/.local/lib/python3.12/site-packages/airflow/example_dags/example_branch_operator.py for tasks to queue
[2024-07-16T06:46:52.071+0000] {logging_mixin.py:188} INFO - [2024-07-16T06:46:52.071+0000] {dagbag.py:545} INFO - Filling up the DagBag from /home/airflow/.local/lib/python3.12/site-packages/airflow/example_dags/example_branch_operator.py
[2024-07-16T06:46:52.079+0000] {processor.py:840} INFO - DAG(s) 'example_branch_operator' retrieved from /home/airflow/.local/lib/python3.12/site-packages/airflow/example_dags/example_branch_operator.py
[2024-07-16T06:46:52.097+0000] {logging_mixin.py:188} INFO - [2024-07-16T06:46:52.097+0000] {dag.py:3096} INFO - Sync 1 DAGs
[2024-07-16T06:46:52.111+0000] {logging_mixin.py:188} INFO - [2024-07-16T06:46:52.111+0000] {dag.py:3954} INFO - Setting next_dagrun for example_branch_operator to 2024-07-15 00:00:00+00:00, run_after=2024-07-16 00:00:00+00:00
[2024-07-16T06:46:52.122+0000] {processor.py:183} INFO - Processing /home/airflow/.local/lib/python3.12/site-packages/airflow/example_dags/example_branch_operator.py took 0.056 seconds
[2024-07-16T06:47:22.525+0000] {processor.py:161} INFO - Started process (PID=1355) to work on /home/airflow/.local/lib/python3.12/site-packages/airflow/example_dags/example_branch_operator.py
[2024-07-16T06:47:22.526+0000] {processor.py:830} INFO - Processing file /home/airflow/.local/lib/python3.12/site-packages/airflow/example_dags/example_branch_operator.py for tasks to queue
[2024-07-16T06:47:22.527+0000] {logging_mixin.py:188} INFO - [2024-07-16T06:47:22.527+0000] {dagbag.py:545} INFO - Filling up the DagBag from /home/airflow/.local/lib/python3.12/site-packages/airflow/example_dags/example_branch_operator.py
[2024-07-16T06:47:22.552+0000] {processor.py:840} INFO - DAG(s) 'example_branch_operator' retrieved from /home/airflow/.local/lib/python3.12/site-packages/airflow/example_dags/example_branch_operator.py
[2024-07-16T06:47:22.571+0000] {logging_mixin.py:188} INFO - [2024-07-16T06:47:22.571+0000] {dag.py:3096} INFO - Sync 1 DAGs
[2024-07-16T06:47:22.675+0000] {logging_mixin.py:188} INFO - [2024-07-16T06:47:22.675+0000] {dag.py:3954} INFO - Setting next_dagrun for example_branch_operator to 2024-07-15 00:00:00+00:00, run_after=2024-07-16 00:00:00+00:00
[2024-07-16T06:47:22.686+0000] {processor.py:183} INFO - Processing /home/airflow/.local/lib/python3.12/site-packages/airflow/example_dags/example_branch_operator.py took 0.167 seconds
[2024-07-16T06:47:52.734+0000] {processor.py:161} INFO - Started process (PID=1420) to work on /home/airflow/.local/lib/python3.12/site-packages/airflow/example_dags/example_branch_operator.py
[2024-07-16T06:47:52.735+0000] {processor.py:830} INFO - Processing file /home/airflow/.local/lib/python3.12/site-packages/airflow/example_dags/example_branch_operator.py for tasks to queue
[2024-07-16T06:47:52.736+0000] {logging_mixin.py:188} INFO - [2024-07-16T06:47:52.736+0000] {dagbag.py:545} INFO - Filling up the DagBag from /home/airflow/.local/lib/python3.12/site-packages/airflow/example_dags/example_branch_operator.py
[2024-07-16T06:47:52.743+0000] {processor.py:840} INFO - DAG(s) 'example_branch_operator' retrieved from /home/airflow/.local/lib/python3.12/site-packages/airflow/example_dags/example_branch_operator.py
[2024-07-16T06:47:52.760+0000] {logging_mixin.py:188} INFO - [2024-07-16T06:47:52.760+0000] {dag.py:3096} INFO - Sync 1 DAGs
[2024-07-16T06:47:52.773+0000] {logging_mixin.py:188} INFO - [2024-07-16T06:47:52.773+0000] {dag.py:3954} INFO - Setting next_dagrun for example_branch_operator to 2024-07-15 00:00:00+00:00, run_after=2024-07-16 00:00:00+00:00
[2024-07-16T06:47:52.785+0000] {processor.py:183} INFO - Processing /home/airflow/.local/lib/python3.12/site-packages/airflow/example_dags/example_branch_operator.py took 0.054 seconds
[2024-07-16T06:48:23.048+0000] {processor.py:161} INFO - Started process (PID=1483) to work on /home/airflow/.local/lib/python3.12/site-packages/airflow/example_dags/example_branch_operator.py
[2024-07-16T06:48:23.049+0000] {processor.py:830} INFO - Processing file /home/airflow/.local/lib/python3.12/site-packages/airflow/example_dags/example_branch_operator.py for tasks to queue
[2024-07-16T06:48:23.050+0000] {logging_mixin.py:188} INFO - [2024-07-16T06:48:23.049+0000] {dagbag.py:545} INFO - Filling up the DagBag from /home/airflow/.local/lib/python3.12/site-packages/airflow/example_dags/example_branch_operator.py
[2024-07-16T06:48:23.058+0000] {processor.py:840} INFO - DAG(s) 'example_branch_operator' retrieved from /home/airflow/.local/lib/python3.12/site-packages/airflow/example_dags/example_branch_operator.py
[2024-07-16T06:48:23.077+0000] {logging_mixin.py:188} INFO - [2024-07-16T06:48:23.077+0000] {dag.py:3096} INFO - Sync 1 DAGs
[2024-07-16T06:48:23.089+0000] {logging_mixin.py:188} INFO - [2024-07-16T06:48:23.089+0000] {dag.py:3954} INFO - Setting next_dagrun for example_branch_operator to 2024-07-15 00:00:00+00:00, run_after=2024-07-16 00:00:00+00:00
[2024-07-16T06:48:23.099+0000] {processor.py:183} INFO - Processing /home/airflow/.local/lib/python3.12/site-packages/airflow/example_dags/example_branch_operator.py took 0.055 seconds
[2024-07-16T06:48:53.307+0000] {processor.py:161} INFO - Started process (PID=1547) to work on /home/airflow/.local/lib/python3.12/site-packages/airflow/example_dags/example_branch_operator.py
[2024-07-16T06:48:53.308+0000] {processor.py:830} INFO - Processing file /home/airflow/.local/lib/python3.12/site-packages/airflow/example_dags/example_branch_operator.py for tasks to queue
[2024-07-16T06:48:53.309+0000] {logging_mixin.py:188} INFO - [2024-07-16T06:48:53.309+0000] {dagbag.py:545} INFO - Filling up the DagBag from /home/airflow/.local/lib/python3.12/site-packages/airflow/example_dags/example_branch_operator.py
[2024-07-16T06:48:53.317+0000] {processor.py:840} INFO - DAG(s) 'example_branch_operator' retrieved from /home/airflow/.local/lib/python3.12/site-packages/airflow/example_dags/example_branch_operator.py
[2024-07-16T06:48:53.335+0000] {logging_mixin.py:188} INFO - [2024-07-16T06:48:53.335+0000] {dag.py:3096} INFO - Sync 1 DAGs
[2024-07-16T06:48:53.349+0000] {logging_mixin.py:188} INFO - [2024-07-16T06:48:53.349+0000] {dag.py:3954} INFO - Setting next_dagrun for example_branch_operator to 2024-07-15 00:00:00+00:00, run_after=2024-07-16 00:00:00+00:00
[2024-07-16T06:48:53.361+0000] {processor.py:183} INFO - Processing /home/airflow/.local/lib/python3.12/site-packages/airflow/example_dags/example_branch_operator.py took 0.056 seconds
[2024-07-16T06:49:24.706+0000] {processor.py:161} INFO - Started process (PID=1611) to work on /home/airflow/.local/lib/python3.12/site-packages/airflow/example_dags/example_branch_operator.py
[2024-07-16T06:49:24.707+0000] {processor.py:830} INFO - Processing file /home/airflow/.local/lib/python3.12/site-packages/airflow/example_dags/example_branch_operator.py for tasks to queue
[2024-07-16T06:49:24.708+0000] {logging_mixin.py:188} INFO - [2024-07-16T06:49:24.708+0000] {dagbag.py:545} INFO - Filling up the DagBag from /home/airflow/.local/lib/python3.12/site-packages/airflow/example_dags/example_branch_operator.py
[2024-07-16T06:49:24.717+0000] {processor.py:840} INFO - DAG(s) 'example_branch_operator' retrieved from /home/airflow/.local/lib/python3.12/site-packages/airflow/example_dags/example_branch_operator.py
[2024-07-16T06:49:24.834+0000] {logging_mixin.py:188} INFO - [2024-07-16T06:49:24.834+0000] {dag.py:3096} INFO - Sync 1 DAGs
[2024-07-16T06:49:24.846+0000] {logging_mixin.py:188} INFO - [2024-07-16T06:49:24.846+0000] {dag.py:3954} INFO - Setting next_dagrun for example_branch_operator to 2024-07-15 00:00:00+00:00, run_after=2024-07-16 00:00:00+00:00
[2024-07-16T06:49:24.858+0000] {processor.py:183} INFO - Processing /home/airflow/.local/lib/python3.12/site-packages/airflow/example_dags/example_branch_operator.py took 0.156 seconds
[2024-07-16T06:49:55.337+0000] {processor.py:161} INFO - Started process (PID=1675) to work on /home/airflow/.local/lib/python3.12/site-packages/airflow/example_dags/example_branch_operator.py
[2024-07-16T06:49:55.338+0000] {processor.py:830} INFO - Processing file /home/airflow/.local/lib/python3.12/site-packages/airflow/example_dags/example_branch_operator.py for tasks to queue
[2024-07-16T06:49:55.339+0000] {logging_mixin.py:188} INFO - [2024-07-16T06:49:55.339+0000] {dagbag.py:545} INFO - Filling up the DagBag from /home/airflow/.local/lib/python3.12/site-packages/airflow/example_dags/example_branch_operator.py
[2024-07-16T06:49:55.347+0000] {processor.py:840} INFO - DAG(s) 'example_branch_operator' retrieved from /home/airflow/.local/lib/python3.12/site-packages/airflow/example_dags/example_branch_operator.py
[2024-07-16T06:49:55.367+0000] {logging_mixin.py:188} INFO - [2024-07-16T06:49:55.367+0000] {dag.py:3096} INFO - Sync 1 DAGs
[2024-07-16T06:49:55.483+0000] {logging_mixin.py:188} INFO - [2024-07-16T06:49:55.483+0000] {dag.py:3954} INFO - Setting next_dagrun for example_branch_operator to 2024-07-15 00:00:00+00:00, run_after=2024-07-16 00:00:00+00:00
[2024-07-16T06:49:55.493+0000] {processor.py:183} INFO - Processing /home/airflow/.local/lib/python3.12/site-packages/airflow/example_dags/example_branch_operator.py took 0.159 seconds
[2024-07-16T06:50:26.322+0000] {processor.py:161} INFO - Started process (PID=1739) to work on /home/airflow/.local/lib/python3.12/site-packages/airflow/example_dags/example_branch_operator.py
[2024-07-16T06:50:26.323+0000] {processor.py:830} INFO - Processing file /home/airflow/.local/lib/python3.12/site-packages/airflow/example_dags/example_branch_operator.py for tasks to queue
[2024-07-16T06:50:26.324+0000] {logging_mixin.py:188} INFO - [2024-07-16T06:50:26.323+0000] {dagbag.py:545} INFO - Filling up the DagBag from /home/airflow/.local/lib/python3.12/site-packages/airflow/example_dags/example_branch_operator.py
[2024-07-16T06:50:26.331+0000] {processor.py:840} INFO - DAG(s) 'example_branch_operator' retrieved from /home/airflow/.local/lib/python3.12/site-packages/airflow/example_dags/example_branch_operator.py
[2024-07-16T06:50:26.349+0000] {logging_mixin.py:188} INFO - [2024-07-16T06:50:26.348+0000] {dag.py:3096} INFO - Sync 1 DAGs
[2024-07-16T06:50:26.361+0000] {logging_mixin.py:188} INFO - [2024-07-16T06:50:26.361+0000] {dag.py:3954} INFO - Setting next_dagrun for example_branch_operator to 2024-07-15 00:00:00+00:00, run_after=2024-07-16 00:00:00+00:00
[2024-07-16T06:50:26.376+0000] {processor.py:183} INFO - Processing /home/airflow/.local/lib/python3.12/site-packages/airflow/example_dags/example_branch_operator.py took 0.057 seconds
[2024-07-16T06:50:56.477+0000] {processor.py:161} INFO - Started process (PID=1803) to work on /home/airflow/.local/lib/python3.12/site-packages/airflow/example_dags/example_branch_operator.py
[2024-07-16T06:50:56.478+0000] {processor.py:830} INFO - Processing file /home/airflow/.local/lib/python3.12/site-packages/airflow/example_dags/example_branch_operator.py for tasks to queue
[2024-07-16T06:50:56.479+0000] {logging_mixin.py:188} INFO - [2024-07-16T06:50:56.478+0000] {dagbag.py:545} INFO - Filling up the DagBag from /home/airflow/.local/lib/python3.12/site-packages/airflow/example_dags/example_branch_operator.py
[2024-07-16T06:50:56.486+0000] {processor.py:840} INFO - DAG(s) 'example_branch_operator' retrieved from /home/airflow/.local/lib/python3.12/site-packages/airflow/example_dags/example_branch_operator.py
[2024-07-16T06:50:56.505+0000] {logging_mixin.py:188} INFO - [2024-07-16T06:50:56.505+0000] {dag.py:3096} INFO - Sync 1 DAGs
[2024-07-16T06:50:56.519+0000] {logging_mixin.py:188} INFO - [2024-07-16T06:50:56.518+0000] {dag.py:3954} INFO - Setting next_dagrun for example_branch_operator to 2024-07-15 00:00:00+00:00, run_after=2024-07-16 00:00:00+00:00
[2024-07-16T06:50:56.530+0000] {processor.py:183} INFO - Processing /home/airflow/.local/lib/python3.12/site-packages/airflow/example_dags/example_branch_operator.py took 0.056 seconds
[2024-07-16T06:51:26.564+0000] {processor.py:161} INFO - Started process (PID=1867) to work on /home/airflow/.local/lib/python3.12/site-packages/airflow/example_dags/example_branch_operator.py
[2024-07-16T06:51:26.564+0000] {processor.py:830} INFO - Processing file /home/airflow/.local/lib/python3.12/site-packages/airflow/example_dags/example_branch_operator.py for tasks to queue
[2024-07-16T06:51:26.565+0000] {logging_mixin.py:188} INFO - [2024-07-16T06:51:26.565+0000] {dagbag.py:545} INFO - Filling up the DagBag from /home/airflow/.local/lib/python3.12/site-packages/airflow/example_dags/example_branch_operator.py
[2024-07-16T06:51:26.573+0000] {processor.py:840} INFO - DAG(s) 'example_branch_operator' retrieved from /home/airflow/.local/lib/python3.12/site-packages/airflow/example_dags/example_branch_operator.py
[2024-07-16T06:51:26.590+0000] {logging_mixin.py:188} INFO - [2024-07-16T06:51:26.590+0000] {dag.py:3096} INFO - Sync 1 DAGs
[2024-07-16T06:51:26.604+0000] {logging_mixin.py:188} INFO - [2024-07-16T06:51:26.604+0000] {dag.py:3954} INFO - Setting next_dagrun for example_branch_operator to 2024-07-15 00:00:00+00:00, run_after=2024-07-16 00:00:00+00:00
[2024-07-16T06:51:26.615+0000] {processor.py:183} INFO - Processing /home/airflow/.local/lib/python3.12/site-packages/airflow/example_dags/example_branch_operator.py took 0.054 seconds
[2024-07-16T06:51:56.770+0000] {processor.py:161} INFO - Started process (PID=1931) to work on /home/airflow/.local/lib/python3.12/site-packages/airflow/example_dags/example_branch_operator.py
[2024-07-16T06:51:56.771+0000] {processor.py:830} INFO - Processing file /home/airflow/.local/lib/python3.12/site-packages/airflow/example_dags/example_branch_operator.py for tasks to queue
[2024-07-16T06:51:56.772+0000] {logging_mixin.py:188} INFO - [2024-07-16T06:51:56.772+0000] {dagbag.py:545} INFO - Filling up the DagBag from /home/airflow/.local/lib/python3.12/site-packages/airflow/example_dags/example_branch_operator.py
[2024-07-16T06:51:56.780+0000] {processor.py:840} INFO - DAG(s) 'example_branch_operator' retrieved from /home/airflow/.local/lib/python3.12/site-packages/airflow/example_dags/example_branch_operator.py
[2024-07-16T06:51:56.797+0000] {logging_mixin.py:188} INFO - [2024-07-16T06:51:56.797+0000] {dag.py:3096} INFO - Sync 1 DAGs
[2024-07-16T06:51:56.810+0000] {logging_mixin.py:188} INFO - [2024-07-16T06:51:56.810+0000] {dag.py:3954} INFO - Setting next_dagrun for example_branch_operator to 2024-07-15 00:00:00+00:00, run_after=2024-07-16 00:00:00+00:00
[2024-07-16T06:51:56.820+0000] {processor.py:183} INFO - Processing /home/airflow/.local/lib/python3.12/site-packages/airflow/example_dags/example_branch_operator.py took 0.053 seconds
[2024-07-16T06:52:27.036+0000] {processor.py:161} INFO - Started process (PID=1995) to work on /home/airflow/.local/lib/python3.12/site-packages/airflow/example_dags/example_branch_operator.py
[2024-07-16T06:52:27.037+0000] {processor.py:830} INFO - Processing file /home/airflow/.local/lib/python3.12/site-packages/airflow/example_dags/example_branch_operator.py for tasks to queue
[2024-07-16T06:52:27.038+0000] {logging_mixin.py:188} INFO - [2024-07-16T06:52:27.038+0000] {dagbag.py:545} INFO - Filling up the DagBag from /home/airflow/.local/lib/python3.12/site-packages/airflow/example_dags/example_branch_operator.py
[2024-07-16T06:52:27.046+0000] {processor.py:840} INFO - DAG(s) 'example_branch_operator' retrieved from /home/airflow/.local/lib/python3.12/site-packages/airflow/example_dags/example_branch_operator.py
[2024-07-16T06:52:27.065+0000] {logging_mixin.py:188} INFO - [2024-07-16T06:52:27.065+0000] {dag.py:3096} INFO - Sync 1 DAGs
[2024-07-16T06:52:27.079+0000] {logging_mixin.py:188} INFO - [2024-07-16T06:52:27.079+0000] {dag.py:3954} INFO - Setting next_dagrun for example_branch_operator to 2024-07-15 00:00:00+00:00, run_after=2024-07-16 00:00:00+00:00
[2024-07-16T06:52:27.091+0000] {processor.py:183} INFO - Processing /home/airflow/.local/lib/python3.12/site-packages/airflow/example_dags/example_branch_operator.py took 0.058 seconds
[2024-07-16T06:52:57.224+0000] {processor.py:161} INFO - Started process (PID=2059) to work on /home/airflow/.local/lib/python3.12/site-packages/airflow/example_dags/example_branch_operator.py
[2024-07-16T06:52:57.224+0000] {processor.py:830} INFO - Processing file /home/airflow/.local/lib/python3.12/site-packages/airflow/example_dags/example_branch_operator.py for tasks to queue
[2024-07-16T06:52:57.225+0000] {logging_mixin.py:188} INFO - [2024-07-16T06:52:57.225+0000] {dagbag.py:545} INFO - Filling up the DagBag from /home/airflow/.local/lib/python3.12/site-packages/airflow/example_dags/example_branch_operator.py
[2024-07-16T06:52:57.233+0000] {processor.py:840} INFO - DAG(s) 'example_branch_operator' retrieved from /home/airflow/.local/lib/python3.12/site-packages/airflow/example_dags/example_branch_operator.py
[2024-07-16T06:52:57.251+0000] {logging_mixin.py:188} INFO - [2024-07-16T06:52:57.251+0000] {dag.py:3096} INFO - Sync 1 DAGs
[2024-07-16T06:52:57.264+0000] {logging_mixin.py:188} INFO - [2024-07-16T06:52:57.263+0000] {dag.py:3954} INFO - Setting next_dagrun for example_branch_operator to 2024-07-15 00:00:00+00:00, run_after=2024-07-16 00:00:00+00:00
[2024-07-16T06:52:57.274+0000] {processor.py:183} INFO - Processing /home/airflow/.local/lib/python3.12/site-packages/airflow/example_dags/example_branch_operator.py took 0.053 seconds
[2024-07-16T06:53:27.519+0000] {processor.py:161} INFO - Started process (PID=2123) to work on /home/airflow/.local/lib/python3.12/site-packages/airflow/example_dags/example_branch_operator.py
[2024-07-16T06:53:27.520+0000] {processor.py:830} INFO - Processing file /home/airflow/.local/lib/python3.12/site-packages/airflow/example_dags/example_branch_operator.py for tasks to queue
[2024-07-16T06:53:27.521+0000] {logging_mixin.py:188} INFO - [2024-07-16T06:53:27.521+0000] {dagbag.py:545} INFO - Filling up the DagBag from /home/airflow/.local/lib/python3.12/site-packages/airflow/example_dags/example_branch_operator.py
[2024-07-16T06:53:27.530+0000] {processor.py:840} INFO - DAG(s) 'example_branch_operator' retrieved from /home/airflow/.local/lib/python3.12/site-packages/airflow/example_dags/example_branch_operator.py
[2024-07-16T06:53:27.549+0000] {logging_mixin.py:188} INFO - [2024-07-16T06:53:27.549+0000] {dag.py:3096} INFO - Sync 1 DAGs
[2024-07-16T06:53:27.562+0000] {logging_mixin.py:188} INFO - [2024-07-16T06:53:27.562+0000] {dag.py:3954} INFO - Setting next_dagrun for example_branch_operator to 2024-07-15 00:00:00+00:00, run_after=2024-07-16 00:00:00+00:00
[2024-07-16T06:53:27.573+0000] {processor.py:183} INFO - Processing /home/airflow/.local/lib/python3.12/site-packages/airflow/example_dags/example_branch_operator.py took 0.057 seconds
[2024-07-16T06:53:57.724+0000] {processor.py:161} INFO - Started process (PID=2187) to work on /home/airflow/.local/lib/python3.12/site-packages/airflow/example_dags/example_branch_operator.py
[2024-07-16T06:53:57.725+0000] {processor.py:830} INFO - Processing file /home/airflow/.local/lib/python3.12/site-packages/airflow/example_dags/example_branch_operator.py for tasks to queue
[2024-07-16T06:53:57.726+0000] {logging_mixin.py:188} INFO - [2024-07-16T06:53:57.726+0000] {dagbag.py:545} INFO - Filling up the DagBag from /home/airflow/.local/lib/python3.12/site-packages/airflow/example_dags/example_branch_operator.py
[2024-07-16T06:53:57.734+0000] {processor.py:840} INFO - DAG(s) 'example_branch_operator' retrieved from /home/airflow/.local/lib/python3.12/site-packages/airflow/example_dags/example_branch_operator.py
[2024-07-16T06:53:57.752+0000] {logging_mixin.py:188} INFO - [2024-07-16T06:53:57.751+0000] {dag.py:3096} INFO - Sync 1 DAGs
[2024-07-16T06:53:57.764+0000] {logging_mixin.py:188} INFO - [2024-07-16T06:53:57.764+0000] {dag.py:3954} INFO - Setting next_dagrun for example_branch_operator to 2024-07-15 00:00:00+00:00, run_after=2024-07-16 00:00:00+00:00
[2024-07-16T06:53:57.775+0000] {processor.py:183} INFO - Processing /home/airflow/.local/lib/python3.12/site-packages/airflow/example_dags/example_branch_operator.py took 0.053 seconds
[2024-07-16T06:54:27.815+0000] {processor.py:161} INFO - Started process (PID=2251) to work on /home/airflow/.local/lib/python3.12/site-packages/airflow/example_dags/example_branch_operator.py
[2024-07-16T06:54:27.816+0000] {processor.py:830} INFO - Processing file /home/airflow/.local/lib/python3.12/site-packages/airflow/example_dags/example_branch_operator.py for tasks to queue
[2024-07-16T06:54:27.817+0000] {logging_mixin.py:188} INFO - [2024-07-16T06:54:27.817+0000] {dagbag.py:545} INFO - Filling up the DagBag from /home/airflow/.local/lib/python3.12/site-packages/airflow/example_dags/example_branch_operator.py
[2024-07-16T06:54:27.825+0000] {processor.py:840} INFO - DAG(s) 'example_branch_operator' retrieved from /home/airflow/.local/lib/python3.12/site-packages/airflow/example_dags/example_branch_operator.py
[2024-07-16T06:54:27.844+0000] {logging_mixin.py:188} INFO - [2024-07-16T06:54:27.843+0000] {dag.py:3096} INFO - Sync 1 DAGs
[2024-07-16T06:54:27.857+0000] {logging_mixin.py:188} INFO - [2024-07-16T06:54:27.857+0000] {dag.py:3954} INFO - Setting next_dagrun for example_branch_operator to 2024-07-15 00:00:00+00:00, run_after=2024-07-16 00:00:00+00:00
[2024-07-16T06:54:27.869+0000] {processor.py:183} INFO - Processing /home/airflow/.local/lib/python3.12/site-packages/airflow/example_dags/example_branch_operator.py took 0.057 seconds
[2024-07-16T06:54:57.917+0000] {processor.py:161} INFO - Started process (PID=2314) to work on /home/airflow/.local/lib/python3.12/site-packages/airflow/example_dags/example_branch_operator.py
[2024-07-16T06:54:57.917+0000] {processor.py:830} INFO - Processing file /home/airflow/.local/lib/python3.12/site-packages/airflow/example_dags/example_branch_operator.py for tasks to queue
[2024-07-16T06:54:57.918+0000] {logging_mixin.py:188} INFO - [2024-07-16T06:54:57.918+0000] {dagbag.py:545} INFO - Filling up the DagBag from /home/airflow/.local/lib/python3.12/site-packages/airflow/example_dags/example_branch_operator.py
[2024-07-16T06:54:57.926+0000] {processor.py:840} INFO - DAG(s) 'example_branch_operator' retrieved from /home/airflow/.local/lib/python3.12/site-packages/airflow/example_dags/example_branch_operator.py
[2024-07-16T06:54:57.945+0000] {logging_mixin.py:188} INFO - [2024-07-16T06:54:57.945+0000] {dag.py:3096} INFO - Sync 1 DAGs
[2024-07-16T06:54:57.958+0000] {logging_mixin.py:188} INFO - [2024-07-16T06:54:57.958+0000] {dag.py:3954} INFO - Setting next_dagrun for example_branch_operator to 2024-07-15 00:00:00+00:00, run_after=2024-07-16 00:00:00+00:00
[2024-07-16T06:54:57.969+0000] {processor.py:183} INFO - Processing /home/airflow/.local/lib/python3.12/site-packages/airflow/example_dags/example_branch_operator.py took 0.055 seconds
[2024-07-16T06:55:28.198+0000] {processor.py:161} INFO - Started process (PID=2378) to work on /home/airflow/.local/lib/python3.12/site-packages/airflow/example_dags/example_branch_operator.py
[2024-07-16T06:55:28.199+0000] {processor.py:830} INFO - Processing file /home/airflow/.local/lib/python3.12/site-packages/airflow/example_dags/example_branch_operator.py for tasks to queue
[2024-07-16T06:55:28.200+0000] {logging_mixin.py:188} INFO - [2024-07-16T06:55:28.200+0000] {dagbag.py:545} INFO - Filling up the DagBag from /home/airflow/.local/lib/python3.12/site-packages/airflow/example_dags/example_branch_operator.py
[2024-07-16T06:55:28.209+0000] {processor.py:840} INFO - DAG(s) 'example_branch_operator' retrieved from /home/airflow/.local/lib/python3.12/site-packages/airflow/example_dags/example_branch_operator.py
[2024-07-16T06:55:28.230+0000] {logging_mixin.py:188} INFO - [2024-07-16T06:55:28.229+0000] {dag.py:3096} INFO - Sync 1 DAGs
[2024-07-16T06:55:28.244+0000] {logging_mixin.py:188} INFO - [2024-07-16T06:55:28.244+0000] {dag.py:3954} INFO - Setting next_dagrun for example_branch_operator to 2024-07-15 00:00:00+00:00, run_after=2024-07-16 00:00:00+00:00
[2024-07-16T06:55:28.258+0000] {processor.py:183} INFO - Processing /home/airflow/.local/lib/python3.12/site-packages/airflow/example_dags/example_branch_operator.py took 0.063 seconds
[2024-07-16T06:55:58.443+0000] {processor.py:161} INFO - Started process (PID=2442) to work on /home/airflow/.local/lib/python3.12/site-packages/airflow/example_dags/example_branch_operator.py
[2024-07-16T06:55:58.443+0000] {processor.py:830} INFO - Processing file /home/airflow/.local/lib/python3.12/site-packages/airflow/example_dags/example_branch_operator.py for tasks to queue
[2024-07-16T06:55:58.444+0000] {logging_mixin.py:188} INFO - [2024-07-16T06:55:58.444+0000] {dagbag.py:545} INFO - Filling up the DagBag from /home/airflow/.local/lib/python3.12/site-packages/airflow/example_dags/example_branch_operator.py
[2024-07-16T06:55:58.452+0000] {processor.py:840} INFO - DAG(s) 'example_branch_operator' retrieved from /home/airflow/.local/lib/python3.12/site-packages/airflow/example_dags/example_branch_operator.py
[2024-07-16T06:55:58.469+0000] {logging_mixin.py:188} INFO - [2024-07-16T06:55:58.469+0000] {dag.py:3096} INFO - Sync 1 DAGs
[2024-07-16T06:55:58.482+0000] {logging_mixin.py:188} INFO - [2024-07-16T06:55:58.482+0000] {dag.py:3954} INFO - Setting next_dagrun for example_branch_operator to 2024-07-15 00:00:00+00:00, run_after=2024-07-16 00:00:00+00:00
[2024-07-16T06:55:58.492+0000] {processor.py:183} INFO - Processing /home/airflow/.local/lib/python3.12/site-packages/airflow/example_dags/example_branch_operator.py took 0.053 seconds
