[2024-07-16T06:24:07.522+0000] {processor.py:161} INFO - Started process (PID=64) to work on /home/airflow/.local/lib/python3.12/site-packages/airflow/example_dags/example_task_group.py
[2024-07-16T06:24:07.523+0000] {processor.py:830} INFO - Processing file /home/airflow/.local/lib/python3.12/site-packages/airflow/example_dags/example_task_group.py for tasks to queue
[2024-07-16T06:24:07.526+0000] {logging_mixin.py:188} INFO - [2024-07-16T06:24:07.525+0000] {dagbag.py:545} INFO - Filling up the DagBag from /home/airflow/.local/lib/python3.12/site-packages/airflow/example_dags/example_task_group.py
[2024-07-16T06:24:07.535+0000] {processor.py:840} INFO - DAG(s) 'example_task_group' retrieved from /home/airflow/.local/lib/python3.12/site-packages/airflow/example_dags/example_task_group.py
[2024-07-16T06:24:07.552+0000] {logging_mixin.py:188} INFO - [2024-07-16T06:24:07.552+0000] {dag.py:3096} INFO - Sync 1 DAGs
[2024-07-16T06:24:07.567+0000] {logging_mixin.py:188} INFO - [2024-07-16T06:24:07.566+0000] {dag.py:3954} INFO - Setting next_dagrun for example_task_group to 2024-07-15 00:00:00+00:00, run_after=2024-07-16 00:00:00+00:00
[2024-07-16T06:24:07.579+0000] {processor.py:183} INFO - Processing /home/airflow/.local/lib/python3.12/site-packages/airflow/example_dags/example_task_group.py took 0.064 seconds
[2024-07-16T06:24:37.709+0000] {processor.py:161} INFO - Started process (PID=127) to work on /home/airflow/.local/lib/python3.12/site-packages/airflow/example_dags/example_task_group.py
[2024-07-16T06:24:37.710+0000] {processor.py:830} INFO - Processing file /home/airflow/.local/lib/python3.12/site-packages/airflow/example_dags/example_task_group.py for tasks to queue
[2024-07-16T06:24:37.711+0000] {logging_mixin.py:188} INFO - [2024-07-16T06:24:37.710+0000] {dagbag.py:545} INFO - Filling up the DagBag from /home/airflow/.local/lib/python3.12/site-packages/airflow/example_dags/example_task_group.py
[2024-07-16T06:24:37.714+0000] {processor.py:840} INFO - DAG(s) 'example_task_group' retrieved from /home/airflow/.local/lib/python3.12/site-packages/airflow/example_dags/example_task_group.py
[2024-07-16T06:24:37.725+0000] {logging_mixin.py:188} INFO - [2024-07-16T06:24:37.725+0000] {dag.py:3096} INFO - Sync 1 DAGs
[2024-07-16T06:24:37.735+0000] {logging_mixin.py:188} INFO - [2024-07-16T06:24:37.735+0000] {dag.py:3954} INFO - Setting next_dagrun for example_task_group to 2024-07-15 00:00:00+00:00, run_after=2024-07-16 00:00:00+00:00
[2024-07-16T06:24:37.745+0000] {processor.py:183} INFO - Processing /home/airflow/.local/lib/python3.12/site-packages/airflow/example_dags/example_task_group.py took 0.039 seconds
[2024-07-16T06:29:31.308+0000] {processor.py:161} INFO - Started process (PID=65) to work on /home/airflow/.local/lib/python3.12/site-packages/airflow/example_dags/example_task_group.py
[2024-07-16T06:29:31.309+0000] {processor.py:830} INFO - Processing file /home/airflow/.local/lib/python3.12/site-packages/airflow/example_dags/example_task_group.py for tasks to queue
[2024-07-16T06:29:31.310+0000] {logging_mixin.py:188} INFO - [2024-07-16T06:29:31.309+0000] {dagbag.py:545} INFO - Filling up the DagBag from /home/airflow/.local/lib/python3.12/site-packages/airflow/example_dags/example_task_group.py
[2024-07-16T06:29:31.315+0000] {processor.py:840} INFO - DAG(s) 'example_task_group' retrieved from /home/airflow/.local/lib/python3.12/site-packages/airflow/example_dags/example_task_group.py
[2024-07-16T06:29:31.327+0000] {logging_mixin.py:188} INFO - [2024-07-16T06:29:31.327+0000] {dag.py:3096} INFO - Sync 1 DAGs
[2024-07-16T06:29:31.342+0000] {logging_mixin.py:188} INFO - [2024-07-16T06:29:31.342+0000] {dag.py:3954} INFO - Setting next_dagrun for example_task_group to 2024-07-15 00:00:00+00:00, run_after=2024-07-16 00:00:00+00:00
[2024-07-16T06:29:31.354+0000] {processor.py:183} INFO - Processing /home/airflow/.local/lib/python3.12/site-packages/airflow/example_dags/example_task_group.py took 0.049 seconds
[2024-07-16T06:30:01.994+0000] {processor.py:161} INFO - Started process (PID=129) to work on /home/airflow/.local/lib/python3.12/site-packages/airflow/example_dags/example_task_group.py
[2024-07-16T06:30:01.995+0000] {processor.py:830} INFO - Processing file /home/airflow/.local/lib/python3.12/site-packages/airflow/example_dags/example_task_group.py for tasks to queue
[2024-07-16T06:30:01.996+0000] {logging_mixin.py:188} INFO - [2024-07-16T06:30:01.996+0000] {dagbag.py:545} INFO - Filling up the DagBag from /home/airflow/.local/lib/python3.12/site-packages/airflow/example_dags/example_task_group.py
[2024-07-16T06:30:01.999+0000] {processor.py:840} INFO - DAG(s) 'example_task_group' retrieved from /home/airflow/.local/lib/python3.12/site-packages/airflow/example_dags/example_task_group.py
[2024-07-16T06:30:02.051+0000] {logging_mixin.py:188} INFO - [2024-07-16T06:30:02.050+0000] {dag.py:3096} INFO - Sync 1 DAGs
[2024-07-16T06:30:02.062+0000] {logging_mixin.py:188} INFO - [2024-07-16T06:30:02.062+0000] {dag.py:3954} INFO - Setting next_dagrun for example_task_group to 2024-07-15 00:00:00+00:00, run_after=2024-07-16 00:00:00+00:00
[2024-07-16T06:30:02.073+0000] {processor.py:183} INFO - Processing /home/airflow/.local/lib/python3.12/site-packages/airflow/example_dags/example_task_group.py took 0.082 seconds
[2024-07-16T06:30:32.555+0000] {processor.py:161} INFO - Started process (PID=193) to work on /home/airflow/.local/lib/python3.12/site-packages/airflow/example_dags/example_task_group.py
[2024-07-16T06:30:32.555+0000] {processor.py:830} INFO - Processing file /home/airflow/.local/lib/python3.12/site-packages/airflow/example_dags/example_task_group.py for tasks to queue
[2024-07-16T06:30:32.556+0000] {logging_mixin.py:188} INFO - [2024-07-16T06:30:32.556+0000] {dagbag.py:545} INFO - Filling up the DagBag from /home/airflow/.local/lib/python3.12/site-packages/airflow/example_dags/example_task_group.py
[2024-07-16T06:30:32.560+0000] {processor.py:840} INFO - DAG(s) 'example_task_group' retrieved from /home/airflow/.local/lib/python3.12/site-packages/airflow/example_dags/example_task_group.py
[2024-07-16T06:30:32.575+0000] {logging_mixin.py:188} INFO - [2024-07-16T06:30:32.575+0000] {dag.py:3096} INFO - Sync 1 DAGs
[2024-07-16T06:30:32.588+0000] {logging_mixin.py:188} INFO - [2024-07-16T06:30:32.588+0000] {dag.py:3954} INFO - Setting next_dagrun for example_task_group to 2024-07-15 00:00:00+00:00, run_after=2024-07-16 00:00:00+00:00
[2024-07-16T06:30:32.599+0000] {processor.py:183} INFO - Processing /home/airflow/.local/lib/python3.12/site-packages/airflow/example_dags/example_task_group.py took 0.047 seconds
[2024-07-16T06:31:02.941+0000] {processor.py:161} INFO - Started process (PID=256) to work on /home/airflow/.local/lib/python3.12/site-packages/airflow/example_dags/example_task_group.py
[2024-07-16T06:31:02.942+0000] {processor.py:830} INFO - Processing file /home/airflow/.local/lib/python3.12/site-packages/airflow/example_dags/example_task_group.py for tasks to queue
[2024-07-16T06:31:02.943+0000] {logging_mixin.py:188} INFO - [2024-07-16T06:31:02.942+0000] {dagbag.py:545} INFO - Filling up the DagBag from /home/airflow/.local/lib/python3.12/site-packages/airflow/example_dags/example_task_group.py
[2024-07-16T06:31:02.946+0000] {processor.py:840} INFO - DAG(s) 'example_task_group' retrieved from /home/airflow/.local/lib/python3.12/site-packages/airflow/example_dags/example_task_group.py
[2024-07-16T06:31:02.962+0000] {logging_mixin.py:188} INFO - [2024-07-16T06:31:02.962+0000] {dag.py:3096} INFO - Sync 1 DAGs
[2024-07-16T06:31:02.976+0000] {logging_mixin.py:188} INFO - [2024-07-16T06:31:02.976+0000] {dag.py:3954} INFO - Setting next_dagrun for example_task_group to 2024-07-15 00:00:00+00:00, run_after=2024-07-16 00:00:00+00:00
[2024-07-16T06:31:02.986+0000] {processor.py:183} INFO - Processing /home/airflow/.local/lib/python3.12/site-packages/airflow/example_dags/example_task_group.py took 0.048 seconds
[2024-07-16T06:31:33.068+0000] {processor.py:161} INFO - Started process (PID=320) to work on /home/airflow/.local/lib/python3.12/site-packages/airflow/example_dags/example_task_group.py
[2024-07-16T06:31:33.069+0000] {processor.py:830} INFO - Processing file /home/airflow/.local/lib/python3.12/site-packages/airflow/example_dags/example_task_group.py for tasks to queue
[2024-07-16T06:31:33.070+0000] {logging_mixin.py:188} INFO - [2024-07-16T06:31:33.070+0000] {dagbag.py:545} INFO - Filling up the DagBag from /home/airflow/.local/lib/python3.12/site-packages/airflow/example_dags/example_task_group.py
[2024-07-16T06:31:33.075+0000] {processor.py:840} INFO - DAG(s) 'example_task_group' retrieved from /home/airflow/.local/lib/python3.12/site-packages/airflow/example_dags/example_task_group.py
[2024-07-16T06:31:33.091+0000] {logging_mixin.py:188} INFO - [2024-07-16T06:31:33.090+0000] {dag.py:3096} INFO - Sync 1 DAGs
[2024-07-16T06:31:33.104+0000] {logging_mixin.py:188} INFO - [2024-07-16T06:31:33.104+0000] {dag.py:3954} INFO - Setting next_dagrun for example_task_group to 2024-07-15 00:00:00+00:00, run_after=2024-07-16 00:00:00+00:00
[2024-07-16T06:31:33.115+0000] {processor.py:183} INFO - Processing /home/airflow/.local/lib/python3.12/site-packages/airflow/example_dags/example_task_group.py took 0.050 seconds
[2024-07-16T06:32:04.151+0000] {processor.py:161} INFO - Started process (PID=383) to work on /home/airflow/.local/lib/python3.12/site-packages/airflow/example_dags/example_task_group.py
[2024-07-16T06:32:04.151+0000] {processor.py:830} INFO - Processing file /home/airflow/.local/lib/python3.12/site-packages/airflow/example_dags/example_task_group.py for tasks to queue
[2024-07-16T06:32:04.153+0000] {logging_mixin.py:188} INFO - [2024-07-16T06:32:04.153+0000] {dagbag.py:545} INFO - Filling up the DagBag from /home/airflow/.local/lib/python3.12/site-packages/airflow/example_dags/example_task_group.py
[2024-07-16T06:32:04.157+0000] {processor.py:840} INFO - DAG(s) 'example_task_group' retrieved from /home/airflow/.local/lib/python3.12/site-packages/airflow/example_dags/example_task_group.py
[2024-07-16T06:32:04.177+0000] {logging_mixin.py:188} INFO - [2024-07-16T06:32:04.176+0000] {dag.py:3096} INFO - Sync 1 DAGs
[2024-07-16T06:32:04.191+0000] {logging_mixin.py:188} INFO - [2024-07-16T06:32:04.191+0000] {dag.py:3954} INFO - Setting next_dagrun for example_task_group to 2024-07-15 00:00:00+00:00, run_after=2024-07-16 00:00:00+00:00
[2024-07-16T06:32:04.201+0000] {processor.py:183} INFO - Processing /home/airflow/.local/lib/python3.12/site-packages/airflow/example_dags/example_task_group.py took 0.054 seconds
[2024-07-16T06:32:34.321+0000] {processor.py:161} INFO - Started process (PID=447) to work on /home/airflow/.local/lib/python3.12/site-packages/airflow/example_dags/example_task_group.py
[2024-07-16T06:32:34.321+0000] {processor.py:830} INFO - Processing file /home/airflow/.local/lib/python3.12/site-packages/airflow/example_dags/example_task_group.py for tasks to queue
[2024-07-16T06:32:34.323+0000] {logging_mixin.py:188} INFO - [2024-07-16T06:32:34.322+0000] {dagbag.py:545} INFO - Filling up the DagBag from /home/airflow/.local/lib/python3.12/site-packages/airflow/example_dags/example_task_group.py
[2024-07-16T06:32:34.326+0000] {processor.py:840} INFO - DAG(s) 'example_task_group' retrieved from /home/airflow/.local/lib/python3.12/site-packages/airflow/example_dags/example_task_group.py
[2024-07-16T06:32:34.343+0000] {logging_mixin.py:188} INFO - [2024-07-16T06:32:34.343+0000] {dag.py:3096} INFO - Sync 1 DAGs
[2024-07-16T06:32:34.356+0000] {logging_mixin.py:188} INFO - [2024-07-16T06:32:34.356+0000] {dag.py:3954} INFO - Setting next_dagrun for example_task_group to 2024-07-15 00:00:00+00:00, run_after=2024-07-16 00:00:00+00:00
[2024-07-16T06:32:34.367+0000] {processor.py:183} INFO - Processing /home/airflow/.local/lib/python3.12/site-packages/airflow/example_dags/example_task_group.py took 0.049 seconds
[2024-07-16T06:33:04.557+0000] {processor.py:161} INFO - Started process (PID=511) to work on /home/airflow/.local/lib/python3.12/site-packages/airflow/example_dags/example_task_group.py
[2024-07-16T06:33:04.558+0000] {processor.py:830} INFO - Processing file /home/airflow/.local/lib/python3.12/site-packages/airflow/example_dags/example_task_group.py for tasks to queue
[2024-07-16T06:33:04.559+0000] {logging_mixin.py:188} INFO - [2024-07-16T06:33:04.559+0000] {dagbag.py:545} INFO - Filling up the DagBag from /home/airflow/.local/lib/python3.12/site-packages/airflow/example_dags/example_task_group.py
[2024-07-16T06:33:04.562+0000] {processor.py:840} INFO - DAG(s) 'example_task_group' retrieved from /home/airflow/.local/lib/python3.12/site-packages/airflow/example_dags/example_task_group.py
[2024-07-16T06:33:04.577+0000] {logging_mixin.py:188} INFO - [2024-07-16T06:33:04.577+0000] {dag.py:3096} INFO - Sync 1 DAGs
[2024-07-16T06:33:04.591+0000] {logging_mixin.py:188} INFO - [2024-07-16T06:33:04.591+0000] {dag.py:3954} INFO - Setting next_dagrun for example_task_group to 2024-07-15 00:00:00+00:00, run_after=2024-07-16 00:00:00+00:00
[2024-07-16T06:33:04.601+0000] {processor.py:183} INFO - Processing /home/airflow/.local/lib/python3.12/site-packages/airflow/example_dags/example_task_group.py took 0.047 seconds
[2024-07-16T06:33:34.641+0000] {processor.py:161} INFO - Started process (PID=575) to work on /home/airflow/.local/lib/python3.12/site-packages/airflow/example_dags/example_task_group.py
[2024-07-16T06:33:34.641+0000] {processor.py:830} INFO - Processing file /home/airflow/.local/lib/python3.12/site-packages/airflow/example_dags/example_task_group.py for tasks to queue
[2024-07-16T06:33:34.642+0000] {logging_mixin.py:188} INFO - [2024-07-16T06:33:34.642+0000] {dagbag.py:545} INFO - Filling up the DagBag from /home/airflow/.local/lib/python3.12/site-packages/airflow/example_dags/example_task_group.py
[2024-07-16T06:33:34.646+0000] {processor.py:840} INFO - DAG(s) 'example_task_group' retrieved from /home/airflow/.local/lib/python3.12/site-packages/airflow/example_dags/example_task_group.py
[2024-07-16T06:33:34.661+0000] {logging_mixin.py:188} INFO - [2024-07-16T06:33:34.661+0000] {dag.py:3096} INFO - Sync 1 DAGs
[2024-07-16T06:33:34.673+0000] {logging_mixin.py:188} INFO - [2024-07-16T06:33:34.673+0000] {dag.py:3954} INFO - Setting next_dagrun for example_task_group to 2024-07-15 00:00:00+00:00, run_after=2024-07-16 00:00:00+00:00
[2024-07-16T06:33:34.683+0000] {processor.py:183} INFO - Processing /home/airflow/.local/lib/python3.12/site-packages/airflow/example_dags/example_task_group.py took 0.045 seconds
[2024-07-16T06:34:04.847+0000] {processor.py:161} INFO - Started process (PID=638) to work on /home/airflow/.local/lib/python3.12/site-packages/airflow/example_dags/example_task_group.py
[2024-07-16T06:34:04.847+0000] {processor.py:830} INFO - Processing file /home/airflow/.local/lib/python3.12/site-packages/airflow/example_dags/example_task_group.py for tasks to queue
[2024-07-16T06:34:04.848+0000] {logging_mixin.py:188} INFO - [2024-07-16T06:34:04.848+0000] {dagbag.py:545} INFO - Filling up the DagBag from /home/airflow/.local/lib/python3.12/site-packages/airflow/example_dags/example_task_group.py
[2024-07-16T06:34:04.852+0000] {processor.py:840} INFO - DAG(s) 'example_task_group' retrieved from /home/airflow/.local/lib/python3.12/site-packages/airflow/example_dags/example_task_group.py
[2024-07-16T06:34:04.866+0000] {logging_mixin.py:188} INFO - [2024-07-16T06:34:04.866+0000] {dag.py:3096} INFO - Sync 1 DAGs
[2024-07-16T06:34:04.878+0000] {logging_mixin.py:188} INFO - [2024-07-16T06:34:04.878+0000] {dag.py:3954} INFO - Setting next_dagrun for example_task_group to 2024-07-15 00:00:00+00:00, run_after=2024-07-16 00:00:00+00:00
[2024-07-16T06:34:04.887+0000] {processor.py:183} INFO - Processing /home/airflow/.local/lib/python3.12/site-packages/airflow/example_dags/example_task_group.py took 0.044 seconds
[2024-07-16T06:34:35.129+0000] {processor.py:161} INFO - Started process (PID=701) to work on /home/airflow/.local/lib/python3.12/site-packages/airflow/example_dags/example_task_group.py
[2024-07-16T06:34:35.130+0000] {processor.py:830} INFO - Processing file /home/airflow/.local/lib/python3.12/site-packages/airflow/example_dags/example_task_group.py for tasks to queue
[2024-07-16T06:34:35.131+0000] {logging_mixin.py:188} INFO - [2024-07-16T06:34:35.131+0000] {dagbag.py:545} INFO - Filling up the DagBag from /home/airflow/.local/lib/python3.12/site-packages/airflow/example_dags/example_task_group.py
[2024-07-16T06:34:35.135+0000] {processor.py:840} INFO - DAG(s) 'example_task_group' retrieved from /home/airflow/.local/lib/python3.12/site-packages/airflow/example_dags/example_task_group.py
[2024-07-16T06:34:35.150+0000] {logging_mixin.py:188} INFO - [2024-07-16T06:34:35.150+0000] {dag.py:3096} INFO - Sync 1 DAGs
[2024-07-16T06:34:35.162+0000] {logging_mixin.py:188} INFO - [2024-07-16T06:34:35.162+0000] {dag.py:3954} INFO - Setting next_dagrun for example_task_group to 2024-07-15 00:00:00+00:00, run_after=2024-07-16 00:00:00+00:00
[2024-07-16T06:34:35.172+0000] {processor.py:183} INFO - Processing /home/airflow/.local/lib/python3.12/site-packages/airflow/example_dags/example_task_group.py took 0.046 seconds
[2024-07-16T06:35:05.455+0000] {processor.py:161} INFO - Started process (PID=765) to work on /home/airflow/.local/lib/python3.12/site-packages/airflow/example_dags/example_task_group.py
[2024-07-16T06:35:05.456+0000] {processor.py:830} INFO - Processing file /home/airflow/.local/lib/python3.12/site-packages/airflow/example_dags/example_task_group.py for tasks to queue
[2024-07-16T06:35:05.458+0000] {logging_mixin.py:188} INFO - [2024-07-16T06:35:05.457+0000] {dagbag.py:545} INFO - Filling up the DagBag from /home/airflow/.local/lib/python3.12/site-packages/airflow/example_dags/example_task_group.py
[2024-07-16T06:35:05.463+0000] {processor.py:840} INFO - DAG(s) 'example_task_group' retrieved from /home/airflow/.local/lib/python3.12/site-packages/airflow/example_dags/example_task_group.py
[2024-07-16T06:35:05.480+0000] {logging_mixin.py:188} INFO - [2024-07-16T06:35:05.480+0000] {dag.py:3096} INFO - Sync 1 DAGs
[2024-07-16T06:35:05.496+0000] {logging_mixin.py:188} INFO - [2024-07-16T06:35:05.496+0000] {dag.py:3954} INFO - Setting next_dagrun for example_task_group to 2024-07-15 00:00:00+00:00, run_after=2024-07-16 00:00:00+00:00
[2024-07-16T06:35:05.510+0000] {processor.py:183} INFO - Processing /home/airflow/.local/lib/python3.12/site-packages/airflow/example_dags/example_task_group.py took 0.062 seconds
[2024-07-16T06:35:35.689+0000] {processor.py:161} INFO - Started process (PID=829) to work on /home/airflow/.local/lib/python3.12/site-packages/airflow/example_dags/example_task_group.py
[2024-07-16T06:35:35.689+0000] {processor.py:830} INFO - Processing file /home/airflow/.local/lib/python3.12/site-packages/airflow/example_dags/example_task_group.py for tasks to queue
[2024-07-16T06:35:35.691+0000] {logging_mixin.py:188} INFO - [2024-07-16T06:35:35.690+0000] {dagbag.py:545} INFO - Filling up the DagBag from /home/airflow/.local/lib/python3.12/site-packages/airflow/example_dags/example_task_group.py
[2024-07-16T06:35:35.696+0000] {processor.py:840} INFO - DAG(s) 'example_task_group' retrieved from /home/airflow/.local/lib/python3.12/site-packages/airflow/example_dags/example_task_group.py
[2024-07-16T06:35:35.713+0000] {logging_mixin.py:188} INFO - [2024-07-16T06:35:35.713+0000] {dag.py:3096} INFO - Sync 1 DAGs
[2024-07-16T06:35:35.726+0000] {logging_mixin.py:188} INFO - [2024-07-16T06:35:35.726+0000] {dag.py:3954} INFO - Setting next_dagrun for example_task_group to 2024-07-15 00:00:00+00:00, run_after=2024-07-16 00:00:00+00:00
[2024-07-16T06:35:35.742+0000] {processor.py:183} INFO - Processing /home/airflow/.local/lib/python3.12/site-packages/airflow/example_dags/example_task_group.py took 0.056 seconds
[2024-07-16T06:36:06.785+0000] {processor.py:161} INFO - Started process (PID=893) to work on /home/airflow/.local/lib/python3.12/site-packages/airflow/example_dags/example_task_group.py
[2024-07-16T06:36:06.785+0000] {processor.py:830} INFO - Processing file /home/airflow/.local/lib/python3.12/site-packages/airflow/example_dags/example_task_group.py for tasks to queue
[2024-07-16T06:36:06.786+0000] {logging_mixin.py:188} INFO - [2024-07-16T06:36:06.786+0000] {dagbag.py:545} INFO - Filling up the DagBag from /home/airflow/.local/lib/python3.12/site-packages/airflow/example_dags/example_task_group.py
[2024-07-16T06:36:06.790+0000] {processor.py:840} INFO - DAG(s) 'example_task_group' retrieved from /home/airflow/.local/lib/python3.12/site-packages/airflow/example_dags/example_task_group.py
[2024-07-16T06:36:06.806+0000] {logging_mixin.py:188} INFO - [2024-07-16T06:36:06.806+0000] {dag.py:3096} INFO - Sync 1 DAGs
[2024-07-16T06:36:06.819+0000] {logging_mixin.py:188} INFO - [2024-07-16T06:36:06.819+0000] {dag.py:3954} INFO - Setting next_dagrun for example_task_group to 2024-07-15 00:00:00+00:00, run_after=2024-07-16 00:00:00+00:00
[2024-07-16T06:36:06.831+0000] {processor.py:183} INFO - Processing /home/airflow/.local/lib/python3.12/site-packages/airflow/example_dags/example_task_group.py took 0.048 seconds
[2024-07-16T06:37:13.854+0000] {processor.py:161} INFO - Started process (PID=66) to work on /home/airflow/.local/lib/python3.12/site-packages/airflow/example_dags/example_task_group.py
[2024-07-16T06:37:13.855+0000] {processor.py:830} INFO - Processing file /home/airflow/.local/lib/python3.12/site-packages/airflow/example_dags/example_task_group.py for tasks to queue
[2024-07-16T06:37:13.857+0000] {logging_mixin.py:188} INFO - [2024-07-16T06:37:13.856+0000] {dagbag.py:545} INFO - Filling up the DagBag from /home/airflow/.local/lib/python3.12/site-packages/airflow/example_dags/example_task_group.py
[2024-07-16T06:37:13.863+0000] {processor.py:840} INFO - DAG(s) 'example_task_group' retrieved from /home/airflow/.local/lib/python3.12/site-packages/airflow/example_dags/example_task_group.py
[2024-07-16T06:37:13.890+0000] {logging_mixin.py:188} INFO - [2024-07-16T06:37:13.890+0000] {dag.py:3096} INFO - Sync 1 DAGs
[2024-07-16T06:37:13.914+0000] {logging_mixin.py:188} INFO - [2024-07-16T06:37:13.914+0000] {dag.py:3954} INFO - Setting next_dagrun for example_task_group to 2024-07-15 00:00:00+00:00, run_after=2024-07-16 00:00:00+00:00
[2024-07-16T06:37:13.934+0000] {processor.py:183} INFO - Processing /home/airflow/.local/lib/python3.12/site-packages/airflow/example_dags/example_task_group.py took 0.083 seconds
[2024-07-16T06:37:44.425+0000] {processor.py:161} INFO - Started process (PID=129) to work on /home/airflow/.local/lib/python3.12/site-packages/airflow/example_dags/example_task_group.py
[2024-07-16T06:37:44.425+0000] {processor.py:830} INFO - Processing file /home/airflow/.local/lib/python3.12/site-packages/airflow/example_dags/example_task_group.py for tasks to queue
[2024-07-16T06:37:44.426+0000] {logging_mixin.py:188} INFO - [2024-07-16T06:37:44.426+0000] {dagbag.py:545} INFO - Filling up the DagBag from /home/airflow/.local/lib/python3.12/site-packages/airflow/example_dags/example_task_group.py
[2024-07-16T06:37:44.430+0000] {processor.py:840} INFO - DAG(s) 'example_task_group' retrieved from /home/airflow/.local/lib/python3.12/site-packages/airflow/example_dags/example_task_group.py
[2024-07-16T06:37:44.482+0000] {logging_mixin.py:188} INFO - [2024-07-16T06:37:44.482+0000] {dag.py:3096} INFO - Sync 1 DAGs
[2024-07-16T06:37:44.494+0000] {logging_mixin.py:188} INFO - [2024-07-16T06:37:44.494+0000] {dag.py:3954} INFO - Setting next_dagrun for example_task_group to 2024-07-15 00:00:00+00:00, run_after=2024-07-16 00:00:00+00:00
[2024-07-16T06:37:44.504+0000] {processor.py:183} INFO - Processing /home/airflow/.local/lib/python3.12/site-packages/airflow/example_dags/example_task_group.py took 0.082 seconds
[2024-07-16T06:38:14.761+0000] {processor.py:161} INFO - Started process (PID=193) to work on /home/airflow/.local/lib/python3.12/site-packages/airflow/example_dags/example_task_group.py
[2024-07-16T06:38:14.761+0000] {processor.py:830} INFO - Processing file /home/airflow/.local/lib/python3.12/site-packages/airflow/example_dags/example_task_group.py for tasks to queue
[2024-07-16T06:38:14.763+0000] {logging_mixin.py:188} INFO - [2024-07-16T06:38:14.762+0000] {dagbag.py:545} INFO - Filling up the DagBag from /home/airflow/.local/lib/python3.12/site-packages/airflow/example_dags/example_task_group.py
[2024-07-16T06:38:14.766+0000] {processor.py:840} INFO - DAG(s) 'example_task_group' retrieved from /home/airflow/.local/lib/python3.12/site-packages/airflow/example_dags/example_task_group.py
[2024-07-16T06:38:14.783+0000] {logging_mixin.py:188} INFO - [2024-07-16T06:38:14.782+0000] {dag.py:3096} INFO - Sync 1 DAGs
[2024-07-16T06:38:14.796+0000] {logging_mixin.py:188} INFO - [2024-07-16T06:38:14.796+0000] {dag.py:3954} INFO - Setting next_dagrun for example_task_group to 2024-07-15 00:00:00+00:00, run_after=2024-07-16 00:00:00+00:00
[2024-07-16T06:38:14.805+0000] {processor.py:183} INFO - Processing /home/airflow/.local/lib/python3.12/site-packages/airflow/example_dags/example_task_group.py took 0.047 seconds
[2024-07-16T06:38:44.988+0000] {processor.py:161} INFO - Started process (PID=256) to work on /home/airflow/.local/lib/python3.12/site-packages/airflow/example_dags/example_task_group.py
[2024-07-16T06:38:44.989+0000] {processor.py:830} INFO - Processing file /home/airflow/.local/lib/python3.12/site-packages/airflow/example_dags/example_task_group.py for tasks to queue
[2024-07-16T06:38:44.989+0000] {logging_mixin.py:188} INFO - [2024-07-16T06:38:44.989+0000] {dagbag.py:545} INFO - Filling up the DagBag from /home/airflow/.local/lib/python3.12/site-packages/airflow/example_dags/example_task_group.py
[2024-07-16T06:38:44.993+0000] {processor.py:840} INFO - DAG(s) 'example_task_group' retrieved from /home/airflow/.local/lib/python3.12/site-packages/airflow/example_dags/example_task_group.py
[2024-07-16T06:38:45.008+0000] {logging_mixin.py:188} INFO - [2024-07-16T06:38:45.008+0000] {dag.py:3096} INFO - Sync 1 DAGs
[2024-07-16T06:38:45.020+0000] {logging_mixin.py:188} INFO - [2024-07-16T06:38:45.020+0000] {dag.py:3954} INFO - Setting next_dagrun for example_task_group to 2024-07-15 00:00:00+00:00, run_after=2024-07-16 00:00:00+00:00
[2024-07-16T06:38:45.031+0000] {processor.py:183} INFO - Processing /home/airflow/.local/lib/python3.12/site-packages/airflow/example_dags/example_task_group.py took 0.046 seconds
[2024-07-16T06:39:15.199+0000] {processor.py:161} INFO - Started process (PID=320) to work on /home/airflow/.local/lib/python3.12/site-packages/airflow/example_dags/example_task_group.py
[2024-07-16T06:39:15.200+0000] {processor.py:830} INFO - Processing file /home/airflow/.local/lib/python3.12/site-packages/airflow/example_dags/example_task_group.py for tasks to queue
[2024-07-16T06:39:15.201+0000] {logging_mixin.py:188} INFO - [2024-07-16T06:39:15.201+0000] {dagbag.py:545} INFO - Filling up the DagBag from /home/airflow/.local/lib/python3.12/site-packages/airflow/example_dags/example_task_group.py
[2024-07-16T06:39:15.205+0000] {processor.py:840} INFO - DAG(s) 'example_task_group' retrieved from /home/airflow/.local/lib/python3.12/site-packages/airflow/example_dags/example_task_group.py
[2024-07-16T06:39:15.220+0000] {logging_mixin.py:188} INFO - [2024-07-16T06:39:15.220+0000] {dag.py:3096} INFO - Sync 1 DAGs
[2024-07-16T06:39:15.234+0000] {logging_mixin.py:188} INFO - [2024-07-16T06:39:15.234+0000] {dag.py:3954} INFO - Setting next_dagrun for example_task_group to 2024-07-15 00:00:00+00:00, run_after=2024-07-16 00:00:00+00:00
[2024-07-16T06:39:15.244+0000] {processor.py:183} INFO - Processing /home/airflow/.local/lib/python3.12/site-packages/airflow/example_dags/example_task_group.py took 0.047 seconds
[2024-07-16T06:39:45.561+0000] {processor.py:161} INFO - Started process (PID=384) to work on /home/airflow/.local/lib/python3.12/site-packages/airflow/example_dags/example_task_group.py
[2024-07-16T06:39:45.562+0000] {processor.py:830} INFO - Processing file /home/airflow/.local/lib/python3.12/site-packages/airflow/example_dags/example_task_group.py for tasks to queue
[2024-07-16T06:39:45.563+0000] {logging_mixin.py:188} INFO - [2024-07-16T06:39:45.563+0000] {dagbag.py:545} INFO - Filling up the DagBag from /home/airflow/.local/lib/python3.12/site-packages/airflow/example_dags/example_task_group.py
[2024-07-16T06:39:45.566+0000] {processor.py:840} INFO - DAG(s) 'example_task_group' retrieved from /home/airflow/.local/lib/python3.12/site-packages/airflow/example_dags/example_task_group.py
[2024-07-16T06:39:45.581+0000] {logging_mixin.py:188} INFO - [2024-07-16T06:39:45.580+0000] {dag.py:3096} INFO - Sync 1 DAGs
[2024-07-16T06:39:45.593+0000] {logging_mixin.py:188} INFO - [2024-07-16T06:39:45.593+0000] {dag.py:3954} INFO - Setting next_dagrun for example_task_group to 2024-07-15 00:00:00+00:00, run_after=2024-07-16 00:00:00+00:00
[2024-07-16T06:39:45.602+0000] {processor.py:183} INFO - Processing /home/airflow/.local/lib/python3.12/site-packages/airflow/example_dags/example_task_group.py took 0.043 seconds
[2024-07-16T06:40:15.737+0000] {processor.py:161} INFO - Started process (PID=448) to work on /home/airflow/.local/lib/python3.12/site-packages/airflow/example_dags/example_task_group.py
[2024-07-16T06:40:15.738+0000] {processor.py:830} INFO - Processing file /home/airflow/.local/lib/python3.12/site-packages/airflow/example_dags/example_task_group.py for tasks to queue
[2024-07-16T06:40:15.739+0000] {logging_mixin.py:188} INFO - [2024-07-16T06:40:15.739+0000] {dagbag.py:545} INFO - Filling up the DagBag from /home/airflow/.local/lib/python3.12/site-packages/airflow/example_dags/example_task_group.py
[2024-07-16T06:40:15.742+0000] {processor.py:840} INFO - DAG(s) 'example_task_group' retrieved from /home/airflow/.local/lib/python3.12/site-packages/airflow/example_dags/example_task_group.py
[2024-07-16T06:40:15.757+0000] {logging_mixin.py:188} INFO - [2024-07-16T06:40:15.756+0000] {dag.py:3096} INFO - Sync 1 DAGs
[2024-07-16T06:40:15.769+0000] {logging_mixin.py:188} INFO - [2024-07-16T06:40:15.769+0000] {dag.py:3954} INFO - Setting next_dagrun for example_task_group to 2024-07-15 00:00:00+00:00, run_after=2024-07-16 00:00:00+00:00
[2024-07-16T06:40:15.780+0000] {processor.py:183} INFO - Processing /home/airflow/.local/lib/python3.12/site-packages/airflow/example_dags/example_task_group.py took 0.045 seconds
[2024-07-16T06:40:45.837+0000] {processor.py:161} INFO - Started process (PID=512) to work on /home/airflow/.local/lib/python3.12/site-packages/airflow/example_dags/example_task_group.py
[2024-07-16T06:40:45.838+0000] {processor.py:830} INFO - Processing file /home/airflow/.local/lib/python3.12/site-packages/airflow/example_dags/example_task_group.py for tasks to queue
[2024-07-16T06:40:45.839+0000] {logging_mixin.py:188} INFO - [2024-07-16T06:40:45.839+0000] {dagbag.py:545} INFO - Filling up the DagBag from /home/airflow/.local/lib/python3.12/site-packages/airflow/example_dags/example_task_group.py
[2024-07-16T06:40:45.842+0000] {processor.py:840} INFO - DAG(s) 'example_task_group' retrieved from /home/airflow/.local/lib/python3.12/site-packages/airflow/example_dags/example_task_group.py
[2024-07-16T06:40:45.857+0000] {logging_mixin.py:188} INFO - [2024-07-16T06:40:45.857+0000] {dag.py:3096} INFO - Sync 1 DAGs
[2024-07-16T06:40:45.870+0000] {logging_mixin.py:188} INFO - [2024-07-16T06:40:45.870+0000] {dag.py:3954} INFO - Setting next_dagrun for example_task_group to 2024-07-15 00:00:00+00:00, run_after=2024-07-16 00:00:00+00:00
[2024-07-16T06:40:45.882+0000] {processor.py:183} INFO - Processing /home/airflow/.local/lib/python3.12/site-packages/airflow/example_dags/example_task_group.py took 0.048 seconds
[2024-07-16T06:41:15.959+0000] {processor.py:161} INFO - Started process (PID=576) to work on /home/airflow/.local/lib/python3.12/site-packages/airflow/example_dags/example_task_group.py
[2024-07-16T06:41:15.960+0000] {processor.py:830} INFO - Processing file /home/airflow/.local/lib/python3.12/site-packages/airflow/example_dags/example_task_group.py for tasks to queue
[2024-07-16T06:41:15.961+0000] {logging_mixin.py:188} INFO - [2024-07-16T06:41:15.961+0000] {dagbag.py:545} INFO - Filling up the DagBag from /home/airflow/.local/lib/python3.12/site-packages/airflow/example_dags/example_task_group.py
[2024-07-16T06:41:15.964+0000] {processor.py:840} INFO - DAG(s) 'example_task_group' retrieved from /home/airflow/.local/lib/python3.12/site-packages/airflow/example_dags/example_task_group.py
[2024-07-16T06:41:15.979+0000] {logging_mixin.py:188} INFO - [2024-07-16T06:41:15.979+0000] {dag.py:3096} INFO - Sync 1 DAGs
[2024-07-16T06:41:15.993+0000] {logging_mixin.py:188} INFO - [2024-07-16T06:41:15.993+0000] {dag.py:3954} INFO - Setting next_dagrun for example_task_group to 2024-07-15 00:00:00+00:00, run_after=2024-07-16 00:00:00+00:00
[2024-07-16T06:41:16.003+0000] {processor.py:183} INFO - Processing /home/airflow/.local/lib/python3.12/site-packages/airflow/example_dags/example_task_group.py took 0.047 seconds
[2024-07-16T06:41:46.349+0000] {processor.py:161} INFO - Started process (PID=640) to work on /home/airflow/.local/lib/python3.12/site-packages/airflow/example_dags/example_task_group.py
[2024-07-16T06:41:46.350+0000] {processor.py:830} INFO - Processing file /home/airflow/.local/lib/python3.12/site-packages/airflow/example_dags/example_task_group.py for tasks to queue
[2024-07-16T06:41:46.351+0000] {logging_mixin.py:188} INFO - [2024-07-16T06:41:46.351+0000] {dagbag.py:545} INFO - Filling up the DagBag from /home/airflow/.local/lib/python3.12/site-packages/airflow/example_dags/example_task_group.py
[2024-07-16T06:41:46.355+0000] {processor.py:840} INFO - DAG(s) 'example_task_group' retrieved from /home/airflow/.local/lib/python3.12/site-packages/airflow/example_dags/example_task_group.py
[2024-07-16T06:41:46.370+0000] {logging_mixin.py:188} INFO - [2024-07-16T06:41:46.370+0000] {dag.py:3096} INFO - Sync 1 DAGs
[2024-07-16T06:41:46.383+0000] {logging_mixin.py:188} INFO - [2024-07-16T06:41:46.383+0000] {dag.py:3954} INFO - Setting next_dagrun for example_task_group to 2024-07-15 00:00:00+00:00, run_after=2024-07-16 00:00:00+00:00
[2024-07-16T06:41:46.394+0000] {processor.py:183} INFO - Processing /home/airflow/.local/lib/python3.12/site-packages/airflow/example_dags/example_task_group.py took 0.047 seconds
[2024-07-16T06:42:17.425+0000] {processor.py:161} INFO - Started process (PID=704) to work on /home/airflow/.local/lib/python3.12/site-packages/airflow/example_dags/example_task_group.py
[2024-07-16T06:42:17.427+0000] {processor.py:830} INFO - Processing file /home/airflow/.local/lib/python3.12/site-packages/airflow/example_dags/example_task_group.py for tasks to queue
[2024-07-16T06:42:17.428+0000] {logging_mixin.py:188} INFO - [2024-07-16T06:42:17.428+0000] {dagbag.py:545} INFO - Filling up the DagBag from /home/airflow/.local/lib/python3.12/site-packages/airflow/example_dags/example_task_group.py
[2024-07-16T06:42:17.432+0000] {processor.py:840} INFO - DAG(s) 'example_task_group' retrieved from /home/airflow/.local/lib/python3.12/site-packages/airflow/example_dags/example_task_group.py
[2024-07-16T06:42:17.447+0000] {logging_mixin.py:188} INFO - [2024-07-16T06:42:17.447+0000] {dag.py:3096} INFO - Sync 1 DAGs
[2024-07-16T06:42:17.460+0000] {logging_mixin.py:188} INFO - [2024-07-16T06:42:17.460+0000] {dag.py:3954} INFO - Setting next_dagrun for example_task_group to 2024-07-15 00:00:00+00:00, run_after=2024-07-16 00:00:00+00:00
[2024-07-16T06:42:17.470+0000] {processor.py:183} INFO - Processing /home/airflow/.local/lib/python3.12/site-packages/airflow/example_dags/example_task_group.py took 0.048 seconds
[2024-07-16T06:42:47.632+0000] {processor.py:161} INFO - Started process (PID=768) to work on /home/airflow/.local/lib/python3.12/site-packages/airflow/example_dags/example_task_group.py
[2024-07-16T06:42:47.633+0000] {processor.py:830} INFO - Processing file /home/airflow/.local/lib/python3.12/site-packages/airflow/example_dags/example_task_group.py for tasks to queue
[2024-07-16T06:42:47.634+0000] {logging_mixin.py:188} INFO - [2024-07-16T06:42:47.634+0000] {dagbag.py:545} INFO - Filling up the DagBag from /home/airflow/.local/lib/python3.12/site-packages/airflow/example_dags/example_task_group.py
[2024-07-16T06:42:47.638+0000] {processor.py:840} INFO - DAG(s) 'example_task_group' retrieved from /home/airflow/.local/lib/python3.12/site-packages/airflow/example_dags/example_task_group.py
[2024-07-16T06:42:47.653+0000] {logging_mixin.py:188} INFO - [2024-07-16T06:42:47.653+0000] {dag.py:3096} INFO - Sync 1 DAGs
[2024-07-16T06:42:47.666+0000] {logging_mixin.py:188} INFO - [2024-07-16T06:42:47.666+0000] {dag.py:3954} INFO - Setting next_dagrun for example_task_group to 2024-07-15 00:00:00+00:00, run_after=2024-07-16 00:00:00+00:00
[2024-07-16T06:42:47.676+0000] {processor.py:183} INFO - Processing /home/airflow/.local/lib/python3.12/site-packages/airflow/example_dags/example_task_group.py took 0.047 seconds
[2024-07-16T06:43:18.774+0000] {processor.py:161} INFO - Started process (PID=832) to work on /home/airflow/.local/lib/python3.12/site-packages/airflow/example_dags/example_task_group.py
[2024-07-16T06:43:18.774+0000] {processor.py:830} INFO - Processing file /home/airflow/.local/lib/python3.12/site-packages/airflow/example_dags/example_task_group.py for tasks to queue
[2024-07-16T06:43:18.776+0000] {logging_mixin.py:188} INFO - [2024-07-16T06:43:18.775+0000] {dagbag.py:545} INFO - Filling up the DagBag from /home/airflow/.local/lib/python3.12/site-packages/airflow/example_dags/example_task_group.py
[2024-07-16T06:43:18.779+0000] {processor.py:840} INFO - DAG(s) 'example_task_group' retrieved from /home/airflow/.local/lib/python3.12/site-packages/airflow/example_dags/example_task_group.py
[2024-07-16T06:43:18.796+0000] {logging_mixin.py:188} INFO - [2024-07-16T06:43:18.796+0000] {dag.py:3096} INFO - Sync 1 DAGs
[2024-07-16T06:43:18.810+0000] {logging_mixin.py:188} INFO - [2024-07-16T06:43:18.810+0000] {dag.py:3954} INFO - Setting next_dagrun for example_task_group to 2024-07-15 00:00:00+00:00, run_after=2024-07-16 00:00:00+00:00
[2024-07-16T06:43:18.820+0000] {processor.py:183} INFO - Processing /home/airflow/.local/lib/python3.12/site-packages/airflow/example_dags/example_task_group.py took 0.049 seconds
[2024-07-16T06:43:49.002+0000] {processor.py:161} INFO - Started process (PID=896) to work on /home/airflow/.local/lib/python3.12/site-packages/airflow/example_dags/example_task_group.py
[2024-07-16T06:43:49.003+0000] {processor.py:830} INFO - Processing file /home/airflow/.local/lib/python3.12/site-packages/airflow/example_dags/example_task_group.py for tasks to queue
[2024-07-16T06:43:49.004+0000] {logging_mixin.py:188} INFO - [2024-07-16T06:43:49.004+0000] {dagbag.py:545} INFO - Filling up the DagBag from /home/airflow/.local/lib/python3.12/site-packages/airflow/example_dags/example_task_group.py
[2024-07-16T06:43:49.008+0000] {processor.py:840} INFO - DAG(s) 'example_task_group' retrieved from /home/airflow/.local/lib/python3.12/site-packages/airflow/example_dags/example_task_group.py
[2024-07-16T06:43:49.022+0000] {logging_mixin.py:188} INFO - [2024-07-16T06:43:49.022+0000] {dag.py:3096} INFO - Sync 1 DAGs
[2024-07-16T06:43:49.034+0000] {logging_mixin.py:188} INFO - [2024-07-16T06:43:49.034+0000] {dag.py:3954} INFO - Setting next_dagrun for example_task_group to 2024-07-15 00:00:00+00:00, run_after=2024-07-16 00:00:00+00:00
[2024-07-16T06:43:49.045+0000] {processor.py:183} INFO - Processing /home/airflow/.local/lib/python3.12/site-packages/airflow/example_dags/example_task_group.py took 0.046 seconds
[2024-07-16T06:44:19.173+0000] {processor.py:161} INFO - Started process (PID=960) to work on /home/airflow/.local/lib/python3.12/site-packages/airflow/example_dags/example_task_group.py
[2024-07-16T06:44:19.173+0000] {processor.py:830} INFO - Processing file /home/airflow/.local/lib/python3.12/site-packages/airflow/example_dags/example_task_group.py for tasks to queue
[2024-07-16T06:44:19.174+0000] {logging_mixin.py:188} INFO - [2024-07-16T06:44:19.174+0000] {dagbag.py:545} INFO - Filling up the DagBag from /home/airflow/.local/lib/python3.12/site-packages/airflow/example_dags/example_task_group.py
[2024-07-16T06:44:19.178+0000] {processor.py:840} INFO - DAG(s) 'example_task_group' retrieved from /home/airflow/.local/lib/python3.12/site-packages/airflow/example_dags/example_task_group.py
[2024-07-16T06:44:19.194+0000] {logging_mixin.py:188} INFO - [2024-07-16T06:44:19.194+0000] {dag.py:3096} INFO - Sync 1 DAGs
[2024-07-16T06:44:19.207+0000] {logging_mixin.py:188} INFO - [2024-07-16T06:44:19.207+0000] {dag.py:3954} INFO - Setting next_dagrun for example_task_group to 2024-07-15 00:00:00+00:00, run_after=2024-07-16 00:00:00+00:00
[2024-07-16T06:44:19.218+0000] {processor.py:183} INFO - Processing /home/airflow/.local/lib/python3.12/site-packages/airflow/example_dags/example_task_group.py took 0.048 seconds
[2024-07-16T06:44:49.266+0000] {processor.py:161} INFO - Started process (PID=1024) to work on /home/airflow/.local/lib/python3.12/site-packages/airflow/example_dags/example_task_group.py
[2024-07-16T06:44:49.266+0000] {processor.py:830} INFO - Processing file /home/airflow/.local/lib/python3.12/site-packages/airflow/example_dags/example_task_group.py for tasks to queue
[2024-07-16T06:44:49.267+0000] {logging_mixin.py:188} INFO - [2024-07-16T06:44:49.267+0000] {dagbag.py:545} INFO - Filling up the DagBag from /home/airflow/.local/lib/python3.12/site-packages/airflow/example_dags/example_task_group.py
[2024-07-16T06:44:49.272+0000] {processor.py:840} INFO - DAG(s) 'example_task_group' retrieved from /home/airflow/.local/lib/python3.12/site-packages/airflow/example_dags/example_task_group.py
[2024-07-16T06:44:49.288+0000] {logging_mixin.py:188} INFO - [2024-07-16T06:44:49.288+0000] {dag.py:3096} INFO - Sync 1 DAGs
[2024-07-16T06:44:49.301+0000] {logging_mixin.py:188} INFO - [2024-07-16T06:44:49.301+0000] {dag.py:3954} INFO - Setting next_dagrun for example_task_group to 2024-07-15 00:00:00+00:00, run_after=2024-07-16 00:00:00+00:00
[2024-07-16T06:44:49.313+0000] {processor.py:183} INFO - Processing /home/airflow/.local/lib/python3.12/site-packages/airflow/example_dags/example_task_group.py took 0.051 seconds
[2024-07-16T06:45:19.366+0000] {processor.py:161} INFO - Started process (PID=1086) to work on /home/airflow/.local/lib/python3.12/site-packages/airflow/example_dags/example_task_group.py
[2024-07-16T06:45:19.367+0000] {processor.py:830} INFO - Processing file /home/airflow/.local/lib/python3.12/site-packages/airflow/example_dags/example_task_group.py for tasks to queue
[2024-07-16T06:45:19.367+0000] {logging_mixin.py:188} INFO - [2024-07-16T06:45:19.367+0000] {dagbag.py:545} INFO - Filling up the DagBag from /home/airflow/.local/lib/python3.12/site-packages/airflow/example_dags/example_task_group.py
[2024-07-16T06:45:19.371+0000] {processor.py:840} INFO - DAG(s) 'example_task_group' retrieved from /home/airflow/.local/lib/python3.12/site-packages/airflow/example_dags/example_task_group.py
[2024-07-16T06:45:19.386+0000] {logging_mixin.py:188} INFO - [2024-07-16T06:45:19.386+0000] {dag.py:3096} INFO - Sync 1 DAGs
[2024-07-16T06:45:19.398+0000] {logging_mixin.py:188} INFO - [2024-07-16T06:45:19.398+0000] {dag.py:3954} INFO - Setting next_dagrun for example_task_group to 2024-07-15 00:00:00+00:00, run_after=2024-07-16 00:00:00+00:00
[2024-07-16T06:45:19.408+0000] {processor.py:183} INFO - Processing /home/airflow/.local/lib/python3.12/site-packages/airflow/example_dags/example_task_group.py took 0.045 seconds
[2024-07-16T06:45:49.430+0000] {processor.py:161} INFO - Started process (PID=1149) to work on /home/airflow/.local/lib/python3.12/site-packages/airflow/example_dags/example_task_group.py
[2024-07-16T06:45:49.431+0000] {processor.py:830} INFO - Processing file /home/airflow/.local/lib/python3.12/site-packages/airflow/example_dags/example_task_group.py for tasks to queue
[2024-07-16T06:45:49.432+0000] {logging_mixin.py:188} INFO - [2024-07-16T06:45:49.432+0000] {dagbag.py:545} INFO - Filling up the DagBag from /home/airflow/.local/lib/python3.12/site-packages/airflow/example_dags/example_task_group.py
[2024-07-16T06:45:49.436+0000] {processor.py:840} INFO - DAG(s) 'example_task_group' retrieved from /home/airflow/.local/lib/python3.12/site-packages/airflow/example_dags/example_task_group.py
[2024-07-16T06:45:49.451+0000] {logging_mixin.py:188} INFO - [2024-07-16T06:45:49.450+0000] {dag.py:3096} INFO - Sync 1 DAGs
[2024-07-16T06:45:49.463+0000] {logging_mixin.py:188} INFO - [2024-07-16T06:45:49.463+0000] {dag.py:3954} INFO - Setting next_dagrun for example_task_group to 2024-07-15 00:00:00+00:00, run_after=2024-07-16 00:00:00+00:00
[2024-07-16T06:45:49.474+0000] {processor.py:183} INFO - Processing /home/airflow/.local/lib/python3.12/site-packages/airflow/example_dags/example_task_group.py took 0.046 seconds
[2024-07-16T06:46:19.771+0000] {processor.py:161} INFO - Started process (PID=1213) to work on /home/airflow/.local/lib/python3.12/site-packages/airflow/example_dags/example_task_group.py
[2024-07-16T06:46:19.771+0000] {processor.py:830} INFO - Processing file /home/airflow/.local/lib/python3.12/site-packages/airflow/example_dags/example_task_group.py for tasks to queue
[2024-07-16T06:46:19.772+0000] {logging_mixin.py:188} INFO - [2024-07-16T06:46:19.772+0000] {dagbag.py:545} INFO - Filling up the DagBag from /home/airflow/.local/lib/python3.12/site-packages/airflow/example_dags/example_task_group.py
[2024-07-16T06:46:19.776+0000] {processor.py:840} INFO - DAG(s) 'example_task_group' retrieved from /home/airflow/.local/lib/python3.12/site-packages/airflow/example_dags/example_task_group.py
[2024-07-16T06:46:19.792+0000] {logging_mixin.py:188} INFO - [2024-07-16T06:46:19.792+0000] {dag.py:3096} INFO - Sync 1 DAGs
[2024-07-16T06:46:19.805+0000] {logging_mixin.py:188} INFO - [2024-07-16T06:46:19.805+0000] {dag.py:3954} INFO - Setting next_dagrun for example_task_group to 2024-07-15 00:00:00+00:00, run_after=2024-07-16 00:00:00+00:00
[2024-07-16T06:46:19.816+0000] {processor.py:183} INFO - Processing /home/airflow/.local/lib/python3.12/site-packages/airflow/example_dags/example_task_group.py took 0.048 seconds
[2024-07-16T06:46:50.373+0000] {processor.py:161} INFO - Started process (PID=1277) to work on /home/airflow/.local/lib/python3.12/site-packages/airflow/example_dags/example_task_group.py
[2024-07-16T06:46:50.373+0000] {processor.py:830} INFO - Processing file /home/airflow/.local/lib/python3.12/site-packages/airflow/example_dags/example_task_group.py for tasks to queue
[2024-07-16T06:46:50.374+0000] {logging_mixin.py:188} INFO - [2024-07-16T06:46:50.374+0000] {dagbag.py:545} INFO - Filling up the DagBag from /home/airflow/.local/lib/python3.12/site-packages/airflow/example_dags/example_task_group.py
[2024-07-16T06:46:50.378+0000] {processor.py:840} INFO - DAG(s) 'example_task_group' retrieved from /home/airflow/.local/lib/python3.12/site-packages/airflow/example_dags/example_task_group.py
[2024-07-16T06:46:50.393+0000] {logging_mixin.py:188} INFO - [2024-07-16T06:46:50.393+0000] {dag.py:3096} INFO - Sync 1 DAGs
[2024-07-16T06:46:50.407+0000] {logging_mixin.py:188} INFO - [2024-07-16T06:46:50.407+0000] {dag.py:3954} INFO - Setting next_dagrun for example_task_group to 2024-07-15 00:00:00+00:00, run_after=2024-07-16 00:00:00+00:00
[2024-07-16T06:46:50.526+0000] {processor.py:183} INFO - Processing /home/airflow/.local/lib/python3.12/site-packages/airflow/example_dags/example_task_group.py took 0.157 seconds
[2024-07-16T06:47:20.818+0000] {processor.py:161} INFO - Started process (PID=1341) to work on /home/airflow/.local/lib/python3.12/site-packages/airflow/example_dags/example_task_group.py
[2024-07-16T06:47:20.819+0000] {processor.py:830} INFO - Processing file /home/airflow/.local/lib/python3.12/site-packages/airflow/example_dags/example_task_group.py for tasks to queue
[2024-07-16T06:47:20.820+0000] {logging_mixin.py:188} INFO - [2024-07-16T06:47:20.820+0000] {dagbag.py:545} INFO - Filling up the DagBag from /home/airflow/.local/lib/python3.12/site-packages/airflow/example_dags/example_task_group.py
[2024-07-16T06:47:20.827+0000] {processor.py:840} INFO - DAG(s) 'example_task_group' retrieved from /home/airflow/.local/lib/python3.12/site-packages/airflow/example_dags/example_task_group.py
[2024-07-16T06:47:20.846+0000] {logging_mixin.py:188} INFO - [2024-07-16T06:47:20.846+0000] {dag.py:3096} INFO - Sync 1 DAGs
[2024-07-16T06:47:20.864+0000] {logging_mixin.py:188} INFO - [2024-07-16T06:47:20.864+0000] {dag.py:3954} INFO - Setting next_dagrun for example_task_group to 2024-07-15 00:00:00+00:00, run_after=2024-07-16 00:00:00+00:00
[2024-07-16T06:47:20.876+0000] {processor.py:183} INFO - Processing /home/airflow/.local/lib/python3.12/site-packages/airflow/example_dags/example_task_group.py took 0.063 seconds
[2024-07-16T06:47:51.180+0000] {processor.py:161} INFO - Started process (PID=1405) to work on /home/airflow/.local/lib/python3.12/site-packages/airflow/example_dags/example_task_group.py
[2024-07-16T06:47:51.181+0000] {processor.py:830} INFO - Processing file /home/airflow/.local/lib/python3.12/site-packages/airflow/example_dags/example_task_group.py for tasks to queue
[2024-07-16T06:47:51.182+0000] {logging_mixin.py:188} INFO - [2024-07-16T06:47:51.182+0000] {dagbag.py:545} INFO - Filling up the DagBag from /home/airflow/.local/lib/python3.12/site-packages/airflow/example_dags/example_task_group.py
[2024-07-16T06:47:51.186+0000] {processor.py:840} INFO - DAG(s) 'example_task_group' retrieved from /home/airflow/.local/lib/python3.12/site-packages/airflow/example_dags/example_task_group.py
[2024-07-16T06:47:51.202+0000] {logging_mixin.py:188} INFO - [2024-07-16T06:47:51.201+0000] {dag.py:3096} INFO - Sync 1 DAGs
[2024-07-16T06:47:51.214+0000] {logging_mixin.py:188} INFO - [2024-07-16T06:47:51.213+0000] {dag.py:3954} INFO - Setting next_dagrun for example_task_group to 2024-07-15 00:00:00+00:00, run_after=2024-07-16 00:00:00+00:00
[2024-07-16T06:47:51.223+0000] {processor.py:183} INFO - Processing /home/airflow/.local/lib/python3.12/site-packages/airflow/example_dags/example_task_group.py took 0.046 seconds
[2024-07-16T06:48:21.497+0000] {processor.py:161} INFO - Started process (PID=1469) to work on /home/airflow/.local/lib/python3.12/site-packages/airflow/example_dags/example_task_group.py
[2024-07-16T06:48:21.497+0000] {processor.py:830} INFO - Processing file /home/airflow/.local/lib/python3.12/site-packages/airflow/example_dags/example_task_group.py for tasks to queue
[2024-07-16T06:48:21.499+0000] {logging_mixin.py:188} INFO - [2024-07-16T06:48:21.499+0000] {dagbag.py:545} INFO - Filling up the DagBag from /home/airflow/.local/lib/python3.12/site-packages/airflow/example_dags/example_task_group.py
[2024-07-16T06:48:21.503+0000] {processor.py:840} INFO - DAG(s) 'example_task_group' retrieved from /home/airflow/.local/lib/python3.12/site-packages/airflow/example_dags/example_task_group.py
[2024-07-16T06:48:21.518+0000] {logging_mixin.py:188} INFO - [2024-07-16T06:48:21.518+0000] {dag.py:3096} INFO - Sync 1 DAGs
[2024-07-16T06:48:21.531+0000] {logging_mixin.py:188} INFO - [2024-07-16T06:48:21.531+0000] {dag.py:3954} INFO - Setting next_dagrun for example_task_group to 2024-07-15 00:00:00+00:00, run_after=2024-07-16 00:00:00+00:00
[2024-07-16T06:48:21.541+0000] {processor.py:183} INFO - Processing /home/airflow/.local/lib/python3.12/site-packages/airflow/example_dags/example_task_group.py took 0.048 seconds
[2024-07-16T06:48:51.806+0000] {processor.py:161} INFO - Started process (PID=1533) to work on /home/airflow/.local/lib/python3.12/site-packages/airflow/example_dags/example_task_group.py
[2024-07-16T06:48:51.806+0000] {processor.py:830} INFO - Processing file /home/airflow/.local/lib/python3.12/site-packages/airflow/example_dags/example_task_group.py for tasks to queue
[2024-07-16T06:48:51.807+0000] {logging_mixin.py:188} INFO - [2024-07-16T06:48:51.807+0000] {dagbag.py:545} INFO - Filling up the DagBag from /home/airflow/.local/lib/python3.12/site-packages/airflow/example_dags/example_task_group.py
[2024-07-16T06:48:51.812+0000] {processor.py:840} INFO - DAG(s) 'example_task_group' retrieved from /home/airflow/.local/lib/python3.12/site-packages/airflow/example_dags/example_task_group.py
[2024-07-16T06:48:51.832+0000] {logging_mixin.py:188} INFO - [2024-07-16T06:48:51.832+0000] {dag.py:3096} INFO - Sync 1 DAGs
[2024-07-16T06:48:51.845+0000] {logging_mixin.py:188} INFO - [2024-07-16T06:48:51.845+0000] {dag.py:3954} INFO - Setting next_dagrun for example_task_group to 2024-07-15 00:00:00+00:00, run_after=2024-07-16 00:00:00+00:00
[2024-07-16T06:48:51.854+0000] {processor.py:183} INFO - Processing /home/airflow/.local/lib/python3.12/site-packages/airflow/example_dags/example_task_group.py took 0.051 seconds
[2024-07-16T06:49:22.527+0000] {processor.py:161} INFO - Started process (PID=1597) to work on /home/airflow/.local/lib/python3.12/site-packages/airflow/example_dags/example_task_group.py
[2024-07-16T06:49:22.528+0000] {processor.py:830} INFO - Processing file /home/airflow/.local/lib/python3.12/site-packages/airflow/example_dags/example_task_group.py for tasks to queue
[2024-07-16T06:49:22.529+0000] {logging_mixin.py:188} INFO - [2024-07-16T06:49:22.529+0000] {dagbag.py:545} INFO - Filling up the DagBag from /home/airflow/.local/lib/python3.12/site-packages/airflow/example_dags/example_task_group.py
[2024-07-16T06:49:22.533+0000] {processor.py:840} INFO - DAG(s) 'example_task_group' retrieved from /home/airflow/.local/lib/python3.12/site-packages/airflow/example_dags/example_task_group.py
[2024-07-16T06:49:22.548+0000] {logging_mixin.py:188} INFO - [2024-07-16T06:49:22.548+0000] {dag.py:3096} INFO - Sync 1 DAGs
[2024-07-16T06:49:22.651+0000] {logging_mixin.py:188} INFO - [2024-07-16T06:49:22.651+0000] {dag.py:3954} INFO - Setting next_dagrun for example_task_group to 2024-07-15 00:00:00+00:00, run_after=2024-07-16 00:00:00+00:00
[2024-07-16T06:49:22.660+0000] {processor.py:183} INFO - Processing /home/airflow/.local/lib/python3.12/site-packages/airflow/example_dags/example_task_group.py took 0.136 seconds
[2024-07-16T06:49:53.544+0000] {processor.py:161} INFO - Started process (PID=1661) to work on /home/airflow/.local/lib/python3.12/site-packages/airflow/example_dags/example_task_group.py
[2024-07-16T06:49:53.544+0000] {processor.py:830} INFO - Processing file /home/airflow/.local/lib/python3.12/site-packages/airflow/example_dags/example_task_group.py for tasks to queue
[2024-07-16T06:49:53.545+0000] {logging_mixin.py:188} INFO - [2024-07-16T06:49:53.545+0000] {dagbag.py:545} INFO - Filling up the DagBag from /home/airflow/.local/lib/python3.12/site-packages/airflow/example_dags/example_task_group.py
[2024-07-16T06:49:53.549+0000] {processor.py:840} INFO - DAG(s) 'example_task_group' retrieved from /home/airflow/.local/lib/python3.12/site-packages/airflow/example_dags/example_task_group.py
[2024-07-16T06:49:53.564+0000] {logging_mixin.py:188} INFO - [2024-07-16T06:49:53.564+0000] {dag.py:3096} INFO - Sync 1 DAGs
[2024-07-16T06:49:53.577+0000] {logging_mixin.py:188} INFO - [2024-07-16T06:49:53.577+0000] {dag.py:3954} INFO - Setting next_dagrun for example_task_group to 2024-07-15 00:00:00+00:00, run_after=2024-07-16 00:00:00+00:00
[2024-07-16T06:49:53.589+0000] {processor.py:183} INFO - Processing /home/airflow/.local/lib/python3.12/site-packages/airflow/example_dags/example_task_group.py took 0.048 seconds
[2024-07-16T06:50:23.880+0000] {processor.py:161} INFO - Started process (PID=1725) to work on /home/airflow/.local/lib/python3.12/site-packages/airflow/example_dags/example_task_group.py
[2024-07-16T06:50:23.880+0000] {processor.py:830} INFO - Processing file /home/airflow/.local/lib/python3.12/site-packages/airflow/example_dags/example_task_group.py for tasks to queue
[2024-07-16T06:50:23.881+0000] {logging_mixin.py:188} INFO - [2024-07-16T06:50:23.881+0000] {dagbag.py:545} INFO - Filling up the DagBag from /home/airflow/.local/lib/python3.12/site-packages/airflow/example_dags/example_task_group.py
[2024-07-16T06:50:23.886+0000] {processor.py:840} INFO - DAG(s) 'example_task_group' retrieved from /home/airflow/.local/lib/python3.12/site-packages/airflow/example_dags/example_task_group.py
[2024-07-16T06:50:23.901+0000] {logging_mixin.py:188} INFO - [2024-07-16T06:50:23.901+0000] {dag.py:3096} INFO - Sync 1 DAGs
[2024-07-16T06:50:23.914+0000] {logging_mixin.py:188} INFO - [2024-07-16T06:50:23.914+0000] {dag.py:3954} INFO - Setting next_dagrun for example_task_group to 2024-07-15 00:00:00+00:00, run_after=2024-07-16 00:00:00+00:00
[2024-07-16T06:50:23.925+0000] {processor.py:183} INFO - Processing /home/airflow/.local/lib/python3.12/site-packages/airflow/example_dags/example_task_group.py took 0.049 seconds
[2024-07-16T06:50:53.978+0000] {processor.py:161} INFO - Started process (PID=1789) to work on /home/airflow/.local/lib/python3.12/site-packages/airflow/example_dags/example_task_group.py
[2024-07-16T06:50:53.978+0000] {processor.py:830} INFO - Processing file /home/airflow/.local/lib/python3.12/site-packages/airflow/example_dags/example_task_group.py for tasks to queue
[2024-07-16T06:50:53.980+0000] {logging_mixin.py:188} INFO - [2024-07-16T06:50:53.979+0000] {dagbag.py:545} INFO - Filling up the DagBag from /home/airflow/.local/lib/python3.12/site-packages/airflow/example_dags/example_task_group.py
[2024-07-16T06:50:53.984+0000] {processor.py:840} INFO - DAG(s) 'example_task_group' retrieved from /home/airflow/.local/lib/python3.12/site-packages/airflow/example_dags/example_task_group.py
[2024-07-16T06:50:54.000+0000] {logging_mixin.py:188} INFO - [2024-07-16T06:50:54.000+0000] {dag.py:3096} INFO - Sync 1 DAGs
[2024-07-16T06:50:54.014+0000] {logging_mixin.py:188} INFO - [2024-07-16T06:50:54.014+0000] {dag.py:3954} INFO - Setting next_dagrun for example_task_group to 2024-07-15 00:00:00+00:00, run_after=2024-07-16 00:00:00+00:00
[2024-07-16T06:50:54.024+0000] {processor.py:183} INFO - Processing /home/airflow/.local/lib/python3.12/site-packages/airflow/example_dags/example_task_group.py took 0.051 seconds
[2024-07-16T06:51:24.084+0000] {processor.py:161} INFO - Started process (PID=1853) to work on /home/airflow/.local/lib/python3.12/site-packages/airflow/example_dags/example_task_group.py
[2024-07-16T06:51:24.088+0000] {processor.py:830} INFO - Processing file /home/airflow/.local/lib/python3.12/site-packages/airflow/example_dags/example_task_group.py for tasks to queue
[2024-07-16T06:51:24.090+0000] {logging_mixin.py:188} INFO - [2024-07-16T06:51:24.089+0000] {dagbag.py:545} INFO - Filling up the DagBag from /home/airflow/.local/lib/python3.12/site-packages/airflow/example_dags/example_task_group.py
[2024-07-16T06:51:24.095+0000] {processor.py:840} INFO - DAG(s) 'example_task_group' retrieved from /home/airflow/.local/lib/python3.12/site-packages/airflow/example_dags/example_task_group.py
[2024-07-16T06:51:24.111+0000] {logging_mixin.py:188} INFO - [2024-07-16T06:51:24.111+0000] {dag.py:3096} INFO - Sync 1 DAGs
[2024-07-16T06:51:24.124+0000] {logging_mixin.py:188} INFO - [2024-07-16T06:51:24.124+0000] {dag.py:3954} INFO - Setting next_dagrun for example_task_group to 2024-07-15 00:00:00+00:00, run_after=2024-07-16 00:00:00+00:00
[2024-07-16T06:51:24.135+0000] {processor.py:183} INFO - Processing /home/airflow/.local/lib/python3.12/site-packages/airflow/example_dags/example_task_group.py took 0.056 seconds
[2024-07-16T06:51:54.305+0000] {processor.py:161} INFO - Started process (PID=1917) to work on /home/airflow/.local/lib/python3.12/site-packages/airflow/example_dags/example_task_group.py
[2024-07-16T06:51:54.306+0000] {processor.py:830} INFO - Processing file /home/airflow/.local/lib/python3.12/site-packages/airflow/example_dags/example_task_group.py for tasks to queue
[2024-07-16T06:51:54.307+0000] {logging_mixin.py:188} INFO - [2024-07-16T06:51:54.307+0000] {dagbag.py:545} INFO - Filling up the DagBag from /home/airflow/.local/lib/python3.12/site-packages/airflow/example_dags/example_task_group.py
[2024-07-16T06:51:54.312+0000] {processor.py:840} INFO - DAG(s) 'example_task_group' retrieved from /home/airflow/.local/lib/python3.12/site-packages/airflow/example_dags/example_task_group.py
[2024-07-16T06:51:54.328+0000] {logging_mixin.py:188} INFO - [2024-07-16T06:51:54.328+0000] {dag.py:3096} INFO - Sync 1 DAGs
[2024-07-16T06:51:54.346+0000] {logging_mixin.py:188} INFO - [2024-07-16T06:51:54.346+0000] {dag.py:3954} INFO - Setting next_dagrun for example_task_group to 2024-07-15 00:00:00+00:00, run_after=2024-07-16 00:00:00+00:00
[2024-07-16T06:51:54.365+0000] {processor.py:183} INFO - Processing /home/airflow/.local/lib/python3.12/site-packages/airflow/example_dags/example_task_group.py took 0.064 seconds
[2024-07-16T06:52:24.536+0000] {processor.py:161} INFO - Started process (PID=1981) to work on /home/airflow/.local/lib/python3.12/site-packages/airflow/example_dags/example_task_group.py
[2024-07-16T06:52:24.538+0000] {processor.py:830} INFO - Processing file /home/airflow/.local/lib/python3.12/site-packages/airflow/example_dags/example_task_group.py for tasks to queue
[2024-07-16T06:52:24.540+0000] {logging_mixin.py:188} INFO - [2024-07-16T06:52:24.540+0000] {dagbag.py:545} INFO - Filling up the DagBag from /home/airflow/.local/lib/python3.12/site-packages/airflow/example_dags/example_task_group.py
[2024-07-16T06:52:24.550+0000] {processor.py:840} INFO - DAG(s) 'example_task_group' retrieved from /home/airflow/.local/lib/python3.12/site-packages/airflow/example_dags/example_task_group.py
[2024-07-16T06:52:24.570+0000] {logging_mixin.py:188} INFO - [2024-07-16T06:52:24.570+0000] {dag.py:3096} INFO - Sync 1 DAGs
[2024-07-16T06:52:24.587+0000] {logging_mixin.py:188} INFO - [2024-07-16T06:52:24.587+0000] {dag.py:3954} INFO - Setting next_dagrun for example_task_group to 2024-07-15 00:00:00+00:00, run_after=2024-07-16 00:00:00+00:00
[2024-07-16T06:52:24.599+0000] {processor.py:183} INFO - Processing /home/airflow/.local/lib/python3.12/site-packages/airflow/example_dags/example_task_group.py took 0.068 seconds
[2024-07-16T06:52:54.708+0000] {processor.py:161} INFO - Started process (PID=2045) to work on /home/airflow/.local/lib/python3.12/site-packages/airflow/example_dags/example_task_group.py
[2024-07-16T06:52:54.708+0000] {processor.py:830} INFO - Processing file /home/airflow/.local/lib/python3.12/site-packages/airflow/example_dags/example_task_group.py for tasks to queue
[2024-07-16T06:52:54.710+0000] {logging_mixin.py:188} INFO - [2024-07-16T06:52:54.710+0000] {dagbag.py:545} INFO - Filling up the DagBag from /home/airflow/.local/lib/python3.12/site-packages/airflow/example_dags/example_task_group.py
[2024-07-16T06:52:54.716+0000] {processor.py:840} INFO - DAG(s) 'example_task_group' retrieved from /home/airflow/.local/lib/python3.12/site-packages/airflow/example_dags/example_task_group.py
[2024-07-16T06:52:54.734+0000] {logging_mixin.py:188} INFO - [2024-07-16T06:52:54.734+0000] {dag.py:3096} INFO - Sync 1 DAGs
[2024-07-16T06:52:54.749+0000] {logging_mixin.py:188} INFO - [2024-07-16T06:52:54.749+0000] {dag.py:3954} INFO - Setting next_dagrun for example_task_group to 2024-07-15 00:00:00+00:00, run_after=2024-07-16 00:00:00+00:00
[2024-07-16T06:52:54.759+0000] {processor.py:183} INFO - Processing /home/airflow/.local/lib/python3.12/site-packages/airflow/example_dags/example_task_group.py took 0.058 seconds
[2024-07-16T06:53:25.020+0000] {processor.py:161} INFO - Started process (PID=2109) to work on /home/airflow/.local/lib/python3.12/site-packages/airflow/example_dags/example_task_group.py
[2024-07-16T06:53:25.021+0000] {processor.py:830} INFO - Processing file /home/airflow/.local/lib/python3.12/site-packages/airflow/example_dags/example_task_group.py for tasks to queue
[2024-07-16T06:53:25.022+0000] {logging_mixin.py:188} INFO - [2024-07-16T06:53:25.022+0000] {dagbag.py:545} INFO - Filling up the DagBag from /home/airflow/.local/lib/python3.12/site-packages/airflow/example_dags/example_task_group.py
[2024-07-16T06:53:25.027+0000] {processor.py:840} INFO - DAG(s) 'example_task_group' retrieved from /home/airflow/.local/lib/python3.12/site-packages/airflow/example_dags/example_task_group.py
[2024-07-16T06:53:25.048+0000] {logging_mixin.py:188} INFO - [2024-07-16T06:53:25.048+0000] {dag.py:3096} INFO - Sync 1 DAGs
[2024-07-16T06:53:25.065+0000] {logging_mixin.py:188} INFO - [2024-07-16T06:53:25.065+0000] {dag.py:3954} INFO - Setting next_dagrun for example_task_group to 2024-07-15 00:00:00+00:00, run_after=2024-07-16 00:00:00+00:00
[2024-07-16T06:53:25.078+0000] {processor.py:183} INFO - Processing /home/airflow/.local/lib/python3.12/site-packages/airflow/example_dags/example_task_group.py took 0.062 seconds
[2024-07-16T06:53:55.122+0000] {processor.py:161} INFO - Started process (PID=2173) to work on /home/airflow/.local/lib/python3.12/site-packages/airflow/example_dags/example_task_group.py
[2024-07-16T06:53:55.123+0000] {processor.py:830} INFO - Processing file /home/airflow/.local/lib/python3.12/site-packages/airflow/example_dags/example_task_group.py for tasks to queue
[2024-07-16T06:53:55.125+0000] {logging_mixin.py:188} INFO - [2024-07-16T06:53:55.125+0000] {dagbag.py:545} INFO - Filling up the DagBag from /home/airflow/.local/lib/python3.12/site-packages/airflow/example_dags/example_task_group.py
[2024-07-16T06:53:55.131+0000] {processor.py:840} INFO - DAG(s) 'example_task_group' retrieved from /home/airflow/.local/lib/python3.12/site-packages/airflow/example_dags/example_task_group.py
[2024-07-16T06:53:55.150+0000] {logging_mixin.py:188} INFO - [2024-07-16T06:53:55.150+0000] {dag.py:3096} INFO - Sync 1 DAGs
[2024-07-16T06:53:55.166+0000] {logging_mixin.py:188} INFO - [2024-07-16T06:53:55.166+0000] {dag.py:3954} INFO - Setting next_dagrun for example_task_group to 2024-07-15 00:00:00+00:00, run_after=2024-07-16 00:00:00+00:00
[2024-07-16T06:53:55.176+0000] {processor.py:183} INFO - Processing /home/airflow/.local/lib/python3.12/site-packages/airflow/example_dags/example_task_group.py took 0.060 seconds
[2024-07-16T06:54:25.256+0000] {processor.py:161} INFO - Started process (PID=2237) to work on /home/airflow/.local/lib/python3.12/site-packages/airflow/example_dags/example_task_group.py
[2024-07-16T06:54:25.257+0000] {processor.py:830} INFO - Processing file /home/airflow/.local/lib/python3.12/site-packages/airflow/example_dags/example_task_group.py for tasks to queue
[2024-07-16T06:54:25.259+0000] {logging_mixin.py:188} INFO - [2024-07-16T06:54:25.259+0000] {dagbag.py:545} INFO - Filling up the DagBag from /home/airflow/.local/lib/python3.12/site-packages/airflow/example_dags/example_task_group.py
[2024-07-16T06:54:25.266+0000] {processor.py:840} INFO - DAG(s) 'example_task_group' retrieved from /home/airflow/.local/lib/python3.12/site-packages/airflow/example_dags/example_task_group.py
[2024-07-16T06:54:25.289+0000] {logging_mixin.py:188} INFO - [2024-07-16T06:54:25.289+0000] {dag.py:3096} INFO - Sync 1 DAGs
[2024-07-16T06:54:25.304+0000] {logging_mixin.py:188} INFO - [2024-07-16T06:54:25.304+0000] {dag.py:3954} INFO - Setting next_dagrun for example_task_group to 2024-07-15 00:00:00+00:00, run_after=2024-07-16 00:00:00+00:00
[2024-07-16T06:54:25.315+0000] {processor.py:183} INFO - Processing /home/airflow/.local/lib/python3.12/site-packages/airflow/example_dags/example_task_group.py took 0.065 seconds
[2024-07-16T06:54:55.384+0000] {processor.py:161} INFO - Started process (PID=2300) to work on /home/airflow/.local/lib/python3.12/site-packages/airflow/example_dags/example_task_group.py
[2024-07-16T06:54:55.384+0000] {processor.py:830} INFO - Processing file /home/airflow/.local/lib/python3.12/site-packages/airflow/example_dags/example_task_group.py for tasks to queue
[2024-07-16T06:54:55.385+0000] {logging_mixin.py:188} INFO - [2024-07-16T06:54:55.385+0000] {dagbag.py:545} INFO - Filling up the DagBag from /home/airflow/.local/lib/python3.12/site-packages/airflow/example_dags/example_task_group.py
[2024-07-16T06:54:55.389+0000] {processor.py:840} INFO - DAG(s) 'example_task_group' retrieved from /home/airflow/.local/lib/python3.12/site-packages/airflow/example_dags/example_task_group.py
[2024-07-16T06:54:55.405+0000] {logging_mixin.py:188} INFO - [2024-07-16T06:54:55.405+0000] {dag.py:3096} INFO - Sync 1 DAGs
[2024-07-16T06:54:55.420+0000] {logging_mixin.py:188} INFO - [2024-07-16T06:54:55.420+0000] {dag.py:3954} INFO - Setting next_dagrun for example_task_group to 2024-07-15 00:00:00+00:00, run_after=2024-07-16 00:00:00+00:00
[2024-07-16T06:54:55.432+0000] {processor.py:183} INFO - Processing /home/airflow/.local/lib/python3.12/site-packages/airflow/example_dags/example_task_group.py took 0.051 seconds
[2024-07-16T06:55:25.732+0000] {processor.py:161} INFO - Started process (PID=2364) to work on /home/airflow/.local/lib/python3.12/site-packages/airflow/example_dags/example_task_group.py
[2024-07-16T06:55:25.733+0000] {processor.py:830} INFO - Processing file /home/airflow/.local/lib/python3.12/site-packages/airflow/example_dags/example_task_group.py for tasks to queue
[2024-07-16T06:55:25.734+0000] {logging_mixin.py:188} INFO - [2024-07-16T06:55:25.734+0000] {dagbag.py:545} INFO - Filling up the DagBag from /home/airflow/.local/lib/python3.12/site-packages/airflow/example_dags/example_task_group.py
[2024-07-16T06:55:25.739+0000] {processor.py:840} INFO - DAG(s) 'example_task_group' retrieved from /home/airflow/.local/lib/python3.12/site-packages/airflow/example_dags/example_task_group.py
[2024-07-16T06:55:25.758+0000] {logging_mixin.py:188} INFO - [2024-07-16T06:55:25.758+0000] {dag.py:3096} INFO - Sync 1 DAGs
[2024-07-16T06:55:25.773+0000] {logging_mixin.py:188} INFO - [2024-07-16T06:55:25.773+0000] {dag.py:3954} INFO - Setting next_dagrun for example_task_group to 2024-07-15 00:00:00+00:00, run_after=2024-07-16 00:00:00+00:00
[2024-07-16T06:55:25.785+0000] {processor.py:183} INFO - Processing /home/airflow/.local/lib/python3.12/site-packages/airflow/example_dags/example_task_group.py took 0.058 seconds
[2024-07-16T06:55:55.953+0000] {processor.py:161} INFO - Started process (PID=2428) to work on /home/airflow/.local/lib/python3.12/site-packages/airflow/example_dags/example_task_group.py
[2024-07-16T06:55:55.954+0000] {processor.py:830} INFO - Processing file /home/airflow/.local/lib/python3.12/site-packages/airflow/example_dags/example_task_group.py for tasks to queue
[2024-07-16T06:55:55.956+0000] {logging_mixin.py:188} INFO - [2024-07-16T06:55:55.956+0000] {dagbag.py:545} INFO - Filling up the DagBag from /home/airflow/.local/lib/python3.12/site-packages/airflow/example_dags/example_task_group.py
[2024-07-16T06:55:55.962+0000] {processor.py:840} INFO - DAG(s) 'example_task_group' retrieved from /home/airflow/.local/lib/python3.12/site-packages/airflow/example_dags/example_task_group.py
[2024-07-16T06:55:55.979+0000] {logging_mixin.py:188} INFO - [2024-07-16T06:55:55.979+0000] {dag.py:3096} INFO - Sync 1 DAGs
[2024-07-16T06:55:55.994+0000] {logging_mixin.py:188} INFO - [2024-07-16T06:55:55.994+0000] {dag.py:3954} INFO - Setting next_dagrun for example_task_group to 2024-07-15 00:00:00+00:00, run_after=2024-07-16 00:00:00+00:00
[2024-07-16T06:55:56.005+0000] {processor.py:183} INFO - Processing /home/airflow/.local/lib/python3.12/site-packages/airflow/example_dags/example_task_group.py took 0.058 seconds
