[2024-07-16T06:24:07.049+0000] {processor.py:161} INFO - Started process (PID=54) to work on /home/airflow/.local/lib/python3.12/site-packages/airflow/example_dags/example_external_task_marker_dag.py
[2024-07-16T06:24:07.050+0000] {processor.py:830} INFO - Processing file /home/airflow/.local/lib/python3.12/site-packages/airflow/example_dags/example_external_task_marker_dag.py for tasks to queue
[2024-07-16T06:24:07.052+0000] {logging_mixin.py:188} INFO - [2024-07-16T06:24:07.051+0000] {dagbag.py:545} INFO - Filling up the DagBag from /home/airflow/.local/lib/python3.12/site-packages/airflow/example_dags/example_external_task_marker_dag.py
[2024-07-16T06:24:07.058+0000] {processor.py:840} INFO - DAG(s) 'example_external_task_marker_parent', 'example_external_task_marker_child' retrieved from /home/airflow/.local/lib/python3.12/site-packages/airflow/example_dags/example_external_task_marker_dag.py
[2024-07-16T06:24:07.081+0000] {logging_mixin.py:188} INFO - [2024-07-16T06:24:07.080+0000] {dag.py:3096} INFO - Sync 2 DAGs
[2024-07-16T06:24:07.094+0000] {logging_mixin.py:188} INFO - [2024-07-16T06:24:07.094+0000] {dag.py:3954} INFO - Setting next_dagrun for example_external_task_marker_child to None, run_after=None
[2024-07-16T06:24:07.099+0000] {logging_mixin.py:188} INFO - [2024-07-16T06:24:07.098+0000] {dag.py:3954} INFO - Setting next_dagrun for example_external_task_marker_parent to None, run_after=None
[2024-07-16T06:24:07.109+0000] {processor.py:183} INFO - Processing /home/airflow/.local/lib/python3.12/site-packages/airflow/example_dags/example_external_task_marker_dag.py took 0.063 seconds
[2024-07-16T06:24:37.490+0000] {processor.py:161} INFO - Started process (PID=117) to work on /home/airflow/.local/lib/python3.12/site-packages/airflow/example_dags/example_external_task_marker_dag.py
[2024-07-16T06:24:37.491+0000] {processor.py:830} INFO - Processing file /home/airflow/.local/lib/python3.12/site-packages/airflow/example_dags/example_external_task_marker_dag.py for tasks to queue
[2024-07-16T06:24:37.492+0000] {logging_mixin.py:188} INFO - [2024-07-16T06:24:37.491+0000] {dagbag.py:545} INFO - Filling up the DagBag from /home/airflow/.local/lib/python3.12/site-packages/airflow/example_dags/example_external_task_marker_dag.py
[2024-07-16T06:24:37.495+0000] {processor.py:840} INFO - DAG(s) 'example_external_task_marker_child', 'example_external_task_marker_parent' retrieved from /home/airflow/.local/lib/python3.12/site-packages/airflow/example_dags/example_external_task_marker_dag.py
[2024-07-16T06:24:37.506+0000] {logging_mixin.py:188} INFO - [2024-07-16T06:24:37.506+0000] {dag.py:3096} INFO - Sync 2 DAGs
[2024-07-16T06:24:37.512+0000] {logging_mixin.py:188} INFO - [2024-07-16T06:24:37.512+0000] {dag.py:3954} INFO - Setting next_dagrun for example_external_task_marker_child to None, run_after=None
[2024-07-16T06:24:37.514+0000] {logging_mixin.py:188} INFO - [2024-07-16T06:24:37.514+0000] {dag.py:3954} INFO - Setting next_dagrun for example_external_task_marker_parent to None, run_after=None
[2024-07-16T06:24:37.522+0000] {processor.py:183} INFO - Processing /home/airflow/.local/lib/python3.12/site-packages/airflow/example_dags/example_external_task_marker_dag.py took 0.034 seconds
[2024-07-16T06:29:30.787+0000] {processor.py:161} INFO - Started process (PID=55) to work on /home/airflow/.local/lib/python3.12/site-packages/airflow/example_dags/example_external_task_marker_dag.py
[2024-07-16T06:29:30.788+0000] {processor.py:830} INFO - Processing file /home/airflow/.local/lib/python3.12/site-packages/airflow/example_dags/example_external_task_marker_dag.py for tasks to queue
[2024-07-16T06:29:30.790+0000] {logging_mixin.py:188} INFO - [2024-07-16T06:29:30.790+0000] {dagbag.py:545} INFO - Filling up the DagBag from /home/airflow/.local/lib/python3.12/site-packages/airflow/example_dags/example_external_task_marker_dag.py
[2024-07-16T06:29:30.801+0000] {processor.py:840} INFO - DAG(s) 'example_external_task_marker_child', 'example_external_task_marker_parent' retrieved from /home/airflow/.local/lib/python3.12/site-packages/airflow/example_dags/example_external_task_marker_dag.py
[2024-07-16T06:29:30.816+0000] {logging_mixin.py:188} INFO - [2024-07-16T06:29:30.816+0000] {dag.py:3096} INFO - Sync 2 DAGs
[2024-07-16T06:29:30.830+0000] {logging_mixin.py:188} INFO - [2024-07-16T06:29:30.830+0000] {dag.py:3954} INFO - Setting next_dagrun for example_external_task_marker_child to None, run_after=None
[2024-07-16T06:29:30.833+0000] {logging_mixin.py:188} INFO - [2024-07-16T06:29:30.833+0000] {dag.py:3954} INFO - Setting next_dagrun for example_external_task_marker_parent to None, run_after=None
[2024-07-16T06:29:30.850+0000] {processor.py:183} INFO - Processing /home/airflow/.local/lib/python3.12/site-packages/airflow/example_dags/example_external_task_marker_dag.py took 0.071 seconds
[2024-07-16T06:30:01.523+0000] {processor.py:161} INFO - Started process (PID=119) to work on /home/airflow/.local/lib/python3.12/site-packages/airflow/example_dags/example_external_task_marker_dag.py
[2024-07-16T06:30:01.524+0000] {processor.py:830} INFO - Processing file /home/airflow/.local/lib/python3.12/site-packages/airflow/example_dags/example_external_task_marker_dag.py for tasks to queue
[2024-07-16T06:30:01.525+0000] {logging_mixin.py:188} INFO - [2024-07-16T06:30:01.525+0000] {dagbag.py:545} INFO - Filling up the DagBag from /home/airflow/.local/lib/python3.12/site-packages/airflow/example_dags/example_external_task_marker_dag.py
[2024-07-16T06:30:01.529+0000] {processor.py:840} INFO - DAG(s) 'example_external_task_marker_child', 'example_external_task_marker_parent' retrieved from /home/airflow/.local/lib/python3.12/site-packages/airflow/example_dags/example_external_task_marker_dag.py
[2024-07-16T06:30:01.585+0000] {logging_mixin.py:188} INFO - [2024-07-16T06:30:01.585+0000] {dag.py:3096} INFO - Sync 2 DAGs
[2024-07-16T06:30:01.592+0000] {logging_mixin.py:188} INFO - [2024-07-16T06:30:01.592+0000] {dag.py:3954} INFO - Setting next_dagrun for example_external_task_marker_child to None, run_after=None
[2024-07-16T06:30:01.594+0000] {logging_mixin.py:188} INFO - [2024-07-16T06:30:01.594+0000] {dag.py:3954} INFO - Setting next_dagrun for example_external_task_marker_parent to None, run_after=None
[2024-07-16T06:30:01.603+0000] {processor.py:183} INFO - Processing /home/airflow/.local/lib/python3.12/site-packages/airflow/example_dags/example_external_task_marker_dag.py took 0.083 seconds
[2024-07-16T06:30:32.276+0000] {processor.py:161} INFO - Started process (PID=183) to work on /home/airflow/.local/lib/python3.12/site-packages/airflow/example_dags/example_external_task_marker_dag.py
[2024-07-16T06:30:32.276+0000] {processor.py:830} INFO - Processing file /home/airflow/.local/lib/python3.12/site-packages/airflow/example_dags/example_external_task_marker_dag.py for tasks to queue
[2024-07-16T06:30:32.277+0000] {logging_mixin.py:188} INFO - [2024-07-16T06:30:32.277+0000] {dagbag.py:545} INFO - Filling up the DagBag from /home/airflow/.local/lib/python3.12/site-packages/airflow/example_dags/example_external_task_marker_dag.py
[2024-07-16T06:30:32.281+0000] {processor.py:840} INFO - DAG(s) 'example_external_task_marker_child', 'example_external_task_marker_parent' retrieved from /home/airflow/.local/lib/python3.12/site-packages/airflow/example_dags/example_external_task_marker_dag.py
[2024-07-16T06:30:32.298+0000] {logging_mixin.py:188} INFO - [2024-07-16T06:30:32.298+0000] {dag.py:3096} INFO - Sync 2 DAGs
[2024-07-16T06:30:32.308+0000] {logging_mixin.py:188} INFO - [2024-07-16T06:30:32.308+0000] {dag.py:3954} INFO - Setting next_dagrun for example_external_task_marker_child to None, run_after=None
[2024-07-16T06:30:32.310+0000] {logging_mixin.py:188} INFO - [2024-07-16T06:30:32.310+0000] {dag.py:3954} INFO - Setting next_dagrun for example_external_task_marker_parent to None, run_after=None
[2024-07-16T06:30:32.320+0000] {processor.py:183} INFO - Processing /home/airflow/.local/lib/python3.12/site-packages/airflow/example_dags/example_external_task_marker_dag.py took 0.047 seconds
[2024-07-16T06:31:02.508+0000] {processor.py:161} INFO - Started process (PID=246) to work on /home/airflow/.local/lib/python3.12/site-packages/airflow/example_dags/example_external_task_marker_dag.py
[2024-07-16T06:31:02.509+0000] {processor.py:830} INFO - Processing file /home/airflow/.local/lib/python3.12/site-packages/airflow/example_dags/example_external_task_marker_dag.py for tasks to queue
[2024-07-16T06:31:02.510+0000] {logging_mixin.py:188} INFO - [2024-07-16T06:31:02.510+0000] {dagbag.py:545} INFO - Filling up the DagBag from /home/airflow/.local/lib/python3.12/site-packages/airflow/example_dags/example_external_task_marker_dag.py
[2024-07-16T06:31:02.514+0000] {processor.py:840} INFO - DAG(s) 'example_external_task_marker_child', 'example_external_task_marker_parent' retrieved from /home/airflow/.local/lib/python3.12/site-packages/airflow/example_dags/example_external_task_marker_dag.py
[2024-07-16T06:31:02.533+0000] {logging_mixin.py:188} INFO - [2024-07-16T06:31:02.533+0000] {dag.py:3096} INFO - Sync 2 DAGs
[2024-07-16T06:31:02.542+0000] {logging_mixin.py:188} INFO - [2024-07-16T06:31:02.542+0000] {dag.py:3954} INFO - Setting next_dagrun for example_external_task_marker_child to None, run_after=None
[2024-07-16T06:31:02.545+0000] {logging_mixin.py:188} INFO - [2024-07-16T06:31:02.545+0000] {dag.py:3954} INFO - Setting next_dagrun for example_external_task_marker_parent to None, run_after=None
[2024-07-16T06:31:02.556+0000] {processor.py:183} INFO - Processing /home/airflow/.local/lib/python3.12/site-packages/airflow/example_dags/example_external_task_marker_dag.py took 0.050 seconds
[2024-07-16T06:31:32.766+0000] {processor.py:161} INFO - Started process (PID=310) to work on /home/airflow/.local/lib/python3.12/site-packages/airflow/example_dags/example_external_task_marker_dag.py
[2024-07-16T06:31:32.767+0000] {processor.py:830} INFO - Processing file /home/airflow/.local/lib/python3.12/site-packages/airflow/example_dags/example_external_task_marker_dag.py for tasks to queue
[2024-07-16T06:31:32.768+0000] {logging_mixin.py:188} INFO - [2024-07-16T06:31:32.768+0000] {dagbag.py:545} INFO - Filling up the DagBag from /home/airflow/.local/lib/python3.12/site-packages/airflow/example_dags/example_external_task_marker_dag.py
[2024-07-16T06:31:32.771+0000] {processor.py:840} INFO - DAG(s) 'example_external_task_marker_parent', 'example_external_task_marker_child' retrieved from /home/airflow/.local/lib/python3.12/site-packages/airflow/example_dags/example_external_task_marker_dag.py
[2024-07-16T06:31:32.789+0000] {logging_mixin.py:188} INFO - [2024-07-16T06:31:32.789+0000] {dag.py:3096} INFO - Sync 2 DAGs
[2024-07-16T06:31:32.797+0000] {logging_mixin.py:188} INFO - [2024-07-16T06:31:32.797+0000] {dag.py:3954} INFO - Setting next_dagrun for example_external_task_marker_child to None, run_after=None
[2024-07-16T06:31:32.799+0000] {logging_mixin.py:188} INFO - [2024-07-16T06:31:32.799+0000] {dag.py:3954} INFO - Setting next_dagrun for example_external_task_marker_parent to None, run_after=None
[2024-07-16T06:31:32.812+0000] {processor.py:183} INFO - Processing /home/airflow/.local/lib/python3.12/site-packages/airflow/example_dags/example_external_task_marker_dag.py took 0.049 seconds
[2024-07-16T06:32:03.856+0000] {processor.py:161} INFO - Started process (PID=373) to work on /home/airflow/.local/lib/python3.12/site-packages/airflow/example_dags/example_external_task_marker_dag.py
[2024-07-16T06:32:03.856+0000] {processor.py:830} INFO - Processing file /home/airflow/.local/lib/python3.12/site-packages/airflow/example_dags/example_external_task_marker_dag.py for tasks to queue
[2024-07-16T06:32:03.857+0000] {logging_mixin.py:188} INFO - [2024-07-16T06:32:03.857+0000] {dagbag.py:545} INFO - Filling up the DagBag from /home/airflow/.local/lib/python3.12/site-packages/airflow/example_dags/example_external_task_marker_dag.py
[2024-07-16T06:32:03.860+0000] {processor.py:840} INFO - DAG(s) 'example_external_task_marker_parent', 'example_external_task_marker_child' retrieved from /home/airflow/.local/lib/python3.12/site-packages/airflow/example_dags/example_external_task_marker_dag.py
[2024-07-16T06:32:03.878+0000] {logging_mixin.py:188} INFO - [2024-07-16T06:32:03.878+0000] {dag.py:3096} INFO - Sync 2 DAGs
[2024-07-16T06:32:03.886+0000] {logging_mixin.py:188} INFO - [2024-07-16T06:32:03.886+0000] {dag.py:3954} INFO - Setting next_dagrun for example_external_task_marker_child to None, run_after=None
[2024-07-16T06:32:03.889+0000] {logging_mixin.py:188} INFO - [2024-07-16T06:32:03.888+0000] {dag.py:3954} INFO - Setting next_dagrun for example_external_task_marker_parent to None, run_after=None
[2024-07-16T06:32:03.898+0000] {processor.py:183} INFO - Processing /home/airflow/.local/lib/python3.12/site-packages/airflow/example_dags/example_external_task_marker_dag.py took 0.045 seconds
[2024-07-16T06:32:34.042+0000] {processor.py:161} INFO - Started process (PID=437) to work on /home/airflow/.local/lib/python3.12/site-packages/airflow/example_dags/example_external_task_marker_dag.py
[2024-07-16T06:32:34.043+0000] {processor.py:830} INFO - Processing file /home/airflow/.local/lib/python3.12/site-packages/airflow/example_dags/example_external_task_marker_dag.py for tasks to queue
[2024-07-16T06:32:34.045+0000] {logging_mixin.py:188} INFO - [2024-07-16T06:32:34.044+0000] {dagbag.py:545} INFO - Filling up the DagBag from /home/airflow/.local/lib/python3.12/site-packages/airflow/example_dags/example_external_task_marker_dag.py
[2024-07-16T06:32:34.048+0000] {processor.py:840} INFO - DAG(s) 'example_external_task_marker_parent', 'example_external_task_marker_child' retrieved from /home/airflow/.local/lib/python3.12/site-packages/airflow/example_dags/example_external_task_marker_dag.py
[2024-07-16T06:32:34.066+0000] {logging_mixin.py:188} INFO - [2024-07-16T06:32:34.066+0000] {dag.py:3096} INFO - Sync 2 DAGs
[2024-07-16T06:32:34.074+0000] {logging_mixin.py:188} INFO - [2024-07-16T06:32:34.074+0000] {dag.py:3954} INFO - Setting next_dagrun for example_external_task_marker_child to None, run_after=None
[2024-07-16T06:32:34.076+0000] {logging_mixin.py:188} INFO - [2024-07-16T06:32:34.076+0000] {dag.py:3954} INFO - Setting next_dagrun for example_external_task_marker_parent to None, run_after=None
[2024-07-16T06:32:34.086+0000] {processor.py:183} INFO - Processing /home/airflow/.local/lib/python3.12/site-packages/airflow/example_dags/example_external_task_marker_dag.py took 0.048 seconds
[2024-07-16T06:33:04.174+0000] {processor.py:161} INFO - Started process (PID=501) to work on /home/airflow/.local/lib/python3.12/site-packages/airflow/example_dags/example_external_task_marker_dag.py
[2024-07-16T06:33:04.174+0000] {processor.py:830} INFO - Processing file /home/airflow/.local/lib/python3.12/site-packages/airflow/example_dags/example_external_task_marker_dag.py for tasks to queue
[2024-07-16T06:33:04.175+0000] {logging_mixin.py:188} INFO - [2024-07-16T06:33:04.175+0000] {dagbag.py:545} INFO - Filling up the DagBag from /home/airflow/.local/lib/python3.12/site-packages/airflow/example_dags/example_external_task_marker_dag.py
[2024-07-16T06:33:04.179+0000] {processor.py:840} INFO - DAG(s) 'example_external_task_marker_parent', 'example_external_task_marker_child' retrieved from /home/airflow/.local/lib/python3.12/site-packages/airflow/example_dags/example_external_task_marker_dag.py
[2024-07-16T06:33:04.196+0000] {logging_mixin.py:188} INFO - [2024-07-16T06:33:04.196+0000] {dag.py:3096} INFO - Sync 2 DAGs
[2024-07-16T06:33:04.205+0000] {logging_mixin.py:188} INFO - [2024-07-16T06:33:04.205+0000] {dag.py:3954} INFO - Setting next_dagrun for example_external_task_marker_child to None, run_after=None
[2024-07-16T06:33:04.207+0000] {logging_mixin.py:188} INFO - [2024-07-16T06:33:04.207+0000] {dag.py:3954} INFO - Setting next_dagrun for example_external_task_marker_parent to None, run_after=None
[2024-07-16T06:33:04.217+0000] {processor.py:183} INFO - Processing /home/airflow/.local/lib/python3.12/site-packages/airflow/example_dags/example_external_task_marker_dag.py took 0.046 seconds
[2024-07-16T06:33:34.327+0000] {processor.py:161} INFO - Started process (PID=565) to work on /home/airflow/.local/lib/python3.12/site-packages/airflow/example_dags/example_external_task_marker_dag.py
[2024-07-16T06:33:34.327+0000] {processor.py:830} INFO - Processing file /home/airflow/.local/lib/python3.12/site-packages/airflow/example_dags/example_external_task_marker_dag.py for tasks to queue
[2024-07-16T06:33:34.328+0000] {logging_mixin.py:188} INFO - [2024-07-16T06:33:34.328+0000] {dagbag.py:545} INFO - Filling up the DagBag from /home/airflow/.local/lib/python3.12/site-packages/airflow/example_dags/example_external_task_marker_dag.py
[2024-07-16T06:33:34.333+0000] {processor.py:840} INFO - DAG(s) 'example_external_task_marker_child', 'example_external_task_marker_parent' retrieved from /home/airflow/.local/lib/python3.12/site-packages/airflow/example_dags/example_external_task_marker_dag.py
[2024-07-16T06:33:34.349+0000] {logging_mixin.py:188} INFO - [2024-07-16T06:33:34.349+0000] {dag.py:3096} INFO - Sync 2 DAGs
[2024-07-16T06:33:34.357+0000] {logging_mixin.py:188} INFO - [2024-07-16T06:33:34.357+0000] {dag.py:3954} INFO - Setting next_dagrun for example_external_task_marker_child to None, run_after=None
[2024-07-16T06:33:34.359+0000] {logging_mixin.py:188} INFO - [2024-07-16T06:33:34.359+0000] {dag.py:3954} INFO - Setting next_dagrun for example_external_task_marker_parent to None, run_after=None
[2024-07-16T06:33:34.368+0000] {processor.py:183} INFO - Processing /home/airflow/.local/lib/python3.12/site-packages/airflow/example_dags/example_external_task_marker_dag.py took 0.044 seconds
[2024-07-16T06:34:04.462+0000] {processor.py:161} INFO - Started process (PID=628) to work on /home/airflow/.local/lib/python3.12/site-packages/airflow/example_dags/example_external_task_marker_dag.py
[2024-07-16T06:34:04.465+0000] {processor.py:830} INFO - Processing file /home/airflow/.local/lib/python3.12/site-packages/airflow/example_dags/example_external_task_marker_dag.py for tasks to queue
[2024-07-16T06:34:04.467+0000] {logging_mixin.py:188} INFO - [2024-07-16T06:34:04.467+0000] {dagbag.py:545} INFO - Filling up the DagBag from /home/airflow/.local/lib/python3.12/site-packages/airflow/example_dags/example_external_task_marker_dag.py
[2024-07-16T06:34:04.473+0000] {processor.py:840} INFO - DAG(s) 'example_external_task_marker_child', 'example_external_task_marker_parent' retrieved from /home/airflow/.local/lib/python3.12/site-packages/airflow/example_dags/example_external_task_marker_dag.py
[2024-07-16T06:34:04.490+0000] {logging_mixin.py:188} INFO - [2024-07-16T06:34:04.490+0000] {dag.py:3096} INFO - Sync 2 DAGs
[2024-07-16T06:34:04.498+0000] {logging_mixin.py:188} INFO - [2024-07-16T06:34:04.498+0000] {dag.py:3954} INFO - Setting next_dagrun for example_external_task_marker_child to None, run_after=None
[2024-07-16T06:34:04.500+0000] {logging_mixin.py:188} INFO - [2024-07-16T06:34:04.500+0000] {dag.py:3954} INFO - Setting next_dagrun for example_external_task_marker_parent to None, run_after=None
[2024-07-16T06:34:04.509+0000] {processor.py:183} INFO - Processing /home/airflow/.local/lib/python3.12/site-packages/airflow/example_dags/example_external_task_marker_dag.py took 0.051 seconds
[2024-07-16T06:34:34.785+0000] {processor.py:161} INFO - Started process (PID=691) to work on /home/airflow/.local/lib/python3.12/site-packages/airflow/example_dags/example_external_task_marker_dag.py
[2024-07-16T06:34:34.786+0000] {processor.py:830} INFO - Processing file /home/airflow/.local/lib/python3.12/site-packages/airflow/example_dags/example_external_task_marker_dag.py for tasks to queue
[2024-07-16T06:34:34.787+0000] {logging_mixin.py:188} INFO - [2024-07-16T06:34:34.787+0000] {dagbag.py:545} INFO - Filling up the DagBag from /home/airflow/.local/lib/python3.12/site-packages/airflow/example_dags/example_external_task_marker_dag.py
[2024-07-16T06:34:34.790+0000] {processor.py:840} INFO - DAG(s) 'example_external_task_marker_child', 'example_external_task_marker_parent' retrieved from /home/airflow/.local/lib/python3.12/site-packages/airflow/example_dags/example_external_task_marker_dag.py
[2024-07-16T06:34:34.805+0000] {logging_mixin.py:188} INFO - [2024-07-16T06:34:34.805+0000] {dag.py:3096} INFO - Sync 2 DAGs
[2024-07-16T06:34:34.814+0000] {logging_mixin.py:188} INFO - [2024-07-16T06:34:34.814+0000] {dag.py:3954} INFO - Setting next_dagrun for example_external_task_marker_child to None, run_after=None
[2024-07-16T06:34:34.827+0000] {logging_mixin.py:188} INFO - [2024-07-16T06:34:34.827+0000] {dag.py:3954} INFO - Setting next_dagrun for example_external_task_marker_parent to None, run_after=None
[2024-07-16T06:34:34.835+0000] {processor.py:183} INFO - Processing /home/airflow/.local/lib/python3.12/site-packages/airflow/example_dags/example_external_task_marker_dag.py took 0.055 seconds
[2024-07-16T06:35:05.073+0000] {processor.py:161} INFO - Started process (PID=755) to work on /home/airflow/.local/lib/python3.12/site-packages/airflow/example_dags/example_external_task_marker_dag.py
[2024-07-16T06:35:05.074+0000] {processor.py:830} INFO - Processing file /home/airflow/.local/lib/python3.12/site-packages/airflow/example_dags/example_external_task_marker_dag.py for tasks to queue
[2024-07-16T06:35:05.076+0000] {logging_mixin.py:188} INFO - [2024-07-16T06:35:05.076+0000] {dagbag.py:545} INFO - Filling up the DagBag from /home/airflow/.local/lib/python3.12/site-packages/airflow/example_dags/example_external_task_marker_dag.py
[2024-07-16T06:35:05.080+0000] {processor.py:840} INFO - DAG(s) 'example_external_task_marker_parent', 'example_external_task_marker_child' retrieved from /home/airflow/.local/lib/python3.12/site-packages/airflow/example_dags/example_external_task_marker_dag.py
[2024-07-16T06:35:05.100+0000] {logging_mixin.py:188} INFO - [2024-07-16T06:35:05.100+0000] {dag.py:3096} INFO - Sync 2 DAGs
[2024-07-16T06:35:05.109+0000] {logging_mixin.py:188} INFO - [2024-07-16T06:35:05.109+0000] {dag.py:3954} INFO - Setting next_dagrun for example_external_task_marker_child to None, run_after=None
[2024-07-16T06:35:05.112+0000] {logging_mixin.py:188} INFO - [2024-07-16T06:35:05.112+0000] {dag.py:3954} INFO - Setting next_dagrun for example_external_task_marker_parent to None, run_after=None
[2024-07-16T06:35:05.127+0000] {processor.py:183} INFO - Processing /home/airflow/.local/lib/python3.12/site-packages/airflow/example_dags/example_external_task_marker_dag.py took 0.057 seconds
[2024-07-16T06:35:35.297+0000] {processor.py:161} INFO - Started process (PID=819) to work on /home/airflow/.local/lib/python3.12/site-packages/airflow/example_dags/example_external_task_marker_dag.py
[2024-07-16T06:35:35.298+0000] {processor.py:830} INFO - Processing file /home/airflow/.local/lib/python3.12/site-packages/airflow/example_dags/example_external_task_marker_dag.py for tasks to queue
[2024-07-16T06:35:35.299+0000] {logging_mixin.py:188} INFO - [2024-07-16T06:35:35.298+0000] {dagbag.py:545} INFO - Filling up the DagBag from /home/airflow/.local/lib/python3.12/site-packages/airflow/example_dags/example_external_task_marker_dag.py
[2024-07-16T06:35:35.302+0000] {processor.py:840} INFO - DAG(s) 'example_external_task_marker_child', 'example_external_task_marker_parent' retrieved from /home/airflow/.local/lib/python3.12/site-packages/airflow/example_dags/example_external_task_marker_dag.py
[2024-07-16T06:35:35.318+0000] {logging_mixin.py:188} INFO - [2024-07-16T06:35:35.318+0000] {dag.py:3096} INFO - Sync 2 DAGs
[2024-07-16T06:35:35.327+0000] {logging_mixin.py:188} INFO - [2024-07-16T06:35:35.327+0000] {dag.py:3954} INFO - Setting next_dagrun for example_external_task_marker_child to None, run_after=None
[2024-07-16T06:35:35.329+0000] {logging_mixin.py:188} INFO - [2024-07-16T06:35:35.329+0000] {dag.py:3954} INFO - Setting next_dagrun for example_external_task_marker_parent to None, run_after=None
[2024-07-16T06:35:35.339+0000] {processor.py:183} INFO - Processing /home/airflow/.local/lib/python3.12/site-packages/airflow/example_dags/example_external_task_marker_dag.py took 0.045 seconds
[2024-07-16T06:36:05.350+0000] {processor.py:161} INFO - Started process (PID=882) to work on /home/airflow/.local/lib/python3.12/site-packages/airflow/example_dags/example_external_task_marker_dag.py
[2024-07-16T06:36:05.351+0000] {processor.py:830} INFO - Processing file /home/airflow/.local/lib/python3.12/site-packages/airflow/example_dags/example_external_task_marker_dag.py for tasks to queue
[2024-07-16T06:36:05.352+0000] {logging_mixin.py:188} INFO - [2024-07-16T06:36:05.352+0000] {dagbag.py:545} INFO - Filling up the DagBag from /home/airflow/.local/lib/python3.12/site-packages/airflow/example_dags/example_external_task_marker_dag.py
[2024-07-16T06:36:05.355+0000] {processor.py:840} INFO - DAG(s) 'example_external_task_marker_child', 'example_external_task_marker_parent' retrieved from /home/airflow/.local/lib/python3.12/site-packages/airflow/example_dags/example_external_task_marker_dag.py
[2024-07-16T06:36:05.372+0000] {logging_mixin.py:188} INFO - [2024-07-16T06:36:05.372+0000] {dag.py:3096} INFO - Sync 2 DAGs
[2024-07-16T06:36:05.380+0000] {logging_mixin.py:188} INFO - [2024-07-16T06:36:05.380+0000] {dag.py:3954} INFO - Setting next_dagrun for example_external_task_marker_child to None, run_after=None
[2024-07-16T06:36:05.382+0000] {logging_mixin.py:188} INFO - [2024-07-16T06:36:05.382+0000] {dag.py:3954} INFO - Setting next_dagrun for example_external_task_marker_parent to None, run_after=None
[2024-07-16T06:36:05.390+0000] {processor.py:183} INFO - Processing /home/airflow/.local/lib/python3.12/site-packages/airflow/example_dags/example_external_task_marker_dag.py took 0.042 seconds
[2024-07-16T06:37:13.397+0000] {processor.py:161} INFO - Started process (PID=56) to work on /home/airflow/.local/lib/python3.12/site-packages/airflow/example_dags/example_external_task_marker_dag.py
[2024-07-16T06:37:13.398+0000] {processor.py:830} INFO - Processing file /home/airflow/.local/lib/python3.12/site-packages/airflow/example_dags/example_external_task_marker_dag.py for tasks to queue
[2024-07-16T06:37:13.400+0000] {logging_mixin.py:188} INFO - [2024-07-16T06:37:13.400+0000] {dagbag.py:545} INFO - Filling up the DagBag from /home/airflow/.local/lib/python3.12/site-packages/airflow/example_dags/example_external_task_marker_dag.py
[2024-07-16T06:37:13.407+0000] {processor.py:840} INFO - DAG(s) 'example_external_task_marker_parent', 'example_external_task_marker_child' retrieved from /home/airflow/.local/lib/python3.12/site-packages/airflow/example_dags/example_external_task_marker_dag.py
[2024-07-16T06:37:13.433+0000] {logging_mixin.py:188} INFO - [2024-07-16T06:37:13.433+0000] {dag.py:3096} INFO - Sync 2 DAGs
[2024-07-16T06:37:13.446+0000] {logging_mixin.py:188} INFO - [2024-07-16T06:37:13.445+0000] {dag.py:3954} INFO - Setting next_dagrun for example_external_task_marker_child to None, run_after=None
[2024-07-16T06:37:13.449+0000] {logging_mixin.py:188} INFO - [2024-07-16T06:37:13.449+0000] {dag.py:3954} INFO - Setting next_dagrun for example_external_task_marker_parent to None, run_after=None
[2024-07-16T06:37:13.463+0000] {processor.py:183} INFO - Processing /home/airflow/.local/lib/python3.12/site-packages/airflow/example_dags/example_external_task_marker_dag.py took 0.070 seconds
[2024-07-16T06:37:43.890+0000] {processor.py:161} INFO - Started process (PID=119) to work on /home/airflow/.local/lib/python3.12/site-packages/airflow/example_dags/example_external_task_marker_dag.py
[2024-07-16T06:37:43.891+0000] {processor.py:830} INFO - Processing file /home/airflow/.local/lib/python3.12/site-packages/airflow/example_dags/example_external_task_marker_dag.py for tasks to queue
[2024-07-16T06:37:43.892+0000] {logging_mixin.py:188} INFO - [2024-07-16T06:37:43.892+0000] {dagbag.py:545} INFO - Filling up the DagBag from /home/airflow/.local/lib/python3.12/site-packages/airflow/example_dags/example_external_task_marker_dag.py
[2024-07-16T06:37:43.895+0000] {processor.py:840} INFO - DAG(s) 'example_external_task_marker_child', 'example_external_task_marker_parent' retrieved from /home/airflow/.local/lib/python3.12/site-packages/airflow/example_dags/example_external_task_marker_dag.py
[2024-07-16T06:37:43.950+0000] {logging_mixin.py:188} INFO - [2024-07-16T06:37:43.950+0000] {dag.py:3096} INFO - Sync 2 DAGs
[2024-07-16T06:37:43.957+0000] {logging_mixin.py:188} INFO - [2024-07-16T06:37:43.957+0000] {dag.py:3954} INFO - Setting next_dagrun for example_external_task_marker_child to None, run_after=None
[2024-07-16T06:37:43.959+0000] {logging_mixin.py:188} INFO - [2024-07-16T06:37:43.959+0000] {dag.py:3954} INFO - Setting next_dagrun for example_external_task_marker_parent to None, run_after=None
[2024-07-16T06:37:43.969+0000] {processor.py:183} INFO - Processing /home/airflow/.local/lib/python3.12/site-packages/airflow/example_dags/example_external_task_marker_dag.py took 0.081 seconds
[2024-07-16T06:38:14.384+0000] {processor.py:161} INFO - Started process (PID=183) to work on /home/airflow/.local/lib/python3.12/site-packages/airflow/example_dags/example_external_task_marker_dag.py
[2024-07-16T06:38:14.384+0000] {processor.py:830} INFO - Processing file /home/airflow/.local/lib/python3.12/site-packages/airflow/example_dags/example_external_task_marker_dag.py for tasks to queue
[2024-07-16T06:38:14.385+0000] {logging_mixin.py:188} INFO - [2024-07-16T06:38:14.385+0000] {dagbag.py:545} INFO - Filling up the DagBag from /home/airflow/.local/lib/python3.12/site-packages/airflow/example_dags/example_external_task_marker_dag.py
[2024-07-16T06:38:14.388+0000] {processor.py:840} INFO - DAG(s) 'example_external_task_marker_parent', 'example_external_task_marker_child' retrieved from /home/airflow/.local/lib/python3.12/site-packages/airflow/example_dags/example_external_task_marker_dag.py
[2024-07-16T06:38:14.405+0000] {logging_mixin.py:188} INFO - [2024-07-16T06:38:14.405+0000] {dag.py:3096} INFO - Sync 2 DAGs
[2024-07-16T06:38:14.412+0000] {logging_mixin.py:188} INFO - [2024-07-16T06:38:14.412+0000] {dag.py:3954} INFO - Setting next_dagrun for example_external_task_marker_child to None, run_after=None
[2024-07-16T06:38:14.415+0000] {logging_mixin.py:188} INFO - [2024-07-16T06:38:14.414+0000] {dag.py:3954} INFO - Setting next_dagrun for example_external_task_marker_parent to None, run_after=None
[2024-07-16T06:38:14.423+0000] {processor.py:183} INFO - Processing /home/airflow/.local/lib/python3.12/site-packages/airflow/example_dags/example_external_task_marker_dag.py took 0.042 seconds
[2024-07-16T06:38:44.662+0000] {processor.py:161} INFO - Started process (PID=246) to work on /home/airflow/.local/lib/python3.12/site-packages/airflow/example_dags/example_external_task_marker_dag.py
[2024-07-16T06:38:44.662+0000] {processor.py:830} INFO - Processing file /home/airflow/.local/lib/python3.12/site-packages/airflow/example_dags/example_external_task_marker_dag.py for tasks to queue
[2024-07-16T06:38:44.663+0000] {logging_mixin.py:188} INFO - [2024-07-16T06:38:44.663+0000] {dagbag.py:545} INFO - Filling up the DagBag from /home/airflow/.local/lib/python3.12/site-packages/airflow/example_dags/example_external_task_marker_dag.py
[2024-07-16T06:38:44.666+0000] {processor.py:840} INFO - DAG(s) 'example_external_task_marker_child', 'example_external_task_marker_parent' retrieved from /home/airflow/.local/lib/python3.12/site-packages/airflow/example_dags/example_external_task_marker_dag.py
[2024-07-16T06:38:44.682+0000] {logging_mixin.py:188} INFO - [2024-07-16T06:38:44.682+0000] {dag.py:3096} INFO - Sync 2 DAGs
[2024-07-16T06:38:44.690+0000] {logging_mixin.py:188} INFO - [2024-07-16T06:38:44.690+0000] {dag.py:3954} INFO - Setting next_dagrun for example_external_task_marker_child to None, run_after=None
[2024-07-16T06:38:44.692+0000] {logging_mixin.py:188} INFO - [2024-07-16T06:38:44.692+0000] {dag.py:3954} INFO - Setting next_dagrun for example_external_task_marker_parent to None, run_after=None
[2024-07-16T06:38:44.700+0000] {processor.py:183} INFO - Processing /home/airflow/.local/lib/python3.12/site-packages/airflow/example_dags/example_external_task_marker_dag.py took 0.041 seconds
[2024-07-16T06:39:14.922+0000] {processor.py:161} INFO - Started process (PID=310) to work on /home/airflow/.local/lib/python3.12/site-packages/airflow/example_dags/example_external_task_marker_dag.py
[2024-07-16T06:39:14.923+0000] {processor.py:830} INFO - Processing file /home/airflow/.local/lib/python3.12/site-packages/airflow/example_dags/example_external_task_marker_dag.py for tasks to queue
[2024-07-16T06:39:14.924+0000] {logging_mixin.py:188} INFO - [2024-07-16T06:39:14.924+0000] {dagbag.py:545} INFO - Filling up the DagBag from /home/airflow/.local/lib/python3.12/site-packages/airflow/example_dags/example_external_task_marker_dag.py
[2024-07-16T06:39:14.928+0000] {processor.py:840} INFO - DAG(s) 'example_external_task_marker_parent', 'example_external_task_marker_child' retrieved from /home/airflow/.local/lib/python3.12/site-packages/airflow/example_dags/example_external_task_marker_dag.py
[2024-07-16T06:39:14.944+0000] {logging_mixin.py:188} INFO - [2024-07-16T06:39:14.944+0000] {dag.py:3096} INFO - Sync 2 DAGs
[2024-07-16T06:39:14.952+0000] {logging_mixin.py:188} INFO - [2024-07-16T06:39:14.952+0000] {dag.py:3954} INFO - Setting next_dagrun for example_external_task_marker_child to None, run_after=None
[2024-07-16T06:39:14.954+0000] {logging_mixin.py:188} INFO - [2024-07-16T06:39:14.954+0000] {dag.py:3954} INFO - Setting next_dagrun for example_external_task_marker_parent to None, run_after=None
[2024-07-16T06:39:14.963+0000] {processor.py:183} INFO - Processing /home/airflow/.local/lib/python3.12/site-packages/airflow/example_dags/example_external_task_marker_dag.py took 0.044 seconds
[2024-07-16T06:39:45.167+0000] {processor.py:161} INFO - Started process (PID=374) to work on /home/airflow/.local/lib/python3.12/site-packages/airflow/example_dags/example_external_task_marker_dag.py
[2024-07-16T06:39:45.168+0000] {processor.py:830} INFO - Processing file /home/airflow/.local/lib/python3.12/site-packages/airflow/example_dags/example_external_task_marker_dag.py for tasks to queue
[2024-07-16T06:39:45.169+0000] {logging_mixin.py:188} INFO - [2024-07-16T06:39:45.169+0000] {dagbag.py:545} INFO - Filling up the DagBag from /home/airflow/.local/lib/python3.12/site-packages/airflow/example_dags/example_external_task_marker_dag.py
[2024-07-16T06:39:45.172+0000] {processor.py:840} INFO - DAG(s) 'example_external_task_marker_parent', 'example_external_task_marker_child' retrieved from /home/airflow/.local/lib/python3.12/site-packages/airflow/example_dags/example_external_task_marker_dag.py
[2024-07-16T06:39:45.190+0000] {logging_mixin.py:188} INFO - [2024-07-16T06:39:45.190+0000] {dag.py:3096} INFO - Sync 2 DAGs
[2024-07-16T06:39:45.197+0000] {logging_mixin.py:188} INFO - [2024-07-16T06:39:45.197+0000] {dag.py:3954} INFO - Setting next_dagrun for example_external_task_marker_child to None, run_after=None
[2024-07-16T06:39:45.199+0000] {logging_mixin.py:188} INFO - [2024-07-16T06:39:45.199+0000] {dag.py:3954} INFO - Setting next_dagrun for example_external_task_marker_parent to None, run_after=None
[2024-07-16T06:39:45.210+0000] {processor.py:183} INFO - Processing /home/airflow/.local/lib/python3.12/site-packages/airflow/example_dags/example_external_task_marker_dag.py took 0.047 seconds
[2024-07-16T06:40:15.415+0000] {processor.py:161} INFO - Started process (PID=438) to work on /home/airflow/.local/lib/python3.12/site-packages/airflow/example_dags/example_external_task_marker_dag.py
[2024-07-16T06:40:15.415+0000] {processor.py:830} INFO - Processing file /home/airflow/.local/lib/python3.12/site-packages/airflow/example_dags/example_external_task_marker_dag.py for tasks to queue
[2024-07-16T06:40:15.416+0000] {logging_mixin.py:188} INFO - [2024-07-16T06:40:15.416+0000] {dagbag.py:545} INFO - Filling up the DagBag from /home/airflow/.local/lib/python3.12/site-packages/airflow/example_dags/example_external_task_marker_dag.py
[2024-07-16T06:40:15.419+0000] {processor.py:840} INFO - DAG(s) 'example_external_task_marker_parent', 'example_external_task_marker_child' retrieved from /home/airflow/.local/lib/python3.12/site-packages/airflow/example_dags/example_external_task_marker_dag.py
[2024-07-16T06:40:15.435+0000] {logging_mixin.py:188} INFO - [2024-07-16T06:40:15.435+0000] {dag.py:3096} INFO - Sync 2 DAGs
[2024-07-16T06:40:15.443+0000] {logging_mixin.py:188} INFO - [2024-07-16T06:40:15.442+0000] {dag.py:3954} INFO - Setting next_dagrun for example_external_task_marker_child to None, run_after=None
[2024-07-16T06:40:15.445+0000] {logging_mixin.py:188} INFO - [2024-07-16T06:40:15.444+0000] {dag.py:3954} INFO - Setting next_dagrun for example_external_task_marker_parent to None, run_after=None
[2024-07-16T06:40:15.453+0000] {processor.py:183} INFO - Processing /home/airflow/.local/lib/python3.12/site-packages/airflow/example_dags/example_external_task_marker_dag.py took 0.041 seconds
[2024-07-16T06:40:45.564+0000] {processor.py:161} INFO - Started process (PID=502) to work on /home/airflow/.local/lib/python3.12/site-packages/airflow/example_dags/example_external_task_marker_dag.py
[2024-07-16T06:40:45.564+0000] {processor.py:830} INFO - Processing file /home/airflow/.local/lib/python3.12/site-packages/airflow/example_dags/example_external_task_marker_dag.py for tasks to queue
[2024-07-16T06:40:45.565+0000] {logging_mixin.py:188} INFO - [2024-07-16T06:40:45.565+0000] {dagbag.py:545} INFO - Filling up the DagBag from /home/airflow/.local/lib/python3.12/site-packages/airflow/example_dags/example_external_task_marker_dag.py
[2024-07-16T06:40:45.569+0000] {processor.py:840} INFO - DAG(s) 'example_external_task_marker_child', 'example_external_task_marker_parent' retrieved from /home/airflow/.local/lib/python3.12/site-packages/airflow/example_dags/example_external_task_marker_dag.py
[2024-07-16T06:40:45.585+0000] {logging_mixin.py:188} INFO - [2024-07-16T06:40:45.585+0000] {dag.py:3096} INFO - Sync 2 DAGs
[2024-07-16T06:40:45.594+0000] {logging_mixin.py:188} INFO - [2024-07-16T06:40:45.594+0000] {dag.py:3954} INFO - Setting next_dagrun for example_external_task_marker_child to None, run_after=None
[2024-07-16T06:40:45.596+0000] {logging_mixin.py:188} INFO - [2024-07-16T06:40:45.596+0000] {dag.py:3954} INFO - Setting next_dagrun for example_external_task_marker_parent to None, run_after=None
[2024-07-16T06:40:45.605+0000] {processor.py:183} INFO - Processing /home/airflow/.local/lib/python3.12/site-packages/airflow/example_dags/example_external_task_marker_dag.py took 0.044 seconds
[2024-07-16T06:41:15.678+0000] {processor.py:161} INFO - Started process (PID=566) to work on /home/airflow/.local/lib/python3.12/site-packages/airflow/example_dags/example_external_task_marker_dag.py
[2024-07-16T06:41:15.678+0000] {processor.py:830} INFO - Processing file /home/airflow/.local/lib/python3.12/site-packages/airflow/example_dags/example_external_task_marker_dag.py for tasks to queue
[2024-07-16T06:41:15.679+0000] {logging_mixin.py:188} INFO - [2024-07-16T06:41:15.679+0000] {dagbag.py:545} INFO - Filling up the DagBag from /home/airflow/.local/lib/python3.12/site-packages/airflow/example_dags/example_external_task_marker_dag.py
[2024-07-16T06:41:15.683+0000] {processor.py:840} INFO - DAG(s) 'example_external_task_marker_parent', 'example_external_task_marker_child' retrieved from /home/airflow/.local/lib/python3.12/site-packages/airflow/example_dags/example_external_task_marker_dag.py
[2024-07-16T06:41:15.700+0000] {logging_mixin.py:188} INFO - [2024-07-16T06:41:15.700+0000] {dag.py:3096} INFO - Sync 2 DAGs
[2024-07-16T06:41:15.707+0000] {logging_mixin.py:188} INFO - [2024-07-16T06:41:15.707+0000] {dag.py:3954} INFO - Setting next_dagrun for example_external_task_marker_child to None, run_after=None
[2024-07-16T06:41:15.710+0000] {logging_mixin.py:188} INFO - [2024-07-16T06:41:15.710+0000] {dag.py:3954} INFO - Setting next_dagrun for example_external_task_marker_parent to None, run_after=None
[2024-07-16T06:41:15.718+0000] {processor.py:183} INFO - Processing /home/airflow/.local/lib/python3.12/site-packages/airflow/example_dags/example_external_task_marker_dag.py took 0.044 seconds
[2024-07-16T06:41:46.023+0000] {processor.py:161} INFO - Started process (PID=630) to work on /home/airflow/.local/lib/python3.12/site-packages/airflow/example_dags/example_external_task_marker_dag.py
[2024-07-16T06:41:46.023+0000] {processor.py:830} INFO - Processing file /home/airflow/.local/lib/python3.12/site-packages/airflow/example_dags/example_external_task_marker_dag.py for tasks to queue
[2024-07-16T06:41:46.024+0000] {logging_mixin.py:188} INFO - [2024-07-16T06:41:46.024+0000] {dagbag.py:545} INFO - Filling up the DagBag from /home/airflow/.local/lib/python3.12/site-packages/airflow/example_dags/example_external_task_marker_dag.py
[2024-07-16T06:41:46.027+0000] {processor.py:840} INFO - DAG(s) 'example_external_task_marker_parent', 'example_external_task_marker_child' retrieved from /home/airflow/.local/lib/python3.12/site-packages/airflow/example_dags/example_external_task_marker_dag.py
[2024-07-16T06:41:46.044+0000] {logging_mixin.py:188} INFO - [2024-07-16T06:41:46.044+0000] {dag.py:3096} INFO - Sync 2 DAGs
[2024-07-16T06:41:46.052+0000] {logging_mixin.py:188} INFO - [2024-07-16T06:41:46.052+0000] {dag.py:3954} INFO - Setting next_dagrun for example_external_task_marker_child to None, run_after=None
[2024-07-16T06:41:46.055+0000] {logging_mixin.py:188} INFO - [2024-07-16T06:41:46.055+0000] {dag.py:3954} INFO - Setting next_dagrun for example_external_task_marker_parent to None, run_after=None
[2024-07-16T06:41:46.064+0000] {processor.py:183} INFO - Processing /home/airflow/.local/lib/python3.12/site-packages/airflow/example_dags/example_external_task_marker_dag.py took 0.044 seconds
[2024-07-16T06:42:17.096+0000] {processor.py:161} INFO - Started process (PID=694) to work on /home/airflow/.local/lib/python3.12/site-packages/airflow/example_dags/example_external_task_marker_dag.py
[2024-07-16T06:42:17.097+0000] {processor.py:830} INFO - Processing file /home/airflow/.local/lib/python3.12/site-packages/airflow/example_dags/example_external_task_marker_dag.py for tasks to queue
[2024-07-16T06:42:17.098+0000] {logging_mixin.py:188} INFO - [2024-07-16T06:42:17.097+0000] {dagbag.py:545} INFO - Filling up the DagBag from /home/airflow/.local/lib/python3.12/site-packages/airflow/example_dags/example_external_task_marker_dag.py
[2024-07-16T06:42:17.101+0000] {processor.py:840} INFO - DAG(s) 'example_external_task_marker_parent', 'example_external_task_marker_child' retrieved from /home/airflow/.local/lib/python3.12/site-packages/airflow/example_dags/example_external_task_marker_dag.py
[2024-07-16T06:42:17.118+0000] {logging_mixin.py:188} INFO - [2024-07-16T06:42:17.118+0000] {dag.py:3096} INFO - Sync 2 DAGs
[2024-07-16T06:42:17.127+0000] {logging_mixin.py:188} INFO - [2024-07-16T06:42:17.127+0000] {dag.py:3954} INFO - Setting next_dagrun for example_external_task_marker_child to None, run_after=None
[2024-07-16T06:42:17.130+0000] {logging_mixin.py:188} INFO - [2024-07-16T06:42:17.130+0000] {dag.py:3954} INFO - Setting next_dagrun for example_external_task_marker_parent to None, run_after=None
[2024-07-16T06:42:17.139+0000] {processor.py:183} INFO - Processing /home/airflow/.local/lib/python3.12/site-packages/airflow/example_dags/example_external_task_marker_dag.py took 0.047 seconds
[2024-07-16T06:42:47.195+0000] {processor.py:161} INFO - Started process (PID=757) to work on /home/airflow/.local/lib/python3.12/site-packages/airflow/example_dags/example_external_task_marker_dag.py
[2024-07-16T06:42:47.195+0000] {processor.py:830} INFO - Processing file /home/airflow/.local/lib/python3.12/site-packages/airflow/example_dags/example_external_task_marker_dag.py for tasks to queue
[2024-07-16T06:42:47.196+0000] {logging_mixin.py:188} INFO - [2024-07-16T06:42:47.196+0000] {dagbag.py:545} INFO - Filling up the DagBag from /home/airflow/.local/lib/python3.12/site-packages/airflow/example_dags/example_external_task_marker_dag.py
[2024-07-16T06:42:47.200+0000] {processor.py:840} INFO - DAG(s) 'example_external_task_marker_child', 'example_external_task_marker_parent' retrieved from /home/airflow/.local/lib/python3.12/site-packages/airflow/example_dags/example_external_task_marker_dag.py
[2024-07-16T06:42:47.217+0000] {logging_mixin.py:188} INFO - [2024-07-16T06:42:47.216+0000] {dag.py:3096} INFO - Sync 2 DAGs
[2024-07-16T06:42:47.226+0000] {logging_mixin.py:188} INFO - [2024-07-16T06:42:47.226+0000] {dag.py:3954} INFO - Setting next_dagrun for example_external_task_marker_child to None, run_after=None
[2024-07-16T06:42:47.228+0000] {logging_mixin.py:188} INFO - [2024-07-16T06:42:47.228+0000] {dag.py:3954} INFO - Setting next_dagrun for example_external_task_marker_parent to None, run_after=None
[2024-07-16T06:42:47.238+0000] {processor.py:183} INFO - Processing /home/airflow/.local/lib/python3.12/site-packages/airflow/example_dags/example_external_task_marker_dag.py took 0.046 seconds
[2024-07-16T06:43:17.347+0000] {processor.py:161} INFO - Started process (PID=821) to work on /home/airflow/.local/lib/python3.12/site-packages/airflow/example_dags/example_external_task_marker_dag.py
[2024-07-16T06:43:17.348+0000] {processor.py:830} INFO - Processing file /home/airflow/.local/lib/python3.12/site-packages/airflow/example_dags/example_external_task_marker_dag.py for tasks to queue
[2024-07-16T06:43:17.349+0000] {logging_mixin.py:188} INFO - [2024-07-16T06:43:17.349+0000] {dagbag.py:545} INFO - Filling up the DagBag from /home/airflow/.local/lib/python3.12/site-packages/airflow/example_dags/example_external_task_marker_dag.py
[2024-07-16T06:43:17.352+0000] {processor.py:840} INFO - DAG(s) 'example_external_task_marker_child', 'example_external_task_marker_parent' retrieved from /home/airflow/.local/lib/python3.12/site-packages/airflow/example_dags/example_external_task_marker_dag.py
[2024-07-16T06:43:17.368+0000] {logging_mixin.py:188} INFO - [2024-07-16T06:43:17.367+0000] {dag.py:3096} INFO - Sync 2 DAGs
[2024-07-16T06:43:17.376+0000] {logging_mixin.py:188} INFO - [2024-07-16T06:43:17.376+0000] {dag.py:3954} INFO - Setting next_dagrun for example_external_task_marker_child to None, run_after=None
[2024-07-16T06:43:17.378+0000] {logging_mixin.py:188} INFO - [2024-07-16T06:43:17.378+0000] {dag.py:3954} INFO - Setting next_dagrun for example_external_task_marker_parent to None, run_after=None
[2024-07-16T06:43:17.386+0000] {processor.py:183} INFO - Processing /home/airflow/.local/lib/python3.12/site-packages/airflow/example_dags/example_external_task_marker_dag.py took 0.042 seconds
[2024-07-16T06:43:47.561+0000] {processor.py:161} INFO - Started process (PID=885) to work on /home/airflow/.local/lib/python3.12/site-packages/airflow/example_dags/example_external_task_marker_dag.py
[2024-07-16T06:43:47.562+0000] {processor.py:830} INFO - Processing file /home/airflow/.local/lib/python3.12/site-packages/airflow/example_dags/example_external_task_marker_dag.py for tasks to queue
[2024-07-16T06:43:47.563+0000] {logging_mixin.py:188} INFO - [2024-07-16T06:43:47.562+0000] {dagbag.py:545} INFO - Filling up the DagBag from /home/airflow/.local/lib/python3.12/site-packages/airflow/example_dags/example_external_task_marker_dag.py
[2024-07-16T06:43:47.566+0000] {processor.py:840} INFO - DAG(s) 'example_external_task_marker_parent', 'example_external_task_marker_child' retrieved from /home/airflow/.local/lib/python3.12/site-packages/airflow/example_dags/example_external_task_marker_dag.py
[2024-07-16T06:43:47.583+0000] {logging_mixin.py:188} INFO - [2024-07-16T06:43:47.583+0000] {dag.py:3096} INFO - Sync 2 DAGs
[2024-07-16T06:43:47.590+0000] {logging_mixin.py:188} INFO - [2024-07-16T06:43:47.590+0000] {dag.py:3954} INFO - Setting next_dagrun for example_external_task_marker_child to None, run_after=None
[2024-07-16T06:43:47.593+0000] {logging_mixin.py:188} INFO - [2024-07-16T06:43:47.592+0000] {dag.py:3954} INFO - Setting next_dagrun for example_external_task_marker_parent to None, run_after=None
[2024-07-16T06:43:47.601+0000] {processor.py:183} INFO - Processing /home/airflow/.local/lib/python3.12/site-packages/airflow/example_dags/example_external_task_marker_dag.py took 0.043 seconds
[2024-07-16T06:44:17.730+0000] {processor.py:161} INFO - Started process (PID=949) to work on /home/airflow/.local/lib/python3.12/site-packages/airflow/example_dags/example_external_task_marker_dag.py
[2024-07-16T06:44:17.730+0000] {processor.py:830} INFO - Processing file /home/airflow/.local/lib/python3.12/site-packages/airflow/example_dags/example_external_task_marker_dag.py for tasks to queue
[2024-07-16T06:44:17.731+0000] {logging_mixin.py:188} INFO - [2024-07-16T06:44:17.731+0000] {dagbag.py:545} INFO - Filling up the DagBag from /home/airflow/.local/lib/python3.12/site-packages/airflow/example_dags/example_external_task_marker_dag.py
[2024-07-16T06:44:17.735+0000] {processor.py:840} INFO - DAG(s) 'example_external_task_marker_child', 'example_external_task_marker_parent' retrieved from /home/airflow/.local/lib/python3.12/site-packages/airflow/example_dags/example_external_task_marker_dag.py
[2024-07-16T06:44:17.751+0000] {logging_mixin.py:188} INFO - [2024-07-16T06:44:17.751+0000] {dag.py:3096} INFO - Sync 2 DAGs
[2024-07-16T06:44:17.758+0000] {logging_mixin.py:188} INFO - [2024-07-16T06:44:17.758+0000] {dag.py:3954} INFO - Setting next_dagrun for example_external_task_marker_child to None, run_after=None
[2024-07-16T06:44:17.761+0000] {logging_mixin.py:188} INFO - [2024-07-16T06:44:17.761+0000] {dag.py:3954} INFO - Setting next_dagrun for example_external_task_marker_parent to None, run_after=None
[2024-07-16T06:44:17.772+0000] {processor.py:183} INFO - Processing /home/airflow/.local/lib/python3.12/site-packages/airflow/example_dags/example_external_task_marker_dag.py took 0.045 seconds
[2024-07-16T06:44:47.919+0000] {processor.py:161} INFO - Started process (PID=1013) to work on /home/airflow/.local/lib/python3.12/site-packages/airflow/example_dags/example_external_task_marker_dag.py
[2024-07-16T06:44:47.920+0000] {processor.py:830} INFO - Processing file /home/airflow/.local/lib/python3.12/site-packages/airflow/example_dags/example_external_task_marker_dag.py for tasks to queue
[2024-07-16T06:44:47.921+0000] {logging_mixin.py:188} INFO - [2024-07-16T06:44:47.921+0000] {dagbag.py:545} INFO - Filling up the DagBag from /home/airflow/.local/lib/python3.12/site-packages/airflow/example_dags/example_external_task_marker_dag.py
[2024-07-16T06:44:47.925+0000] {processor.py:840} INFO - DAG(s) 'example_external_task_marker_parent', 'example_external_task_marker_child' retrieved from /home/airflow/.local/lib/python3.12/site-packages/airflow/example_dags/example_external_task_marker_dag.py
[2024-07-16T06:44:47.941+0000] {logging_mixin.py:188} INFO - [2024-07-16T06:44:47.941+0000] {dag.py:3096} INFO - Sync 2 DAGs
[2024-07-16T06:44:47.948+0000] {logging_mixin.py:188} INFO - [2024-07-16T06:44:47.948+0000] {dag.py:3954} INFO - Setting next_dagrun for example_external_task_marker_child to None, run_after=None
[2024-07-16T06:44:47.950+0000] {logging_mixin.py:188} INFO - [2024-07-16T06:44:47.950+0000] {dag.py:3954} INFO - Setting next_dagrun for example_external_task_marker_parent to None, run_after=None
[2024-07-16T06:44:47.960+0000] {processor.py:183} INFO - Processing /home/airflow/.local/lib/python3.12/site-packages/airflow/example_dags/example_external_task_marker_dag.py took 0.043 seconds
[2024-07-16T06:45:18.036+0000] {processor.py:161} INFO - Started process (PID=1076) to work on /home/airflow/.local/lib/python3.12/site-packages/airflow/example_dags/example_external_task_marker_dag.py
[2024-07-16T06:45:18.037+0000] {processor.py:830} INFO - Processing file /home/airflow/.local/lib/python3.12/site-packages/airflow/example_dags/example_external_task_marker_dag.py for tasks to queue
[2024-07-16T06:45:18.038+0000] {logging_mixin.py:188} INFO - [2024-07-16T06:45:18.038+0000] {dagbag.py:545} INFO - Filling up the DagBag from /home/airflow/.local/lib/python3.12/site-packages/airflow/example_dags/example_external_task_marker_dag.py
[2024-07-16T06:45:18.042+0000] {processor.py:840} INFO - DAG(s) 'example_external_task_marker_child', 'example_external_task_marker_parent' retrieved from /home/airflow/.local/lib/python3.12/site-packages/airflow/example_dags/example_external_task_marker_dag.py
[2024-07-16T06:45:18.058+0000] {logging_mixin.py:188} INFO - [2024-07-16T06:45:18.058+0000] {dag.py:3096} INFO - Sync 2 DAGs
[2024-07-16T06:45:18.066+0000] {logging_mixin.py:188} INFO - [2024-07-16T06:45:18.066+0000] {dag.py:3954} INFO - Setting next_dagrun for example_external_task_marker_child to None, run_after=None
[2024-07-16T06:45:18.069+0000] {logging_mixin.py:188} INFO - [2024-07-16T06:45:18.068+0000] {dag.py:3954} INFO - Setting next_dagrun for example_external_task_marker_parent to None, run_after=None
[2024-07-16T06:45:18.078+0000] {processor.py:183} INFO - Processing /home/airflow/.local/lib/python3.12/site-packages/airflow/example_dags/example_external_task_marker_dag.py took 0.044 seconds
[2024-07-16T06:45:48.154+0000] {processor.py:161} INFO - Started process (PID=1139) to work on /home/airflow/.local/lib/python3.12/site-packages/airflow/example_dags/example_external_task_marker_dag.py
[2024-07-16T06:45:48.154+0000] {processor.py:830} INFO - Processing file /home/airflow/.local/lib/python3.12/site-packages/airflow/example_dags/example_external_task_marker_dag.py for tasks to queue
[2024-07-16T06:45:48.155+0000] {logging_mixin.py:188} INFO - [2024-07-16T06:45:48.155+0000] {dagbag.py:545} INFO - Filling up the DagBag from /home/airflow/.local/lib/python3.12/site-packages/airflow/example_dags/example_external_task_marker_dag.py
[2024-07-16T06:45:48.159+0000] {processor.py:840} INFO - DAG(s) 'example_external_task_marker_parent', 'example_external_task_marker_child' retrieved from /home/airflow/.local/lib/python3.12/site-packages/airflow/example_dags/example_external_task_marker_dag.py
[2024-07-16T06:45:48.176+0000] {logging_mixin.py:188} INFO - [2024-07-16T06:45:48.176+0000] {dag.py:3096} INFO - Sync 2 DAGs
[2024-07-16T06:45:48.184+0000] {logging_mixin.py:188} INFO - [2024-07-16T06:45:48.184+0000] {dag.py:3954} INFO - Setting next_dagrun for example_external_task_marker_child to None, run_after=None
[2024-07-16T06:45:48.187+0000] {logging_mixin.py:188} INFO - [2024-07-16T06:45:48.186+0000] {dag.py:3954} INFO - Setting next_dagrun for example_external_task_marker_parent to None, run_after=None
[2024-07-16T06:45:48.196+0000] {processor.py:183} INFO - Processing /home/airflow/.local/lib/python3.12/site-packages/airflow/example_dags/example_external_task_marker_dag.py took 0.045 seconds
[2024-07-16T06:46:18.464+0000] {processor.py:161} INFO - Started process (PID=1203) to work on /home/airflow/.local/lib/python3.12/site-packages/airflow/example_dags/example_external_task_marker_dag.py
[2024-07-16T06:46:18.465+0000] {processor.py:830} INFO - Processing file /home/airflow/.local/lib/python3.12/site-packages/airflow/example_dags/example_external_task_marker_dag.py for tasks to queue
[2024-07-16T06:46:18.467+0000] {logging_mixin.py:188} INFO - [2024-07-16T06:46:18.467+0000] {dagbag.py:545} INFO - Filling up the DagBag from /home/airflow/.local/lib/python3.12/site-packages/airflow/example_dags/example_external_task_marker_dag.py
[2024-07-16T06:46:18.473+0000] {processor.py:840} INFO - DAG(s) 'example_external_task_marker_child', 'example_external_task_marker_parent' retrieved from /home/airflow/.local/lib/python3.12/site-packages/airflow/example_dags/example_external_task_marker_dag.py
[2024-07-16T06:46:18.493+0000] {logging_mixin.py:188} INFO - [2024-07-16T06:46:18.493+0000] {dag.py:3096} INFO - Sync 2 DAGs
[2024-07-16T06:46:18.503+0000] {logging_mixin.py:188} INFO - [2024-07-16T06:46:18.502+0000] {dag.py:3954} INFO - Setting next_dagrun for example_external_task_marker_child to None, run_after=None
[2024-07-16T06:46:18.506+0000] {logging_mixin.py:188} INFO - [2024-07-16T06:46:18.506+0000] {dag.py:3954} INFO - Setting next_dagrun for example_external_task_marker_parent to None, run_after=None
[2024-07-16T06:46:18.525+0000] {processor.py:183} INFO - Processing /home/airflow/.local/lib/python3.12/site-packages/airflow/example_dags/example_external_task_marker_dag.py took 0.066 seconds
[2024-07-16T06:46:48.738+0000] {processor.py:161} INFO - Started process (PID=1267) to work on /home/airflow/.local/lib/python3.12/site-packages/airflow/example_dags/example_external_task_marker_dag.py
[2024-07-16T06:46:48.738+0000] {processor.py:830} INFO - Processing file /home/airflow/.local/lib/python3.12/site-packages/airflow/example_dags/example_external_task_marker_dag.py for tasks to queue
[2024-07-16T06:46:48.739+0000] {logging_mixin.py:188} INFO - [2024-07-16T06:46:48.739+0000] {dagbag.py:545} INFO - Filling up the DagBag from /home/airflow/.local/lib/python3.12/site-packages/airflow/example_dags/example_external_task_marker_dag.py
[2024-07-16T06:46:48.743+0000] {processor.py:840} INFO - DAG(s) 'example_external_task_marker_child', 'example_external_task_marker_parent' retrieved from /home/airflow/.local/lib/python3.12/site-packages/airflow/example_dags/example_external_task_marker_dag.py
[2024-07-16T06:46:48.759+0000] {logging_mixin.py:188} INFO - [2024-07-16T06:46:48.759+0000] {dag.py:3096} INFO - Sync 2 DAGs
[2024-07-16T06:46:48.767+0000] {logging_mixin.py:188} INFO - [2024-07-16T06:46:48.767+0000] {dag.py:3954} INFO - Setting next_dagrun for example_external_task_marker_child to None, run_after=None
[2024-07-16T06:46:48.769+0000] {logging_mixin.py:188} INFO - [2024-07-16T06:46:48.769+0000] {dag.py:3954} INFO - Setting next_dagrun for example_external_task_marker_parent to None, run_after=None
[2024-07-16T06:46:48.779+0000] {processor.py:183} INFO - Processing /home/airflow/.local/lib/python3.12/site-packages/airflow/example_dags/example_external_task_marker_dag.py took 0.044 seconds
[2024-07-16T06:47:19.427+0000] {processor.py:161} INFO - Started process (PID=1331) to work on /home/airflow/.local/lib/python3.12/site-packages/airflow/example_dags/example_external_task_marker_dag.py
[2024-07-16T06:47:19.428+0000] {processor.py:830} INFO - Processing file /home/airflow/.local/lib/python3.12/site-packages/airflow/example_dags/example_external_task_marker_dag.py for tasks to queue
[2024-07-16T06:47:19.429+0000] {logging_mixin.py:188} INFO - [2024-07-16T06:47:19.429+0000] {dagbag.py:545} INFO - Filling up the DagBag from /home/airflow/.local/lib/python3.12/site-packages/airflow/example_dags/example_external_task_marker_dag.py
[2024-07-16T06:47:19.432+0000] {processor.py:840} INFO - DAG(s) 'example_external_task_marker_child', 'example_external_task_marker_parent' retrieved from /home/airflow/.local/lib/python3.12/site-packages/airflow/example_dags/example_external_task_marker_dag.py
[2024-07-16T06:47:19.450+0000] {logging_mixin.py:188} INFO - [2024-07-16T06:47:19.450+0000] {dag.py:3096} INFO - Sync 2 DAGs
[2024-07-16T06:47:19.459+0000] {logging_mixin.py:188} INFO - [2024-07-16T06:47:19.458+0000] {dag.py:3954} INFO - Setting next_dagrun for example_external_task_marker_child to None, run_after=None
[2024-07-16T06:47:19.461+0000] {logging_mixin.py:188} INFO - [2024-07-16T06:47:19.461+0000] {dag.py:3954} INFO - Setting next_dagrun for example_external_task_marker_parent to None, run_after=None
[2024-07-16T06:47:19.485+0000] {processor.py:183} INFO - Processing /home/airflow/.local/lib/python3.12/site-packages/airflow/example_dags/example_external_task_marker_dag.py took 0.060 seconds
[2024-07-16T06:47:49.906+0000] {processor.py:161} INFO - Started process (PID=1395) to work on /home/airflow/.local/lib/python3.12/site-packages/airflow/example_dags/example_external_task_marker_dag.py
[2024-07-16T06:47:49.906+0000] {processor.py:830} INFO - Processing file /home/airflow/.local/lib/python3.12/site-packages/airflow/example_dags/example_external_task_marker_dag.py for tasks to queue
[2024-07-16T06:47:49.907+0000] {logging_mixin.py:188} INFO - [2024-07-16T06:47:49.907+0000] {dagbag.py:545} INFO - Filling up the DagBag from /home/airflow/.local/lib/python3.12/site-packages/airflow/example_dags/example_external_task_marker_dag.py
[2024-07-16T06:47:49.911+0000] {processor.py:840} INFO - DAG(s) 'example_external_task_marker_parent', 'example_external_task_marker_child' retrieved from /home/airflow/.local/lib/python3.12/site-packages/airflow/example_dags/example_external_task_marker_dag.py
[2024-07-16T06:47:49.928+0000] {logging_mixin.py:188} INFO - [2024-07-16T06:47:49.928+0000] {dag.py:3096} INFO - Sync 2 DAGs
[2024-07-16T06:47:49.936+0000] {logging_mixin.py:188} INFO - [2024-07-16T06:47:49.936+0000] {dag.py:3954} INFO - Setting next_dagrun for example_external_task_marker_child to None, run_after=None
[2024-07-16T06:47:49.939+0000] {logging_mixin.py:188} INFO - [2024-07-16T06:47:49.939+0000] {dag.py:3954} INFO - Setting next_dagrun for example_external_task_marker_parent to None, run_after=None
[2024-07-16T06:47:49.948+0000] {processor.py:183} INFO - Processing /home/airflow/.local/lib/python3.12/site-packages/airflow/example_dags/example_external_task_marker_dag.py took 0.046 seconds
[2024-07-16T06:48:20.213+0000] {processor.py:161} INFO - Started process (PID=1459) to work on /home/airflow/.local/lib/python3.12/site-packages/airflow/example_dags/example_external_task_marker_dag.py
[2024-07-16T06:48:20.214+0000] {processor.py:830} INFO - Processing file /home/airflow/.local/lib/python3.12/site-packages/airflow/example_dags/example_external_task_marker_dag.py for tasks to queue
[2024-07-16T06:48:20.216+0000] {logging_mixin.py:188} INFO - [2024-07-16T06:48:20.215+0000] {dagbag.py:545} INFO - Filling up the DagBag from /home/airflow/.local/lib/python3.12/site-packages/airflow/example_dags/example_external_task_marker_dag.py
[2024-07-16T06:48:20.219+0000] {processor.py:840} INFO - DAG(s) 'example_external_task_marker_child', 'example_external_task_marker_parent' retrieved from /home/airflow/.local/lib/python3.12/site-packages/airflow/example_dags/example_external_task_marker_dag.py
[2024-07-16T06:48:20.238+0000] {logging_mixin.py:188} INFO - [2024-07-16T06:48:20.238+0000] {dag.py:3096} INFO - Sync 2 DAGs
[2024-07-16T06:48:20.246+0000] {logging_mixin.py:188} INFO - [2024-07-16T06:48:20.246+0000] {dag.py:3954} INFO - Setting next_dagrun for example_external_task_marker_child to None, run_after=None
[2024-07-16T06:48:20.249+0000] {logging_mixin.py:188} INFO - [2024-07-16T06:48:20.248+0000] {dag.py:3954} INFO - Setting next_dagrun for example_external_task_marker_parent to None, run_after=None
[2024-07-16T06:48:20.259+0000] {processor.py:183} INFO - Processing /home/airflow/.local/lib/python3.12/site-packages/airflow/example_dags/example_external_task_marker_dag.py took 0.048 seconds
[2024-07-16T06:48:51.157+0000] {processor.py:161} INFO - Started process (PID=1523) to work on /home/airflow/.local/lib/python3.12/site-packages/airflow/example_dags/example_external_task_marker_dag.py
[2024-07-16T06:48:51.158+0000] {processor.py:830} INFO - Processing file /home/airflow/.local/lib/python3.12/site-packages/airflow/example_dags/example_external_task_marker_dag.py for tasks to queue
[2024-07-16T06:48:51.159+0000] {logging_mixin.py:188} INFO - [2024-07-16T06:48:51.159+0000] {dagbag.py:545} INFO - Filling up the DagBag from /home/airflow/.local/lib/python3.12/site-packages/airflow/example_dags/example_external_task_marker_dag.py
[2024-07-16T06:48:51.163+0000] {processor.py:840} INFO - DAG(s) 'example_external_task_marker_parent', 'example_external_task_marker_child' retrieved from /home/airflow/.local/lib/python3.12/site-packages/airflow/example_dags/example_external_task_marker_dag.py
[2024-07-16T06:48:51.182+0000] {logging_mixin.py:188} INFO - [2024-07-16T06:48:51.181+0000] {dag.py:3096} INFO - Sync 2 DAGs
[2024-07-16T06:48:51.283+0000] {logging_mixin.py:188} INFO - [2024-07-16T06:48:51.283+0000] {dag.py:3954} INFO - Setting next_dagrun for example_external_task_marker_child to None, run_after=None
[2024-07-16T06:48:51.285+0000] {logging_mixin.py:188} INFO - [2024-07-16T06:48:51.285+0000] {dag.py:3954} INFO - Setting next_dagrun for example_external_task_marker_parent to None, run_after=None
[2024-07-16T06:48:51.294+0000] {processor.py:183} INFO - Processing /home/airflow/.local/lib/python3.12/site-packages/airflow/example_dags/example_external_task_marker_dag.py took 0.139 seconds
[2024-07-16T06:49:21.884+0000] {processor.py:161} INFO - Started process (PID=1587) to work on /home/airflow/.local/lib/python3.12/site-packages/airflow/example_dags/example_external_task_marker_dag.py
[2024-07-16T06:49:21.884+0000] {processor.py:830} INFO - Processing file /home/airflow/.local/lib/python3.12/site-packages/airflow/example_dags/example_external_task_marker_dag.py for tasks to queue
[2024-07-16T06:49:21.885+0000] {logging_mixin.py:188} INFO - [2024-07-16T06:49:21.885+0000] {dagbag.py:545} INFO - Filling up the DagBag from /home/airflow/.local/lib/python3.12/site-packages/airflow/example_dags/example_external_task_marker_dag.py
[2024-07-16T06:49:21.889+0000] {processor.py:840} INFO - DAG(s) 'example_external_task_marker_child', 'example_external_task_marker_parent' retrieved from /home/airflow/.local/lib/python3.12/site-packages/airflow/example_dags/example_external_task_marker_dag.py
[2024-07-16T06:49:21.905+0000] {logging_mixin.py:188} INFO - [2024-07-16T06:49:21.905+0000] {dag.py:3096} INFO - Sync 2 DAGs
[2024-07-16T06:49:21.913+0000] {logging_mixin.py:188} INFO - [2024-07-16T06:49:21.913+0000] {dag.py:3954} INFO - Setting next_dagrun for example_external_task_marker_child to None, run_after=None
[2024-07-16T06:49:21.915+0000] {logging_mixin.py:188} INFO - [2024-07-16T06:49:21.915+0000] {dag.py:3954} INFO - Setting next_dagrun for example_external_task_marker_parent to None, run_after=None
[2024-07-16T06:49:21.927+0000] {processor.py:183} INFO - Processing /home/airflow/.local/lib/python3.12/site-packages/airflow/example_dags/example_external_task_marker_dag.py took 0.047 seconds
[2024-07-16T06:49:52.251+0000] {processor.py:161} INFO - Started process (PID=1651) to work on /home/airflow/.local/lib/python3.12/site-packages/airflow/example_dags/example_external_task_marker_dag.py
[2024-07-16T06:49:52.252+0000] {processor.py:830} INFO - Processing file /home/airflow/.local/lib/python3.12/site-packages/airflow/example_dags/example_external_task_marker_dag.py for tasks to queue
[2024-07-16T06:49:52.255+0000] {logging_mixin.py:188} INFO - [2024-07-16T06:49:52.255+0000] {dagbag.py:545} INFO - Filling up the DagBag from /home/airflow/.local/lib/python3.12/site-packages/airflow/example_dags/example_external_task_marker_dag.py
[2024-07-16T06:49:52.259+0000] {processor.py:840} INFO - DAG(s) 'example_external_task_marker_child', 'example_external_task_marker_parent' retrieved from /home/airflow/.local/lib/python3.12/site-packages/airflow/example_dags/example_external_task_marker_dag.py
[2024-07-16T06:49:52.275+0000] {logging_mixin.py:188} INFO - [2024-07-16T06:49:52.275+0000] {dag.py:3096} INFO - Sync 2 DAGs
[2024-07-16T06:49:52.283+0000] {logging_mixin.py:188} INFO - [2024-07-16T06:49:52.283+0000] {dag.py:3954} INFO - Setting next_dagrun for example_external_task_marker_child to None, run_after=None
[2024-07-16T06:49:52.286+0000] {logging_mixin.py:188} INFO - [2024-07-16T06:49:52.286+0000] {dag.py:3954} INFO - Setting next_dagrun for example_external_task_marker_parent to None, run_after=None
[2024-07-16T06:49:52.295+0000] {processor.py:183} INFO - Processing /home/airflow/.local/lib/python3.12/site-packages/airflow/example_dags/example_external_task_marker_dag.py took 0.047 seconds
[2024-07-16T06:50:22.584+0000] {processor.py:161} INFO - Started process (PID=1715) to work on /home/airflow/.local/lib/python3.12/site-packages/airflow/example_dags/example_external_task_marker_dag.py
[2024-07-16T06:50:22.585+0000] {processor.py:830} INFO - Processing file /home/airflow/.local/lib/python3.12/site-packages/airflow/example_dags/example_external_task_marker_dag.py for tasks to queue
[2024-07-16T06:50:22.586+0000] {logging_mixin.py:188} INFO - [2024-07-16T06:50:22.585+0000] {dagbag.py:545} INFO - Filling up the DagBag from /home/airflow/.local/lib/python3.12/site-packages/airflow/example_dags/example_external_task_marker_dag.py
[2024-07-16T06:50:22.589+0000] {processor.py:840} INFO - DAG(s) 'example_external_task_marker_parent', 'example_external_task_marker_child' retrieved from /home/airflow/.local/lib/python3.12/site-packages/airflow/example_dags/example_external_task_marker_dag.py
[2024-07-16T06:50:22.605+0000] {logging_mixin.py:188} INFO - [2024-07-16T06:50:22.605+0000] {dag.py:3096} INFO - Sync 2 DAGs
[2024-07-16T06:50:22.613+0000] {logging_mixin.py:188} INFO - [2024-07-16T06:50:22.613+0000] {dag.py:3954} INFO - Setting next_dagrun for example_external_task_marker_child to None, run_after=None
[2024-07-16T06:50:22.615+0000] {logging_mixin.py:188} INFO - [2024-07-16T06:50:22.615+0000] {dag.py:3954} INFO - Setting next_dagrun for example_external_task_marker_parent to None, run_after=None
[2024-07-16T06:50:22.623+0000] {processor.py:183} INFO - Processing /home/airflow/.local/lib/python3.12/site-packages/airflow/example_dags/example_external_task_marker_dag.py took 0.042 seconds
[2024-07-16T06:50:52.708+0000] {processor.py:161} INFO - Started process (PID=1779) to work on /home/airflow/.local/lib/python3.12/site-packages/airflow/example_dags/example_external_task_marker_dag.py
[2024-07-16T06:50:52.709+0000] {processor.py:830} INFO - Processing file /home/airflow/.local/lib/python3.12/site-packages/airflow/example_dags/example_external_task_marker_dag.py for tasks to queue
[2024-07-16T06:50:52.710+0000] {logging_mixin.py:188} INFO - [2024-07-16T06:50:52.710+0000] {dagbag.py:545} INFO - Filling up the DagBag from /home/airflow/.local/lib/python3.12/site-packages/airflow/example_dags/example_external_task_marker_dag.py
[2024-07-16T06:50:52.713+0000] {processor.py:840} INFO - DAG(s) 'example_external_task_marker_parent', 'example_external_task_marker_child' retrieved from /home/airflow/.local/lib/python3.12/site-packages/airflow/example_dags/example_external_task_marker_dag.py
[2024-07-16T06:50:52.729+0000] {logging_mixin.py:188} INFO - [2024-07-16T06:50:52.729+0000] {dag.py:3096} INFO - Sync 2 DAGs
[2024-07-16T06:50:52.737+0000] {logging_mixin.py:188} INFO - [2024-07-16T06:50:52.737+0000] {dag.py:3954} INFO - Setting next_dagrun for example_external_task_marker_child to None, run_after=None
[2024-07-16T06:50:52.740+0000] {logging_mixin.py:188} INFO - [2024-07-16T06:50:52.740+0000] {dag.py:3954} INFO - Setting next_dagrun for example_external_task_marker_parent to None, run_after=None
[2024-07-16T06:50:52.749+0000] {processor.py:183} INFO - Processing /home/airflow/.local/lib/python3.12/site-packages/airflow/example_dags/example_external_task_marker_dag.py took 0.044 seconds
[2024-07-16T06:51:22.813+0000] {processor.py:161} INFO - Started process (PID=1843) to work on /home/airflow/.local/lib/python3.12/site-packages/airflow/example_dags/example_external_task_marker_dag.py
[2024-07-16T06:51:22.814+0000] {processor.py:830} INFO - Processing file /home/airflow/.local/lib/python3.12/site-packages/airflow/example_dags/example_external_task_marker_dag.py for tasks to queue
[2024-07-16T06:51:22.815+0000] {logging_mixin.py:188} INFO - [2024-07-16T06:51:22.815+0000] {dagbag.py:545} INFO - Filling up the DagBag from /home/airflow/.local/lib/python3.12/site-packages/airflow/example_dags/example_external_task_marker_dag.py
[2024-07-16T06:51:22.818+0000] {processor.py:840} INFO - DAG(s) 'example_external_task_marker_child', 'example_external_task_marker_parent' retrieved from /home/airflow/.local/lib/python3.12/site-packages/airflow/example_dags/example_external_task_marker_dag.py
[2024-07-16T06:51:22.834+0000] {logging_mixin.py:188} INFO - [2024-07-16T06:51:22.834+0000] {dag.py:3096} INFO - Sync 2 DAGs
[2024-07-16T06:51:22.842+0000] {logging_mixin.py:188} INFO - [2024-07-16T06:51:22.842+0000] {dag.py:3954} INFO - Setting next_dagrun for example_external_task_marker_child to None, run_after=None
[2024-07-16T06:51:22.844+0000] {logging_mixin.py:188} INFO - [2024-07-16T06:51:22.844+0000] {dag.py:3954} INFO - Setting next_dagrun for example_external_task_marker_parent to None, run_after=None
[2024-07-16T06:51:22.853+0000] {processor.py:183} INFO - Processing /home/airflow/.local/lib/python3.12/site-packages/airflow/example_dags/example_external_task_marker_dag.py took 0.043 seconds
[2024-07-16T06:51:53.006+0000] {processor.py:161} INFO - Started process (PID=1907) to work on /home/airflow/.local/lib/python3.12/site-packages/airflow/example_dags/example_external_task_marker_dag.py
[2024-07-16T06:51:53.007+0000] {processor.py:830} INFO - Processing file /home/airflow/.local/lib/python3.12/site-packages/airflow/example_dags/example_external_task_marker_dag.py for tasks to queue
[2024-07-16T06:51:53.008+0000] {logging_mixin.py:188} INFO - [2024-07-16T06:51:53.008+0000] {dagbag.py:545} INFO - Filling up the DagBag from /home/airflow/.local/lib/python3.12/site-packages/airflow/example_dags/example_external_task_marker_dag.py
[2024-07-16T06:51:53.011+0000] {processor.py:840} INFO - DAG(s) 'example_external_task_marker_child', 'example_external_task_marker_parent' retrieved from /home/airflow/.local/lib/python3.12/site-packages/airflow/example_dags/example_external_task_marker_dag.py
[2024-07-16T06:51:53.027+0000] {logging_mixin.py:188} INFO - [2024-07-16T06:51:53.027+0000] {dag.py:3096} INFO - Sync 2 DAGs
[2024-07-16T06:51:53.034+0000] {logging_mixin.py:188} INFO - [2024-07-16T06:51:53.034+0000] {dag.py:3954} INFO - Setting next_dagrun for example_external_task_marker_child to None, run_after=None
[2024-07-16T06:51:53.036+0000] {logging_mixin.py:188} INFO - [2024-07-16T06:51:53.036+0000] {dag.py:3954} INFO - Setting next_dagrun for example_external_task_marker_parent to None, run_after=None
[2024-07-16T06:51:53.044+0000] {processor.py:183} INFO - Processing /home/airflow/.local/lib/python3.12/site-packages/airflow/example_dags/example_external_task_marker_dag.py took 0.041 seconds
[2024-07-16T06:52:23.186+0000] {processor.py:161} INFO - Started process (PID=1971) to work on /home/airflow/.local/lib/python3.12/site-packages/airflow/example_dags/example_external_task_marker_dag.py
[2024-07-16T06:52:23.187+0000] {processor.py:830} INFO - Processing file /home/airflow/.local/lib/python3.12/site-packages/airflow/example_dags/example_external_task_marker_dag.py for tasks to queue
[2024-07-16T06:52:23.188+0000] {logging_mixin.py:188} INFO - [2024-07-16T06:52:23.188+0000] {dagbag.py:545} INFO - Filling up the DagBag from /home/airflow/.local/lib/python3.12/site-packages/airflow/example_dags/example_external_task_marker_dag.py
[2024-07-16T06:52:23.192+0000] {processor.py:840} INFO - DAG(s) 'example_external_task_marker_parent', 'example_external_task_marker_child' retrieved from /home/airflow/.local/lib/python3.12/site-packages/airflow/example_dags/example_external_task_marker_dag.py
[2024-07-16T06:52:23.208+0000] {logging_mixin.py:188} INFO - [2024-07-16T06:52:23.208+0000] {dag.py:3096} INFO - Sync 2 DAGs
[2024-07-16T06:52:23.216+0000] {logging_mixin.py:188} INFO - [2024-07-16T06:52:23.216+0000] {dag.py:3954} INFO - Setting next_dagrun for example_external_task_marker_child to None, run_after=None
[2024-07-16T06:52:23.219+0000] {logging_mixin.py:188} INFO - [2024-07-16T06:52:23.219+0000] {dag.py:3954} INFO - Setting next_dagrun for example_external_task_marker_parent to None, run_after=None
[2024-07-16T06:52:23.228+0000] {processor.py:183} INFO - Processing /home/airflow/.local/lib/python3.12/site-packages/airflow/example_dags/example_external_task_marker_dag.py took 0.045 seconds
[2024-07-16T06:52:53.369+0000] {processor.py:161} INFO - Started process (PID=2035) to work on /home/airflow/.local/lib/python3.12/site-packages/airflow/example_dags/example_external_task_marker_dag.py
[2024-07-16T06:52:53.369+0000] {processor.py:830} INFO - Processing file /home/airflow/.local/lib/python3.12/site-packages/airflow/example_dags/example_external_task_marker_dag.py for tasks to queue
[2024-07-16T06:52:53.371+0000] {logging_mixin.py:188} INFO - [2024-07-16T06:52:53.370+0000] {dagbag.py:545} INFO - Filling up the DagBag from /home/airflow/.local/lib/python3.12/site-packages/airflow/example_dags/example_external_task_marker_dag.py
[2024-07-16T06:52:53.374+0000] {processor.py:840} INFO - DAG(s) 'example_external_task_marker_parent', 'example_external_task_marker_child' retrieved from /home/airflow/.local/lib/python3.12/site-packages/airflow/example_dags/example_external_task_marker_dag.py
[2024-07-16T06:52:53.390+0000] {logging_mixin.py:188} INFO - [2024-07-16T06:52:53.390+0000] {dag.py:3096} INFO - Sync 2 DAGs
[2024-07-16T06:52:53.398+0000] {logging_mixin.py:188} INFO - [2024-07-16T06:52:53.398+0000] {dag.py:3954} INFO - Setting next_dagrun for example_external_task_marker_child to None, run_after=None
[2024-07-16T06:52:53.401+0000] {logging_mixin.py:188} INFO - [2024-07-16T06:52:53.400+0000] {dag.py:3954} INFO - Setting next_dagrun for example_external_task_marker_parent to None, run_after=None
[2024-07-16T06:52:53.408+0000] {processor.py:183} INFO - Processing /home/airflow/.local/lib/python3.12/site-packages/airflow/example_dags/example_external_task_marker_dag.py took 0.042 seconds
[2024-07-16T06:53:23.580+0000] {processor.py:161} INFO - Started process (PID=2099) to work on /home/airflow/.local/lib/python3.12/site-packages/airflow/example_dags/example_external_task_marker_dag.py
[2024-07-16T06:53:23.581+0000] {processor.py:830} INFO - Processing file /home/airflow/.local/lib/python3.12/site-packages/airflow/example_dags/example_external_task_marker_dag.py for tasks to queue
[2024-07-16T06:53:23.582+0000] {logging_mixin.py:188} INFO - [2024-07-16T06:53:23.582+0000] {dagbag.py:545} INFO - Filling up the DagBag from /home/airflow/.local/lib/python3.12/site-packages/airflow/example_dags/example_external_task_marker_dag.py
[2024-07-16T06:53:23.586+0000] {processor.py:840} INFO - DAG(s) 'example_external_task_marker_child', 'example_external_task_marker_parent' retrieved from /home/airflow/.local/lib/python3.12/site-packages/airflow/example_dags/example_external_task_marker_dag.py
[2024-07-16T06:53:23.605+0000] {logging_mixin.py:188} INFO - [2024-07-16T06:53:23.605+0000] {dag.py:3096} INFO - Sync 2 DAGs
[2024-07-16T06:53:23.614+0000] {logging_mixin.py:188} INFO - [2024-07-16T06:53:23.614+0000] {dag.py:3954} INFO - Setting next_dagrun for example_external_task_marker_child to None, run_after=None
[2024-07-16T06:53:23.617+0000] {logging_mixin.py:188} INFO - [2024-07-16T06:53:23.616+0000] {dag.py:3954} INFO - Setting next_dagrun for example_external_task_marker_parent to None, run_after=None
[2024-07-16T06:53:23.628+0000] {processor.py:183} INFO - Processing /home/airflow/.local/lib/python3.12/site-packages/airflow/example_dags/example_external_task_marker_dag.py took 0.050 seconds
[2024-07-16T06:53:53.816+0000] {processor.py:161} INFO - Started process (PID=2163) to work on /home/airflow/.local/lib/python3.12/site-packages/airflow/example_dags/example_external_task_marker_dag.py
[2024-07-16T06:53:53.816+0000] {processor.py:830} INFO - Processing file /home/airflow/.local/lib/python3.12/site-packages/airflow/example_dags/example_external_task_marker_dag.py for tasks to queue
[2024-07-16T06:53:53.817+0000] {logging_mixin.py:188} INFO - [2024-07-16T06:53:53.817+0000] {dagbag.py:545} INFO - Filling up the DagBag from /home/airflow/.local/lib/python3.12/site-packages/airflow/example_dags/example_external_task_marker_dag.py
[2024-07-16T06:53:53.821+0000] {processor.py:840} INFO - DAG(s) 'example_external_task_marker_parent', 'example_external_task_marker_child' retrieved from /home/airflow/.local/lib/python3.12/site-packages/airflow/example_dags/example_external_task_marker_dag.py
[2024-07-16T06:53:53.837+0000] {logging_mixin.py:188} INFO - [2024-07-16T06:53:53.837+0000] {dag.py:3096} INFO - Sync 2 DAGs
[2024-07-16T06:53:53.845+0000] {logging_mixin.py:188} INFO - [2024-07-16T06:53:53.845+0000] {dag.py:3954} INFO - Setting next_dagrun for example_external_task_marker_child to None, run_after=None
[2024-07-16T06:53:53.847+0000] {logging_mixin.py:188} INFO - [2024-07-16T06:53:53.847+0000] {dag.py:3954} INFO - Setting next_dagrun for example_external_task_marker_parent to None, run_after=None
[2024-07-16T06:53:53.854+0000] {processor.py:183} INFO - Processing /home/airflow/.local/lib/python3.12/site-packages/airflow/example_dags/example_external_task_marker_dag.py took 0.042 seconds
[2024-07-16T06:54:23.979+0000] {processor.py:161} INFO - Started process (PID=2227) to work on /home/airflow/.local/lib/python3.12/site-packages/airflow/example_dags/example_external_task_marker_dag.py
[2024-07-16T06:54:23.979+0000] {processor.py:830} INFO - Processing file /home/airflow/.local/lib/python3.12/site-packages/airflow/example_dags/example_external_task_marker_dag.py for tasks to queue
[2024-07-16T06:54:23.980+0000] {logging_mixin.py:188} INFO - [2024-07-16T06:54:23.980+0000] {dagbag.py:545} INFO - Filling up the DagBag from /home/airflow/.local/lib/python3.12/site-packages/airflow/example_dags/example_external_task_marker_dag.py
[2024-07-16T06:54:23.984+0000] {processor.py:840} INFO - DAG(s) 'example_external_task_marker_parent', 'example_external_task_marker_child' retrieved from /home/airflow/.local/lib/python3.12/site-packages/airflow/example_dags/example_external_task_marker_dag.py
[2024-07-16T06:54:24.000+0000] {logging_mixin.py:188} INFO - [2024-07-16T06:54:24.000+0000] {dag.py:3096} INFO - Sync 2 DAGs
[2024-07-16T06:54:24.008+0000] {logging_mixin.py:188} INFO - [2024-07-16T06:54:24.008+0000] {dag.py:3954} INFO - Setting next_dagrun for example_external_task_marker_child to None, run_after=None
[2024-07-16T06:54:24.010+0000] {logging_mixin.py:188} INFO - [2024-07-16T06:54:24.010+0000] {dag.py:3954} INFO - Setting next_dagrun for example_external_task_marker_parent to None, run_after=None
[2024-07-16T06:54:24.019+0000] {processor.py:183} INFO - Processing /home/airflow/.local/lib/python3.12/site-packages/airflow/example_dags/example_external_task_marker_dag.py took 0.044 seconds
[2024-07-16T06:54:54.111+0000] {processor.py:161} INFO - Started process (PID=2290) to work on /home/airflow/.local/lib/python3.12/site-packages/airflow/example_dags/example_external_task_marker_dag.py
[2024-07-16T06:54:54.111+0000] {processor.py:830} INFO - Processing file /home/airflow/.local/lib/python3.12/site-packages/airflow/example_dags/example_external_task_marker_dag.py for tasks to queue
[2024-07-16T06:54:54.112+0000] {logging_mixin.py:188} INFO - [2024-07-16T06:54:54.112+0000] {dagbag.py:545} INFO - Filling up the DagBag from /home/airflow/.local/lib/python3.12/site-packages/airflow/example_dags/example_external_task_marker_dag.py
[2024-07-16T06:54:54.116+0000] {processor.py:840} INFO - DAG(s) 'example_external_task_marker_parent', 'example_external_task_marker_child' retrieved from /home/airflow/.local/lib/python3.12/site-packages/airflow/example_dags/example_external_task_marker_dag.py
[2024-07-16T06:54:54.133+0000] {logging_mixin.py:188} INFO - [2024-07-16T06:54:54.132+0000] {dag.py:3096} INFO - Sync 2 DAGs
[2024-07-16T06:54:54.143+0000] {logging_mixin.py:188} INFO - [2024-07-16T06:54:54.143+0000] {dag.py:3954} INFO - Setting next_dagrun for example_external_task_marker_child to None, run_after=None
[2024-07-16T06:54:54.146+0000] {logging_mixin.py:188} INFO - [2024-07-16T06:54:54.146+0000] {dag.py:3954} INFO - Setting next_dagrun for example_external_task_marker_parent to None, run_after=None
[2024-07-16T06:54:54.157+0000] {processor.py:183} INFO - Processing /home/airflow/.local/lib/python3.12/site-packages/airflow/example_dags/example_external_task_marker_dag.py took 0.049 seconds
[2024-07-16T06:55:24.451+0000] {processor.py:161} INFO - Started process (PID=2354) to work on /home/airflow/.local/lib/python3.12/site-packages/airflow/example_dags/example_external_task_marker_dag.py
[2024-07-16T06:55:24.452+0000] {processor.py:830} INFO - Processing file /home/airflow/.local/lib/python3.12/site-packages/airflow/example_dags/example_external_task_marker_dag.py for tasks to queue
[2024-07-16T06:55:24.453+0000] {logging_mixin.py:188} INFO - [2024-07-16T06:55:24.453+0000] {dagbag.py:545} INFO - Filling up the DagBag from /home/airflow/.local/lib/python3.12/site-packages/airflow/example_dags/example_external_task_marker_dag.py
[2024-07-16T06:55:24.456+0000] {processor.py:840} INFO - DAG(s) 'example_external_task_marker_parent', 'example_external_task_marker_child' retrieved from /home/airflow/.local/lib/python3.12/site-packages/airflow/example_dags/example_external_task_marker_dag.py
[2024-07-16T06:55:24.473+0000] {logging_mixin.py:188} INFO - [2024-07-16T06:55:24.473+0000] {dag.py:3096} INFO - Sync 2 DAGs
[2024-07-16T06:55:24.482+0000] {logging_mixin.py:188} INFO - [2024-07-16T06:55:24.482+0000] {dag.py:3954} INFO - Setting next_dagrun for example_external_task_marker_child to None, run_after=None
[2024-07-16T06:55:24.484+0000] {logging_mixin.py:188} INFO - [2024-07-16T06:55:24.484+0000] {dag.py:3954} INFO - Setting next_dagrun for example_external_task_marker_parent to None, run_after=None
[2024-07-16T06:55:24.494+0000] {processor.py:183} INFO - Processing /home/airflow/.local/lib/python3.12/site-packages/airflow/example_dags/example_external_task_marker_dag.py took 0.046 seconds
[2024-07-16T06:55:54.626+0000] {processor.py:161} INFO - Started process (PID=2418) to work on /home/airflow/.local/lib/python3.12/site-packages/airflow/example_dags/example_external_task_marker_dag.py
[2024-07-16T06:55:54.627+0000] {processor.py:830} INFO - Processing file /home/airflow/.local/lib/python3.12/site-packages/airflow/example_dags/example_external_task_marker_dag.py for tasks to queue
[2024-07-16T06:55:54.628+0000] {logging_mixin.py:188} INFO - [2024-07-16T06:55:54.627+0000] {dagbag.py:545} INFO - Filling up the DagBag from /home/airflow/.local/lib/python3.12/site-packages/airflow/example_dags/example_external_task_marker_dag.py
[2024-07-16T06:55:54.631+0000] {processor.py:840} INFO - DAG(s) 'example_external_task_marker_child', 'example_external_task_marker_parent' retrieved from /home/airflow/.local/lib/python3.12/site-packages/airflow/example_dags/example_external_task_marker_dag.py
[2024-07-16T06:55:54.648+0000] {logging_mixin.py:188} INFO - [2024-07-16T06:55:54.648+0000] {dag.py:3096} INFO - Sync 2 DAGs
[2024-07-16T06:55:54.655+0000] {logging_mixin.py:188} INFO - [2024-07-16T06:55:54.655+0000] {dag.py:3954} INFO - Setting next_dagrun for example_external_task_marker_child to None, run_after=None
[2024-07-16T06:55:54.658+0000] {logging_mixin.py:188} INFO - [2024-07-16T06:55:54.658+0000] {dag.py:3954} INFO - Setting next_dagrun for example_external_task_marker_parent to None, run_after=None
[2024-07-16T06:55:54.666+0000] {processor.py:183} INFO - Processing /home/airflow/.local/lib/python3.12/site-packages/airflow/example_dags/example_external_task_marker_dag.py took 0.043 seconds
