[2024-07-16T06:24:07.112+0000] {processor.py:161} INFO - Started process (PID=55) to work on /home/airflow/.local/lib/python3.12/site-packages/airflow/example_dags/example_bash_operator.py
[2024-07-16T06:24:07.113+0000] {processor.py:830} INFO - Processing file /home/airflow/.local/lib/python3.12/site-packages/airflow/example_dags/example_bash_operator.py for tasks to queue
[2024-07-16T06:24:07.114+0000] {logging_mixin.py:188} INFO - [2024-07-16T06:24:07.114+0000] {dagbag.py:545} INFO - Filling up the DagBag from /home/airflow/.local/lib/python3.12/site-packages/airflow/example_dags/example_bash_operator.py
[2024-07-16T06:24:07.124+0000] {processor.py:840} INFO - DAG(s) 'example_bash_operator' retrieved from /home/airflow/.local/lib/python3.12/site-packages/airflow/example_dags/example_bash_operator.py
[2024-07-16T06:24:07.145+0000] {logging_mixin.py:188} INFO - [2024-07-16T06:24:07.145+0000] {dag.py:3096} INFO - Sync 1 DAGs
[2024-07-16T06:24:07.162+0000] {logging_mixin.py:188} INFO - [2024-07-16T06:24:07.161+0000] {dag.py:3954} INFO - Setting next_dagrun for example_bash_operator to 2024-07-15 00:00:00+00:00, run_after=2024-07-16 00:00:00+00:00
[2024-07-16T06:24:07.174+0000] {processor.py:183} INFO - Processing /home/airflow/.local/lib/python3.12/site-packages/airflow/example_dags/example_bash_operator.py took 0.066 seconds
[2024-07-16T06:24:37.504+0000] {processor.py:161} INFO - Started process (PID=118) to work on /home/airflow/.local/lib/python3.12/site-packages/airflow/example_dags/example_bash_operator.py
[2024-07-16T06:24:37.505+0000] {processor.py:830} INFO - Processing file /home/airflow/.local/lib/python3.12/site-packages/airflow/example_dags/example_bash_operator.py for tasks to queue
[2024-07-16T06:24:37.506+0000] {logging_mixin.py:188} INFO - [2024-07-16T06:24:37.506+0000] {dagbag.py:545} INFO - Filling up the DagBag from /home/airflow/.local/lib/python3.12/site-packages/airflow/example_dags/example_bash_operator.py
[2024-07-16T06:24:37.511+0000] {processor.py:840} INFO - DAG(s) 'example_bash_operator' retrieved from /home/airflow/.local/lib/python3.12/site-packages/airflow/example_dags/example_bash_operator.py
[2024-07-16T06:24:37.523+0000] {logging_mixin.py:188} INFO - [2024-07-16T06:24:37.523+0000] {dag.py:3096} INFO - Sync 1 DAGs
[2024-07-16T06:24:37.533+0000] {logging_mixin.py:188} INFO - [2024-07-16T06:24:37.533+0000] {dag.py:3954} INFO - Setting next_dagrun for example_bash_operator to 2024-07-15 00:00:00+00:00, run_after=2024-07-16 00:00:00+00:00
[2024-07-16T06:24:37.543+0000] {processor.py:183} INFO - Processing /home/airflow/.local/lib/python3.12/site-packages/airflow/example_dags/example_bash_operator.py took 0.041 seconds
[2024-07-16T06:29:30.870+0000] {processor.py:161} INFO - Started process (PID=56) to work on /home/airflow/.local/lib/python3.12/site-packages/airflow/example_dags/example_bash_operator.py
[2024-07-16T06:29:30.871+0000] {processor.py:830} INFO - Processing file /home/airflow/.local/lib/python3.12/site-packages/airflow/example_dags/example_bash_operator.py for tasks to queue
[2024-07-16T06:29:30.872+0000] {logging_mixin.py:188} INFO - [2024-07-16T06:29:30.872+0000] {dagbag.py:545} INFO - Filling up the DagBag from /home/airflow/.local/lib/python3.12/site-packages/airflow/example_dags/example_bash_operator.py
[2024-07-16T06:29:30.887+0000] {processor.py:840} INFO - DAG(s) 'example_bash_operator' retrieved from /home/airflow/.local/lib/python3.12/site-packages/airflow/example_dags/example_bash_operator.py
[2024-07-16T06:29:30.905+0000] {logging_mixin.py:188} INFO - [2024-07-16T06:29:30.905+0000] {dag.py:3096} INFO - Sync 1 DAGs
[2024-07-16T06:29:30.935+0000] {logging_mixin.py:188} INFO - [2024-07-16T06:29:30.934+0000] {dag.py:3954} INFO - Setting next_dagrun for example_bash_operator to 2024-07-15 00:00:00+00:00, run_after=2024-07-16 00:00:00+00:00
[2024-07-16T06:29:30.951+0000] {processor.py:183} INFO - Processing /home/airflow/.local/lib/python3.12/site-packages/airflow/example_dags/example_bash_operator.py took 0.088 seconds
[2024-07-16T06:30:01.572+0000] {processor.py:161} INFO - Started process (PID=120) to work on /home/airflow/.local/lib/python3.12/site-packages/airflow/example_dags/example_bash_operator.py
[2024-07-16T06:30:01.573+0000] {processor.py:830} INFO - Processing file /home/airflow/.local/lib/python3.12/site-packages/airflow/example_dags/example_bash_operator.py for tasks to queue
[2024-07-16T06:30:01.574+0000] {logging_mixin.py:188} INFO - [2024-07-16T06:30:01.574+0000] {dagbag.py:545} INFO - Filling up the DagBag from /home/airflow/.local/lib/python3.12/site-packages/airflow/example_dags/example_bash_operator.py
[2024-07-16T06:30:01.579+0000] {processor.py:840} INFO - DAG(s) 'example_bash_operator' retrieved from /home/airflow/.local/lib/python3.12/site-packages/airflow/example_dags/example_bash_operator.py
[2024-07-16T06:30:01.634+0000] {logging_mixin.py:188} INFO - [2024-07-16T06:30:01.634+0000] {dag.py:3096} INFO - Sync 1 DAGs
[2024-07-16T06:30:01.648+0000] {logging_mixin.py:188} INFO - [2024-07-16T06:30:01.648+0000] {dag.py:3954} INFO - Setting next_dagrun for example_bash_operator to 2024-07-15 00:00:00+00:00, run_after=2024-07-16 00:00:00+00:00
[2024-07-16T06:30:01.660+0000] {processor.py:183} INFO - Processing /home/airflow/.local/lib/python3.12/site-packages/airflow/example_dags/example_bash_operator.py took 0.091 seconds
[2024-07-16T06:30:32.304+0000] {processor.py:161} INFO - Started process (PID=184) to work on /home/airflow/.local/lib/python3.12/site-packages/airflow/example_dags/example_bash_operator.py
[2024-07-16T06:30:32.305+0000] {processor.py:830} INFO - Processing file /home/airflow/.local/lib/python3.12/site-packages/airflow/example_dags/example_bash_operator.py for tasks to queue
[2024-07-16T06:30:32.306+0000] {logging_mixin.py:188} INFO - [2024-07-16T06:30:32.306+0000] {dagbag.py:545} INFO - Filling up the DagBag from /home/airflow/.local/lib/python3.12/site-packages/airflow/example_dags/example_bash_operator.py
[2024-07-16T06:30:32.311+0000] {processor.py:840} INFO - DAG(s) 'example_bash_operator' retrieved from /home/airflow/.local/lib/python3.12/site-packages/airflow/example_dags/example_bash_operator.py
[2024-07-16T06:30:32.330+0000] {logging_mixin.py:188} INFO - [2024-07-16T06:30:32.330+0000] {dag.py:3096} INFO - Sync 1 DAGs
[2024-07-16T06:30:32.344+0000] {logging_mixin.py:188} INFO - [2024-07-16T06:30:32.344+0000] {dag.py:3954} INFO - Setting next_dagrun for example_bash_operator to 2024-07-15 00:00:00+00:00, run_after=2024-07-16 00:00:00+00:00
[2024-07-16T06:30:32.355+0000] {processor.py:183} INFO - Processing /home/airflow/.local/lib/python3.12/site-packages/airflow/example_dags/example_bash_operator.py took 0.054 seconds
[2024-07-16T06:31:02.568+0000] {processor.py:161} INFO - Started process (PID=247) to work on /home/airflow/.local/lib/python3.12/site-packages/airflow/example_dags/example_bash_operator.py
[2024-07-16T06:31:02.569+0000] {processor.py:830} INFO - Processing file /home/airflow/.local/lib/python3.12/site-packages/airflow/example_dags/example_bash_operator.py for tasks to queue
[2024-07-16T06:31:02.570+0000] {logging_mixin.py:188} INFO - [2024-07-16T06:31:02.570+0000] {dagbag.py:545} INFO - Filling up the DagBag from /home/airflow/.local/lib/python3.12/site-packages/airflow/example_dags/example_bash_operator.py
[2024-07-16T06:31:02.576+0000] {processor.py:840} INFO - DAG(s) 'example_bash_operator' retrieved from /home/airflow/.local/lib/python3.12/site-packages/airflow/example_dags/example_bash_operator.py
[2024-07-16T06:31:02.594+0000] {logging_mixin.py:188} INFO - [2024-07-16T06:31:02.594+0000] {dag.py:3096} INFO - Sync 1 DAGs
[2024-07-16T06:31:02.607+0000] {logging_mixin.py:188} INFO - [2024-07-16T06:31:02.607+0000] {dag.py:3954} INFO - Setting next_dagrun for example_bash_operator to 2024-07-15 00:00:00+00:00, run_after=2024-07-16 00:00:00+00:00
[2024-07-16T06:31:02.633+0000] {processor.py:183} INFO - Processing /home/airflow/.local/lib/python3.12/site-packages/airflow/example_dags/example_bash_operator.py took 0.067 seconds
[2024-07-16T06:31:32.773+0000] {processor.py:161} INFO - Started process (PID=311) to work on /home/airflow/.local/lib/python3.12/site-packages/airflow/example_dags/example_bash_operator.py
[2024-07-16T06:31:32.774+0000] {processor.py:830} INFO - Processing file /home/airflow/.local/lib/python3.12/site-packages/airflow/example_dags/example_bash_operator.py for tasks to queue
[2024-07-16T06:31:32.776+0000] {logging_mixin.py:188} INFO - [2024-07-16T06:31:32.775+0000] {dagbag.py:545} INFO - Filling up the DagBag from /home/airflow/.local/lib/python3.12/site-packages/airflow/example_dags/example_bash_operator.py
[2024-07-16T06:31:32.781+0000] {processor.py:840} INFO - DAG(s) 'example_bash_operator' retrieved from /home/airflow/.local/lib/python3.12/site-packages/airflow/example_dags/example_bash_operator.py
[2024-07-16T06:31:32.799+0000] {logging_mixin.py:188} INFO - [2024-07-16T06:31:32.798+0000] {dag.py:3096} INFO - Sync 1 DAGs
[2024-07-16T06:31:32.814+0000] {logging_mixin.py:188} INFO - [2024-07-16T06:31:32.814+0000] {dag.py:3954} INFO - Setting next_dagrun for example_bash_operator to 2024-07-15 00:00:00+00:00, run_after=2024-07-16 00:00:00+00:00
[2024-07-16T06:31:32.826+0000] {processor.py:183} INFO - Processing /home/airflow/.local/lib/python3.12/site-packages/airflow/example_dags/example_bash_operator.py took 0.056 seconds
[2024-07-16T06:32:03.879+0000] {processor.py:161} INFO - Started process (PID=374) to work on /home/airflow/.local/lib/python3.12/site-packages/airflow/example_dags/example_bash_operator.py
[2024-07-16T06:32:03.879+0000] {processor.py:830} INFO - Processing file /home/airflow/.local/lib/python3.12/site-packages/airflow/example_dags/example_bash_operator.py for tasks to queue
[2024-07-16T06:32:03.880+0000] {logging_mixin.py:188} INFO - [2024-07-16T06:32:03.880+0000] {dagbag.py:545} INFO - Filling up the DagBag from /home/airflow/.local/lib/python3.12/site-packages/airflow/example_dags/example_bash_operator.py
[2024-07-16T06:32:03.886+0000] {processor.py:840} INFO - DAG(s) 'example_bash_operator' retrieved from /home/airflow/.local/lib/python3.12/site-packages/airflow/example_dags/example_bash_operator.py
[2024-07-16T06:32:03.903+0000] {logging_mixin.py:188} INFO - [2024-07-16T06:32:03.903+0000] {dag.py:3096} INFO - Sync 1 DAGs
[2024-07-16T06:32:03.918+0000] {logging_mixin.py:188} INFO - [2024-07-16T06:32:03.918+0000] {dag.py:3954} INFO - Setting next_dagrun for example_bash_operator to 2024-07-15 00:00:00+00:00, run_after=2024-07-16 00:00:00+00:00
[2024-07-16T06:32:03.931+0000] {processor.py:183} INFO - Processing /home/airflow/.local/lib/python3.12/site-packages/airflow/example_dags/example_bash_operator.py took 0.055 seconds
[2024-07-16T06:32:34.060+0000] {processor.py:161} INFO - Started process (PID=438) to work on /home/airflow/.local/lib/python3.12/site-packages/airflow/example_dags/example_bash_operator.py
[2024-07-16T06:32:34.060+0000] {processor.py:830} INFO - Processing file /home/airflow/.local/lib/python3.12/site-packages/airflow/example_dags/example_bash_operator.py for tasks to queue
[2024-07-16T06:32:34.061+0000] {logging_mixin.py:188} INFO - [2024-07-16T06:32:34.061+0000] {dagbag.py:545} INFO - Filling up the DagBag from /home/airflow/.local/lib/python3.12/site-packages/airflow/example_dags/example_bash_operator.py
[2024-07-16T06:32:34.067+0000] {processor.py:840} INFO - DAG(s) 'example_bash_operator' retrieved from /home/airflow/.local/lib/python3.12/site-packages/airflow/example_dags/example_bash_operator.py
[2024-07-16T06:32:34.084+0000] {logging_mixin.py:188} INFO - [2024-07-16T06:32:34.084+0000] {dag.py:3096} INFO - Sync 1 DAGs
[2024-07-16T06:32:34.097+0000] {logging_mixin.py:188} INFO - [2024-07-16T06:32:34.097+0000] {dag.py:3954} INFO - Setting next_dagrun for example_bash_operator to 2024-07-15 00:00:00+00:00, run_after=2024-07-16 00:00:00+00:00
[2024-07-16T06:32:34.108+0000] {processor.py:183} INFO - Processing /home/airflow/.local/lib/python3.12/site-packages/airflow/example_dags/example_bash_operator.py took 0.051 seconds
[2024-07-16T06:33:04.230+0000] {processor.py:161} INFO - Started process (PID=502) to work on /home/airflow/.local/lib/python3.12/site-packages/airflow/example_dags/example_bash_operator.py
[2024-07-16T06:33:04.231+0000] {processor.py:830} INFO - Processing file /home/airflow/.local/lib/python3.12/site-packages/airflow/example_dags/example_bash_operator.py for tasks to queue
[2024-07-16T06:33:04.232+0000] {logging_mixin.py:188} INFO - [2024-07-16T06:33:04.232+0000] {dagbag.py:545} INFO - Filling up the DagBag from /home/airflow/.local/lib/python3.12/site-packages/airflow/example_dags/example_bash_operator.py
[2024-07-16T06:33:04.239+0000] {processor.py:840} INFO - DAG(s) 'example_bash_operator' retrieved from /home/airflow/.local/lib/python3.12/site-packages/airflow/example_dags/example_bash_operator.py
[2024-07-16T06:33:04.257+0000] {logging_mixin.py:188} INFO - [2024-07-16T06:33:04.256+0000] {dag.py:3096} INFO - Sync 1 DAGs
[2024-07-16T06:33:04.270+0000] {logging_mixin.py:188} INFO - [2024-07-16T06:33:04.270+0000] {dag.py:3954} INFO - Setting next_dagrun for example_bash_operator to 2024-07-15 00:00:00+00:00, run_after=2024-07-16 00:00:00+00:00
[2024-07-16T06:33:04.279+0000] {processor.py:183} INFO - Processing /home/airflow/.local/lib/python3.12/site-packages/airflow/example_dags/example_bash_operator.py took 0.052 seconds
[2024-07-16T06:33:34.341+0000] {processor.py:161} INFO - Started process (PID=566) to work on /home/airflow/.local/lib/python3.12/site-packages/airflow/example_dags/example_bash_operator.py
[2024-07-16T06:33:34.341+0000] {processor.py:830} INFO - Processing file /home/airflow/.local/lib/python3.12/site-packages/airflow/example_dags/example_bash_operator.py for tasks to queue
[2024-07-16T06:33:34.343+0000] {logging_mixin.py:188} INFO - [2024-07-16T06:33:34.342+0000] {dagbag.py:545} INFO - Filling up the DagBag from /home/airflow/.local/lib/python3.12/site-packages/airflow/example_dags/example_bash_operator.py
[2024-07-16T06:33:34.348+0000] {processor.py:840} INFO - DAG(s) 'example_bash_operator' retrieved from /home/airflow/.local/lib/python3.12/site-packages/airflow/example_dags/example_bash_operator.py
[2024-07-16T06:33:34.365+0000] {logging_mixin.py:188} INFO - [2024-07-16T06:33:34.365+0000] {dag.py:3096} INFO - Sync 1 DAGs
[2024-07-16T06:33:34.379+0000] {logging_mixin.py:188} INFO - [2024-07-16T06:33:34.379+0000] {dag.py:3954} INFO - Setting next_dagrun for example_bash_operator to 2024-07-15 00:00:00+00:00, run_after=2024-07-16 00:00:00+00:00
[2024-07-16T06:33:34.390+0000] {processor.py:183} INFO - Processing /home/airflow/.local/lib/python3.12/site-packages/airflow/example_dags/example_bash_operator.py took 0.052 seconds
[2024-07-16T06:34:04.516+0000] {processor.py:161} INFO - Started process (PID=629) to work on /home/airflow/.local/lib/python3.12/site-packages/airflow/example_dags/example_bash_operator.py
[2024-07-16T06:34:04.517+0000] {processor.py:830} INFO - Processing file /home/airflow/.local/lib/python3.12/site-packages/airflow/example_dags/example_bash_operator.py for tasks to queue
[2024-07-16T06:34:04.518+0000] {logging_mixin.py:188} INFO - [2024-07-16T06:34:04.517+0000] {dagbag.py:545} INFO - Filling up the DagBag from /home/airflow/.local/lib/python3.12/site-packages/airflow/example_dags/example_bash_operator.py
[2024-07-16T06:34:04.523+0000] {processor.py:840} INFO - DAG(s) 'example_bash_operator' retrieved from /home/airflow/.local/lib/python3.12/site-packages/airflow/example_dags/example_bash_operator.py
[2024-07-16T06:34:04.541+0000] {logging_mixin.py:188} INFO - [2024-07-16T06:34:04.540+0000] {dag.py:3096} INFO - Sync 1 DAGs
[2024-07-16T06:34:04.554+0000] {logging_mixin.py:188} INFO - [2024-07-16T06:34:04.553+0000] {dag.py:3954} INFO - Setting next_dagrun for example_bash_operator to 2024-07-15 00:00:00+00:00, run_after=2024-07-16 00:00:00+00:00
[2024-07-16T06:34:04.563+0000] {processor.py:183} INFO - Processing /home/airflow/.local/lib/python3.12/site-packages/airflow/example_dags/example_bash_operator.py took 0.050 seconds
[2024-07-16T06:34:34.847+0000] {processor.py:161} INFO - Started process (PID=692) to work on /home/airflow/.local/lib/python3.12/site-packages/airflow/example_dags/example_bash_operator.py
[2024-07-16T06:34:34.847+0000] {processor.py:830} INFO - Processing file /home/airflow/.local/lib/python3.12/site-packages/airflow/example_dags/example_bash_operator.py for tasks to queue
[2024-07-16T06:34:34.848+0000] {logging_mixin.py:188} INFO - [2024-07-16T06:34:34.848+0000] {dagbag.py:545} INFO - Filling up the DagBag from /home/airflow/.local/lib/python3.12/site-packages/airflow/example_dags/example_bash_operator.py
[2024-07-16T06:34:34.854+0000] {processor.py:840} INFO - DAG(s) 'example_bash_operator' retrieved from /home/airflow/.local/lib/python3.12/site-packages/airflow/example_dags/example_bash_operator.py
[2024-07-16T06:34:34.872+0000] {logging_mixin.py:188} INFO - [2024-07-16T06:34:34.872+0000] {dag.py:3096} INFO - Sync 1 DAGs
[2024-07-16T06:34:34.885+0000] {logging_mixin.py:188} INFO - [2024-07-16T06:34:34.885+0000] {dag.py:3954} INFO - Setting next_dagrun for example_bash_operator to 2024-07-15 00:00:00+00:00, run_after=2024-07-16 00:00:00+00:00
[2024-07-16T06:34:34.894+0000] {processor.py:183} INFO - Processing /home/airflow/.local/lib/python3.12/site-packages/airflow/example_dags/example_bash_operator.py took 0.050 seconds
[2024-07-16T06:35:05.076+0000] {processor.py:161} INFO - Started process (PID=756) to work on /home/airflow/.local/lib/python3.12/site-packages/airflow/example_dags/example_bash_operator.py
[2024-07-16T06:35:05.076+0000] {processor.py:830} INFO - Processing file /home/airflow/.local/lib/python3.12/site-packages/airflow/example_dags/example_bash_operator.py for tasks to queue
[2024-07-16T06:35:05.077+0000] {logging_mixin.py:188} INFO - [2024-07-16T06:35:05.077+0000] {dagbag.py:545} INFO - Filling up the DagBag from /home/airflow/.local/lib/python3.12/site-packages/airflow/example_dags/example_bash_operator.py
[2024-07-16T06:35:05.084+0000] {processor.py:840} INFO - DAG(s) 'example_bash_operator' retrieved from /home/airflow/.local/lib/python3.12/site-packages/airflow/example_dags/example_bash_operator.py
[2024-07-16T06:35:05.103+0000] {logging_mixin.py:188} INFO - [2024-07-16T06:35:05.103+0000] {dag.py:3096} INFO - Sync 1 DAGs
[2024-07-16T06:35:05.124+0000] {logging_mixin.py:188} INFO - [2024-07-16T06:35:05.123+0000] {dag.py:3954} INFO - Setting next_dagrun for example_bash_operator to 2024-07-15 00:00:00+00:00, run_after=2024-07-16 00:00:00+00:00
[2024-07-16T06:35:05.140+0000] {processor.py:183} INFO - Processing /home/airflow/.local/lib/python3.12/site-packages/airflow/example_dags/example_bash_operator.py took 0.068 seconds
[2024-07-16T06:35:35.352+0000] {processor.py:161} INFO - Started process (PID=820) to work on /home/airflow/.local/lib/python3.12/site-packages/airflow/example_dags/example_bash_operator.py
[2024-07-16T06:35:35.353+0000] {processor.py:830} INFO - Processing file /home/airflow/.local/lib/python3.12/site-packages/airflow/example_dags/example_bash_operator.py for tasks to queue
[2024-07-16T06:35:35.354+0000] {logging_mixin.py:188} INFO - [2024-07-16T06:35:35.354+0000] {dagbag.py:545} INFO - Filling up the DagBag from /home/airflow/.local/lib/python3.12/site-packages/airflow/example_dags/example_bash_operator.py
[2024-07-16T06:35:35.359+0000] {processor.py:840} INFO - DAG(s) 'example_bash_operator' retrieved from /home/airflow/.local/lib/python3.12/site-packages/airflow/example_dags/example_bash_operator.py
[2024-07-16T06:35:35.377+0000] {logging_mixin.py:188} INFO - [2024-07-16T06:35:35.377+0000] {dag.py:3096} INFO - Sync 1 DAGs
[2024-07-16T06:35:35.392+0000] {logging_mixin.py:188} INFO - [2024-07-16T06:35:35.392+0000] {dag.py:3954} INFO - Setting next_dagrun for example_bash_operator to 2024-07-15 00:00:00+00:00, run_after=2024-07-16 00:00:00+00:00
[2024-07-16T06:35:35.404+0000] {processor.py:183} INFO - Processing /home/airflow/.local/lib/python3.12/site-packages/airflow/example_dags/example_bash_operator.py took 0.054 seconds
[2024-07-16T06:36:06.380+0000] {processor.py:161} INFO - Started process (PID=884) to work on /home/airflow/.local/lib/python3.12/site-packages/airflow/example_dags/example_bash_operator.py
[2024-07-16T06:36:06.381+0000] {processor.py:830} INFO - Processing file /home/airflow/.local/lib/python3.12/site-packages/airflow/example_dags/example_bash_operator.py for tasks to queue
[2024-07-16T06:36:06.382+0000] {logging_mixin.py:188} INFO - [2024-07-16T06:36:06.382+0000] {dagbag.py:545} INFO - Filling up the DagBag from /home/airflow/.local/lib/python3.12/site-packages/airflow/example_dags/example_bash_operator.py
[2024-07-16T06:36:06.389+0000] {processor.py:840} INFO - DAG(s) 'example_bash_operator' retrieved from /home/airflow/.local/lib/python3.12/site-packages/airflow/example_dags/example_bash_operator.py
[2024-07-16T06:36:06.409+0000] {logging_mixin.py:188} INFO - [2024-07-16T06:36:06.409+0000] {dag.py:3096} INFO - Sync 1 DAGs
[2024-07-16T06:36:06.424+0000] {logging_mixin.py:188} INFO - [2024-07-16T06:36:06.424+0000] {dag.py:3954} INFO - Setting next_dagrun for example_bash_operator to 2024-07-15 00:00:00+00:00, run_after=2024-07-16 00:00:00+00:00
[2024-07-16T06:36:06.435+0000] {processor.py:183} INFO - Processing /home/airflow/.local/lib/python3.12/site-packages/airflow/example_dags/example_bash_operator.py took 0.061 seconds
[2024-07-16T06:37:13.477+0000] {processor.py:161} INFO - Started process (PID=57) to work on /home/airflow/.local/lib/python3.12/site-packages/airflow/example_dags/example_bash_operator.py
[2024-07-16T06:37:13.477+0000] {processor.py:830} INFO - Processing file /home/airflow/.local/lib/python3.12/site-packages/airflow/example_dags/example_bash_operator.py for tasks to queue
[2024-07-16T06:37:13.479+0000] {logging_mixin.py:188} INFO - [2024-07-16T06:37:13.478+0000] {dagbag.py:545} INFO - Filling up the DagBag from /home/airflow/.local/lib/python3.12/site-packages/airflow/example_dags/example_bash_operator.py
[2024-07-16T06:37:13.494+0000] {processor.py:840} INFO - DAG(s) 'example_bash_operator' retrieved from /home/airflow/.local/lib/python3.12/site-packages/airflow/example_dags/example_bash_operator.py
[2024-07-16T06:37:13.518+0000] {logging_mixin.py:188} INFO - [2024-07-16T06:37:13.518+0000] {dag.py:3096} INFO - Sync 1 DAGs
[2024-07-16T06:37:13.541+0000] {logging_mixin.py:188} INFO - [2024-07-16T06:37:13.541+0000] {dag.py:3954} INFO - Setting next_dagrun for example_bash_operator to 2024-07-15 00:00:00+00:00, run_after=2024-07-16 00:00:00+00:00
[2024-07-16T06:37:13.557+0000] {processor.py:183} INFO - Processing /home/airflow/.local/lib/python3.12/site-packages/airflow/example_dags/example_bash_operator.py took 0.084 seconds
[2024-07-16T06:37:43.981+0000] {processor.py:161} INFO - Started process (PID=120) to work on /home/airflow/.local/lib/python3.12/site-packages/airflow/example_dags/example_bash_operator.py
[2024-07-16T06:37:43.981+0000] {processor.py:830} INFO - Processing file /home/airflow/.local/lib/python3.12/site-packages/airflow/example_dags/example_bash_operator.py for tasks to queue
[2024-07-16T06:37:43.982+0000] {logging_mixin.py:188} INFO - [2024-07-16T06:37:43.982+0000] {dagbag.py:545} INFO - Filling up the DagBag from /home/airflow/.local/lib/python3.12/site-packages/airflow/example_dags/example_bash_operator.py
[2024-07-16T06:37:43.988+0000] {processor.py:840} INFO - DAG(s) 'example_bash_operator' retrieved from /home/airflow/.local/lib/python3.12/site-packages/airflow/example_dags/example_bash_operator.py
[2024-07-16T06:37:44.042+0000] {logging_mixin.py:188} INFO - [2024-07-16T06:37:44.042+0000] {dag.py:3096} INFO - Sync 1 DAGs
[2024-07-16T06:37:44.054+0000] {logging_mixin.py:188} INFO - [2024-07-16T06:37:44.054+0000] {dag.py:3954} INFO - Setting next_dagrun for example_bash_operator to 2024-07-15 00:00:00+00:00, run_after=2024-07-16 00:00:00+00:00
[2024-07-16T06:37:44.065+0000] {processor.py:183} INFO - Processing /home/airflow/.local/lib/python3.12/site-packages/airflow/example_dags/example_bash_operator.py took 0.087 seconds
[2024-07-16T06:38:14.434+0000] {processor.py:161} INFO - Started process (PID=184) to work on /home/airflow/.local/lib/python3.12/site-packages/airflow/example_dags/example_bash_operator.py
[2024-07-16T06:38:14.434+0000] {processor.py:830} INFO - Processing file /home/airflow/.local/lib/python3.12/site-packages/airflow/example_dags/example_bash_operator.py for tasks to queue
[2024-07-16T06:38:14.436+0000] {logging_mixin.py:188} INFO - [2024-07-16T06:38:14.435+0000] {dagbag.py:545} INFO - Filling up the DagBag from /home/airflow/.local/lib/python3.12/site-packages/airflow/example_dags/example_bash_operator.py
[2024-07-16T06:38:14.441+0000] {processor.py:840} INFO - DAG(s) 'example_bash_operator' retrieved from /home/airflow/.local/lib/python3.12/site-packages/airflow/example_dags/example_bash_operator.py
[2024-07-16T06:38:14.459+0000] {logging_mixin.py:188} INFO - [2024-07-16T06:38:14.459+0000] {dag.py:3096} INFO - Sync 1 DAGs
[2024-07-16T06:38:14.472+0000] {logging_mixin.py:188} INFO - [2024-07-16T06:38:14.472+0000] {dag.py:3954} INFO - Setting next_dagrun for example_bash_operator to 2024-07-15 00:00:00+00:00, run_after=2024-07-16 00:00:00+00:00
[2024-07-16T06:38:14.482+0000] {processor.py:183} INFO - Processing /home/airflow/.local/lib/python3.12/site-packages/airflow/example_dags/example_bash_operator.py took 0.051 seconds
[2024-07-16T06:38:44.711+0000] {processor.py:161} INFO - Started process (PID=247) to work on /home/airflow/.local/lib/python3.12/site-packages/airflow/example_dags/example_bash_operator.py
[2024-07-16T06:38:44.712+0000] {processor.py:830} INFO - Processing file /home/airflow/.local/lib/python3.12/site-packages/airflow/example_dags/example_bash_operator.py for tasks to queue
[2024-07-16T06:38:44.713+0000] {logging_mixin.py:188} INFO - [2024-07-16T06:38:44.712+0000] {dagbag.py:545} INFO - Filling up the DagBag from /home/airflow/.local/lib/python3.12/site-packages/airflow/example_dags/example_bash_operator.py
[2024-07-16T06:38:44.718+0000] {processor.py:840} INFO - DAG(s) 'example_bash_operator' retrieved from /home/airflow/.local/lib/python3.12/site-packages/airflow/example_dags/example_bash_operator.py
[2024-07-16T06:38:44.736+0000] {logging_mixin.py:188} INFO - [2024-07-16T06:38:44.736+0000] {dag.py:3096} INFO - Sync 1 DAGs
[2024-07-16T06:38:44.749+0000] {logging_mixin.py:188} INFO - [2024-07-16T06:38:44.749+0000] {dag.py:3954} INFO - Setting next_dagrun for example_bash_operator to 2024-07-15 00:00:00+00:00, run_after=2024-07-16 00:00:00+00:00
[2024-07-16T06:38:44.758+0000] {processor.py:183} INFO - Processing /home/airflow/.local/lib/python3.12/site-packages/airflow/example_dags/example_bash_operator.py took 0.050 seconds
[2024-07-16T06:39:14.934+0000] {processor.py:161} INFO - Started process (PID=311) to work on /home/airflow/.local/lib/python3.12/site-packages/airflow/example_dags/example_bash_operator.py
[2024-07-16T06:39:14.934+0000] {processor.py:830} INFO - Processing file /home/airflow/.local/lib/python3.12/site-packages/airflow/example_dags/example_bash_operator.py for tasks to queue
[2024-07-16T06:39:14.935+0000] {logging_mixin.py:188} INFO - [2024-07-16T06:39:14.935+0000] {dagbag.py:545} INFO - Filling up the DagBag from /home/airflow/.local/lib/python3.12/site-packages/airflow/example_dags/example_bash_operator.py
[2024-07-16T06:39:14.941+0000] {processor.py:840} INFO - DAG(s) 'example_bash_operator' retrieved from /home/airflow/.local/lib/python3.12/site-packages/airflow/example_dags/example_bash_operator.py
[2024-07-16T06:39:14.958+0000] {logging_mixin.py:188} INFO - [2024-07-16T06:39:14.957+0000] {dag.py:3096} INFO - Sync 1 DAGs
[2024-07-16T06:39:14.971+0000] {logging_mixin.py:188} INFO - [2024-07-16T06:39:14.971+0000] {dag.py:3954} INFO - Setting next_dagrun for example_bash_operator to 2024-07-15 00:00:00+00:00, run_after=2024-07-16 00:00:00+00:00
[2024-07-16T06:39:14.983+0000] {processor.py:183} INFO - Processing /home/airflow/.local/lib/python3.12/site-packages/airflow/example_dags/example_bash_operator.py took 0.052 seconds
[2024-07-16T06:39:45.212+0000] {processor.py:161} INFO - Started process (PID=375) to work on /home/airflow/.local/lib/python3.12/site-packages/airflow/example_dags/example_bash_operator.py
[2024-07-16T06:39:45.212+0000] {processor.py:830} INFO - Processing file /home/airflow/.local/lib/python3.12/site-packages/airflow/example_dags/example_bash_operator.py for tasks to queue
[2024-07-16T06:39:45.214+0000] {logging_mixin.py:188} INFO - [2024-07-16T06:39:45.213+0000] {dagbag.py:545} INFO - Filling up the DagBag from /home/airflow/.local/lib/python3.12/site-packages/airflow/example_dags/example_bash_operator.py
[2024-07-16T06:39:45.219+0000] {processor.py:840} INFO - DAG(s) 'example_bash_operator' retrieved from /home/airflow/.local/lib/python3.12/site-packages/airflow/example_dags/example_bash_operator.py
[2024-07-16T06:39:45.238+0000] {logging_mixin.py:188} INFO - [2024-07-16T06:39:45.237+0000] {dag.py:3096} INFO - Sync 1 DAGs
[2024-07-16T06:39:45.250+0000] {logging_mixin.py:188} INFO - [2024-07-16T06:39:45.250+0000] {dag.py:3954} INFO - Setting next_dagrun for example_bash_operator to 2024-07-15 00:00:00+00:00, run_after=2024-07-16 00:00:00+00:00
[2024-07-16T06:39:45.261+0000] {processor.py:183} INFO - Processing /home/airflow/.local/lib/python3.12/site-packages/airflow/example_dags/example_bash_operator.py took 0.053 seconds
[2024-07-16T06:40:15.464+0000] {processor.py:161} INFO - Started process (PID=439) to work on /home/airflow/.local/lib/python3.12/site-packages/airflow/example_dags/example_bash_operator.py
[2024-07-16T06:40:15.464+0000] {processor.py:830} INFO - Processing file /home/airflow/.local/lib/python3.12/site-packages/airflow/example_dags/example_bash_operator.py for tasks to queue
[2024-07-16T06:40:15.466+0000] {logging_mixin.py:188} INFO - [2024-07-16T06:40:15.465+0000] {dagbag.py:545} INFO - Filling up the DagBag from /home/airflow/.local/lib/python3.12/site-packages/airflow/example_dags/example_bash_operator.py
[2024-07-16T06:40:15.471+0000] {processor.py:840} INFO - DAG(s) 'example_bash_operator' retrieved from /home/airflow/.local/lib/python3.12/site-packages/airflow/example_dags/example_bash_operator.py
[2024-07-16T06:40:15.487+0000] {logging_mixin.py:188} INFO - [2024-07-16T06:40:15.487+0000] {dag.py:3096} INFO - Sync 1 DAGs
[2024-07-16T06:40:15.500+0000] {logging_mixin.py:188} INFO - [2024-07-16T06:40:15.500+0000] {dag.py:3954} INFO - Setting next_dagrun for example_bash_operator to 2024-07-15 00:00:00+00:00, run_after=2024-07-16 00:00:00+00:00
[2024-07-16T06:40:15.510+0000] {processor.py:183} INFO - Processing /home/airflow/.local/lib/python3.12/site-packages/airflow/example_dags/example_bash_operator.py took 0.050 seconds
[2024-07-16T06:40:45.591+0000] {processor.py:161} INFO - Started process (PID=503) to work on /home/airflow/.local/lib/python3.12/site-packages/airflow/example_dags/example_bash_operator.py
[2024-07-16T06:40:45.592+0000] {processor.py:830} INFO - Processing file /home/airflow/.local/lib/python3.12/site-packages/airflow/example_dags/example_bash_operator.py for tasks to queue
[2024-07-16T06:40:45.593+0000] {logging_mixin.py:188} INFO - [2024-07-16T06:40:45.593+0000] {dagbag.py:545} INFO - Filling up the DagBag from /home/airflow/.local/lib/python3.12/site-packages/airflow/example_dags/example_bash_operator.py
[2024-07-16T06:40:45.598+0000] {processor.py:840} INFO - DAG(s) 'example_bash_operator' retrieved from /home/airflow/.local/lib/python3.12/site-packages/airflow/example_dags/example_bash_operator.py
[2024-07-16T06:40:45.615+0000] {logging_mixin.py:188} INFO - [2024-07-16T06:40:45.615+0000] {dag.py:3096} INFO - Sync 1 DAGs
[2024-07-16T06:40:45.628+0000] {logging_mixin.py:188} INFO - [2024-07-16T06:40:45.628+0000] {dag.py:3954} INFO - Setting next_dagrun for example_bash_operator to 2024-07-15 00:00:00+00:00, run_after=2024-07-16 00:00:00+00:00
[2024-07-16T06:40:45.639+0000] {processor.py:183} INFO - Processing /home/airflow/.local/lib/python3.12/site-packages/airflow/example_dags/example_bash_operator.py took 0.051 seconds
[2024-07-16T06:41:15.690+0000] {processor.py:161} INFO - Started process (PID=567) to work on /home/airflow/.local/lib/python3.12/site-packages/airflow/example_dags/example_bash_operator.py
[2024-07-16T06:41:15.690+0000] {processor.py:830} INFO - Processing file /home/airflow/.local/lib/python3.12/site-packages/airflow/example_dags/example_bash_operator.py for tasks to queue
[2024-07-16T06:41:15.692+0000] {logging_mixin.py:188} INFO - [2024-07-16T06:41:15.691+0000] {dagbag.py:545} INFO - Filling up the DagBag from /home/airflow/.local/lib/python3.12/site-packages/airflow/example_dags/example_bash_operator.py
[2024-07-16T06:41:15.697+0000] {processor.py:840} INFO - DAG(s) 'example_bash_operator' retrieved from /home/airflow/.local/lib/python3.12/site-packages/airflow/example_dags/example_bash_operator.py
[2024-07-16T06:41:15.714+0000] {logging_mixin.py:188} INFO - [2024-07-16T06:41:15.714+0000] {dag.py:3096} INFO - Sync 1 DAGs
[2024-07-16T06:41:15.727+0000] {logging_mixin.py:188} INFO - [2024-07-16T06:41:15.727+0000] {dag.py:3954} INFO - Setting next_dagrun for example_bash_operator to 2024-07-15 00:00:00+00:00, run_after=2024-07-16 00:00:00+00:00
[2024-07-16T06:41:15.739+0000] {processor.py:183} INFO - Processing /home/airflow/.local/lib/python3.12/site-packages/airflow/example_dags/example_bash_operator.py took 0.052 seconds
[2024-07-16T06:41:46.041+0000] {processor.py:161} INFO - Started process (PID=631) to work on /home/airflow/.local/lib/python3.12/site-packages/airflow/example_dags/example_bash_operator.py
[2024-07-16T06:41:46.041+0000] {processor.py:830} INFO - Processing file /home/airflow/.local/lib/python3.12/site-packages/airflow/example_dags/example_bash_operator.py for tasks to queue
[2024-07-16T06:41:46.042+0000] {logging_mixin.py:188} INFO - [2024-07-16T06:41:46.042+0000] {dagbag.py:545} INFO - Filling up the DagBag from /home/airflow/.local/lib/python3.12/site-packages/airflow/example_dags/example_bash_operator.py
[2024-07-16T06:41:46.048+0000] {processor.py:840} INFO - DAG(s) 'example_bash_operator' retrieved from /home/airflow/.local/lib/python3.12/site-packages/airflow/example_dags/example_bash_operator.py
[2024-07-16T06:41:46.065+0000] {logging_mixin.py:188} INFO - [2024-07-16T06:41:46.065+0000] {dag.py:3096} INFO - Sync 1 DAGs
[2024-07-16T06:41:46.078+0000] {logging_mixin.py:188} INFO - [2024-07-16T06:41:46.078+0000] {dag.py:3954} INFO - Setting next_dagrun for example_bash_operator to 2024-07-15 00:00:00+00:00, run_after=2024-07-16 00:00:00+00:00
[2024-07-16T06:41:46.089+0000] {processor.py:183} INFO - Processing /home/airflow/.local/lib/python3.12/site-packages/airflow/example_dags/example_bash_operator.py took 0.051 seconds
[2024-07-16T06:42:17.158+0000] {processor.py:161} INFO - Started process (PID=695) to work on /home/airflow/.local/lib/python3.12/site-packages/airflow/example_dags/example_bash_operator.py
[2024-07-16T06:42:17.159+0000] {processor.py:830} INFO - Processing file /home/airflow/.local/lib/python3.12/site-packages/airflow/example_dags/example_bash_operator.py for tasks to queue
[2024-07-16T06:42:17.160+0000] {logging_mixin.py:188} INFO - [2024-07-16T06:42:17.160+0000] {dagbag.py:545} INFO - Filling up the DagBag from /home/airflow/.local/lib/python3.12/site-packages/airflow/example_dags/example_bash_operator.py
[2024-07-16T06:42:17.166+0000] {processor.py:840} INFO - DAG(s) 'example_bash_operator' retrieved from /home/airflow/.local/lib/python3.12/site-packages/airflow/example_dags/example_bash_operator.py
[2024-07-16T06:42:17.183+0000] {logging_mixin.py:188} INFO - [2024-07-16T06:42:17.183+0000] {dag.py:3096} INFO - Sync 1 DAGs
[2024-07-16T06:42:17.195+0000] {logging_mixin.py:188} INFO - [2024-07-16T06:42:17.194+0000] {dag.py:3954} INFO - Setting next_dagrun for example_bash_operator to 2024-07-15 00:00:00+00:00, run_after=2024-07-16 00:00:00+00:00
[2024-07-16T06:42:17.205+0000] {processor.py:183} INFO - Processing /home/airflow/.local/lib/python3.12/site-packages/airflow/example_dags/example_bash_operator.py took 0.052 seconds
[2024-07-16T06:42:47.253+0000] {processor.py:161} INFO - Started process (PID=759) to work on /home/airflow/.local/lib/python3.12/site-packages/airflow/example_dags/example_bash_operator.py
[2024-07-16T06:42:47.254+0000] {processor.py:830} INFO - Processing file /home/airflow/.local/lib/python3.12/site-packages/airflow/example_dags/example_bash_operator.py for tasks to queue
[2024-07-16T06:42:47.255+0000] {logging_mixin.py:188} INFO - [2024-07-16T06:42:47.255+0000] {dagbag.py:545} INFO - Filling up the DagBag from /home/airflow/.local/lib/python3.12/site-packages/airflow/example_dags/example_bash_operator.py
[2024-07-16T06:42:47.261+0000] {processor.py:840} INFO - DAG(s) 'example_bash_operator' retrieved from /home/airflow/.local/lib/python3.12/site-packages/airflow/example_dags/example_bash_operator.py
[2024-07-16T06:42:47.280+0000] {logging_mixin.py:188} INFO - [2024-07-16T06:42:47.280+0000] {dag.py:3096} INFO - Sync 1 DAGs
[2024-07-16T06:42:47.297+0000] {logging_mixin.py:188} INFO - [2024-07-16T06:42:47.297+0000] {dag.py:3954} INFO - Setting next_dagrun for example_bash_operator to 2024-07-15 00:00:00+00:00, run_after=2024-07-16 00:00:00+00:00
[2024-07-16T06:42:47.310+0000] {processor.py:183} INFO - Processing /home/airflow/.local/lib/python3.12/site-packages/airflow/example_dags/example_bash_operator.py took 0.059 seconds
[2024-07-16T06:43:17.353+0000] {processor.py:161} INFO - Started process (PID=822) to work on /home/airflow/.local/lib/python3.12/site-packages/airflow/example_dags/example_bash_operator.py
[2024-07-16T06:43:17.354+0000] {processor.py:830} INFO - Processing file /home/airflow/.local/lib/python3.12/site-packages/airflow/example_dags/example_bash_operator.py for tasks to queue
[2024-07-16T06:43:17.355+0000] {logging_mixin.py:188} INFO - [2024-07-16T06:43:17.354+0000] {dagbag.py:545} INFO - Filling up the DagBag from /home/airflow/.local/lib/python3.12/site-packages/airflow/example_dags/example_bash_operator.py
[2024-07-16T06:43:17.360+0000] {processor.py:840} INFO - DAG(s) 'example_bash_operator' retrieved from /home/airflow/.local/lib/python3.12/site-packages/airflow/example_dags/example_bash_operator.py
[2024-07-16T06:43:17.376+0000] {logging_mixin.py:188} INFO - [2024-07-16T06:43:17.376+0000] {dag.py:3096} INFO - Sync 1 DAGs
[2024-07-16T06:43:17.388+0000] {logging_mixin.py:188} INFO - [2024-07-16T06:43:17.388+0000] {dag.py:3954} INFO - Setting next_dagrun for example_bash_operator to 2024-07-15 00:00:00+00:00, run_after=2024-07-16 00:00:00+00:00
[2024-07-16T06:43:17.399+0000] {processor.py:183} INFO - Processing /home/airflow/.local/lib/python3.12/site-packages/airflow/example_dags/example_bash_operator.py took 0.049 seconds
[2024-07-16T06:43:47.613+0000] {processor.py:161} INFO - Started process (PID=886) to work on /home/airflow/.local/lib/python3.12/site-packages/airflow/example_dags/example_bash_operator.py
[2024-07-16T06:43:47.614+0000] {processor.py:830} INFO - Processing file /home/airflow/.local/lib/python3.12/site-packages/airflow/example_dags/example_bash_operator.py for tasks to queue
[2024-07-16T06:43:47.615+0000] {logging_mixin.py:188} INFO - [2024-07-16T06:43:47.615+0000] {dagbag.py:545} INFO - Filling up the DagBag from /home/airflow/.local/lib/python3.12/site-packages/airflow/example_dags/example_bash_operator.py
[2024-07-16T06:43:47.621+0000] {processor.py:840} INFO - DAG(s) 'example_bash_operator' retrieved from /home/airflow/.local/lib/python3.12/site-packages/airflow/example_dags/example_bash_operator.py
[2024-07-16T06:43:47.639+0000] {logging_mixin.py:188} INFO - [2024-07-16T06:43:47.638+0000] {dag.py:3096} INFO - Sync 1 DAGs
[2024-07-16T06:43:47.657+0000] {logging_mixin.py:188} INFO - [2024-07-16T06:43:47.657+0000] {dag.py:3954} INFO - Setting next_dagrun for example_bash_operator to 2024-07-15 00:00:00+00:00, run_after=2024-07-16 00:00:00+00:00
[2024-07-16T06:43:47.670+0000] {processor.py:183} INFO - Processing /home/airflow/.local/lib/python3.12/site-packages/airflow/example_dags/example_bash_operator.py took 0.060 seconds
[2024-07-16T06:44:17.736+0000] {processor.py:161} INFO - Started process (PID=950) to work on /home/airflow/.local/lib/python3.12/site-packages/airflow/example_dags/example_bash_operator.py
[2024-07-16T06:44:17.737+0000] {processor.py:830} INFO - Processing file /home/airflow/.local/lib/python3.12/site-packages/airflow/example_dags/example_bash_operator.py for tasks to queue
[2024-07-16T06:44:17.738+0000] {logging_mixin.py:188} INFO - [2024-07-16T06:44:17.738+0000] {dagbag.py:545} INFO - Filling up the DagBag from /home/airflow/.local/lib/python3.12/site-packages/airflow/example_dags/example_bash_operator.py
[2024-07-16T06:44:17.743+0000] {processor.py:840} INFO - DAG(s) 'example_bash_operator' retrieved from /home/airflow/.local/lib/python3.12/site-packages/airflow/example_dags/example_bash_operator.py
[2024-07-16T06:44:17.761+0000] {logging_mixin.py:188} INFO - [2024-07-16T06:44:17.760+0000] {dag.py:3096} INFO - Sync 1 DAGs
[2024-07-16T06:44:17.776+0000] {logging_mixin.py:188} INFO - [2024-07-16T06:44:17.776+0000] {dag.py:3954} INFO - Setting next_dagrun for example_bash_operator to 2024-07-15 00:00:00+00:00, run_after=2024-07-16 00:00:00+00:00
[2024-07-16T06:44:17.786+0000] {processor.py:183} INFO - Processing /home/airflow/.local/lib/python3.12/site-packages/airflow/example_dags/example_bash_operator.py took 0.053 seconds
[2024-07-16T06:44:47.926+0000] {processor.py:161} INFO - Started process (PID=1014) to work on /home/airflow/.local/lib/python3.12/site-packages/airflow/example_dags/example_bash_operator.py
[2024-07-16T06:44:47.927+0000] {processor.py:830} INFO - Processing file /home/airflow/.local/lib/python3.12/site-packages/airflow/example_dags/example_bash_operator.py for tasks to queue
[2024-07-16T06:44:47.928+0000] {logging_mixin.py:188} INFO - [2024-07-16T06:44:47.928+0000] {dagbag.py:545} INFO - Filling up the DagBag from /home/airflow/.local/lib/python3.12/site-packages/airflow/example_dags/example_bash_operator.py
[2024-07-16T06:44:47.933+0000] {processor.py:840} INFO - DAG(s) 'example_bash_operator' retrieved from /home/airflow/.local/lib/python3.12/site-packages/airflow/example_dags/example_bash_operator.py
[2024-07-16T06:44:47.950+0000] {logging_mixin.py:188} INFO - [2024-07-16T06:44:47.950+0000] {dag.py:3096} INFO - Sync 1 DAGs
[2024-07-16T06:44:47.963+0000] {logging_mixin.py:188} INFO - [2024-07-16T06:44:47.962+0000] {dag.py:3954} INFO - Setting next_dagrun for example_bash_operator to 2024-07-15 00:00:00+00:00, run_after=2024-07-16 00:00:00+00:00
[2024-07-16T06:44:47.975+0000] {processor.py:183} INFO - Processing /home/airflow/.local/lib/python3.12/site-packages/airflow/example_dags/example_bash_operator.py took 0.051 seconds
[2024-07-16T06:45:18.044+0000] {processor.py:161} INFO - Started process (PID=1077) to work on /home/airflow/.local/lib/python3.12/site-packages/airflow/example_dags/example_bash_operator.py
[2024-07-16T06:45:18.045+0000] {processor.py:830} INFO - Processing file /home/airflow/.local/lib/python3.12/site-packages/airflow/example_dags/example_bash_operator.py for tasks to queue
[2024-07-16T06:45:18.046+0000] {logging_mixin.py:188} INFO - [2024-07-16T06:45:18.045+0000] {dagbag.py:545} INFO - Filling up the DagBag from /home/airflow/.local/lib/python3.12/site-packages/airflow/example_dags/example_bash_operator.py
[2024-07-16T06:45:18.051+0000] {processor.py:840} INFO - DAG(s) 'example_bash_operator' retrieved from /home/airflow/.local/lib/python3.12/site-packages/airflow/example_dags/example_bash_operator.py
[2024-07-16T06:45:18.069+0000] {logging_mixin.py:188} INFO - [2024-07-16T06:45:18.068+0000] {dag.py:3096} INFO - Sync 1 DAGs
[2024-07-16T06:45:18.081+0000] {logging_mixin.py:188} INFO - [2024-07-16T06:45:18.081+0000] {dag.py:3954} INFO - Setting next_dagrun for example_bash_operator to 2024-07-15 00:00:00+00:00, run_after=2024-07-16 00:00:00+00:00
[2024-07-16T06:45:18.093+0000] {processor.py:183} INFO - Processing /home/airflow/.local/lib/python3.12/site-packages/airflow/example_dags/example_bash_operator.py took 0.053 seconds
[2024-07-16T06:45:48.159+0000] {processor.py:161} INFO - Started process (PID=1140) to work on /home/airflow/.local/lib/python3.12/site-packages/airflow/example_dags/example_bash_operator.py
[2024-07-16T06:45:48.159+0000] {processor.py:830} INFO - Processing file /home/airflow/.local/lib/python3.12/site-packages/airflow/example_dags/example_bash_operator.py for tasks to queue
[2024-07-16T06:45:48.160+0000] {logging_mixin.py:188} INFO - [2024-07-16T06:45:48.160+0000] {dagbag.py:545} INFO - Filling up the DagBag from /home/airflow/.local/lib/python3.12/site-packages/airflow/example_dags/example_bash_operator.py
[2024-07-16T06:45:48.166+0000] {processor.py:840} INFO - DAG(s) 'example_bash_operator' retrieved from /home/airflow/.local/lib/python3.12/site-packages/airflow/example_dags/example_bash_operator.py
[2024-07-16T06:45:48.183+0000] {logging_mixin.py:188} INFO - [2024-07-16T06:45:48.183+0000] {dag.py:3096} INFO - Sync 1 DAGs
[2024-07-16T06:45:48.196+0000] {logging_mixin.py:188} INFO - [2024-07-16T06:45:48.196+0000] {dag.py:3954} INFO - Setting next_dagrun for example_bash_operator to 2024-07-15 00:00:00+00:00, run_after=2024-07-16 00:00:00+00:00
[2024-07-16T06:45:48.207+0000] {processor.py:183} INFO - Processing /home/airflow/.local/lib/python3.12/site-packages/airflow/example_dags/example_bash_operator.py took 0.052 seconds
[2024-07-16T06:46:18.476+0000] {processor.py:161} INFO - Started process (PID=1204) to work on /home/airflow/.local/lib/python3.12/site-packages/airflow/example_dags/example_bash_operator.py
[2024-07-16T06:46:18.477+0000] {processor.py:830} INFO - Processing file /home/airflow/.local/lib/python3.12/site-packages/airflow/example_dags/example_bash_operator.py for tasks to queue
[2024-07-16T06:46:18.478+0000] {logging_mixin.py:188} INFO - [2024-07-16T06:46:18.477+0000] {dagbag.py:545} INFO - Filling up the DagBag from /home/airflow/.local/lib/python3.12/site-packages/airflow/example_dags/example_bash_operator.py
[2024-07-16T06:46:18.485+0000] {processor.py:840} INFO - DAG(s) 'example_bash_operator' retrieved from /home/airflow/.local/lib/python3.12/site-packages/airflow/example_dags/example_bash_operator.py
[2024-07-16T06:46:18.506+0000] {logging_mixin.py:188} INFO - [2024-07-16T06:46:18.506+0000] {dag.py:3096} INFO - Sync 1 DAGs
[2024-07-16T06:46:18.533+0000] {logging_mixin.py:188} INFO - [2024-07-16T06:46:18.532+0000] {dag.py:3954} INFO - Setting next_dagrun for example_bash_operator to 2024-07-15 00:00:00+00:00, run_after=2024-07-16 00:00:00+00:00
[2024-07-16T06:46:18.558+0000] {processor.py:183} INFO - Processing /home/airflow/.local/lib/python3.12/site-packages/airflow/example_dags/example_bash_operator.py took 0.086 seconds
[2024-07-16T06:46:48.792+0000] {processor.py:161} INFO - Started process (PID=1268) to work on /home/airflow/.local/lib/python3.12/site-packages/airflow/example_dags/example_bash_operator.py
[2024-07-16T06:46:48.793+0000] {processor.py:830} INFO - Processing file /home/airflow/.local/lib/python3.12/site-packages/airflow/example_dags/example_bash_operator.py for tasks to queue
[2024-07-16T06:46:48.794+0000] {logging_mixin.py:188} INFO - [2024-07-16T06:46:48.794+0000] {dagbag.py:545} INFO - Filling up the DagBag from /home/airflow/.local/lib/python3.12/site-packages/airflow/example_dags/example_bash_operator.py
[2024-07-16T06:46:48.800+0000] {processor.py:840} INFO - DAG(s) 'example_bash_operator' retrieved from /home/airflow/.local/lib/python3.12/site-packages/airflow/example_dags/example_bash_operator.py
[2024-07-16T06:46:48.821+0000] {logging_mixin.py:188} INFO - [2024-07-16T06:46:48.821+0000] {dag.py:3096} INFO - Sync 1 DAGs
[2024-07-16T06:46:48.834+0000] {logging_mixin.py:188} INFO - [2024-07-16T06:46:48.834+0000] {dag.py:3954} INFO - Setting next_dagrun for example_bash_operator to 2024-07-15 00:00:00+00:00, run_after=2024-07-16 00:00:00+00:00
[2024-07-16T06:46:48.845+0000] {processor.py:183} INFO - Processing /home/airflow/.local/lib/python3.12/site-packages/airflow/example_dags/example_bash_operator.py took 0.056 seconds
[2024-07-16T06:47:19.498+0000] {processor.py:161} INFO - Started process (PID=1332) to work on /home/airflow/.local/lib/python3.12/site-packages/airflow/example_dags/example_bash_operator.py
[2024-07-16T06:47:19.499+0000] {processor.py:830} INFO - Processing file /home/airflow/.local/lib/python3.12/site-packages/airflow/example_dags/example_bash_operator.py for tasks to queue
[2024-07-16T06:47:19.500+0000] {logging_mixin.py:188} INFO - [2024-07-16T06:47:19.500+0000] {dagbag.py:545} INFO - Filling up the DagBag from /home/airflow/.local/lib/python3.12/site-packages/airflow/example_dags/example_bash_operator.py
[2024-07-16T06:47:19.506+0000] {processor.py:840} INFO - DAG(s) 'example_bash_operator' retrieved from /home/airflow/.local/lib/python3.12/site-packages/airflow/example_dags/example_bash_operator.py
[2024-07-16T06:47:19.526+0000] {logging_mixin.py:188} INFO - [2024-07-16T06:47:19.526+0000] {dag.py:3096} INFO - Sync 1 DAGs
[2024-07-16T06:47:19.541+0000] {logging_mixin.py:188} INFO - [2024-07-16T06:47:19.541+0000] {dag.py:3954} INFO - Setting next_dagrun for example_bash_operator to 2024-07-15 00:00:00+00:00, run_after=2024-07-16 00:00:00+00:00
[2024-07-16T06:47:19.551+0000] {processor.py:183} INFO - Processing /home/airflow/.local/lib/python3.12/site-packages/airflow/example_dags/example_bash_operator.py took 0.057 seconds
[2024-07-16T06:47:49.921+0000] {processor.py:161} INFO - Started process (PID=1396) to work on /home/airflow/.local/lib/python3.12/site-packages/airflow/example_dags/example_bash_operator.py
[2024-07-16T06:47:49.921+0000] {processor.py:830} INFO - Processing file /home/airflow/.local/lib/python3.12/site-packages/airflow/example_dags/example_bash_operator.py for tasks to queue
[2024-07-16T06:47:49.923+0000] {logging_mixin.py:188} INFO - [2024-07-16T06:47:49.922+0000] {dagbag.py:545} INFO - Filling up the DagBag from /home/airflow/.local/lib/python3.12/site-packages/airflow/example_dags/example_bash_operator.py
[2024-07-16T06:47:49.929+0000] {processor.py:840} INFO - DAG(s) 'example_bash_operator' retrieved from /home/airflow/.local/lib/python3.12/site-packages/airflow/example_dags/example_bash_operator.py
[2024-07-16T06:47:49.946+0000] {logging_mixin.py:188} INFO - [2024-07-16T06:47:49.946+0000] {dag.py:3096} INFO - Sync 1 DAGs
[2024-07-16T06:47:49.960+0000] {logging_mixin.py:188} INFO - [2024-07-16T06:47:49.960+0000] {dag.py:3954} INFO - Setting next_dagrun for example_bash_operator to 2024-07-15 00:00:00+00:00, run_after=2024-07-16 00:00:00+00:00
[2024-07-16T06:47:49.971+0000] {processor.py:183} INFO - Processing /home/airflow/.local/lib/python3.12/site-packages/airflow/example_dags/example_bash_operator.py took 0.054 seconds
[2024-07-16T06:48:20.220+0000] {processor.py:161} INFO - Started process (PID=1460) to work on /home/airflow/.local/lib/python3.12/site-packages/airflow/example_dags/example_bash_operator.py
[2024-07-16T06:48:20.221+0000] {processor.py:830} INFO - Processing file /home/airflow/.local/lib/python3.12/site-packages/airflow/example_dags/example_bash_operator.py for tasks to queue
[2024-07-16T06:48:20.222+0000] {logging_mixin.py:188} INFO - [2024-07-16T06:48:20.222+0000] {dagbag.py:545} INFO - Filling up the DagBag from /home/airflow/.local/lib/python3.12/site-packages/airflow/example_dags/example_bash_operator.py
[2024-07-16T06:48:20.228+0000] {processor.py:840} INFO - DAG(s) 'example_bash_operator' retrieved from /home/airflow/.local/lib/python3.12/site-packages/airflow/example_dags/example_bash_operator.py
[2024-07-16T06:48:20.247+0000] {logging_mixin.py:188} INFO - [2024-07-16T06:48:20.247+0000] {dag.py:3096} INFO - Sync 1 DAGs
[2024-07-16T06:48:20.261+0000] {logging_mixin.py:188} INFO - [2024-07-16T06:48:20.260+0000] {dag.py:3954} INFO - Setting next_dagrun for example_bash_operator to 2024-07-15 00:00:00+00:00, run_after=2024-07-16 00:00:00+00:00
[2024-07-16T06:48:20.273+0000] {processor.py:183} INFO - Processing /home/airflow/.local/lib/python3.12/site-packages/airflow/example_dags/example_bash_operator.py took 0.056 seconds
[2024-07-16T06:48:51.164+0000] {processor.py:161} INFO - Started process (PID=1524) to work on /home/airflow/.local/lib/python3.12/site-packages/airflow/example_dags/example_bash_operator.py
[2024-07-16T06:48:51.165+0000] {processor.py:830} INFO - Processing file /home/airflow/.local/lib/python3.12/site-packages/airflow/example_dags/example_bash_operator.py for tasks to queue
[2024-07-16T06:48:51.166+0000] {logging_mixin.py:188} INFO - [2024-07-16T06:48:51.166+0000] {dagbag.py:545} INFO - Filling up the DagBag from /home/airflow/.local/lib/python3.12/site-packages/airflow/example_dags/example_bash_operator.py
[2024-07-16T06:48:51.172+0000] {processor.py:840} INFO - DAG(s) 'example_bash_operator' retrieved from /home/airflow/.local/lib/python3.12/site-packages/airflow/example_dags/example_bash_operator.py
[2024-07-16T06:48:51.191+0000] {logging_mixin.py:188} INFO - [2024-07-16T06:48:51.190+0000] {dag.py:3096} INFO - Sync 1 DAGs
[2024-07-16T06:48:51.294+0000] {logging_mixin.py:188} INFO - [2024-07-16T06:48:51.294+0000] {dag.py:3954} INFO - Setting next_dagrun for example_bash_operator to 2024-07-15 00:00:00+00:00, run_after=2024-07-16 00:00:00+00:00
[2024-07-16T06:48:51.306+0000] {processor.py:183} INFO - Processing /home/airflow/.local/lib/python3.12/site-packages/airflow/example_dags/example_bash_operator.py took 0.145 seconds
[2024-07-16T06:49:21.942+0000] {processor.py:161} INFO - Started process (PID=1588) to work on /home/airflow/.local/lib/python3.12/site-packages/airflow/example_dags/example_bash_operator.py
[2024-07-16T06:49:21.943+0000] {processor.py:830} INFO - Processing file /home/airflow/.local/lib/python3.12/site-packages/airflow/example_dags/example_bash_operator.py for tasks to queue
[2024-07-16T06:49:21.945+0000] {logging_mixin.py:188} INFO - [2024-07-16T06:49:21.945+0000] {dagbag.py:545} INFO - Filling up the DagBag from /home/airflow/.local/lib/python3.12/site-packages/airflow/example_dags/example_bash_operator.py
[2024-07-16T06:49:21.955+0000] {processor.py:840} INFO - DAG(s) 'example_bash_operator' retrieved from /home/airflow/.local/lib/python3.12/site-packages/airflow/example_dags/example_bash_operator.py
[2024-07-16T06:49:21.973+0000] {logging_mixin.py:188} INFO - [2024-07-16T06:49:21.973+0000] {dag.py:3096} INFO - Sync 1 DAGs
[2024-07-16T06:49:21.987+0000] {logging_mixin.py:188} INFO - [2024-07-16T06:49:21.987+0000] {dag.py:3954} INFO - Setting next_dagrun for example_bash_operator to 2024-07-15 00:00:00+00:00, run_after=2024-07-16 00:00:00+00:00
[2024-07-16T06:49:22.086+0000] {processor.py:183} INFO - Processing /home/airflow/.local/lib/python3.12/site-packages/airflow/example_dags/example_bash_operator.py took 0.148 seconds
[2024-07-16T06:49:52.259+0000] {processor.py:161} INFO - Started process (PID=1652) to work on /home/airflow/.local/lib/python3.12/site-packages/airflow/example_dags/example_bash_operator.py
[2024-07-16T06:49:52.259+0000] {processor.py:830} INFO - Processing file /home/airflow/.local/lib/python3.12/site-packages/airflow/example_dags/example_bash_operator.py for tasks to queue
[2024-07-16T06:49:52.260+0000] {logging_mixin.py:188} INFO - [2024-07-16T06:49:52.260+0000] {dagbag.py:545} INFO - Filling up the DagBag from /home/airflow/.local/lib/python3.12/site-packages/airflow/example_dags/example_bash_operator.py
[2024-07-16T06:49:52.266+0000] {processor.py:840} INFO - DAG(s) 'example_bash_operator' retrieved from /home/airflow/.local/lib/python3.12/site-packages/airflow/example_dags/example_bash_operator.py
[2024-07-16T06:49:52.283+0000] {logging_mixin.py:188} INFO - [2024-07-16T06:49:52.283+0000] {dag.py:3096} INFO - Sync 1 DAGs
[2024-07-16T06:49:52.295+0000] {logging_mixin.py:188} INFO - [2024-07-16T06:49:52.295+0000] {dag.py:3954} INFO - Setting next_dagrun for example_bash_operator to 2024-07-15 00:00:00+00:00, run_after=2024-07-16 00:00:00+00:00
[2024-07-16T06:49:52.307+0000] {processor.py:183} INFO - Processing /home/airflow/.local/lib/python3.12/site-packages/airflow/example_dags/example_bash_operator.py took 0.051 seconds
[2024-07-16T06:50:22.635+0000] {processor.py:161} INFO - Started process (PID=1716) to work on /home/airflow/.local/lib/python3.12/site-packages/airflow/example_dags/example_bash_operator.py
[2024-07-16T06:50:22.636+0000] {processor.py:830} INFO - Processing file /home/airflow/.local/lib/python3.12/site-packages/airflow/example_dags/example_bash_operator.py for tasks to queue
[2024-07-16T06:50:22.637+0000] {logging_mixin.py:188} INFO - [2024-07-16T06:50:22.636+0000] {dagbag.py:545} INFO - Filling up the DagBag from /home/airflow/.local/lib/python3.12/site-packages/airflow/example_dags/example_bash_operator.py
[2024-07-16T06:50:22.642+0000] {processor.py:840} INFO - DAG(s) 'example_bash_operator' retrieved from /home/airflow/.local/lib/python3.12/site-packages/airflow/example_dags/example_bash_operator.py
[2024-07-16T06:50:22.660+0000] {logging_mixin.py:188} INFO - [2024-07-16T06:50:22.660+0000] {dag.py:3096} INFO - Sync 1 DAGs
[2024-07-16T06:50:22.680+0000] {logging_mixin.py:188} INFO - [2024-07-16T06:50:22.680+0000] {dag.py:3954} INFO - Setting next_dagrun for example_bash_operator to 2024-07-15 00:00:00+00:00, run_after=2024-07-16 00:00:00+00:00
[2024-07-16T06:50:22.694+0000] {processor.py:183} INFO - Processing /home/airflow/.local/lib/python3.12/site-packages/airflow/example_dags/example_bash_operator.py took 0.063 seconds
[2024-07-16T06:50:52.713+0000] {processor.py:161} INFO - Started process (PID=1780) to work on /home/airflow/.local/lib/python3.12/site-packages/airflow/example_dags/example_bash_operator.py
[2024-07-16T06:50:52.714+0000] {processor.py:830} INFO - Processing file /home/airflow/.local/lib/python3.12/site-packages/airflow/example_dags/example_bash_operator.py for tasks to queue
[2024-07-16T06:50:52.715+0000] {logging_mixin.py:188} INFO - [2024-07-16T06:50:52.715+0000] {dagbag.py:545} INFO - Filling up the DagBag from /home/airflow/.local/lib/python3.12/site-packages/airflow/example_dags/example_bash_operator.py
[2024-07-16T06:50:52.720+0000] {processor.py:840} INFO - DAG(s) 'example_bash_operator' retrieved from /home/airflow/.local/lib/python3.12/site-packages/airflow/example_dags/example_bash_operator.py
[2024-07-16T06:50:52.737+0000] {logging_mixin.py:188} INFO - [2024-07-16T06:50:52.737+0000] {dag.py:3096} INFO - Sync 1 DAGs
[2024-07-16T06:50:52.749+0000] {logging_mixin.py:188} INFO - [2024-07-16T06:50:52.749+0000] {dag.py:3954} INFO - Setting next_dagrun for example_bash_operator to 2024-07-15 00:00:00+00:00, run_after=2024-07-16 00:00:00+00:00
[2024-07-16T06:50:52.763+0000] {processor.py:183} INFO - Processing /home/airflow/.local/lib/python3.12/site-packages/airflow/example_dags/example_bash_operator.py took 0.052 seconds
[2024-07-16T06:51:22.824+0000] {processor.py:161} INFO - Started process (PID=1844) to work on /home/airflow/.local/lib/python3.12/site-packages/airflow/example_dags/example_bash_operator.py
[2024-07-16T06:51:22.825+0000] {processor.py:830} INFO - Processing file /home/airflow/.local/lib/python3.12/site-packages/airflow/example_dags/example_bash_operator.py for tasks to queue
[2024-07-16T06:51:22.826+0000] {logging_mixin.py:188} INFO - [2024-07-16T06:51:22.826+0000] {dagbag.py:545} INFO - Filling up the DagBag from /home/airflow/.local/lib/python3.12/site-packages/airflow/example_dags/example_bash_operator.py
[2024-07-16T06:51:22.832+0000] {processor.py:840} INFO - DAG(s) 'example_bash_operator' retrieved from /home/airflow/.local/lib/python3.12/site-packages/airflow/example_dags/example_bash_operator.py
[2024-07-16T06:51:22.849+0000] {logging_mixin.py:188} INFO - [2024-07-16T06:51:22.849+0000] {dag.py:3096} INFO - Sync 1 DAGs
[2024-07-16T06:51:22.862+0000] {logging_mixin.py:188} INFO - [2024-07-16T06:51:22.861+0000] {dag.py:3954} INFO - Setting next_dagrun for example_bash_operator to 2024-07-15 00:00:00+00:00, run_after=2024-07-16 00:00:00+00:00
[2024-07-16T06:51:22.872+0000] {processor.py:183} INFO - Processing /home/airflow/.local/lib/python3.12/site-packages/airflow/example_dags/example_bash_operator.py took 0.051 seconds
[2024-07-16T06:51:53.055+0000] {processor.py:161} INFO - Started process (PID=1908) to work on /home/airflow/.local/lib/python3.12/site-packages/airflow/example_dags/example_bash_operator.py
[2024-07-16T06:51:53.056+0000] {processor.py:830} INFO - Processing file /home/airflow/.local/lib/python3.12/site-packages/airflow/example_dags/example_bash_operator.py for tasks to queue
[2024-07-16T06:51:53.057+0000] {logging_mixin.py:188} INFO - [2024-07-16T06:51:53.057+0000] {dagbag.py:545} INFO - Filling up the DagBag from /home/airflow/.local/lib/python3.12/site-packages/airflow/example_dags/example_bash_operator.py
[2024-07-16T06:51:53.062+0000] {processor.py:840} INFO - DAG(s) 'example_bash_operator' retrieved from /home/airflow/.local/lib/python3.12/site-packages/airflow/example_dags/example_bash_operator.py
[2024-07-16T06:51:53.080+0000] {logging_mixin.py:188} INFO - [2024-07-16T06:51:53.080+0000] {dag.py:3096} INFO - Sync 1 DAGs
[2024-07-16T06:51:53.093+0000] {logging_mixin.py:188} INFO - [2024-07-16T06:51:53.093+0000] {dag.py:3954} INFO - Setting next_dagrun for example_bash_operator to 2024-07-15 00:00:00+00:00, run_after=2024-07-16 00:00:00+00:00
[2024-07-16T06:51:53.102+0000] {processor.py:183} INFO - Processing /home/airflow/.local/lib/python3.12/site-packages/airflow/example_dags/example_bash_operator.py took 0.050 seconds
[2024-07-16T06:52:23.243+0000] {processor.py:161} INFO - Started process (PID=1972) to work on /home/airflow/.local/lib/python3.12/site-packages/airflow/example_dags/example_bash_operator.py
[2024-07-16T06:52:23.244+0000] {processor.py:830} INFO - Processing file /home/airflow/.local/lib/python3.12/site-packages/airflow/example_dags/example_bash_operator.py for tasks to queue
[2024-07-16T06:52:23.245+0000] {logging_mixin.py:188} INFO - [2024-07-16T06:52:23.245+0000] {dagbag.py:545} INFO - Filling up the DagBag from /home/airflow/.local/lib/python3.12/site-packages/airflow/example_dags/example_bash_operator.py
[2024-07-16T06:52:23.251+0000] {processor.py:840} INFO - DAG(s) 'example_bash_operator' retrieved from /home/airflow/.local/lib/python3.12/site-packages/airflow/example_dags/example_bash_operator.py
[2024-07-16T06:52:23.268+0000] {logging_mixin.py:188} INFO - [2024-07-16T06:52:23.268+0000] {dag.py:3096} INFO - Sync 1 DAGs
[2024-07-16T06:52:23.282+0000] {logging_mixin.py:188} INFO - [2024-07-16T06:52:23.281+0000] {dag.py:3954} INFO - Setting next_dagrun for example_bash_operator to 2024-07-15 00:00:00+00:00, run_after=2024-07-16 00:00:00+00:00
[2024-07-16T06:52:23.292+0000] {processor.py:183} INFO - Processing /home/airflow/.local/lib/python3.12/site-packages/airflow/example_dags/example_bash_operator.py took 0.051 seconds
[2024-07-16T06:52:53.423+0000] {processor.py:161} INFO - Started process (PID=2036) to work on /home/airflow/.local/lib/python3.12/site-packages/airflow/example_dags/example_bash_operator.py
[2024-07-16T06:52:53.424+0000] {processor.py:830} INFO - Processing file /home/airflow/.local/lib/python3.12/site-packages/airflow/example_dags/example_bash_operator.py for tasks to queue
[2024-07-16T06:52:53.425+0000] {logging_mixin.py:188} INFO - [2024-07-16T06:52:53.425+0000] {dagbag.py:545} INFO - Filling up the DagBag from /home/airflow/.local/lib/python3.12/site-packages/airflow/example_dags/example_bash_operator.py
[2024-07-16T06:52:53.430+0000] {processor.py:840} INFO - DAG(s) 'example_bash_operator' retrieved from /home/airflow/.local/lib/python3.12/site-packages/airflow/example_dags/example_bash_operator.py
[2024-07-16T06:52:53.447+0000] {logging_mixin.py:188} INFO - [2024-07-16T06:52:53.447+0000] {dag.py:3096} INFO - Sync 1 DAGs
[2024-07-16T06:52:53.463+0000] {logging_mixin.py:188} INFO - [2024-07-16T06:52:53.462+0000] {dag.py:3954} INFO - Setting next_dagrun for example_bash_operator to 2024-07-15 00:00:00+00:00, run_after=2024-07-16 00:00:00+00:00
[2024-07-16T06:52:53.477+0000] {processor.py:183} INFO - Processing /home/airflow/.local/lib/python3.12/site-packages/airflow/example_dags/example_bash_operator.py took 0.057 seconds
[2024-07-16T06:53:23.641+0000] {processor.py:161} INFO - Started process (PID=2100) to work on /home/airflow/.local/lib/python3.12/site-packages/airflow/example_dags/example_bash_operator.py
[2024-07-16T06:53:23.642+0000] {processor.py:830} INFO - Processing file /home/airflow/.local/lib/python3.12/site-packages/airflow/example_dags/example_bash_operator.py for tasks to queue
[2024-07-16T06:53:23.644+0000] {logging_mixin.py:188} INFO - [2024-07-16T06:53:23.643+0000] {dagbag.py:545} INFO - Filling up the DagBag from /home/airflow/.local/lib/python3.12/site-packages/airflow/example_dags/example_bash_operator.py
[2024-07-16T06:53:23.650+0000] {processor.py:840} INFO - DAG(s) 'example_bash_operator' retrieved from /home/airflow/.local/lib/python3.12/site-packages/airflow/example_dags/example_bash_operator.py
[2024-07-16T06:53:23.669+0000] {logging_mixin.py:188} INFO - [2024-07-16T06:53:23.669+0000] {dag.py:3096} INFO - Sync 1 DAGs
[2024-07-16T06:53:23.684+0000] {logging_mixin.py:188} INFO - [2024-07-16T06:53:23.684+0000] {dag.py:3954} INFO - Setting next_dagrun for example_bash_operator to 2024-07-15 00:00:00+00:00, run_after=2024-07-16 00:00:00+00:00
[2024-07-16T06:53:23.697+0000] {processor.py:183} INFO - Processing /home/airflow/.local/lib/python3.12/site-packages/airflow/example_dags/example_bash_operator.py took 0.059 seconds
[2024-07-16T06:53:53.866+0000] {processor.py:161} INFO - Started process (PID=2164) to work on /home/airflow/.local/lib/python3.12/site-packages/airflow/example_dags/example_bash_operator.py
[2024-07-16T06:53:53.867+0000] {processor.py:830} INFO - Processing file /home/airflow/.local/lib/python3.12/site-packages/airflow/example_dags/example_bash_operator.py for tasks to queue
[2024-07-16T06:53:53.868+0000] {logging_mixin.py:188} INFO - [2024-07-16T06:53:53.868+0000] {dagbag.py:545} INFO - Filling up the DagBag from /home/airflow/.local/lib/python3.12/site-packages/airflow/example_dags/example_bash_operator.py
[2024-07-16T06:53:53.874+0000] {processor.py:840} INFO - DAG(s) 'example_bash_operator' retrieved from /home/airflow/.local/lib/python3.12/site-packages/airflow/example_dags/example_bash_operator.py
[2024-07-16T06:53:53.891+0000] {logging_mixin.py:188} INFO - [2024-07-16T06:53:53.891+0000] {dag.py:3096} INFO - Sync 1 DAGs
[2024-07-16T06:53:53.905+0000] {logging_mixin.py:188} INFO - [2024-07-16T06:53:53.905+0000] {dag.py:3954} INFO - Setting next_dagrun for example_bash_operator to 2024-07-15 00:00:00+00:00, run_after=2024-07-16 00:00:00+00:00
[2024-07-16T06:53:53.915+0000] {processor.py:183} INFO - Processing /home/airflow/.local/lib/python3.12/site-packages/airflow/example_dags/example_bash_operator.py took 0.051 seconds
[2024-07-16T06:54:23.987+0000] {processor.py:161} INFO - Started process (PID=2228) to work on /home/airflow/.local/lib/python3.12/site-packages/airflow/example_dags/example_bash_operator.py
[2024-07-16T06:54:23.987+0000] {processor.py:830} INFO - Processing file /home/airflow/.local/lib/python3.12/site-packages/airflow/example_dags/example_bash_operator.py for tasks to queue
[2024-07-16T06:54:23.988+0000] {logging_mixin.py:188} INFO - [2024-07-16T06:54:23.988+0000] {dagbag.py:545} INFO - Filling up the DagBag from /home/airflow/.local/lib/python3.12/site-packages/airflow/example_dags/example_bash_operator.py
[2024-07-16T06:54:23.993+0000] {processor.py:840} INFO - DAG(s) 'example_bash_operator' retrieved from /home/airflow/.local/lib/python3.12/site-packages/airflow/example_dags/example_bash_operator.py
[2024-07-16T06:54:24.011+0000] {logging_mixin.py:188} INFO - [2024-07-16T06:54:24.011+0000] {dag.py:3096} INFO - Sync 1 DAGs
[2024-07-16T06:54:24.025+0000] {logging_mixin.py:188} INFO - [2024-07-16T06:54:24.025+0000] {dag.py:3954} INFO - Setting next_dagrun for example_bash_operator to 2024-07-15 00:00:00+00:00, run_after=2024-07-16 00:00:00+00:00
[2024-07-16T06:54:24.038+0000] {processor.py:183} INFO - Processing /home/airflow/.local/lib/python3.12/site-packages/airflow/example_dags/example_bash_operator.py took 0.054 seconds
[2024-07-16T06:54:54.116+0000] {processor.py:161} INFO - Started process (PID=2291) to work on /home/airflow/.local/lib/python3.12/site-packages/airflow/example_dags/example_bash_operator.py
[2024-07-16T06:54:54.117+0000] {processor.py:830} INFO - Processing file /home/airflow/.local/lib/python3.12/site-packages/airflow/example_dags/example_bash_operator.py for tasks to queue
[2024-07-16T06:54:54.118+0000] {logging_mixin.py:188} INFO - [2024-07-16T06:54:54.117+0000] {dagbag.py:545} INFO - Filling up the DagBag from /home/airflow/.local/lib/python3.12/site-packages/airflow/example_dags/example_bash_operator.py
[2024-07-16T06:54:54.124+0000] {processor.py:840} INFO - DAG(s) 'example_bash_operator' retrieved from /home/airflow/.local/lib/python3.12/site-packages/airflow/example_dags/example_bash_operator.py
[2024-07-16T06:54:54.153+0000] {logging_mixin.py:188} INFO - [2024-07-16T06:54:54.153+0000] {dag.py:3096} INFO - Sync 1 DAGs
[2024-07-16T06:54:54.170+0000] {logging_mixin.py:188} INFO - [2024-07-16T06:54:54.170+0000] {dag.py:3954} INFO - Setting next_dagrun for example_bash_operator to 2024-07-15 00:00:00+00:00, run_after=2024-07-16 00:00:00+00:00
[2024-07-16T06:54:54.183+0000] {processor.py:183} INFO - Processing /home/airflow/.local/lib/python3.12/site-packages/airflow/example_dags/example_bash_operator.py took 0.069 seconds
[2024-07-16T06:55:24.458+0000] {processor.py:161} INFO - Started process (PID=2355) to work on /home/airflow/.local/lib/python3.12/site-packages/airflow/example_dags/example_bash_operator.py
[2024-07-16T06:55:24.459+0000] {processor.py:830} INFO - Processing file /home/airflow/.local/lib/python3.12/site-packages/airflow/example_dags/example_bash_operator.py for tasks to queue
[2024-07-16T06:55:24.461+0000] {logging_mixin.py:188} INFO - [2024-07-16T06:55:24.460+0000] {dagbag.py:545} INFO - Filling up the DagBag from /home/airflow/.local/lib/python3.12/site-packages/airflow/example_dags/example_bash_operator.py
[2024-07-16T06:55:24.467+0000] {processor.py:840} INFO - DAG(s) 'example_bash_operator' retrieved from /home/airflow/.local/lib/python3.12/site-packages/airflow/example_dags/example_bash_operator.py
[2024-07-16T06:55:24.491+0000] {logging_mixin.py:188} INFO - [2024-07-16T06:55:24.491+0000] {dag.py:3096} INFO - Sync 1 DAGs
[2024-07-16T06:55:24.506+0000] {logging_mixin.py:188} INFO - [2024-07-16T06:55:24.506+0000] {dag.py:3954} INFO - Setting next_dagrun for example_bash_operator to 2024-07-15 00:00:00+00:00, run_after=2024-07-16 00:00:00+00:00
[2024-07-16T06:55:24.518+0000] {processor.py:183} INFO - Processing /home/airflow/.local/lib/python3.12/site-packages/airflow/example_dags/example_bash_operator.py took 0.063 seconds
[2024-07-16T06:55:54.677+0000] {processor.py:161} INFO - Started process (PID=2419) to work on /home/airflow/.local/lib/python3.12/site-packages/airflow/example_dags/example_bash_operator.py
[2024-07-16T06:55:54.678+0000] {processor.py:830} INFO - Processing file /home/airflow/.local/lib/python3.12/site-packages/airflow/example_dags/example_bash_operator.py for tasks to queue
[2024-07-16T06:55:54.679+0000] {logging_mixin.py:188} INFO - [2024-07-16T06:55:54.679+0000] {dagbag.py:545} INFO - Filling up the DagBag from /home/airflow/.local/lib/python3.12/site-packages/airflow/example_dags/example_bash_operator.py
[2024-07-16T06:55:54.684+0000] {processor.py:840} INFO - DAG(s) 'example_bash_operator' retrieved from /home/airflow/.local/lib/python3.12/site-packages/airflow/example_dags/example_bash_operator.py
[2024-07-16T06:55:54.701+0000] {logging_mixin.py:188} INFO - [2024-07-16T06:55:54.700+0000] {dag.py:3096} INFO - Sync 1 DAGs
[2024-07-16T06:55:54.713+0000] {logging_mixin.py:188} INFO - [2024-07-16T06:55:54.713+0000] {dag.py:3954} INFO - Setting next_dagrun for example_bash_operator to 2024-07-15 00:00:00+00:00, run_after=2024-07-16 00:00:00+00:00
[2024-07-16T06:55:54.722+0000] {processor.py:183} INFO - Processing /home/airflow/.local/lib/python3.12/site-packages/airflow/example_dags/example_bash_operator.py took 0.048 seconds
