[2024-07-16T06:24:07.741+0000] {processor.py:161} INFO - Started process (PID=69) to work on /home/airflow/.local/lib/python3.12/site-packages/airflow/example_dags/tutorial.py
[2024-07-16T06:24:07.742+0000] {processor.py:830} INFO - Processing file /home/airflow/.local/lib/python3.12/site-packages/airflow/example_dags/tutorial.py for tasks to queue
[2024-07-16T06:24:07.743+0000] {logging_mixin.py:188} INFO - [2024-07-16T06:24:07.743+0000] {dagbag.py:545} INFO - Filling up the DagBag from /home/airflow/.local/lib/python3.12/site-packages/airflow/example_dags/tutorial.py
[2024-07-16T06:24:07.748+0000] {processor.py:840} INFO - DAG(s) 'tutorial' retrieved from /home/airflow/.local/lib/python3.12/site-packages/airflow/example_dags/tutorial.py
[2024-07-16T06:24:07.765+0000] {logging_mixin.py:188} INFO - [2024-07-16T06:24:07.765+0000] {dag.py:3096} INFO - Sync 1 DAGs
[2024-07-16T06:24:07.782+0000] {logging_mixin.py:188} INFO - [2024-07-16T06:24:07.782+0000] {dag.py:3954} INFO - Setting next_dagrun for tutorial to 2024-07-15 00:00:00+00:00, run_after=2024-07-16 00:00:00+00:00
[2024-07-16T06:24:07.794+0000] {processor.py:183} INFO - Processing /home/airflow/.local/lib/python3.12/site-packages/airflow/example_dags/tutorial.py took 0.059 seconds
[2024-07-16T06:24:37.839+0000] {processor.py:161} INFO - Started process (PID=132) to work on /home/airflow/.local/lib/python3.12/site-packages/airflow/example_dags/tutorial.py
[2024-07-16T06:24:37.840+0000] {processor.py:830} INFO - Processing file /home/airflow/.local/lib/python3.12/site-packages/airflow/example_dags/tutorial.py for tasks to queue
[2024-07-16T06:24:37.841+0000] {logging_mixin.py:188} INFO - [2024-07-16T06:24:37.841+0000] {dagbag.py:545} INFO - Filling up the DagBag from /home/airflow/.local/lib/python3.12/site-packages/airflow/example_dags/tutorial.py
[2024-07-16T06:24:37.844+0000] {processor.py:840} INFO - DAG(s) 'tutorial' retrieved from /home/airflow/.local/lib/python3.12/site-packages/airflow/example_dags/tutorial.py
[2024-07-16T06:24:37.855+0000] {logging_mixin.py:188} INFO - [2024-07-16T06:24:37.855+0000] {dag.py:3096} INFO - Sync 1 DAGs
[2024-07-16T06:24:37.864+0000] {logging_mixin.py:188} INFO - [2024-07-16T06:24:37.864+0000] {dag.py:3954} INFO - Setting next_dagrun for tutorial to 2024-07-15 00:00:00+00:00, run_after=2024-07-16 00:00:00+00:00
[2024-07-16T06:24:37.873+0000] {processor.py:183} INFO - Processing /home/airflow/.local/lib/python3.12/site-packages/airflow/example_dags/tutorial.py took 0.037 seconds
[2024-07-16T06:29:31.537+0000] {processor.py:161} INFO - Started process (PID=70) to work on /home/airflow/.local/lib/python3.12/site-packages/airflow/example_dags/tutorial.py
[2024-07-16T06:29:31.538+0000] {processor.py:830} INFO - Processing file /home/airflow/.local/lib/python3.12/site-packages/airflow/example_dags/tutorial.py for tasks to queue
[2024-07-16T06:29:31.539+0000] {logging_mixin.py:188} INFO - [2024-07-16T06:29:31.539+0000] {dagbag.py:545} INFO - Filling up the DagBag from /home/airflow/.local/lib/python3.12/site-packages/airflow/example_dags/tutorial.py
[2024-07-16T06:29:31.543+0000] {processor.py:840} INFO - DAG(s) 'tutorial' retrieved from /home/airflow/.local/lib/python3.12/site-packages/airflow/example_dags/tutorial.py
[2024-07-16T06:29:31.553+0000] {logging_mixin.py:188} INFO - [2024-07-16T06:29:31.553+0000] {dag.py:3096} INFO - Sync 1 DAGs
[2024-07-16T06:29:31.566+0000] {logging_mixin.py:188} INFO - [2024-07-16T06:29:31.566+0000] {dag.py:3954} INFO - Setting next_dagrun for tutorial to 2024-07-15 00:00:00+00:00, run_after=2024-07-16 00:00:00+00:00
[2024-07-16T06:29:31.577+0000] {processor.py:183} INFO - Processing /home/airflow/.local/lib/python3.12/site-packages/airflow/example_dags/tutorial.py took 0.043 seconds
[2024-07-16T06:30:02.254+0000] {processor.py:161} INFO - Started process (PID=134) to work on /home/airflow/.local/lib/python3.12/site-packages/airflow/example_dags/tutorial.py
[2024-07-16T06:30:02.255+0000] {processor.py:830} INFO - Processing file /home/airflow/.local/lib/python3.12/site-packages/airflow/example_dags/tutorial.py for tasks to queue
[2024-07-16T06:30:02.256+0000] {logging_mixin.py:188} INFO - [2024-07-16T06:30:02.255+0000] {dagbag.py:545} INFO - Filling up the DagBag from /home/airflow/.local/lib/python3.12/site-packages/airflow/example_dags/tutorial.py
[2024-07-16T06:30:02.259+0000] {processor.py:840} INFO - DAG(s) 'tutorial' retrieved from /home/airflow/.local/lib/python3.12/site-packages/airflow/example_dags/tutorial.py
[2024-07-16T06:30:02.312+0000] {logging_mixin.py:188} INFO - [2024-07-16T06:30:02.312+0000] {dag.py:3096} INFO - Sync 1 DAGs
[2024-07-16T06:30:02.322+0000] {logging_mixin.py:188} INFO - [2024-07-16T06:30:02.322+0000] {dag.py:3954} INFO - Setting next_dagrun for tutorial to 2024-07-15 00:00:00+00:00, run_after=2024-07-16 00:00:00+00:00
[2024-07-16T06:30:02.334+0000] {processor.py:183} INFO - Processing /home/airflow/.local/lib/python3.12/site-packages/airflow/example_dags/tutorial.py took 0.083 seconds
[2024-07-16T06:30:32.711+0000] {processor.py:161} INFO - Started process (PID=198) to work on /home/airflow/.local/lib/python3.12/site-packages/airflow/example_dags/tutorial.py
[2024-07-16T06:30:32.712+0000] {processor.py:830} INFO - Processing file /home/airflow/.local/lib/python3.12/site-packages/airflow/example_dags/tutorial.py for tasks to queue
[2024-07-16T06:30:32.713+0000] {logging_mixin.py:188} INFO - [2024-07-16T06:30:32.713+0000] {dagbag.py:545} INFO - Filling up the DagBag from /home/airflow/.local/lib/python3.12/site-packages/airflow/example_dags/tutorial.py
[2024-07-16T06:30:32.716+0000] {processor.py:840} INFO - DAG(s) 'tutorial' retrieved from /home/airflow/.local/lib/python3.12/site-packages/airflow/example_dags/tutorial.py
[2024-07-16T06:30:32.730+0000] {logging_mixin.py:188} INFO - [2024-07-16T06:30:32.730+0000] {dag.py:3096} INFO - Sync 1 DAGs
[2024-07-16T06:30:32.742+0000] {logging_mixin.py:188} INFO - [2024-07-16T06:30:32.742+0000] {dag.py:3954} INFO - Setting next_dagrun for tutorial to 2024-07-15 00:00:00+00:00, run_after=2024-07-16 00:00:00+00:00
[2024-07-16T06:30:32.752+0000] {processor.py:183} INFO - Processing /home/airflow/.local/lib/python3.12/site-packages/airflow/example_dags/tutorial.py took 0.045 seconds
[2024-07-16T06:31:03.080+0000] {processor.py:161} INFO - Started process (PID=261) to work on /home/airflow/.local/lib/python3.12/site-packages/airflow/example_dags/tutorial.py
[2024-07-16T06:31:03.080+0000] {processor.py:830} INFO - Processing file /home/airflow/.local/lib/python3.12/site-packages/airflow/example_dags/tutorial.py for tasks to queue
[2024-07-16T06:31:03.082+0000] {logging_mixin.py:188} INFO - [2024-07-16T06:31:03.081+0000] {dagbag.py:545} INFO - Filling up the DagBag from /home/airflow/.local/lib/python3.12/site-packages/airflow/example_dags/tutorial.py
[2024-07-16T06:31:03.085+0000] {processor.py:840} INFO - DAG(s) 'tutorial' retrieved from /home/airflow/.local/lib/python3.12/site-packages/airflow/example_dags/tutorial.py
[2024-07-16T06:31:03.100+0000] {logging_mixin.py:188} INFO - [2024-07-16T06:31:03.100+0000] {dag.py:3096} INFO - Sync 1 DAGs
[2024-07-16T06:31:03.114+0000] {logging_mixin.py:188} INFO - [2024-07-16T06:31:03.114+0000] {dag.py:3954} INFO - Setting next_dagrun for tutorial to 2024-07-15 00:00:00+00:00, run_after=2024-07-16 00:00:00+00:00
[2024-07-16T06:31:03.125+0000] {processor.py:183} INFO - Processing /home/airflow/.local/lib/python3.12/site-packages/airflow/example_dags/tutorial.py took 0.048 seconds
[2024-07-16T06:31:33.221+0000] {processor.py:161} INFO - Started process (PID=325) to work on /home/airflow/.local/lib/python3.12/site-packages/airflow/example_dags/tutorial.py
[2024-07-16T06:31:33.221+0000] {processor.py:830} INFO - Processing file /home/airflow/.local/lib/python3.12/site-packages/airflow/example_dags/tutorial.py for tasks to queue
[2024-07-16T06:31:33.223+0000] {logging_mixin.py:188} INFO - [2024-07-16T06:31:33.222+0000] {dagbag.py:545} INFO - Filling up the DagBag from /home/airflow/.local/lib/python3.12/site-packages/airflow/example_dags/tutorial.py
[2024-07-16T06:31:33.226+0000] {processor.py:840} INFO - DAG(s) 'tutorial' retrieved from /home/airflow/.local/lib/python3.12/site-packages/airflow/example_dags/tutorial.py
[2024-07-16T06:31:33.241+0000] {logging_mixin.py:188} INFO - [2024-07-16T06:31:33.241+0000] {dag.py:3096} INFO - Sync 1 DAGs
[2024-07-16T06:31:33.258+0000] {logging_mixin.py:188} INFO - [2024-07-16T06:31:33.258+0000] {dag.py:3954} INFO - Setting next_dagrun for tutorial to 2024-07-15 00:00:00+00:00, run_after=2024-07-16 00:00:00+00:00
[2024-07-16T06:31:33.269+0000] {processor.py:183} INFO - Processing /home/airflow/.local/lib/python3.12/site-packages/airflow/example_dags/tutorial.py took 0.051 seconds
[2024-07-16T06:32:04.313+0000] {processor.py:161} INFO - Started process (PID=388) to work on /home/airflow/.local/lib/python3.12/site-packages/airflow/example_dags/tutorial.py
[2024-07-16T06:32:04.313+0000] {processor.py:830} INFO - Processing file /home/airflow/.local/lib/python3.12/site-packages/airflow/example_dags/tutorial.py for tasks to queue
[2024-07-16T06:32:04.314+0000] {logging_mixin.py:188} INFO - [2024-07-16T06:32:04.314+0000] {dagbag.py:545} INFO - Filling up the DagBag from /home/airflow/.local/lib/python3.12/site-packages/airflow/example_dags/tutorial.py
[2024-07-16T06:32:04.317+0000] {processor.py:840} INFO - DAG(s) 'tutorial' retrieved from /home/airflow/.local/lib/python3.12/site-packages/airflow/example_dags/tutorial.py
[2024-07-16T06:32:04.332+0000] {logging_mixin.py:188} INFO - [2024-07-16T06:32:04.332+0000] {dag.py:3096} INFO - Sync 1 DAGs
[2024-07-16T06:32:04.346+0000] {logging_mixin.py:188} INFO - [2024-07-16T06:32:04.346+0000] {dag.py:3954} INFO - Setting next_dagrun for tutorial to 2024-07-15 00:00:00+00:00, run_after=2024-07-16 00:00:00+00:00
[2024-07-16T06:32:04.356+0000] {processor.py:183} INFO - Processing /home/airflow/.local/lib/python3.12/site-packages/airflow/example_dags/tutorial.py took 0.047 seconds
[2024-07-16T06:32:34.474+0000] {processor.py:161} INFO - Started process (PID=452) to work on /home/airflow/.local/lib/python3.12/site-packages/airflow/example_dags/tutorial.py
[2024-07-16T06:32:34.474+0000] {processor.py:830} INFO - Processing file /home/airflow/.local/lib/python3.12/site-packages/airflow/example_dags/tutorial.py for tasks to queue
[2024-07-16T06:32:34.475+0000] {logging_mixin.py:188} INFO - [2024-07-16T06:32:34.475+0000] {dagbag.py:545} INFO - Filling up the DagBag from /home/airflow/.local/lib/python3.12/site-packages/airflow/example_dags/tutorial.py
[2024-07-16T06:32:34.479+0000] {processor.py:840} INFO - DAG(s) 'tutorial' retrieved from /home/airflow/.local/lib/python3.12/site-packages/airflow/example_dags/tutorial.py
[2024-07-16T06:32:34.495+0000] {logging_mixin.py:188} INFO - [2024-07-16T06:32:34.494+0000] {dag.py:3096} INFO - Sync 1 DAGs
[2024-07-16T06:32:34.508+0000] {logging_mixin.py:188} INFO - [2024-07-16T06:32:34.508+0000] {dag.py:3954} INFO - Setting next_dagrun for tutorial to 2024-07-15 00:00:00+00:00, run_after=2024-07-16 00:00:00+00:00
[2024-07-16T06:32:34.519+0000] {processor.py:183} INFO - Processing /home/airflow/.local/lib/python3.12/site-packages/airflow/example_dags/tutorial.py took 0.048 seconds
[2024-07-16T06:33:04.680+0000] {processor.py:161} INFO - Started process (PID=516) to work on /home/airflow/.local/lib/python3.12/site-packages/airflow/example_dags/tutorial.py
[2024-07-16T06:33:04.681+0000] {processor.py:830} INFO - Processing file /home/airflow/.local/lib/python3.12/site-packages/airflow/example_dags/tutorial.py for tasks to queue
[2024-07-16T06:33:04.682+0000] {logging_mixin.py:188} INFO - [2024-07-16T06:33:04.682+0000] {dagbag.py:545} INFO - Filling up the DagBag from /home/airflow/.local/lib/python3.12/site-packages/airflow/example_dags/tutorial.py
[2024-07-16T06:33:04.685+0000] {processor.py:840} INFO - DAG(s) 'tutorial' retrieved from /home/airflow/.local/lib/python3.12/site-packages/airflow/example_dags/tutorial.py
[2024-07-16T06:33:04.699+0000] {logging_mixin.py:188} INFO - [2024-07-16T06:33:04.699+0000] {dag.py:3096} INFO - Sync 1 DAGs
[2024-07-16T06:33:04.711+0000] {logging_mixin.py:188} INFO - [2024-07-16T06:33:04.711+0000] {dag.py:3954} INFO - Setting next_dagrun for tutorial to 2024-07-15 00:00:00+00:00, run_after=2024-07-16 00:00:00+00:00
[2024-07-16T06:33:04.721+0000] {processor.py:183} INFO - Processing /home/airflow/.local/lib/python3.12/site-packages/airflow/example_dags/tutorial.py took 0.043 seconds
[2024-07-16T06:33:34.768+0000] {processor.py:161} INFO - Started process (PID=580) to work on /home/airflow/.local/lib/python3.12/site-packages/airflow/example_dags/tutorial.py
[2024-07-16T06:33:34.769+0000] {processor.py:830} INFO - Processing file /home/airflow/.local/lib/python3.12/site-packages/airflow/example_dags/tutorial.py for tasks to queue
[2024-07-16T06:33:34.770+0000] {logging_mixin.py:188} INFO - [2024-07-16T06:33:34.770+0000] {dagbag.py:545} INFO - Filling up the DagBag from /home/airflow/.local/lib/python3.12/site-packages/airflow/example_dags/tutorial.py
[2024-07-16T06:33:34.773+0000] {processor.py:840} INFO - DAG(s) 'tutorial' retrieved from /home/airflow/.local/lib/python3.12/site-packages/airflow/example_dags/tutorial.py
[2024-07-16T06:33:34.789+0000] {logging_mixin.py:188} INFO - [2024-07-16T06:33:34.789+0000] {dag.py:3096} INFO - Sync 1 DAGs
[2024-07-16T06:33:34.802+0000] {logging_mixin.py:188} INFO - [2024-07-16T06:33:34.802+0000] {dag.py:3954} INFO - Setting next_dagrun for tutorial to 2024-07-15 00:00:00+00:00, run_after=2024-07-16 00:00:00+00:00
[2024-07-16T06:33:34.816+0000] {processor.py:183} INFO - Processing /home/airflow/.local/lib/python3.12/site-packages/airflow/example_dags/tutorial.py took 0.053 seconds
[2024-07-16T06:34:05.013+0000] {processor.py:161} INFO - Started process (PID=643) to work on /home/airflow/.local/lib/python3.12/site-packages/airflow/example_dags/tutorial.py
[2024-07-16T06:34:05.013+0000] {processor.py:830} INFO - Processing file /home/airflow/.local/lib/python3.12/site-packages/airflow/example_dags/tutorial.py for tasks to queue
[2024-07-16T06:34:05.015+0000] {logging_mixin.py:188} INFO - [2024-07-16T06:34:05.014+0000] {dagbag.py:545} INFO - Filling up the DagBag from /home/airflow/.local/lib/python3.12/site-packages/airflow/example_dags/tutorial.py
[2024-07-16T06:34:05.018+0000] {processor.py:840} INFO - DAG(s) 'tutorial' retrieved from /home/airflow/.local/lib/python3.12/site-packages/airflow/example_dags/tutorial.py
[2024-07-16T06:34:05.033+0000] {logging_mixin.py:188} INFO - [2024-07-16T06:34:05.033+0000] {dag.py:3096} INFO - Sync 1 DAGs
[2024-07-16T06:34:05.046+0000] {logging_mixin.py:188} INFO - [2024-07-16T06:34:05.046+0000] {dag.py:3954} INFO - Setting next_dagrun for tutorial to 2024-07-15 00:00:00+00:00, run_after=2024-07-16 00:00:00+00:00
[2024-07-16T06:34:05.056+0000] {processor.py:183} INFO - Processing /home/airflow/.local/lib/python3.12/site-packages/airflow/example_dags/tutorial.py took 0.047 seconds
[2024-07-16T06:34:35.258+0000] {processor.py:161} INFO - Started process (PID=706) to work on /home/airflow/.local/lib/python3.12/site-packages/airflow/example_dags/tutorial.py
[2024-07-16T06:34:35.258+0000] {processor.py:830} INFO - Processing file /home/airflow/.local/lib/python3.12/site-packages/airflow/example_dags/tutorial.py for tasks to queue
[2024-07-16T06:34:35.259+0000] {logging_mixin.py:188} INFO - [2024-07-16T06:34:35.259+0000] {dagbag.py:545} INFO - Filling up the DagBag from /home/airflow/.local/lib/python3.12/site-packages/airflow/example_dags/tutorial.py
[2024-07-16T06:34:35.263+0000] {processor.py:840} INFO - DAG(s) 'tutorial' retrieved from /home/airflow/.local/lib/python3.12/site-packages/airflow/example_dags/tutorial.py
[2024-07-16T06:34:35.277+0000] {logging_mixin.py:188} INFO - [2024-07-16T06:34:35.277+0000] {dag.py:3096} INFO - Sync 1 DAGs
[2024-07-16T06:34:35.290+0000] {logging_mixin.py:188} INFO - [2024-07-16T06:34:35.290+0000] {dag.py:3954} INFO - Setting next_dagrun for tutorial to 2024-07-15 00:00:00+00:00, run_after=2024-07-16 00:00:00+00:00
[2024-07-16T06:34:35.301+0000] {processor.py:183} INFO - Processing /home/airflow/.local/lib/python3.12/site-packages/airflow/example_dags/tutorial.py took 0.046 seconds
[2024-07-16T06:35:05.644+0000] {processor.py:161} INFO - Started process (PID=770) to work on /home/airflow/.local/lib/python3.12/site-packages/airflow/example_dags/tutorial.py
[2024-07-16T06:35:05.646+0000] {processor.py:830} INFO - Processing file /home/airflow/.local/lib/python3.12/site-packages/airflow/example_dags/tutorial.py for tasks to queue
[2024-07-16T06:35:05.648+0000] {logging_mixin.py:188} INFO - [2024-07-16T06:35:05.647+0000] {dagbag.py:545} INFO - Filling up the DagBag from /home/airflow/.local/lib/python3.12/site-packages/airflow/example_dags/tutorial.py
[2024-07-16T06:35:05.652+0000] {processor.py:840} INFO - DAG(s) 'tutorial' retrieved from /home/airflow/.local/lib/python3.12/site-packages/airflow/example_dags/tutorial.py
[2024-07-16T06:35:05.677+0000] {logging_mixin.py:188} INFO - [2024-07-16T06:35:05.677+0000] {dag.py:3096} INFO - Sync 1 DAGs
[2024-07-16T06:35:05.699+0000] {logging_mixin.py:188} INFO - [2024-07-16T06:35:05.699+0000] {dag.py:3954} INFO - Setting next_dagrun for tutorial to 2024-07-15 00:00:00+00:00, run_after=2024-07-16 00:00:00+00:00
[2024-07-16T06:35:05.713+0000] {processor.py:183} INFO - Processing /home/airflow/.local/lib/python3.12/site-packages/airflow/example_dags/tutorial.py took 0.073 seconds
[2024-07-16T06:35:35.850+0000] {processor.py:161} INFO - Started process (PID=834) to work on /home/airflow/.local/lib/python3.12/site-packages/airflow/example_dags/tutorial.py
[2024-07-16T06:35:35.850+0000] {processor.py:830} INFO - Processing file /home/airflow/.local/lib/python3.12/site-packages/airflow/example_dags/tutorial.py for tasks to queue
[2024-07-16T06:35:35.851+0000] {logging_mixin.py:188} INFO - [2024-07-16T06:35:35.851+0000] {dagbag.py:545} INFO - Filling up the DagBag from /home/airflow/.local/lib/python3.12/site-packages/airflow/example_dags/tutorial.py
[2024-07-16T06:35:35.855+0000] {processor.py:840} INFO - DAG(s) 'tutorial' retrieved from /home/airflow/.local/lib/python3.12/site-packages/airflow/example_dags/tutorial.py
[2024-07-16T06:35:35.870+0000] {logging_mixin.py:188} INFO - [2024-07-16T06:35:35.870+0000] {dag.py:3096} INFO - Sync 1 DAGs
[2024-07-16T06:35:35.884+0000] {logging_mixin.py:188} INFO - [2024-07-16T06:35:35.884+0000] {dag.py:3954} INFO - Setting next_dagrun for tutorial to 2024-07-15 00:00:00+00:00, run_after=2024-07-16 00:00:00+00:00
[2024-07-16T06:35:35.894+0000] {processor.py:183} INFO - Processing /home/airflow/.local/lib/python3.12/site-packages/airflow/example_dags/tutorial.py took 0.048 seconds
[2024-07-16T06:36:06.942+0000] {processor.py:161} INFO - Started process (PID=898) to work on /home/airflow/.local/lib/python3.12/site-packages/airflow/example_dags/tutorial.py
[2024-07-16T06:36:06.943+0000] {processor.py:830} INFO - Processing file /home/airflow/.local/lib/python3.12/site-packages/airflow/example_dags/tutorial.py for tasks to queue
[2024-07-16T06:36:06.944+0000] {logging_mixin.py:188} INFO - [2024-07-16T06:36:06.944+0000] {dagbag.py:545} INFO - Filling up the DagBag from /home/airflow/.local/lib/python3.12/site-packages/airflow/example_dags/tutorial.py
[2024-07-16T06:36:06.948+0000] {processor.py:840} INFO - DAG(s) 'tutorial' retrieved from /home/airflow/.local/lib/python3.12/site-packages/airflow/example_dags/tutorial.py
[2024-07-16T06:36:06.962+0000] {logging_mixin.py:188} INFO - [2024-07-16T06:36:06.962+0000] {dag.py:3096} INFO - Sync 1 DAGs
[2024-07-16T06:36:06.975+0000] {logging_mixin.py:188} INFO - [2024-07-16T06:36:06.975+0000] {dag.py:3954} INFO - Setting next_dagrun for tutorial to 2024-07-15 00:00:00+00:00, run_after=2024-07-16 00:00:00+00:00
[2024-07-16T06:36:06.986+0000] {processor.py:183} INFO - Processing /home/airflow/.local/lib/python3.12/site-packages/airflow/example_dags/tutorial.py took 0.047 seconds
[2024-07-16T06:37:14.139+0000] {processor.py:161} INFO - Started process (PID=71) to work on /home/airflow/.local/lib/python3.12/site-packages/airflow/example_dags/tutorial.py
[2024-07-16T06:37:14.140+0000] {processor.py:830} INFO - Processing file /home/airflow/.local/lib/python3.12/site-packages/airflow/example_dags/tutorial.py for tasks to queue
[2024-07-16T06:37:14.141+0000] {logging_mixin.py:188} INFO - [2024-07-16T06:37:14.141+0000] {dagbag.py:545} INFO - Filling up the DagBag from /home/airflow/.local/lib/python3.12/site-packages/airflow/example_dags/tutorial.py
[2024-07-16T06:37:14.153+0000] {processor.py:840} INFO - DAG(s) 'tutorial' retrieved from /home/airflow/.local/lib/python3.12/site-packages/airflow/example_dags/tutorial.py
[2024-07-16T06:37:14.178+0000] {logging_mixin.py:188} INFO - [2024-07-16T06:37:14.178+0000] {dag.py:3096} INFO - Sync 1 DAGs
[2024-07-16T06:37:14.208+0000] {logging_mixin.py:188} INFO - [2024-07-16T06:37:14.208+0000] {dag.py:3954} INFO - Setting next_dagrun for tutorial to 2024-07-15 00:00:00+00:00, run_after=2024-07-16 00:00:00+00:00
[2024-07-16T06:37:14.224+0000] {processor.py:183} INFO - Processing /home/airflow/.local/lib/python3.12/site-packages/airflow/example_dags/tutorial.py took 0.093 seconds
[2024-07-16T06:37:44.619+0000] {processor.py:161} INFO - Started process (PID=134) to work on /home/airflow/.local/lib/python3.12/site-packages/airflow/example_dags/tutorial.py
[2024-07-16T06:37:44.620+0000] {processor.py:830} INFO - Processing file /home/airflow/.local/lib/python3.12/site-packages/airflow/example_dags/tutorial.py for tasks to queue
[2024-07-16T06:37:44.621+0000] {logging_mixin.py:188} INFO - [2024-07-16T06:37:44.621+0000] {dagbag.py:545} INFO - Filling up the DagBag from /home/airflow/.local/lib/python3.12/site-packages/airflow/example_dags/tutorial.py
[2024-07-16T06:37:44.624+0000] {processor.py:840} INFO - DAG(s) 'tutorial' retrieved from /home/airflow/.local/lib/python3.12/site-packages/airflow/example_dags/tutorial.py
[2024-07-16T06:37:44.674+0000] {logging_mixin.py:188} INFO - [2024-07-16T06:37:44.674+0000] {dag.py:3096} INFO - Sync 1 DAGs
[2024-07-16T06:37:44.684+0000] {logging_mixin.py:188} INFO - [2024-07-16T06:37:44.684+0000] {dag.py:3954} INFO - Setting next_dagrun for tutorial to 2024-07-15 00:00:00+00:00, run_after=2024-07-16 00:00:00+00:00
[2024-07-16T06:37:44.696+0000] {processor.py:183} INFO - Processing /home/airflow/.local/lib/python3.12/site-packages/airflow/example_dags/tutorial.py took 0.080 seconds
[2024-07-16T06:38:14.895+0000] {processor.py:161} INFO - Started process (PID=198) to work on /home/airflow/.local/lib/python3.12/site-packages/airflow/example_dags/tutorial.py
[2024-07-16T06:38:14.895+0000] {processor.py:830} INFO - Processing file /home/airflow/.local/lib/python3.12/site-packages/airflow/example_dags/tutorial.py for tasks to queue
[2024-07-16T06:38:14.896+0000] {logging_mixin.py:188} INFO - [2024-07-16T06:38:14.896+0000] {dagbag.py:545} INFO - Filling up the DagBag from /home/airflow/.local/lib/python3.12/site-packages/airflow/example_dags/tutorial.py
[2024-07-16T06:38:14.900+0000] {processor.py:840} INFO - DAG(s) 'tutorial' retrieved from /home/airflow/.local/lib/python3.12/site-packages/airflow/example_dags/tutorial.py
[2024-07-16T06:38:14.914+0000] {logging_mixin.py:188} INFO - [2024-07-16T06:38:14.914+0000] {dag.py:3096} INFO - Sync 1 DAGs
[2024-07-16T06:38:14.927+0000] {logging_mixin.py:188} INFO - [2024-07-16T06:38:14.927+0000] {dag.py:3954} INFO - Setting next_dagrun for tutorial to 2024-07-15 00:00:00+00:00, run_after=2024-07-16 00:00:00+00:00
[2024-07-16T06:38:14.939+0000] {processor.py:183} INFO - Processing /home/airflow/.local/lib/python3.12/site-packages/airflow/example_dags/tutorial.py took 0.046 seconds
[2024-07-16T06:38:45.150+0000] {processor.py:161} INFO - Started process (PID=261) to work on /home/airflow/.local/lib/python3.12/site-packages/airflow/example_dags/tutorial.py
[2024-07-16T06:38:45.150+0000] {processor.py:830} INFO - Processing file /home/airflow/.local/lib/python3.12/site-packages/airflow/example_dags/tutorial.py for tasks to queue
[2024-07-16T06:38:45.151+0000] {logging_mixin.py:188} INFO - [2024-07-16T06:38:45.151+0000] {dagbag.py:545} INFO - Filling up the DagBag from /home/airflow/.local/lib/python3.12/site-packages/airflow/example_dags/tutorial.py
[2024-07-16T06:38:45.154+0000] {processor.py:840} INFO - DAG(s) 'tutorial' retrieved from /home/airflow/.local/lib/python3.12/site-packages/airflow/example_dags/tutorial.py
[2024-07-16T06:38:45.170+0000] {logging_mixin.py:188} INFO - [2024-07-16T06:38:45.170+0000] {dag.py:3096} INFO - Sync 1 DAGs
[2024-07-16T06:38:45.182+0000] {logging_mixin.py:188} INFO - [2024-07-16T06:38:45.182+0000] {dag.py:3954} INFO - Setting next_dagrun for tutorial to 2024-07-15 00:00:00+00:00, run_after=2024-07-16 00:00:00+00:00
[2024-07-16T06:38:45.191+0000] {processor.py:183} INFO - Processing /home/airflow/.local/lib/python3.12/site-packages/airflow/example_dags/tutorial.py took 0.044 seconds
[2024-07-16T06:39:15.346+0000] {processor.py:161} INFO - Started process (PID=325) to work on /home/airflow/.local/lib/python3.12/site-packages/airflow/example_dags/tutorial.py
[2024-07-16T06:39:15.346+0000] {processor.py:830} INFO - Processing file /home/airflow/.local/lib/python3.12/site-packages/airflow/example_dags/tutorial.py for tasks to queue
[2024-07-16T06:39:15.347+0000] {logging_mixin.py:188} INFO - [2024-07-16T06:39:15.347+0000] {dagbag.py:545} INFO - Filling up the DagBag from /home/airflow/.local/lib/python3.12/site-packages/airflow/example_dags/tutorial.py
[2024-07-16T06:39:15.350+0000] {processor.py:840} INFO - DAG(s) 'tutorial' retrieved from /home/airflow/.local/lib/python3.12/site-packages/airflow/example_dags/tutorial.py
[2024-07-16T06:39:15.365+0000] {logging_mixin.py:188} INFO - [2024-07-16T06:39:15.365+0000] {dag.py:3096} INFO - Sync 1 DAGs
[2024-07-16T06:39:15.379+0000] {logging_mixin.py:188} INFO - [2024-07-16T06:39:15.379+0000] {dag.py:3954} INFO - Setting next_dagrun for tutorial to 2024-07-15 00:00:00+00:00, run_after=2024-07-16 00:00:00+00:00
[2024-07-16T06:39:15.389+0000] {processor.py:183} INFO - Processing /home/airflow/.local/lib/python3.12/site-packages/airflow/example_dags/tutorial.py took 0.047 seconds
[2024-07-16T06:39:45.787+0000] {processor.py:161} INFO - Started process (PID=389) to work on /home/airflow/.local/lib/python3.12/site-packages/airflow/example_dags/tutorial.py
[2024-07-16T06:39:45.788+0000] {processor.py:830} INFO - Processing file /home/airflow/.local/lib/python3.12/site-packages/airflow/example_dags/tutorial.py for tasks to queue
[2024-07-16T06:39:45.789+0000] {logging_mixin.py:188} INFO - [2024-07-16T06:39:45.788+0000] {dagbag.py:545} INFO - Filling up the DagBag from /home/airflow/.local/lib/python3.12/site-packages/airflow/example_dags/tutorial.py
[2024-07-16T06:39:45.792+0000] {processor.py:840} INFO - DAG(s) 'tutorial' retrieved from /home/airflow/.local/lib/python3.12/site-packages/airflow/example_dags/tutorial.py
[2024-07-16T06:39:45.807+0000] {logging_mixin.py:188} INFO - [2024-07-16T06:39:45.806+0000] {dag.py:3096} INFO - Sync 1 DAGs
[2024-07-16T06:39:45.819+0000] {logging_mixin.py:188} INFO - [2024-07-16T06:39:45.819+0000] {dag.py:3954} INFO - Setting next_dagrun for tutorial to 2024-07-15 00:00:00+00:00, run_after=2024-07-16 00:00:00+00:00
[2024-07-16T06:39:45.829+0000] {processor.py:183} INFO - Processing /home/airflow/.local/lib/python3.12/site-packages/airflow/example_dags/tutorial.py took 0.045 seconds
[2024-07-16T06:40:15.962+0000] {processor.py:161} INFO - Started process (PID=453) to work on /home/airflow/.local/lib/python3.12/site-packages/airflow/example_dags/tutorial.py
[2024-07-16T06:40:15.963+0000] {processor.py:830} INFO - Processing file /home/airflow/.local/lib/python3.12/site-packages/airflow/example_dags/tutorial.py for tasks to queue
[2024-07-16T06:40:15.964+0000] {logging_mixin.py:188} INFO - [2024-07-16T06:40:15.964+0000] {dagbag.py:545} INFO - Filling up the DagBag from /home/airflow/.local/lib/python3.12/site-packages/airflow/example_dags/tutorial.py
[2024-07-16T06:40:15.967+0000] {processor.py:840} INFO - DAG(s) 'tutorial' retrieved from /home/airflow/.local/lib/python3.12/site-packages/airflow/example_dags/tutorial.py
[2024-07-16T06:40:15.982+0000] {logging_mixin.py:188} INFO - [2024-07-16T06:40:15.982+0000] {dag.py:3096} INFO - Sync 1 DAGs
[2024-07-16T06:40:15.995+0000] {logging_mixin.py:188} INFO - [2024-07-16T06:40:15.995+0000] {dag.py:3954} INFO - Setting next_dagrun for tutorial to 2024-07-15 00:00:00+00:00, run_after=2024-07-16 00:00:00+00:00
[2024-07-16T06:40:16.005+0000] {processor.py:183} INFO - Processing /home/airflow/.local/lib/python3.12/site-packages/airflow/example_dags/tutorial.py took 0.045 seconds
[2024-07-16T06:40:46.046+0000] {processor.py:161} INFO - Started process (PID=517) to work on /home/airflow/.local/lib/python3.12/site-packages/airflow/example_dags/tutorial.py
[2024-07-16T06:40:46.047+0000] {processor.py:830} INFO - Processing file /home/airflow/.local/lib/python3.12/site-packages/airflow/example_dags/tutorial.py for tasks to queue
[2024-07-16T06:40:46.048+0000] {logging_mixin.py:188} INFO - [2024-07-16T06:40:46.048+0000] {dagbag.py:545} INFO - Filling up the DagBag from /home/airflow/.local/lib/python3.12/site-packages/airflow/example_dags/tutorial.py
[2024-07-16T06:40:46.051+0000] {processor.py:840} INFO - DAG(s) 'tutorial' retrieved from /home/airflow/.local/lib/python3.12/site-packages/airflow/example_dags/tutorial.py
[2024-07-16T06:40:46.066+0000] {logging_mixin.py:188} INFO - [2024-07-16T06:40:46.066+0000] {dag.py:3096} INFO - Sync 1 DAGs
[2024-07-16T06:40:46.079+0000] {logging_mixin.py:188} INFO - [2024-07-16T06:40:46.079+0000] {dag.py:3954} INFO - Setting next_dagrun for tutorial to 2024-07-15 00:00:00+00:00, run_after=2024-07-16 00:00:00+00:00
[2024-07-16T06:40:46.089+0000] {processor.py:183} INFO - Processing /home/airflow/.local/lib/python3.12/site-packages/airflow/example_dags/tutorial.py took 0.045 seconds
[2024-07-16T06:41:16.133+0000] {processor.py:161} INFO - Started process (PID=582) to work on /home/airflow/.local/lib/python3.12/site-packages/airflow/example_dags/tutorial.py
[2024-07-16T06:41:16.134+0000] {processor.py:830} INFO - Processing file /home/airflow/.local/lib/python3.12/site-packages/airflow/example_dags/tutorial.py for tasks to queue
[2024-07-16T06:41:16.135+0000] {logging_mixin.py:188} INFO - [2024-07-16T06:41:16.134+0000] {dagbag.py:545} INFO - Filling up the DagBag from /home/airflow/.local/lib/python3.12/site-packages/airflow/example_dags/tutorial.py
[2024-07-16T06:41:16.138+0000] {processor.py:840} INFO - DAG(s) 'tutorial' retrieved from /home/airflow/.local/lib/python3.12/site-packages/airflow/example_dags/tutorial.py
[2024-07-16T06:41:16.155+0000] {logging_mixin.py:188} INFO - [2024-07-16T06:41:16.155+0000] {dag.py:3096} INFO - Sync 1 DAGs
[2024-07-16T06:41:16.168+0000] {logging_mixin.py:188} INFO - [2024-07-16T06:41:16.168+0000] {dag.py:3954} INFO - Setting next_dagrun for tutorial to 2024-07-15 00:00:00+00:00, run_after=2024-07-16 00:00:00+00:00
[2024-07-16T06:41:16.178+0000] {processor.py:183} INFO - Processing /home/airflow/.local/lib/python3.12/site-packages/airflow/example_dags/tutorial.py took 0.048 seconds
[2024-07-16T06:41:46.499+0000] {processor.py:161} INFO - Started process (PID=645) to work on /home/airflow/.local/lib/python3.12/site-packages/airflow/example_dags/tutorial.py
[2024-07-16T06:41:46.500+0000] {processor.py:830} INFO - Processing file /home/airflow/.local/lib/python3.12/site-packages/airflow/example_dags/tutorial.py for tasks to queue
[2024-07-16T06:41:46.501+0000] {logging_mixin.py:188} INFO - [2024-07-16T06:41:46.501+0000] {dagbag.py:545} INFO - Filling up the DagBag from /home/airflow/.local/lib/python3.12/site-packages/airflow/example_dags/tutorial.py
[2024-07-16T06:41:46.504+0000] {processor.py:840} INFO - DAG(s) 'tutorial' retrieved from /home/airflow/.local/lib/python3.12/site-packages/airflow/example_dags/tutorial.py
[2024-07-16T06:41:46.518+0000] {logging_mixin.py:188} INFO - [2024-07-16T06:41:46.518+0000] {dag.py:3096} INFO - Sync 1 DAGs
[2024-07-16T06:41:46.531+0000] {logging_mixin.py:188} INFO - [2024-07-16T06:41:46.531+0000] {dag.py:3954} INFO - Setting next_dagrun for tutorial to 2024-07-15 00:00:00+00:00, run_after=2024-07-16 00:00:00+00:00
[2024-07-16T06:41:46.541+0000] {processor.py:183} INFO - Processing /home/airflow/.local/lib/python3.12/site-packages/airflow/example_dags/tutorial.py took 0.045 seconds
[2024-07-16T06:42:17.564+0000] {processor.py:161} INFO - Started process (PID=709) to work on /home/airflow/.local/lib/python3.12/site-packages/airflow/example_dags/tutorial.py
[2024-07-16T06:42:17.566+0000] {processor.py:830} INFO - Processing file /home/airflow/.local/lib/python3.12/site-packages/airflow/example_dags/tutorial.py for tasks to queue
[2024-07-16T06:42:17.567+0000] {logging_mixin.py:188} INFO - [2024-07-16T06:42:17.567+0000] {dagbag.py:545} INFO - Filling up the DagBag from /home/airflow/.local/lib/python3.12/site-packages/airflow/example_dags/tutorial.py
[2024-07-16T06:42:17.570+0000] {processor.py:840} INFO - DAG(s) 'tutorial' retrieved from /home/airflow/.local/lib/python3.12/site-packages/airflow/example_dags/tutorial.py
[2024-07-16T06:42:17.588+0000] {logging_mixin.py:188} INFO - [2024-07-16T06:42:17.588+0000] {dag.py:3096} INFO - Sync 1 DAGs
[2024-07-16T06:42:17.601+0000] {logging_mixin.py:188} INFO - [2024-07-16T06:42:17.601+0000] {dag.py:3954} INFO - Setting next_dagrun for tutorial to 2024-07-15 00:00:00+00:00, run_after=2024-07-16 00:00:00+00:00
[2024-07-16T06:42:17.611+0000] {processor.py:183} INFO - Processing /home/airflow/.local/lib/python3.12/site-packages/airflow/example_dags/tutorial.py took 0.050 seconds
[2024-07-16T06:42:47.793+0000] {processor.py:161} INFO - Started process (PID=773) to work on /home/airflow/.local/lib/python3.12/site-packages/airflow/example_dags/tutorial.py
[2024-07-16T06:42:47.793+0000] {processor.py:830} INFO - Processing file /home/airflow/.local/lib/python3.12/site-packages/airflow/example_dags/tutorial.py for tasks to queue
[2024-07-16T06:42:47.794+0000] {logging_mixin.py:188} INFO - [2024-07-16T06:42:47.794+0000] {dagbag.py:545} INFO - Filling up the DagBag from /home/airflow/.local/lib/python3.12/site-packages/airflow/example_dags/tutorial.py
[2024-07-16T06:42:47.798+0000] {processor.py:840} INFO - DAG(s) 'tutorial' retrieved from /home/airflow/.local/lib/python3.12/site-packages/airflow/example_dags/tutorial.py
[2024-07-16T06:42:47.814+0000] {logging_mixin.py:188} INFO - [2024-07-16T06:42:47.814+0000] {dag.py:3096} INFO - Sync 1 DAGs
[2024-07-16T06:42:47.827+0000] {logging_mixin.py:188} INFO - [2024-07-16T06:42:47.826+0000] {dag.py:3954} INFO - Setting next_dagrun for tutorial to 2024-07-15 00:00:00+00:00, run_after=2024-07-16 00:00:00+00:00
[2024-07-16T06:42:47.838+0000] {processor.py:183} INFO - Processing /home/airflow/.local/lib/python3.12/site-packages/airflow/example_dags/tutorial.py took 0.048 seconds
[2024-07-16T06:43:18.923+0000] {processor.py:161} INFO - Started process (PID=837) to work on /home/airflow/.local/lib/python3.12/site-packages/airflow/example_dags/tutorial.py
[2024-07-16T06:43:18.924+0000] {processor.py:830} INFO - Processing file /home/airflow/.local/lib/python3.12/site-packages/airflow/example_dags/tutorial.py for tasks to queue
[2024-07-16T06:43:18.925+0000] {logging_mixin.py:188} INFO - [2024-07-16T06:43:18.925+0000] {dagbag.py:545} INFO - Filling up the DagBag from /home/airflow/.local/lib/python3.12/site-packages/airflow/example_dags/tutorial.py
[2024-07-16T06:43:18.928+0000] {processor.py:840} INFO - DAG(s) 'tutorial' retrieved from /home/airflow/.local/lib/python3.12/site-packages/airflow/example_dags/tutorial.py
[2024-07-16T06:43:18.946+0000] {logging_mixin.py:188} INFO - [2024-07-16T06:43:18.946+0000] {dag.py:3096} INFO - Sync 1 DAGs
[2024-07-16T06:43:18.959+0000] {logging_mixin.py:188} INFO - [2024-07-16T06:43:18.959+0000] {dag.py:3954} INFO - Setting next_dagrun for tutorial to 2024-07-15 00:00:00+00:00, run_after=2024-07-16 00:00:00+00:00
[2024-07-16T06:43:18.969+0000] {processor.py:183} INFO - Processing /home/airflow/.local/lib/python3.12/site-packages/airflow/example_dags/tutorial.py took 0.049 seconds
[2024-07-16T06:43:49.172+0000] {processor.py:161} INFO - Started process (PID=901) to work on /home/airflow/.local/lib/python3.12/site-packages/airflow/example_dags/tutorial.py
[2024-07-16T06:43:49.173+0000] {processor.py:830} INFO - Processing file /home/airflow/.local/lib/python3.12/site-packages/airflow/example_dags/tutorial.py for tasks to queue
[2024-07-16T06:43:49.174+0000] {logging_mixin.py:188} INFO - [2024-07-16T06:43:49.174+0000] {dagbag.py:545} INFO - Filling up the DagBag from /home/airflow/.local/lib/python3.12/site-packages/airflow/example_dags/tutorial.py
[2024-07-16T06:43:49.177+0000] {processor.py:840} INFO - DAG(s) 'tutorial' retrieved from /home/airflow/.local/lib/python3.12/site-packages/airflow/example_dags/tutorial.py
[2024-07-16T06:43:49.192+0000] {logging_mixin.py:188} INFO - [2024-07-16T06:43:49.192+0000] {dag.py:3096} INFO - Sync 1 DAGs
[2024-07-16T06:43:49.204+0000] {logging_mixin.py:188} INFO - [2024-07-16T06:43:49.204+0000] {dag.py:3954} INFO - Setting next_dagrun for tutorial to 2024-07-15 00:00:00+00:00, run_after=2024-07-16 00:00:00+00:00
[2024-07-16T06:43:49.214+0000] {processor.py:183} INFO - Processing /home/airflow/.local/lib/python3.12/site-packages/airflow/example_dags/tutorial.py took 0.044 seconds
[2024-07-16T06:44:19.313+0000] {processor.py:161} INFO - Started process (PID=965) to work on /home/airflow/.local/lib/python3.12/site-packages/airflow/example_dags/tutorial.py
[2024-07-16T06:44:19.315+0000] {processor.py:830} INFO - Processing file /home/airflow/.local/lib/python3.12/site-packages/airflow/example_dags/tutorial.py for tasks to queue
[2024-07-16T06:44:19.316+0000] {logging_mixin.py:188} INFO - [2024-07-16T06:44:19.316+0000] {dagbag.py:545} INFO - Filling up the DagBag from /home/airflow/.local/lib/python3.12/site-packages/airflow/example_dags/tutorial.py
[2024-07-16T06:44:19.323+0000] {processor.py:840} INFO - DAG(s) 'tutorial' retrieved from /home/airflow/.local/lib/python3.12/site-packages/airflow/example_dags/tutorial.py
[2024-07-16T06:44:19.343+0000] {logging_mixin.py:188} INFO - [2024-07-16T06:44:19.343+0000] {dag.py:3096} INFO - Sync 1 DAGs
[2024-07-16T06:44:19.357+0000] {logging_mixin.py:188} INFO - [2024-07-16T06:44:19.357+0000] {dag.py:3954} INFO - Setting next_dagrun for tutorial to 2024-07-15 00:00:00+00:00, run_after=2024-07-16 00:00:00+00:00
[2024-07-16T06:44:19.368+0000] {processor.py:183} INFO - Processing /home/airflow/.local/lib/python3.12/site-packages/airflow/example_dags/tutorial.py took 0.057 seconds
[2024-07-16T06:44:49.474+0000] {processor.py:161} INFO - Started process (PID=1029) to work on /home/airflow/.local/lib/python3.12/site-packages/airflow/example_dags/tutorial.py
[2024-07-16T06:44:49.474+0000] {processor.py:830} INFO - Processing file /home/airflow/.local/lib/python3.12/site-packages/airflow/example_dags/tutorial.py for tasks to queue
[2024-07-16T06:44:49.475+0000] {logging_mixin.py:188} INFO - [2024-07-16T06:44:49.475+0000] {dagbag.py:545} INFO - Filling up the DagBag from /home/airflow/.local/lib/python3.12/site-packages/airflow/example_dags/tutorial.py
[2024-07-16T06:44:49.480+0000] {processor.py:840} INFO - DAG(s) 'tutorial' retrieved from /home/airflow/.local/lib/python3.12/site-packages/airflow/example_dags/tutorial.py
[2024-07-16T06:44:49.495+0000] {logging_mixin.py:188} INFO - [2024-07-16T06:44:49.495+0000] {dag.py:3096} INFO - Sync 1 DAGs
[2024-07-16T06:44:49.508+0000] {logging_mixin.py:188} INFO - [2024-07-16T06:44:49.508+0000] {dag.py:3954} INFO - Setting next_dagrun for tutorial to 2024-07-15 00:00:00+00:00, run_after=2024-07-16 00:00:00+00:00
[2024-07-16T06:44:49.520+0000] {processor.py:183} INFO - Processing /home/airflow/.local/lib/python3.12/site-packages/airflow/example_dags/tutorial.py took 0.049 seconds
[2024-07-16T06:45:19.639+0000] {processor.py:161} INFO - Started process (PID=1092) to work on /home/airflow/.local/lib/python3.12/site-packages/airflow/example_dags/tutorial.py
[2024-07-16T06:45:19.639+0000] {processor.py:830} INFO - Processing file /home/airflow/.local/lib/python3.12/site-packages/airflow/example_dags/tutorial.py for tasks to queue
[2024-07-16T06:45:19.641+0000] {logging_mixin.py:188} INFO - [2024-07-16T06:45:19.640+0000] {dagbag.py:545} INFO - Filling up the DagBag from /home/airflow/.local/lib/python3.12/site-packages/airflow/example_dags/tutorial.py
[2024-07-16T06:45:19.644+0000] {processor.py:840} INFO - DAG(s) 'tutorial' retrieved from /home/airflow/.local/lib/python3.12/site-packages/airflow/example_dags/tutorial.py
[2024-07-16T06:45:19.660+0000] {logging_mixin.py:188} INFO - [2024-07-16T06:45:19.660+0000] {dag.py:3096} INFO - Sync 1 DAGs
[2024-07-16T06:45:19.673+0000] {logging_mixin.py:188} INFO - [2024-07-16T06:45:19.673+0000] {dag.py:3954} INFO - Setting next_dagrun for tutorial to 2024-07-15 00:00:00+00:00, run_after=2024-07-16 00:00:00+00:00
[2024-07-16T06:45:19.684+0000] {processor.py:183} INFO - Processing /home/airflow/.local/lib/python3.12/site-packages/airflow/example_dags/tutorial.py took 0.048 seconds
[2024-07-16T06:45:50.767+0000] {processor.py:161} INFO - Started process (PID=1155) to work on /home/airflow/.local/lib/python3.12/site-packages/airflow/example_dags/tutorial.py
[2024-07-16T06:45:50.767+0000] {processor.py:830} INFO - Processing file /home/airflow/.local/lib/python3.12/site-packages/airflow/example_dags/tutorial.py for tasks to queue
[2024-07-16T06:45:50.769+0000] {logging_mixin.py:188} INFO - [2024-07-16T06:45:50.768+0000] {dagbag.py:545} INFO - Filling up the DagBag from /home/airflow/.local/lib/python3.12/site-packages/airflow/example_dags/tutorial.py
[2024-07-16T06:45:50.773+0000] {processor.py:840} INFO - DAG(s) 'tutorial' retrieved from /home/airflow/.local/lib/python3.12/site-packages/airflow/example_dags/tutorial.py
[2024-07-16T06:45:50.790+0000] {logging_mixin.py:188} INFO - [2024-07-16T06:45:50.789+0000] {dag.py:3096} INFO - Sync 1 DAGs
[2024-07-16T06:45:50.805+0000] {logging_mixin.py:188} INFO - [2024-07-16T06:45:50.805+0000] {dag.py:3954} INFO - Setting next_dagrun for tutorial to 2024-07-15 00:00:00+00:00, run_after=2024-07-16 00:00:00+00:00
[2024-07-16T06:45:50.818+0000] {processor.py:183} INFO - Processing /home/airflow/.local/lib/python3.12/site-packages/airflow/example_dags/tutorial.py took 0.055 seconds
[2024-07-16T06:46:21.066+0000] {processor.py:161} INFO - Started process (PID=1219) to work on /home/airflow/.local/lib/python3.12/site-packages/airflow/example_dags/tutorial.py
[2024-07-16T06:46:21.067+0000] {processor.py:830} INFO - Processing file /home/airflow/.local/lib/python3.12/site-packages/airflow/example_dags/tutorial.py for tasks to queue
[2024-07-16T06:46:21.068+0000] {logging_mixin.py:188} INFO - [2024-07-16T06:46:21.068+0000] {dagbag.py:545} INFO - Filling up the DagBag from /home/airflow/.local/lib/python3.12/site-packages/airflow/example_dags/tutorial.py
[2024-07-16T06:46:21.072+0000] {processor.py:840} INFO - DAG(s) 'tutorial' retrieved from /home/airflow/.local/lib/python3.12/site-packages/airflow/example_dags/tutorial.py
[2024-07-16T06:46:21.091+0000] {logging_mixin.py:188} INFO - [2024-07-16T06:46:21.090+0000] {dag.py:3096} INFO - Sync 1 DAGs
[2024-07-16T06:46:21.105+0000] {logging_mixin.py:188} INFO - [2024-07-16T06:46:21.105+0000] {dag.py:3954} INFO - Setting next_dagrun for tutorial to 2024-07-15 00:00:00+00:00, run_after=2024-07-16 00:00:00+00:00
[2024-07-16T06:46:21.116+0000] {processor.py:183} INFO - Processing /home/airflow/.local/lib/python3.12/site-packages/airflow/example_dags/tutorial.py took 0.054 seconds
[2024-07-16T06:46:51.846+0000] {processor.py:161} INFO - Started process (PID=1283) to work on /home/airflow/.local/lib/python3.12/site-packages/airflow/example_dags/tutorial.py
[2024-07-16T06:46:51.847+0000] {processor.py:830} INFO - Processing file /home/airflow/.local/lib/python3.12/site-packages/airflow/example_dags/tutorial.py for tasks to queue
[2024-07-16T06:46:51.848+0000] {logging_mixin.py:188} INFO - [2024-07-16T06:46:51.848+0000] {dagbag.py:545} INFO - Filling up the DagBag from /home/airflow/.local/lib/python3.12/site-packages/airflow/example_dags/tutorial.py
[2024-07-16T06:46:51.852+0000] {processor.py:840} INFO - DAG(s) 'tutorial' retrieved from /home/airflow/.local/lib/python3.12/site-packages/airflow/example_dags/tutorial.py
[2024-07-16T06:46:51.866+0000] {logging_mixin.py:188} INFO - [2024-07-16T06:46:51.866+0000] {dag.py:3096} INFO - Sync 1 DAGs
[2024-07-16T06:46:51.879+0000] {logging_mixin.py:188} INFO - [2024-07-16T06:46:51.879+0000] {dag.py:3954} INFO - Setting next_dagrun for tutorial to 2024-07-15 00:00:00+00:00, run_after=2024-07-16 00:00:00+00:00
[2024-07-16T06:46:51.889+0000] {processor.py:183} INFO - Processing /home/airflow/.local/lib/python3.12/site-packages/airflow/example_dags/tutorial.py took 0.047 seconds
[2024-07-16T06:47:22.159+0000] {processor.py:161} INFO - Started process (PID=1347) to work on /home/airflow/.local/lib/python3.12/site-packages/airflow/example_dags/tutorial.py
[2024-07-16T06:47:22.160+0000] {processor.py:830} INFO - Processing file /home/airflow/.local/lib/python3.12/site-packages/airflow/example_dags/tutorial.py for tasks to queue
[2024-07-16T06:47:22.161+0000] {logging_mixin.py:188} INFO - [2024-07-16T06:47:22.161+0000] {dagbag.py:545} INFO - Filling up the DagBag from /home/airflow/.local/lib/python3.12/site-packages/airflow/example_dags/tutorial.py
[2024-07-16T06:47:22.165+0000] {processor.py:840} INFO - DAG(s) 'tutorial' retrieved from /home/airflow/.local/lib/python3.12/site-packages/airflow/example_dags/tutorial.py
[2024-07-16T06:47:22.184+0000] {logging_mixin.py:188} INFO - [2024-07-16T06:47:22.184+0000] {dag.py:3096} INFO - Sync 1 DAGs
[2024-07-16T06:47:22.202+0000] {logging_mixin.py:188} INFO - [2024-07-16T06:47:22.201+0000] {dag.py:3954} INFO - Setting next_dagrun for tutorial to 2024-07-15 00:00:00+00:00, run_after=2024-07-16 00:00:00+00:00
[2024-07-16T06:47:22.217+0000] {processor.py:183} INFO - Processing /home/airflow/.local/lib/python3.12/site-packages/airflow/example_dags/tutorial.py took 0.062 seconds
[2024-07-16T06:47:52.485+0000] {processor.py:161} INFO - Started process (PID=1411) to work on /home/airflow/.local/lib/python3.12/site-packages/airflow/example_dags/tutorial.py
[2024-07-16T06:47:52.486+0000] {processor.py:830} INFO - Processing file /home/airflow/.local/lib/python3.12/site-packages/airflow/example_dags/tutorial.py for tasks to queue
[2024-07-16T06:47:52.487+0000] {logging_mixin.py:188} INFO - [2024-07-16T06:47:52.487+0000] {dagbag.py:545} INFO - Filling up the DagBag from /home/airflow/.local/lib/python3.12/site-packages/airflow/example_dags/tutorial.py
[2024-07-16T06:47:52.490+0000] {processor.py:840} INFO - DAG(s) 'tutorial' retrieved from /home/airflow/.local/lib/python3.12/site-packages/airflow/example_dags/tutorial.py
[2024-07-16T06:47:52.505+0000] {logging_mixin.py:188} INFO - [2024-07-16T06:47:52.505+0000] {dag.py:3096} INFO - Sync 1 DAGs
[2024-07-16T06:47:52.519+0000] {logging_mixin.py:188} INFO - [2024-07-16T06:47:52.519+0000] {dag.py:3954} INFO - Setting next_dagrun for tutorial to 2024-07-15 00:00:00+00:00, run_after=2024-07-16 00:00:00+00:00
[2024-07-16T06:47:52.530+0000] {processor.py:183} INFO - Processing /home/airflow/.local/lib/python3.12/site-packages/airflow/example_dags/tutorial.py took 0.048 seconds
[2024-07-16T06:48:22.812+0000] {processor.py:161} INFO - Started process (PID=1475) to work on /home/airflow/.local/lib/python3.12/site-packages/airflow/example_dags/tutorial.py
[2024-07-16T06:48:22.813+0000] {processor.py:830} INFO - Processing file /home/airflow/.local/lib/python3.12/site-packages/airflow/example_dags/tutorial.py for tasks to queue
[2024-07-16T06:48:22.814+0000] {logging_mixin.py:188} INFO - [2024-07-16T06:48:22.814+0000] {dagbag.py:545} INFO - Filling up the DagBag from /home/airflow/.local/lib/python3.12/site-packages/airflow/example_dags/tutorial.py
[2024-07-16T06:48:22.818+0000] {processor.py:840} INFO - DAG(s) 'tutorial' retrieved from /home/airflow/.local/lib/python3.12/site-packages/airflow/example_dags/tutorial.py
[2024-07-16T06:48:22.833+0000] {logging_mixin.py:188} INFO - [2024-07-16T06:48:22.832+0000] {dag.py:3096} INFO - Sync 1 DAGs
[2024-07-16T06:48:22.851+0000] {logging_mixin.py:188} INFO - [2024-07-16T06:48:22.851+0000] {dag.py:3954} INFO - Setting next_dagrun for tutorial to 2024-07-15 00:00:00+00:00, run_after=2024-07-16 00:00:00+00:00
[2024-07-16T06:48:22.862+0000] {processor.py:183} INFO - Processing /home/airflow/.local/lib/python3.12/site-packages/airflow/example_dags/tutorial.py took 0.053 seconds
[2024-07-16T06:48:53.060+0000] {processor.py:161} INFO - Started process (PID=1539) to work on /home/airflow/.local/lib/python3.12/site-packages/airflow/example_dags/tutorial.py
[2024-07-16T06:48:53.061+0000] {processor.py:830} INFO - Processing file /home/airflow/.local/lib/python3.12/site-packages/airflow/example_dags/tutorial.py for tasks to queue
[2024-07-16T06:48:53.062+0000] {logging_mixin.py:188} INFO - [2024-07-16T06:48:53.062+0000] {dagbag.py:545} INFO - Filling up the DagBag from /home/airflow/.local/lib/python3.12/site-packages/airflow/example_dags/tutorial.py
[2024-07-16T06:48:53.065+0000] {processor.py:840} INFO - DAG(s) 'tutorial' retrieved from /home/airflow/.local/lib/python3.12/site-packages/airflow/example_dags/tutorial.py
[2024-07-16T06:48:53.080+0000] {logging_mixin.py:188} INFO - [2024-07-16T06:48:53.080+0000] {dag.py:3096} INFO - Sync 1 DAGs
[2024-07-16T06:48:53.095+0000] {logging_mixin.py:188} INFO - [2024-07-16T06:48:53.095+0000] {dag.py:3954} INFO - Setting next_dagrun for tutorial to 2024-07-15 00:00:00+00:00, run_after=2024-07-16 00:00:00+00:00
[2024-07-16T06:48:53.105+0000] {processor.py:183} INFO - Processing /home/airflow/.local/lib/python3.12/site-packages/airflow/example_dags/tutorial.py took 0.048 seconds
[2024-07-16T06:49:24.037+0000] {processor.py:161} INFO - Started process (PID=1603) to work on /home/airflow/.local/lib/python3.12/site-packages/airflow/example_dags/tutorial.py
[2024-07-16T06:49:24.038+0000] {processor.py:830} INFO - Processing file /home/airflow/.local/lib/python3.12/site-packages/airflow/example_dags/tutorial.py for tasks to queue
[2024-07-16T06:49:24.039+0000] {logging_mixin.py:188} INFO - [2024-07-16T06:49:24.039+0000] {dagbag.py:545} INFO - Filling up the DagBag from /home/airflow/.local/lib/python3.12/site-packages/airflow/example_dags/tutorial.py
[2024-07-16T06:49:24.043+0000] {processor.py:840} INFO - DAG(s) 'tutorial' retrieved from /home/airflow/.local/lib/python3.12/site-packages/airflow/example_dags/tutorial.py
[2024-07-16T06:49:24.058+0000] {logging_mixin.py:188} INFO - [2024-07-16T06:49:24.058+0000] {dag.py:3096} INFO - Sync 1 DAGs
[2024-07-16T06:49:24.180+0000] {logging_mixin.py:188} INFO - [2024-07-16T06:49:24.180+0000] {dag.py:3954} INFO - Setting next_dagrun for tutorial to 2024-07-15 00:00:00+00:00, run_after=2024-07-16 00:00:00+00:00
[2024-07-16T06:49:24.191+0000] {processor.py:183} INFO - Processing /home/airflow/.local/lib/python3.12/site-packages/airflow/example_dags/tutorial.py took 0.157 seconds
[2024-07-16T06:49:54.839+0000] {processor.py:161} INFO - Started process (PID=1667) to work on /home/airflow/.local/lib/python3.12/site-packages/airflow/example_dags/tutorial.py
[2024-07-16T06:49:54.840+0000] {processor.py:830} INFO - Processing file /home/airflow/.local/lib/python3.12/site-packages/airflow/example_dags/tutorial.py for tasks to queue
[2024-07-16T06:49:54.841+0000] {logging_mixin.py:188} INFO - [2024-07-16T06:49:54.840+0000] {dagbag.py:545} INFO - Filling up the DagBag from /home/airflow/.local/lib/python3.12/site-packages/airflow/example_dags/tutorial.py
[2024-07-16T06:49:54.844+0000] {processor.py:840} INFO - DAG(s) 'tutorial' retrieved from /home/airflow/.local/lib/python3.12/site-packages/airflow/example_dags/tutorial.py
[2024-07-16T06:49:54.858+0000] {logging_mixin.py:188} INFO - [2024-07-16T06:49:54.858+0000] {dag.py:3096} INFO - Sync 1 DAGs
[2024-07-16T06:49:54.872+0000] {logging_mixin.py:188} INFO - [2024-07-16T06:49:54.872+0000] {dag.py:3954} INFO - Setting next_dagrun for tutorial to 2024-07-15 00:00:00+00:00, run_after=2024-07-16 00:00:00+00:00
[2024-07-16T06:49:54.975+0000] {processor.py:183} INFO - Processing /home/airflow/.local/lib/python3.12/site-packages/airflow/example_dags/tutorial.py took 0.139 seconds
[2024-07-16T06:50:25.099+0000] {processor.py:161} INFO - Started process (PID=1731) to work on /home/airflow/.local/lib/python3.12/site-packages/airflow/example_dags/tutorial.py
[2024-07-16T06:50:25.100+0000] {processor.py:830} INFO - Processing file /home/airflow/.local/lib/python3.12/site-packages/airflow/example_dags/tutorial.py for tasks to queue
[2024-07-16T06:50:25.102+0000] {logging_mixin.py:188} INFO - [2024-07-16T06:50:25.102+0000] {dagbag.py:545} INFO - Filling up the DagBag from /home/airflow/.local/lib/python3.12/site-packages/airflow/example_dags/tutorial.py
[2024-07-16T06:50:25.106+0000] {processor.py:840} INFO - DAG(s) 'tutorial' retrieved from /home/airflow/.local/lib/python3.12/site-packages/airflow/example_dags/tutorial.py
[2024-07-16T06:50:25.122+0000] {logging_mixin.py:188} INFO - [2024-07-16T06:50:25.121+0000] {dag.py:3096} INFO - Sync 1 DAGs
[2024-07-16T06:50:25.134+0000] {logging_mixin.py:188} INFO - [2024-07-16T06:50:25.134+0000] {dag.py:3954} INFO - Setting next_dagrun for tutorial to 2024-07-15 00:00:00+00:00, run_after=2024-07-16 00:00:00+00:00
[2024-07-16T06:50:25.145+0000] {processor.py:183} INFO - Processing /home/airflow/.local/lib/python3.12/site-packages/airflow/example_dags/tutorial.py took 0.049 seconds
[2024-07-16T06:50:55.236+0000] {processor.py:161} INFO - Started process (PID=1795) to work on /home/airflow/.local/lib/python3.12/site-packages/airflow/example_dags/tutorial.py
[2024-07-16T06:50:55.237+0000] {processor.py:830} INFO - Processing file /home/airflow/.local/lib/python3.12/site-packages/airflow/example_dags/tutorial.py for tasks to queue
[2024-07-16T06:50:55.238+0000] {logging_mixin.py:188} INFO - [2024-07-16T06:50:55.238+0000] {dagbag.py:545} INFO - Filling up the DagBag from /home/airflow/.local/lib/python3.12/site-packages/airflow/example_dags/tutorial.py
[2024-07-16T06:50:55.242+0000] {processor.py:840} INFO - DAG(s) 'tutorial' retrieved from /home/airflow/.local/lib/python3.12/site-packages/airflow/example_dags/tutorial.py
[2024-07-16T06:50:55.256+0000] {logging_mixin.py:188} INFO - [2024-07-16T06:50:55.255+0000] {dag.py:3096} INFO - Sync 1 DAGs
[2024-07-16T06:50:55.268+0000] {logging_mixin.py:188} INFO - [2024-07-16T06:50:55.268+0000] {dag.py:3954} INFO - Setting next_dagrun for tutorial to 2024-07-15 00:00:00+00:00, run_after=2024-07-16 00:00:00+00:00
[2024-07-16T06:50:55.280+0000] {processor.py:183} INFO - Processing /home/airflow/.local/lib/python3.12/site-packages/airflow/example_dags/tutorial.py took 0.047 seconds
[2024-07-16T06:51:25.346+0000] {processor.py:161} INFO - Started process (PID=1859) to work on /home/airflow/.local/lib/python3.12/site-packages/airflow/example_dags/tutorial.py
[2024-07-16T06:51:25.346+0000] {processor.py:830} INFO - Processing file /home/airflow/.local/lib/python3.12/site-packages/airflow/example_dags/tutorial.py for tasks to queue
[2024-07-16T06:51:25.347+0000] {logging_mixin.py:188} INFO - [2024-07-16T06:51:25.347+0000] {dagbag.py:545} INFO - Filling up the DagBag from /home/airflow/.local/lib/python3.12/site-packages/airflow/example_dags/tutorial.py
[2024-07-16T06:51:25.351+0000] {processor.py:840} INFO - DAG(s) 'tutorial' retrieved from /home/airflow/.local/lib/python3.12/site-packages/airflow/example_dags/tutorial.py
[2024-07-16T06:51:25.366+0000] {logging_mixin.py:188} INFO - [2024-07-16T06:51:25.365+0000] {dag.py:3096} INFO - Sync 1 DAGs
[2024-07-16T06:51:25.379+0000] {logging_mixin.py:188} INFO - [2024-07-16T06:51:25.379+0000] {dag.py:3954} INFO - Setting next_dagrun for tutorial to 2024-07-15 00:00:00+00:00, run_after=2024-07-16 00:00:00+00:00
[2024-07-16T06:51:25.389+0000] {processor.py:183} INFO - Processing /home/airflow/.local/lib/python3.12/site-packages/airflow/example_dags/tutorial.py took 0.046 seconds
[2024-07-16T06:51:55.497+0000] {processor.py:161} INFO - Started process (PID=1923) to work on /home/airflow/.local/lib/python3.12/site-packages/airflow/example_dags/tutorial.py
[2024-07-16T06:51:55.497+0000] {processor.py:830} INFO - Processing file /home/airflow/.local/lib/python3.12/site-packages/airflow/example_dags/tutorial.py for tasks to queue
[2024-07-16T06:51:55.498+0000] {logging_mixin.py:188} INFO - [2024-07-16T06:51:55.498+0000] {dagbag.py:545} INFO - Filling up the DagBag from /home/airflow/.local/lib/python3.12/site-packages/airflow/example_dags/tutorial.py
[2024-07-16T06:51:55.501+0000] {processor.py:840} INFO - DAG(s) 'tutorial' retrieved from /home/airflow/.local/lib/python3.12/site-packages/airflow/example_dags/tutorial.py
[2024-07-16T06:51:55.517+0000] {logging_mixin.py:188} INFO - [2024-07-16T06:51:55.517+0000] {dag.py:3096} INFO - Sync 1 DAGs
[2024-07-16T06:51:55.531+0000] {logging_mixin.py:188} INFO - [2024-07-16T06:51:55.531+0000] {dag.py:3954} INFO - Setting next_dagrun for tutorial to 2024-07-15 00:00:00+00:00, run_after=2024-07-16 00:00:00+00:00
[2024-07-16T06:51:55.542+0000] {processor.py:183} INFO - Processing /home/airflow/.local/lib/python3.12/site-packages/airflow/example_dags/tutorial.py took 0.048 seconds
[2024-07-16T06:52:25.720+0000] {processor.py:161} INFO - Started process (PID=1986) to work on /home/airflow/.local/lib/python3.12/site-packages/airflow/example_dags/tutorial.py
[2024-07-16T06:52:25.720+0000] {processor.py:830} INFO - Processing file /home/airflow/.local/lib/python3.12/site-packages/airflow/example_dags/tutorial.py for tasks to queue
[2024-07-16T06:52:25.722+0000] {logging_mixin.py:188} INFO - [2024-07-16T06:52:25.721+0000] {dagbag.py:545} INFO - Filling up the DagBag from /home/airflow/.local/lib/python3.12/site-packages/airflow/example_dags/tutorial.py
[2024-07-16T06:52:25.726+0000] {processor.py:840} INFO - DAG(s) 'tutorial' retrieved from /home/airflow/.local/lib/python3.12/site-packages/airflow/example_dags/tutorial.py
[2024-07-16T06:52:25.741+0000] {logging_mixin.py:188} INFO - [2024-07-16T06:52:25.741+0000] {dag.py:3096} INFO - Sync 1 DAGs
[2024-07-16T06:52:25.754+0000] {logging_mixin.py:188} INFO - [2024-07-16T06:52:25.754+0000] {dag.py:3954} INFO - Setting next_dagrun for tutorial to 2024-07-15 00:00:00+00:00, run_after=2024-07-16 00:00:00+00:00
[2024-07-16T06:52:25.764+0000] {processor.py:183} INFO - Processing /home/airflow/.local/lib/python3.12/site-packages/airflow/example_dags/tutorial.py took 0.047 seconds
[2024-07-16T06:52:55.886+0000] {processor.py:161} INFO - Started process (PID=2051) to work on /home/airflow/.local/lib/python3.12/site-packages/airflow/example_dags/tutorial.py
[2024-07-16T06:52:55.887+0000] {processor.py:830} INFO - Processing file /home/airflow/.local/lib/python3.12/site-packages/airflow/example_dags/tutorial.py for tasks to queue
[2024-07-16T06:52:55.888+0000] {logging_mixin.py:188} INFO - [2024-07-16T06:52:55.887+0000] {dagbag.py:545} INFO - Filling up the DagBag from /home/airflow/.local/lib/python3.12/site-packages/airflow/example_dags/tutorial.py
[2024-07-16T06:52:55.891+0000] {processor.py:840} INFO - DAG(s) 'tutorial' retrieved from /home/airflow/.local/lib/python3.12/site-packages/airflow/example_dags/tutorial.py
[2024-07-16T06:52:55.906+0000] {logging_mixin.py:188} INFO - [2024-07-16T06:52:55.905+0000] {dag.py:3096} INFO - Sync 1 DAGs
[2024-07-16T06:52:55.918+0000] {logging_mixin.py:188} INFO - [2024-07-16T06:52:55.918+0000] {dag.py:3954} INFO - Setting next_dagrun for tutorial to 2024-07-15 00:00:00+00:00, run_after=2024-07-16 00:00:00+00:00
[2024-07-16T06:52:55.930+0000] {processor.py:183} INFO - Processing /home/airflow/.local/lib/python3.12/site-packages/airflow/example_dags/tutorial.py took 0.046 seconds
[2024-07-16T06:53:26.308+0000] {processor.py:161} INFO - Started process (PID=2115) to work on /home/airflow/.local/lib/python3.12/site-packages/airflow/example_dags/tutorial.py
[2024-07-16T06:53:26.309+0000] {processor.py:830} INFO - Processing file /home/airflow/.local/lib/python3.12/site-packages/airflow/example_dags/tutorial.py for tasks to queue
[2024-07-16T06:53:26.310+0000] {logging_mixin.py:188} INFO - [2024-07-16T06:53:26.310+0000] {dagbag.py:545} INFO - Filling up the DagBag from /home/airflow/.local/lib/python3.12/site-packages/airflow/example_dags/tutorial.py
[2024-07-16T06:53:26.313+0000] {processor.py:840} INFO - DAG(s) 'tutorial' retrieved from /home/airflow/.local/lib/python3.12/site-packages/airflow/example_dags/tutorial.py
[2024-07-16T06:53:26.328+0000] {logging_mixin.py:188} INFO - [2024-07-16T06:53:26.328+0000] {dag.py:3096} INFO - Sync 1 DAGs
[2024-07-16T06:53:26.340+0000] {logging_mixin.py:188} INFO - [2024-07-16T06:53:26.340+0000] {dag.py:3954} INFO - Setting next_dagrun for tutorial to 2024-07-15 00:00:00+00:00, run_after=2024-07-16 00:00:00+00:00
[2024-07-16T06:53:26.350+0000] {processor.py:183} INFO - Processing /home/airflow/.local/lib/python3.12/site-packages/airflow/example_dags/tutorial.py took 0.046 seconds
[2024-07-16T06:53:56.424+0000] {processor.py:161} INFO - Started process (PID=2179) to work on /home/airflow/.local/lib/python3.12/site-packages/airflow/example_dags/tutorial.py
[2024-07-16T06:53:56.425+0000] {processor.py:830} INFO - Processing file /home/airflow/.local/lib/python3.12/site-packages/airflow/example_dags/tutorial.py for tasks to queue
[2024-07-16T06:53:56.426+0000] {logging_mixin.py:188} INFO - [2024-07-16T06:53:56.426+0000] {dagbag.py:545} INFO - Filling up the DagBag from /home/airflow/.local/lib/python3.12/site-packages/airflow/example_dags/tutorial.py
[2024-07-16T06:53:56.429+0000] {processor.py:840} INFO - DAG(s) 'tutorial' retrieved from /home/airflow/.local/lib/python3.12/site-packages/airflow/example_dags/tutorial.py
[2024-07-16T06:53:56.444+0000] {logging_mixin.py:188} INFO - [2024-07-16T06:53:56.444+0000] {dag.py:3096} INFO - Sync 1 DAGs
[2024-07-16T06:53:56.458+0000] {logging_mixin.py:188} INFO - [2024-07-16T06:53:56.458+0000] {dag.py:3954} INFO - Setting next_dagrun for tutorial to 2024-07-15 00:00:00+00:00, run_after=2024-07-16 00:00:00+00:00
[2024-07-16T06:53:56.469+0000] {processor.py:183} INFO - Processing /home/airflow/.local/lib/python3.12/site-packages/airflow/example_dags/tutorial.py took 0.047 seconds
[2024-07-16T06:54:26.544+0000] {processor.py:161} INFO - Started process (PID=2243) to work on /home/airflow/.local/lib/python3.12/site-packages/airflow/example_dags/tutorial.py
[2024-07-16T06:54:26.545+0000] {processor.py:830} INFO - Processing file /home/airflow/.local/lib/python3.12/site-packages/airflow/example_dags/tutorial.py for tasks to queue
[2024-07-16T06:54:26.546+0000] {logging_mixin.py:188} INFO - [2024-07-16T06:54:26.546+0000] {dagbag.py:545} INFO - Filling up the DagBag from /home/airflow/.local/lib/python3.12/site-packages/airflow/example_dags/tutorial.py
[2024-07-16T06:54:26.549+0000] {processor.py:840} INFO - DAG(s) 'tutorial' retrieved from /home/airflow/.local/lib/python3.12/site-packages/airflow/example_dags/tutorial.py
[2024-07-16T06:54:26.565+0000] {logging_mixin.py:188} INFO - [2024-07-16T06:54:26.565+0000] {dag.py:3096} INFO - Sync 1 DAGs
[2024-07-16T06:54:26.579+0000] {logging_mixin.py:188} INFO - [2024-07-16T06:54:26.579+0000] {dag.py:3954} INFO - Setting next_dagrun for tutorial to 2024-07-15 00:00:00+00:00, run_after=2024-07-16 00:00:00+00:00
[2024-07-16T06:54:26.590+0000] {processor.py:183} INFO - Processing /home/airflow/.local/lib/python3.12/site-packages/airflow/example_dags/tutorial.py took 0.049 seconds
[2024-07-16T06:54:56.642+0000] {processor.py:161} INFO - Started process (PID=2306) to work on /home/airflow/.local/lib/python3.12/site-packages/airflow/example_dags/tutorial.py
[2024-07-16T06:54:56.643+0000] {processor.py:830} INFO - Processing file /home/airflow/.local/lib/python3.12/site-packages/airflow/example_dags/tutorial.py for tasks to queue
[2024-07-16T06:54:56.644+0000] {logging_mixin.py:188} INFO - [2024-07-16T06:54:56.643+0000] {dagbag.py:545} INFO - Filling up the DagBag from /home/airflow/.local/lib/python3.12/site-packages/airflow/example_dags/tutorial.py
[2024-07-16T06:54:56.647+0000] {processor.py:840} INFO - DAG(s) 'tutorial' retrieved from /home/airflow/.local/lib/python3.12/site-packages/airflow/example_dags/tutorial.py
[2024-07-16T06:54:56.662+0000] {logging_mixin.py:188} INFO - [2024-07-16T06:54:56.662+0000] {dag.py:3096} INFO - Sync 1 DAGs
[2024-07-16T06:54:56.677+0000] {logging_mixin.py:188} INFO - [2024-07-16T06:54:56.677+0000] {dag.py:3954} INFO - Setting next_dagrun for tutorial to 2024-07-15 00:00:00+00:00, run_after=2024-07-16 00:00:00+00:00
[2024-07-16T06:54:56.688+0000] {processor.py:183} INFO - Processing /home/airflow/.local/lib/python3.12/site-packages/airflow/example_dags/tutorial.py took 0.049 seconds
[2024-07-16T06:55:26.955+0000] {processor.py:161} INFO - Started process (PID=2370) to work on /home/airflow/.local/lib/python3.12/site-packages/airflow/example_dags/tutorial.py
[2024-07-16T06:55:26.956+0000] {processor.py:830} INFO - Processing file /home/airflow/.local/lib/python3.12/site-packages/airflow/example_dags/tutorial.py for tasks to queue
[2024-07-16T06:55:26.957+0000] {logging_mixin.py:188} INFO - [2024-07-16T06:55:26.956+0000] {dagbag.py:545} INFO - Filling up the DagBag from /home/airflow/.local/lib/python3.12/site-packages/airflow/example_dags/tutorial.py
[2024-07-16T06:55:26.960+0000] {processor.py:840} INFO - DAG(s) 'tutorial' retrieved from /home/airflow/.local/lib/python3.12/site-packages/airflow/example_dags/tutorial.py
[2024-07-16T06:55:26.974+0000] {logging_mixin.py:188} INFO - [2024-07-16T06:55:26.974+0000] {dag.py:3096} INFO - Sync 1 DAGs
[2024-07-16T06:55:26.988+0000] {logging_mixin.py:188} INFO - [2024-07-16T06:55:26.988+0000] {dag.py:3954} INFO - Setting next_dagrun for tutorial to 2024-07-15 00:00:00+00:00, run_after=2024-07-16 00:00:00+00:00
[2024-07-16T06:55:26.999+0000] {processor.py:183} INFO - Processing /home/airflow/.local/lib/python3.12/site-packages/airflow/example_dags/tutorial.py took 0.047 seconds
[2024-07-16T06:55:57.187+0000] {processor.py:161} INFO - Started process (PID=2434) to work on /home/airflow/.local/lib/python3.12/site-packages/airflow/example_dags/tutorial.py
[2024-07-16T06:55:57.188+0000] {processor.py:830} INFO - Processing file /home/airflow/.local/lib/python3.12/site-packages/airflow/example_dags/tutorial.py for tasks to queue
[2024-07-16T06:55:57.189+0000] {logging_mixin.py:188} INFO - [2024-07-16T06:55:57.189+0000] {dagbag.py:545} INFO - Filling up the DagBag from /home/airflow/.local/lib/python3.12/site-packages/airflow/example_dags/tutorial.py
[2024-07-16T06:55:57.192+0000] {processor.py:840} INFO - DAG(s) 'tutorial' retrieved from /home/airflow/.local/lib/python3.12/site-packages/airflow/example_dags/tutorial.py
[2024-07-16T06:55:57.207+0000] {logging_mixin.py:188} INFO - [2024-07-16T06:55:57.206+0000] {dag.py:3096} INFO - Sync 1 DAGs
[2024-07-16T06:55:57.219+0000] {logging_mixin.py:188} INFO - [2024-07-16T06:55:57.219+0000] {dag.py:3954} INFO - Setting next_dagrun for tutorial to 2024-07-15 00:00:00+00:00, run_after=2024-07-16 00:00:00+00:00
[2024-07-16T06:55:57.229+0000] {processor.py:183} INFO - Processing /home/airflow/.local/lib/python3.12/site-packages/airflow/example_dags/tutorial.py took 0.045 seconds
