[2024-07-22T11:06:22.483+0000] {local_task_job_runner.py:120} INFO - ::group::Pre task execution logs
[2024-07-22T11:06:22.532+0000] {taskinstance.py:2076} INFO - Dependencies all met for dep_context=non-requeueable deps ti=<TaskInstance: count_accidents.spark_count_number_of_accidents manual__2024-07-22T11:06:19.997103+00:00 [queued]>
[2024-07-22T11:06:22.546+0000] {taskinstance.py:2076} INFO - Dependencies all met for dep_context=requeueable deps ti=<TaskInstance: count_accidents.spark_count_number_of_accidents manual__2024-07-22T11:06:19.997103+00:00 [queued]>
[2024-07-22T11:06:22.549+0000] {taskinstance.py:2306} INFO - Starting attempt 1 of 1
[2024-07-22T11:06:22.579+0000] {taskinstance.py:2330} INFO - Executing <Task(SparkSubmitOperator): spark_count_number_of_accidents> on 2024-07-22 11:06:19.997103+00:00
[2024-07-22T11:06:22.588+0000] {warnings.py:112} WARNING - /home/airflow/.local/lib/python3.12/site-packages/airflow/task/task_runner/standard_task_runner.py:61: DeprecationWarning: This process (pid=142) is multi-threaded, use of fork() may lead to deadlocks in the child.
  pid = os.fork()

[2024-07-22T11:06:22.590+0000] {standard_task_runner.py:63} INFO - Started process 154 to run task
[2024-07-22T11:06:22.590+0000] {standard_task_runner.py:90} INFO - Running: ['airflow', 'tasks', 'run', 'count_accidents', 'spark_count_number_of_accidents', 'manual__2024-07-22T11:06:19.997103+00:00', '--job-id', '1773', '--raw', '--subdir', 'DAGS_FOLDER/count_accidents.py', '--cfg-path', '/tmp/tmpt3_wj9j7']
[2024-07-22T11:06:22.596+0000] {standard_task_runner.py:91} INFO - Job 1773: Subtask spark_count_number_of_accidents
[2024-07-22T11:06:22.797+0000] {task_command.py:426} INFO - Running <TaskInstance: count_accidents.spark_count_number_of_accidents manual__2024-07-22T11:06:19.997103+00:00 [running]> on host dc154a8aeff9
[2024-07-22T11:06:22.998+0000] {taskinstance.py:2648} INFO - Exporting env vars: AIRFLOW_CTX_DAG_OWNER='airflow' AIRFLOW_CTX_DAG_ID='count_accidents' AIRFLOW_CTX_TASK_ID='spark_count_number_of_accidents' AIRFLOW_CTX_EXECUTION_DATE='2024-07-22T11:06:19.997103+00:00' AIRFLOW_CTX_TRY_NUMBER='1' AIRFLOW_CTX_DAG_RUN_ID='manual__2024-07-22T11:06:19.997103+00:00'
[2024-07-22T11:06:23.001+0000] {taskinstance.py:430} INFO - ::endgroup::
[2024-07-22T11:06:23.030+0000] {base.py:84} INFO - Using connection ID 'spark' for task execution.
[2024-07-22T11:06:23.032+0000] {spark_submit.py:401} INFO - Spark-Submit cmd: spark-submit --master spark:localhost:7077 --name arrow-spark --deploy-mode client /opt/airflow/spark/count_rows.py
[2024-07-22T11:06:23.106+0000] {spark_submit.py:571} INFO - /home/airflow/.local/lib/python3.12/site-packages/pyspark/bin/load-spark-env.sh: line 68: ps: command not found
[2024-07-22T11:06:23.108+0000] {spark_submit.py:571} INFO - JAVA_HOME is not set
[2024-07-22T11:06:23.109+0000] {taskinstance.py:441} INFO - ::group::Post task execution logs
[2024-07-22T11:06:23.134+0000] {taskinstance.py:2905} ERROR - Task failed with exception
Traceback (most recent call last):
  File "/home/airflow/.local/lib/python3.12/site-packages/airflow/models/taskinstance.py", line 465, in _execute_task
    result = _execute_callable(context=context, **execute_callable_kwargs)
             ^^^^^^^^^^^^^^^^^^^^^^^^^^^^^^^^^^^^^^^^^^^^^^^^^^^^^^^^^^^^^
  File "/home/airflow/.local/lib/python3.12/site-packages/airflow/models/taskinstance.py", line 432, in _execute_callable
    return execute_callable(context=context, **execute_callable_kwargs)
           ^^^^^^^^^^^^^^^^^^^^^^^^^^^^^^^^^^^^^^^^^^^^^^^^^^^^^^^^^^^^
  File "/home/airflow/.local/lib/python3.12/site-packages/airflow/models/baseoperator.py", line 401, in wrapper
    return func(self, *args, **kwargs)
           ^^^^^^^^^^^^^^^^^^^^^^^^^^^
  File "/home/airflow/.local/lib/python3.12/site-packages/airflow/providers/apache/spark/operators/spark_submit.py", line 174, in execute
    self._hook.submit(self.application)
  File "/home/airflow/.local/lib/python3.12/site-packages/airflow/providers/apache/spark/hooks/spark_submit.py", line 502, in submit
    raise AirflowException(
airflow.exceptions.AirflowException: Cannot execute: spark-submit --master spark:localhost:7077 --name arrow-spark --deploy-mode client /opt/airflow/spark/count_rows.py. Error code is: 1.
[2024-07-22T11:06:23.139+0000] {taskinstance.py:1206} INFO - Marking task as FAILED. dag_id=count_accidents, task_id=spark_count_number_of_accidents, run_id=manual__2024-07-22T11:06:19.997103+00:00, execution_date=20240722T110619, start_date=20240722T110622, end_date=20240722T110623
[2024-07-22T11:06:23.154+0000] {standard_task_runner.py:110} ERROR - Failed to execute job 1773 for task spark_count_number_of_accidents (Cannot execute: spark-submit --master spark:localhost:7077 --name arrow-spark --deploy-mode client /opt/airflow/spark/count_rows.py. Error code is: 1.; 154)
[2024-07-22T11:06:23.191+0000] {local_task_job_runner.py:240} INFO - Task exited with return code 1
[2024-07-22T11:06:23.226+0000] {taskinstance.py:3503} INFO - 0 downstream tasks scheduled from follow-on schedule check
[2024-07-22T11:06:23.228+0000] {local_task_job_runner.py:222} INFO - ::endgroup::
