[2024-07-19T12:21:35.861+0000] {local_task_job_runner.py:120} INFO - ::group::Pre task execution logs
[2024-07-19T12:21:35.877+0000] {taskinstance.py:2076} INFO - Dependencies all met for dep_context=non-requeueable deps ti=<TaskInstance: sql_dag.print_process_start manual__2024-07-19T12:21:32.700557+00:00 [queued]>
[2024-07-19T12:21:35.881+0000] {taskinstance.py:2076} INFO - Dependencies all met for dep_context=requeueable deps ti=<TaskInstance: sql_dag.print_process_start manual__2024-07-19T12:21:32.700557+00:00 [queued]>
[2024-07-19T12:21:35.881+0000] {taskinstance.py:2306} INFO - Starting attempt 1 of 1
[2024-07-19T12:21:35.887+0000] {taskinstance.py:2330} INFO - Executing <Task(BashOperator): print_process_start> on 2024-07-19 12:21:32.700557+00:00
[2024-07-19T12:21:35.891+0000] {warnings.py:112} WARNING - /home/airflow/.local/lib/python3.12/site-packages/airflow/task/task_runner/standard_task_runner.py:61: DeprecationWarning: This process (pid=56) is multi-threaded, use of fork() may lead to deadlocks in the child.
  pid = os.fork()

[2024-07-19T12:21:35.892+0000] {standard_task_runner.py:63} INFO - Started process 58 to run task
[2024-07-19T12:21:35.893+0000] {standard_task_runner.py:90} INFO - Running: ['airflow', 'tasks', 'run', 'sql_dag', 'print_process_start', 'manual__2024-07-19T12:21:32.700557+00:00', '--job-id', '1622', '--raw', '--subdir', 'DAGS_FOLDER/sql.py', '--cfg-path', '/tmp/tmp4f_ft8ml']
[2024-07-19T12:21:35.895+0000] {standard_task_runner.py:91} INFO - Job 1622: Subtask print_process_start
[2024-07-19T12:21:35.964+0000] {task_command.py:426} INFO - Running <TaskInstance: sql_dag.print_process_start manual__2024-07-19T12:21:32.700557+00:00 [running]> on host 9aa28c84d96b
[2024-07-19T12:21:36.045+0000] {taskinstance.py:2648} INFO - Exporting env vars: AIRFLOW_CTX_DAG_OWNER='airflow' AIRFLOW_CTX_DAG_ID='sql_dag' AIRFLOW_CTX_TASK_ID='print_process_start' AIRFLOW_CTX_EXECUTION_DATE='2024-07-19T12:21:32.700557+00:00' AIRFLOW_CTX_TRY_NUMBER='1' AIRFLOW_CTX_DAG_RUN_ID='manual__2024-07-19T12:21:32.700557+00:00'
[2024-07-19T12:21:36.046+0000] {taskinstance.py:430} INFO - ::endgroup::
[2024-07-19T12:21:36.047+0000] {subprocess.py:63} INFO - Tmp dir root location: /tmp
[2024-07-19T12:21:36.048+0000] {subprocess.py:75} INFO - Running command: ['/usr/bin/bash', '-c', 'echo "Process start"']
[2024-07-19T12:21:36.053+0000] {subprocess.py:86} INFO - Output:
[2024-07-19T12:21:36.056+0000] {subprocess.py:93} INFO - Process start
[2024-07-19T12:21:36.056+0000] {subprocess.py:97} INFO - Command exited with return code 0
[2024-07-19T12:21:36.056+0000] {taskinstance.py:441} INFO - ::group::Post task execution logs
[2024-07-19T12:21:36.091+0000] {taskinstance.py:1206} INFO - Marking task as SUCCESS. dag_id=sql_dag, task_id=print_process_start, run_id=manual__2024-07-19T12:21:32.700557+00:00, execution_date=20240719T122132, start_date=20240719T122135, end_date=20240719T122136
[2024-07-19T12:21:36.115+0000] {local_task_job_runner.py:240} INFO - Task exited with return code 0
[2024-07-19T12:21:36.137+0000] {taskinstance.py:3503} INFO - 1 downstream tasks scheduled from follow-on schedule check
[2024-07-19T12:21:36.138+0000] {local_task_job_runner.py:222} INFO - ::endgroup::
