[2024-07-19T12:27:18.686+0000] {local_task_job_runner.py:120} INFO - ::group::Pre task execution logs
[2024-07-19T12:27:18.708+0000] {taskinstance.py:2076} INFO - Dependencies all met for dep_context=non-requeueable deps ti=<TaskInstance: sql_dag.check_if_table_exists manual__2024-07-19T12:27:14.686398+00:00 [queued]>
[2024-07-19T12:27:18.713+0000] {taskinstance.py:2076} INFO - Dependencies all met for dep_context=requeueable deps ti=<TaskInstance: sql_dag.check_if_table_exists manual__2024-07-19T12:27:14.686398+00:00 [queued]>
[2024-07-19T12:27:18.714+0000] {taskinstance.py:2306} INFO - Starting attempt 1 of 1
[2024-07-19T12:27:18.722+0000] {taskinstance.py:2330} INFO - Executing <Task(BranchPythonOperator): check_if_table_exists> on 2024-07-19 12:27:14.686398+00:00
[2024-07-19T12:27:18.729+0000] {warnings.py:112} WARNING - /home/airflow/.local/lib/python3.12/site-packages/airflow/task/task_runner/standard_task_runner.py:61: DeprecationWarning: This process (pid=151) is multi-threaded, use of fork() may lead to deadlocks in the child.
  pid = os.fork()

[2024-07-19T12:27:18.730+0000] {standard_task_runner.py:63} INFO - Started process 153 to run task
[2024-07-19T12:27:18.730+0000] {standard_task_runner.py:90} INFO - Running: ['airflow', 'tasks', 'run', 'sql_dag', 'check_if_table_exists', 'manual__2024-07-19T12:27:14.686398+00:00', '--job-id', '1627', '--raw', '--subdir', 'DAGS_FOLDER/sql.py', '--cfg-path', '/tmp/tmpmxd_11fj']
[2024-07-19T12:27:18.734+0000] {standard_task_runner.py:91} INFO - Job 1627: Subtask check_if_table_exists
[2024-07-19T12:27:18.781+0000] {task_command.py:426} INFO - Running <TaskInstance: sql_dag.check_if_table_exists manual__2024-07-19T12:27:14.686398+00:00 [running]> on host 9aa28c84d96b
[2024-07-19T12:27:18.862+0000] {taskinstance.py:2648} INFO - Exporting env vars: AIRFLOW_CTX_DAG_OWNER='airflow' AIRFLOW_CTX_DAG_ID='sql_dag' AIRFLOW_CTX_TASK_ID='check_if_table_exists' AIRFLOW_CTX_EXECUTION_DATE='2024-07-19T12:27:14.686398+00:00' AIRFLOW_CTX_TRY_NUMBER='1' AIRFLOW_CTX_DAG_RUN_ID='manual__2024-07-19T12:27:14.686398+00:00'
[2024-07-19T12:27:18.864+0000] {taskinstance.py:430} INFO - ::endgroup::
[2024-07-19T12:27:18.864+0000] {baseoperator.py:400} WARNING - BranchPythonOperator.execute cannot be called outside TaskInstance!
[2024-07-19T12:27:18.873+0000] {base.py:84} INFO - Using connection ID 'postgres_default' for task execution.
[2024-07-19T12:27:18.885+0000] {sql.py:487} INFO - Running statement: 
                    SELECT COUNT(*)
                    FROM information_schema.tables
                    WHERE table_name = 'table_name'
                    , parameters: None
[2024-07-19T12:27:18.895+0000] {sql.py:496} INFO - Rows affected: 1
[2024-07-19T12:27:18.896+0000] {logging_mixin.py:188} INFO - (1,)
[2024-07-19T12:27:18.896+0000] {python.py:237} INFO - Done. Returned value was: dummy_operator
[2024-07-19T12:27:18.897+0000] {branch.py:36} INFO - Branch into dummy_operator
[2024-07-19T12:27:18.897+0000] {skipmixin.py:178} INFO - Following branch dummy_operator
[2024-07-19T12:27:18.915+0000] {skipmixin.py:246} INFO - Skipping tasks [('create_table', -1)]
[2024-07-19T12:27:18.947+0000] {taskinstance.py:441} INFO - ::group::Post task execution logs
[2024-07-19T12:27:18.997+0000] {taskinstance.py:1206} INFO - Marking task as SUCCESS. dag_id=sql_dag, task_id=check_if_table_exists, run_id=manual__2024-07-19T12:27:14.686398+00:00, execution_date=20240719T122714, start_date=20240719T122718, end_date=20240719T122718
[2024-07-19T12:27:19.034+0000] {local_task_job_runner.py:240} INFO - Task exited with return code 0
[2024-07-19T12:27:19.055+0000] {taskinstance.py:3503} INFO - 0 downstream tasks scheduled from follow-on schedule check
[2024-07-19T12:27:19.056+0000] {local_task_job_runner.py:222} INFO - ::endgroup::
