[2024-07-19T11:45:49.707+0000] {local_task_job_runner.py:120} INFO - ::group::Pre task execution logs
[2024-07-19T11:45:49.724+0000] {taskinstance.py:2076} INFO - Dependencies all met for dep_context=non-requeueable deps ti=<TaskInstance: trigger_dag.process_results.remove_small_text.txt manual__2024-07-19T11:43:39.979350+00:00 [queued]>
[2024-07-19T11:45:49.729+0000] {taskinstance.py:2076} INFO - Dependencies all met for dep_context=requeueable deps ti=<TaskInstance: trigger_dag.process_results.remove_small_text.txt manual__2024-07-19T11:43:39.979350+00:00 [queued]>
[2024-07-19T11:45:49.729+0000] {taskinstance.py:2306} INFO - Starting attempt 1 of 1
[2024-07-19T11:45:49.736+0000] {taskinstance.py:2330} INFO - Executing <Task(BashOperator): process_results.remove_small_text.txt> on 2024-07-19 11:43:39.979350+00:00
[2024-07-19T11:45:49.740+0000] {warnings.py:112} WARNING - /home/airflow/.local/lib/python3.12/site-packages/airflow/task/task_runner/standard_task_runner.py:61: DeprecationWarning: This process (pid=666) is multi-threaded, use of fork() may lead to deadlocks in the child.
  pid = os.fork()

[2024-07-19T11:45:49.740+0000] {standard_task_runner.py:63} INFO - Started process 668 to run task
[2024-07-19T11:45:49.741+0000] {standard_task_runner.py:90} INFO - Running: ['airflow', 'tasks', 'run', 'trigger_dag', 'process_results.remove_small_text.txt', 'manual__2024-07-19T11:43:39.979350+00:00', '--job-id', '1604', '--raw', '--subdir', 'DAGS_FOLDER/trigger_dag.py', '--cfg-path', '/tmp/tmpeuk_9lb0']
[2024-07-19T11:45:49.742+0000] {standard_task_runner.py:91} INFO - Job 1604: Subtask process_results.remove_small_text.txt
[2024-07-19T11:45:49.782+0000] {task_command.py:426} INFO - Running <TaskInstance: trigger_dag.process_results.remove_small_text.txt manual__2024-07-19T11:43:39.979350+00:00 [running]> on host b6c6b8dd133d
[2024-07-19T11:45:49.848+0000] {taskinstance.py:2648} INFO - Exporting env vars: AIRFLOW_CTX_DAG_OWNER='airflow' AIRFLOW_CTX_DAG_ID='trigger_dag' AIRFLOW_CTX_TASK_ID='process_results.remove_small_text.txt' AIRFLOW_CTX_EXECUTION_DATE='2024-07-19T11:43:39.979350+00:00' AIRFLOW_CTX_TRY_NUMBER='1' AIRFLOW_CTX_DAG_RUN_ID='manual__2024-07-19T11:43:39.979350+00:00'
[2024-07-19T11:45:49.849+0000] {taskinstance.py:430} INFO - ::endgroup::
[2024-07-19T11:45:49.849+0000] {subprocess.py:63} INFO - Tmp dir root location: /tmp
[2024-07-19T11:45:49.850+0000] {subprocess.py:75} INFO - Running command: ['/usr/bin/bash', '-c', 'rm /opt/airflow/data/small_text']
[2024-07-19T11:45:49.856+0000] {subprocess.py:86} INFO - Output:
[2024-07-19T11:45:49.859+0000] {subprocess.py:97} INFO - Command exited with return code 0
[2024-07-19T11:45:49.860+0000] {taskinstance.py:441} INFO - ::group::Post task execution logs
[2024-07-19T11:45:49.882+0000] {taskinstance.py:1206} INFO - Marking task as SUCCESS. dag_id=trigger_dag, task_id=process_results.remove_small_text.txt, run_id=manual__2024-07-19T11:43:39.979350+00:00, execution_date=20240719T114339, start_date=20240719T114549, end_date=20240719T114549
[2024-07-19T11:45:49.924+0000] {local_task_job_runner.py:240} INFO - Task exited with return code 0
[2024-07-19T11:45:49.940+0000] {taskinstance.py:3503} INFO - 1 downstream tasks scheduled from follow-on schedule check
[2024-07-19T11:45:49.941+0000] {local_task_job_runner.py:222} INFO - ::endgroup::
