[2024-07-19T11:45:50.791+0000] {local_task_job_runner.py:120} INFO - ::group::Pre task execution logs
[2024-07-19T11:45:50.808+0000] {taskinstance.py:2076} INFO - Dependencies all met for dep_context=non-requeueable deps ti=<TaskInstance: trigger_dag.process_results.add_timestamp_file manual__2024-07-19T11:43:39.979350+00:00 [queued]>
[2024-07-19T11:45:50.812+0000] {taskinstance.py:2076} INFO - Dependencies all met for dep_context=requeueable deps ti=<TaskInstance: trigger_dag.process_results.add_timestamp_file manual__2024-07-19T11:43:39.979350+00:00 [queued]>
[2024-07-19T11:45:50.812+0000] {taskinstance.py:2306} INFO - Starting attempt 1 of 1
[2024-07-19T11:45:50.820+0000] {taskinstance.py:2330} INFO - Executing <Task(BashOperator): process_results.add_timestamp_file> on 2024-07-19 11:43:39.979350+00:00
[2024-07-19T11:45:50.824+0000] {warnings.py:112} WARNING - /home/airflow/.local/lib/python3.12/site-packages/airflow/task/task_runner/standard_task_runner.py:61: DeprecationWarning: This process (pid=670) is multi-threaded, use of fork() may lead to deadlocks in the child.
  pid = os.fork()

[2024-07-19T11:45:50.825+0000] {standard_task_runner.py:63} INFO - Started process 672 to run task
[2024-07-19T11:45:50.825+0000] {standard_task_runner.py:90} INFO - Running: ['airflow', 'tasks', 'run', 'trigger_dag', 'process_results.add_timestamp_file', 'manual__2024-07-19T11:43:39.979350+00:00', '--job-id', '1605', '--raw', '--subdir', 'DAGS_FOLDER/trigger_dag.py', '--cfg-path', '/tmp/tmp8c3fnrr_']
[2024-07-19T11:45:50.827+0000] {standard_task_runner.py:91} INFO - Job 1605: Subtask process_results.add_timestamp_file
[2024-07-19T11:45:50.863+0000] {task_command.py:426} INFO - Running <TaskInstance: trigger_dag.process_results.add_timestamp_file manual__2024-07-19T11:43:39.979350+00:00 [running]> on host b6c6b8dd133d
[2024-07-19T11:45:50.930+0000] {taskinstance.py:2648} INFO - Exporting env vars: AIRFLOW_CTX_DAG_OWNER='airflow' AIRFLOW_CTX_DAG_ID='trigger_dag' AIRFLOW_CTX_TASK_ID='process_results.add_timestamp_file' AIRFLOW_CTX_EXECUTION_DATE='2024-07-19T11:43:39.979350+00:00' AIRFLOW_CTX_TRY_NUMBER='1' AIRFLOW_CTX_DAG_RUN_ID='manual__2024-07-19T11:43:39.979350+00:00'
[2024-07-19T11:45:50.931+0000] {taskinstance.py:430} INFO - ::endgroup::
[2024-07-19T11:45:50.931+0000] {subprocess.py:63} INFO - Tmp dir root location: /tmp
[2024-07-19T11:45:50.932+0000] {subprocess.py:75} INFO - Running command: ['/usr/bin/bash', '-c', 'touch /opt/airflow/data/finished_#20240719T114339']
[2024-07-19T11:45:50.937+0000] {subprocess.py:86} INFO - Output:
[2024-07-19T11:45:50.940+0000] {subprocess.py:97} INFO - Command exited with return code 0
[2024-07-19T11:45:50.941+0000] {taskinstance.py:441} INFO - ::group::Post task execution logs
[2024-07-19T11:45:50.962+0000] {taskinstance.py:1206} INFO - Marking task as SUCCESS. dag_id=trigger_dag, task_id=process_results.add_timestamp_file, run_id=manual__2024-07-19T11:43:39.979350+00:00, execution_date=20240719T114339, start_date=20240719T114550, end_date=20240719T114550
[2024-07-19T11:45:51.009+0000] {local_task_job_runner.py:240} INFO - Task exited with return code 0
[2024-07-19T11:45:51.024+0000] {taskinstance.py:3503} INFO - 0 downstream tasks scheduled from follow-on schedule check
[2024-07-19T11:45:51.026+0000] {local_task_job_runner.py:222} INFO - ::endgroup::
