[2024-07-18T08:02:08.675+0000] {local_task_job_runner.py:120} INFO - ::group::Pre task execution logs
[2024-07-18T08:02:08.696+0000] {taskinstance.py:2076} INFO - Dependencies all met for dep_context=non-requeueable deps ti=<TaskInstance: trigger_dag.process_results.remove_small_text.txt manual__2024-07-18T08:00:59.817398+00:00 [queued]>
[2024-07-18T08:02:08.702+0000] {taskinstance.py:2076} INFO - Dependencies all met for dep_context=requeueable deps ti=<TaskInstance: trigger_dag.process_results.remove_small_text.txt manual__2024-07-18T08:00:59.817398+00:00 [queued]>
[2024-07-18T08:02:08.702+0000] {taskinstance.py:2306} INFO - Starting attempt 1 of 1
[2024-07-18T08:02:08.717+0000] {taskinstance.py:2330} INFO - Executing <Task(BashOperator): process_results.remove_small_text.txt> on 2024-07-18 08:00:59.817398+00:00
[2024-07-18T08:02:08.720+0000] {warnings.py:112} WARNING - /home/airflow/.local/lib/python3.12/site-packages/airflow/task/task_runner/standard_task_runner.py:61: DeprecationWarning: This process (pid=169) is multi-threaded, use of fork() may lead to deadlocks in the child.
  pid = os.fork()

[2024-07-18T08:02:08.721+0000] {standard_task_runner.py:63} INFO - Started process 171 to run task
[2024-07-18T08:02:08.721+0000] {standard_task_runner.py:90} INFO - Running: ['airflow', 'tasks', 'run', 'trigger_dag', 'process_results.remove_small_text.txt', 'manual__2024-07-18T08:00:59.817398+00:00', '--job-id', '1567', '--raw', '--subdir', 'DAGS_FOLDER/trigger_dag.py', '--cfg-path', '/tmp/tmphguuu6b_']
[2024-07-18T08:02:08.723+0000] {standard_task_runner.py:91} INFO - Job 1567: Subtask process_results.remove_small_text.txt
[2024-07-18T08:02:08.774+0000] {task_command.py:426} INFO - Running <TaskInstance: trigger_dag.process_results.remove_small_text.txt manual__2024-07-18T08:00:59.817398+00:00 [running]> on host 4d13026947d2
[2024-07-18T08:02:08.835+0000] {taskinstance.py:2648} INFO - Exporting env vars: AIRFLOW_CTX_DAG_OWNER='airflow' AIRFLOW_CTX_DAG_ID='trigger_dag' AIRFLOW_CTX_TASK_ID='process_results.remove_small_text.txt' AIRFLOW_CTX_EXECUTION_DATE='2024-07-18T08:00:59.817398+00:00' AIRFLOW_CTX_TRY_NUMBER='1' AIRFLOW_CTX_DAG_RUN_ID='manual__2024-07-18T08:00:59.817398+00:00'
[2024-07-18T08:02:08.836+0000] {taskinstance.py:430} INFO - ::endgroup::
[2024-07-18T08:02:08.837+0000] {subprocess.py:63} INFO - Tmp dir root location: /tmp
[2024-07-18T08:02:08.837+0000] {subprocess.py:75} INFO - Running command: ['/usr/bin/bash', '-c', 'rm /opt/airflow/data/small_text']
[2024-07-18T08:02:08.844+0000] {subprocess.py:86} INFO - Output:
[2024-07-18T08:02:08.847+0000] {subprocess.py:97} INFO - Command exited with return code 0
[2024-07-18T08:02:08.848+0000] {taskinstance.py:441} INFO - ::group::Post task execution logs
[2024-07-18T08:02:08.872+0000] {taskinstance.py:1206} INFO - Marking task as SUCCESS. dag_id=trigger_dag, task_id=process_results.remove_small_text.txt, run_id=manual__2024-07-18T08:00:59.817398+00:00, execution_date=20240718T080059, start_date=20240718T080208, end_date=20240718T080208
[2024-07-18T08:02:08.903+0000] {local_task_job_runner.py:240} INFO - Task exited with return code 0
[2024-07-18T08:02:08.922+0000] {taskinstance.py:3503} INFO - 1 downstream tasks scheduled from follow-on schedule check
[2024-07-18T08:02:08.923+0000] {local_task_job_runner.py:222} INFO - ::endgroup::
