[2024-07-18T07:58:36.357+0000] {local_task_job_runner.py:120} INFO - ::group::Pre task execution logs
[2024-07-18T07:58:36.375+0000] {taskinstance.py:2076} INFO - Dependencies all met for dep_context=non-requeueable deps ti=<TaskInstance: trigger_dag.process_results.print_log manual__2024-07-18T07:57:29.176911+00:00 [queued]>
[2024-07-18T07:58:36.379+0000] {taskinstance.py:2076} INFO - Dependencies all met for dep_context=requeueable deps ti=<TaskInstance: trigger_dag.process_results.print_log manual__2024-07-18T07:57:29.176911+00:00 [queued]>
[2024-07-18T07:58:36.379+0000] {taskinstance.py:2306} INFO - Starting attempt 1 of 1
[2024-07-18T07:58:36.386+0000] {taskinstance.py:2330} INFO - Executing <Task(PythonOperator): process_results.print_log> on 2024-07-18 07:57:29.176911+00:00
[2024-07-18T07:58:36.389+0000] {warnings.py:112} WARNING - /home/airflow/.local/lib/python3.12/site-packages/airflow/task/task_runner/standard_task_runner.py:61: DeprecationWarning: This process (pid=97) is multi-threaded, use of fork() may lead to deadlocks in the child.
  pid = os.fork()

[2024-07-18T07:58:36.389+0000] {standard_task_runner.py:63} INFO - Started process 99 to run task
[2024-07-18T07:58:36.390+0000] {standard_task_runner.py:90} INFO - Running: ['airflow', 'tasks', 'run', 'trigger_dag', 'process_results.print_log', 'manual__2024-07-18T07:57:29.176911+00:00', '--job-id', '1557', '--raw', '--subdir', 'DAGS_FOLDER/trigger_dag.py', '--cfg-path', '/tmp/tmpvxvlp93y']
[2024-07-18T07:58:36.391+0000] {standard_task_runner.py:91} INFO - Job 1557: Subtask process_results.print_log
[2024-07-18T07:58:36.424+0000] {task_command.py:426} INFO - Running <TaskInstance: trigger_dag.process_results.print_log manual__2024-07-18T07:57:29.176911+00:00 [running]> on host 4d13026947d2
[2024-07-18T07:58:36.479+0000] {taskinstance.py:2648} INFO - Exporting env vars: AIRFLOW_CTX_DAG_OWNER='airflow' AIRFLOW_CTX_DAG_ID='trigger_dag' AIRFLOW_CTX_TASK_ID='process_results.print_log' AIRFLOW_CTX_EXECUTION_DATE='2024-07-18T07:57:29.176911+00:00' AIRFLOW_CTX_TRY_NUMBER='1' AIRFLOW_CTX_DAG_RUN_ID='manual__2024-07-18T07:57:29.176911+00:00'
[2024-07-18T07:58:36.480+0000] {taskinstance.py:430} INFO - ::endgroup::
[2024-07-18T07:58:36.491+0000] {trigger_dag.py:27} INFO - manual__2024-07-16T10:28:24.601752+00:00 ended
[2024-07-18T07:58:36.492+0000] {python.py:237} INFO - Done. Returned value was: None
[2024-07-18T07:58:36.492+0000] {taskinstance.py:441} INFO - ::group::Post task execution logs
[2024-07-18T07:58:36.500+0000] {taskinstance.py:1206} INFO - Marking task as SUCCESS. dag_id=trigger_dag, task_id=process_results.print_log, run_id=manual__2024-07-18T07:57:29.176911+00:00, execution_date=20240718T075729, start_date=20240718T075836, end_date=20240718T075836
[2024-07-18T07:58:36.530+0000] {local_task_job_runner.py:240} INFO - Task exited with return code 0
[2024-07-18T07:58:36.547+0000] {taskinstance.py:3503} INFO - 1 downstream tasks scheduled from follow-on schedule check
[2024-07-18T07:58:36.548+0000] {local_task_job_runner.py:222} INFO - ::endgroup::
