[2024-07-23T08:16:06.675+0000] {local_task_job_runner.py:120} INFO - ::group::Pre task execution logs
[2024-07-23T08:16:06.693+0000] {taskinstance.py:2076} INFO - Dependencies all met for dep_context=non-requeueable deps ti=<TaskInstance: count_accidents.spark_count_number_of_accidents manual__2024-07-23T08:16:04.719163+00:00 [queued]>
[2024-07-23T08:16:06.698+0000] {taskinstance.py:2076} INFO - Dependencies all met for dep_context=requeueable deps ti=<TaskInstance: count_accidents.spark_count_number_of_accidents manual__2024-07-23T08:16:04.719163+00:00 [queued]>
[2024-07-23T08:16:06.698+0000] {taskinstance.py:2306} INFO - Starting attempt 1 of 1
[2024-07-23T08:16:06.706+0000] {taskinstance.py:2330} INFO - Executing <Task(SparkSubmitOperator): spark_count_number_of_accidents> on 2024-07-23 08:16:04.719163+00:00
[2024-07-23T08:16:06.710+0000] {warnings.py:112} WARNING - /home/airflow/.local/lib/python3.12/site-packages/airflow/task/task_runner/standard_task_runner.py:61: DeprecationWarning: This process (pid=243) is multi-threaded, use of fork() may lead to deadlocks in the child.
  pid = os.fork()

[2024-07-23T08:16:06.711+0000] {standard_task_runner.py:63} INFO - Started process 246 to run task
[2024-07-23T08:16:06.711+0000] {standard_task_runner.py:90} INFO - Running: ['airflow', 'tasks', 'run', 'count_accidents', 'spark_count_number_of_accidents', 'manual__2024-07-23T08:16:04.719163+00:00', '--job-id', '1857', '--raw', '--subdir', 'DAGS_FOLDER/count_accidents.py', '--cfg-path', '/tmp/tmpoicrqwmt']
[2024-07-23T08:16:06.713+0000] {standard_task_runner.py:91} INFO - Job 1857: Subtask spark_count_number_of_accidents
[2024-07-23T08:16:06.781+0000] {task_command.py:426} INFO - Running <TaskInstance: count_accidents.spark_count_number_of_accidents manual__2024-07-23T08:16:04.719163+00:00 [running]> on host be9a273262f9
[2024-07-23T08:16:06.860+0000] {taskinstance.py:2648} INFO - Exporting env vars: AIRFLOW_CTX_DAG_OWNER='airflow' AIRFLOW_CTX_DAG_ID='count_accidents' AIRFLOW_CTX_TASK_ID='spark_count_number_of_accidents' AIRFLOW_CTX_EXECUTION_DATE='2024-07-23T08:16:04.719163+00:00' AIRFLOW_CTX_TRY_NUMBER='1' AIRFLOW_CTX_DAG_RUN_ID='manual__2024-07-23T08:16:04.719163+00:00'
[2024-07-23T08:16:06.870+0000] {taskinstance.py:430} INFO - ::endgroup::
[2024-07-23T08:16:06.882+0000] {base.py:84} INFO - Using connection ID 'spark' for task execution.
[2024-07-23T08:16:06.883+0000] {spark_submit.py:401} INFO - Spark-Submit cmd: spark-submit --master spark://spark:7077 --name arrow-spark --deploy-mode client /opt/airflow/spark/count_rows.py
[2024-07-23T08:16:08.813+0000] {spark_submit.py:571} INFO - 24/07/23 08:16:08 INFO SparkContext: Running Spark version 3.5.1
[2024-07-23T08:16:08.814+0000] {spark_submit.py:571} INFO - 24/07/23 08:16:08 INFO SparkContext: OS info Linux, 6.6.32-linuxkit, aarch64
[2024-07-23T08:16:08.815+0000] {spark_submit.py:571} INFO - 24/07/23 08:16:08 INFO SparkContext: Java version 17.0.11
[2024-07-23T08:16:08.845+0000] {spark_submit.py:571} INFO - 24/07/23 08:16:08 WARN NativeCodeLoader: Unable to load native-hadoop library for your platform... using builtin-java classes where applicable
[2024-07-23T08:16:08.891+0000] {spark_submit.py:571} INFO - 24/07/23 08:16:08 INFO ResourceUtils: ==============================================================
[2024-07-23T08:16:08.892+0000] {spark_submit.py:571} INFO - 24/07/23 08:16:08 INFO ResourceUtils: No custom resources configured for spark.driver.
[2024-07-23T08:16:08.893+0000] {spark_submit.py:571} INFO - 24/07/23 08:16:08 INFO ResourceUtils: ==============================================================
[2024-07-23T08:16:08.893+0000] {spark_submit.py:571} INFO - 24/07/23 08:16:08 INFO SparkContext: Submitted application: CountAccidents
[2024-07-23T08:16:08.905+0000] {spark_submit.py:571} INFO - 24/07/23 08:16:08 INFO ResourceProfile: Default ResourceProfile created, executor resources: Map(memory -> name: memory, amount: 1024, script: , vendor: , offHeap -> name: offHeap, amount: 0, script: , vendor: ), task resources: Map(cpus -> name: cpus, amount: 1.0)
[2024-07-23T08:16:08.910+0000] {spark_submit.py:571} INFO - 24/07/23 08:16:08 INFO ResourceProfile: Limiting resource is cpu
[2024-07-23T08:16:08.911+0000] {spark_submit.py:571} INFO - 24/07/23 08:16:08 INFO ResourceProfileManager: Added ResourceProfile id: 0
[2024-07-23T08:16:08.936+0000] {spark_submit.py:571} INFO - 24/07/23 08:16:08 INFO SecurityManager: Changing view acls to: default
[2024-07-23T08:16:08.937+0000] {spark_submit.py:571} INFO - 24/07/23 08:16:08 INFO SecurityManager: Changing modify acls to: default
[2024-07-23T08:16:08.938+0000] {spark_submit.py:571} INFO - 24/07/23 08:16:08 INFO SecurityManager: Changing view acls groups to:
[2024-07-23T08:16:08.938+0000] {spark_submit.py:571} INFO - 24/07/23 08:16:08 INFO SecurityManager: Changing modify acls groups to:
[2024-07-23T08:16:08.939+0000] {spark_submit.py:571} INFO - 24/07/23 08:16:08 INFO SecurityManager: SecurityManager: authentication disabled; ui acls disabled; users with view permissions: default; groups with view permissions: EMPTY; users with modify permissions: default; groups with modify permissions: EMPTY
[2024-07-23T08:16:09.082+0000] {spark_submit.py:571} INFO - 24/07/23 08:16:09 INFO Utils: Successfully started service 'sparkDriver' on port 46719.
[2024-07-23T08:16:09.106+0000] {spark_submit.py:571} INFO - 24/07/23 08:16:09 INFO SparkEnv: Registering MapOutputTracker
[2024-07-23T08:16:09.131+0000] {spark_submit.py:571} INFO - 24/07/23 08:16:09 INFO SparkEnv: Registering BlockManagerMaster
[2024-07-23T08:16:09.145+0000] {spark_submit.py:571} INFO - 24/07/23 08:16:09 INFO BlockManagerMasterEndpoint: Using org.apache.spark.storage.DefaultTopologyMapper for getting topology information
[2024-07-23T08:16:09.148+0000] {spark_submit.py:571} INFO - 24/07/23 08:16:09 INFO BlockManagerMasterEndpoint: BlockManagerMasterEndpoint up
[2024-07-23T08:16:09.150+0000] {spark_submit.py:571} INFO - 24/07/23 08:16:09 INFO SparkEnv: Registering BlockManagerMasterHeartbeat
[2024-07-23T08:16:09.164+0000] {spark_submit.py:571} INFO - 24/07/23 08:16:09 INFO DiskBlockManager: Created local directory at /tmp/blockmgr-c76dc3c7-62f7-4980-8ddb-2534fa6cf712
[2024-07-23T08:16:09.175+0000] {spark_submit.py:571} INFO - 24/07/23 08:16:09 INFO MemoryStore: MemoryStore started with capacity 434.4 MiB
[2024-07-23T08:16:09.186+0000] {spark_submit.py:571} INFO - 24/07/23 08:16:09 INFO SparkEnv: Registering OutputCommitCoordinator
[2024-07-23T08:16:09.285+0000] {spark_submit.py:571} INFO - 24/07/23 08:16:09 INFO JettyUtils: Start Jetty 0.0.0.0:4040 for SparkUI
[2024-07-23T08:16:09.354+0000] {spark_submit.py:571} INFO - 24/07/23 08:16:09 INFO Utils: Successfully started service 'SparkUI' on port 4040.
[2024-07-23T08:16:09.466+0000] {spark_submit.py:571} INFO - 24/07/23 08:16:09 INFO StandaloneAppClient$ClientEndpoint: Connecting to master spark://spark:7077...
[2024-07-23T08:16:09.504+0000] {spark_submit.py:571} INFO - 24/07/23 08:16:09 INFO TransportClientFactory: Successfully created connection to spark/172.18.0.2:7077 after 20 ms (0 ms spent in bootstraps)
[2024-07-23T08:16:09.630+0000] {spark_submit.py:571} INFO - 24/07/23 08:16:09 INFO StandaloneSchedulerBackend: Connected to Spark cluster with app ID app-20240723081609-0001
[2024-07-23T08:16:09.631+0000] {spark_submit.py:571} INFO - 24/07/23 08:16:09 INFO StandaloneAppClient$ClientEndpoint: Executor added: app-20240723081609-0001/0 on worker-20240723081411-172.18.0.7-44841 (172.18.0.7:44841) with 2 core(s)
[2024-07-23T08:16:09.639+0000] {spark_submit.py:571} INFO - 24/07/23 08:16:09 INFO StandaloneSchedulerBackend: Granted executor ID app-20240723081609-0001/0 on hostPort 172.18.0.7:44841 with 2 core(s), 1024.0 MiB RAM
[2024-07-23T08:16:09.654+0000] {spark_submit.py:571} INFO - 24/07/23 08:16:09 INFO Utils: Successfully started service 'org.apache.spark.network.netty.NettyBlockTransferService' on port 44337.
[2024-07-23T08:16:09.662+0000] {spark_submit.py:571} INFO - 24/07/23 08:16:09 INFO NettyBlockTransferService: Server created on be9a273262f9:44337
[2024-07-23T08:16:09.669+0000] {spark_submit.py:571} INFO - 24/07/23 08:16:09 INFO BlockManager: Using org.apache.spark.storage.RandomBlockReplicationPolicy for block replication policy
[2024-07-23T08:16:09.671+0000] {spark_submit.py:571} INFO - 24/07/23 08:16:09 INFO BlockManagerMaster: Registering BlockManager BlockManagerId(driver, be9a273262f9, 44337, None)
[2024-07-23T08:16:09.672+0000] {spark_submit.py:571} INFO - 24/07/23 08:16:09 INFO BlockManagerMasterEndpoint: Registering block manager be9a273262f9:44337 with 434.4 MiB RAM, BlockManagerId(driver, be9a273262f9, 44337, None)
[2024-07-23T08:16:09.678+0000] {spark_submit.py:571} INFO - 24/07/23 08:16:09 INFO BlockManagerMaster: Registered BlockManager BlockManagerId(driver, be9a273262f9, 44337, None)
[2024-07-23T08:16:09.680+0000] {spark_submit.py:571} INFO - 24/07/23 08:16:09 INFO BlockManager: Initialized BlockManager: BlockManagerId(driver, be9a273262f9, 44337, None)
[2024-07-23T08:16:09.753+0000] {spark_submit.py:571} INFO - 24/07/23 08:16:09 INFO StandaloneAppClient$ClientEndpoint: Executor updated: app-20240723081609-0001/0 is now RUNNING
[2024-07-23T08:16:09.907+0000] {spark_submit.py:571} INFO - 24/07/23 08:16:09 INFO StandaloneSchedulerBackend: SchedulerBackend is ready for scheduling beginning after reached minRegisteredResourcesRatio: 0.0
[2024-07-23T08:16:10.079+0000] {spark_submit.py:571} INFO - 24/07/23 08:16:10 INFO SharedState: Setting hive.metastore.warehouse.dir ('null') to the value of spark.sql.warehouse.dir.
[2024-07-23T08:16:10.085+0000] {spark_submit.py:571} INFO - 24/07/23 08:16:10 INFO SharedState: Warehouse path is 'file:/opt/airflow/spark-warehouse'.
[2024-07-23T08:16:10.734+0000] {spark_submit.py:571} INFO - 24/07/23 08:16:10 INFO InMemoryFileIndex: It took 66 ms to list leaf files for 1 paths.
[2024-07-23T08:16:10.799+0000] {spark_submit.py:571} INFO - 24/07/23 08:16:10 INFO InMemoryFileIndex: It took 2 ms to list leaf files for 1 paths.
[2024-07-23T08:16:12.583+0000] {spark_submit.py:571} INFO - 24/07/23 08:16:12 INFO StandaloneSchedulerBackend$StandaloneDriverEndpoint: Registered executor NettyRpcEndpointRef(spark-client://Executor) (172.18.0.7:47584) with ID 0,  ResourceProfileId 0
[2024-07-23T08:16:12.649+0000] {spark_submit.py:571} INFO - 24/07/23 08:16:12 INFO BlockManagerMasterEndpoint: Registering block manager 172.18.0.7:42169 with 434.4 MiB RAM, BlockManagerId(0, 172.18.0.7, 42169, None)
[2024-07-23T08:16:12.688+0000] {spark_submit.py:571} INFO - 24/07/23 08:16:12 INFO FileSourceStrategy: Pushed Filters:
[2024-07-23T08:16:12.690+0000] {spark_submit.py:571} INFO - 24/07/23 08:16:12 INFO FileSourceStrategy: Post-Scan Filters: (length(trim(value#0, None)) > 0)
[2024-07-23T08:16:13.032+0000] {spark_submit.py:571} INFO - 24/07/23 08:16:13 INFO CodeGenerator: Code generated in 116.575042 ms
[2024-07-23T08:16:13.086+0000] {spark_submit.py:571} INFO - 24/07/23 08:16:13 INFO MemoryStore: Block broadcast_0 stored as values in memory (estimated size 199.8 KiB, free 434.2 MiB)
[2024-07-23T08:16:13.139+0000] {spark_submit.py:571} INFO - 24/07/23 08:16:13 INFO MemoryStore: Block broadcast_0_piece0 stored as bytes in memory (estimated size 34.3 KiB, free 434.2 MiB)
[2024-07-23T08:16:13.142+0000] {spark_submit.py:571} INFO - 24/07/23 08:16:13 INFO BlockManagerInfo: Added broadcast_0_piece0 in memory on be9a273262f9:44337 (size: 34.3 KiB, free: 434.4 MiB)
[2024-07-23T08:16:13.144+0000] {spark_submit.py:571} INFO - 24/07/23 08:16:13 INFO SparkContext: Created broadcast 0 from csv at NativeMethodAccessorImpl.java:0
[2024-07-23T08:16:13.151+0000] {spark_submit.py:571} INFO - 24/07/23 08:16:13 INFO FileSourceScanExec: Planning scan with bin packing, max size: 5368882 bytes, open cost is considered as scanning 4194304 bytes.
[2024-07-23T08:16:13.229+0000] {spark_submit.py:571} INFO - 24/07/23 08:16:13 INFO SparkContext: Starting job: csv at NativeMethodAccessorImpl.java:0
[2024-07-23T08:16:13.241+0000] {spark_submit.py:571} INFO - 24/07/23 08:16:13 INFO DAGScheduler: Got job 0 (csv at NativeMethodAccessorImpl.java:0) with 1 output partitions
[2024-07-23T08:16:13.241+0000] {spark_submit.py:571} INFO - 24/07/23 08:16:13 INFO DAGScheduler: Final stage: ResultStage 0 (csv at NativeMethodAccessorImpl.java:0)
[2024-07-23T08:16:13.241+0000] {spark_submit.py:571} INFO - 24/07/23 08:16:13 INFO DAGScheduler: Parents of final stage: List()
[2024-07-23T08:16:13.242+0000] {spark_submit.py:571} INFO - 24/07/23 08:16:13 INFO DAGScheduler: Missing parents: List()
[2024-07-23T08:16:13.243+0000] {spark_submit.py:571} INFO - 24/07/23 08:16:13 INFO DAGScheduler: Submitting ResultStage 0 (MapPartitionsRDD[3] at csv at NativeMethodAccessorImpl.java:0), which has no missing parents
[2024-07-23T08:16:13.287+0000] {spark_submit.py:571} INFO - 24/07/23 08:16:13 INFO MemoryStore: Block broadcast_1 stored as values in memory (estimated size 13.5 KiB, free 434.2 MiB)
[2024-07-23T08:16:13.288+0000] {spark_submit.py:571} INFO - 24/07/23 08:16:13 INFO MemoryStore: Block broadcast_1_piece0 stored as bytes in memory (estimated size 6.4 KiB, free 434.2 MiB)
[2024-07-23T08:16:13.288+0000] {spark_submit.py:571} INFO - 24/07/23 08:16:13 INFO BlockManagerInfo: Added broadcast_1_piece0 in memory on be9a273262f9:44337 (size: 6.4 KiB, free: 434.4 MiB)
[2024-07-23T08:16:13.289+0000] {spark_submit.py:571} INFO - 24/07/23 08:16:13 INFO SparkContext: Created broadcast 1 from broadcast at DAGScheduler.scala:1585
[2024-07-23T08:16:13.298+0000] {spark_submit.py:571} INFO - 24/07/23 08:16:13 INFO DAGScheduler: Submitting 1 missing tasks from ResultStage 0 (MapPartitionsRDD[3] at csv at NativeMethodAccessorImpl.java:0) (first 15 tasks are for partitions Vector(0))
[2024-07-23T08:16:13.299+0000] {spark_submit.py:571} INFO - 24/07/23 08:16:13 INFO TaskSchedulerImpl: Adding task set 0.0 with 1 tasks resource profile 0
[2024-07-23T08:16:13.313+0000] {spark_submit.py:571} INFO - 24/07/23 08:16:13 INFO TaskSetManager: Starting task 0.0 in stage 0.0 (TID 0) (172.18.0.7, executor 0, partition 0, PROCESS_LOCAL, 8250 bytes)
[2024-07-23T08:16:13.443+0000] {spark_submit.py:571} INFO - 24/07/23 08:16:13 INFO BlockManagerInfo: Added broadcast_1_piece0 in memory on 172.18.0.7:42169 (size: 6.4 KiB, free: 434.4 MiB)
[2024-07-23T08:16:13.882+0000] {spark_submit.py:571} INFO - 24/07/23 08:16:13 INFO BlockManagerInfo: Added broadcast_0_piece0 in memory on 172.18.0.7:42169 (size: 34.3 KiB, free: 434.4 MiB)
[2024-07-23T08:16:13.996+0000] {spark_submit.py:571} INFO - 24/07/23 08:16:13 INFO TaskSetManager: Finished task 0.0 in stage 0.0 (TID 0) in 689 ms on 172.18.0.7 (executor 0) (1/1)
[2024-07-23T08:16:13.997+0000] {spark_submit.py:571} INFO - 24/07/23 08:16:13 INFO TaskSchedulerImpl: Removed TaskSet 0.0, whose tasks have all completed, from pool
[2024-07-23T08:16:14.001+0000] {spark_submit.py:571} INFO - 24/07/23 08:16:14 INFO DAGScheduler: ResultStage 0 (csv at NativeMethodAccessorImpl.java:0) finished in 0.747 s
[2024-07-23T08:16:14.002+0000] {spark_submit.py:571} INFO - 24/07/23 08:16:14 INFO DAGScheduler: Job 0 is finished. Cancelling potential speculative or zombie tasks for this job
[2024-07-23T08:16:14.002+0000] {spark_submit.py:571} INFO - 24/07/23 08:16:14 INFO TaskSchedulerImpl: Killing all running tasks in stage 0: Stage finished
[2024-07-23T08:16:14.004+0000] {spark_submit.py:571} INFO - 24/07/23 08:16:14 INFO DAGScheduler: Job 0 finished: csv at NativeMethodAccessorImpl.java:0, took 0.774128 s
[2024-07-23T08:16:14.019+0000] {spark_submit.py:571} INFO - 24/07/23 08:16:14 INFO CodeGenerator: Code generated in 6.135375 ms
[2024-07-23T08:16:14.051+0000] {spark_submit.py:571} INFO - 24/07/23 08:16:14 INFO BlockManagerInfo: Removed broadcast_1_piece0 on be9a273262f9:44337 in memory (size: 6.4 KiB, free: 434.4 MiB)
[2024-07-23T08:16:14.053+0000] {spark_submit.py:571} INFO - 24/07/23 08:16:14 INFO FileSourceStrategy: Pushed Filters:
[2024-07-23T08:16:14.053+0000] {spark_submit.py:571} INFO - 24/07/23 08:16:14 INFO FileSourceStrategy: Post-Scan Filters:
[2024-07-23T08:16:14.054+0000] {spark_submit.py:571} INFO - 24/07/23 08:16:14 INFO BlockManagerInfo: Removed broadcast_1_piece0 on 172.18.0.7:42169 in memory (size: 6.4 KiB, free: 434.4 MiB)
[2024-07-23T08:16:14.056+0000] {spark_submit.py:571} INFO - 24/07/23 08:16:14 INFO MemoryStore: Block broadcast_2 stored as values in memory (estimated size 199.8 KiB, free 434.0 MiB)
[2024-07-23T08:16:14.065+0000] {spark_submit.py:571} INFO - 24/07/23 08:16:14 INFO MemoryStore: Block broadcast_2_piece0 stored as bytes in memory (estimated size 34.3 KiB, free 433.9 MiB)
[2024-07-23T08:16:14.065+0000] {spark_submit.py:571} INFO - 24/07/23 08:16:14 INFO BlockManagerInfo: Added broadcast_2_piece0 in memory on be9a273262f9:44337 (size: 34.3 KiB, free: 434.3 MiB)
[2024-07-23T08:16:14.066+0000] {spark_submit.py:571} INFO - 24/07/23 08:16:14 INFO SparkContext: Created broadcast 2 from csv at NativeMethodAccessorImpl.java:0
[2024-07-23T08:16:14.067+0000] {spark_submit.py:571} INFO - 24/07/23 08:16:14 INFO FileSourceScanExec: Planning scan with bin packing, max size: 5368882 bytes, open cost is considered as scanning 4194304 bytes.
[2024-07-23T08:16:14.109+0000] {spark_submit.py:571} INFO - 24/07/23 08:16:14 INFO SparkContext: Starting job: csv at NativeMethodAccessorImpl.java:0
[2024-07-23T08:16:14.109+0000] {spark_submit.py:571} INFO - 24/07/23 08:16:14 INFO DAGScheduler: Got job 1 (csv at NativeMethodAccessorImpl.java:0) with 2 output partitions
[2024-07-23T08:16:14.109+0000] {spark_submit.py:571} INFO - 24/07/23 08:16:14 INFO DAGScheduler: Final stage: ResultStage 1 (csv at NativeMethodAccessorImpl.java:0)
[2024-07-23T08:16:14.110+0000] {spark_submit.py:571} INFO - 24/07/23 08:16:14 INFO DAGScheduler: Parents of final stage: List()
[2024-07-23T08:16:14.110+0000] {spark_submit.py:571} INFO - 24/07/23 08:16:14 INFO DAGScheduler: Missing parents: List()
[2024-07-23T08:16:14.110+0000] {spark_submit.py:571} INFO - 24/07/23 08:16:14 INFO DAGScheduler: Submitting ResultStage 1 (MapPartitionsRDD[9] at csv at NativeMethodAccessorImpl.java:0), which has no missing parents
[2024-07-23T08:16:14.120+0000] {spark_submit.py:571} INFO - 24/07/23 08:16:14 INFO MemoryStore: Block broadcast_3 stored as values in memory (estimated size 27.7 KiB, free 433.9 MiB)
[2024-07-23T08:16:14.123+0000] {spark_submit.py:571} INFO - 24/07/23 08:16:14 INFO MemoryStore: Block broadcast_3_piece0 stored as bytes in memory (estimated size 12.8 KiB, free 433.9 MiB)
[2024-07-23T08:16:14.124+0000] {spark_submit.py:571} INFO - 24/07/23 08:16:14 INFO BlockManagerInfo: Added broadcast_3_piece0 in memory on be9a273262f9:44337 (size: 12.8 KiB, free: 434.3 MiB)
[2024-07-23T08:16:14.124+0000] {spark_submit.py:571} INFO - 24/07/23 08:16:14 INFO SparkContext: Created broadcast 3 from broadcast at DAGScheduler.scala:1585
[2024-07-23T08:16:14.125+0000] {spark_submit.py:571} INFO - 24/07/23 08:16:14 INFO DAGScheduler: Submitting 2 missing tasks from ResultStage 1 (MapPartitionsRDD[9] at csv at NativeMethodAccessorImpl.java:0) (first 15 tasks are for partitions Vector(0, 1))
[2024-07-23T08:16:14.125+0000] {spark_submit.py:571} INFO - 24/07/23 08:16:14 INFO TaskSchedulerImpl: Adding task set 1.0 with 2 tasks resource profile 0
[2024-07-23T08:16:14.126+0000] {spark_submit.py:571} INFO - 24/07/23 08:16:14 INFO TaskSetManager: Starting task 0.0 in stage 1.0 (TID 1) (172.18.0.7, executor 0, partition 0, PROCESS_LOCAL, 8250 bytes)
[2024-07-23T08:16:14.126+0000] {spark_submit.py:571} INFO - 24/07/23 08:16:14 INFO TaskSetManager: Starting task 1.0 in stage 1.0 (TID 2) (172.18.0.7, executor 0, partition 1, PROCESS_LOCAL, 8250 bytes)
[2024-07-23T08:16:14.142+0000] {spark_submit.py:571} INFO - 24/07/23 08:16:14 INFO BlockManagerInfo: Added broadcast_3_piece0 in memory on 172.18.0.7:42169 (size: 12.8 KiB, free: 434.4 MiB)
[2024-07-23T08:16:14.832+0000] {spark_submit.py:571} INFO - 24/07/23 08:16:14 INFO BlockManagerInfo: Added broadcast_2_piece0 in memory on 172.18.0.7:42169 (size: 34.3 KiB, free: 434.3 MiB)
[2024-07-23T08:16:15.140+0000] {spark_submit.py:571} INFO - 24/07/23 08:16:15 INFO TaskSetManager: Finished task 1.0 in stage 1.0 (TID 2) in 1013 ms on 172.18.0.7 (executor 0) (1/2)
[2024-07-23T08:16:15.229+0000] {spark_submit.py:571} INFO - 24/07/23 08:16:15 INFO TaskSetManager: Finished task 0.0 in stage 1.0 (TID 1) in 1101 ms on 172.18.0.7 (executor 0) (2/2)
[2024-07-23T08:16:15.230+0000] {spark_submit.py:571} INFO - 24/07/23 08:16:15 INFO TaskSchedulerImpl: Removed TaskSet 1.0, whose tasks have all completed, from pool
[2024-07-23T08:16:15.230+0000] {spark_submit.py:571} INFO - 24/07/23 08:16:15 INFO DAGScheduler: ResultStage 1 (csv at NativeMethodAccessorImpl.java:0) finished in 1.118 s
[2024-07-23T08:16:15.231+0000] {spark_submit.py:571} INFO - 24/07/23 08:16:15 INFO DAGScheduler: Job 1 is finished. Cancelling potential speculative or zombie tasks for this job
[2024-07-23T08:16:15.231+0000] {spark_submit.py:571} INFO - 24/07/23 08:16:15 INFO TaskSchedulerImpl: Killing all running tasks in stage 1: Stage finished
[2024-07-23T08:16:15.231+0000] {spark_submit.py:571} INFO - 24/07/23 08:16:15 INFO DAGScheduler: Job 1 finished: csv at NativeMethodAccessorImpl.java:0, took 1.119955 s
[2024-07-23T08:16:15.284+0000] {spark_submit.py:571} INFO - 24/07/23 08:16:15 INFO FileSourceStrategy: Pushed Filters:
[2024-07-23T08:16:15.285+0000] {spark_submit.py:571} INFO - 24/07/23 08:16:15 INFO FileSourceStrategy: Post-Scan Filters:
[2024-07-23T08:16:15.343+0000] {spark_submit.py:571} INFO - 24/07/23 08:16:15 INFO CodeGenerator: Code generated in 6.88675 ms
[2024-07-23T08:16:15.345+0000] {spark_submit.py:571} INFO - 24/07/23 08:16:15 INFO MemoryStore: Block broadcast_4 stored as values in memory (estimated size 199.6 KiB, free 433.7 MiB)
[2024-07-23T08:16:15.351+0000] {spark_submit.py:571} INFO - 24/07/23 08:16:15 INFO MemoryStore: Block broadcast_4_piece0 stored as bytes in memory (estimated size 34.3 KiB, free 433.7 MiB)
[2024-07-23T08:16:15.351+0000] {spark_submit.py:571} INFO - 24/07/23 08:16:15 INFO BlockManagerInfo: Added broadcast_4_piece0 in memory on be9a273262f9:44337 (size: 34.3 KiB, free: 434.3 MiB)
[2024-07-23T08:16:15.352+0000] {spark_submit.py:571} INFO - 24/07/23 08:16:15 INFO SparkContext: Created broadcast 4 from count at NativeMethodAccessorImpl.java:0
[2024-07-23T08:16:15.355+0000] {spark_submit.py:571} INFO - 24/07/23 08:16:15 INFO FileSourceScanExec: Planning scan with bin packing, max size: 5368882 bytes, open cost is considered as scanning 4194304 bytes.
[2024-07-23T08:16:15.376+0000] {spark_submit.py:571} INFO - 24/07/23 08:16:15 INFO DAGScheduler: Registering RDD 13 (count at NativeMethodAccessorImpl.java:0) as input to shuffle 0
[2024-07-23T08:16:15.379+0000] {spark_submit.py:571} INFO - 24/07/23 08:16:15 INFO DAGScheduler: Got map stage job 2 (count at NativeMethodAccessorImpl.java:0) with 2 output partitions
[2024-07-23T08:16:15.379+0000] {spark_submit.py:571} INFO - 24/07/23 08:16:15 INFO DAGScheduler: Final stage: ShuffleMapStage 2 (count at NativeMethodAccessorImpl.java:0)
[2024-07-23T08:16:15.379+0000] {spark_submit.py:571} INFO - 24/07/23 08:16:15 INFO DAGScheduler: Parents of final stage: List()
[2024-07-23T08:16:15.379+0000] {spark_submit.py:571} INFO - 24/07/23 08:16:15 INFO DAGScheduler: Missing parents: List()
[2024-07-23T08:16:15.380+0000] {spark_submit.py:571} INFO - 24/07/23 08:16:15 INFO DAGScheduler: Submitting ShuffleMapStage 2 (MapPartitionsRDD[13] at count at NativeMethodAccessorImpl.java:0), which has no missing parents
[2024-07-23T08:16:15.386+0000] {spark_submit.py:571} INFO - 24/07/23 08:16:15 INFO MemoryStore: Block broadcast_5 stored as values in memory (estimated size 18.2 KiB, free 433.7 MiB)
[2024-07-23T08:16:15.389+0000] {spark_submit.py:571} INFO - 24/07/23 08:16:15 INFO MemoryStore: Block broadcast_5_piece0 stored as bytes in memory (estimated size 9.0 KiB, free 433.6 MiB)
[2024-07-23T08:16:15.389+0000] {spark_submit.py:571} INFO - 24/07/23 08:16:15 INFO BlockManagerInfo: Added broadcast_5_piece0 in memory on be9a273262f9:44337 (size: 9.0 KiB, free: 434.3 MiB)
[2024-07-23T08:16:15.390+0000] {spark_submit.py:571} INFO - 24/07/23 08:16:15 INFO SparkContext: Created broadcast 5 from broadcast at DAGScheduler.scala:1585
[2024-07-23T08:16:15.391+0000] {spark_submit.py:571} INFO - 24/07/23 08:16:15 INFO DAGScheduler: Submitting 2 missing tasks from ShuffleMapStage 2 (MapPartitionsRDD[13] at count at NativeMethodAccessorImpl.java:0) (first 15 tasks are for partitions Vector(0, 1))
[2024-07-23T08:16:15.391+0000] {spark_submit.py:571} INFO - 24/07/23 08:16:15 INFO TaskSchedulerImpl: Adding task set 2.0 with 2 tasks resource profile 0
[2024-07-23T08:16:15.392+0000] {spark_submit.py:571} INFO - 24/07/23 08:16:15 INFO TaskSetManager: Starting task 0.0 in stage 2.0 (TID 3) (172.18.0.7, executor 0, partition 0, PROCESS_LOCAL, 8239 bytes)
[2024-07-23T08:16:15.393+0000] {spark_submit.py:571} INFO - 24/07/23 08:16:15 INFO TaskSetManager: Starting task 1.0 in stage 2.0 (TID 4) (172.18.0.7, executor 0, partition 1, PROCESS_LOCAL, 8239 bytes)
[2024-07-23T08:16:15.405+0000] {spark_submit.py:571} INFO - 24/07/23 08:16:15 INFO BlockManagerInfo: Added broadcast_5_piece0 in memory on 172.18.0.7:42169 (size: 9.0 KiB, free: 434.3 MiB)
[2024-07-23T08:16:15.479+0000] {spark_submit.py:571} INFO - 24/07/23 08:16:15 INFO BlockManagerInfo: Added broadcast_4_piece0 in memory on 172.18.0.7:42169 (size: 34.3 KiB, free: 434.3 MiB)
[2024-07-23T08:16:15.550+0000] {spark_submit.py:571} INFO - 24/07/23 08:16:15 INFO TaskSetManager: Finished task 1.0 in stage 2.0 (TID 4) in 158 ms on 172.18.0.7 (executor 0) (1/2)
[2024-07-23T08:16:15.563+0000] {spark_submit.py:571} INFO - 24/07/23 08:16:15 INFO TaskSetManager: Finished task 0.0 in stage 2.0 (TID 3) in 171 ms on 172.18.0.7 (executor 0) (2/2)
[2024-07-23T08:16:15.564+0000] {spark_submit.py:571} INFO - 24/07/23 08:16:15 INFO TaskSchedulerImpl: Removed TaskSet 2.0, whose tasks have all completed, from pool
[2024-07-23T08:16:15.564+0000] {spark_submit.py:571} INFO - 24/07/23 08:16:15 INFO DAGScheduler: ShuffleMapStage 2 (count at NativeMethodAccessorImpl.java:0) finished in 0.182 s
[2024-07-23T08:16:15.564+0000] {spark_submit.py:571} INFO - 24/07/23 08:16:15 INFO DAGScheduler: looking for newly runnable stages
[2024-07-23T08:16:15.565+0000] {spark_submit.py:571} INFO - 24/07/23 08:16:15 INFO DAGScheduler: running: Set()
[2024-07-23T08:16:15.565+0000] {spark_submit.py:571} INFO - 24/07/23 08:16:15 INFO DAGScheduler: waiting: Set()
[2024-07-23T08:16:15.565+0000] {spark_submit.py:571} INFO - 24/07/23 08:16:15 INFO DAGScheduler: failed: Set()
[2024-07-23T08:16:15.586+0000] {spark_submit.py:571} INFO - 24/07/23 08:16:15 INFO CodeGenerator: Code generated in 6.719833 ms
[2024-07-23T08:16:15.611+0000] {spark_submit.py:571} INFO - 24/07/23 08:16:15 INFO SparkContext: Starting job: count at NativeMethodAccessorImpl.java:0
[2024-07-23T08:16:15.612+0000] {spark_submit.py:571} INFO - 24/07/23 08:16:15 INFO DAGScheduler: Got job 3 (count at NativeMethodAccessorImpl.java:0) with 1 output partitions
[2024-07-23T08:16:15.612+0000] {spark_submit.py:571} INFO - 24/07/23 08:16:15 INFO DAGScheduler: Final stage: ResultStage 4 (count at NativeMethodAccessorImpl.java:0)
[2024-07-23T08:16:15.612+0000] {spark_submit.py:571} INFO - 24/07/23 08:16:15 INFO DAGScheduler: Parents of final stage: List(ShuffleMapStage 3)
[2024-07-23T08:16:15.612+0000] {spark_submit.py:571} INFO - 24/07/23 08:16:15 INFO DAGScheduler: Missing parents: List()
[2024-07-23T08:16:15.613+0000] {spark_submit.py:571} INFO - 24/07/23 08:16:15 INFO DAGScheduler: Submitting ResultStage 4 (MapPartitionsRDD[16] at count at NativeMethodAccessorImpl.java:0), which has no missing parents
[2024-07-23T08:16:15.619+0000] {spark_submit.py:571} INFO - 24/07/23 08:16:15 INFO MemoryStore: Block broadcast_6 stored as values in memory (estimated size 12.5 KiB, free 433.6 MiB)
[2024-07-23T08:16:15.620+0000] {spark_submit.py:571} INFO - 24/07/23 08:16:15 INFO MemoryStore: Block broadcast_6_piece0 stored as bytes in memory (estimated size 5.9 KiB, free 433.6 MiB)
[2024-07-23T08:16:15.620+0000] {spark_submit.py:571} INFO - 24/07/23 08:16:15 INFO BlockManagerInfo: Added broadcast_6_piece0 in memory on be9a273262f9:44337 (size: 5.9 KiB, free: 434.3 MiB)
[2024-07-23T08:16:15.620+0000] {spark_submit.py:571} INFO - 24/07/23 08:16:15 INFO SparkContext: Created broadcast 6 from broadcast at DAGScheduler.scala:1585
[2024-07-23T08:16:15.621+0000] {spark_submit.py:571} INFO - 24/07/23 08:16:15 INFO DAGScheduler: Submitting 1 missing tasks from ResultStage 4 (MapPartitionsRDD[16] at count at NativeMethodAccessorImpl.java:0) (first 15 tasks are for partitions Vector(0))
[2024-07-23T08:16:15.621+0000] {spark_submit.py:571} INFO - 24/07/23 08:16:15 INFO TaskSchedulerImpl: Adding task set 4.0 with 1 tasks resource profile 0
[2024-07-23T08:16:15.624+0000] {spark_submit.py:571} INFO - 24/07/23 08:16:15 INFO TaskSetManager: Starting task 0.0 in stage 4.0 (TID 5) (172.18.0.7, executor 0, partition 0, NODE_LOCAL, 7619 bytes)
[2024-07-23T08:16:15.634+0000] {spark_submit.py:571} INFO - 24/07/23 08:16:15 INFO BlockManagerInfo: Added broadcast_6_piece0 in memory on 172.18.0.7:42169 (size: 5.9 KiB, free: 434.3 MiB)
[2024-07-23T08:16:15.644+0000] {spark_submit.py:571} INFO - 24/07/23 08:16:15 INFO MapOutputTrackerMasterEndpoint: Asked to send map output locations for shuffle 0 to 172.18.0.7:47584
[2024-07-23T08:16:15.695+0000] {spark_submit.py:571} INFO - 24/07/23 08:16:15 INFO TaskSetManager: Finished task 0.0 in stage 4.0 (TID 5) in 72 ms on 172.18.0.7 (executor 0) (1/1)
[2024-07-23T08:16:15.696+0000] {spark_submit.py:571} INFO - 24/07/23 08:16:15 INFO TaskSchedulerImpl: Removed TaskSet 4.0, whose tasks have all completed, from pool
[2024-07-23T08:16:15.696+0000] {spark_submit.py:571} INFO - 24/07/23 08:16:15 INFO DAGScheduler: ResultStage 4 (count at NativeMethodAccessorImpl.java:0) finished in 0.078 s
[2024-07-23T08:16:15.696+0000] {spark_submit.py:571} INFO - 24/07/23 08:16:15 INFO DAGScheduler: Job 3 is finished. Cancelling potential speculative or zombie tasks for this job
[2024-07-23T08:16:15.697+0000] {spark_submit.py:571} INFO - 24/07/23 08:16:15 INFO TaskSchedulerImpl: Killing all running tasks in stage 4: Stage finished
[2024-07-23T08:16:15.697+0000] {spark_submit.py:571} INFO - 24/07/23 08:16:15 INFO DAGScheduler: Job 3 finished: count at NativeMethodAccessorImpl.java:0, took 0.085769 s
[2024-07-23T08:16:15.699+0000] {spark_submit.py:571} INFO - Traceback (most recent call last):
[2024-07-23T08:16:15.700+0000] {spark_submit.py:571} INFO - File "/opt/airflow/spark/count_rows.py", line 22, in <module>
[2024-07-23T08:16:15.700+0000] {spark_submit.py:571} INFO - count_accidents_spark()
[2024-07-23T08:16:15.700+0000] {spark_submit.py:571} INFO - File "/opt/airflow/spark/count_rows.py", line 18, in count_accidents_spark
[2024-07-23T08:16:15.701+0000] {spark_submit.py:571} INFO - print("Numer of rows " + rows)
[2024-07-23T08:16:15.701+0000] {spark_submit.py:571} INFO - ~~~~~~~~~~~~~~~~~^~~~~~
[2024-07-23T08:16:15.702+0000] {spark_submit.py:571} INFO - TypeError: can only concatenate str (not "int") to str
[2024-07-23T08:16:15.727+0000] {spark_submit.py:571} INFO - 24/07/23 08:16:15 INFO SparkContext: Invoking stop() from shutdown hook
[2024-07-23T08:16:15.727+0000] {spark_submit.py:571} INFO - 24/07/23 08:16:15 INFO SparkContext: SparkContext is stopping with exitCode 0.
[2024-07-23T08:16:15.735+0000] {spark_submit.py:571} INFO - 24/07/23 08:16:15 INFO SparkUI: Stopped Spark web UI at http://be9a273262f9:4040
[2024-07-23T08:16:15.736+0000] {spark_submit.py:571} INFO - 24/07/23 08:16:15 INFO StandaloneSchedulerBackend: Shutting down all executors
[2024-07-23T08:16:15.737+0000] {spark_submit.py:571} INFO - 24/07/23 08:16:15 INFO StandaloneSchedulerBackend$StandaloneDriverEndpoint: Asking each executor to shut down
[2024-07-23T08:16:15.755+0000] {spark_submit.py:571} INFO - 24/07/23 08:16:15 INFO MapOutputTrackerMasterEndpoint: MapOutputTrackerMasterEndpoint stopped!
[2024-07-23T08:16:15.775+0000] {spark_submit.py:571} INFO - 24/07/23 08:16:15 INFO MemoryStore: MemoryStore cleared
[2024-07-23T08:16:15.777+0000] {spark_submit.py:571} INFO - 24/07/23 08:16:15 INFO BlockManager: BlockManager stopped
[2024-07-23T08:16:15.781+0000] {spark_submit.py:571} INFO - 24/07/23 08:16:15 INFO BlockManagerMaster: BlockManagerMaster stopped
[2024-07-23T08:16:15.783+0000] {spark_submit.py:571} INFO - 24/07/23 08:16:15 INFO OutputCommitCoordinator$OutputCommitCoordinatorEndpoint: OutputCommitCoordinator stopped!
[2024-07-23T08:16:15.792+0000] {spark_submit.py:571} INFO - 24/07/23 08:16:15 INFO SparkContext: Successfully stopped SparkContext
[2024-07-23T08:16:15.796+0000] {spark_submit.py:571} INFO - 24/07/23 08:16:15 INFO ShutdownHookManager: Shutdown hook called
[2024-07-23T08:16:15.796+0000] {spark_submit.py:571} INFO - 24/07/23 08:16:15 INFO ShutdownHookManager: Deleting directory /tmp/spark-2c87d7e8-5550-48e0-a772-3f8bc7823de2
[2024-07-23T08:16:15.796+0000] {spark_submit.py:571} INFO - 24/07/23 08:16:15 INFO ShutdownHookManager: Deleting directory /tmp/spark-2c87d7e8-5550-48e0-a772-3f8bc7823de2/pyspark-713826f7-92db-48b5-bb15-b6b50a2d3e75
[2024-07-23T08:16:15.799+0000] {spark_submit.py:571} INFO - 24/07/23 08:16:15 INFO ShutdownHookManager: Deleting directory /tmp/spark-aa2ce62c-3ef7-46d9-a59b-e03e0ac3648e
[2024-07-23T08:16:15.830+0000] {taskinstance.py:441} INFO - ::group::Post task execution logs
[2024-07-23T08:16:15.843+0000] {taskinstance.py:2905} ERROR - Task failed with exception
Traceback (most recent call last):
  File "/home/airflow/.local/lib/python3.12/site-packages/airflow/models/taskinstance.py", line 465, in _execute_task
    result = _execute_callable(context=context, **execute_callable_kwargs)
             ^^^^^^^^^^^^^^^^^^^^^^^^^^^^^^^^^^^^^^^^^^^^^^^^^^^^^^^^^^^^^
  File "/home/airflow/.local/lib/python3.12/site-packages/airflow/models/taskinstance.py", line 432, in _execute_callable
    return execute_callable(context=context, **execute_callable_kwargs)
           ^^^^^^^^^^^^^^^^^^^^^^^^^^^^^^^^^^^^^^^^^^^^^^^^^^^^^^^^^^^^
  File "/home/airflow/.local/lib/python3.12/site-packages/airflow/models/baseoperator.py", line 401, in wrapper
    return func(self, *args, **kwargs)
           ^^^^^^^^^^^^^^^^^^^^^^^^^^^
  File "/home/airflow/.local/lib/python3.12/site-packages/airflow/providers/apache/spark/operators/spark_submit.py", line 174, in execute
    self._hook.submit(self.application)
  File "/home/airflow/.local/lib/python3.12/site-packages/airflow/providers/apache/spark/hooks/spark_submit.py", line 502, in submit
    raise AirflowException(
airflow.exceptions.AirflowException: Cannot execute: spark-submit --master spark://spark:7077 --name arrow-spark --deploy-mode client /opt/airflow/spark/count_rows.py. Error code is: 1.
[2024-07-23T08:16:15.847+0000] {taskinstance.py:1206} INFO - Marking task as FAILED. dag_id=count_accidents, task_id=spark_count_number_of_accidents, run_id=manual__2024-07-23T08:16:04.719163+00:00, execution_date=20240723T081604, start_date=20240723T081606, end_date=20240723T081615
[2024-07-23T08:16:15.858+0000] {standard_task_runner.py:110} ERROR - Failed to execute job 1857 for task spark_count_number_of_accidents (Cannot execute: spark-submit --master spark://spark:7077 --name arrow-spark --deploy-mode client /opt/airflow/spark/count_rows.py. Error code is: 1.; 246)
[2024-07-23T08:16:15.873+0000] {local_task_job_runner.py:240} INFO - Task exited with return code 1
[2024-07-23T08:16:15.893+0000] {taskinstance.py:3503} INFO - 0 downstream tasks scheduled from follow-on schedule check
[2024-07-23T08:16:15.896+0000] {local_task_job_runner.py:222} INFO - ::endgroup::
