[2024-07-16T06:24:05.915+0000] {processor.py:161} INFO - Started process (PID=33) to work on /opt/airflow/dags/dag_id_2.py
[2024-07-16T06:24:05.916+0000] {processor.py:830} INFO - Processing file /opt/airflow/dags/dag_id_2.py for tasks to queue
[2024-07-16T06:24:05.917+0000] {logging_mixin.py:188} INFO - [2024-07-16T06:24:05.917+0000] {dagbag.py:545} INFO - Filling up the DagBag from /opt/airflow/dags/dag_id_2.py
[2024-07-16T06:24:05.926+0000] {processor.py:840} INFO - DAG(s) 'dag_id_2' retrieved from /opt/airflow/dags/dag_id_2.py
[2024-07-16T06:24:05.947+0000] {logging_mixin.py:188} INFO - [2024-07-16T06:24:05.947+0000] {dag.py:3096} INFO - Sync 1 DAGs
[2024-07-16T06:24:05.960+0000] {logging_mixin.py:188} INFO - [2024-07-16T06:24:05.960+0000] {dag.py:3954} INFO - Setting next_dagrun for dag_id_2 to None, run_after=None
[2024-07-16T06:24:05.977+0000] {processor.py:183} INFO - Processing /opt/airflow/dags/dag_id_2.py took 0.065 seconds
[2024-07-16T06:24:36.896+0000] {processor.py:161} INFO - Started process (PID=96) to work on /opt/airflow/dags/dag_id_2.py
[2024-07-16T06:24:36.897+0000] {processor.py:830} INFO - Processing file /opt/airflow/dags/dag_id_2.py for tasks to queue
[2024-07-16T06:24:36.897+0000] {logging_mixin.py:188} INFO - [2024-07-16T06:24:36.897+0000] {dagbag.py:545} INFO - Filling up the DagBag from /opt/airflow/dags/dag_id_2.py
[2024-07-16T06:24:36.902+0000] {processor.py:840} INFO - DAG(s) 'dag_id_2' retrieved from /opt/airflow/dags/dag_id_2.py
[2024-07-16T06:24:36.912+0000] {logging_mixin.py:188} INFO - [2024-07-16T06:24:36.912+0000] {dag.py:3096} INFO - Sync 1 DAGs
[2024-07-16T06:24:36.920+0000] {logging_mixin.py:188} INFO - [2024-07-16T06:24:36.919+0000] {dag.py:3954} INFO - Setting next_dagrun for dag_id_2 to None, run_after=None
[2024-07-16T06:24:36.932+0000] {processor.py:183} INFO - Processing /opt/airflow/dags/dag_id_2.py took 0.038 seconds
[2024-07-16T06:29:29.600+0000] {processor.py:161} INFO - Started process (PID=34) to work on /opt/airflow/dags/dag_id_2.py
[2024-07-16T06:29:29.601+0000] {processor.py:830} INFO - Processing file /opt/airflow/dags/dag_id_2.py for tasks to queue
[2024-07-16T06:29:29.603+0000] {logging_mixin.py:188} INFO - [2024-07-16T06:29:29.602+0000] {dagbag.py:545} INFO - Filling up the DagBag from /opt/airflow/dags/dag_id_2.py
[2024-07-16T06:29:29.610+0000] {processor.py:840} INFO - DAG(s) 'dag_id_2' retrieved from /opt/airflow/dags/dag_id_2.py
[2024-07-16T06:29:29.677+0000] {logging_mixin.py:188} INFO - [2024-07-16T06:29:29.676+0000] {dag.py:3096} INFO - Sync 1 DAGs
[2024-07-16T06:29:29.684+0000] {logging_mixin.py:188} INFO - [2024-07-16T06:29:29.684+0000] {dag.py:3954} INFO - Setting next_dagrun for dag_id_2 to None, run_after=None
[2024-07-16T06:29:29.700+0000] {processor.py:183} INFO - Processing /opt/airflow/dags/dag_id_2.py took 0.103 seconds
[2024-07-16T06:30:00.248+0000] {processor.py:161} INFO - Started process (PID=98) to work on /opt/airflow/dags/dag_id_2.py
[2024-07-16T06:30:00.249+0000] {processor.py:830} INFO - Processing file /opt/airflow/dags/dag_id_2.py for tasks to queue
[2024-07-16T06:30:00.250+0000] {logging_mixin.py:188} INFO - [2024-07-16T06:30:00.250+0000] {dagbag.py:545} INFO - Filling up the DagBag from /opt/airflow/dags/dag_id_2.py
[2024-07-16T06:30:00.256+0000] {processor.py:840} INFO - DAG(s) 'dag_id_2' retrieved from /opt/airflow/dags/dag_id_2.py
[2024-07-16T06:30:00.270+0000] {logging_mixin.py:188} INFO - [2024-07-16T06:30:00.270+0000] {dag.py:3096} INFO - Sync 1 DAGs
[2024-07-16T06:30:00.278+0000] {logging_mixin.py:188} INFO - [2024-07-16T06:30:00.277+0000] {dag.py:3954} INFO - Setting next_dagrun for dag_id_2 to None, run_after=None
[2024-07-16T06:30:00.287+0000] {processor.py:183} INFO - Processing /opt/airflow/dags/dag_id_2.py took 0.042 seconds
[2024-07-16T06:30:30.501+0000] {processor.py:161} INFO - Started process (PID=162) to work on /opt/airflow/dags/dag_id_2.py
[2024-07-16T06:30:30.502+0000] {processor.py:830} INFO - Processing file /opt/airflow/dags/dag_id_2.py for tasks to queue
[2024-07-16T06:30:30.503+0000] {logging_mixin.py:188} INFO - [2024-07-16T06:30:30.503+0000] {dagbag.py:545} INFO - Filling up the DagBag from /opt/airflow/dags/dag_id_2.py
[2024-07-16T06:30:30.508+0000] {processor.py:840} INFO - DAG(s) 'dag_id_2' retrieved from /opt/airflow/dags/dag_id_2.py
[2024-07-16T06:30:30.523+0000] {logging_mixin.py:188} INFO - [2024-07-16T06:30:30.522+0000] {dag.py:3096} INFO - Sync 1 DAGs
[2024-07-16T06:30:30.530+0000] {logging_mixin.py:188} INFO - [2024-07-16T06:30:30.530+0000] {dag.py:3954} INFO - Setting next_dagrun for dag_id_2 to None, run_after=None
[2024-07-16T06:30:30.541+0000] {processor.py:183} INFO - Processing /opt/airflow/dags/dag_id_2.py took 0.043 seconds
[2024-07-16T06:31:00.741+0000] {processor.py:161} INFO - Started process (PID=225) to work on /opt/airflow/dags/dag_id_2.py
[2024-07-16T06:31:00.741+0000] {processor.py:830} INFO - Processing file /opt/airflow/dags/dag_id_2.py for tasks to queue
[2024-07-16T06:31:00.742+0000] {logging_mixin.py:188} INFO - [2024-07-16T06:31:00.742+0000] {dagbag.py:545} INFO - Filling up the DagBag from /opt/airflow/dags/dag_id_2.py
[2024-07-16T06:31:00.747+0000] {processor.py:840} INFO - DAG(s) 'dag_id_2' retrieved from /opt/airflow/dags/dag_id_2.py
[2024-07-16T06:31:00.765+0000] {logging_mixin.py:188} INFO - [2024-07-16T06:31:00.765+0000] {dag.py:3096} INFO - Sync 1 DAGs
[2024-07-16T06:31:00.774+0000] {logging_mixin.py:188} INFO - [2024-07-16T06:31:00.773+0000] {dag.py:3954} INFO - Setting next_dagrun for dag_id_2 to None, run_after=None
[2024-07-16T06:31:00.785+0000] {processor.py:183} INFO - Processing /opt/airflow/dags/dag_id_2.py took 0.048 seconds
[2024-07-16T06:31:30.950+0000] {processor.py:161} INFO - Started process (PID=289) to work on /opt/airflow/dags/dag_id_2.py
[2024-07-16T06:31:30.950+0000] {processor.py:830} INFO - Processing file /opt/airflow/dags/dag_id_2.py for tasks to queue
[2024-07-16T06:31:30.952+0000] {logging_mixin.py:188} INFO - [2024-07-16T06:31:30.951+0000] {dagbag.py:545} INFO - Filling up the DagBag from /opt/airflow/dags/dag_id_2.py
[2024-07-16T06:31:30.956+0000] {processor.py:840} INFO - DAG(s) 'dag_id_2' retrieved from /opt/airflow/dags/dag_id_2.py
[2024-07-16T06:31:30.972+0000] {logging_mixin.py:188} INFO - [2024-07-16T06:31:30.972+0000] {dag.py:3096} INFO - Sync 1 DAGs
[2024-07-16T06:31:30.979+0000] {logging_mixin.py:188} INFO - [2024-07-16T06:31:30.979+0000] {dag.py:3954} INFO - Setting next_dagrun for dag_id_2 to None, run_after=None
[2024-07-16T06:31:30.990+0000] {processor.py:183} INFO - Processing /opt/airflow/dags/dag_id_2.py took 0.044 seconds
[2024-07-16T06:32:01.095+0000] {processor.py:161} INFO - Started process (PID=352) to work on /opt/airflow/dags/dag_id_2.py
[2024-07-16T06:32:01.096+0000] {processor.py:830} INFO - Processing file /opt/airflow/dags/dag_id_2.py for tasks to queue
[2024-07-16T06:32:01.097+0000] {logging_mixin.py:188} INFO - [2024-07-16T06:32:01.097+0000] {dagbag.py:545} INFO - Filling up the DagBag from /opt/airflow/dags/dag_id_2.py
[2024-07-16T06:32:01.105+0000] {processor.py:840} INFO - DAG(s) 'dag_id_2' retrieved from /opt/airflow/dags/dag_id_2.py
[2024-07-16T06:32:01.125+0000] {logging_mixin.py:188} INFO - [2024-07-16T06:32:01.125+0000] {dag.py:3096} INFO - Sync 1 DAGs
[2024-07-16T06:32:01.134+0000] {logging_mixin.py:188} INFO - [2024-07-16T06:32:01.134+0000] {dag.py:3954} INFO - Setting next_dagrun for dag_id_2 to None, run_after=None
[2024-07-16T06:32:01.146+0000] {processor.py:183} INFO - Processing /opt/airflow/dags/dag_id_2.py took 0.055 seconds
[2024-07-16T06:32:31.206+0000] {processor.py:161} INFO - Started process (PID=416) to work on /opt/airflow/dags/dag_id_2.py
[2024-07-16T06:32:31.207+0000] {processor.py:830} INFO - Processing file /opt/airflow/dags/dag_id_2.py for tasks to queue
[2024-07-16T06:32:31.208+0000] {logging_mixin.py:188} INFO - [2024-07-16T06:32:31.208+0000] {dagbag.py:545} INFO - Filling up the DagBag from /opt/airflow/dags/dag_id_2.py
[2024-07-16T06:32:31.213+0000] {processor.py:840} INFO - DAG(s) 'dag_id_2' retrieved from /opt/airflow/dags/dag_id_2.py
[2024-07-16T06:32:31.228+0000] {logging_mixin.py:188} INFO - [2024-07-16T06:32:31.228+0000] {dag.py:3096} INFO - Sync 1 DAGs
[2024-07-16T06:32:31.235+0000] {logging_mixin.py:188} INFO - [2024-07-16T06:32:31.235+0000] {dag.py:3954} INFO - Setting next_dagrun for dag_id_2 to None, run_after=None
[2024-07-16T06:32:31.246+0000] {processor.py:183} INFO - Processing /opt/airflow/dags/dag_id_2.py took 0.043 seconds
[2024-07-16T06:33:01.374+0000] {processor.py:161} INFO - Started process (PID=480) to work on /opt/airflow/dags/dag_id_2.py
[2024-07-16T06:33:01.374+0000] {processor.py:830} INFO - Processing file /opt/airflow/dags/dag_id_2.py for tasks to queue
[2024-07-16T06:33:01.376+0000] {logging_mixin.py:188} INFO - [2024-07-16T06:33:01.375+0000] {dagbag.py:545} INFO - Filling up the DagBag from /opt/airflow/dags/dag_id_2.py
[2024-07-16T06:33:01.381+0000] {processor.py:840} INFO - DAG(s) 'dag_id_2' retrieved from /opt/airflow/dags/dag_id_2.py
[2024-07-16T06:33:01.399+0000] {logging_mixin.py:188} INFO - [2024-07-16T06:33:01.399+0000] {dag.py:3096} INFO - Sync 1 DAGs
[2024-07-16T06:33:01.408+0000] {logging_mixin.py:188} INFO - [2024-07-16T06:33:01.408+0000] {dag.py:3954} INFO - Setting next_dagrun for dag_id_2 to None, run_after=None
[2024-07-16T06:33:01.418+0000] {processor.py:183} INFO - Processing /opt/airflow/dags/dag_id_2.py took 0.047 seconds
[2024-07-16T06:33:31.506+0000] {processor.py:161} INFO - Started process (PID=544) to work on /opt/airflow/dags/dag_id_2.py
[2024-07-16T06:33:31.507+0000] {processor.py:830} INFO - Processing file /opt/airflow/dags/dag_id_2.py for tasks to queue
[2024-07-16T06:33:31.509+0000] {logging_mixin.py:188} INFO - [2024-07-16T06:33:31.508+0000] {dagbag.py:545} INFO - Filling up the DagBag from /opt/airflow/dags/dag_id_2.py
[2024-07-16T06:33:31.514+0000] {processor.py:840} INFO - DAG(s) 'dag_id_2' retrieved from /opt/airflow/dags/dag_id_2.py
[2024-07-16T06:33:31.532+0000] {logging_mixin.py:188} INFO - [2024-07-16T06:33:31.532+0000] {dag.py:3096} INFO - Sync 1 DAGs
[2024-07-16T06:33:31.541+0000] {logging_mixin.py:188} INFO - [2024-07-16T06:33:31.541+0000] {dag.py:3954} INFO - Setting next_dagrun for dag_id_2 to None, run_after=None
[2024-07-16T06:33:31.554+0000] {processor.py:183} INFO - Processing /opt/airflow/dags/dag_id_2.py took 0.053 seconds
[2024-07-16T06:34:01.660+0000] {processor.py:161} INFO - Started process (PID=607) to work on /opt/airflow/dags/dag_id_2.py
[2024-07-16T06:34:01.660+0000] {processor.py:830} INFO - Processing file /opt/airflow/dags/dag_id_2.py for tasks to queue
[2024-07-16T06:34:01.661+0000] {logging_mixin.py:188} INFO - [2024-07-16T06:34:01.661+0000] {dagbag.py:545} INFO - Filling up the DagBag from /opt/airflow/dags/dag_id_2.py
[2024-07-16T06:34:01.667+0000] {processor.py:840} INFO - DAG(s) 'dag_id_2' retrieved from /opt/airflow/dags/dag_id_2.py
[2024-07-16T06:34:01.682+0000] {logging_mixin.py:188} INFO - [2024-07-16T06:34:01.682+0000] {dag.py:3096} INFO - Sync 1 DAGs
[2024-07-16T06:34:01.690+0000] {logging_mixin.py:188} INFO - [2024-07-16T06:34:01.690+0000] {dag.py:3954} INFO - Setting next_dagrun for dag_id_2 to None, run_after=None
[2024-07-16T06:34:01.703+0000] {processor.py:183} INFO - Processing /opt/airflow/dags/dag_id_2.py took 0.046 seconds
[2024-07-16T06:34:31.912+0000] {processor.py:161} INFO - Started process (PID=670) to work on /opt/airflow/dags/dag_id_2.py
[2024-07-16T06:34:31.913+0000] {processor.py:830} INFO - Processing file /opt/airflow/dags/dag_id_2.py for tasks to queue
[2024-07-16T06:34:31.914+0000] {logging_mixin.py:188} INFO - [2024-07-16T06:34:31.914+0000] {dagbag.py:545} INFO - Filling up the DagBag from /opt/airflow/dags/dag_id_2.py
[2024-07-16T06:34:31.921+0000] {processor.py:840} INFO - DAG(s) 'dag_id_2' retrieved from /opt/airflow/dags/dag_id_2.py
[2024-07-16T06:34:31.936+0000] {logging_mixin.py:188} INFO - [2024-07-16T06:34:31.936+0000] {dag.py:3096} INFO - Sync 1 DAGs
[2024-07-16T06:34:31.943+0000] {logging_mixin.py:188} INFO - [2024-07-16T06:34:31.943+0000] {dag.py:3954} INFO - Setting next_dagrun for dag_id_2 to None, run_after=None
[2024-07-16T06:34:31.954+0000] {processor.py:183} INFO - Processing /opt/airflow/dags/dag_id_2.py took 0.045 seconds
[2024-07-16T06:35:02.087+0000] {processor.py:161} INFO - Started process (PID=734) to work on /opt/airflow/dags/dag_id_2.py
[2024-07-16T06:35:02.088+0000] {processor.py:830} INFO - Processing file /opt/airflow/dags/dag_id_2.py for tasks to queue
[2024-07-16T06:35:02.089+0000] {logging_mixin.py:188} INFO - [2024-07-16T06:35:02.089+0000] {dagbag.py:545} INFO - Filling up the DagBag from /opt/airflow/dags/dag_id_2.py
[2024-07-16T06:35:02.094+0000] {processor.py:840} INFO - DAG(s) 'dag_id_2' retrieved from /opt/airflow/dags/dag_id_2.py
[2024-07-16T06:35:02.108+0000] {logging_mixin.py:188} INFO - [2024-07-16T06:35:02.108+0000] {dag.py:3096} INFO - Sync 1 DAGs
[2024-07-16T06:35:02.115+0000] {logging_mixin.py:188} INFO - [2024-07-16T06:35:02.115+0000] {dag.py:3954} INFO - Setting next_dagrun for dag_id_2 to None, run_after=None
[2024-07-16T06:35:02.130+0000] {processor.py:183} INFO - Processing /opt/airflow/dags/dag_id_2.py took 0.045 seconds
[2024-07-16T06:35:32.549+0000] {processor.py:161} INFO - Started process (PID=798) to work on /opt/airflow/dags/dag_id_2.py
[2024-07-16T06:35:32.550+0000] {processor.py:830} INFO - Processing file /opt/airflow/dags/dag_id_2.py for tasks to queue
[2024-07-16T06:35:32.551+0000] {logging_mixin.py:188} INFO - [2024-07-16T06:35:32.551+0000] {dagbag.py:545} INFO - Filling up the DagBag from /opt/airflow/dags/dag_id_2.py
[2024-07-16T06:35:32.556+0000] {processor.py:840} INFO - DAG(s) 'dag_id_2' retrieved from /opt/airflow/dags/dag_id_2.py
[2024-07-16T06:35:32.571+0000] {logging_mixin.py:188} INFO - [2024-07-16T06:35:32.570+0000] {dag.py:3096} INFO - Sync 1 DAGs
[2024-07-16T06:35:32.579+0000] {logging_mixin.py:188} INFO - [2024-07-16T06:35:32.578+0000] {dag.py:3954} INFO - Setting next_dagrun for dag_id_2 to None, run_after=None
[2024-07-16T06:35:32.590+0000] {processor.py:183} INFO - Processing /opt/airflow/dags/dag_id_2.py took 0.043 seconds
[2024-07-16T06:36:02.690+0000] {processor.py:161} INFO - Started process (PID=862) to work on /opt/airflow/dags/dag_id_2.py
[2024-07-16T06:36:02.691+0000] {processor.py:830} INFO - Processing file /opt/airflow/dags/dag_id_2.py for tasks to queue
[2024-07-16T06:36:02.692+0000] {logging_mixin.py:188} INFO - [2024-07-16T06:36:02.692+0000] {dagbag.py:545} INFO - Filling up the DagBag from /opt/airflow/dags/dag_id_2.py
[2024-07-16T06:36:02.697+0000] {processor.py:840} INFO - DAG(s) 'dag_id_2' retrieved from /opt/airflow/dags/dag_id_2.py
[2024-07-16T06:36:02.711+0000] {logging_mixin.py:188} INFO - [2024-07-16T06:36:02.711+0000] {dag.py:3096} INFO - Sync 1 DAGs
[2024-07-16T06:36:02.718+0000] {logging_mixin.py:188} INFO - [2024-07-16T06:36:02.718+0000] {dag.py:3954} INFO - Setting next_dagrun for dag_id_2 to None, run_after=None
[2024-07-16T06:36:02.729+0000] {processor.py:183} INFO - Processing /opt/airflow/dags/dag_id_2.py took 0.042 seconds
[2024-07-16T06:37:12.235+0000] {processor.py:161} INFO - Started process (PID=35) to work on /opt/airflow/dags/dag_id_2.py
[2024-07-16T06:37:12.236+0000] {processor.py:830} INFO - Processing file /opt/airflow/dags/dag_id_2.py for tasks to queue
[2024-07-16T06:37:12.237+0000] {logging_mixin.py:188} INFO - [2024-07-16T06:37:12.236+0000] {dagbag.py:545} INFO - Filling up the DagBag from /opt/airflow/dags/dag_id_2.py
[2024-07-16T06:37:12.244+0000] {processor.py:840} INFO - DAG(s) 'dag_id_2' retrieved from /opt/airflow/dags/dag_id_2.py
[2024-07-16T06:37:12.306+0000] {logging_mixin.py:188} INFO - [2024-07-16T06:37:12.306+0000] {dag.py:3096} INFO - Sync 1 DAGs
[2024-07-16T06:37:12.317+0000] {logging_mixin.py:188} INFO - [2024-07-16T06:37:12.317+0000] {dag.py:3954} INFO - Setting next_dagrun for dag_id_2 to None, run_after=None
[2024-07-16T06:37:12.334+0000] {processor.py:183} INFO - Processing /opt/airflow/dags/dag_id_2.py took 0.101 seconds
[2024-07-16T06:37:42.820+0000] {processor.py:161} INFO - Started process (PID=98) to work on /opt/airflow/dags/dag_id_2.py
[2024-07-16T06:37:42.821+0000] {processor.py:830} INFO - Processing file /opt/airflow/dags/dag_id_2.py for tasks to queue
[2024-07-16T06:37:42.822+0000] {logging_mixin.py:188} INFO - [2024-07-16T06:37:42.822+0000] {dagbag.py:545} INFO - Filling up the DagBag from /opt/airflow/dags/dag_id_2.py
[2024-07-16T06:37:42.827+0000] {processor.py:840} INFO - DAG(s) 'dag_id_2' retrieved from /opt/airflow/dags/dag_id_2.py
[2024-07-16T06:37:42.841+0000] {logging_mixin.py:188} INFO - [2024-07-16T06:37:42.841+0000] {dag.py:3096} INFO - Sync 1 DAGs
[2024-07-16T06:37:42.848+0000] {logging_mixin.py:188} INFO - [2024-07-16T06:37:42.848+0000] {dag.py:3954} INFO - Setting next_dagrun for dag_id_2 to None, run_after=None
[2024-07-16T06:37:42.858+0000] {processor.py:183} INFO - Processing /opt/airflow/dags/dag_id_2.py took 0.041 seconds
[2024-07-16T06:38:13.711+0000] {processor.py:161} INFO - Started process (PID=162) to work on /opt/airflow/dags/dag_id_2.py
[2024-07-16T06:38:13.712+0000] {processor.py:830} INFO - Processing file /opt/airflow/dags/dag_id_2.py for tasks to queue
[2024-07-16T06:38:13.713+0000] {logging_mixin.py:188} INFO - [2024-07-16T06:38:13.712+0000] {dagbag.py:545} INFO - Filling up the DagBag from /opt/airflow/dags/dag_id_2.py
[2024-07-16T06:38:13.717+0000] {processor.py:840} INFO - DAG(s) 'dag_id_2' retrieved from /opt/airflow/dags/dag_id_2.py
[2024-07-16T06:38:13.732+0000] {logging_mixin.py:188} INFO - [2024-07-16T06:38:13.732+0000] {dag.py:3096} INFO - Sync 1 DAGs
[2024-07-16T06:38:13.740+0000] {logging_mixin.py:188} INFO - [2024-07-16T06:38:13.740+0000] {dag.py:3954} INFO - Setting next_dagrun for dag_id_2 to None, run_after=None
[2024-07-16T06:38:13.751+0000] {processor.py:183} INFO - Processing /opt/airflow/dags/dag_id_2.py took 0.043 seconds
[2024-07-16T06:38:44.005+0000] {processor.py:161} INFO - Started process (PID=225) to work on /opt/airflow/dags/dag_id_2.py
[2024-07-16T06:38:44.005+0000] {processor.py:830} INFO - Processing file /opt/airflow/dags/dag_id_2.py for tasks to queue
[2024-07-16T06:38:44.006+0000] {logging_mixin.py:188} INFO - [2024-07-16T06:38:44.006+0000] {dagbag.py:545} INFO - Filling up the DagBag from /opt/airflow/dags/dag_id_2.py
[2024-07-16T06:38:44.011+0000] {processor.py:840} INFO - DAG(s) 'dag_id_2' retrieved from /opt/airflow/dags/dag_id_2.py
[2024-07-16T06:38:44.027+0000] {logging_mixin.py:188} INFO - [2024-07-16T06:38:44.027+0000] {dag.py:3096} INFO - Sync 1 DAGs
[2024-07-16T06:38:44.035+0000] {logging_mixin.py:188} INFO - [2024-07-16T06:38:44.035+0000] {dag.py:3954} INFO - Setting next_dagrun for dag_id_2 to None, run_after=None
[2024-07-16T06:38:44.046+0000] {processor.py:183} INFO - Processing /opt/airflow/dags/dag_id_2.py took 0.044 seconds
[2024-07-16T06:39:14.220+0000] {processor.py:161} INFO - Started process (PID=289) to work on /opt/airflow/dags/dag_id_2.py
[2024-07-16T06:39:14.221+0000] {processor.py:830} INFO - Processing file /opt/airflow/dags/dag_id_2.py for tasks to queue
[2024-07-16T06:39:14.222+0000] {logging_mixin.py:188} INFO - [2024-07-16T06:39:14.222+0000] {dagbag.py:545} INFO - Filling up the DagBag from /opt/airflow/dags/dag_id_2.py
[2024-07-16T06:39:14.227+0000] {processor.py:840} INFO - DAG(s) 'dag_id_2' retrieved from /opt/airflow/dags/dag_id_2.py
[2024-07-16T06:39:14.242+0000] {logging_mixin.py:188} INFO - [2024-07-16T06:39:14.241+0000] {dag.py:3096} INFO - Sync 1 DAGs
[2024-07-16T06:39:14.249+0000] {logging_mixin.py:188} INFO - [2024-07-16T06:39:14.249+0000] {dag.py:3954} INFO - Setting next_dagrun for dag_id_2 to None, run_after=None
[2024-07-16T06:39:14.260+0000] {processor.py:183} INFO - Processing /opt/airflow/dags/dag_id_2.py took 0.042 seconds
[2024-07-16T06:39:44.375+0000] {processor.py:161} INFO - Started process (PID=353) to work on /opt/airflow/dags/dag_id_2.py
[2024-07-16T06:39:44.375+0000] {processor.py:830} INFO - Processing file /opt/airflow/dags/dag_id_2.py for tasks to queue
[2024-07-16T06:39:44.376+0000] {logging_mixin.py:188} INFO - [2024-07-16T06:39:44.376+0000] {dagbag.py:545} INFO - Filling up the DagBag from /opt/airflow/dags/dag_id_2.py
[2024-07-16T06:39:44.381+0000] {processor.py:840} INFO - DAG(s) 'dag_id_2' retrieved from /opt/airflow/dags/dag_id_2.py
[2024-07-16T06:39:44.396+0000] {logging_mixin.py:188} INFO - [2024-07-16T06:39:44.396+0000] {dag.py:3096} INFO - Sync 1 DAGs
[2024-07-16T06:39:44.405+0000] {logging_mixin.py:188} INFO - [2024-07-16T06:39:44.405+0000] {dag.py:3954} INFO - Setting next_dagrun for dag_id_2 to None, run_after=None
[2024-07-16T06:39:44.417+0000] {processor.py:183} INFO - Processing /opt/airflow/dags/dag_id_2.py took 0.045 seconds
[2024-07-16T06:40:14.712+0000] {processor.py:161} INFO - Started process (PID=417) to work on /opt/airflow/dags/dag_id_2.py
[2024-07-16T06:40:14.712+0000] {processor.py:830} INFO - Processing file /opt/airflow/dags/dag_id_2.py for tasks to queue
[2024-07-16T06:40:14.713+0000] {logging_mixin.py:188} INFO - [2024-07-16T06:40:14.713+0000] {dagbag.py:545} INFO - Filling up the DagBag from /opt/airflow/dags/dag_id_2.py
[2024-07-16T06:40:14.718+0000] {processor.py:840} INFO - DAG(s) 'dag_id_2' retrieved from /opt/airflow/dags/dag_id_2.py
[2024-07-16T06:40:14.733+0000] {logging_mixin.py:188} INFO - [2024-07-16T06:40:14.733+0000] {dag.py:3096} INFO - Sync 1 DAGs
[2024-07-16T06:40:14.740+0000] {logging_mixin.py:188} INFO - [2024-07-16T06:40:14.740+0000] {dag.py:3954} INFO - Setting next_dagrun for dag_id_2 to None, run_after=None
[2024-07-16T06:40:14.751+0000] {processor.py:183} INFO - Processing /opt/airflow/dags/dag_id_2.py took 0.042 seconds
[2024-07-16T06:40:44.875+0000] {processor.py:161} INFO - Started process (PID=481) to work on /opt/airflow/dags/dag_id_2.py
[2024-07-16T06:40:44.875+0000] {processor.py:830} INFO - Processing file /opt/airflow/dags/dag_id_2.py for tasks to queue
[2024-07-16T06:40:44.876+0000] {logging_mixin.py:188} INFO - [2024-07-16T06:40:44.876+0000] {dagbag.py:545} INFO - Filling up the DagBag from /opt/airflow/dags/dag_id_2.py
[2024-07-16T06:40:44.881+0000] {processor.py:840} INFO - DAG(s) 'dag_id_2' retrieved from /opt/airflow/dags/dag_id_2.py
[2024-07-16T06:40:44.895+0000] {logging_mixin.py:188} INFO - [2024-07-16T06:40:44.895+0000] {dag.py:3096} INFO - Sync 1 DAGs
[2024-07-16T06:40:44.903+0000] {logging_mixin.py:188} INFO - [2024-07-16T06:40:44.903+0000] {dag.py:3954} INFO - Setting next_dagrun for dag_id_2 to None, run_after=None
[2024-07-16T06:40:44.914+0000] {processor.py:183} INFO - Processing /opt/airflow/dags/dag_id_2.py took 0.042 seconds
[2024-07-16T06:41:14.995+0000] {processor.py:161} INFO - Started process (PID=545) to work on /opt/airflow/dags/dag_id_2.py
[2024-07-16T06:41:14.995+0000] {processor.py:830} INFO - Processing file /opt/airflow/dags/dag_id_2.py for tasks to queue
[2024-07-16T06:41:14.996+0000] {logging_mixin.py:188} INFO - [2024-07-16T06:41:14.996+0000] {dagbag.py:545} INFO - Filling up the DagBag from /opt/airflow/dags/dag_id_2.py
[2024-07-16T06:41:15.001+0000] {processor.py:840} INFO - DAG(s) 'dag_id_2' retrieved from /opt/airflow/dags/dag_id_2.py
[2024-07-16T06:41:15.017+0000] {logging_mixin.py:188} INFO - [2024-07-16T06:41:15.017+0000] {dag.py:3096} INFO - Sync 1 DAGs
[2024-07-16T06:41:15.025+0000] {logging_mixin.py:188} INFO - [2024-07-16T06:41:15.025+0000] {dag.py:3954} INFO - Setting next_dagrun for dag_id_2 to None, run_after=None
[2024-07-16T06:41:15.044+0000] {processor.py:183} INFO - Processing /opt/airflow/dags/dag_id_2.py took 0.052 seconds
[2024-07-16T06:41:45.231+0000] {processor.py:161} INFO - Started process (PID=609) to work on /opt/airflow/dags/dag_id_2.py
[2024-07-16T06:41:45.231+0000] {processor.py:830} INFO - Processing file /opt/airflow/dags/dag_id_2.py for tasks to queue
[2024-07-16T06:41:45.233+0000] {logging_mixin.py:188} INFO - [2024-07-16T06:41:45.232+0000] {dagbag.py:545} INFO - Filling up the DagBag from /opt/airflow/dags/dag_id_2.py
[2024-07-16T06:41:45.238+0000] {processor.py:840} INFO - DAG(s) 'dag_id_2' retrieved from /opt/airflow/dags/dag_id_2.py
[2024-07-16T06:41:45.259+0000] {logging_mixin.py:188} INFO - [2024-07-16T06:41:45.259+0000] {dag.py:3096} INFO - Sync 1 DAGs
[2024-07-16T06:41:45.267+0000] {logging_mixin.py:188} INFO - [2024-07-16T06:41:45.267+0000] {dag.py:3954} INFO - Setting next_dagrun for dag_id_2 to None, run_after=None
[2024-07-16T06:41:45.280+0000] {processor.py:183} INFO - Processing /opt/airflow/dags/dag_id_2.py took 0.053 seconds
[2024-07-16T06:42:15.327+0000] {processor.py:161} INFO - Started process (PID=673) to work on /opt/airflow/dags/dag_id_2.py
[2024-07-16T06:42:15.327+0000] {processor.py:830} INFO - Processing file /opt/airflow/dags/dag_id_2.py for tasks to queue
[2024-07-16T06:42:15.329+0000] {logging_mixin.py:188} INFO - [2024-07-16T06:42:15.328+0000] {dagbag.py:545} INFO - Filling up the DagBag from /opt/airflow/dags/dag_id_2.py
[2024-07-16T06:42:15.337+0000] {processor.py:840} INFO - DAG(s) 'dag_id_2' retrieved from /opt/airflow/dags/dag_id_2.py
[2024-07-16T06:42:15.353+0000] {logging_mixin.py:188} INFO - [2024-07-16T06:42:15.352+0000] {dag.py:3096} INFO - Sync 1 DAGs
[2024-07-16T06:42:15.360+0000] {logging_mixin.py:188} INFO - [2024-07-16T06:42:15.360+0000] {dag.py:3954} INFO - Setting next_dagrun for dag_id_2 to None, run_after=None
[2024-07-16T06:42:15.370+0000] {processor.py:183} INFO - Processing /opt/airflow/dags/dag_id_2.py took 0.046 seconds
[2024-07-16T06:42:45.511+0000] {processor.py:161} INFO - Started process (PID=737) to work on /opt/airflow/dags/dag_id_2.py
[2024-07-16T06:42:45.512+0000] {processor.py:830} INFO - Processing file /opt/airflow/dags/dag_id_2.py for tasks to queue
[2024-07-16T06:42:45.513+0000] {logging_mixin.py:188} INFO - [2024-07-16T06:42:45.512+0000] {dagbag.py:545} INFO - Filling up the DagBag from /opt/airflow/dags/dag_id_2.py
[2024-07-16T06:42:45.518+0000] {processor.py:840} INFO - DAG(s) 'dag_id_2' retrieved from /opt/airflow/dags/dag_id_2.py
[2024-07-16T06:42:45.533+0000] {logging_mixin.py:188} INFO - [2024-07-16T06:42:45.533+0000] {dag.py:3096} INFO - Sync 1 DAGs
[2024-07-16T06:42:45.541+0000] {logging_mixin.py:188} INFO - [2024-07-16T06:42:45.541+0000] {dag.py:3954} INFO - Setting next_dagrun for dag_id_2 to None, run_after=None
[2024-07-16T06:42:45.551+0000] {processor.py:183} INFO - Processing /opt/airflow/dags/dag_id_2.py took 0.043 seconds
[2024-07-16T06:43:15.713+0000] {processor.py:161} INFO - Started process (PID=801) to work on /opt/airflow/dags/dag_id_2.py
[2024-07-16T06:43:15.713+0000] {processor.py:830} INFO - Processing file /opt/airflow/dags/dag_id_2.py for tasks to queue
[2024-07-16T06:43:15.714+0000] {logging_mixin.py:188} INFO - [2024-07-16T06:43:15.714+0000] {dagbag.py:545} INFO - Filling up the DagBag from /opt/airflow/dags/dag_id_2.py
[2024-07-16T06:43:15.719+0000] {processor.py:840} INFO - DAG(s) 'dag_id_2' retrieved from /opt/airflow/dags/dag_id_2.py
[2024-07-16T06:43:15.733+0000] {logging_mixin.py:188} INFO - [2024-07-16T06:43:15.733+0000] {dag.py:3096} INFO - Sync 1 DAGs
[2024-07-16T06:43:15.741+0000] {logging_mixin.py:188} INFO - [2024-07-16T06:43:15.741+0000] {dag.py:3954} INFO - Setting next_dagrun for dag_id_2 to None, run_after=None
[2024-07-16T06:43:15.756+0000] {processor.py:183} INFO - Processing /opt/airflow/dags/dag_id_2.py took 0.046 seconds
[2024-07-16T06:43:45.928+0000] {processor.py:161} INFO - Started process (PID=865) to work on /opt/airflow/dags/dag_id_2.py
[2024-07-16T06:43:45.929+0000] {processor.py:830} INFO - Processing file /opt/airflow/dags/dag_id_2.py for tasks to queue
[2024-07-16T06:43:45.930+0000] {logging_mixin.py:188} INFO - [2024-07-16T06:43:45.930+0000] {dagbag.py:545} INFO - Filling up the DagBag from /opt/airflow/dags/dag_id_2.py
[2024-07-16T06:43:45.934+0000] {processor.py:840} INFO - DAG(s) 'dag_id_2' retrieved from /opt/airflow/dags/dag_id_2.py
[2024-07-16T06:43:45.949+0000] {logging_mixin.py:188} INFO - [2024-07-16T06:43:45.949+0000] {dag.py:3096} INFO - Sync 1 DAGs
[2024-07-16T06:43:45.956+0000] {logging_mixin.py:188} INFO - [2024-07-16T06:43:45.956+0000] {dag.py:3954} INFO - Setting next_dagrun for dag_id_2 to None, run_after=None
[2024-07-16T06:43:45.967+0000] {processor.py:183} INFO - Processing /opt/airflow/dags/dag_id_2.py took 0.041 seconds
[2024-07-16T06:44:16.097+0000] {processor.py:161} INFO - Started process (PID=929) to work on /opt/airflow/dags/dag_id_2.py
[2024-07-16T06:44:16.098+0000] {processor.py:830} INFO - Processing file /opt/airflow/dags/dag_id_2.py for tasks to queue
[2024-07-16T06:44:16.099+0000] {logging_mixin.py:188} INFO - [2024-07-16T06:44:16.099+0000] {dagbag.py:545} INFO - Filling up the DagBag from /opt/airflow/dags/dag_id_2.py
[2024-07-16T06:44:16.104+0000] {processor.py:840} INFO - DAG(s) 'dag_id_2' retrieved from /opt/airflow/dags/dag_id_2.py
[2024-07-16T06:44:16.118+0000] {logging_mixin.py:188} INFO - [2024-07-16T06:44:16.118+0000] {dag.py:3096} INFO - Sync 1 DAGs
[2024-07-16T06:44:16.125+0000] {logging_mixin.py:188} INFO - [2024-07-16T06:44:16.125+0000] {dag.py:3954} INFO - Setting next_dagrun for dag_id_2 to None, run_after=None
[2024-07-16T06:44:16.135+0000] {processor.py:183} INFO - Processing /opt/airflow/dags/dag_id_2.py took 0.042 seconds
[2024-07-16T06:44:46.242+0000] {processor.py:161} INFO - Started process (PID=993) to work on /opt/airflow/dags/dag_id_2.py
[2024-07-16T06:44:46.243+0000] {processor.py:830} INFO - Processing file /opt/airflow/dags/dag_id_2.py for tasks to queue
[2024-07-16T06:44:46.244+0000] {logging_mixin.py:188} INFO - [2024-07-16T06:44:46.243+0000] {dagbag.py:545} INFO - Filling up the DagBag from /opt/airflow/dags/dag_id_2.py
[2024-07-16T06:44:46.252+0000] {processor.py:840} INFO - DAG(s) 'dag_id_2' retrieved from /opt/airflow/dags/dag_id_2.py
[2024-07-16T06:44:46.274+0000] {logging_mixin.py:188} INFO - [2024-07-16T06:44:46.274+0000] {dag.py:3096} INFO - Sync 1 DAGs
[2024-07-16T06:44:46.282+0000] {logging_mixin.py:188} INFO - [2024-07-16T06:44:46.282+0000] {dag.py:3954} INFO - Setting next_dagrun for dag_id_2 to None, run_after=None
[2024-07-16T06:44:46.292+0000] {processor.py:183} INFO - Processing /opt/airflow/dags/dag_id_2.py took 0.054 seconds
[2024-07-16T06:45:16.390+0000] {processor.py:161} INFO - Started process (PID=1056) to work on /opt/airflow/dags/dag_id_2.py
[2024-07-16T06:45:16.391+0000] {processor.py:830} INFO - Processing file /opt/airflow/dags/dag_id_2.py for tasks to queue
[2024-07-16T06:45:16.392+0000] {logging_mixin.py:188} INFO - [2024-07-16T06:45:16.391+0000] {dagbag.py:545} INFO - Filling up the DagBag from /opt/airflow/dags/dag_id_2.py
[2024-07-16T06:45:16.396+0000] {processor.py:840} INFO - DAG(s) 'dag_id_2' retrieved from /opt/airflow/dags/dag_id_2.py
[2024-07-16T06:45:16.413+0000] {logging_mixin.py:188} INFO - [2024-07-16T06:45:16.413+0000] {dag.py:3096} INFO - Sync 1 DAGs
[2024-07-16T06:45:16.422+0000] {logging_mixin.py:188} INFO - [2024-07-16T06:45:16.422+0000] {dag.py:3954} INFO - Setting next_dagrun for dag_id_2 to None, run_after=None
[2024-07-16T06:45:16.435+0000] {processor.py:183} INFO - Processing /opt/airflow/dags/dag_id_2.py took 0.047 seconds
[2024-07-16T06:45:46.486+0000] {processor.py:161} INFO - Started process (PID=1119) to work on /opt/airflow/dags/dag_id_2.py
[2024-07-16T06:45:46.487+0000] {processor.py:830} INFO - Processing file /opt/airflow/dags/dag_id_2.py for tasks to queue
[2024-07-16T06:45:46.488+0000] {logging_mixin.py:188} INFO - [2024-07-16T06:45:46.488+0000] {dagbag.py:545} INFO - Filling up the DagBag from /opt/airflow/dags/dag_id_2.py
[2024-07-16T06:45:46.492+0000] {processor.py:840} INFO - DAG(s) 'dag_id_2' retrieved from /opt/airflow/dags/dag_id_2.py
[2024-07-16T06:45:46.507+0000] {logging_mixin.py:188} INFO - [2024-07-16T06:45:46.507+0000] {dag.py:3096} INFO - Sync 1 DAGs
[2024-07-16T06:45:46.515+0000] {logging_mixin.py:188} INFO - [2024-07-16T06:45:46.515+0000] {dag.py:3954} INFO - Setting next_dagrun for dag_id_2 to None, run_after=None
[2024-07-16T06:45:46.526+0000] {processor.py:183} INFO - Processing /opt/airflow/dags/dag_id_2.py took 0.043 seconds
[2024-07-16T06:46:16.657+0000] {processor.py:161} INFO - Started process (PID=1183) to work on /opt/airflow/dags/dag_id_2.py
[2024-07-16T06:46:16.657+0000] {processor.py:830} INFO - Processing file /opt/airflow/dags/dag_id_2.py for tasks to queue
[2024-07-16T06:46:16.658+0000] {logging_mixin.py:188} INFO - [2024-07-16T06:46:16.658+0000] {dagbag.py:545} INFO - Filling up the DagBag from /opt/airflow/dags/dag_id_2.py
[2024-07-16T06:46:16.662+0000] {processor.py:840} INFO - DAG(s) 'dag_id_2' retrieved from /opt/airflow/dags/dag_id_2.py
[2024-07-16T06:46:16.678+0000] {logging_mixin.py:188} INFO - [2024-07-16T06:46:16.678+0000] {dag.py:3096} INFO - Sync 1 DAGs
[2024-07-16T06:46:16.686+0000] {logging_mixin.py:188} INFO - [2024-07-16T06:46:16.686+0000] {dag.py:3954} INFO - Setting next_dagrun for dag_id_2 to None, run_after=None
[2024-07-16T06:46:16.697+0000] {processor.py:183} INFO - Processing /opt/airflow/dags/dag_id_2.py took 0.043 seconds
[2024-07-16T06:46:47.004+0000] {processor.py:161} INFO - Started process (PID=1247) to work on /opt/airflow/dags/dag_id_2.py
[2024-07-16T06:46:47.005+0000] {processor.py:830} INFO - Processing file /opt/airflow/dags/dag_id_2.py for tasks to queue
[2024-07-16T06:46:47.006+0000] {logging_mixin.py:188} INFO - [2024-07-16T06:46:47.005+0000] {dagbag.py:545} INFO - Filling up the DagBag from /opt/airflow/dags/dag_id_2.py
[2024-07-16T06:46:47.010+0000] {processor.py:840} INFO - DAG(s) 'dag_id_2' retrieved from /opt/airflow/dags/dag_id_2.py
[2024-07-16T06:46:47.025+0000] {logging_mixin.py:188} INFO - [2024-07-16T06:46:47.025+0000] {dag.py:3096} INFO - Sync 1 DAGs
[2024-07-16T06:46:47.033+0000] {logging_mixin.py:188} INFO - [2024-07-16T06:46:47.032+0000] {dag.py:3954} INFO - Setting next_dagrun for dag_id_2 to None, run_after=None
[2024-07-16T06:46:47.042+0000] {processor.py:183} INFO - Processing /opt/airflow/dags/dag_id_2.py took 0.041 seconds
[2024-07-16T06:47:17.743+0000] {processor.py:161} INFO - Started process (PID=1311) to work on /opt/airflow/dags/dag_id_2.py
[2024-07-16T06:47:17.744+0000] {processor.py:830} INFO - Processing file /opt/airflow/dags/dag_id_2.py for tasks to queue
[2024-07-16T06:47:17.745+0000] {logging_mixin.py:188} INFO - [2024-07-16T06:47:17.745+0000] {dagbag.py:545} INFO - Filling up the DagBag from /opt/airflow/dags/dag_id_2.py
[2024-07-16T06:47:17.750+0000] {processor.py:840} INFO - DAG(s) 'dag_id_2' retrieved from /opt/airflow/dags/dag_id_2.py
[2024-07-16T06:47:17.765+0000] {logging_mixin.py:188} INFO - [2024-07-16T06:47:17.765+0000] {dag.py:3096} INFO - Sync 1 DAGs
[2024-07-16T06:47:17.773+0000] {logging_mixin.py:188} INFO - [2024-07-16T06:47:17.773+0000] {dag.py:3954} INFO - Setting next_dagrun for dag_id_2 to None, run_after=None
[2024-07-16T06:47:17.784+0000] {processor.py:183} INFO - Processing /opt/airflow/dags/dag_id_2.py took 0.043 seconds
[2024-07-16T06:47:48.322+0000] {processor.py:161} INFO - Started process (PID=1375) to work on /opt/airflow/dags/dag_id_2.py
[2024-07-16T06:47:48.323+0000] {processor.py:830} INFO - Processing file /opt/airflow/dags/dag_id_2.py for tasks to queue
[2024-07-16T06:47:48.324+0000] {logging_mixin.py:188} INFO - [2024-07-16T06:47:48.324+0000] {dagbag.py:545} INFO - Filling up the DagBag from /opt/airflow/dags/dag_id_2.py
[2024-07-16T06:47:48.328+0000] {processor.py:840} INFO - DAG(s) 'dag_id_2' retrieved from /opt/airflow/dags/dag_id_2.py
[2024-07-16T06:47:48.343+0000] {logging_mixin.py:188} INFO - [2024-07-16T06:47:48.343+0000] {dag.py:3096} INFO - Sync 1 DAGs
[2024-07-16T06:47:48.351+0000] {logging_mixin.py:188} INFO - [2024-07-16T06:47:48.351+0000] {dag.py:3954} INFO - Setting next_dagrun for dag_id_2 to None, run_after=None
[2024-07-16T06:47:48.361+0000] {processor.py:183} INFO - Processing /opt/airflow/dags/dag_id_2.py took 0.041 seconds
[2024-07-16T06:48:18.523+0000] {processor.py:161} INFO - Started process (PID=1439) to work on /opt/airflow/dags/dag_id_2.py
[2024-07-16T06:48:18.524+0000] {processor.py:830} INFO - Processing file /opt/airflow/dags/dag_id_2.py for tasks to queue
[2024-07-16T06:48:18.525+0000] {logging_mixin.py:188} INFO - [2024-07-16T06:48:18.525+0000] {dagbag.py:545} INFO - Filling up the DagBag from /opt/airflow/dags/dag_id_2.py
[2024-07-16T06:48:18.530+0000] {processor.py:840} INFO - DAG(s) 'dag_id_2' retrieved from /opt/airflow/dags/dag_id_2.py
[2024-07-16T06:48:18.547+0000] {logging_mixin.py:188} INFO - [2024-07-16T06:48:18.546+0000] {dag.py:3096} INFO - Sync 1 DAGs
[2024-07-16T06:48:18.555+0000] {logging_mixin.py:188} INFO - [2024-07-16T06:48:18.555+0000] {dag.py:3954} INFO - Setting next_dagrun for dag_id_2 to None, run_after=None
[2024-07-16T06:48:18.569+0000] {processor.py:183} INFO - Processing /opt/airflow/dags/dag_id_2.py took 0.049 seconds
[2024-07-16T06:48:48.697+0000] {processor.py:161} INFO - Started process (PID=1503) to work on /opt/airflow/dags/dag_id_2.py
[2024-07-16T06:48:48.698+0000] {processor.py:830} INFO - Processing file /opt/airflow/dags/dag_id_2.py for tasks to queue
[2024-07-16T06:48:48.699+0000] {logging_mixin.py:188} INFO - [2024-07-16T06:48:48.698+0000] {dagbag.py:545} INFO - Filling up the DagBag from /opt/airflow/dags/dag_id_2.py
[2024-07-16T06:48:48.703+0000] {processor.py:840} INFO - DAG(s) 'dag_id_2' retrieved from /opt/airflow/dags/dag_id_2.py
[2024-07-16T06:48:48.718+0000] {logging_mixin.py:188} INFO - [2024-07-16T06:48:48.718+0000] {dag.py:3096} INFO - Sync 1 DAGs
[2024-07-16T06:48:48.726+0000] {logging_mixin.py:188} INFO - [2024-07-16T06:48:48.726+0000] {dag.py:3954} INFO - Setting next_dagrun for dag_id_2 to None, run_after=None
[2024-07-16T06:48:48.738+0000] {processor.py:183} INFO - Processing /opt/airflow/dags/dag_id_2.py took 0.044 seconds
[2024-07-16T06:49:18.934+0000] {processor.py:161} INFO - Started process (PID=1566) to work on /opt/airflow/dags/dag_id_2.py
[2024-07-16T06:49:18.934+0000] {processor.py:830} INFO - Processing file /opt/airflow/dags/dag_id_2.py for tasks to queue
[2024-07-16T06:49:18.935+0000] {logging_mixin.py:188} INFO - [2024-07-16T06:49:18.935+0000] {dagbag.py:545} INFO - Filling up the DagBag from /opt/airflow/dags/dag_id_2.py
[2024-07-16T06:49:18.940+0000] {processor.py:840} INFO - DAG(s) 'dag_id_2' retrieved from /opt/airflow/dags/dag_id_2.py
[2024-07-16T06:49:18.955+0000] {logging_mixin.py:188} INFO - [2024-07-16T06:49:18.955+0000] {dag.py:3096} INFO - Sync 1 DAGs
[2024-07-16T06:49:18.962+0000] {logging_mixin.py:188} INFO - [2024-07-16T06:49:18.962+0000] {dag.py:3954} INFO - Setting next_dagrun for dag_id_2 to None, run_after=None
[2024-07-16T06:49:18.972+0000] {processor.py:183} INFO - Processing /opt/airflow/dags/dag_id_2.py took 0.041 seconds
[2024-07-16T06:49:49.579+0000] {processor.py:161} INFO - Started process (PID=1631) to work on /opt/airflow/dags/dag_id_2.py
[2024-07-16T06:49:49.579+0000] {processor.py:830} INFO - Processing file /opt/airflow/dags/dag_id_2.py for tasks to queue
[2024-07-16T06:49:49.580+0000] {logging_mixin.py:188} INFO - [2024-07-16T06:49:49.580+0000] {dagbag.py:545} INFO - Filling up the DagBag from /opt/airflow/dags/dag_id_2.py
[2024-07-16T06:49:49.585+0000] {processor.py:840} INFO - DAG(s) 'dag_id_2' retrieved from /opt/airflow/dags/dag_id_2.py
[2024-07-16T06:49:49.600+0000] {logging_mixin.py:188} INFO - [2024-07-16T06:49:49.599+0000] {dag.py:3096} INFO - Sync 1 DAGs
[2024-07-16T06:49:49.607+0000] {logging_mixin.py:188} INFO - [2024-07-16T06:49:49.607+0000] {dag.py:3954} INFO - Setting next_dagrun for dag_id_2 to None, run_after=None
[2024-07-16T06:49:49.616+0000] {processor.py:183} INFO - Processing /opt/airflow/dags/dag_id_2.py took 0.040 seconds
[2024-07-16T06:50:20.306+0000] {processor.py:161} INFO - Started process (PID=1695) to work on /opt/airflow/dags/dag_id_2.py
[2024-07-16T06:50:20.307+0000] {processor.py:830} INFO - Processing file /opt/airflow/dags/dag_id_2.py for tasks to queue
[2024-07-16T06:50:20.308+0000] {logging_mixin.py:188} INFO - [2024-07-16T06:50:20.308+0000] {dagbag.py:545} INFO - Filling up the DagBag from /opt/airflow/dags/dag_id_2.py
[2024-07-16T06:50:20.312+0000] {processor.py:840} INFO - DAG(s) 'dag_id_2' retrieved from /opt/airflow/dags/dag_id_2.py
[2024-07-16T06:50:20.418+0000] {logging_mixin.py:188} INFO - [2024-07-16T06:50:20.418+0000] {dag.py:3096} INFO - Sync 1 DAGs
[2024-07-16T06:50:20.425+0000] {logging_mixin.py:188} INFO - [2024-07-16T06:50:20.425+0000] {dag.py:3954} INFO - Setting next_dagrun for dag_id_2 to None, run_after=None
[2024-07-16T06:50:20.436+0000] {processor.py:183} INFO - Processing /opt/airflow/dags/dag_id_2.py took 0.133 seconds
[2024-07-16T06:50:50.957+0000] {processor.py:161} INFO - Started process (PID=1759) to work on /opt/airflow/dags/dag_id_2.py
[2024-07-16T06:50:50.958+0000] {processor.py:830} INFO - Processing file /opt/airflow/dags/dag_id_2.py for tasks to queue
[2024-07-16T06:50:50.959+0000] {logging_mixin.py:188} INFO - [2024-07-16T06:50:50.959+0000] {dagbag.py:545} INFO - Filling up the DagBag from /opt/airflow/dags/dag_id_2.py
[2024-07-16T06:50:50.964+0000] {processor.py:840} INFO - DAG(s) 'dag_id_2' retrieved from /opt/airflow/dags/dag_id_2.py
[2024-07-16T06:50:50.980+0000] {logging_mixin.py:188} INFO - [2024-07-16T06:50:50.980+0000] {dag.py:3096} INFO - Sync 1 DAGs
[2024-07-16T06:50:50.988+0000] {logging_mixin.py:188} INFO - [2024-07-16T06:50:50.988+0000] {dag.py:3954} INFO - Setting next_dagrun for dag_id_2 to None, run_after=None
[2024-07-16T06:50:50.999+0000] {processor.py:183} INFO - Processing /opt/airflow/dags/dag_id_2.py took 0.045 seconds
[2024-07-16T06:51:21.095+0000] {processor.py:161} INFO - Started process (PID=1823) to work on /opt/airflow/dags/dag_id_2.py
[2024-07-16T06:51:21.097+0000] {processor.py:830} INFO - Processing file /opt/airflow/dags/dag_id_2.py for tasks to queue
[2024-07-16T06:51:21.098+0000] {logging_mixin.py:188} INFO - [2024-07-16T06:51:21.098+0000] {dagbag.py:545} INFO - Filling up the DagBag from /opt/airflow/dags/dag_id_2.py
[2024-07-16T06:51:21.106+0000] {processor.py:840} INFO - DAG(s) 'dag_id_2' retrieved from /opt/airflow/dags/dag_id_2.py
[2024-07-16T06:51:21.125+0000] {logging_mixin.py:188} INFO - [2024-07-16T06:51:21.125+0000] {dag.py:3096} INFO - Sync 1 DAGs
[2024-07-16T06:51:21.133+0000] {logging_mixin.py:188} INFO - [2024-07-16T06:51:21.133+0000] {dag.py:3954} INFO - Setting next_dagrun for dag_id_2 to None, run_after=None
[2024-07-16T06:51:21.143+0000] {processor.py:183} INFO - Processing /opt/airflow/dags/dag_id_2.py took 0.052 seconds
[2024-07-16T06:51:51.326+0000] {processor.py:161} INFO - Started process (PID=1887) to work on /opt/airflow/dags/dag_id_2.py
[2024-07-16T06:51:51.326+0000] {processor.py:830} INFO - Processing file /opt/airflow/dags/dag_id_2.py for tasks to queue
[2024-07-16T06:51:51.328+0000] {logging_mixin.py:188} INFO - [2024-07-16T06:51:51.328+0000] {dagbag.py:545} INFO - Filling up the DagBag from /opt/airflow/dags/dag_id_2.py
[2024-07-16T06:51:51.333+0000] {processor.py:840} INFO - DAG(s) 'dag_id_2' retrieved from /opt/airflow/dags/dag_id_2.py
[2024-07-16T06:51:51.352+0000] {logging_mixin.py:188} INFO - [2024-07-16T06:51:51.352+0000] {dag.py:3096} INFO - Sync 1 DAGs
[2024-07-16T06:51:51.361+0000] {logging_mixin.py:188} INFO - [2024-07-16T06:51:51.361+0000] {dag.py:3954} INFO - Setting next_dagrun for dag_id_2 to None, run_after=None
[2024-07-16T06:51:51.373+0000] {processor.py:183} INFO - Processing /opt/airflow/dags/dag_id_2.py took 0.050 seconds
[2024-07-16T06:52:21.499+0000] {processor.py:161} INFO - Started process (PID=1951) to work on /opt/airflow/dags/dag_id_2.py
[2024-07-16T06:52:21.500+0000] {processor.py:830} INFO - Processing file /opt/airflow/dags/dag_id_2.py for tasks to queue
[2024-07-16T06:52:21.501+0000] {logging_mixin.py:188} INFO - [2024-07-16T06:52:21.501+0000] {dagbag.py:545} INFO - Filling up the DagBag from /opt/airflow/dags/dag_id_2.py
[2024-07-16T06:52:21.506+0000] {processor.py:840} INFO - DAG(s) 'dag_id_2' retrieved from /opt/airflow/dags/dag_id_2.py
[2024-07-16T06:52:21.521+0000] {logging_mixin.py:188} INFO - [2024-07-16T06:52:21.521+0000] {dag.py:3096} INFO - Sync 1 DAGs
[2024-07-16T06:52:21.529+0000] {logging_mixin.py:188} INFO - [2024-07-16T06:52:21.529+0000] {dag.py:3954} INFO - Setting next_dagrun for dag_id_2 to None, run_after=None
[2024-07-16T06:52:21.541+0000] {processor.py:183} INFO - Processing /opt/airflow/dags/dag_id_2.py took 0.045 seconds
[2024-07-16T06:52:51.678+0000] {processor.py:161} INFO - Started process (PID=2015) to work on /opt/airflow/dags/dag_id_2.py
[2024-07-16T06:52:51.679+0000] {processor.py:830} INFO - Processing file /opt/airflow/dags/dag_id_2.py for tasks to queue
[2024-07-16T06:52:51.679+0000] {logging_mixin.py:188} INFO - [2024-07-16T06:52:51.679+0000] {dagbag.py:545} INFO - Filling up the DagBag from /opt/airflow/dags/dag_id_2.py
[2024-07-16T06:52:51.684+0000] {processor.py:840} INFO - DAG(s) 'dag_id_2' retrieved from /opt/airflow/dags/dag_id_2.py
[2024-07-16T06:52:51.699+0000] {logging_mixin.py:188} INFO - [2024-07-16T06:52:51.699+0000] {dag.py:3096} INFO - Sync 1 DAGs
[2024-07-16T06:52:51.708+0000] {logging_mixin.py:188} INFO - [2024-07-16T06:52:51.708+0000] {dag.py:3954} INFO - Setting next_dagrun for dag_id_2 to None, run_after=None
[2024-07-16T06:52:51.719+0000] {processor.py:183} INFO - Processing /opt/airflow/dags/dag_id_2.py took 0.044 seconds
[2024-07-16T06:53:21.794+0000] {processor.py:161} INFO - Started process (PID=2079) to work on /opt/airflow/dags/dag_id_2.py
[2024-07-16T06:53:21.795+0000] {processor.py:830} INFO - Processing file /opt/airflow/dags/dag_id_2.py for tasks to queue
[2024-07-16T06:53:21.796+0000] {logging_mixin.py:188} INFO - [2024-07-16T06:53:21.796+0000] {dagbag.py:545} INFO - Filling up the DagBag from /opt/airflow/dags/dag_id_2.py
[2024-07-16T06:53:21.802+0000] {processor.py:840} INFO - DAG(s) 'dag_id_2' retrieved from /opt/airflow/dags/dag_id_2.py
[2024-07-16T06:53:21.821+0000] {logging_mixin.py:188} INFO - [2024-07-16T06:53:21.821+0000] {dag.py:3096} INFO - Sync 1 DAGs
[2024-07-16T06:53:21.830+0000] {logging_mixin.py:188} INFO - [2024-07-16T06:53:21.830+0000] {dag.py:3954} INFO - Setting next_dagrun for dag_id_2 to None, run_after=None
[2024-07-16T06:53:21.844+0000] {processor.py:183} INFO - Processing /opt/airflow/dags/dag_id_2.py took 0.053 seconds
[2024-07-16T06:53:52.128+0000] {processor.py:161} INFO - Started process (PID=2143) to work on /opt/airflow/dags/dag_id_2.py
[2024-07-16T06:53:52.129+0000] {processor.py:830} INFO - Processing file /opt/airflow/dags/dag_id_2.py for tasks to queue
[2024-07-16T06:53:52.130+0000] {logging_mixin.py:188} INFO - [2024-07-16T06:53:52.130+0000] {dagbag.py:545} INFO - Filling up the DagBag from /opt/airflow/dags/dag_id_2.py
[2024-07-16T06:53:52.134+0000] {processor.py:840} INFO - DAG(s) 'dag_id_2' retrieved from /opt/airflow/dags/dag_id_2.py
[2024-07-16T06:53:52.149+0000] {logging_mixin.py:188} INFO - [2024-07-16T06:53:52.149+0000] {dag.py:3096} INFO - Sync 1 DAGs
[2024-07-16T06:53:52.157+0000] {logging_mixin.py:188} INFO - [2024-07-16T06:53:52.157+0000] {dag.py:3954} INFO - Setting next_dagrun for dag_id_2 to None, run_after=None
[2024-07-16T06:53:52.168+0000] {processor.py:183} INFO - Processing /opt/airflow/dags/dag_id_2.py took 0.043 seconds
[2024-07-16T06:54:22.299+0000] {processor.py:161} INFO - Started process (PID=2207) to work on /opt/airflow/dags/dag_id_2.py
[2024-07-16T06:54:22.300+0000] {processor.py:830} INFO - Processing file /opt/airflow/dags/dag_id_2.py for tasks to queue
[2024-07-16T06:54:22.301+0000] {logging_mixin.py:188} INFO - [2024-07-16T06:54:22.301+0000] {dagbag.py:545} INFO - Filling up the DagBag from /opt/airflow/dags/dag_id_2.py
[2024-07-16T06:54:22.305+0000] {processor.py:840} INFO - DAG(s) 'dag_id_2' retrieved from /opt/airflow/dags/dag_id_2.py
[2024-07-16T06:54:22.319+0000] {logging_mixin.py:188} INFO - [2024-07-16T06:54:22.319+0000] {dag.py:3096} INFO - Sync 1 DAGs
[2024-07-16T06:54:22.326+0000] {logging_mixin.py:188} INFO - [2024-07-16T06:54:22.326+0000] {dag.py:3954} INFO - Setting next_dagrun for dag_id_2 to None, run_after=None
[2024-07-16T06:54:22.337+0000] {processor.py:183} INFO - Processing /opt/airflow/dags/dag_id_2.py took 0.041 seconds
[2024-07-16T06:54:52.431+0000] {processor.py:161} INFO - Started process (PID=2270) to work on /opt/airflow/dags/dag_id_2.py
[2024-07-16T06:54:52.431+0000] {processor.py:830} INFO - Processing file /opt/airflow/dags/dag_id_2.py for tasks to queue
[2024-07-16T06:54:52.432+0000] {logging_mixin.py:188} INFO - [2024-07-16T06:54:52.432+0000] {dagbag.py:545} INFO - Filling up the DagBag from /opt/airflow/dags/dag_id_2.py
[2024-07-16T06:54:52.437+0000] {processor.py:840} INFO - DAG(s) 'dag_id_2' retrieved from /opt/airflow/dags/dag_id_2.py
[2024-07-16T06:54:52.454+0000] {logging_mixin.py:188} INFO - [2024-07-16T06:54:52.454+0000] {dag.py:3096} INFO - Sync 1 DAGs
[2024-07-16T06:54:52.462+0000] {logging_mixin.py:188} INFO - [2024-07-16T06:54:52.462+0000] {dag.py:3954} INFO - Setting next_dagrun for dag_id_2 to None, run_after=None
[2024-07-16T06:54:52.473+0000] {processor.py:183} INFO - Processing /opt/airflow/dags/dag_id_2.py took 0.045 seconds
[2024-07-16T06:55:22.597+0000] {processor.py:161} INFO - Started process (PID=2334) to work on /opt/airflow/dags/dag_id_2.py
[2024-07-16T06:55:22.598+0000] {processor.py:830} INFO - Processing file /opt/airflow/dags/dag_id_2.py for tasks to queue
[2024-07-16T06:55:22.599+0000] {logging_mixin.py:188} INFO - [2024-07-16T06:55:22.599+0000] {dagbag.py:545} INFO - Filling up the DagBag from /opt/airflow/dags/dag_id_2.py
[2024-07-16T06:55:22.604+0000] {processor.py:840} INFO - DAG(s) 'dag_id_2' retrieved from /opt/airflow/dags/dag_id_2.py
[2024-07-16T06:55:22.621+0000] {logging_mixin.py:188} INFO - [2024-07-16T06:55:22.621+0000] {dag.py:3096} INFO - Sync 1 DAGs
[2024-07-16T06:55:22.630+0000] {logging_mixin.py:188} INFO - [2024-07-16T06:55:22.630+0000] {dag.py:3954} INFO - Setting next_dagrun for dag_id_2 to None, run_after=None
[2024-07-16T06:55:22.642+0000] {processor.py:183} INFO - Processing /opt/airflow/dags/dag_id_2.py took 0.049 seconds
[2024-07-16T06:55:52.859+0000] {processor.py:161} INFO - Started process (PID=2398) to work on /opt/airflow/dags/dag_id_2.py
[2024-07-16T06:55:52.861+0000] {processor.py:830} INFO - Processing file /opt/airflow/dags/dag_id_2.py for tasks to queue
[2024-07-16T06:55:52.865+0000] {logging_mixin.py:188} INFO - [2024-07-16T06:55:52.865+0000] {dagbag.py:545} INFO - Filling up the DagBag from /opt/airflow/dags/dag_id_2.py
[2024-07-16T06:55:52.871+0000] {processor.py:840} INFO - DAG(s) 'dag_id_2' retrieved from /opt/airflow/dags/dag_id_2.py
[2024-07-16T06:55:52.891+0000] {logging_mixin.py:188} INFO - [2024-07-16T06:55:52.891+0000] {dag.py:3096} INFO - Sync 1 DAGs
[2024-07-16T06:55:52.899+0000] {logging_mixin.py:188} INFO - [2024-07-16T06:55:52.899+0000] {dag.py:3954} INFO - Setting next_dagrun for dag_id_2 to None, run_after=None
[2024-07-16T06:55:52.911+0000] {processor.py:183} INFO - Processing /opt/airflow/dags/dag_id_2.py took 0.056 seconds
