[2024-07-16T06:24:05.784+0000] {processor.py:161} INFO - Started process (PID=31) to work on /opt/airflow/dags/dag_id_3.py
[2024-07-16T06:24:05.785+0000] {processor.py:830} INFO - Processing file /opt/airflow/dags/dag_id_3.py for tasks to queue
[2024-07-16T06:24:05.786+0000] {logging_mixin.py:188} INFO - [2024-07-16T06:24:05.786+0000] {dagbag.py:545} INFO - Filling up the DagBag from /opt/airflow/dags/dag_id_3.py
[2024-07-16T06:24:05.795+0000] {processor.py:840} INFO - DAG(s) 'dag_id_3' retrieved from /opt/airflow/dags/dag_id_3.py
[2024-07-16T06:24:05.823+0000] {logging_mixin.py:188} INFO - [2024-07-16T06:24:05.823+0000] {dag.py:3096} INFO - Sync 1 DAGs
[2024-07-16T06:24:05.837+0000] {logging_mixin.py:188} INFO - [2024-07-16T06:24:05.836+0000] {dag.py:3954} INFO - Setting next_dagrun for dag_id_3 to None, run_after=None
[2024-07-16T06:24:05.852+0000] {processor.py:183} INFO - Processing /opt/airflow/dags/dag_id_3.py took 0.072 seconds
[2024-07-16T06:24:36.820+0000] {processor.py:161} INFO - Started process (PID=94) to work on /opt/airflow/dags/dag_id_3.py
[2024-07-16T06:24:36.821+0000] {processor.py:830} INFO - Processing file /opt/airflow/dags/dag_id_3.py for tasks to queue
[2024-07-16T06:24:36.822+0000] {logging_mixin.py:188} INFO - [2024-07-16T06:24:36.822+0000] {dagbag.py:545} INFO - Filling up the DagBag from /opt/airflow/dags/dag_id_3.py
[2024-07-16T06:24:36.827+0000] {processor.py:840} INFO - DAG(s) 'dag_id_3' retrieved from /opt/airflow/dags/dag_id_3.py
[2024-07-16T06:24:36.840+0000] {logging_mixin.py:188} INFO - [2024-07-16T06:24:36.840+0000] {dag.py:3096} INFO - Sync 1 DAGs
[2024-07-16T06:24:36.847+0000] {logging_mixin.py:188} INFO - [2024-07-16T06:24:36.847+0000] {dag.py:3954} INFO - Setting next_dagrun for dag_id_3 to None, run_after=None
[2024-07-16T06:24:36.857+0000] {processor.py:183} INFO - Processing /opt/airflow/dags/dag_id_3.py took 0.042 seconds
[2024-07-16T06:29:29.481+0000] {processor.py:161} INFO - Started process (PID=32) to work on /opt/airflow/dags/dag_id_3.py
[2024-07-16T06:29:29.482+0000] {processor.py:830} INFO - Processing file /opt/airflow/dags/dag_id_3.py for tasks to queue
[2024-07-16T06:29:29.485+0000] {logging_mixin.py:188} INFO - [2024-07-16T06:29:29.484+0000] {dagbag.py:545} INFO - Filling up the DagBag from /opt/airflow/dags/dag_id_3.py
[2024-07-16T06:29:29.503+0000] {processor.py:840} INFO - DAG(s) 'dag_id_3' retrieved from /opt/airflow/dags/dag_id_3.py
[2024-07-16T06:29:29.566+0000] {logging_mixin.py:188} INFO - [2024-07-16T06:29:29.566+0000] {dag.py:3096} INFO - Sync 1 DAGs
[2024-07-16T06:29:29.573+0000] {logging_mixin.py:188} INFO - [2024-07-16T06:29:29.573+0000] {dag.py:3954} INFO - Setting next_dagrun for dag_id_3 to None, run_after=None
[2024-07-16T06:29:29.585+0000] {processor.py:183} INFO - Processing /opt/airflow/dags/dag_id_3.py took 0.109 seconds
[2024-07-16T06:30:00.195+0000] {processor.py:161} INFO - Started process (PID=96) to work on /opt/airflow/dags/dag_id_3.py
[2024-07-16T06:30:00.195+0000] {processor.py:830} INFO - Processing file /opt/airflow/dags/dag_id_3.py for tasks to queue
[2024-07-16T06:30:00.196+0000] {logging_mixin.py:188} INFO - [2024-07-16T06:30:00.196+0000] {dagbag.py:545} INFO - Filling up the DagBag from /opt/airflow/dags/dag_id_3.py
[2024-07-16T06:30:00.202+0000] {processor.py:840} INFO - DAG(s) 'dag_id_3' retrieved from /opt/airflow/dags/dag_id_3.py
[2024-07-16T06:30:00.217+0000] {logging_mixin.py:188} INFO - [2024-07-16T06:30:00.216+0000] {dag.py:3096} INFO - Sync 1 DAGs
[2024-07-16T06:30:00.224+0000] {logging_mixin.py:188} INFO - [2024-07-16T06:30:00.223+0000] {dag.py:3954} INFO - Setting next_dagrun for dag_id_3 to None, run_after=None
[2024-07-16T06:30:00.235+0000] {processor.py:183} INFO - Processing /opt/airflow/dags/dag_id_3.py took 0.042 seconds
[2024-07-16T06:30:30.451+0000] {processor.py:161} INFO - Started process (PID=160) to work on /opt/airflow/dags/dag_id_3.py
[2024-07-16T06:30:30.451+0000] {processor.py:830} INFO - Processing file /opt/airflow/dags/dag_id_3.py for tasks to queue
[2024-07-16T06:30:30.452+0000] {logging_mixin.py:188} INFO - [2024-07-16T06:30:30.452+0000] {dagbag.py:545} INFO - Filling up the DagBag from /opt/airflow/dags/dag_id_3.py
[2024-07-16T06:30:30.457+0000] {processor.py:840} INFO - DAG(s) 'dag_id_3' retrieved from /opt/airflow/dags/dag_id_3.py
[2024-07-16T06:30:30.471+0000] {logging_mixin.py:188} INFO - [2024-07-16T06:30:30.471+0000] {dag.py:3096} INFO - Sync 1 DAGs
[2024-07-16T06:30:30.478+0000] {logging_mixin.py:188} INFO - [2024-07-16T06:30:30.478+0000] {dag.py:3954} INFO - Setting next_dagrun for dag_id_3 to None, run_after=None
[2024-07-16T06:30:30.489+0000] {processor.py:183} INFO - Processing /opt/airflow/dags/dag_id_3.py took 0.041 seconds
[2024-07-16T06:31:00.681+0000] {processor.py:161} INFO - Started process (PID=223) to work on /opt/airflow/dags/dag_id_3.py
[2024-07-16T06:31:00.681+0000] {processor.py:830} INFO - Processing file /opt/airflow/dags/dag_id_3.py for tasks to queue
[2024-07-16T06:31:00.683+0000] {logging_mixin.py:188} INFO - [2024-07-16T06:31:00.682+0000] {dagbag.py:545} INFO - Filling up the DagBag from /opt/airflow/dags/dag_id_3.py
[2024-07-16T06:31:00.689+0000] {processor.py:840} INFO - DAG(s) 'dag_id_3' retrieved from /opt/airflow/dags/dag_id_3.py
[2024-07-16T06:31:00.705+0000] {logging_mixin.py:188} INFO - [2024-07-16T06:31:00.705+0000] {dag.py:3096} INFO - Sync 1 DAGs
[2024-07-16T06:31:00.714+0000] {logging_mixin.py:188} INFO - [2024-07-16T06:31:00.714+0000] {dag.py:3954} INFO - Setting next_dagrun for dag_id_3 to None, run_after=None
[2024-07-16T06:31:00.727+0000] {processor.py:183} INFO - Processing /opt/airflow/dags/dag_id_3.py took 0.049 seconds
[2024-07-16T06:31:30.897+0000] {processor.py:161} INFO - Started process (PID=287) to work on /opt/airflow/dags/dag_id_3.py
[2024-07-16T06:31:30.897+0000] {processor.py:830} INFO - Processing file /opt/airflow/dags/dag_id_3.py for tasks to queue
[2024-07-16T06:31:30.898+0000] {logging_mixin.py:188} INFO - [2024-07-16T06:31:30.898+0000] {dagbag.py:545} INFO - Filling up the DagBag from /opt/airflow/dags/dag_id_3.py
[2024-07-16T06:31:30.903+0000] {processor.py:840} INFO - DAG(s) 'dag_id_3' retrieved from /opt/airflow/dags/dag_id_3.py
[2024-07-16T06:31:30.917+0000] {logging_mixin.py:188} INFO - [2024-07-16T06:31:30.917+0000] {dag.py:3096} INFO - Sync 1 DAGs
[2024-07-16T06:31:30.925+0000] {logging_mixin.py:188} INFO - [2024-07-16T06:31:30.925+0000] {dag.py:3954} INFO - Setting next_dagrun for dag_id_3 to None, run_after=None
[2024-07-16T06:31:30.937+0000] {processor.py:183} INFO - Processing /opt/airflow/dags/dag_id_3.py took 0.043 seconds
[2024-07-16T06:32:01.032+0000] {processor.py:161} INFO - Started process (PID=350) to work on /opt/airflow/dags/dag_id_3.py
[2024-07-16T06:32:01.032+0000] {processor.py:830} INFO - Processing file /opt/airflow/dags/dag_id_3.py for tasks to queue
[2024-07-16T06:32:01.033+0000] {logging_mixin.py:188} INFO - [2024-07-16T06:32:01.033+0000] {dagbag.py:545} INFO - Filling up the DagBag from /opt/airflow/dags/dag_id_3.py
[2024-07-16T06:32:01.038+0000] {processor.py:840} INFO - DAG(s) 'dag_id_3' retrieved from /opt/airflow/dags/dag_id_3.py
[2024-07-16T06:32:01.054+0000] {logging_mixin.py:188} INFO - [2024-07-16T06:32:01.054+0000] {dag.py:3096} INFO - Sync 1 DAGs
[2024-07-16T06:32:01.063+0000] {logging_mixin.py:188} INFO - [2024-07-16T06:32:01.063+0000] {dag.py:3954} INFO - Setting next_dagrun for dag_id_3 to None, run_after=None
[2024-07-16T06:32:01.078+0000] {processor.py:183} INFO - Processing /opt/airflow/dags/dag_id_3.py took 0.050 seconds
[2024-07-16T06:32:31.115+0000] {processor.py:161} INFO - Started process (PID=414) to work on /opt/airflow/dags/dag_id_3.py
[2024-07-16T06:32:31.116+0000] {processor.py:830} INFO - Processing file /opt/airflow/dags/dag_id_3.py for tasks to queue
[2024-07-16T06:32:31.117+0000] {logging_mixin.py:188} INFO - [2024-07-16T06:32:31.116+0000] {dagbag.py:545} INFO - Filling up the DagBag from /opt/airflow/dags/dag_id_3.py
[2024-07-16T06:32:31.121+0000] {processor.py:840} INFO - DAG(s) 'dag_id_3' retrieved from /opt/airflow/dags/dag_id_3.py
[2024-07-16T06:32:31.136+0000] {logging_mixin.py:188} INFO - [2024-07-16T06:32:31.136+0000] {dag.py:3096} INFO - Sync 1 DAGs
[2024-07-16T06:32:31.144+0000] {logging_mixin.py:188} INFO - [2024-07-16T06:32:31.143+0000] {dag.py:3954} INFO - Setting next_dagrun for dag_id_3 to None, run_after=None
[2024-07-16T06:32:31.154+0000] {processor.py:183} INFO - Processing /opt/airflow/dags/dag_id_3.py took 0.041 seconds
[2024-07-16T06:33:01.203+0000] {processor.py:161} INFO - Started process (PID=477) to work on /opt/airflow/dags/dag_id_3.py
[2024-07-16T06:33:01.204+0000] {processor.py:830} INFO - Processing file /opt/airflow/dags/dag_id_3.py for tasks to queue
[2024-07-16T06:33:01.206+0000] {logging_mixin.py:188} INFO - [2024-07-16T06:33:01.206+0000] {dagbag.py:545} INFO - Filling up the DagBag from /opt/airflow/dags/dag_id_3.py
[2024-07-16T06:33:01.214+0000] {processor.py:840} INFO - DAG(s) 'dag_id_3' retrieved from /opt/airflow/dags/dag_id_3.py
[2024-07-16T06:33:01.235+0000] {logging_mixin.py:188} INFO - [2024-07-16T06:33:01.235+0000] {dag.py:3096} INFO - Sync 1 DAGs
[2024-07-16T06:33:01.245+0000] {logging_mixin.py:188} INFO - [2024-07-16T06:33:01.244+0000] {dag.py:3954} INFO - Setting next_dagrun for dag_id_3 to None, run_after=None
[2024-07-16T06:33:01.257+0000] {processor.py:183} INFO - Processing /opt/airflow/dags/dag_id_3.py took 0.059 seconds
[2024-07-16T06:33:31.446+0000] {processor.py:161} INFO - Started process (PID=542) to work on /opt/airflow/dags/dag_id_3.py
[2024-07-16T06:33:31.447+0000] {processor.py:830} INFO - Processing file /opt/airflow/dags/dag_id_3.py for tasks to queue
[2024-07-16T06:33:31.448+0000] {logging_mixin.py:188} INFO - [2024-07-16T06:33:31.448+0000] {dagbag.py:545} INFO - Filling up the DagBag from /opt/airflow/dags/dag_id_3.py
[2024-07-16T06:33:31.454+0000] {processor.py:840} INFO - DAG(s) 'dag_id_3' retrieved from /opt/airflow/dags/dag_id_3.py
[2024-07-16T06:33:31.469+0000] {logging_mixin.py:188} INFO - [2024-07-16T06:33:31.469+0000] {dag.py:3096} INFO - Sync 1 DAGs
[2024-07-16T06:33:31.478+0000] {logging_mixin.py:188} INFO - [2024-07-16T06:33:31.478+0000] {dag.py:3954} INFO - Setting next_dagrun for dag_id_3 to None, run_after=None
[2024-07-16T06:33:31.491+0000] {processor.py:183} INFO - Processing /opt/airflow/dags/dag_id_3.py took 0.048 seconds
[2024-07-16T06:34:01.600+0000] {processor.py:161} INFO - Started process (PID=605) to work on /opt/airflow/dags/dag_id_3.py
[2024-07-16T06:34:01.601+0000] {processor.py:830} INFO - Processing file /opt/airflow/dags/dag_id_3.py for tasks to queue
[2024-07-16T06:34:01.602+0000] {logging_mixin.py:188} INFO - [2024-07-16T06:34:01.602+0000] {dagbag.py:545} INFO - Filling up the DagBag from /opt/airflow/dags/dag_id_3.py
[2024-07-16T06:34:01.607+0000] {processor.py:840} INFO - DAG(s) 'dag_id_3' retrieved from /opt/airflow/dags/dag_id_3.py
[2024-07-16T06:34:01.622+0000] {logging_mixin.py:188} INFO - [2024-07-16T06:34:01.622+0000] {dag.py:3096} INFO - Sync 1 DAGs
[2024-07-16T06:34:01.634+0000] {logging_mixin.py:188} INFO - [2024-07-16T06:34:01.634+0000] {dag.py:3954} INFO - Setting next_dagrun for dag_id_3 to None, run_after=None
[2024-07-16T06:34:01.648+0000] {processor.py:183} INFO - Processing /opt/airflow/dags/dag_id_3.py took 0.050 seconds
[2024-07-16T06:34:31.858+0000] {processor.py:161} INFO - Started process (PID=668) to work on /opt/airflow/dags/dag_id_3.py
[2024-07-16T06:34:31.858+0000] {processor.py:830} INFO - Processing file /opt/airflow/dags/dag_id_3.py for tasks to queue
[2024-07-16T06:34:31.859+0000] {logging_mixin.py:188} INFO - [2024-07-16T06:34:31.859+0000] {dagbag.py:545} INFO - Filling up the DagBag from /opt/airflow/dags/dag_id_3.py
[2024-07-16T06:34:31.864+0000] {processor.py:840} INFO - DAG(s) 'dag_id_3' retrieved from /opt/airflow/dags/dag_id_3.py
[2024-07-16T06:34:31.878+0000] {logging_mixin.py:188} INFO - [2024-07-16T06:34:31.878+0000] {dag.py:3096} INFO - Sync 1 DAGs
[2024-07-16T06:34:31.886+0000] {logging_mixin.py:188} INFO - [2024-07-16T06:34:31.886+0000] {dag.py:3954} INFO - Setting next_dagrun for dag_id_3 to None, run_after=None
[2024-07-16T06:34:31.897+0000] {processor.py:183} INFO - Processing /opt/airflow/dags/dag_id_3.py took 0.042 seconds
[2024-07-16T06:35:02.033+0000] {processor.py:161} INFO - Started process (PID=732) to work on /opt/airflow/dags/dag_id_3.py
[2024-07-16T06:35:02.034+0000] {processor.py:830} INFO - Processing file /opt/airflow/dags/dag_id_3.py for tasks to queue
[2024-07-16T06:35:02.036+0000] {logging_mixin.py:188} INFO - [2024-07-16T06:35:02.036+0000] {dagbag.py:545} INFO - Filling up the DagBag from /opt/airflow/dags/dag_id_3.py
[2024-07-16T06:35:02.042+0000] {processor.py:840} INFO - DAG(s) 'dag_id_3' retrieved from /opt/airflow/dags/dag_id_3.py
[2024-07-16T06:35:02.056+0000] {logging_mixin.py:188} INFO - [2024-07-16T06:35:02.056+0000] {dag.py:3096} INFO - Sync 1 DAGs
[2024-07-16T06:35:02.064+0000] {logging_mixin.py:188} INFO - [2024-07-16T06:35:02.064+0000] {dag.py:3954} INFO - Setting next_dagrun for dag_id_3 to None, run_after=None
[2024-07-16T06:35:02.075+0000] {processor.py:183} INFO - Processing /opt/airflow/dags/dag_id_3.py took 0.044 seconds
[2024-07-16T06:35:32.493+0000] {processor.py:161} INFO - Started process (PID=796) to work on /opt/airflow/dags/dag_id_3.py
[2024-07-16T06:35:32.494+0000] {processor.py:830} INFO - Processing file /opt/airflow/dags/dag_id_3.py for tasks to queue
[2024-07-16T06:35:32.495+0000] {logging_mixin.py:188} INFO - [2024-07-16T06:35:32.495+0000] {dagbag.py:545} INFO - Filling up the DagBag from /opt/airflow/dags/dag_id_3.py
[2024-07-16T06:35:32.500+0000] {processor.py:840} INFO - DAG(s) 'dag_id_3' retrieved from /opt/airflow/dags/dag_id_3.py
[2024-07-16T06:35:32.515+0000] {logging_mixin.py:188} INFO - [2024-07-16T06:35:32.515+0000] {dag.py:3096} INFO - Sync 1 DAGs
[2024-07-16T06:35:32.524+0000] {logging_mixin.py:188} INFO - [2024-07-16T06:35:32.524+0000] {dag.py:3954} INFO - Setting next_dagrun for dag_id_3 to None, run_after=None
[2024-07-16T06:35:32.536+0000] {processor.py:183} INFO - Processing /opt/airflow/dags/dag_id_3.py took 0.047 seconds
[2024-07-16T06:36:02.635+0000] {processor.py:161} INFO - Started process (PID=860) to work on /opt/airflow/dags/dag_id_3.py
[2024-07-16T06:36:02.636+0000] {processor.py:830} INFO - Processing file /opt/airflow/dags/dag_id_3.py for tasks to queue
[2024-07-16T06:36:02.637+0000] {logging_mixin.py:188} INFO - [2024-07-16T06:36:02.637+0000] {dagbag.py:545} INFO - Filling up the DagBag from /opt/airflow/dags/dag_id_3.py
[2024-07-16T06:36:02.642+0000] {processor.py:840} INFO - DAG(s) 'dag_id_3' retrieved from /opt/airflow/dags/dag_id_3.py
[2024-07-16T06:36:02.658+0000] {logging_mixin.py:188} INFO - [2024-07-16T06:36:02.658+0000] {dag.py:3096} INFO - Sync 1 DAGs
[2024-07-16T06:36:02.666+0000] {logging_mixin.py:188} INFO - [2024-07-16T06:36:02.666+0000] {dag.py:3954} INFO - Setting next_dagrun for dag_id_3 to None, run_after=None
[2024-07-16T06:36:02.677+0000] {processor.py:183} INFO - Processing /opt/airflow/dags/dag_id_3.py took 0.044 seconds
[2024-07-16T06:37:12.096+0000] {processor.py:161} INFO - Started process (PID=33) to work on /opt/airflow/dags/dag_id_3.py
[2024-07-16T06:37:12.098+0000] {processor.py:830} INFO - Processing file /opt/airflow/dags/dag_id_3.py for tasks to queue
[2024-07-16T06:37:12.100+0000] {logging_mixin.py:188} INFO - [2024-07-16T06:37:12.100+0000] {dagbag.py:545} INFO - Filling up the DagBag from /opt/airflow/dags/dag_id_3.py
[2024-07-16T06:37:12.106+0000] {processor.py:840} INFO - DAG(s) 'dag_id_3' retrieved from /opt/airflow/dags/dag_id_3.py
[2024-07-16T06:37:12.180+0000] {logging_mixin.py:188} INFO - [2024-07-16T06:37:12.180+0000] {dag.py:3096} INFO - Sync 1 DAGs
[2024-07-16T06:37:12.189+0000] {logging_mixin.py:188} INFO - [2024-07-16T06:37:12.189+0000] {dag.py:3954} INFO - Setting next_dagrun for dag_id_3 to None, run_after=None
[2024-07-16T06:37:12.209+0000] {processor.py:183} INFO - Processing /opt/airflow/dags/dag_id_3.py took 0.116 seconds
[2024-07-16T06:37:42.766+0000] {processor.py:161} INFO - Started process (PID=96) to work on /opt/airflow/dags/dag_id_3.py
[2024-07-16T06:37:42.766+0000] {processor.py:830} INFO - Processing file /opt/airflow/dags/dag_id_3.py for tasks to queue
[2024-07-16T06:37:42.767+0000] {logging_mixin.py:188} INFO - [2024-07-16T06:37:42.767+0000] {dagbag.py:545} INFO - Filling up the DagBag from /opt/airflow/dags/dag_id_3.py
[2024-07-16T06:37:42.773+0000] {processor.py:840} INFO - DAG(s) 'dag_id_3' retrieved from /opt/airflow/dags/dag_id_3.py
[2024-07-16T06:37:42.789+0000] {logging_mixin.py:188} INFO - [2024-07-16T06:37:42.789+0000] {dag.py:3096} INFO - Sync 1 DAGs
[2024-07-16T06:37:42.796+0000] {logging_mixin.py:188} INFO - [2024-07-16T06:37:42.796+0000] {dag.py:3954} INFO - Setting next_dagrun for dag_id_3 to None, run_after=None
[2024-07-16T06:37:42.807+0000] {processor.py:183} INFO - Processing /opt/airflow/dags/dag_id_3.py took 0.044 seconds
[2024-07-16T06:38:13.659+0000] {processor.py:161} INFO - Started process (PID=160) to work on /opt/airflow/dags/dag_id_3.py
[2024-07-16T06:38:13.659+0000] {processor.py:830} INFO - Processing file /opt/airflow/dags/dag_id_3.py for tasks to queue
[2024-07-16T06:38:13.660+0000] {logging_mixin.py:188} INFO - [2024-07-16T06:38:13.660+0000] {dagbag.py:545} INFO - Filling up the DagBag from /opt/airflow/dags/dag_id_3.py
[2024-07-16T06:38:13.665+0000] {processor.py:840} INFO - DAG(s) 'dag_id_3' retrieved from /opt/airflow/dags/dag_id_3.py
[2024-07-16T06:38:13.680+0000] {logging_mixin.py:188} INFO - [2024-07-16T06:38:13.680+0000] {dag.py:3096} INFO - Sync 1 DAGs
[2024-07-16T06:38:13.687+0000] {logging_mixin.py:188} INFO - [2024-07-16T06:38:13.687+0000] {dag.py:3954} INFO - Setting next_dagrun for dag_id_3 to None, run_after=None
[2024-07-16T06:38:13.699+0000] {processor.py:183} INFO - Processing /opt/airflow/dags/dag_id_3.py took 0.043 seconds
[2024-07-16T06:38:43.953+0000] {processor.py:161} INFO - Started process (PID=223) to work on /opt/airflow/dags/dag_id_3.py
[2024-07-16T06:38:43.953+0000] {processor.py:830} INFO - Processing file /opt/airflow/dags/dag_id_3.py for tasks to queue
[2024-07-16T06:38:43.954+0000] {logging_mixin.py:188} INFO - [2024-07-16T06:38:43.954+0000] {dagbag.py:545} INFO - Filling up the DagBag from /opt/airflow/dags/dag_id_3.py
[2024-07-16T06:38:43.959+0000] {processor.py:840} INFO - DAG(s) 'dag_id_3' retrieved from /opt/airflow/dags/dag_id_3.py
[2024-07-16T06:38:43.973+0000] {logging_mixin.py:188} INFO - [2024-07-16T06:38:43.973+0000] {dag.py:3096} INFO - Sync 1 DAGs
[2024-07-16T06:38:43.982+0000] {logging_mixin.py:188} INFO - [2024-07-16T06:38:43.982+0000] {dag.py:3954} INFO - Setting next_dagrun for dag_id_3 to None, run_after=None
[2024-07-16T06:38:43.993+0000] {processor.py:183} INFO - Processing /opt/airflow/dags/dag_id_3.py took 0.043 seconds
[2024-07-16T06:39:14.168+0000] {processor.py:161} INFO - Started process (PID=287) to work on /opt/airflow/dags/dag_id_3.py
[2024-07-16T06:39:14.169+0000] {processor.py:830} INFO - Processing file /opt/airflow/dags/dag_id_3.py for tasks to queue
[2024-07-16T06:39:14.170+0000] {logging_mixin.py:188} INFO - [2024-07-16T06:39:14.169+0000] {dagbag.py:545} INFO - Filling up the DagBag from /opt/airflow/dags/dag_id_3.py
[2024-07-16T06:39:14.174+0000] {processor.py:840} INFO - DAG(s) 'dag_id_3' retrieved from /opt/airflow/dags/dag_id_3.py
[2024-07-16T06:39:14.189+0000] {logging_mixin.py:188} INFO - [2024-07-16T06:39:14.189+0000] {dag.py:3096} INFO - Sync 1 DAGs
[2024-07-16T06:39:14.197+0000] {logging_mixin.py:188} INFO - [2024-07-16T06:39:14.196+0000] {dag.py:3954} INFO - Setting next_dagrun for dag_id_3 to None, run_after=None
[2024-07-16T06:39:14.208+0000] {processor.py:183} INFO - Processing /opt/airflow/dags/dag_id_3.py took 0.043 seconds
[2024-07-16T06:39:44.319+0000] {processor.py:161} INFO - Started process (PID=351) to work on /opt/airflow/dags/dag_id_3.py
[2024-07-16T06:39:44.320+0000] {processor.py:830} INFO - Processing file /opt/airflow/dags/dag_id_3.py for tasks to queue
[2024-07-16T06:39:44.321+0000] {logging_mixin.py:188} INFO - [2024-07-16T06:39:44.321+0000] {dagbag.py:545} INFO - Filling up the DagBag from /opt/airflow/dags/dag_id_3.py
[2024-07-16T06:39:44.325+0000] {processor.py:840} INFO - DAG(s) 'dag_id_3' retrieved from /opt/airflow/dags/dag_id_3.py
[2024-07-16T06:39:44.340+0000] {logging_mixin.py:188} INFO - [2024-07-16T06:39:44.340+0000] {dag.py:3096} INFO - Sync 1 DAGs
[2024-07-16T06:39:44.351+0000] {logging_mixin.py:188} INFO - [2024-07-16T06:39:44.351+0000] {dag.py:3954} INFO - Setting next_dagrun for dag_id_3 to None, run_after=None
[2024-07-16T06:39:44.362+0000] {processor.py:183} INFO - Processing /opt/airflow/dags/dag_id_3.py took 0.045 seconds
[2024-07-16T06:40:14.661+0000] {processor.py:161} INFO - Started process (PID=415) to work on /opt/airflow/dags/dag_id_3.py
[2024-07-16T06:40:14.661+0000] {processor.py:830} INFO - Processing file /opt/airflow/dags/dag_id_3.py for tasks to queue
[2024-07-16T06:40:14.662+0000] {logging_mixin.py:188} INFO - [2024-07-16T06:40:14.662+0000] {dagbag.py:545} INFO - Filling up the DagBag from /opt/airflow/dags/dag_id_3.py
[2024-07-16T06:40:14.666+0000] {processor.py:840} INFO - DAG(s) 'dag_id_3' retrieved from /opt/airflow/dags/dag_id_3.py
[2024-07-16T06:40:14.681+0000] {logging_mixin.py:188} INFO - [2024-07-16T06:40:14.680+0000] {dag.py:3096} INFO - Sync 1 DAGs
[2024-07-16T06:40:14.688+0000] {logging_mixin.py:188} INFO - [2024-07-16T06:40:14.688+0000] {dag.py:3954} INFO - Setting next_dagrun for dag_id_3 to None, run_after=None
[2024-07-16T06:40:14.699+0000] {processor.py:183} INFO - Processing /opt/airflow/dags/dag_id_3.py took 0.041 seconds
[2024-07-16T06:40:44.823+0000] {processor.py:161} INFO - Started process (PID=479) to work on /opt/airflow/dags/dag_id_3.py
[2024-07-16T06:40:44.824+0000] {processor.py:830} INFO - Processing file /opt/airflow/dags/dag_id_3.py for tasks to queue
[2024-07-16T06:40:44.825+0000] {logging_mixin.py:188} INFO - [2024-07-16T06:40:44.824+0000] {dagbag.py:545} INFO - Filling up the DagBag from /opt/airflow/dags/dag_id_3.py
[2024-07-16T06:40:44.829+0000] {processor.py:840} INFO - DAG(s) 'dag_id_3' retrieved from /opt/airflow/dags/dag_id_3.py
[2024-07-16T06:40:44.843+0000] {logging_mixin.py:188} INFO - [2024-07-16T06:40:44.843+0000] {dag.py:3096} INFO - Sync 1 DAGs
[2024-07-16T06:40:44.851+0000] {logging_mixin.py:188} INFO - [2024-07-16T06:40:44.851+0000] {dag.py:3954} INFO - Setting next_dagrun for dag_id_3 to None, run_after=None
[2024-07-16T06:40:44.862+0000] {processor.py:183} INFO - Processing /opt/airflow/dags/dag_id_3.py took 0.042 seconds
[2024-07-16T06:41:14.906+0000] {processor.py:161} INFO - Started process (PID=543) to work on /opt/airflow/dags/dag_id_3.py
[2024-07-16T06:41:14.906+0000] {processor.py:830} INFO - Processing file /opt/airflow/dags/dag_id_3.py for tasks to queue
[2024-07-16T06:41:14.907+0000] {logging_mixin.py:188} INFO - [2024-07-16T06:41:14.907+0000] {dagbag.py:545} INFO - Filling up the DagBag from /opt/airflow/dags/dag_id_3.py
[2024-07-16T06:41:14.911+0000] {processor.py:840} INFO - DAG(s) 'dag_id_3' retrieved from /opt/airflow/dags/dag_id_3.py
[2024-07-16T06:41:14.926+0000] {logging_mixin.py:188} INFO - [2024-07-16T06:41:14.926+0000] {dag.py:3096} INFO - Sync 1 DAGs
[2024-07-16T06:41:14.933+0000] {logging_mixin.py:188} INFO - [2024-07-16T06:41:14.933+0000] {dag.py:3954} INFO - Setting next_dagrun for dag_id_3 to None, run_after=None
[2024-07-16T06:41:14.943+0000] {processor.py:183} INFO - Processing /opt/airflow/dags/dag_id_3.py took 0.040 seconds
[2024-07-16T06:41:45.167+0000] {processor.py:161} INFO - Started process (PID=607) to work on /opt/airflow/dags/dag_id_3.py
[2024-07-16T06:41:45.169+0000] {processor.py:830} INFO - Processing file /opt/airflow/dags/dag_id_3.py for tasks to queue
[2024-07-16T06:41:45.171+0000] {logging_mixin.py:188} INFO - [2024-07-16T06:41:45.170+0000] {dagbag.py:545} INFO - Filling up the DagBag from /opt/airflow/dags/dag_id_3.py
[2024-07-16T06:41:45.178+0000] {processor.py:840} INFO - DAG(s) 'dag_id_3' retrieved from /opt/airflow/dags/dag_id_3.py
[2024-07-16T06:41:45.194+0000] {logging_mixin.py:188} INFO - [2024-07-16T06:41:45.194+0000] {dag.py:3096} INFO - Sync 1 DAGs
[2024-07-16T06:41:45.202+0000] {logging_mixin.py:188} INFO - [2024-07-16T06:41:45.201+0000] {dag.py:3954} INFO - Setting next_dagrun for dag_id_3 to None, run_after=None
[2024-07-16T06:41:45.215+0000] {processor.py:183} INFO - Processing /opt/airflow/dags/dag_id_3.py took 0.051 seconds
[2024-07-16T06:42:15.230+0000] {processor.py:161} INFO - Started process (PID=671) to work on /opt/airflow/dags/dag_id_3.py
[2024-07-16T06:42:15.230+0000] {processor.py:830} INFO - Processing file /opt/airflow/dags/dag_id_3.py for tasks to queue
[2024-07-16T06:42:15.231+0000] {logging_mixin.py:188} INFO - [2024-07-16T06:42:15.231+0000] {dagbag.py:545} INFO - Filling up the DagBag from /opt/airflow/dags/dag_id_3.py
[2024-07-16T06:42:15.235+0000] {processor.py:840} INFO - DAG(s) 'dag_id_3' retrieved from /opt/airflow/dags/dag_id_3.py
[2024-07-16T06:42:15.249+0000] {logging_mixin.py:188} INFO - [2024-07-16T06:42:15.249+0000] {dag.py:3096} INFO - Sync 1 DAGs
[2024-07-16T06:42:15.257+0000] {logging_mixin.py:188} INFO - [2024-07-16T06:42:15.257+0000] {dag.py:3954} INFO - Setting next_dagrun for dag_id_3 to None, run_after=None
[2024-07-16T06:42:15.267+0000] {processor.py:183} INFO - Processing /opt/airflow/dags/dag_id_3.py took 0.039 seconds
[2024-07-16T06:42:45.311+0000] {processor.py:161} INFO - Started process (PID=734) to work on /opt/airflow/dags/dag_id_3.py
[2024-07-16T06:42:45.312+0000] {processor.py:830} INFO - Processing file /opt/airflow/dags/dag_id_3.py for tasks to queue
[2024-07-16T06:42:45.314+0000] {logging_mixin.py:188} INFO - [2024-07-16T06:42:45.314+0000] {dagbag.py:545} INFO - Filling up the DagBag from /opt/airflow/dags/dag_id_3.py
[2024-07-16T06:42:45.321+0000] {processor.py:840} INFO - DAG(s) 'dag_id_3' retrieved from /opt/airflow/dags/dag_id_3.py
[2024-07-16T06:42:45.338+0000] {logging_mixin.py:188} INFO - [2024-07-16T06:42:45.338+0000] {dag.py:3096} INFO - Sync 1 DAGs
[2024-07-16T06:42:45.348+0000] {logging_mixin.py:188} INFO - [2024-07-16T06:42:45.348+0000] {dag.py:3954} INFO - Setting next_dagrun for dag_id_3 to None, run_after=None
[2024-07-16T06:42:45.359+0000] {processor.py:183} INFO - Processing /opt/airflow/dags/dag_id_3.py took 0.054 seconds
[2024-07-16T06:43:15.661+0000] {processor.py:161} INFO - Started process (PID=799) to work on /opt/airflow/dags/dag_id_3.py
[2024-07-16T06:43:15.661+0000] {processor.py:830} INFO - Processing file /opt/airflow/dags/dag_id_3.py for tasks to queue
[2024-07-16T06:43:15.662+0000] {logging_mixin.py:188} INFO - [2024-07-16T06:43:15.662+0000] {dagbag.py:545} INFO - Filling up the DagBag from /opt/airflow/dags/dag_id_3.py
[2024-07-16T06:43:15.667+0000] {processor.py:840} INFO - DAG(s) 'dag_id_3' retrieved from /opt/airflow/dags/dag_id_3.py
[2024-07-16T06:43:15.680+0000] {logging_mixin.py:188} INFO - [2024-07-16T06:43:15.680+0000] {dag.py:3096} INFO - Sync 1 DAGs
[2024-07-16T06:43:15.688+0000] {logging_mixin.py:188} INFO - [2024-07-16T06:43:15.688+0000] {dag.py:3954} INFO - Setting next_dagrun for dag_id_3 to None, run_after=None
[2024-07-16T06:43:15.700+0000] {processor.py:183} INFO - Processing /opt/airflow/dags/dag_id_3.py took 0.043 seconds
[2024-07-16T06:43:45.876+0000] {processor.py:161} INFO - Started process (PID=863) to work on /opt/airflow/dags/dag_id_3.py
[2024-07-16T06:43:45.876+0000] {processor.py:830} INFO - Processing file /opt/airflow/dags/dag_id_3.py for tasks to queue
[2024-07-16T06:43:45.877+0000] {logging_mixin.py:188} INFO - [2024-07-16T06:43:45.877+0000] {dagbag.py:545} INFO - Filling up the DagBag from /opt/airflow/dags/dag_id_3.py
[2024-07-16T06:43:45.882+0000] {processor.py:840} INFO - DAG(s) 'dag_id_3' retrieved from /opt/airflow/dags/dag_id_3.py
[2024-07-16T06:43:45.897+0000] {logging_mixin.py:188} INFO - [2024-07-16T06:43:45.897+0000] {dag.py:3096} INFO - Sync 1 DAGs
[2024-07-16T06:43:45.905+0000] {logging_mixin.py:188} INFO - [2024-07-16T06:43:45.904+0000] {dag.py:3954} INFO - Setting next_dagrun for dag_id_3 to None, run_after=None
[2024-07-16T06:43:45.915+0000] {processor.py:183} INFO - Processing /opt/airflow/dags/dag_id_3.py took 0.042 seconds
[2024-07-16T06:44:16.041+0000] {processor.py:161} INFO - Started process (PID=927) to work on /opt/airflow/dags/dag_id_3.py
[2024-07-16T06:44:16.042+0000] {processor.py:830} INFO - Processing file /opt/airflow/dags/dag_id_3.py for tasks to queue
[2024-07-16T06:44:16.044+0000] {logging_mixin.py:188} INFO - [2024-07-16T06:44:16.043+0000] {dagbag.py:545} INFO - Filling up the DagBag from /opt/airflow/dags/dag_id_3.py
[2024-07-16T06:44:16.050+0000] {processor.py:840} INFO - DAG(s) 'dag_id_3' retrieved from /opt/airflow/dags/dag_id_3.py
[2024-07-16T06:44:16.064+0000] {logging_mixin.py:188} INFO - [2024-07-16T06:44:16.064+0000] {dag.py:3096} INFO - Sync 1 DAGs
[2024-07-16T06:44:16.072+0000] {logging_mixin.py:188} INFO - [2024-07-16T06:44:16.072+0000] {dag.py:3954} INFO - Setting next_dagrun for dag_id_3 to None, run_after=None
[2024-07-16T06:44:16.083+0000] {processor.py:183} INFO - Processing /opt/airflow/dags/dag_id_3.py took 0.046 seconds
[2024-07-16T06:44:46.186+0000] {processor.py:161} INFO - Started process (PID=991) to work on /opt/airflow/dags/dag_id_3.py
[2024-07-16T06:44:46.186+0000] {processor.py:830} INFO - Processing file /opt/airflow/dags/dag_id_3.py for tasks to queue
[2024-07-16T06:44:46.187+0000] {logging_mixin.py:188} INFO - [2024-07-16T06:44:46.187+0000] {dagbag.py:545} INFO - Filling up the DagBag from /opt/airflow/dags/dag_id_3.py
[2024-07-16T06:44:46.192+0000] {processor.py:840} INFO - DAG(s) 'dag_id_3' retrieved from /opt/airflow/dags/dag_id_3.py
[2024-07-16T06:44:46.207+0000] {logging_mixin.py:188} INFO - [2024-07-16T06:44:46.206+0000] {dag.py:3096} INFO - Sync 1 DAGs
[2024-07-16T06:44:46.214+0000] {logging_mixin.py:188} INFO - [2024-07-16T06:44:46.214+0000] {dag.py:3954} INFO - Setting next_dagrun for dag_id_3 to None, run_after=None
[2024-07-16T06:44:46.226+0000] {processor.py:183} INFO - Processing /opt/airflow/dags/dag_id_3.py took 0.043 seconds
[2024-07-16T06:45:16.282+0000] {processor.py:161} INFO - Started process (PID=1054) to work on /opt/airflow/dags/dag_id_3.py
[2024-07-16T06:45:16.283+0000] {processor.py:830} INFO - Processing file /opt/airflow/dags/dag_id_3.py for tasks to queue
[2024-07-16T06:45:16.284+0000] {logging_mixin.py:188} INFO - [2024-07-16T06:45:16.283+0000] {dagbag.py:545} INFO - Filling up the DagBag from /opt/airflow/dags/dag_id_3.py
[2024-07-16T06:45:16.288+0000] {processor.py:840} INFO - DAG(s) 'dag_id_3' retrieved from /opt/airflow/dags/dag_id_3.py
[2024-07-16T06:45:16.304+0000] {logging_mixin.py:188} INFO - [2024-07-16T06:45:16.303+0000] {dag.py:3096} INFO - Sync 1 DAGs
[2024-07-16T06:45:16.311+0000] {logging_mixin.py:188} INFO - [2024-07-16T06:45:16.311+0000] {dag.py:3954} INFO - Setting next_dagrun for dag_id_3 to None, run_after=None
[2024-07-16T06:45:16.321+0000] {processor.py:183} INFO - Processing /opt/airflow/dags/dag_id_3.py took 0.042 seconds
[2024-07-16T06:45:46.363+0000] {processor.py:161} INFO - Started process (PID=1116) to work on /opt/airflow/dags/dag_id_3.py
[2024-07-16T06:45:46.364+0000] {processor.py:830} INFO - Processing file /opt/airflow/dags/dag_id_3.py for tasks to queue
[2024-07-16T06:45:46.366+0000] {logging_mixin.py:188} INFO - [2024-07-16T06:45:46.365+0000] {dagbag.py:545} INFO - Filling up the DagBag from /opt/airflow/dags/dag_id_3.py
[2024-07-16T06:45:46.373+0000] {processor.py:840} INFO - DAG(s) 'dag_id_3' retrieved from /opt/airflow/dags/dag_id_3.py
[2024-07-16T06:45:46.391+0000] {logging_mixin.py:188} INFO - [2024-07-16T06:45:46.391+0000] {dag.py:3096} INFO - Sync 1 DAGs
[2024-07-16T06:45:46.400+0000] {logging_mixin.py:188} INFO - [2024-07-16T06:45:46.400+0000] {dag.py:3954} INFO - Setting next_dagrun for dag_id_3 to None, run_after=None
[2024-07-16T06:45:46.412+0000] {processor.py:183} INFO - Processing /opt/airflow/dags/dag_id_3.py took 0.056 seconds
[2024-07-16T06:46:16.538+0000] {processor.py:161} INFO - Started process (PID=1180) to work on /opt/airflow/dags/dag_id_3.py
[2024-07-16T06:46:16.539+0000] {processor.py:830} INFO - Processing file /opt/airflow/dags/dag_id_3.py for tasks to queue
[2024-07-16T06:46:16.540+0000] {logging_mixin.py:188} INFO - [2024-07-16T06:46:16.540+0000] {dagbag.py:545} INFO - Filling up the DagBag from /opt/airflow/dags/dag_id_3.py
[2024-07-16T06:46:16.547+0000] {processor.py:840} INFO - DAG(s) 'dag_id_3' retrieved from /opt/airflow/dags/dag_id_3.py
[2024-07-16T06:46:16.565+0000] {logging_mixin.py:188} INFO - [2024-07-16T06:46:16.564+0000] {dag.py:3096} INFO - Sync 1 DAGs
[2024-07-16T06:46:16.574+0000] {logging_mixin.py:188} INFO - [2024-07-16T06:46:16.574+0000] {dag.py:3954} INFO - Setting next_dagrun for dag_id_3 to None, run_after=None
[2024-07-16T06:46:16.586+0000] {processor.py:183} INFO - Processing /opt/airflow/dags/dag_id_3.py took 0.052 seconds
[2024-07-16T06:46:46.881+0000] {processor.py:161} INFO - Started process (PID=1245) to work on /opt/airflow/dags/dag_id_3.py
[2024-07-16T06:46:46.881+0000] {processor.py:830} INFO - Processing file /opt/airflow/dags/dag_id_3.py for tasks to queue
[2024-07-16T06:46:46.883+0000] {logging_mixin.py:188} INFO - [2024-07-16T06:46:46.882+0000] {dagbag.py:545} INFO - Filling up the DagBag from /opt/airflow/dags/dag_id_3.py
[2024-07-16T06:46:46.888+0000] {processor.py:840} INFO - DAG(s) 'dag_id_3' retrieved from /opt/airflow/dags/dag_id_3.py
[2024-07-16T06:46:46.905+0000] {logging_mixin.py:188} INFO - [2024-07-16T06:46:46.905+0000] {dag.py:3096} INFO - Sync 1 DAGs
[2024-07-16T06:46:46.913+0000] {logging_mixin.py:188} INFO - [2024-07-16T06:46:46.912+0000] {dag.py:3954} INFO - Setting next_dagrun for dag_id_3 to None, run_after=None
[2024-07-16T06:46:46.923+0000] {processor.py:183} INFO - Processing /opt/airflow/dags/dag_id_3.py took 0.045 seconds
[2024-07-16T06:47:17.624+0000] {processor.py:161} INFO - Started process (PID=1309) to work on /opt/airflow/dags/dag_id_3.py
[2024-07-16T06:47:17.624+0000] {processor.py:830} INFO - Processing file /opt/airflow/dags/dag_id_3.py for tasks to queue
[2024-07-16T06:47:17.625+0000] {logging_mixin.py:188} INFO - [2024-07-16T06:47:17.625+0000] {dagbag.py:545} INFO - Filling up the DagBag from /opt/airflow/dags/dag_id_3.py
[2024-07-16T06:47:17.631+0000] {processor.py:840} INFO - DAG(s) 'dag_id_3' retrieved from /opt/airflow/dags/dag_id_3.py
[2024-07-16T06:47:17.647+0000] {logging_mixin.py:188} INFO - [2024-07-16T06:47:17.647+0000] {dag.py:3096} INFO - Sync 1 DAGs
[2024-07-16T06:47:17.655+0000] {logging_mixin.py:188} INFO - [2024-07-16T06:47:17.655+0000] {dag.py:3954} INFO - Setting next_dagrun for dag_id_3 to None, run_after=None
[2024-07-16T06:47:17.665+0000] {processor.py:183} INFO - Processing /opt/airflow/dags/dag_id_3.py took 0.045 seconds
[2024-07-16T06:47:48.202+0000] {processor.py:161} INFO - Started process (PID=1373) to work on /opt/airflow/dags/dag_id_3.py
[2024-07-16T06:47:48.203+0000] {processor.py:830} INFO - Processing file /opt/airflow/dags/dag_id_3.py for tasks to queue
[2024-07-16T06:47:48.204+0000] {logging_mixin.py:188} INFO - [2024-07-16T06:47:48.204+0000] {dagbag.py:545} INFO - Filling up the DagBag from /opt/airflow/dags/dag_id_3.py
[2024-07-16T06:47:48.209+0000] {processor.py:840} INFO - DAG(s) 'dag_id_3' retrieved from /opt/airflow/dags/dag_id_3.py
[2024-07-16T06:47:48.226+0000] {logging_mixin.py:188} INFO - [2024-07-16T06:47:48.226+0000] {dag.py:3096} INFO - Sync 1 DAGs
[2024-07-16T06:47:48.235+0000] {logging_mixin.py:188} INFO - [2024-07-16T06:47:48.235+0000] {dag.py:3954} INFO - Setting next_dagrun for dag_id_3 to None, run_after=None
[2024-07-16T06:47:48.247+0000] {processor.py:183} INFO - Processing /opt/airflow/dags/dag_id_3.py took 0.047 seconds
[2024-07-16T06:48:18.412+0000] {processor.py:161} INFO - Started process (PID=1437) to work on /opt/airflow/dags/dag_id_3.py
[2024-07-16T06:48:18.412+0000] {processor.py:830} INFO - Processing file /opt/airflow/dags/dag_id_3.py for tasks to queue
[2024-07-16T06:48:18.413+0000] {logging_mixin.py:188} INFO - [2024-07-16T06:48:18.413+0000] {dagbag.py:545} INFO - Filling up the DagBag from /opt/airflow/dags/dag_id_3.py
[2024-07-16T06:48:18.417+0000] {processor.py:840} INFO - DAG(s) 'dag_id_3' retrieved from /opt/airflow/dags/dag_id_3.py
[2024-07-16T06:48:18.433+0000] {logging_mixin.py:188} INFO - [2024-07-16T06:48:18.433+0000] {dag.py:3096} INFO - Sync 1 DAGs
[2024-07-16T06:48:18.441+0000] {logging_mixin.py:188} INFO - [2024-07-16T06:48:18.441+0000] {dag.py:3954} INFO - Setting next_dagrun for dag_id_3 to None, run_after=None
[2024-07-16T06:48:18.452+0000] {processor.py:183} INFO - Processing /opt/airflow/dags/dag_id_3.py took 0.043 seconds
[2024-07-16T06:48:48.493+0000] {processor.py:161} INFO - Started process (PID=1500) to work on /opt/airflow/dags/dag_id_3.py
[2024-07-16T06:48:48.494+0000] {processor.py:830} INFO - Processing file /opt/airflow/dags/dag_id_3.py for tasks to queue
[2024-07-16T06:48:48.496+0000] {logging_mixin.py:188} INFO - [2024-07-16T06:48:48.496+0000] {dagbag.py:545} INFO - Filling up the DagBag from /opt/airflow/dags/dag_id_3.py
[2024-07-16T06:48:48.502+0000] {processor.py:840} INFO - DAG(s) 'dag_id_3' retrieved from /opt/airflow/dags/dag_id_3.py
[2024-07-16T06:48:48.521+0000] {logging_mixin.py:188} INFO - [2024-07-16T06:48:48.521+0000] {dag.py:3096} INFO - Sync 1 DAGs
[2024-07-16T06:48:48.530+0000] {logging_mixin.py:188} INFO - [2024-07-16T06:48:48.530+0000] {dag.py:3954} INFO - Setting next_dagrun for dag_id_3 to None, run_after=None
[2024-07-16T06:48:48.545+0000] {processor.py:183} INFO - Processing /opt/airflow/dags/dag_id_3.py took 0.058 seconds
[2024-07-16T06:49:18.821+0000] {processor.py:161} INFO - Started process (PID=1564) to work on /opt/airflow/dags/dag_id_3.py
[2024-07-16T06:49:18.822+0000] {processor.py:830} INFO - Processing file /opt/airflow/dags/dag_id_3.py for tasks to queue
[2024-07-16T06:49:18.824+0000] {logging_mixin.py:188} INFO - [2024-07-16T06:49:18.824+0000] {dagbag.py:545} INFO - Filling up the DagBag from /opt/airflow/dags/dag_id_3.py
[2024-07-16T06:49:18.831+0000] {processor.py:840} INFO - DAG(s) 'dag_id_3' retrieved from /opt/airflow/dags/dag_id_3.py
[2024-07-16T06:49:18.849+0000] {logging_mixin.py:188} INFO - [2024-07-16T06:49:18.849+0000] {dag.py:3096} INFO - Sync 1 DAGs
[2024-07-16T06:49:18.858+0000] {logging_mixin.py:188} INFO - [2024-07-16T06:49:18.857+0000] {dag.py:3954} INFO - Setting next_dagrun for dag_id_3 to None, run_after=None
[2024-07-16T06:49:18.870+0000] {processor.py:183} INFO - Processing /opt/airflow/dags/dag_id_3.py took 0.054 seconds
[2024-07-16T06:49:49.459+0000] {processor.py:161} INFO - Started process (PID=1629) to work on /opt/airflow/dags/dag_id_3.py
[2024-07-16T06:49:49.460+0000] {processor.py:830} INFO - Processing file /opt/airflow/dags/dag_id_3.py for tasks to queue
[2024-07-16T06:49:49.461+0000] {logging_mixin.py:188} INFO - [2024-07-16T06:49:49.461+0000] {dagbag.py:545} INFO - Filling up the DagBag from /opt/airflow/dags/dag_id_3.py
[2024-07-16T06:49:49.467+0000] {processor.py:840} INFO - DAG(s) 'dag_id_3' retrieved from /opt/airflow/dags/dag_id_3.py
[2024-07-16T06:49:49.483+0000] {logging_mixin.py:188} INFO - [2024-07-16T06:49:49.483+0000] {dag.py:3096} INFO - Sync 1 DAGs
[2024-07-16T06:49:49.492+0000] {logging_mixin.py:188} INFO - [2024-07-16T06:49:49.492+0000] {dag.py:3954} INFO - Setting next_dagrun for dag_id_3 to None, run_after=None
[2024-07-16T06:49:49.504+0000] {processor.py:183} INFO - Processing /opt/airflow/dags/dag_id_3.py took 0.048 seconds
[2024-07-16T06:50:20.156+0000] {processor.py:161} INFO - Started process (PID=1693) to work on /opt/airflow/dags/dag_id_3.py
[2024-07-16T06:50:20.157+0000] {processor.py:830} INFO - Processing file /opt/airflow/dags/dag_id_3.py for tasks to queue
[2024-07-16T06:50:20.158+0000] {logging_mixin.py:188} INFO - [2024-07-16T06:50:20.158+0000] {dagbag.py:545} INFO - Filling up the DagBag from /opt/airflow/dags/dag_id_3.py
[2024-07-16T06:50:20.163+0000] {processor.py:840} INFO - DAG(s) 'dag_id_3' retrieved from /opt/airflow/dags/dag_id_3.py
[2024-07-16T06:50:20.269+0000] {logging_mixin.py:188} INFO - [2024-07-16T06:50:20.269+0000] {dag.py:3096} INFO - Sync 1 DAGs
[2024-07-16T06:50:20.277+0000] {logging_mixin.py:188} INFO - [2024-07-16T06:50:20.276+0000] {dag.py:3954} INFO - Setting next_dagrun for dag_id_3 to None, run_after=None
[2024-07-16T06:50:20.288+0000] {processor.py:183} INFO - Processing /opt/airflow/dags/dag_id_3.py took 0.134 seconds
[2024-07-16T06:50:50.889+0000] {processor.py:161} INFO - Started process (PID=1757) to work on /opt/airflow/dags/dag_id_3.py
[2024-07-16T06:50:50.890+0000] {processor.py:830} INFO - Processing file /opt/airflow/dags/dag_id_3.py for tasks to queue
[2024-07-16T06:50:50.892+0000] {logging_mixin.py:188} INFO - [2024-07-16T06:50:50.892+0000] {dagbag.py:545} INFO - Filling up the DagBag from /opt/airflow/dags/dag_id_3.py
[2024-07-16T06:50:50.897+0000] {processor.py:840} INFO - DAG(s) 'dag_id_3' retrieved from /opt/airflow/dags/dag_id_3.py
[2024-07-16T06:50:50.923+0000] {logging_mixin.py:188} INFO - [2024-07-16T06:50:50.923+0000] {dag.py:3096} INFO - Sync 1 DAGs
[2024-07-16T06:50:50.931+0000] {logging_mixin.py:188} INFO - [2024-07-16T06:50:50.931+0000] {dag.py:3954} INFO - Setting next_dagrun for dag_id_3 to None, run_after=None
[2024-07-16T06:50:50.944+0000] {processor.py:183} INFO - Processing /opt/airflow/dags/dag_id_3.py took 0.058 seconds
[2024-07-16T06:51:21.037+0000] {processor.py:161} INFO - Started process (PID=1821) to work on /opt/airflow/dags/dag_id_3.py
[2024-07-16T06:51:21.038+0000] {processor.py:830} INFO - Processing file /opt/airflow/dags/dag_id_3.py for tasks to queue
[2024-07-16T06:51:21.039+0000] {logging_mixin.py:188} INFO - [2024-07-16T06:51:21.039+0000] {dagbag.py:545} INFO - Filling up the DagBag from /opt/airflow/dags/dag_id_3.py
[2024-07-16T06:51:21.044+0000] {processor.py:840} INFO - DAG(s) 'dag_id_3' retrieved from /opt/airflow/dags/dag_id_3.py
[2024-07-16T06:51:21.059+0000] {logging_mixin.py:188} INFO - [2024-07-16T06:51:21.059+0000] {dag.py:3096} INFO - Sync 1 DAGs
[2024-07-16T06:51:21.070+0000] {logging_mixin.py:188} INFO - [2024-07-16T06:51:21.070+0000] {dag.py:3954} INFO - Setting next_dagrun for dag_id_3 to None, run_after=None
[2024-07-16T06:51:21.082+0000] {processor.py:183} INFO - Processing /opt/airflow/dags/dag_id_3.py took 0.048 seconds
[2024-07-16T06:51:51.271+0000] {processor.py:161} INFO - Started process (PID=1885) to work on /opt/airflow/dags/dag_id_3.py
[2024-07-16T06:51:51.271+0000] {processor.py:830} INFO - Processing file /opt/airflow/dags/dag_id_3.py for tasks to queue
[2024-07-16T06:51:51.273+0000] {logging_mixin.py:188} INFO - [2024-07-16T06:51:51.272+0000] {dagbag.py:545} INFO - Filling up the DagBag from /opt/airflow/dags/dag_id_3.py
[2024-07-16T06:51:51.277+0000] {processor.py:840} INFO - DAG(s) 'dag_id_3' retrieved from /opt/airflow/dags/dag_id_3.py
[2024-07-16T06:51:51.292+0000] {logging_mixin.py:188} INFO - [2024-07-16T06:51:51.292+0000] {dag.py:3096} INFO - Sync 1 DAGs
[2024-07-16T06:51:51.300+0000] {logging_mixin.py:188} INFO - [2024-07-16T06:51:51.300+0000] {dag.py:3954} INFO - Setting next_dagrun for dag_id_3 to None, run_after=None
[2024-07-16T06:51:51.312+0000] {processor.py:183} INFO - Processing /opt/airflow/dags/dag_id_3.py took 0.044 seconds
[2024-07-16T06:52:21.438+0000] {processor.py:161} INFO - Started process (PID=1949) to work on /opt/airflow/dags/dag_id_3.py
[2024-07-16T06:52:21.441+0000] {processor.py:830} INFO - Processing file /opt/airflow/dags/dag_id_3.py for tasks to queue
[2024-07-16T06:52:21.443+0000] {logging_mixin.py:188} INFO - [2024-07-16T06:52:21.442+0000] {dagbag.py:545} INFO - Filling up the DagBag from /opt/airflow/dags/dag_id_3.py
[2024-07-16T06:52:21.447+0000] {processor.py:840} INFO - DAG(s) 'dag_id_3' retrieved from /opt/airflow/dags/dag_id_3.py
[2024-07-16T06:52:21.464+0000] {logging_mixin.py:188} INFO - [2024-07-16T06:52:21.464+0000] {dag.py:3096} INFO - Sync 1 DAGs
[2024-07-16T06:52:21.473+0000] {logging_mixin.py:188} INFO - [2024-07-16T06:52:21.473+0000] {dag.py:3954} INFO - Setting next_dagrun for dag_id_3 to None, run_after=None
[2024-07-16T06:52:21.485+0000] {processor.py:183} INFO - Processing /opt/airflow/dags/dag_id_3.py took 0.050 seconds
[2024-07-16T06:52:51.613+0000] {processor.py:161} INFO - Started process (PID=2013) to work on /opt/airflow/dags/dag_id_3.py
[2024-07-16T06:52:51.614+0000] {processor.py:830} INFO - Processing file /opt/airflow/dags/dag_id_3.py for tasks to queue
[2024-07-16T06:52:51.618+0000] {logging_mixin.py:188} INFO - [2024-07-16T06:52:51.618+0000] {dagbag.py:545} INFO - Filling up the DagBag from /opt/airflow/dags/dag_id_3.py
[2024-07-16T06:52:51.625+0000] {processor.py:840} INFO - DAG(s) 'dag_id_3' retrieved from /opt/airflow/dags/dag_id_3.py
[2024-07-16T06:52:51.647+0000] {logging_mixin.py:188} INFO - [2024-07-16T06:52:51.647+0000] {dag.py:3096} INFO - Sync 1 DAGs
[2024-07-16T06:52:51.655+0000] {logging_mixin.py:188} INFO - [2024-07-16T06:52:51.655+0000] {dag.py:3954} INFO - Setting next_dagrun for dag_id_3 to None, run_after=None
[2024-07-16T06:52:51.665+0000] {processor.py:183} INFO - Processing /opt/airflow/dags/dag_id_3.py took 0.057 seconds
[2024-07-16T06:53:21.732+0000] {processor.py:161} INFO - Started process (PID=2077) to work on /opt/airflow/dags/dag_id_3.py
[2024-07-16T06:53:21.733+0000] {processor.py:830} INFO - Processing file /opt/airflow/dags/dag_id_3.py for tasks to queue
[2024-07-16T06:53:21.734+0000] {logging_mixin.py:188} INFO - [2024-07-16T06:53:21.733+0000] {dagbag.py:545} INFO - Filling up the DagBag from /opt/airflow/dags/dag_id_3.py
[2024-07-16T06:53:21.739+0000] {processor.py:840} INFO - DAG(s) 'dag_id_3' retrieved from /opt/airflow/dags/dag_id_3.py
[2024-07-16T06:53:21.756+0000] {logging_mixin.py:188} INFO - [2024-07-16T06:53:21.756+0000] {dag.py:3096} INFO - Sync 1 DAGs
[2024-07-16T06:53:21.765+0000] {logging_mixin.py:188} INFO - [2024-07-16T06:53:21.765+0000] {dag.py:3954} INFO - Setting next_dagrun for dag_id_3 to None, run_after=None
[2024-07-16T06:53:21.779+0000] {processor.py:183} INFO - Processing /opt/airflow/dags/dag_id_3.py took 0.050 seconds
[2024-07-16T06:53:52.075+0000] {processor.py:161} INFO - Started process (PID=2141) to work on /opt/airflow/dags/dag_id_3.py
[2024-07-16T06:53:52.076+0000] {processor.py:830} INFO - Processing file /opt/airflow/dags/dag_id_3.py for tasks to queue
[2024-07-16T06:53:52.077+0000] {logging_mixin.py:188} INFO - [2024-07-16T06:53:52.077+0000] {dagbag.py:545} INFO - Filling up the DagBag from /opt/airflow/dags/dag_id_3.py
[2024-07-16T06:53:52.082+0000] {processor.py:840} INFO - DAG(s) 'dag_id_3' retrieved from /opt/airflow/dags/dag_id_3.py
[2024-07-16T06:53:52.097+0000] {logging_mixin.py:188} INFO - [2024-07-16T06:53:52.097+0000] {dag.py:3096} INFO - Sync 1 DAGs
[2024-07-16T06:53:52.105+0000] {logging_mixin.py:188} INFO - [2024-07-16T06:53:52.105+0000] {dag.py:3954} INFO - Setting next_dagrun for dag_id_3 to None, run_after=None
[2024-07-16T06:53:52.116+0000] {processor.py:183} INFO - Processing /opt/airflow/dags/dag_id_3.py took 0.044 seconds
[2024-07-16T06:54:22.244+0000] {processor.py:161} INFO - Started process (PID=2205) to work on /opt/airflow/dags/dag_id_3.py
[2024-07-16T06:54:22.245+0000] {processor.py:830} INFO - Processing file /opt/airflow/dags/dag_id_3.py for tasks to queue
[2024-07-16T06:54:22.246+0000] {logging_mixin.py:188} INFO - [2024-07-16T06:54:22.246+0000] {dagbag.py:545} INFO - Filling up the DagBag from /opt/airflow/dags/dag_id_3.py
[2024-07-16T06:54:22.251+0000] {processor.py:840} INFO - DAG(s) 'dag_id_3' retrieved from /opt/airflow/dags/dag_id_3.py
[2024-07-16T06:54:22.266+0000] {logging_mixin.py:188} INFO - [2024-07-16T06:54:22.266+0000] {dag.py:3096} INFO - Sync 1 DAGs
[2024-07-16T06:54:22.274+0000] {logging_mixin.py:188} INFO - [2024-07-16T06:54:22.274+0000] {dag.py:3954} INFO - Setting next_dagrun for dag_id_3 to None, run_after=None
[2024-07-16T06:54:22.285+0000] {processor.py:183} INFO - Processing /opt/airflow/dags/dag_id_3.py took 0.043 seconds
[2024-07-16T06:54:52.342+0000] {processor.py:161} INFO - Started process (PID=2268) to work on /opt/airflow/dags/dag_id_3.py
[2024-07-16T06:54:52.342+0000] {processor.py:830} INFO - Processing file /opt/airflow/dags/dag_id_3.py for tasks to queue
[2024-07-16T06:54:52.343+0000] {logging_mixin.py:188} INFO - [2024-07-16T06:54:52.343+0000] {dagbag.py:545} INFO - Filling up the DagBag from /opt/airflow/dags/dag_id_3.py
[2024-07-16T06:54:52.347+0000] {processor.py:840} INFO - DAG(s) 'dag_id_3' retrieved from /opt/airflow/dags/dag_id_3.py
[2024-07-16T06:54:52.362+0000] {logging_mixin.py:188} INFO - [2024-07-16T06:54:52.362+0000] {dag.py:3096} INFO - Sync 1 DAGs
[2024-07-16T06:54:52.370+0000] {logging_mixin.py:188} INFO - [2024-07-16T06:54:52.370+0000] {dag.py:3954} INFO - Setting next_dagrun for dag_id_3 to None, run_after=None
[2024-07-16T06:54:52.380+0000] {processor.py:183} INFO - Processing /opt/airflow/dags/dag_id_3.py took 0.041 seconds
[2024-07-16T06:55:22.426+0000] {processor.py:161} INFO - Started process (PID=2331) to work on /opt/airflow/dags/dag_id_3.py
[2024-07-16T06:55:22.427+0000] {processor.py:830} INFO - Processing file /opt/airflow/dags/dag_id_3.py for tasks to queue
[2024-07-16T06:55:22.429+0000] {logging_mixin.py:188} INFO - [2024-07-16T06:55:22.428+0000] {dagbag.py:545} INFO - Filling up the DagBag from /opt/airflow/dags/dag_id_3.py
[2024-07-16T06:55:22.437+0000] {processor.py:840} INFO - DAG(s) 'dag_id_3' retrieved from /opt/airflow/dags/dag_id_3.py
[2024-07-16T06:55:22.456+0000] {logging_mixin.py:188} INFO - [2024-07-16T06:55:22.456+0000] {dag.py:3096} INFO - Sync 1 DAGs
[2024-07-16T06:55:22.466+0000] {logging_mixin.py:188} INFO - [2024-07-16T06:55:22.465+0000] {dag.py:3954} INFO - Setting next_dagrun for dag_id_3 to None, run_after=None
[2024-07-16T06:55:22.477+0000] {processor.py:183} INFO - Processing /opt/airflow/dags/dag_id_3.py took 0.057 seconds
[2024-07-16T06:55:52.790+0000] {processor.py:161} INFO - Started process (PID=2396) to work on /opt/airflow/dags/dag_id_3.py
[2024-07-16T06:55:52.791+0000] {processor.py:830} INFO - Processing file /opt/airflow/dags/dag_id_3.py for tasks to queue
[2024-07-16T06:55:52.794+0000] {logging_mixin.py:188} INFO - [2024-07-16T06:55:52.794+0000] {dagbag.py:545} INFO - Filling up the DagBag from /opt/airflow/dags/dag_id_3.py
[2024-07-16T06:55:52.800+0000] {processor.py:840} INFO - DAG(s) 'dag_id_3' retrieved from /opt/airflow/dags/dag_id_3.py
[2024-07-16T06:55:52.817+0000] {logging_mixin.py:188} INFO - [2024-07-16T06:55:52.817+0000] {dag.py:3096} INFO - Sync 1 DAGs
[2024-07-16T06:55:52.828+0000] {logging_mixin.py:188} INFO - [2024-07-16T06:55:52.827+0000] {dag.py:3954} INFO - Setting next_dagrun for dag_id_3 to None, run_after=None
[2024-07-16T06:55:52.839+0000] {processor.py:183} INFO - Processing /opt/airflow/dags/dag_id_3.py took 0.052 seconds
