[2024-07-16T06:24:05.742+0000] {processor.py:161} INFO - Started process (PID=30) to work on /opt/airflow/dags/slack.py
[2024-07-16T06:24:05.744+0000] {processor.py:830} INFO - Processing file /opt/airflow/dags/slack.py for tasks to queue
[2024-07-16T06:24:05.746+0000] {logging_mixin.py:188} INFO - [2024-07-16T06:24:05.746+0000] {dagbag.py:545} INFO - Filling up the DagBag from /opt/airflow/dags/slack.py
[2024-07-16T06:24:05.764+0000] {logging_mixin.py:188} INFO - [2024-07-16T06:24:05.760+0000] {dagbag.py:355} ERROR - Failed to import: /opt/airflow/dags/slack.py
Traceback (most recent call last):
  File "/home/airflow/.local/lib/python3.12/site-packages/airflow/models/dagbag.py", line 351, in parse
    loader.exec_module(new_module)
  File "<frozen importlib._bootstrap_external>", line 995, in exec_module
  File "<frozen importlib._bootstrap>", line 488, in _call_with_frames_removed
  File "/opt/airflow/dags/slack.py", line 12, in <module>
    webhook = Variable.get('slack_webhook_url')
              ^^^^^^^^^^^^^^^^^^^^^^^^^^^^^^^^^
  File "/home/airflow/.local/lib/python3.12/site-packages/airflow/models/variable.py", line 143, in get
    raise KeyError(f"Variable {key} does not exist")
KeyError: 'Variable slack_webhook_url does not exist'
[2024-07-16T06:24:05.765+0000] {processor.py:842} WARNING - No viable dags retrieved from /opt/airflow/dags/slack.py
[2024-07-16T06:24:05.771+0000] {processor.py:183} INFO - Processing /opt/airflow/dags/slack.py took 0.035 seconds
[2024-07-16T06:24:35.801+0000] {processor.py:161} INFO - Started process (PID=92) to work on /opt/airflow/dags/slack.py
[2024-07-16T06:24:35.802+0000] {processor.py:830} INFO - Processing file /opt/airflow/dags/slack.py for tasks to queue
[2024-07-16T06:24:35.803+0000] {logging_mixin.py:188} INFO - [2024-07-16T06:24:35.803+0000] {dagbag.py:545} INFO - Filling up the DagBag from /opt/airflow/dags/slack.py
[2024-07-16T06:24:35.813+0000] {logging_mixin.py:188} INFO - [2024-07-16T06:24:35.812+0000] {dagbag.py:355} ERROR - Failed to import: /opt/airflow/dags/slack.py
Traceback (most recent call last):
  File "/home/airflow/.local/lib/python3.12/site-packages/airflow/models/dagbag.py", line 351, in parse
    loader.exec_module(new_module)
  File "<frozen importlib._bootstrap_external>", line 995, in exec_module
  File "<frozen importlib._bootstrap>", line 488, in _call_with_frames_removed
  File "/opt/airflow/dags/slack.py", line 12, in <module>
    webhook = Variable.get('slack_webhook_url')
              ^^^^^^^^^^^^^^^^^^^^^^^^^^^^^^^^^
  File "/home/airflow/.local/lib/python3.12/site-packages/airflow/models/variable.py", line 143, in get
    raise KeyError(f"Variable {key} does not exist")
KeyError: 'Variable slack_webhook_url does not exist'
[2024-07-16T06:24:35.814+0000] {processor.py:842} WARNING - No viable dags retrieved from /opt/airflow/dags/slack.py
[2024-07-16T06:24:35.819+0000] {processor.py:183} INFO - Processing /opt/airflow/dags/slack.py took 0.021 seconds
[2024-07-16T06:29:29.283+0000] {processor.py:161} INFO - Started process (PID=31) to work on /opt/airflow/dags/slack.py
[2024-07-16T06:29:29.284+0000] {processor.py:830} INFO - Processing file /opt/airflow/dags/slack.py for tasks to queue
[2024-07-16T06:29:29.285+0000] {logging_mixin.py:188} INFO - [2024-07-16T06:29:29.285+0000] {dagbag.py:545} INFO - Filling up the DagBag from /opt/airflow/dags/slack.py
[2024-07-16T06:29:29.308+0000] {processor.py:840} INFO - DAG(s) 'slack_dag' retrieved from /opt/airflow/dags/slack.py
[2024-07-16T06:29:29.403+0000] {logging_mixin.py:188} INFO - [2024-07-16T06:29:29.403+0000] {dag.py:3096} INFO - Sync 1 DAGs
[2024-07-16T06:29:29.434+0000] {logging_mixin.py:188} INFO - [2024-07-16T06:29:29.434+0000] {dag.py:3954} INFO - Setting next_dagrun for slack_dag to None, run_after=None
[2024-07-16T06:29:29.475+0000] {processor.py:183} INFO - Processing /opt/airflow/dags/slack.py took 0.195 seconds
[2024-07-16T06:30:00.126+0000] {processor.py:161} INFO - Started process (PID=95) to work on /opt/airflow/dags/slack.py
[2024-07-16T06:30:00.127+0000] {processor.py:830} INFO - Processing file /opt/airflow/dags/slack.py for tasks to queue
[2024-07-16T06:30:00.129+0000] {logging_mixin.py:188} INFO - [2024-07-16T06:30:00.129+0000] {dagbag.py:545} INFO - Filling up the DagBag from /opt/airflow/dags/slack.py
[2024-07-16T06:30:00.154+0000] {processor.py:840} INFO - DAG(s) 'slack_dag' retrieved from /opt/airflow/dags/slack.py
[2024-07-16T06:30:00.160+0000] {logging_mixin.py:188} INFO - [2024-07-16T06:30:00.160+0000] {dag.py:3096} INFO - Sync 1 DAGs
[2024-07-16T06:30:00.170+0000] {logging_mixin.py:188} INFO - [2024-07-16T06:30:00.170+0000] {dag.py:3954} INFO - Setting next_dagrun for slack_dag to None, run_after=None
[2024-07-16T06:30:00.182+0000] {processor.py:183} INFO - Processing /opt/airflow/dags/slack.py took 0.061 seconds
[2024-07-16T06:30:30.383+0000] {processor.py:161} INFO - Started process (PID=159) to work on /opt/airflow/dags/slack.py
[2024-07-16T06:30:30.384+0000] {processor.py:830} INFO - Processing file /opt/airflow/dags/slack.py for tasks to queue
[2024-07-16T06:30:30.385+0000] {logging_mixin.py:188} INFO - [2024-07-16T06:30:30.385+0000] {dagbag.py:545} INFO - Filling up the DagBag from /opt/airflow/dags/slack.py
[2024-07-16T06:30:30.409+0000] {processor.py:840} INFO - DAG(s) 'slack_dag' retrieved from /opt/airflow/dags/slack.py
[2024-07-16T06:30:30.416+0000] {logging_mixin.py:188} INFO - [2024-07-16T06:30:30.415+0000] {dag.py:3096} INFO - Sync 1 DAGs
[2024-07-16T06:30:30.424+0000] {logging_mixin.py:188} INFO - [2024-07-16T06:30:30.424+0000] {dag.py:3954} INFO - Setting next_dagrun for slack_dag to None, run_after=None
[2024-07-16T06:30:30.438+0000] {processor.py:183} INFO - Processing /opt/airflow/dags/slack.py took 0.061 seconds
[2024-07-16T06:31:00.608+0000] {processor.py:161} INFO - Started process (PID=222) to work on /opt/airflow/dags/slack.py
[2024-07-16T06:31:00.609+0000] {processor.py:830} INFO - Processing file /opt/airflow/dags/slack.py for tasks to queue
[2024-07-16T06:31:00.610+0000] {logging_mixin.py:188} INFO - [2024-07-16T06:31:00.610+0000] {dagbag.py:545} INFO - Filling up the DagBag from /opt/airflow/dags/slack.py
[2024-07-16T06:31:00.637+0000] {processor.py:840} INFO - DAG(s) 'slack_dag' retrieved from /opt/airflow/dags/slack.py
[2024-07-16T06:31:00.644+0000] {logging_mixin.py:188} INFO - [2024-07-16T06:31:00.644+0000] {dag.py:3096} INFO - Sync 1 DAGs
[2024-07-16T06:31:00.655+0000] {logging_mixin.py:188} INFO - [2024-07-16T06:31:00.655+0000] {dag.py:3954} INFO - Setting next_dagrun for slack_dag to None, run_after=None
[2024-07-16T06:31:00.667+0000] {processor.py:183} INFO - Processing /opt/airflow/dags/slack.py took 0.064 seconds
[2024-07-16T06:31:30.831+0000] {processor.py:161} INFO - Started process (PID=286) to work on /opt/airflow/dags/slack.py
[2024-07-16T06:31:30.833+0000] {processor.py:830} INFO - Processing file /opt/airflow/dags/slack.py for tasks to queue
[2024-07-16T06:31:30.835+0000] {logging_mixin.py:188} INFO - [2024-07-16T06:31:30.835+0000] {dagbag.py:545} INFO - Filling up the DagBag from /opt/airflow/dags/slack.py
[2024-07-16T06:31:30.857+0000] {processor.py:840} INFO - DAG(s) 'slack_dag' retrieved from /opt/airflow/dags/slack.py
[2024-07-16T06:31:30.864+0000] {logging_mixin.py:188} INFO - [2024-07-16T06:31:30.864+0000] {dag.py:3096} INFO - Sync 1 DAGs
[2024-07-16T06:31:30.873+0000] {logging_mixin.py:188} INFO - [2024-07-16T06:31:30.872+0000] {dag.py:3954} INFO - Setting next_dagrun for slack_dag to None, run_after=None
[2024-07-16T06:31:30.884+0000] {processor.py:183} INFO - Processing /opt/airflow/dags/slack.py took 0.057 seconds
[2024-07-16T06:32:00.969+0000] {processor.py:161} INFO - Started process (PID=349) to work on /opt/airflow/dags/slack.py
[2024-07-16T06:32:00.970+0000] {processor.py:830} INFO - Processing file /opt/airflow/dags/slack.py for tasks to queue
[2024-07-16T06:32:00.972+0000] {logging_mixin.py:188} INFO - [2024-07-16T06:32:00.971+0000] {dagbag.py:545} INFO - Filling up the DagBag from /opt/airflow/dags/slack.py
[2024-07-16T06:32:00.993+0000] {processor.py:840} INFO - DAG(s) 'slack_dag' retrieved from /opt/airflow/dags/slack.py
[2024-07-16T06:32:01.000+0000] {logging_mixin.py:188} INFO - [2024-07-16T06:32:00.999+0000] {dag.py:3096} INFO - Sync 1 DAGs
[2024-07-16T06:32:01.008+0000] {logging_mixin.py:188} INFO - [2024-07-16T06:32:01.008+0000] {dag.py:3954} INFO - Setting next_dagrun for slack_dag to None, run_after=None
[2024-07-16T06:32:01.020+0000] {processor.py:183} INFO - Processing /opt/airflow/dags/slack.py took 0.056 seconds
[2024-07-16T06:32:31.044+0000] {processor.py:161} INFO - Started process (PID=412) to work on /opt/airflow/dags/slack.py
[2024-07-16T06:32:31.046+0000] {processor.py:830} INFO - Processing file /opt/airflow/dags/slack.py for tasks to queue
[2024-07-16T06:32:31.047+0000] {logging_mixin.py:188} INFO - [2024-07-16T06:32:31.047+0000] {dagbag.py:545} INFO - Filling up the DagBag from /opt/airflow/dags/slack.py
[2024-07-16T06:32:31.071+0000] {processor.py:840} INFO - DAG(s) 'slack_dag' retrieved from /opt/airflow/dags/slack.py
[2024-07-16T06:32:31.079+0000] {logging_mixin.py:188} INFO - [2024-07-16T06:32:31.079+0000] {dag.py:3096} INFO - Sync 1 DAGs
[2024-07-16T06:32:31.088+0000] {logging_mixin.py:188} INFO - [2024-07-16T06:32:31.088+0000] {dag.py:3954} INFO - Setting next_dagrun for slack_dag to None, run_after=None
[2024-07-16T06:32:31.099+0000] {processor.py:183} INFO - Processing /opt/airflow/dags/slack.py took 0.060 seconds
[2024-07-16T06:33:01.199+0000] {processor.py:161} INFO - Started process (PID=476) to work on /opt/airflow/dags/slack.py
[2024-07-16T06:33:01.200+0000] {processor.py:830} INFO - Processing file /opt/airflow/dags/slack.py for tasks to queue
[2024-07-16T06:33:01.202+0000] {logging_mixin.py:188} INFO - [2024-07-16T06:33:01.202+0000] {dagbag.py:545} INFO - Filling up the DagBag from /opt/airflow/dags/slack.py
[2024-07-16T06:33:01.229+0000] {processor.py:840} INFO - DAG(s) 'slack_dag' retrieved from /opt/airflow/dags/slack.py
[2024-07-16T06:33:01.236+0000] {logging_mixin.py:188} INFO - [2024-07-16T06:33:01.236+0000] {dag.py:3096} INFO - Sync 1 DAGs
[2024-07-16T06:33:01.245+0000] {logging_mixin.py:188} INFO - [2024-07-16T06:33:01.244+0000] {dag.py:3954} INFO - Setting next_dagrun for slack_dag to None, run_after=None
[2024-07-16T06:33:01.257+0000] {processor.py:183} INFO - Processing /opt/airflow/dags/slack.py took 0.064 seconds
[2024-07-16T06:33:31.384+0000] {processor.py:161} INFO - Started process (PID=541) to work on /opt/airflow/dags/slack.py
[2024-07-16T06:33:31.386+0000] {processor.py:830} INFO - Processing file /opt/airflow/dags/slack.py for tasks to queue
[2024-07-16T06:33:31.387+0000] {logging_mixin.py:188} INFO - [2024-07-16T06:33:31.386+0000] {dagbag.py:545} INFO - Filling up the DagBag from /opt/airflow/dags/slack.py
[2024-07-16T06:33:31.408+0000] {processor.py:840} INFO - DAG(s) 'slack_dag' retrieved from /opt/airflow/dags/slack.py
[2024-07-16T06:33:31.414+0000] {logging_mixin.py:188} INFO - [2024-07-16T06:33:31.413+0000] {dag.py:3096} INFO - Sync 1 DAGs
[2024-07-16T06:33:31.422+0000] {logging_mixin.py:188} INFO - [2024-07-16T06:33:31.422+0000] {dag.py:3954} INFO - Setting next_dagrun for slack_dag to None, run_after=None
[2024-07-16T06:33:31.434+0000] {processor.py:183} INFO - Processing /opt/airflow/dags/slack.py took 0.052 seconds
[2024-07-16T06:34:01.523+0000] {processor.py:161} INFO - Started process (PID=604) to work on /opt/airflow/dags/slack.py
[2024-07-16T06:34:01.524+0000] {processor.py:830} INFO - Processing file /opt/airflow/dags/slack.py for tasks to queue
[2024-07-16T06:34:01.525+0000] {logging_mixin.py:188} INFO - [2024-07-16T06:34:01.525+0000] {dagbag.py:545} INFO - Filling up the DagBag from /opt/airflow/dags/slack.py
[2024-07-16T06:34:01.552+0000] {processor.py:840} INFO - DAG(s) 'slack_dag' retrieved from /opt/airflow/dags/slack.py
[2024-07-16T06:34:01.560+0000] {logging_mixin.py:188} INFO - [2024-07-16T06:34:01.560+0000] {dag.py:3096} INFO - Sync 1 DAGs
[2024-07-16T06:34:01.571+0000] {logging_mixin.py:188} INFO - [2024-07-16T06:34:01.571+0000] {dag.py:3954} INFO - Setting next_dagrun for slack_dag to None, run_after=None
[2024-07-16T06:34:01.587+0000] {processor.py:183} INFO - Processing /opt/airflow/dags/slack.py took 0.068 seconds
[2024-07-16T06:34:31.796+0000] {processor.py:161} INFO - Started process (PID=667) to work on /opt/airflow/dags/slack.py
[2024-07-16T06:34:31.797+0000] {processor.py:830} INFO - Processing file /opt/airflow/dags/slack.py for tasks to queue
[2024-07-16T06:34:31.798+0000] {logging_mixin.py:188} INFO - [2024-07-16T06:34:31.798+0000] {dagbag.py:545} INFO - Filling up the DagBag from /opt/airflow/dags/slack.py
[2024-07-16T06:34:31.820+0000] {processor.py:840} INFO - DAG(s) 'slack_dag' retrieved from /opt/airflow/dags/slack.py
[2024-07-16T06:34:31.826+0000] {logging_mixin.py:188} INFO - [2024-07-16T06:34:31.826+0000] {dag.py:3096} INFO - Sync 1 DAGs
[2024-07-16T06:34:31.835+0000] {logging_mixin.py:188} INFO - [2024-07-16T06:34:31.835+0000] {dag.py:3954} INFO - Setting next_dagrun for slack_dag to None, run_after=None
[2024-07-16T06:34:31.846+0000] {processor.py:183} INFO - Processing /opt/airflow/dags/slack.py took 0.055 seconds
[2024-07-16T06:35:01.968+0000] {processor.py:161} INFO - Started process (PID=731) to work on /opt/airflow/dags/slack.py
[2024-07-16T06:35:01.970+0000] {processor.py:830} INFO - Processing file /opt/airflow/dags/slack.py for tasks to queue
[2024-07-16T06:35:01.971+0000] {logging_mixin.py:188} INFO - [2024-07-16T06:35:01.971+0000] {dagbag.py:545} INFO - Filling up the DagBag from /opt/airflow/dags/slack.py
[2024-07-16T06:35:01.994+0000] {processor.py:840} INFO - DAG(s) 'slack_dag' retrieved from /opt/airflow/dags/slack.py
[2024-07-16T06:35:02.001+0000] {logging_mixin.py:188} INFO - [2024-07-16T06:35:02.000+0000] {dag.py:3096} INFO - Sync 1 DAGs
[2024-07-16T06:35:02.010+0000] {logging_mixin.py:188} INFO - [2024-07-16T06:35:02.010+0000] {dag.py:3954} INFO - Setting next_dagrun for slack_dag to None, run_after=None
[2024-07-16T06:35:02.021+0000] {processor.py:183} INFO - Processing /opt/airflow/dags/slack.py took 0.059 seconds
[2024-07-16T06:35:32.425+0000] {processor.py:161} INFO - Started process (PID=795) to work on /opt/airflow/dags/slack.py
[2024-07-16T06:35:32.426+0000] {processor.py:830} INFO - Processing file /opt/airflow/dags/slack.py for tasks to queue
[2024-07-16T06:35:32.428+0000] {logging_mixin.py:188} INFO - [2024-07-16T06:35:32.428+0000] {dagbag.py:545} INFO - Filling up the DagBag from /opt/airflow/dags/slack.py
[2024-07-16T06:35:32.451+0000] {processor.py:840} INFO - DAG(s) 'slack_dag' retrieved from /opt/airflow/dags/slack.py
[2024-07-16T06:35:32.458+0000] {logging_mixin.py:188} INFO - [2024-07-16T06:35:32.458+0000] {dag.py:3096} INFO - Sync 1 DAGs
[2024-07-16T06:35:32.468+0000] {logging_mixin.py:188} INFO - [2024-07-16T06:35:32.467+0000] {dag.py:3954} INFO - Setting next_dagrun for slack_dag to None, run_after=None
[2024-07-16T06:35:32.479+0000] {processor.py:183} INFO - Processing /opt/airflow/dags/slack.py took 0.058 seconds
[2024-07-16T06:36:02.573+0000] {processor.py:161} INFO - Started process (PID=859) to work on /opt/airflow/dags/slack.py
[2024-07-16T06:36:02.575+0000] {processor.py:830} INFO - Processing file /opt/airflow/dags/slack.py for tasks to queue
[2024-07-16T06:36:02.576+0000] {logging_mixin.py:188} INFO - [2024-07-16T06:36:02.576+0000] {dagbag.py:545} INFO - Filling up the DagBag from /opt/airflow/dags/slack.py
[2024-07-16T06:36:02.598+0000] {processor.py:840} INFO - DAG(s) 'slack_dag' retrieved from /opt/airflow/dags/slack.py
[2024-07-16T06:36:02.604+0000] {logging_mixin.py:188} INFO - [2024-07-16T06:36:02.604+0000] {dag.py:3096} INFO - Sync 1 DAGs
[2024-07-16T06:36:02.613+0000] {logging_mixin.py:188} INFO - [2024-07-16T06:36:02.613+0000] {dag.py:3954} INFO - Setting next_dagrun for slack_dag to None, run_after=None
[2024-07-16T06:36:02.623+0000] {processor.py:183} INFO - Processing /opt/airflow/dags/slack.py took 0.055 seconds
[2024-07-16T06:37:11.932+0000] {processor.py:161} INFO - Started process (PID=32) to work on /opt/airflow/dags/slack.py
[2024-07-16T06:37:11.933+0000] {processor.py:830} INFO - Processing file /opt/airflow/dags/slack.py for tasks to queue
[2024-07-16T06:37:11.935+0000] {logging_mixin.py:188} INFO - [2024-07-16T06:37:11.935+0000] {dagbag.py:545} INFO - Filling up the DagBag from /opt/airflow/dags/slack.py
[2024-07-16T06:37:11.966+0000] {processor.py:840} INFO - DAG(s) 'slack_dag' retrieved from /opt/airflow/dags/slack.py
[2024-07-16T06:37:12.030+0000] {logging_mixin.py:188} INFO - [2024-07-16T06:37:12.030+0000] {dag.py:3096} INFO - Sync 1 DAGs
[2024-07-16T06:37:12.043+0000] {logging_mixin.py:188} INFO - [2024-07-16T06:37:12.043+0000] {dag.py:3954} INFO - Setting next_dagrun for slack_dag to None, run_after=None
[2024-07-16T06:37:12.070+0000] {processor.py:183} INFO - Processing /opt/airflow/dags/slack.py took 0.142 seconds
[2024-07-16T06:37:42.702+0000] {processor.py:161} INFO - Started process (PID=95) to work on /opt/airflow/dags/slack.py
[2024-07-16T06:37:42.702+0000] {processor.py:830} INFO - Processing file /opt/airflow/dags/slack.py for tasks to queue
[2024-07-16T06:37:42.704+0000] {logging_mixin.py:188} INFO - [2024-07-16T06:37:42.704+0000] {dagbag.py:545} INFO - Filling up the DagBag from /opt/airflow/dags/slack.py
[2024-07-16T06:37:42.726+0000] {processor.py:840} INFO - DAG(s) 'slack_dag' retrieved from /opt/airflow/dags/slack.py
[2024-07-16T06:37:42.732+0000] {logging_mixin.py:188} INFO - [2024-07-16T06:37:42.732+0000] {dag.py:3096} INFO - Sync 1 DAGs
[2024-07-16T06:37:42.742+0000] {logging_mixin.py:188} INFO - [2024-07-16T06:37:42.742+0000] {dag.py:3954} INFO - Setting next_dagrun for slack_dag to None, run_after=None
[2024-07-16T06:37:42.754+0000] {processor.py:183} INFO - Processing /opt/airflow/dags/slack.py took 0.057 seconds
[2024-07-16T06:38:13.590+0000] {processor.py:161} INFO - Started process (PID=159) to work on /opt/airflow/dags/slack.py
[2024-07-16T06:38:13.591+0000] {processor.py:830} INFO - Processing file /opt/airflow/dags/slack.py for tasks to queue
[2024-07-16T06:38:13.593+0000] {logging_mixin.py:188} INFO - [2024-07-16T06:38:13.593+0000] {dagbag.py:545} INFO - Filling up the DagBag from /opt/airflow/dags/slack.py
[2024-07-16T06:38:13.618+0000] {processor.py:840} INFO - DAG(s) 'slack_dag' retrieved from /opt/airflow/dags/slack.py
[2024-07-16T06:38:13.625+0000] {logging_mixin.py:188} INFO - [2024-07-16T06:38:13.625+0000] {dag.py:3096} INFO - Sync 1 DAGs
[2024-07-16T06:38:13.634+0000] {logging_mixin.py:188} INFO - [2024-07-16T06:38:13.634+0000] {dag.py:3954} INFO - Setting next_dagrun for slack_dag to None, run_after=None
[2024-07-16T06:38:13.646+0000] {processor.py:183} INFO - Processing /opt/airflow/dags/slack.py took 0.061 seconds
[2024-07-16T06:38:43.889+0000] {processor.py:161} INFO - Started process (PID=222) to work on /opt/airflow/dags/slack.py
[2024-07-16T06:38:43.890+0000] {processor.py:830} INFO - Processing file /opt/airflow/dags/slack.py for tasks to queue
[2024-07-16T06:38:43.892+0000] {logging_mixin.py:188} INFO - [2024-07-16T06:38:43.892+0000] {dagbag.py:545} INFO - Filling up the DagBag from /opt/airflow/dags/slack.py
[2024-07-16T06:38:43.914+0000] {processor.py:840} INFO - DAG(s) 'slack_dag' retrieved from /opt/airflow/dags/slack.py
[2024-07-16T06:38:43.920+0000] {logging_mixin.py:188} INFO - [2024-07-16T06:38:43.919+0000] {dag.py:3096} INFO - Sync 1 DAGs
[2024-07-16T06:38:43.929+0000] {logging_mixin.py:188} INFO - [2024-07-16T06:38:43.928+0000] {dag.py:3954} INFO - Setting next_dagrun for slack_dag to None, run_after=None
[2024-07-16T06:38:43.940+0000] {processor.py:183} INFO - Processing /opt/airflow/dags/slack.py took 0.056 seconds
[2024-07-16T06:39:14.101+0000] {processor.py:161} INFO - Started process (PID=286) to work on /opt/airflow/dags/slack.py
[2024-07-16T06:39:14.102+0000] {processor.py:830} INFO - Processing file /opt/airflow/dags/slack.py for tasks to queue
[2024-07-16T06:39:14.104+0000] {logging_mixin.py:188} INFO - [2024-07-16T06:39:14.104+0000] {dagbag.py:545} INFO - Filling up the DagBag from /opt/airflow/dags/slack.py
[2024-07-16T06:39:14.129+0000] {processor.py:840} INFO - DAG(s) 'slack_dag' retrieved from /opt/airflow/dags/slack.py
[2024-07-16T06:39:14.135+0000] {logging_mixin.py:188} INFO - [2024-07-16T06:39:14.135+0000] {dag.py:3096} INFO - Sync 1 DAGs
[2024-07-16T06:39:14.144+0000] {logging_mixin.py:188} INFO - [2024-07-16T06:39:14.144+0000] {dag.py:3954} INFO - Setting next_dagrun for slack_dag to None, run_after=None
[2024-07-16T06:39:14.156+0000] {processor.py:183} INFO - Processing /opt/airflow/dags/slack.py took 0.060 seconds
[2024-07-16T06:39:44.255+0000] {processor.py:161} INFO - Started process (PID=350) to work on /opt/airflow/dags/slack.py
[2024-07-16T06:39:44.256+0000] {processor.py:830} INFO - Processing file /opt/airflow/dags/slack.py for tasks to queue
[2024-07-16T06:39:44.257+0000] {logging_mixin.py:188} INFO - [2024-07-16T06:39:44.257+0000] {dagbag.py:545} INFO - Filling up the DagBag from /opt/airflow/dags/slack.py
[2024-07-16T06:39:44.281+0000] {processor.py:840} INFO - DAG(s) 'slack_dag' retrieved from /opt/airflow/dags/slack.py
[2024-07-16T06:39:44.287+0000] {logging_mixin.py:188} INFO - [2024-07-16T06:39:44.287+0000] {dag.py:3096} INFO - Sync 1 DAGs
[2024-07-16T06:39:44.296+0000] {logging_mixin.py:188} INFO - [2024-07-16T06:39:44.296+0000] {dag.py:3954} INFO - Setting next_dagrun for slack_dag to None, run_after=None
[2024-07-16T06:39:44.308+0000] {processor.py:183} INFO - Processing /opt/airflow/dags/slack.py took 0.058 seconds
[2024-07-16T06:40:14.597+0000] {processor.py:161} INFO - Started process (PID=414) to work on /opt/airflow/dags/slack.py
[2024-07-16T06:40:14.598+0000] {processor.py:830} INFO - Processing file /opt/airflow/dags/slack.py for tasks to queue
[2024-07-16T06:40:14.600+0000] {logging_mixin.py:188} INFO - [2024-07-16T06:40:14.599+0000] {dagbag.py:545} INFO - Filling up the DagBag from /opt/airflow/dags/slack.py
[2024-07-16T06:40:14.622+0000] {processor.py:840} INFO - DAG(s) 'slack_dag' retrieved from /opt/airflow/dags/slack.py
[2024-07-16T06:40:14.629+0000] {logging_mixin.py:188} INFO - [2024-07-16T06:40:14.629+0000] {dag.py:3096} INFO - Sync 1 DAGs
[2024-07-16T06:40:14.638+0000] {logging_mixin.py:188} INFO - [2024-07-16T06:40:14.638+0000] {dag.py:3954} INFO - Setting next_dagrun for slack_dag to None, run_after=None
[2024-07-16T06:40:14.649+0000] {processor.py:183} INFO - Processing /opt/airflow/dags/slack.py took 0.057 seconds
[2024-07-16T06:40:44.756+0000] {processor.py:161} INFO - Started process (PID=478) to work on /opt/airflow/dags/slack.py
[2024-07-16T06:40:44.757+0000] {processor.py:830} INFO - Processing file /opt/airflow/dags/slack.py for tasks to queue
[2024-07-16T06:40:44.759+0000] {logging_mixin.py:188} INFO - [2024-07-16T06:40:44.758+0000] {dagbag.py:545} INFO - Filling up the DagBag from /opt/airflow/dags/slack.py
[2024-07-16T06:40:44.784+0000] {processor.py:840} INFO - DAG(s) 'slack_dag' retrieved from /opt/airflow/dags/slack.py
[2024-07-16T06:40:44.790+0000] {logging_mixin.py:188} INFO - [2024-07-16T06:40:44.790+0000] {dag.py:3096} INFO - Sync 1 DAGs
[2024-07-16T06:40:44.799+0000] {logging_mixin.py:188} INFO - [2024-07-16T06:40:44.799+0000] {dag.py:3954} INFO - Setting next_dagrun for slack_dag to None, run_after=None
[2024-07-16T06:40:44.810+0000] {processor.py:183} INFO - Processing /opt/airflow/dags/slack.py took 0.060 seconds
[2024-07-16T06:41:14.833+0000] {processor.py:161} INFO - Started process (PID=541) to work on /opt/airflow/dags/slack.py
[2024-07-16T06:41:14.834+0000] {processor.py:830} INFO - Processing file /opt/airflow/dags/slack.py for tasks to queue
[2024-07-16T06:41:14.836+0000] {logging_mixin.py:188} INFO - [2024-07-16T06:41:14.836+0000] {dagbag.py:545} INFO - Filling up the DagBag from /opt/airflow/dags/slack.py
[2024-07-16T06:41:14.865+0000] {processor.py:840} INFO - DAG(s) 'slack_dag' retrieved from /opt/airflow/dags/slack.py
[2024-07-16T06:41:14.874+0000] {logging_mixin.py:188} INFO - [2024-07-16T06:41:14.874+0000] {dag.py:3096} INFO - Sync 1 DAGs
[2024-07-16T06:41:14.882+0000] {logging_mixin.py:188} INFO - [2024-07-16T06:41:14.881+0000] {dag.py:3954} INFO - Setting next_dagrun for slack_dag to None, run_after=None
[2024-07-16T06:41:14.891+0000] {processor.py:183} INFO - Processing /opt/airflow/dags/slack.py took 0.065 seconds
[2024-07-16T06:41:45.105+0000] {processor.py:161} INFO - Started process (PID=606) to work on /opt/airflow/dags/slack.py
[2024-07-16T06:41:45.105+0000] {processor.py:830} INFO - Processing file /opt/airflow/dags/slack.py for tasks to queue
[2024-07-16T06:41:45.106+0000] {logging_mixin.py:188} INFO - [2024-07-16T06:41:45.106+0000] {dagbag.py:545} INFO - Filling up the DagBag from /opt/airflow/dags/slack.py
[2024-07-16T06:41:45.124+0000] {processor.py:840} INFO - DAG(s) 'slack_dag' retrieved from /opt/airflow/dags/slack.py
[2024-07-16T06:41:45.130+0000] {logging_mixin.py:188} INFO - [2024-07-16T06:41:45.130+0000] {dag.py:3096} INFO - Sync 1 DAGs
[2024-07-16T06:41:45.140+0000] {logging_mixin.py:188} INFO - [2024-07-16T06:41:45.140+0000] {dag.py:3954} INFO - Setting next_dagrun for slack_dag to None, run_after=None
[2024-07-16T06:41:45.153+0000] {processor.py:183} INFO - Processing /opt/airflow/dags/slack.py took 0.051 seconds
[2024-07-16T06:42:15.169+0000] {processor.py:161} INFO - Started process (PID=669) to work on /opt/airflow/dags/slack.py
[2024-07-16T06:42:15.170+0000] {processor.py:830} INFO - Processing file /opt/airflow/dags/slack.py for tasks to queue
[2024-07-16T06:42:15.170+0000] {logging_mixin.py:188} INFO - [2024-07-16T06:42:15.170+0000] {dagbag.py:545} INFO - Filling up the DagBag from /opt/airflow/dags/slack.py
[2024-07-16T06:42:15.188+0000] {processor.py:840} INFO - DAG(s) 'slack_dag' retrieved from /opt/airflow/dags/slack.py
[2024-07-16T06:42:15.195+0000] {logging_mixin.py:188} INFO - [2024-07-16T06:42:15.194+0000] {dag.py:3096} INFO - Sync 1 DAGs
[2024-07-16T06:42:15.202+0000] {logging_mixin.py:188} INFO - [2024-07-16T06:42:15.202+0000] {dag.py:3954} INFO - Setting next_dagrun for slack_dag to None, run_after=None
[2024-07-16T06:42:15.214+0000] {processor.py:183} INFO - Processing /opt/airflow/dags/slack.py took 0.048 seconds
[2024-07-16T06:42:45.307+0000] {processor.py:161} INFO - Started process (PID=733) to work on /opt/airflow/dags/slack.py
[2024-07-16T06:42:45.308+0000] {processor.py:830} INFO - Processing file /opt/airflow/dags/slack.py for tasks to queue
[2024-07-16T06:42:45.310+0000] {logging_mixin.py:188} INFO - [2024-07-16T06:42:45.310+0000] {dagbag.py:545} INFO - Filling up the DagBag from /opt/airflow/dags/slack.py
[2024-07-16T06:42:45.335+0000] {processor.py:840} INFO - DAG(s) 'slack_dag' retrieved from /opt/airflow/dags/slack.py
[2024-07-16T06:42:45.341+0000] {logging_mixin.py:188} INFO - [2024-07-16T06:42:45.341+0000] {dag.py:3096} INFO - Sync 1 DAGs
[2024-07-16T06:42:45.349+0000] {logging_mixin.py:188} INFO - [2024-07-16T06:42:45.349+0000] {dag.py:3954} INFO - Setting next_dagrun for slack_dag to None, run_after=None
[2024-07-16T06:42:45.359+0000] {processor.py:183} INFO - Processing /opt/airflow/dags/slack.py took 0.059 seconds
[2024-07-16T06:43:15.595+0000] {processor.py:161} INFO - Started process (PID=798) to work on /opt/airflow/dags/slack.py
[2024-07-16T06:43:15.596+0000] {processor.py:830} INFO - Processing file /opt/airflow/dags/slack.py for tasks to queue
[2024-07-16T06:43:15.598+0000] {logging_mixin.py:188} INFO - [2024-07-16T06:43:15.598+0000] {dagbag.py:545} INFO - Filling up the DagBag from /opt/airflow/dags/slack.py
[2024-07-16T06:43:15.622+0000] {processor.py:840} INFO - DAG(s) 'slack_dag' retrieved from /opt/airflow/dags/slack.py
[2024-07-16T06:43:15.628+0000] {logging_mixin.py:188} INFO - [2024-07-16T06:43:15.628+0000] {dag.py:3096} INFO - Sync 1 DAGs
[2024-07-16T06:43:15.637+0000] {logging_mixin.py:188} INFO - [2024-07-16T06:43:15.637+0000] {dag.py:3954} INFO - Setting next_dagrun for slack_dag to None, run_after=None
[2024-07-16T06:43:15.648+0000] {processor.py:183} INFO - Processing /opt/airflow/dags/slack.py took 0.059 seconds
[2024-07-16T06:43:45.816+0000] {processor.py:161} INFO - Started process (PID=862) to work on /opt/airflow/dags/slack.py
[2024-07-16T06:43:45.817+0000] {processor.py:830} INFO - Processing file /opt/airflow/dags/slack.py for tasks to queue
[2024-07-16T06:43:45.818+0000] {logging_mixin.py:188} INFO - [2024-07-16T06:43:45.818+0000] {dagbag.py:545} INFO - Filling up the DagBag from /opt/airflow/dags/slack.py
[2024-07-16T06:43:45.841+0000] {processor.py:840} INFO - DAG(s) 'slack_dag' retrieved from /opt/airflow/dags/slack.py
[2024-07-16T06:43:45.847+0000] {logging_mixin.py:188} INFO - [2024-07-16T06:43:45.847+0000] {dag.py:3096} INFO - Sync 1 DAGs
[2024-07-16T06:43:45.855+0000] {logging_mixin.py:188} INFO - [2024-07-16T06:43:45.855+0000] {dag.py:3954} INFO - Setting next_dagrun for slack_dag to None, run_after=None
[2024-07-16T06:43:45.865+0000] {processor.py:183} INFO - Processing /opt/airflow/dags/slack.py took 0.055 seconds
[2024-07-16T06:44:15.975+0000] {processor.py:161} INFO - Started process (PID=926) to work on /opt/airflow/dags/slack.py
[2024-07-16T06:44:15.976+0000] {processor.py:830} INFO - Processing file /opt/airflow/dags/slack.py for tasks to queue
[2024-07-16T06:44:15.977+0000] {logging_mixin.py:188} INFO - [2024-07-16T06:44:15.977+0000] {dagbag.py:545} INFO - Filling up the DagBag from /opt/airflow/dags/slack.py
[2024-07-16T06:44:16.002+0000] {processor.py:840} INFO - DAG(s) 'slack_dag' retrieved from /opt/airflow/dags/slack.py
[2024-07-16T06:44:16.009+0000] {logging_mixin.py:188} INFO - [2024-07-16T06:44:16.009+0000] {dag.py:3096} INFO - Sync 1 DAGs
[2024-07-16T06:44:16.017+0000] {logging_mixin.py:188} INFO - [2024-07-16T06:44:16.017+0000] {dag.py:3954} INFO - Setting next_dagrun for slack_dag to None, run_after=None
[2024-07-16T06:44:16.028+0000] {processor.py:183} INFO - Processing /opt/airflow/dags/slack.py took 0.058 seconds
[2024-07-16T06:44:46.121+0000] {processor.py:161} INFO - Started process (PID=990) to work on /opt/airflow/dags/slack.py
[2024-07-16T06:44:46.122+0000] {processor.py:830} INFO - Processing file /opt/airflow/dags/slack.py for tasks to queue
[2024-07-16T06:44:46.124+0000] {logging_mixin.py:188} INFO - [2024-07-16T06:44:46.123+0000] {dagbag.py:545} INFO - Filling up the DagBag from /opt/airflow/dags/slack.py
[2024-07-16T06:44:46.146+0000] {processor.py:840} INFO - DAG(s) 'slack_dag' retrieved from /opt/airflow/dags/slack.py
[2024-07-16T06:44:46.153+0000] {logging_mixin.py:188} INFO - [2024-07-16T06:44:46.152+0000] {dag.py:3096} INFO - Sync 1 DAGs
[2024-07-16T06:44:46.161+0000] {logging_mixin.py:188} INFO - [2024-07-16T06:44:46.161+0000] {dag.py:3954} INFO - Setting next_dagrun for slack_dag to None, run_after=None
[2024-07-16T06:44:46.172+0000] {processor.py:183} INFO - Processing /opt/airflow/dags/slack.py took 0.057 seconds
[2024-07-16T06:45:16.209+0000] {processor.py:161} INFO - Started process (PID=1052) to work on /opt/airflow/dags/slack.py
[2024-07-16T06:45:16.210+0000] {processor.py:830} INFO - Processing file /opt/airflow/dags/slack.py for tasks to queue
[2024-07-16T06:45:16.213+0000] {logging_mixin.py:188} INFO - [2024-07-16T06:45:16.213+0000] {dagbag.py:545} INFO - Filling up the DagBag from /opt/airflow/dags/slack.py
[2024-07-16T06:45:16.242+0000] {processor.py:840} INFO - DAG(s) 'slack_dag' retrieved from /opt/airflow/dags/slack.py
[2024-07-16T06:45:16.250+0000] {logging_mixin.py:188} INFO - [2024-07-16T06:45:16.249+0000] {dag.py:3096} INFO - Sync 1 DAGs
[2024-07-16T06:45:16.258+0000] {logging_mixin.py:188} INFO - [2024-07-16T06:45:16.258+0000] {dag.py:3954} INFO - Setting next_dagrun for slack_dag to None, run_after=None
[2024-07-16T06:45:16.268+0000] {processor.py:183} INFO - Processing /opt/airflow/dags/slack.py took 0.066 seconds
[2024-07-16T06:45:46.358+0000] {processor.py:161} INFO - Started process (PID=1115) to work on /opt/airflow/dags/slack.py
[2024-07-16T06:45:46.359+0000] {processor.py:830} INFO - Processing file /opt/airflow/dags/slack.py for tasks to queue
[2024-07-16T06:45:46.362+0000] {logging_mixin.py:188} INFO - [2024-07-16T06:45:46.361+0000] {dagbag.py:545} INFO - Filling up the DagBag from /opt/airflow/dags/slack.py
[2024-07-16T06:45:46.388+0000] {processor.py:840} INFO - DAG(s) 'slack_dag' retrieved from /opt/airflow/dags/slack.py
[2024-07-16T06:45:46.395+0000] {logging_mixin.py:188} INFO - [2024-07-16T06:45:46.395+0000] {dag.py:3096} INFO - Sync 1 DAGs
[2024-07-16T06:45:46.403+0000] {logging_mixin.py:188} INFO - [2024-07-16T06:45:46.402+0000] {dag.py:3954} INFO - Setting next_dagrun for slack_dag to None, run_after=None
[2024-07-16T06:45:46.412+0000] {processor.py:183} INFO - Processing /opt/airflow/dags/slack.py took 0.062 seconds
[2024-07-16T06:46:16.535+0000] {processor.py:161} INFO - Started process (PID=1179) to work on /opt/airflow/dags/slack.py
[2024-07-16T06:46:16.536+0000] {processor.py:830} INFO - Processing file /opt/airflow/dags/slack.py for tasks to queue
[2024-07-16T06:46:16.538+0000] {logging_mixin.py:188} INFO - [2024-07-16T06:46:16.537+0000] {dagbag.py:545} INFO - Filling up the DagBag from /opt/airflow/dags/slack.py
[2024-07-16T06:46:16.562+0000] {processor.py:840} INFO - DAG(s) 'slack_dag' retrieved from /opt/airflow/dags/slack.py
[2024-07-16T06:46:16.569+0000] {logging_mixin.py:188} INFO - [2024-07-16T06:46:16.568+0000] {dag.py:3096} INFO - Sync 1 DAGs
[2024-07-16T06:46:16.576+0000] {logging_mixin.py:188} INFO - [2024-07-16T06:46:16.576+0000] {dag.py:3954} INFO - Setting next_dagrun for slack_dag to None, run_after=None
[2024-07-16T06:46:16.586+0000] {processor.py:183} INFO - Processing /opt/airflow/dags/slack.py took 0.056 seconds
[2024-07-16T06:46:46.810+0000] {processor.py:161} INFO - Started process (PID=1244) to work on /opt/airflow/dags/slack.py
[2024-07-16T06:46:46.811+0000] {processor.py:830} INFO - Processing file /opt/airflow/dags/slack.py for tasks to queue
[2024-07-16T06:46:46.813+0000] {logging_mixin.py:188} INFO - [2024-07-16T06:46:46.812+0000] {dagbag.py:545} INFO - Filling up the DagBag from /opt/airflow/dags/slack.py
[2024-07-16T06:46:46.837+0000] {processor.py:840} INFO - DAG(s) 'slack_dag' retrieved from /opt/airflow/dags/slack.py
[2024-07-16T06:46:46.845+0000] {logging_mixin.py:188} INFO - [2024-07-16T06:46:46.845+0000] {dag.py:3096} INFO - Sync 1 DAGs
[2024-07-16T06:46:46.857+0000] {logging_mixin.py:188} INFO - [2024-07-16T06:46:46.857+0000] {dag.py:3954} INFO - Setting next_dagrun for slack_dag to None, run_after=None
[2024-07-16T06:46:46.868+0000] {processor.py:183} INFO - Processing /opt/airflow/dags/slack.py took 0.063 seconds
[2024-07-16T06:47:17.562+0000] {processor.py:161} INFO - Started process (PID=1308) to work on /opt/airflow/dags/slack.py
[2024-07-16T06:47:17.563+0000] {processor.py:830} INFO - Processing file /opt/airflow/dags/slack.py for tasks to queue
[2024-07-16T06:47:17.564+0000] {logging_mixin.py:188} INFO - [2024-07-16T06:47:17.564+0000] {dagbag.py:545} INFO - Filling up the DagBag from /opt/airflow/dags/slack.py
[2024-07-16T06:47:17.584+0000] {processor.py:840} INFO - DAG(s) 'slack_dag' retrieved from /opt/airflow/dags/slack.py
[2024-07-16T06:47:17.591+0000] {logging_mixin.py:188} INFO - [2024-07-16T06:47:17.591+0000] {dag.py:3096} INFO - Sync 1 DAGs
[2024-07-16T06:47:17.599+0000] {logging_mixin.py:188} INFO - [2024-07-16T06:47:17.599+0000] {dag.py:3954} INFO - Setting next_dagrun for slack_dag to None, run_after=None
[2024-07-16T06:47:17.611+0000] {processor.py:183} INFO - Processing /opt/airflow/dags/slack.py took 0.053 seconds
[2024-07-16T06:47:48.142+0000] {processor.py:161} INFO - Started process (PID=1372) to work on /opt/airflow/dags/slack.py
[2024-07-16T06:47:48.143+0000] {processor.py:830} INFO - Processing file /opt/airflow/dags/slack.py for tasks to queue
[2024-07-16T06:47:48.145+0000] {logging_mixin.py:188} INFO - [2024-07-16T06:47:48.144+0000] {dagbag.py:545} INFO - Filling up the DagBag from /opt/airflow/dags/slack.py
[2024-07-16T06:47:48.165+0000] {processor.py:840} INFO - DAG(s) 'slack_dag' retrieved from /opt/airflow/dags/slack.py
[2024-07-16T06:47:48.171+0000] {logging_mixin.py:188} INFO - [2024-07-16T06:47:48.171+0000] {dag.py:3096} INFO - Sync 1 DAGs
[2024-07-16T06:47:48.179+0000] {logging_mixin.py:188} INFO - [2024-07-16T06:47:48.179+0000] {dag.py:3954} INFO - Setting next_dagrun for slack_dag to None, run_after=None
[2024-07-16T06:47:48.190+0000] {processor.py:183} INFO - Processing /opt/airflow/dags/slack.py took 0.055 seconds
[2024-07-16T06:48:18.247+0000] {processor.py:161} INFO - Started process (PID=1435) to work on /opt/airflow/dags/slack.py
[2024-07-16T06:48:18.248+0000] {processor.py:830} INFO - Processing file /opt/airflow/dags/slack.py for tasks to queue
[2024-07-16T06:48:18.251+0000] {logging_mixin.py:188} INFO - [2024-07-16T06:48:18.250+0000] {dagbag.py:545} INFO - Filling up the DagBag from /opt/airflow/dags/slack.py
[2024-07-16T06:48:18.278+0000] {processor.py:840} INFO - DAG(s) 'slack_dag' retrieved from /opt/airflow/dags/slack.py
[2024-07-16T06:48:18.285+0000] {logging_mixin.py:188} INFO - [2024-07-16T06:48:18.285+0000] {dag.py:3096} INFO - Sync 1 DAGs
[2024-07-16T06:48:18.381+0000] {logging_mixin.py:188} INFO - [2024-07-16T06:48:18.381+0000] {dag.py:3954} INFO - Setting next_dagrun for slack_dag to None, run_after=None
[2024-07-16T06:48:18.393+0000] {processor.py:183} INFO - Processing /opt/airflow/dags/slack.py took 0.156 seconds
[2024-07-16T06:48:48.485+0000] {processor.py:161} INFO - Started process (PID=1499) to work on /opt/airflow/dags/slack.py
[2024-07-16T06:48:48.487+0000] {processor.py:830} INFO - Processing file /opt/airflow/dags/slack.py for tasks to queue
[2024-07-16T06:48:48.490+0000] {logging_mixin.py:188} INFO - [2024-07-16T06:48:48.489+0000] {dagbag.py:545} INFO - Filling up the DagBag from /opt/airflow/dags/slack.py
[2024-07-16T06:48:48.515+0000] {processor.py:840} INFO - DAG(s) 'slack_dag' retrieved from /opt/airflow/dags/slack.py
[2024-07-16T06:48:48.521+0000] {logging_mixin.py:188} INFO - [2024-07-16T06:48:48.521+0000] {dag.py:3096} INFO - Sync 1 DAGs
[2024-07-16T06:48:48.530+0000] {logging_mixin.py:188} INFO - [2024-07-16T06:48:48.530+0000] {dag.py:3954} INFO - Setting next_dagrun for slack_dag to None, run_after=None
[2024-07-16T06:48:48.545+0000] {processor.py:183} INFO - Processing /opt/airflow/dags/slack.py took 0.067 seconds
[2024-07-16T06:49:18.818+0000] {processor.py:161} INFO - Started process (PID=1563) to work on /opt/airflow/dags/slack.py
[2024-07-16T06:49:18.819+0000] {processor.py:830} INFO - Processing file /opt/airflow/dags/slack.py for tasks to queue
[2024-07-16T06:49:18.822+0000] {logging_mixin.py:188} INFO - [2024-07-16T06:49:18.821+0000] {dagbag.py:545} INFO - Filling up the DagBag from /opt/airflow/dags/slack.py
[2024-07-16T06:49:18.846+0000] {processor.py:840} INFO - DAG(s) 'slack_dag' retrieved from /opt/airflow/dags/slack.py
[2024-07-16T06:49:18.853+0000] {logging_mixin.py:188} INFO - [2024-07-16T06:49:18.853+0000] {dag.py:3096} INFO - Sync 1 DAGs
[2024-07-16T06:49:18.860+0000] {logging_mixin.py:188} INFO - [2024-07-16T06:49:18.860+0000] {dag.py:3954} INFO - Setting next_dagrun for slack_dag to None, run_after=None
[2024-07-16T06:49:18.870+0000] {processor.py:183} INFO - Processing /opt/airflow/dags/slack.py took 0.061 seconds
[2024-07-16T06:49:49.392+0000] {processor.py:161} INFO - Started process (PID=1628) to work on /opt/airflow/dags/slack.py
[2024-07-16T06:49:49.393+0000] {processor.py:830} INFO - Processing file /opt/airflow/dags/slack.py for tasks to queue
[2024-07-16T06:49:49.395+0000] {logging_mixin.py:188} INFO - [2024-07-16T06:49:49.394+0000] {dagbag.py:545} INFO - Filling up the DagBag from /opt/airflow/dags/slack.py
[2024-07-16T06:49:49.419+0000] {processor.py:840} INFO - DAG(s) 'slack_dag' retrieved from /opt/airflow/dags/slack.py
[2024-07-16T06:49:49.425+0000] {logging_mixin.py:188} INFO - [2024-07-16T06:49:49.425+0000] {dag.py:3096} INFO - Sync 1 DAGs
[2024-07-16T06:49:49.434+0000] {logging_mixin.py:188} INFO - [2024-07-16T06:49:49.434+0000] {dag.py:3954} INFO - Setting next_dagrun for slack_dag to None, run_after=None
[2024-07-16T06:49:49.446+0000] {processor.py:183} INFO - Processing /opt/airflow/dags/slack.py took 0.060 seconds
[2024-07-16T06:50:20.006+0000] {processor.py:161} INFO - Started process (PID=1692) to work on /opt/airflow/dags/slack.py
[2024-07-16T06:50:20.006+0000] {processor.py:830} INFO - Processing file /opt/airflow/dags/slack.py for tasks to queue
[2024-07-16T06:50:20.008+0000] {logging_mixin.py:188} INFO - [2024-07-16T06:50:20.007+0000] {dagbag.py:545} INFO - Filling up the DagBag from /opt/airflow/dags/slack.py
[2024-07-16T06:50:20.030+0000] {processor.py:840} INFO - DAG(s) 'slack_dag' retrieved from /opt/airflow/dags/slack.py
[2024-07-16T06:50:20.125+0000] {logging_mixin.py:188} INFO - [2024-07-16T06:50:20.125+0000] {dag.py:3096} INFO - Sync 1 DAGs
[2024-07-16T06:50:20.132+0000] {logging_mixin.py:188} INFO - [2024-07-16T06:50:20.132+0000] {dag.py:3954} INFO - Setting next_dagrun for slack_dag to None, run_after=None
[2024-07-16T06:50:20.143+0000] {processor.py:183} INFO - Processing /opt/airflow/dags/slack.py took 0.142 seconds
[2024-07-16T06:50:50.812+0000] {processor.py:161} INFO - Started process (PID=1756) to work on /opt/airflow/dags/slack.py
[2024-07-16T06:50:50.813+0000] {processor.py:830} INFO - Processing file /opt/airflow/dags/slack.py for tasks to queue
[2024-07-16T06:50:50.815+0000] {logging_mixin.py:188} INFO - [2024-07-16T06:50:50.814+0000] {dagbag.py:545} INFO - Filling up the DagBag from /opt/airflow/dags/slack.py
[2024-07-16T06:50:50.839+0000] {processor.py:840} INFO - DAG(s) 'slack_dag' retrieved from /opt/airflow/dags/slack.py
[2024-07-16T06:50:50.849+0000] {logging_mixin.py:188} INFO - [2024-07-16T06:50:50.848+0000] {dag.py:3096} INFO - Sync 1 DAGs
[2024-07-16T06:50:50.864+0000] {logging_mixin.py:188} INFO - [2024-07-16T06:50:50.864+0000] {dag.py:3954} INFO - Setting next_dagrun for slack_dag to None, run_after=None
[2024-07-16T06:50:50.876+0000] {processor.py:183} INFO - Processing /opt/airflow/dags/slack.py took 0.070 seconds
[2024-07-16T06:51:20.974+0000] {processor.py:161} INFO - Started process (PID=1820) to work on /opt/airflow/dags/slack.py
[2024-07-16T06:51:20.974+0000] {processor.py:830} INFO - Processing file /opt/airflow/dags/slack.py for tasks to queue
[2024-07-16T06:51:20.976+0000] {logging_mixin.py:188} INFO - [2024-07-16T06:51:20.975+0000] {dagbag.py:545} INFO - Filling up the DagBag from /opt/airflow/dags/slack.py
[2024-07-16T06:51:20.995+0000] {processor.py:840} INFO - DAG(s) 'slack_dag' retrieved from /opt/airflow/dags/slack.py
[2024-07-16T06:51:21.002+0000] {logging_mixin.py:188} INFO - [2024-07-16T06:51:21.001+0000] {dag.py:3096} INFO - Sync 1 DAGs
[2024-07-16T06:51:21.011+0000] {logging_mixin.py:188} INFO - [2024-07-16T06:51:21.011+0000] {dag.py:3954} INFO - Setting next_dagrun for slack_dag to None, run_after=None
[2024-07-16T06:51:21.024+0000] {processor.py:183} INFO - Processing /opt/airflow/dags/slack.py took 0.054 seconds
[2024-07-16T06:51:51.206+0000] {processor.py:161} INFO - Started process (PID=1884) to work on /opt/airflow/dags/slack.py
[2024-07-16T06:51:51.207+0000] {processor.py:830} INFO - Processing file /opt/airflow/dags/slack.py for tasks to queue
[2024-07-16T06:51:51.209+0000] {logging_mixin.py:188} INFO - [2024-07-16T06:51:51.209+0000] {dagbag.py:545} INFO - Filling up the DagBag from /opt/airflow/dags/slack.py
[2024-07-16T06:51:51.232+0000] {processor.py:840} INFO - DAG(s) 'slack_dag' retrieved from /opt/airflow/dags/slack.py
[2024-07-16T06:51:51.238+0000] {logging_mixin.py:188} INFO - [2024-07-16T06:51:51.238+0000] {dag.py:3096} INFO - Sync 1 DAGs
[2024-07-16T06:51:51.247+0000] {logging_mixin.py:188} INFO - [2024-07-16T06:51:51.247+0000] {dag.py:3954} INFO - Setting next_dagrun for slack_dag to None, run_after=None
[2024-07-16T06:51:51.258+0000] {processor.py:183} INFO - Processing /opt/airflow/dags/slack.py took 0.058 seconds
[2024-07-16T06:52:21.370+0000] {processor.py:161} INFO - Started process (PID=1948) to work on /opt/airflow/dags/slack.py
[2024-07-16T06:52:21.371+0000] {processor.py:830} INFO - Processing file /opt/airflow/dags/slack.py for tasks to queue
[2024-07-16T06:52:21.372+0000] {logging_mixin.py:188} INFO - [2024-07-16T06:52:21.372+0000] {dagbag.py:545} INFO - Filling up the DagBag from /opt/airflow/dags/slack.py
[2024-07-16T06:52:21.398+0000] {processor.py:840} INFO - DAG(s) 'slack_dag' retrieved from /opt/airflow/dags/slack.py
[2024-07-16T06:52:21.405+0000] {logging_mixin.py:188} INFO - [2024-07-16T06:52:21.405+0000] {dag.py:3096} INFO - Sync 1 DAGs
[2024-07-16T06:52:21.413+0000] {logging_mixin.py:188} INFO - [2024-07-16T06:52:21.413+0000] {dag.py:3954} INFO - Setting next_dagrun for slack_dag to None, run_after=None
[2024-07-16T06:52:21.424+0000] {processor.py:183} INFO - Processing /opt/airflow/dags/slack.py took 0.060 seconds
[2024-07-16T06:52:51.536+0000] {processor.py:161} INFO - Started process (PID=2012) to work on /opt/airflow/dags/slack.py
[2024-07-16T06:52:51.537+0000] {processor.py:830} INFO - Processing file /opt/airflow/dags/slack.py for tasks to queue
[2024-07-16T06:52:51.539+0000] {logging_mixin.py:188} INFO - [2024-07-16T06:52:51.539+0000] {dagbag.py:545} INFO - Filling up the DagBag from /opt/airflow/dags/slack.py
[2024-07-16T06:52:51.564+0000] {processor.py:840} INFO - DAG(s) 'slack_dag' retrieved from /opt/airflow/dags/slack.py
[2024-07-16T06:52:51.572+0000] {logging_mixin.py:188} INFO - [2024-07-16T06:52:51.572+0000] {dag.py:3096} INFO - Sync 1 DAGs
[2024-07-16T06:52:51.582+0000] {logging_mixin.py:188} INFO - [2024-07-16T06:52:51.582+0000] {dag.py:3954} INFO - Setting next_dagrun for slack_dag to None, run_after=None
[2024-07-16T06:52:51.596+0000] {processor.py:183} INFO - Processing /opt/airflow/dags/slack.py took 0.067 seconds
[2024-07-16T06:53:21.664+0000] {processor.py:161} INFO - Started process (PID=2076) to work on /opt/airflow/dags/slack.py
[2024-07-16T06:53:21.665+0000] {processor.py:830} INFO - Processing file /opt/airflow/dags/slack.py for tasks to queue
[2024-07-16T06:53:21.666+0000] {logging_mixin.py:188} INFO - [2024-07-16T06:53:21.666+0000] {dagbag.py:545} INFO - Filling up the DagBag from /opt/airflow/dags/slack.py
[2024-07-16T06:53:21.687+0000] {processor.py:840} INFO - DAG(s) 'slack_dag' retrieved from /opt/airflow/dags/slack.py
[2024-07-16T06:53:21.693+0000] {logging_mixin.py:188} INFO - [2024-07-16T06:53:21.693+0000] {dag.py:3096} INFO - Sync 1 DAGs
[2024-07-16T06:53:21.703+0000] {logging_mixin.py:188} INFO - [2024-07-16T06:53:21.703+0000] {dag.py:3954} INFO - Setting next_dagrun for slack_dag to None, run_after=None
[2024-07-16T06:53:21.717+0000] {processor.py:183} INFO - Processing /opt/airflow/dags/slack.py took 0.056 seconds
[2024-07-16T06:53:52.013+0000] {processor.py:161} INFO - Started process (PID=2140) to work on /opt/airflow/dags/slack.py
[2024-07-16T06:53:52.014+0000] {processor.py:830} INFO - Processing file /opt/airflow/dags/slack.py for tasks to queue
[2024-07-16T06:53:52.015+0000] {logging_mixin.py:188} INFO - [2024-07-16T06:53:52.015+0000] {dagbag.py:545} INFO - Filling up the DagBag from /opt/airflow/dags/slack.py
[2024-07-16T06:53:52.036+0000] {processor.py:840} INFO - DAG(s) 'slack_dag' retrieved from /opt/airflow/dags/slack.py
[2024-07-16T06:53:52.042+0000] {logging_mixin.py:188} INFO - [2024-07-16T06:53:52.042+0000] {dag.py:3096} INFO - Sync 1 DAGs
[2024-07-16T06:53:52.051+0000] {logging_mixin.py:188} INFO - [2024-07-16T06:53:52.051+0000] {dag.py:3954} INFO - Setting next_dagrun for slack_dag to None, run_after=None
[2024-07-16T06:53:52.063+0000] {processor.py:183} INFO - Processing /opt/airflow/dags/slack.py took 0.054 seconds
[2024-07-16T06:54:22.177+0000] {processor.py:161} INFO - Started process (PID=2204) to work on /opt/airflow/dags/slack.py
[2024-07-16T06:54:22.178+0000] {processor.py:830} INFO - Processing file /opt/airflow/dags/slack.py for tasks to queue
[2024-07-16T06:54:22.179+0000] {logging_mixin.py:188} INFO - [2024-07-16T06:54:22.179+0000] {dagbag.py:545} INFO - Filling up the DagBag from /opt/airflow/dags/slack.py
[2024-07-16T06:54:22.202+0000] {processor.py:840} INFO - DAG(s) 'slack_dag' retrieved from /opt/airflow/dags/slack.py
[2024-07-16T06:54:22.210+0000] {logging_mixin.py:188} INFO - [2024-07-16T06:54:22.209+0000] {dag.py:3096} INFO - Sync 1 DAGs
[2024-07-16T06:54:22.219+0000] {logging_mixin.py:188} INFO - [2024-07-16T06:54:22.219+0000] {dag.py:3954} INFO - Setting next_dagrun for slack_dag to None, run_after=None
[2024-07-16T06:54:22.231+0000] {processor.py:183} INFO - Processing /opt/airflow/dags/slack.py took 0.059 seconds
[2024-07-16T06:54:52.274+0000] {processor.py:161} INFO - Started process (PID=2266) to work on /opt/airflow/dags/slack.py
[2024-07-16T06:54:52.275+0000] {processor.py:830} INFO - Processing file /opt/airflow/dags/slack.py for tasks to queue
[2024-07-16T06:54:52.277+0000] {logging_mixin.py:188} INFO - [2024-07-16T06:54:52.277+0000] {dagbag.py:545} INFO - Filling up the DagBag from /opt/airflow/dags/slack.py
[2024-07-16T06:54:52.300+0000] {processor.py:840} INFO - DAG(s) 'slack_dag' retrieved from /opt/airflow/dags/slack.py
[2024-07-16T06:54:52.307+0000] {logging_mixin.py:188} INFO - [2024-07-16T06:54:52.307+0000] {dag.py:3096} INFO - Sync 1 DAGs
[2024-07-16T06:54:52.316+0000] {logging_mixin.py:188} INFO - [2024-07-16T06:54:52.316+0000] {dag.py:3954} INFO - Setting next_dagrun for slack_dag to None, run_after=None
[2024-07-16T06:54:52.326+0000] {processor.py:183} INFO - Processing /opt/airflow/dags/slack.py took 0.059 seconds
[2024-07-16T06:55:22.419+0000] {processor.py:161} INFO - Started process (PID=2330) to work on /opt/airflow/dags/slack.py
[2024-07-16T06:55:22.421+0000] {processor.py:830} INFO - Processing file /opt/airflow/dags/slack.py for tasks to queue
[2024-07-16T06:55:22.423+0000] {logging_mixin.py:188} INFO - [2024-07-16T06:55:22.423+0000] {dagbag.py:545} INFO - Filling up the DagBag from /opt/airflow/dags/slack.py
[2024-07-16T06:55:22.449+0000] {processor.py:840} INFO - DAG(s) 'slack_dag' retrieved from /opt/airflow/dags/slack.py
[2024-07-16T06:55:22.456+0000] {logging_mixin.py:188} INFO - [2024-07-16T06:55:22.456+0000] {dag.py:3096} INFO - Sync 1 DAGs
[2024-07-16T06:55:22.465+0000] {logging_mixin.py:188} INFO - [2024-07-16T06:55:22.465+0000] {dag.py:3954} INFO - Setting next_dagrun for slack_dag to None, run_after=None
[2024-07-16T06:55:22.477+0000] {processor.py:183} INFO - Processing /opt/airflow/dags/slack.py took 0.065 seconds
[2024-07-16T06:55:52.719+0000] {processor.py:161} INFO - Started process (PID=2395) to work on /opt/airflow/dags/slack.py
[2024-07-16T06:55:52.720+0000] {processor.py:830} INFO - Processing file /opt/airflow/dags/slack.py for tasks to queue
[2024-07-16T06:55:52.721+0000] {logging_mixin.py:188} INFO - [2024-07-16T06:55:52.721+0000] {dagbag.py:545} INFO - Filling up the DagBag from /opt/airflow/dags/slack.py
[2024-07-16T06:55:52.743+0000] {processor.py:840} INFO - DAG(s) 'slack_dag' retrieved from /opt/airflow/dags/slack.py
[2024-07-16T06:55:52.750+0000] {logging_mixin.py:188} INFO - [2024-07-16T06:55:52.749+0000] {dag.py:3096} INFO - Sync 1 DAGs
[2024-07-16T06:55:52.763+0000] {logging_mixin.py:188} INFO - [2024-07-16T06:55:52.763+0000] {dag.py:3954} INFO - Setting next_dagrun for slack_dag to None, run_after=None
[2024-07-16T06:55:52.775+0000] {processor.py:183} INFO - Processing /opt/airflow/dags/slack.py took 0.058 seconds
