[2024-07-16T06:24:05.701+0000] {processor.py:161} INFO - Started process (PID=29) to work on /opt/airflow/dags/sql.py
[2024-07-16T06:24:05.702+0000] {processor.py:830} INFO - Processing file /opt/airflow/dags/sql.py for tasks to queue
[2024-07-16T06:24:05.704+0000] {logging_mixin.py:188} INFO - [2024-07-16T06:24:05.703+0000] {dagbag.py:545} INFO - Filling up the DagBag from /opt/airflow/dags/sql.py
[2024-07-16T06:24:05.726+0000] {processor.py:840} INFO - DAG(s) 'sql_dag' retrieved from /opt/airflow/dags/sql.py
[2024-07-16T06:24:05.837+0000] {logging_mixin.py:188} INFO - [2024-07-16T06:24:05.837+0000] {dag.py:3096} INFO - Sync 1 DAGs
[2024-07-16T06:24:05.846+0000] {logging_mixin.py:188} INFO - [2024-07-16T06:24:05.846+0000] {dag.py:3954} INFO - Setting next_dagrun for sql_dag to None, run_after=None
[2024-07-16T06:24:05.861+0000] {processor.py:183} INFO - Processing /opt/airflow/dags/sql.py took 0.165 seconds
[2024-07-16T06:24:36.815+0000] {processor.py:161} INFO - Started process (PID=93) to work on /opt/airflow/dags/sql.py
[2024-07-16T06:24:36.816+0000] {processor.py:830} INFO - Processing file /opt/airflow/dags/sql.py for tasks to queue
[2024-07-16T06:24:36.818+0000] {logging_mixin.py:188} INFO - [2024-07-16T06:24:36.818+0000] {dagbag.py:545} INFO - Filling up the DagBag from /opt/airflow/dags/sql.py
[2024-07-16T06:24:36.827+0000] {processor.py:840} INFO - DAG(s) 'sql_dag' retrieved from /opt/airflow/dags/sql.py
[2024-07-16T06:24:36.879+0000] {logging_mixin.py:188} INFO - [2024-07-16T06:24:36.879+0000] {dag.py:3096} INFO - Sync 1 DAGs
[2024-07-16T06:24:36.884+0000] {logging_mixin.py:188} INFO - [2024-07-16T06:24:36.884+0000] {dag.py:3954} INFO - Setting next_dagrun for sql_dag to None, run_after=None
[2024-07-16T06:24:36.894+0000] {processor.py:183} INFO - Processing /opt/airflow/dags/sql.py took 0.084 seconds
[2024-07-16T06:29:29.214+0000] {processor.py:161} INFO - Started process (PID=30) to work on /opt/airflow/dags/sql.py
[2024-07-16T06:29:29.215+0000] {processor.py:830} INFO - Processing file /opt/airflow/dags/sql.py for tasks to queue
[2024-07-16T06:29:29.216+0000] {logging_mixin.py:188} INFO - [2024-07-16T06:29:29.216+0000] {dagbag.py:545} INFO - Filling up the DagBag from /opt/airflow/dags/sql.py
[2024-07-16T06:29:29.227+0000] {processor.py:840} INFO - DAG(s) 'sql_dag' retrieved from /opt/airflow/dags/sql.py
[2024-07-16T06:29:29.395+0000] {logging_mixin.py:188} INFO - [2024-07-16T06:29:29.395+0000] {dag.py:3096} INFO - Sync 1 DAGs
[2024-07-16T06:29:29.440+0000] {logging_mixin.py:188} INFO - [2024-07-16T06:29:29.440+0000] {dag.py:3954} INFO - Setting next_dagrun for sql_dag to None, run_after=None
[2024-07-16T06:29:29.456+0000] {processor.py:183} INFO - Processing /opt/airflow/dags/sql.py took 0.245 seconds
[2024-07-16T06:30:00.124+0000] {processor.py:161} INFO - Started process (PID=94) to work on /opt/airflow/dags/sql.py
[2024-07-16T06:30:00.126+0000] {processor.py:830} INFO - Processing file /opt/airflow/dags/sql.py for tasks to queue
[2024-07-16T06:30:00.129+0000] {logging_mixin.py:188} INFO - [2024-07-16T06:30:00.128+0000] {dagbag.py:545} INFO - Filling up the DagBag from /opt/airflow/dags/sql.py
[2024-07-16T06:30:00.141+0000] {processor.py:840} INFO - DAG(s) 'sql_dag' retrieved from /opt/airflow/dags/sql.py
[2024-07-16T06:30:00.207+0000] {logging_mixin.py:188} INFO - [2024-07-16T06:30:00.206+0000] {dag.py:3096} INFO - Sync 1 DAGs
[2024-07-16T06:30:00.213+0000] {logging_mixin.py:188} INFO - [2024-07-16T06:30:00.213+0000] {dag.py:3954} INFO - Setting next_dagrun for sql_dag to None, run_after=None
[2024-07-16T06:30:00.224+0000] {processor.py:183} INFO - Processing /opt/airflow/dags/sql.py took 0.109 seconds
[2024-07-16T06:30:30.378+0000] {processor.py:161} INFO - Started process (PID=158) to work on /opt/airflow/dags/sql.py
[2024-07-16T06:30:30.379+0000] {processor.py:830} INFO - Processing file /opt/airflow/dags/sql.py for tasks to queue
[2024-07-16T06:30:30.382+0000] {logging_mixin.py:188} INFO - [2024-07-16T06:30:30.381+0000] {dagbag.py:545} INFO - Filling up the DagBag from /opt/airflow/dags/sql.py
[2024-07-16T06:30:30.394+0000] {processor.py:840} INFO - DAG(s) 'sql_dag' retrieved from /opt/airflow/dags/sql.py
[2024-07-16T06:30:30.453+0000] {logging_mixin.py:188} INFO - [2024-07-16T06:30:30.453+0000] {dag.py:3096} INFO - Sync 1 DAGs
[2024-07-16T06:30:30.460+0000] {logging_mixin.py:188} INFO - [2024-07-16T06:30:30.460+0000] {dag.py:3954} INFO - Setting next_dagrun for sql_dag to None, run_after=None
[2024-07-16T06:30:30.470+0000] {processor.py:183} INFO - Processing /opt/airflow/dags/sql.py took 0.099 seconds
[2024-07-16T06:31:00.604+0000] {processor.py:161} INFO - Started process (PID=221) to work on /opt/airflow/dags/sql.py
[2024-07-16T06:31:00.605+0000] {processor.py:830} INFO - Processing file /opt/airflow/dags/sql.py for tasks to queue
[2024-07-16T06:31:00.607+0000] {logging_mixin.py:188} INFO - [2024-07-16T06:31:00.607+0000] {dagbag.py:545} INFO - Filling up the DagBag from /opt/airflow/dags/sql.py
[2024-07-16T06:31:00.617+0000] {processor.py:840} INFO - DAG(s) 'sql_dag' retrieved from /opt/airflow/dags/sql.py
[2024-07-16T06:31:00.683+0000] {logging_mixin.py:188} INFO - [2024-07-16T06:31:00.683+0000] {dag.py:3096} INFO - Sync 1 DAGs
[2024-07-16T06:31:00.692+0000] {logging_mixin.py:188} INFO - [2024-07-16T06:31:00.692+0000] {dag.py:3954} INFO - Setting next_dagrun for sql_dag to None, run_after=None
[2024-07-16T06:31:00.704+0000] {processor.py:183} INFO - Processing /opt/airflow/dags/sql.py took 0.103 seconds
[2024-07-16T06:31:30.828+0000] {processor.py:161} INFO - Started process (PID=285) to work on /opt/airflow/dags/sql.py
[2024-07-16T06:31:30.829+0000] {processor.py:830} INFO - Processing file /opt/airflow/dags/sql.py for tasks to queue
[2024-07-16T06:31:30.831+0000] {logging_mixin.py:188} INFO - [2024-07-16T06:31:30.831+0000] {dagbag.py:545} INFO - Filling up the DagBag from /opt/airflow/dags/sql.py
[2024-07-16T06:31:30.842+0000] {processor.py:840} INFO - DAG(s) 'sql_dag' retrieved from /opt/airflow/dags/sql.py
[2024-07-16T06:31:30.901+0000] {logging_mixin.py:188} INFO - [2024-07-16T06:31:30.901+0000] {dag.py:3096} INFO - Sync 1 DAGs
[2024-07-16T06:31:30.907+0000] {logging_mixin.py:188} INFO - [2024-07-16T06:31:30.907+0000] {dag.py:3954} INFO - Setting next_dagrun for sql_dag to None, run_after=None
[2024-07-16T06:31:30.918+0000] {processor.py:183} INFO - Processing /opt/airflow/dags/sql.py took 0.096 seconds
[2024-07-16T06:32:00.968+0000] {processor.py:161} INFO - Started process (PID=348) to work on /opt/airflow/dags/sql.py
[2024-07-16T06:32:00.969+0000] {processor.py:830} INFO - Processing file /opt/airflow/dags/sql.py for tasks to queue
[2024-07-16T06:32:00.971+0000] {logging_mixin.py:188} INFO - [2024-07-16T06:32:00.971+0000] {dagbag.py:545} INFO - Filling up the DagBag from /opt/airflow/dags/sql.py
[2024-07-16T06:32:00.979+0000] {processor.py:840} INFO - DAG(s) 'sql_dag' retrieved from /opt/airflow/dags/sql.py
[2024-07-16T06:32:01.038+0000] {logging_mixin.py:188} INFO - [2024-07-16T06:32:01.038+0000] {dag.py:3096} INFO - Sync 1 DAGs
[2024-07-16T06:32:01.046+0000] {logging_mixin.py:188} INFO - [2024-07-16T06:32:01.046+0000] {dag.py:3954} INFO - Setting next_dagrun for sql_dag to None, run_after=None
[2024-07-16T06:32:01.056+0000] {processor.py:183} INFO - Processing /opt/airflow/dags/sql.py took 0.094 seconds
[2024-07-16T06:32:31.115+0000] {processor.py:161} INFO - Started process (PID=413) to work on /opt/airflow/dags/sql.py
[2024-07-16T06:32:31.116+0000] {processor.py:830} INFO - Processing file /opt/airflow/dags/sql.py for tasks to queue
[2024-07-16T06:32:31.117+0000] {logging_mixin.py:188} INFO - [2024-07-16T06:32:31.116+0000] {dagbag.py:545} INFO - Filling up the DagBag from /opt/airflow/dags/sql.py
[2024-07-16T06:32:31.123+0000] {processor.py:840} INFO - DAG(s) 'sql_dag' retrieved from /opt/airflow/dags/sql.py
[2024-07-16T06:32:31.177+0000] {logging_mixin.py:188} INFO - [2024-07-16T06:32:31.177+0000] {dag.py:3096} INFO - Sync 1 DAGs
[2024-07-16T06:32:31.184+0000] {logging_mixin.py:188} INFO - [2024-07-16T06:32:31.183+0000] {dag.py:3954} INFO - Setting next_dagrun for sql_dag to None, run_after=None
[2024-07-16T06:32:31.194+0000] {processor.py:183} INFO - Processing /opt/airflow/dags/sql.py took 0.082 seconds
[2024-07-16T06:33:01.271+0000] {processor.py:161} INFO - Started process (PID=478) to work on /opt/airflow/dags/sql.py
[2024-07-16T06:33:01.272+0000] {processor.py:830} INFO - Processing file /opt/airflow/dags/sql.py for tasks to queue
[2024-07-16T06:33:01.273+0000] {logging_mixin.py:188} INFO - [2024-07-16T06:33:01.273+0000] {dagbag.py:545} INFO - Filling up the DagBag from /opt/airflow/dags/sql.py
[2024-07-16T06:33:01.279+0000] {processor.py:840} INFO - DAG(s) 'sql_dag' retrieved from /opt/airflow/dags/sql.py
[2024-07-16T06:33:01.341+0000] {logging_mixin.py:188} INFO - [2024-07-16T06:33:01.340+0000] {dag.py:3096} INFO - Sync 1 DAGs
[2024-07-16T06:33:01.347+0000] {logging_mixin.py:188} INFO - [2024-07-16T06:33:01.347+0000] {dag.py:3954} INFO - Setting next_dagrun for sql_dag to None, run_after=None
[2024-07-16T06:33:01.358+0000] {processor.py:183} INFO - Processing /opt/airflow/dags/sql.py took 0.090 seconds
[2024-07-16T06:33:31.381+0000] {processor.py:161} INFO - Started process (PID=540) to work on /opt/airflow/dags/sql.py
[2024-07-16T06:33:31.382+0000] {processor.py:830} INFO - Processing file /opt/airflow/dags/sql.py for tasks to queue
[2024-07-16T06:33:31.383+0000] {logging_mixin.py:188} INFO - [2024-07-16T06:33:31.383+0000] {dagbag.py:545} INFO - Filling up the DagBag from /opt/airflow/dags/sql.py
[2024-07-16T06:33:31.391+0000] {processor.py:840} INFO - DAG(s) 'sql_dag' retrieved from /opt/airflow/dags/sql.py
[2024-07-16T06:33:31.449+0000] {logging_mixin.py:188} INFO - [2024-07-16T06:33:31.449+0000] {dag.py:3096} INFO - Sync 1 DAGs
[2024-07-16T06:33:31.457+0000] {logging_mixin.py:188} INFO - [2024-07-16T06:33:31.457+0000] {dag.py:3954} INFO - Setting next_dagrun for sql_dag to None, run_after=None
[2024-07-16T06:33:31.468+0000] {processor.py:183} INFO - Processing /opt/airflow/dags/sql.py took 0.090 seconds
[2024-07-16T06:34:01.520+0000] {processor.py:161} INFO - Started process (PID=603) to work on /opt/airflow/dags/sql.py
[2024-07-16T06:34:01.521+0000] {processor.py:830} INFO - Processing file /opt/airflow/dags/sql.py for tasks to queue
[2024-07-16T06:34:01.522+0000] {logging_mixin.py:188} INFO - [2024-07-16T06:34:01.522+0000] {dagbag.py:545} INFO - Filling up the DagBag from /opt/airflow/dags/sql.py
[2024-07-16T06:34:01.532+0000] {processor.py:840} INFO - DAG(s) 'sql_dag' retrieved from /opt/airflow/dags/sql.py
[2024-07-16T06:34:01.605+0000] {logging_mixin.py:188} INFO - [2024-07-16T06:34:01.605+0000] {dag.py:3096} INFO - Sync 1 DAGs
[2024-07-16T06:34:01.612+0000] {logging_mixin.py:188} INFO - [2024-07-16T06:34:01.612+0000] {dag.py:3954} INFO - Setting next_dagrun for sql_dag to None, run_after=None
[2024-07-16T06:34:01.623+0000] {processor.py:183} INFO - Processing /opt/airflow/dags/sql.py took 0.106 seconds
[2024-07-16T06:34:31.793+0000] {processor.py:161} INFO - Started process (PID=666) to work on /opt/airflow/dags/sql.py
[2024-07-16T06:34:31.794+0000] {processor.py:830} INFO - Processing file /opt/airflow/dags/sql.py for tasks to queue
[2024-07-16T06:34:31.796+0000] {logging_mixin.py:188} INFO - [2024-07-16T06:34:31.795+0000] {dagbag.py:545} INFO - Filling up the DagBag from /opt/airflow/dags/sql.py
[2024-07-16T06:34:31.805+0000] {processor.py:840} INFO - DAG(s) 'sql_dag' retrieved from /opt/airflow/dags/sql.py
[2024-07-16T06:34:31.864+0000] {logging_mixin.py:188} INFO - [2024-07-16T06:34:31.864+0000] {dag.py:3096} INFO - Sync 1 DAGs
[2024-07-16T06:34:31.870+0000] {logging_mixin.py:188} INFO - [2024-07-16T06:34:31.870+0000] {dag.py:3954} INFO - Setting next_dagrun for sql_dag to None, run_after=None
[2024-07-16T06:34:31.881+0000] {processor.py:183} INFO - Processing /opt/airflow/dags/sql.py took 0.094 seconds
[2024-07-16T06:35:01.966+0000] {processor.py:161} INFO - Started process (PID=730) to work on /opt/airflow/dags/sql.py
[2024-07-16T06:35:01.967+0000] {processor.py:830} INFO - Processing file /opt/airflow/dags/sql.py for tasks to queue
[2024-07-16T06:35:01.970+0000] {logging_mixin.py:188} INFO - [2024-07-16T06:35:01.970+0000] {dagbag.py:545} INFO - Filling up the DagBag from /opt/airflow/dags/sql.py
[2024-07-16T06:35:01.979+0000] {processor.py:840} INFO - DAG(s) 'sql_dag' retrieved from /opt/airflow/dags/sql.py
[2024-07-16T06:35:02.044+0000] {logging_mixin.py:188} INFO - [2024-07-16T06:35:02.044+0000] {dag.py:3096} INFO - Sync 1 DAGs
[2024-07-16T06:35:02.050+0000] {logging_mixin.py:188} INFO - [2024-07-16T06:35:02.050+0000] {dag.py:3954} INFO - Setting next_dagrun for sql_dag to None, run_after=None
[2024-07-16T06:35:02.060+0000] {processor.py:183} INFO - Processing /opt/airflow/dags/sql.py took 0.101 seconds
[2024-07-16T06:35:32.423+0000] {processor.py:161} INFO - Started process (PID=794) to work on /opt/airflow/dags/sql.py
[2024-07-16T06:35:32.424+0000] {processor.py:830} INFO - Processing file /opt/airflow/dags/sql.py for tasks to queue
[2024-07-16T06:35:32.425+0000] {logging_mixin.py:188} INFO - [2024-07-16T06:35:32.425+0000] {dagbag.py:545} INFO - Filling up the DagBag from /opt/airflow/dags/sql.py
[2024-07-16T06:35:32.435+0000] {processor.py:840} INFO - DAG(s) 'sql_dag' retrieved from /opt/airflow/dags/sql.py
[2024-07-16T06:35:32.497+0000] {logging_mixin.py:188} INFO - [2024-07-16T06:35:32.497+0000] {dag.py:3096} INFO - Sync 1 DAGs
[2024-07-16T06:35:32.504+0000] {logging_mixin.py:188} INFO - [2024-07-16T06:35:32.504+0000] {dag.py:3954} INFO - Setting next_dagrun for sql_dag to None, run_after=None
[2024-07-16T06:35:32.515+0000] {processor.py:183} INFO - Processing /opt/airflow/dags/sql.py took 0.100 seconds
[2024-07-16T06:36:02.569+0000] {processor.py:161} INFO - Started process (PID=858) to work on /opt/airflow/dags/sql.py
[2024-07-16T06:36:02.570+0000] {processor.py:830} INFO - Processing file /opt/airflow/dags/sql.py for tasks to queue
[2024-07-16T06:36:02.572+0000] {logging_mixin.py:188} INFO - [2024-07-16T06:36:02.572+0000] {dagbag.py:545} INFO - Filling up the DagBag from /opt/airflow/dags/sql.py
[2024-07-16T06:36:02.582+0000] {processor.py:840} INFO - DAG(s) 'sql_dag' retrieved from /opt/airflow/dags/sql.py
[2024-07-16T06:36:02.639+0000] {logging_mixin.py:188} INFO - [2024-07-16T06:36:02.639+0000] {dag.py:3096} INFO - Sync 1 DAGs
[2024-07-16T06:36:02.646+0000] {logging_mixin.py:188} INFO - [2024-07-16T06:36:02.646+0000] {dag.py:3954} INFO - Setting next_dagrun for sql_dag to None, run_after=None
[2024-07-16T06:36:02.657+0000] {processor.py:183} INFO - Processing /opt/airflow/dags/sql.py took 0.094 seconds
[2024-07-16T06:37:11.858+0000] {processor.py:161} INFO - Started process (PID=31) to work on /opt/airflow/dags/sql.py
[2024-07-16T06:37:11.859+0000] {processor.py:830} INFO - Processing file /opt/airflow/dags/sql.py for tasks to queue
[2024-07-16T06:37:11.860+0000] {logging_mixin.py:188} INFO - [2024-07-16T06:37:11.860+0000] {dagbag.py:545} INFO - Filling up the DagBag from /opt/airflow/dags/sql.py
[2024-07-16T06:37:11.876+0000] {processor.py:840} INFO - DAG(s) 'sql_dag' retrieved from /opt/airflow/dags/sql.py
[2024-07-16T06:37:12.030+0000] {logging_mixin.py:188} INFO - [2024-07-16T06:37:12.030+0000] {dag.py:3096} INFO - Sync 1 DAGs
[2024-07-16T06:37:12.047+0000] {logging_mixin.py:188} INFO - [2024-07-16T06:37:12.047+0000] {dag.py:3954} INFO - Setting next_dagrun for sql_dag to None, run_after=None
[2024-07-16T06:37:12.070+0000] {processor.py:183} INFO - Processing /opt/airflow/dags/sql.py took 0.216 seconds
[2024-07-16T06:37:42.700+0000] {processor.py:161} INFO - Started process (PID=94) to work on /opt/airflow/dags/sql.py
[2024-07-16T06:37:42.701+0000] {processor.py:830} INFO - Processing file /opt/airflow/dags/sql.py for tasks to queue
[2024-07-16T06:37:42.703+0000] {logging_mixin.py:188} INFO - [2024-07-16T06:37:42.703+0000] {dagbag.py:545} INFO - Filling up the DagBag from /opt/airflow/dags/sql.py
[2024-07-16T06:37:42.713+0000] {processor.py:840} INFO - DAG(s) 'sql_dag' retrieved from /opt/airflow/dags/sql.py
[2024-07-16T06:37:42.777+0000] {logging_mixin.py:188} INFO - [2024-07-16T06:37:42.777+0000] {dag.py:3096} INFO - Sync 1 DAGs
[2024-07-16T06:37:42.784+0000] {logging_mixin.py:188} INFO - [2024-07-16T06:37:42.784+0000] {dag.py:3954} INFO - Setting next_dagrun for sql_dag to None, run_after=None
[2024-07-16T06:37:42.794+0000] {processor.py:183} INFO - Processing /opt/airflow/dags/sql.py took 0.102 seconds
[2024-07-16T06:38:13.586+0000] {processor.py:161} INFO - Started process (PID=158) to work on /opt/airflow/dags/sql.py
[2024-07-16T06:38:13.587+0000] {processor.py:830} INFO - Processing file /opt/airflow/dags/sql.py for tasks to queue
[2024-07-16T06:38:13.590+0000] {logging_mixin.py:188} INFO - [2024-07-16T06:38:13.590+0000] {dagbag.py:545} INFO - Filling up the DagBag from /opt/airflow/dags/sql.py
[2024-07-16T06:38:13.603+0000] {processor.py:840} INFO - DAG(s) 'sql_dag' retrieved from /opt/airflow/dags/sql.py
[2024-07-16T06:38:13.665+0000] {logging_mixin.py:188} INFO - [2024-07-16T06:38:13.665+0000] {dag.py:3096} INFO - Sync 1 DAGs
[2024-07-16T06:38:13.671+0000] {logging_mixin.py:188} INFO - [2024-07-16T06:38:13.671+0000] {dag.py:3954} INFO - Setting next_dagrun for sql_dag to None, run_after=None
[2024-07-16T06:38:13.681+0000] {processor.py:183} INFO - Processing /opt/airflow/dags/sql.py took 0.102 seconds
[2024-07-16T06:38:43.884+0000] {processor.py:161} INFO - Started process (PID=221) to work on /opt/airflow/dags/sql.py
[2024-07-16T06:38:43.885+0000] {processor.py:830} INFO - Processing file /opt/airflow/dags/sql.py for tasks to queue
[2024-07-16T06:38:43.888+0000] {logging_mixin.py:188} INFO - [2024-07-16T06:38:43.887+0000] {dagbag.py:545} INFO - Filling up the DagBag from /opt/airflow/dags/sql.py
[2024-07-16T06:38:43.898+0000] {processor.py:840} INFO - DAG(s) 'sql_dag' retrieved from /opt/airflow/dags/sql.py
[2024-07-16T06:38:43.956+0000] {logging_mixin.py:188} INFO - [2024-07-16T06:38:43.956+0000] {dag.py:3096} INFO - Sync 1 DAGs
[2024-07-16T06:38:43.964+0000] {logging_mixin.py:188} INFO - [2024-07-16T06:38:43.964+0000] {dag.py:3954} INFO - Setting next_dagrun for sql_dag to None, run_after=None
[2024-07-16T06:38:43.974+0000] {processor.py:183} INFO - Processing /opt/airflow/dags/sql.py took 0.097 seconds
[2024-07-16T06:39:14.098+0000] {processor.py:161} INFO - Started process (PID=285) to work on /opt/airflow/dags/sql.py
[2024-07-16T06:39:14.099+0000] {processor.py:830} INFO - Processing file /opt/airflow/dags/sql.py for tasks to queue
[2024-07-16T06:39:14.102+0000] {logging_mixin.py:188} INFO - [2024-07-16T06:39:14.101+0000] {dagbag.py:545} INFO - Filling up the DagBag from /opt/airflow/dags/sql.py
[2024-07-16T06:39:14.113+0000] {processor.py:840} INFO - DAG(s) 'sql_dag' retrieved from /opt/airflow/dags/sql.py
[2024-07-16T06:39:14.171+0000] {logging_mixin.py:188} INFO - [2024-07-16T06:39:14.171+0000] {dag.py:3096} INFO - Sync 1 DAGs
[2024-07-16T06:39:14.178+0000] {logging_mixin.py:188} INFO - [2024-07-16T06:39:14.178+0000] {dag.py:3954} INFO - Setting next_dagrun for sql_dag to None, run_after=None
[2024-07-16T06:39:14.188+0000] {processor.py:183} INFO - Processing /opt/airflow/dags/sql.py took 0.097 seconds
[2024-07-16T06:39:44.251+0000] {processor.py:161} INFO - Started process (PID=349) to work on /opt/airflow/dags/sql.py
[2024-07-16T06:39:44.253+0000] {processor.py:830} INFO - Processing file /opt/airflow/dags/sql.py for tasks to queue
[2024-07-16T06:39:44.255+0000] {logging_mixin.py:188} INFO - [2024-07-16T06:39:44.254+0000] {dagbag.py:545} INFO - Filling up the DagBag from /opt/airflow/dags/sql.py
[2024-07-16T06:39:44.265+0000] {processor.py:840} INFO - DAG(s) 'sql_dag' retrieved from /opt/airflow/dags/sql.py
[2024-07-16T06:39:44.324+0000] {logging_mixin.py:188} INFO - [2024-07-16T06:39:44.324+0000] {dag.py:3096} INFO - Sync 1 DAGs
[2024-07-16T06:39:44.331+0000] {logging_mixin.py:188} INFO - [2024-07-16T06:39:44.331+0000] {dag.py:3954} INFO - Setting next_dagrun for sql_dag to None, run_after=None
[2024-07-16T06:39:44.341+0000] {processor.py:183} INFO - Processing /opt/airflow/dags/sql.py took 0.096 seconds
[2024-07-16T06:40:14.592+0000] {processor.py:161} INFO - Started process (PID=413) to work on /opt/airflow/dags/sql.py
[2024-07-16T06:40:14.594+0000] {processor.py:830} INFO - Processing file /opt/airflow/dags/sql.py for tasks to queue
[2024-07-16T06:40:14.596+0000] {logging_mixin.py:188} INFO - [2024-07-16T06:40:14.596+0000] {dagbag.py:545} INFO - Filling up the DagBag from /opt/airflow/dags/sql.py
[2024-07-16T06:40:14.605+0000] {processor.py:840} INFO - DAG(s) 'sql_dag' retrieved from /opt/airflow/dags/sql.py
[2024-07-16T06:40:14.666+0000] {logging_mixin.py:188} INFO - [2024-07-16T06:40:14.666+0000] {dag.py:3096} INFO - Sync 1 DAGs
[2024-07-16T06:40:14.672+0000] {logging_mixin.py:188} INFO - [2024-07-16T06:40:14.672+0000] {dag.py:3954} INFO - Setting next_dagrun for sql_dag to None, run_after=None
[2024-07-16T06:40:14.683+0000] {processor.py:183} INFO - Processing /opt/airflow/dags/sql.py took 0.097 seconds
[2024-07-16T06:40:44.752+0000] {processor.py:161} INFO - Started process (PID=477) to work on /opt/airflow/dags/sql.py
[2024-07-16T06:40:44.754+0000] {processor.py:830} INFO - Processing file /opt/airflow/dags/sql.py for tasks to queue
[2024-07-16T06:40:44.756+0000] {logging_mixin.py:188} INFO - [2024-07-16T06:40:44.756+0000] {dagbag.py:545} INFO - Filling up the DagBag from /opt/airflow/dags/sql.py
[2024-07-16T06:40:44.768+0000] {processor.py:840} INFO - DAG(s) 'sql_dag' retrieved from /opt/airflow/dags/sql.py
[2024-07-16T06:40:44.826+0000] {logging_mixin.py:188} INFO - [2024-07-16T06:40:44.826+0000] {dag.py:3096} INFO - Sync 1 DAGs
[2024-07-16T06:40:44.833+0000] {logging_mixin.py:188} INFO - [2024-07-16T06:40:44.832+0000] {dag.py:3954} INFO - Setting next_dagrun for sql_dag to None, run_after=None
[2024-07-16T06:40:44.843+0000] {processor.py:183} INFO - Processing /opt/airflow/dags/sql.py took 0.097 seconds
[2024-07-16T06:41:14.904+0000] {processor.py:161} INFO - Started process (PID=542) to work on /opt/airflow/dags/sql.py
[2024-07-16T06:41:14.904+0000] {processor.py:830} INFO - Processing file /opt/airflow/dags/sql.py for tasks to queue
[2024-07-16T06:41:14.905+0000] {logging_mixin.py:188} INFO - [2024-07-16T06:41:14.905+0000] {dagbag.py:545} INFO - Filling up the DagBag from /opt/airflow/dags/sql.py
[2024-07-16T06:41:14.911+0000] {processor.py:840} INFO - DAG(s) 'sql_dag' retrieved from /opt/airflow/dags/sql.py
[2024-07-16T06:41:14.966+0000] {logging_mixin.py:188} INFO - [2024-07-16T06:41:14.966+0000] {dag.py:3096} INFO - Sync 1 DAGs
[2024-07-16T06:41:14.972+0000] {logging_mixin.py:188} INFO - [2024-07-16T06:41:14.972+0000] {dag.py:3954} INFO - Setting next_dagrun for sql_dag to None, run_after=None
[2024-07-16T06:41:14.983+0000] {processor.py:183} INFO - Processing /opt/airflow/dags/sql.py took 0.082 seconds
[2024-07-16T06:41:45.102+0000] {processor.py:161} INFO - Started process (PID=605) to work on /opt/airflow/dags/sql.py
[2024-07-16T06:41:45.102+0000] {processor.py:830} INFO - Processing file /opt/airflow/dags/sql.py for tasks to queue
[2024-07-16T06:41:45.103+0000] {logging_mixin.py:188} INFO - [2024-07-16T06:41:45.103+0000] {dagbag.py:545} INFO - Filling up the DagBag from /opt/airflow/dags/sql.py
[2024-07-16T06:41:45.110+0000] {processor.py:840} INFO - DAG(s) 'sql_dag' retrieved from /opt/airflow/dags/sql.py
[2024-07-16T06:41:45.167+0000] {logging_mixin.py:188} INFO - [2024-07-16T06:41:45.167+0000] {dag.py:3096} INFO - Sync 1 DAGs
[2024-07-16T06:41:45.176+0000] {logging_mixin.py:188} INFO - [2024-07-16T06:41:45.176+0000] {dag.py:3954} INFO - Setting next_dagrun for sql_dag to None, run_after=None
[2024-07-16T06:41:45.187+0000] {processor.py:183} INFO - Processing /opt/airflow/dags/sql.py took 0.089 seconds
[2024-07-16T06:42:15.227+0000] {processor.py:161} INFO - Started process (PID=670) to work on /opt/airflow/dags/sql.py
[2024-07-16T06:42:15.228+0000] {processor.py:830} INFO - Processing file /opt/airflow/dags/sql.py for tasks to queue
[2024-07-16T06:42:15.229+0000] {logging_mixin.py:188} INFO - [2024-07-16T06:42:15.229+0000] {dagbag.py:545} INFO - Filling up the DagBag from /opt/airflow/dags/sql.py
[2024-07-16T06:42:15.235+0000] {processor.py:840} INFO - DAG(s) 'sql_dag' retrieved from /opt/airflow/dags/sql.py
[2024-07-16T06:42:15.288+0000] {logging_mixin.py:188} INFO - [2024-07-16T06:42:15.288+0000] {dag.py:3096} INFO - Sync 1 DAGs
[2024-07-16T06:42:15.296+0000] {logging_mixin.py:188} INFO - [2024-07-16T06:42:15.296+0000] {dag.py:3954} INFO - Setting next_dagrun for sql_dag to None, run_after=None
[2024-07-16T06:42:15.313+0000] {processor.py:183} INFO - Processing /opt/airflow/dags/sql.py took 0.089 seconds
[2024-07-16T06:42:45.374+0000] {processor.py:161} INFO - Started process (PID=735) to work on /opt/airflow/dags/sql.py
[2024-07-16T06:42:45.374+0000] {processor.py:830} INFO - Processing file /opt/airflow/dags/sql.py for tasks to queue
[2024-07-16T06:42:45.375+0000] {logging_mixin.py:188} INFO - [2024-07-16T06:42:45.375+0000] {dagbag.py:545} INFO - Filling up the DagBag from /opt/airflow/dags/sql.py
[2024-07-16T06:42:45.381+0000] {processor.py:840} INFO - DAG(s) 'sql_dag' retrieved from /opt/airflow/dags/sql.py
[2024-07-16T06:42:45.431+0000] {logging_mixin.py:188} INFO - [2024-07-16T06:42:45.431+0000] {dag.py:3096} INFO - Sync 1 DAGs
[2024-07-16T06:42:45.438+0000] {logging_mixin.py:188} INFO - [2024-07-16T06:42:45.438+0000] {dag.py:3954} INFO - Setting next_dagrun for sql_dag to None, run_after=None
[2024-07-16T06:42:45.448+0000] {processor.py:183} INFO - Processing /opt/airflow/dags/sql.py took 0.077 seconds
[2024-07-16T06:43:15.592+0000] {processor.py:161} INFO - Started process (PID=797) to work on /opt/airflow/dags/sql.py
[2024-07-16T06:43:15.593+0000] {processor.py:830} INFO - Processing file /opt/airflow/dags/sql.py for tasks to queue
[2024-07-16T06:43:15.596+0000] {logging_mixin.py:188} INFO - [2024-07-16T06:43:15.595+0000] {dagbag.py:545} INFO - Filling up the DagBag from /opt/airflow/dags/sql.py
[2024-07-16T06:43:15.606+0000] {processor.py:840} INFO - DAG(s) 'sql_dag' retrieved from /opt/airflow/dags/sql.py
[2024-07-16T06:43:15.664+0000] {logging_mixin.py:188} INFO - [2024-07-16T06:43:15.664+0000] {dag.py:3096} INFO - Sync 1 DAGs
[2024-07-16T06:43:15.672+0000] {logging_mixin.py:188} INFO - [2024-07-16T06:43:15.671+0000] {dag.py:3954} INFO - Setting next_dagrun for sql_dag to None, run_after=None
[2024-07-16T06:43:15.682+0000] {processor.py:183} INFO - Processing /opt/airflow/dags/sql.py took 0.098 seconds
[2024-07-16T06:43:45.809+0000] {processor.py:161} INFO - Started process (PID=861) to work on /opt/airflow/dags/sql.py
[2024-07-16T06:43:45.810+0000] {processor.py:830} INFO - Processing file /opt/airflow/dags/sql.py for tasks to queue
[2024-07-16T06:43:45.813+0000] {logging_mixin.py:188} INFO - [2024-07-16T06:43:45.812+0000] {dagbag.py:545} INFO - Filling up the DagBag from /opt/airflow/dags/sql.py
[2024-07-16T06:43:45.825+0000] {processor.py:840} INFO - DAG(s) 'sql_dag' retrieved from /opt/airflow/dags/sql.py
[2024-07-16T06:43:45.883+0000] {logging_mixin.py:188} INFO - [2024-07-16T06:43:45.882+0000] {dag.py:3096} INFO - Sync 1 DAGs
[2024-07-16T06:43:45.889+0000] {logging_mixin.py:188} INFO - [2024-07-16T06:43:45.889+0000] {dag.py:3954} INFO - Setting next_dagrun for sql_dag to None, run_after=None
[2024-07-16T06:43:45.899+0000] {processor.py:183} INFO - Processing /opt/airflow/dags/sql.py took 0.098 seconds
[2024-07-16T06:44:15.971+0000] {processor.py:161} INFO - Started process (PID=925) to work on /opt/airflow/dags/sql.py
[2024-07-16T06:44:15.972+0000] {processor.py:830} INFO - Processing file /opt/airflow/dags/sql.py for tasks to queue
[2024-07-16T06:44:15.974+0000] {logging_mixin.py:188} INFO - [2024-07-16T06:44:15.974+0000] {dagbag.py:545} INFO - Filling up the DagBag from /opt/airflow/dags/sql.py
[2024-07-16T06:44:15.985+0000] {processor.py:840} INFO - DAG(s) 'sql_dag' retrieved from /opt/airflow/dags/sql.py
[2024-07-16T06:44:16.047+0000] {logging_mixin.py:188} INFO - [2024-07-16T06:44:16.047+0000] {dag.py:3096} INFO - Sync 1 DAGs
[2024-07-16T06:44:16.054+0000] {logging_mixin.py:188} INFO - [2024-07-16T06:44:16.054+0000] {dag.py:3954} INFO - Setting next_dagrun for sql_dag to None, run_after=None
[2024-07-16T06:44:16.064+0000] {processor.py:183} INFO - Processing /opt/airflow/dags/sql.py took 0.100 seconds
[2024-07-16T06:44:46.117+0000] {processor.py:161} INFO - Started process (PID=989) to work on /opt/airflow/dags/sql.py
[2024-07-16T06:44:46.119+0000] {processor.py:830} INFO - Processing file /opt/airflow/dags/sql.py for tasks to queue
[2024-07-16T06:44:46.121+0000] {logging_mixin.py:188} INFO - [2024-07-16T06:44:46.121+0000] {dagbag.py:545} INFO - Filling up the DagBag from /opt/airflow/dags/sql.py
[2024-07-16T06:44:46.130+0000] {processor.py:840} INFO - DAG(s) 'sql_dag' retrieved from /opt/airflow/dags/sql.py
[2024-07-16T06:44:46.188+0000] {logging_mixin.py:188} INFO - [2024-07-16T06:44:46.188+0000] {dag.py:3096} INFO - Sync 1 DAGs
[2024-07-16T06:44:46.194+0000] {logging_mixin.py:188} INFO - [2024-07-16T06:44:46.194+0000] {dag.py:3954} INFO - Setting next_dagrun for sql_dag to None, run_after=None
[2024-07-16T06:44:46.204+0000] {processor.py:183} INFO - Processing /opt/airflow/dags/sql.py took 0.094 seconds
[2024-07-16T06:45:16.282+0000] {processor.py:161} INFO - Started process (PID=1053) to work on /opt/airflow/dags/sql.py
[2024-07-16T06:45:16.282+0000] {processor.py:830} INFO - Processing file /opt/airflow/dags/sql.py for tasks to queue
[2024-07-16T06:45:16.283+0000] {logging_mixin.py:188} INFO - [2024-07-16T06:45:16.283+0000] {dagbag.py:545} INFO - Filling up the DagBag from /opt/airflow/dags/sql.py
[2024-07-16T06:45:16.290+0000] {processor.py:840} INFO - DAG(s) 'sql_dag' retrieved from /opt/airflow/dags/sql.py
[2024-07-16T06:45:16.343+0000] {logging_mixin.py:188} INFO - [2024-07-16T06:45:16.343+0000] {dag.py:3096} INFO - Sync 1 DAGs
[2024-07-16T06:45:16.436+0000] {logging_mixin.py:188} INFO - [2024-07-16T06:45:16.435+0000] {dag.py:3954} INFO - Setting next_dagrun for sql_dag to None, run_after=None
[2024-07-16T06:45:16.446+0000] {processor.py:183} INFO - Processing /opt/airflow/dags/sql.py took 0.167 seconds
[2024-07-16T06:45:46.483+0000] {processor.py:161} INFO - Started process (PID=1118) to work on /opt/airflow/dags/sql.py
[2024-07-16T06:45:46.484+0000] {processor.py:830} INFO - Processing file /opt/airflow/dags/sql.py for tasks to queue
[2024-07-16T06:45:46.485+0000] {logging_mixin.py:188} INFO - [2024-07-16T06:45:46.485+0000] {dagbag.py:545} INFO - Filling up the DagBag from /opt/airflow/dags/sql.py
[2024-07-16T06:45:46.492+0000] {processor.py:840} INFO - DAG(s) 'sql_dag' retrieved from /opt/airflow/dags/sql.py
[2024-07-16T06:45:46.546+0000] {logging_mixin.py:188} INFO - [2024-07-16T06:45:46.546+0000] {dag.py:3096} INFO - Sync 1 DAGs
[2024-07-16T06:45:46.553+0000] {logging_mixin.py:188} INFO - [2024-07-16T06:45:46.553+0000] {dag.py:3954} INFO - Setting next_dagrun for sql_dag to None, run_after=None
[2024-07-16T06:45:46.564+0000] {processor.py:183} INFO - Processing /opt/airflow/dags/sql.py took 0.085 seconds
[2024-07-16T06:46:16.654+0000] {processor.py:161} INFO - Started process (PID=1182) to work on /opt/airflow/dags/sql.py
[2024-07-16T06:46:16.655+0000] {processor.py:830} INFO - Processing file /opt/airflow/dags/sql.py for tasks to queue
[2024-07-16T06:46:16.656+0000] {logging_mixin.py:188} INFO - [2024-07-16T06:46:16.655+0000] {dagbag.py:545} INFO - Filling up the DagBag from /opt/airflow/dags/sql.py
[2024-07-16T06:46:16.662+0000] {processor.py:840} INFO - DAG(s) 'sql_dag' retrieved from /opt/airflow/dags/sql.py
[2024-07-16T06:46:16.721+0000] {logging_mixin.py:188} INFO - [2024-07-16T06:46:16.721+0000] {dag.py:3096} INFO - Sync 1 DAGs
[2024-07-16T06:46:16.727+0000] {logging_mixin.py:188} INFO - [2024-07-16T06:46:16.727+0000] {dag.py:3954} INFO - Setting next_dagrun for sql_dag to None, run_after=None
[2024-07-16T06:46:16.738+0000] {processor.py:183} INFO - Processing /opt/airflow/dags/sql.py took 0.087 seconds
[2024-07-16T06:46:46.810+0000] {processor.py:161} INFO - Started process (PID=1243) to work on /opt/airflow/dags/sql.py
[2024-07-16T06:46:46.811+0000] {processor.py:830} INFO - Processing file /opt/airflow/dags/sql.py for tasks to queue
[2024-07-16T06:46:46.813+0000] {logging_mixin.py:188} INFO - [2024-07-16T06:46:46.812+0000] {dagbag.py:545} INFO - Filling up the DagBag from /opt/airflow/dags/sql.py
[2024-07-16T06:46:46.822+0000] {processor.py:840} INFO - DAG(s) 'sql_dag' retrieved from /opt/airflow/dags/sql.py
[2024-07-16T06:46:46.976+0000] {logging_mixin.py:188} INFO - [2024-07-16T06:46:46.976+0000] {dag.py:3096} INFO - Sync 1 DAGs
[2024-07-16T06:46:46.981+0000] {logging_mixin.py:188} INFO - [2024-07-16T06:46:46.981+0000] {dag.py:3954} INFO - Setting next_dagrun for sql_dag to None, run_after=None
[2024-07-16T06:46:46.991+0000] {processor.py:183} INFO - Processing /opt/airflow/dags/sql.py took 0.188 seconds
[2024-07-16T06:47:17.558+0000] {processor.py:161} INFO - Started process (PID=1307) to work on /opt/airflow/dags/sql.py
[2024-07-16T06:47:17.559+0000] {processor.py:830} INFO - Processing file /opt/airflow/dags/sql.py for tasks to queue
[2024-07-16T06:47:17.561+0000] {logging_mixin.py:188} INFO - [2024-07-16T06:47:17.560+0000] {dagbag.py:545} INFO - Filling up the DagBag from /opt/airflow/dags/sql.py
[2024-07-16T06:47:17.569+0000] {processor.py:840} INFO - DAG(s) 'sql_dag' retrieved from /opt/airflow/dags/sql.py
[2024-07-16T06:47:17.715+0000] {logging_mixin.py:188} INFO - [2024-07-16T06:47:17.715+0000] {dag.py:3096} INFO - Sync 1 DAGs
[2024-07-16T06:47:17.721+0000] {logging_mixin.py:188} INFO - [2024-07-16T06:47:17.721+0000] {dag.py:3954} INFO - Setting next_dagrun for sql_dag to None, run_after=None
[2024-07-16T06:47:17.730+0000] {processor.py:183} INFO - Processing /opt/airflow/dags/sql.py took 0.177 seconds
[2024-07-16T06:47:48.139+0000] {processor.py:161} INFO - Started process (PID=1371) to work on /opt/airflow/dags/sql.py
[2024-07-16T06:47:48.140+0000] {processor.py:830} INFO - Processing file /opt/airflow/dags/sql.py for tasks to queue
[2024-07-16T06:47:48.143+0000] {logging_mixin.py:188} INFO - [2024-07-16T06:47:48.143+0000] {dagbag.py:545} INFO - Filling up the DagBag from /opt/airflow/dags/sql.py
[2024-07-16T06:47:48.152+0000] {processor.py:840} INFO - DAG(s) 'sql_dag' retrieved from /opt/airflow/dags/sql.py
[2024-07-16T06:47:48.209+0000] {logging_mixin.py:188} INFO - [2024-07-16T06:47:48.209+0000] {dag.py:3096} INFO - Sync 1 DAGs
[2024-07-16T06:47:48.307+0000] {logging_mixin.py:188} INFO - [2024-07-16T06:47:48.306+0000] {dag.py:3954} INFO - Setting next_dagrun for sql_dag to None, run_after=None
[2024-07-16T06:47:48.317+0000] {processor.py:183} INFO - Processing /opt/airflow/dags/sql.py took 0.188 seconds
[2024-07-16T06:48:18.409+0000] {processor.py:161} INFO - Started process (PID=1436) to work on /opt/airflow/dags/sql.py
[2024-07-16T06:48:18.410+0000] {processor.py:830} INFO - Processing file /opt/airflow/dags/sql.py for tasks to queue
[2024-07-16T06:48:18.411+0000] {logging_mixin.py:188} INFO - [2024-07-16T06:48:18.411+0000] {dagbag.py:545} INFO - Filling up the DagBag from /opt/airflow/dags/sql.py
[2024-07-16T06:48:18.417+0000] {processor.py:840} INFO - DAG(s) 'sql_dag' retrieved from /opt/airflow/dags/sql.py
[2024-07-16T06:48:18.473+0000] {logging_mixin.py:188} INFO - [2024-07-16T06:48:18.473+0000] {dag.py:3096} INFO - Sync 1 DAGs
[2024-07-16T06:48:18.480+0000] {logging_mixin.py:188} INFO - [2024-07-16T06:48:18.480+0000] {dag.py:3954} INFO - Setting next_dagrun for sql_dag to None, run_after=None
[2024-07-16T06:48:18.580+0000] {processor.py:183} INFO - Processing /opt/airflow/dags/sql.py took 0.175 seconds
[2024-07-16T06:48:48.695+0000] {processor.py:161} INFO - Started process (PID=1502) to work on /opt/airflow/dags/sql.py
[2024-07-16T06:48:48.695+0000] {processor.py:830} INFO - Processing file /opt/airflow/dags/sql.py for tasks to queue
[2024-07-16T06:48:48.696+0000] {logging_mixin.py:188} INFO - [2024-07-16T06:48:48.696+0000] {dagbag.py:545} INFO - Filling up the DagBag from /opt/airflow/dags/sql.py
[2024-07-16T06:48:48.702+0000] {processor.py:840} INFO - DAG(s) 'sql_dag' retrieved from /opt/airflow/dags/sql.py
[2024-07-16T06:48:48.847+0000] {logging_mixin.py:188} INFO - [2024-07-16T06:48:48.846+0000] {dag.py:3096} INFO - Sync 1 DAGs
[2024-07-16T06:48:48.852+0000] {logging_mixin.py:188} INFO - [2024-07-16T06:48:48.852+0000] {dag.py:3954} INFO - Setting next_dagrun for sql_dag to None, run_after=None
[2024-07-16T06:48:48.863+0000] {processor.py:183} INFO - Processing /opt/airflow/dags/sql.py took 0.172 seconds
[2024-07-16T06:49:18.985+0000] {processor.py:161} INFO - Started process (PID=1567) to work on /opt/airflow/dags/sql.py
[2024-07-16T06:49:18.986+0000] {processor.py:830} INFO - Processing file /opt/airflow/dags/sql.py for tasks to queue
[2024-07-16T06:49:18.987+0000] {logging_mixin.py:188} INFO - [2024-07-16T06:49:18.987+0000] {dagbag.py:545} INFO - Filling up the DagBag from /opt/airflow/dags/sql.py
[2024-07-16T06:49:18.994+0000] {processor.py:840} INFO - DAG(s) 'sql_dag' retrieved from /opt/airflow/dags/sql.py
[2024-07-16T06:49:19.145+0000] {logging_mixin.py:188} INFO - [2024-07-16T06:49:19.145+0000] {dag.py:3096} INFO - Sync 1 DAGs
[2024-07-16T06:49:19.152+0000] {logging_mixin.py:188} INFO - [2024-07-16T06:49:19.152+0000] {dag.py:3954} INFO - Setting next_dagrun for sql_dag to None, run_after=None
[2024-07-16T06:49:19.163+0000] {processor.py:183} INFO - Processing /opt/airflow/dags/sql.py took 0.180 seconds
[2024-07-16T06:49:49.387+0000] {processor.py:161} INFO - Started process (PID=1627) to work on /opt/airflow/dags/sql.py
[2024-07-16T06:49:49.389+0000] {processor.py:830} INFO - Processing file /opt/airflow/dags/sql.py for tasks to queue
[2024-07-16T06:49:49.391+0000] {logging_mixin.py:188} INFO - [2024-07-16T06:49:49.391+0000] {dagbag.py:545} INFO - Filling up the DagBag from /opt/airflow/dags/sql.py
[2024-07-16T06:49:49.403+0000] {processor.py:840} INFO - DAG(s) 'sql_dag' retrieved from /opt/airflow/dags/sql.py
[2024-07-16T06:49:49.550+0000] {logging_mixin.py:188} INFO - [2024-07-16T06:49:49.550+0000] {dag.py:3096} INFO - Sync 1 DAGs
[2024-07-16T06:49:49.556+0000] {logging_mixin.py:188} INFO - [2024-07-16T06:49:49.556+0000] {dag.py:3954} INFO - Setting next_dagrun for sql_dag to None, run_after=None
[2024-07-16T06:49:49.566+0000] {processor.py:183} INFO - Processing /opt/airflow/dags/sql.py took 0.186 seconds
[2024-07-16T06:50:20.003+0000] {processor.py:161} INFO - Started process (PID=1691) to work on /opt/airflow/dags/sql.py
[2024-07-16T06:50:20.004+0000] {processor.py:830} INFO - Processing file /opt/airflow/dags/sql.py for tasks to queue
[2024-07-16T06:50:20.005+0000] {logging_mixin.py:188} INFO - [2024-07-16T06:50:20.005+0000] {dagbag.py:545} INFO - Filling up the DagBag from /opt/airflow/dags/sql.py
[2024-07-16T06:50:20.013+0000] {processor.py:840} INFO - DAG(s) 'sql_dag' retrieved from /opt/airflow/dags/sql.py
[2024-07-16T06:50:20.158+0000] {logging_mixin.py:188} INFO - [2024-07-16T06:50:20.157+0000] {dag.py:3096} INFO - Sync 1 DAGs
[2024-07-16T06:50:20.164+0000] {logging_mixin.py:188} INFO - [2024-07-16T06:50:20.163+0000] {dag.py:3954} INFO - Setting next_dagrun for sql_dag to None, run_after=None
[2024-07-16T06:50:20.174+0000] {processor.py:183} INFO - Processing /opt/airflow/dags/sql.py took 0.178 seconds
[2024-07-16T06:50:50.812+0000] {processor.py:161} INFO - Started process (PID=1755) to work on /opt/airflow/dags/sql.py
[2024-07-16T06:50:50.813+0000] {processor.py:830} INFO - Processing file /opt/airflow/dags/sql.py for tasks to queue
[2024-07-16T06:50:50.815+0000] {logging_mixin.py:188} INFO - [2024-07-16T06:50:50.814+0000] {dagbag.py:545} INFO - Filling up the DagBag from /opt/airflow/dags/sql.py
[2024-07-16T06:50:50.823+0000] {processor.py:840} INFO - DAG(s) 'sql_dag' retrieved from /opt/airflow/dags/sql.py
[2024-07-16T06:50:50.896+0000] {logging_mixin.py:188} INFO - [2024-07-16T06:50:50.896+0000] {dag.py:3096} INFO - Sync 1 DAGs
[2024-07-16T06:50:50.909+0000] {logging_mixin.py:188} INFO - [2024-07-16T06:50:50.909+0000] {dag.py:3954} INFO - Setting next_dagrun for sql_dag to None, run_after=None
[2024-07-16T06:50:50.922+0000] {processor.py:183} INFO - Processing /opt/airflow/dags/sql.py took 0.117 seconds
[2024-07-16T06:51:20.973+0000] {processor.py:161} INFO - Started process (PID=1819) to work on /opt/airflow/dags/sql.py
[2024-07-16T06:51:20.974+0000] {processor.py:830} INFO - Processing file /opt/airflow/dags/sql.py for tasks to queue
[2024-07-16T06:51:20.976+0000] {logging_mixin.py:188} INFO - [2024-07-16T06:51:20.975+0000] {dagbag.py:545} INFO - Filling up the DagBag from /opt/airflow/dags/sql.py
[2024-07-16T06:51:20.982+0000] {processor.py:840} INFO - DAG(s) 'sql_dag' retrieved from /opt/airflow/dags/sql.py
[2024-07-16T06:51:21.040+0000] {logging_mixin.py:188} INFO - [2024-07-16T06:51:21.039+0000] {dag.py:3096} INFO - Sync 1 DAGs
[2024-07-16T06:51:21.048+0000] {logging_mixin.py:188} INFO - [2024-07-16T06:51:21.048+0000] {dag.py:3954} INFO - Setting next_dagrun for sql_dag to None, run_after=None
[2024-07-16T06:51:21.059+0000] {processor.py:183} INFO - Processing /opt/airflow/dags/sql.py took 0.089 seconds
[2024-07-16T06:51:51.202+0000] {processor.py:161} INFO - Started process (PID=1883) to work on /opt/airflow/dags/sql.py
[2024-07-16T06:51:51.204+0000] {processor.py:830} INFO - Processing file /opt/airflow/dags/sql.py for tasks to queue
[2024-07-16T06:51:51.206+0000] {logging_mixin.py:188} INFO - [2024-07-16T06:51:51.206+0000] {dagbag.py:545} INFO - Filling up the DagBag from /opt/airflow/dags/sql.py
[2024-07-16T06:51:51.217+0000] {processor.py:840} INFO - DAG(s) 'sql_dag' retrieved from /opt/airflow/dags/sql.py
[2024-07-16T06:51:51.274+0000] {logging_mixin.py:188} INFO - [2024-07-16T06:51:51.274+0000] {dag.py:3096} INFO - Sync 1 DAGs
[2024-07-16T06:51:51.280+0000] {logging_mixin.py:188} INFO - [2024-07-16T06:51:51.280+0000] {dag.py:3954} INFO - Setting next_dagrun for sql_dag to None, run_after=None
[2024-07-16T06:51:51.291+0000] {processor.py:183} INFO - Processing /opt/airflow/dags/sql.py took 0.096 seconds
[2024-07-16T06:52:21.364+0000] {processor.py:161} INFO - Started process (PID=1947) to work on /opt/airflow/dags/sql.py
[2024-07-16T06:52:21.365+0000] {processor.py:830} INFO - Processing file /opt/airflow/dags/sql.py for tasks to queue
[2024-07-16T06:52:21.367+0000] {logging_mixin.py:188} INFO - [2024-07-16T06:52:21.367+0000] {dagbag.py:545} INFO - Filling up the DagBag from /opt/airflow/dags/sql.py
[2024-07-16T06:52:21.377+0000] {processor.py:840} INFO - DAG(s) 'sql_dag' retrieved from /opt/airflow/dags/sql.py
[2024-07-16T06:52:21.438+0000] {logging_mixin.py:188} INFO - [2024-07-16T06:52:21.437+0000] {dag.py:3096} INFO - Sync 1 DAGs
[2024-07-16T06:52:21.444+0000] {logging_mixin.py:188} INFO - [2024-07-16T06:52:21.444+0000] {dag.py:3954} INFO - Setting next_dagrun for sql_dag to None, run_after=None
[2024-07-16T06:52:21.456+0000] {processor.py:183} INFO - Processing /opt/airflow/dags/sql.py took 0.100 seconds
[2024-07-16T06:52:51.528+0000] {processor.py:161} INFO - Started process (PID=2011) to work on /opt/airflow/dags/sql.py
[2024-07-16T06:52:51.530+0000] {processor.py:830} INFO - Processing file /opt/airflow/dags/sql.py for tasks to queue
[2024-07-16T06:52:51.533+0000] {logging_mixin.py:188} INFO - [2024-07-16T06:52:51.532+0000] {dagbag.py:545} INFO - Filling up the DagBag from /opt/airflow/dags/sql.py
[2024-07-16T06:52:51.545+0000] {processor.py:840} INFO - DAG(s) 'sql_dag' retrieved from /opt/airflow/dags/sql.py
[2024-07-16T06:52:51.614+0000] {logging_mixin.py:188} INFO - [2024-07-16T06:52:51.614+0000] {dag.py:3096} INFO - Sync 1 DAGs
[2024-07-16T06:52:51.621+0000] {logging_mixin.py:188} INFO - [2024-07-16T06:52:51.621+0000] {dag.py:3954} INFO - Setting next_dagrun for sql_dag to None, run_after=None
[2024-07-16T06:52:51.633+0000] {processor.py:183} INFO - Processing /opt/airflow/dags/sql.py took 0.112 seconds
[2024-07-16T06:53:21.661+0000] {processor.py:161} INFO - Started process (PID=2075) to work on /opt/airflow/dags/sql.py
[2024-07-16T06:53:21.661+0000] {processor.py:830} INFO - Processing file /opt/airflow/dags/sql.py for tasks to queue
[2024-07-16T06:53:21.662+0000] {logging_mixin.py:188} INFO - [2024-07-16T06:53:21.662+0000] {dagbag.py:545} INFO - Filling up the DagBag from /opt/airflow/dags/sql.py
[2024-07-16T06:53:21.670+0000] {processor.py:840} INFO - DAG(s) 'sql_dag' retrieved from /opt/airflow/dags/sql.py
[2024-07-16T06:53:21.730+0000] {logging_mixin.py:188} INFO - [2024-07-16T06:53:21.730+0000] {dag.py:3096} INFO - Sync 1 DAGs
[2024-07-16T06:53:21.738+0000] {logging_mixin.py:188} INFO - [2024-07-16T06:53:21.738+0000] {dag.py:3954} INFO - Setting next_dagrun for sql_dag to None, run_after=None
[2024-07-16T06:53:21.750+0000] {processor.py:183} INFO - Processing /opt/airflow/dags/sql.py took 0.093 seconds
[2024-07-16T06:53:52.009+0000] {processor.py:161} INFO - Started process (PID=2139) to work on /opt/airflow/dags/sql.py
[2024-07-16T06:53:52.010+0000] {processor.py:830} INFO - Processing file /opt/airflow/dags/sql.py for tasks to queue
[2024-07-16T06:53:52.012+0000] {logging_mixin.py:188} INFO - [2024-07-16T06:53:52.011+0000] {dagbag.py:545} INFO - Filling up the DagBag from /opt/airflow/dags/sql.py
[2024-07-16T06:53:52.020+0000] {processor.py:840} INFO - DAG(s) 'sql_dag' retrieved from /opt/airflow/dags/sql.py
[2024-07-16T06:53:52.078+0000] {logging_mixin.py:188} INFO - [2024-07-16T06:53:52.077+0000] {dag.py:3096} INFO - Sync 1 DAGs
[2024-07-16T06:53:52.084+0000] {logging_mixin.py:188} INFO - [2024-07-16T06:53:52.084+0000] {dag.py:3954} INFO - Setting next_dagrun for sql_dag to None, run_after=None
[2024-07-16T06:53:52.094+0000] {processor.py:183} INFO - Processing /opt/airflow/dags/sql.py took 0.092 seconds
[2024-07-16T06:54:22.176+0000] {processor.py:161} INFO - Started process (PID=2203) to work on /opt/airflow/dags/sql.py
[2024-07-16T06:54:22.177+0000] {processor.py:830} INFO - Processing file /opt/airflow/dags/sql.py for tasks to queue
[2024-07-16T06:54:22.178+0000] {logging_mixin.py:188} INFO - [2024-07-16T06:54:22.178+0000] {dagbag.py:545} INFO - Filling up the DagBag from /opt/airflow/dags/sql.py
[2024-07-16T06:54:22.188+0000] {processor.py:840} INFO - DAG(s) 'sql_dag' retrieved from /opt/airflow/dags/sql.py
[2024-07-16T06:54:22.252+0000] {logging_mixin.py:188} INFO - [2024-07-16T06:54:22.252+0000] {dag.py:3096} INFO - Sync 1 DAGs
[2024-07-16T06:54:22.258+0000] {logging_mixin.py:188} INFO - [2024-07-16T06:54:22.258+0000] {dag.py:3954} INFO - Setting next_dagrun for sql_dag to None, run_after=None
[2024-07-16T06:54:22.269+0000] {processor.py:183} INFO - Processing /opt/airflow/dags/sql.py took 0.099 seconds
[2024-07-16T06:54:52.339+0000] {processor.py:161} INFO - Started process (PID=2267) to work on /opt/airflow/dags/sql.py
[2024-07-16T06:54:52.340+0000] {processor.py:830} INFO - Processing file /opt/airflow/dags/sql.py for tasks to queue
[2024-07-16T06:54:52.341+0000] {logging_mixin.py:188} INFO - [2024-07-16T06:54:52.341+0000] {dagbag.py:545} INFO - Filling up the DagBag from /opt/airflow/dags/sql.py
[2024-07-16T06:54:52.347+0000] {processor.py:840} INFO - DAG(s) 'sql_dag' retrieved from /opt/airflow/dags/sql.py
[2024-07-16T06:54:52.403+0000] {logging_mixin.py:188} INFO - [2024-07-16T06:54:52.403+0000] {dag.py:3096} INFO - Sync 1 DAGs
[2024-07-16T06:54:52.409+0000] {logging_mixin.py:188} INFO - [2024-07-16T06:54:52.408+0000] {dag.py:3954} INFO - Setting next_dagrun for sql_dag to None, run_after=None
[2024-07-16T06:54:52.418+0000] {processor.py:183} INFO - Processing /opt/airflow/dags/sql.py took 0.082 seconds
[2024-07-16T06:55:22.492+0000] {processor.py:161} INFO - Started process (PID=2332) to work on /opt/airflow/dags/sql.py
[2024-07-16T06:55:22.493+0000] {processor.py:830} INFO - Processing file /opt/airflow/dags/sql.py for tasks to queue
[2024-07-16T06:55:22.494+0000] {logging_mixin.py:188} INFO - [2024-07-16T06:55:22.493+0000] {dagbag.py:545} INFO - Filling up the DagBag from /opt/airflow/dags/sql.py
[2024-07-16T06:55:22.499+0000] {processor.py:840} INFO - DAG(s) 'sql_dag' retrieved from /opt/airflow/dags/sql.py
[2024-07-16T06:55:22.554+0000] {logging_mixin.py:188} INFO - [2024-07-16T06:55:22.554+0000] {dag.py:3096} INFO - Sync 1 DAGs
[2024-07-16T06:55:22.561+0000] {logging_mixin.py:188} INFO - [2024-07-16T06:55:22.560+0000] {dag.py:3954} INFO - Setting next_dagrun for sql_dag to None, run_after=None
[2024-07-16T06:55:22.572+0000] {processor.py:183} INFO - Processing /opt/airflow/dags/sql.py took 0.084 seconds
[2024-07-16T06:55:52.719+0000] {processor.py:161} INFO - Started process (PID=2394) to work on /opt/airflow/dags/sql.py
[2024-07-16T06:55:52.720+0000] {processor.py:830} INFO - Processing file /opt/airflow/dags/sql.py for tasks to queue
[2024-07-16T06:55:52.721+0000] {logging_mixin.py:188} INFO - [2024-07-16T06:55:52.721+0000] {dagbag.py:545} INFO - Filling up the DagBag from /opt/airflow/dags/sql.py
[2024-07-16T06:55:52.729+0000] {processor.py:840} INFO - DAG(s) 'sql_dag' retrieved from /opt/airflow/dags/sql.py
[2024-07-16T06:55:52.799+0000] {logging_mixin.py:188} INFO - [2024-07-16T06:55:52.798+0000] {dag.py:3096} INFO - Sync 1 DAGs
[2024-07-16T06:55:52.805+0000] {logging_mixin.py:188} INFO - [2024-07-16T06:55:52.805+0000] {dag.py:3954} INFO - Setting next_dagrun for sql_dag to None, run_after=None
[2024-07-16T06:55:52.816+0000] {processor.py:183} INFO - Processing /opt/airflow/dags/sql.py took 0.101 seconds
