[2024-07-18T07:58:37.510+0000] {local_task_job_runner.py:120} INFO - ::group::Pre task execution logs
[2024-07-18T07:58:37.526+0000] {taskinstance.py:2076} INFO - Dependencies all met for dep_context=non-requeueable deps ti=<TaskInstance: trigger_dag.process_results.remove_small_text.txt manual__2024-07-18T07:57:29.176911+00:00 [queued]>
[2024-07-18T07:58:37.530+0000] {taskinstance.py:2076} INFO - Dependencies all met for dep_context=requeueable deps ti=<TaskInstance: trigger_dag.process_results.remove_small_text.txt manual__2024-07-18T07:57:29.176911+00:00 [queued]>
[2024-07-18T07:58:37.530+0000] {taskinstance.py:2306} INFO - Starting attempt 1 of 1
[2024-07-18T07:58:37.537+0000] {taskinstance.py:2330} INFO - Executing <Task(BashOperator): process_results.remove_small_text.txt> on 2024-07-18 07:57:29.176911+00:00
[2024-07-18T07:58:37.540+0000] {warnings.py:112} WARNING - /home/airflow/.local/lib/python3.12/site-packages/airflow/task/task_runner/standard_task_runner.py:61: DeprecationWarning: This process (pid=100) is multi-threaded, use of fork() may lead to deadlocks in the child.
  pid = os.fork()

[2024-07-18T07:58:37.541+0000] {standard_task_runner.py:63} INFO - Started process 102 to run task
[2024-07-18T07:58:37.541+0000] {standard_task_runner.py:90} INFO - Running: ['airflow', 'tasks', 'run', 'trigger_dag', 'process_results.remove_small_text.txt', 'manual__2024-07-18T07:57:29.176911+00:00', '--job-id', '1558', '--raw', '--subdir', 'DAGS_FOLDER/trigger_dag.py', '--cfg-path', '/tmp/tmpo0_bs7op']
[2024-07-18T07:58:37.543+0000] {standard_task_runner.py:91} INFO - Job 1558: Subtask process_results.remove_small_text.txt
[2024-07-18T07:58:37.582+0000] {task_command.py:426} INFO - Running <TaskInstance: trigger_dag.process_results.remove_small_text.txt manual__2024-07-18T07:57:29.176911+00:00 [running]> on host 4d13026947d2
[2024-07-18T07:58:37.638+0000] {taskinstance.py:2648} INFO - Exporting env vars: AIRFLOW_CTX_DAG_OWNER='airflow' AIRFLOW_CTX_DAG_ID='trigger_dag' AIRFLOW_CTX_TASK_ID='process_results.remove_small_text.txt' AIRFLOW_CTX_EXECUTION_DATE='2024-07-18T07:57:29.176911+00:00' AIRFLOW_CTX_TRY_NUMBER='1' AIRFLOW_CTX_DAG_RUN_ID='manual__2024-07-18T07:57:29.176911+00:00'
[2024-07-18T07:58:37.639+0000] {taskinstance.py:430} INFO - ::endgroup::
[2024-07-18T07:58:37.640+0000] {subprocess.py:63} INFO - Tmp dir root location: /tmp
[2024-07-18T07:58:37.640+0000] {subprocess.py:75} INFO - Running command: ['/usr/bin/bash', '-c', 'rm /opt/airflow/data']
[2024-07-18T07:58:37.645+0000] {subprocess.py:86} INFO - Output:
[2024-07-18T07:58:37.650+0000] {subprocess.py:93} INFO - rm: cannot remove '/opt/airflow/data': Is a directory
[2024-07-18T07:58:37.651+0000] {subprocess.py:97} INFO - Command exited with return code 1
[2024-07-18T07:58:37.651+0000] {taskinstance.py:441} INFO - ::group::Post task execution logs
[2024-07-18T07:58:37.659+0000] {taskinstance.py:2905} ERROR - Task failed with exception
Traceback (most recent call last):
  File "/home/airflow/.local/lib/python3.12/site-packages/airflow/models/taskinstance.py", line 465, in _execute_task
    result = _execute_callable(context=context, **execute_callable_kwargs)
             ^^^^^^^^^^^^^^^^^^^^^^^^^^^^^^^^^^^^^^^^^^^^^^^^^^^^^^^^^^^^^
  File "/home/airflow/.local/lib/python3.12/site-packages/airflow/models/taskinstance.py", line 432, in _execute_callable
    return execute_callable(context=context, **execute_callable_kwargs)
           ^^^^^^^^^^^^^^^^^^^^^^^^^^^^^^^^^^^^^^^^^^^^^^^^^^^^^^^^^^^^
  File "/home/airflow/.local/lib/python3.12/site-packages/airflow/models/baseoperator.py", line 401, in wrapper
    return func(self, *args, **kwargs)
           ^^^^^^^^^^^^^^^^^^^^^^^^^^^
  File "/home/airflow/.local/lib/python3.12/site-packages/airflow/operators/bash.py", line 243, in execute
    raise AirflowException(
airflow.exceptions.AirflowException: Bash command failed. The command returned a non-zero exit code 1.
[2024-07-18T07:58:37.662+0000] {taskinstance.py:1206} INFO - Marking task as FAILED. dag_id=trigger_dag, task_id=process_results.remove_small_text.txt, run_id=manual__2024-07-18T07:57:29.176911+00:00, execution_date=20240718T075729, start_date=20240718T075837, end_date=20240718T075837
[2024-07-18T07:58:37.670+0000] {standard_task_runner.py:110} ERROR - Failed to execute job 1558 for task process_results.remove_small_text.txt (Bash command failed. The command returned a non-zero exit code 1.; 102)
[2024-07-18T07:58:37.683+0000] {local_task_job_runner.py:240} INFO - Task exited with return code 1
[2024-07-18T07:58:37.699+0000] {taskinstance.py:3503} INFO - 0 downstream tasks scheduled from follow-on schedule check
[2024-07-18T07:58:37.701+0000] {local_task_job_runner.py:222} INFO - ::endgroup::
