[2024-07-15T13:40:20.540+0000] {processor.py:161} INFO - Started process (PID=35) to work on /opt/airflow/dags/dag_id_1.py
[2024-07-15T13:40:20.541+0000] {processor.py:830} INFO - Processing file /opt/airflow/dags/dag_id_1.py for tasks to queue
[2024-07-15T13:40:20.543+0000] {logging_mixin.py:188} INFO - [2024-07-15T13:40:20.542+0000] {dagbag.py:545} INFO - Filling up the DagBag from /opt/airflow/dags/dag_id_1.py
[2024-07-15T13:40:20.550+0000] {processor.py:840} INFO - DAG(s) 'dag_id_1' retrieved from /opt/airflow/dags/dag_id_1.py
[2024-07-15T13:40:20.601+0000] {logging_mixin.py:188} INFO - [2024-07-15T13:40:20.601+0000] {override.py:1829} INFO - Created Permission View: can edit on DAG:dag_id_1
[2024-07-15T13:40:20.606+0000] {logging_mixin.py:188} INFO - [2024-07-15T13:40:20.606+0000] {override.py:1829} INFO - Created Permission View: can delete on DAG:dag_id_1
[2024-07-15T13:40:20.609+0000] {logging_mixin.py:188} INFO - [2024-07-15T13:40:20.608+0000] {override.py:1829} INFO - Created Permission View: can read on DAG:dag_id_1
[2024-07-15T13:40:20.609+0000] {logging_mixin.py:188} INFO - [2024-07-15T13:40:20.609+0000] {dag.py:3096} INFO - Sync 1 DAGs
[2024-07-15T13:40:20.614+0000] {logging_mixin.py:188} INFO - [2024-07-15T13:40:20.614+0000] {dag.py:3118} INFO - Creating ORM DAG for dag_id_1
[2024-07-15T13:40:20.615+0000] {logging_mixin.py:188} INFO - [2024-07-15T13:40:20.615+0000] {dag.py:3954} INFO - Setting next_dagrun for dag_id_1 to None, run_after=None
[2024-07-15T13:40:20.622+0000] {processor.py:183} INFO - Processing /opt/airflow/dags/dag_id_1.py took 0.086 seconds
[2024-07-15T13:40:50.768+0000] {processor.py:161} INFO - Started process (PID=99) to work on /opt/airflow/dags/dag_id_1.py
[2024-07-15T13:40:50.768+0000] {processor.py:830} INFO - Processing file /opt/airflow/dags/dag_id_1.py for tasks to queue
[2024-07-15T13:40:50.769+0000] {logging_mixin.py:188} INFO - [2024-07-15T13:40:50.769+0000] {dagbag.py:545} INFO - Filling up the DagBag from /opt/airflow/dags/dag_id_1.py
[2024-07-15T13:40:50.775+0000] {processor.py:840} INFO - DAG(s) 'dag_id_1' retrieved from /opt/airflow/dags/dag_id_1.py
[2024-07-15T13:40:50.786+0000] {logging_mixin.py:188} INFO - [2024-07-15T13:40:50.786+0000] {dag.py:3096} INFO - Sync 1 DAGs
[2024-07-15T13:40:50.792+0000] {logging_mixin.py:188} INFO - [2024-07-15T13:40:50.792+0000] {dag.py:3954} INFO - Setting next_dagrun for dag_id_1 to None, run_after=None
[2024-07-15T13:40:50.800+0000] {processor.py:183} INFO - Processing /opt/airflow/dags/dag_id_1.py took 0.035 seconds
[2024-07-15T13:41:21.333+0000] {processor.py:161} INFO - Started process (PID=163) to work on /opt/airflow/dags/dag_id_1.py
[2024-07-15T13:41:21.336+0000] {processor.py:830} INFO - Processing file /opt/airflow/dags/dag_id_1.py for tasks to queue
[2024-07-15T13:41:21.337+0000] {logging_mixin.py:188} INFO - [2024-07-15T13:41:21.337+0000] {dagbag.py:545} INFO - Filling up the DagBag from /opt/airflow/dags/dag_id_1.py
[2024-07-15T13:41:21.347+0000] {processor.py:840} INFO - DAG(s) 'dag_id_1' retrieved from /opt/airflow/dags/dag_id_1.py
[2024-07-15T13:41:21.360+0000] {logging_mixin.py:188} INFO - [2024-07-15T13:41:21.360+0000] {dag.py:3096} INFO - Sync 1 DAGs
[2024-07-15T13:41:21.367+0000] {logging_mixin.py:188} INFO - [2024-07-15T13:41:21.367+0000] {dag.py:3954} INFO - Setting next_dagrun for dag_id_1 to None, run_after=None
[2024-07-15T13:41:21.376+0000] {processor.py:183} INFO - Processing /opt/airflow/dags/dag_id_1.py took 0.046 seconds
[2024-07-15T13:41:51.424+0000] {processor.py:161} INFO - Started process (PID=227) to work on /opt/airflow/dags/dag_id_1.py
[2024-07-15T13:41:51.425+0000] {processor.py:830} INFO - Processing file /opt/airflow/dags/dag_id_1.py for tasks to queue
[2024-07-15T13:41:51.426+0000] {logging_mixin.py:188} INFO - [2024-07-15T13:41:51.426+0000] {dagbag.py:545} INFO - Filling up the DagBag from /opt/airflow/dags/dag_id_1.py
[2024-07-15T13:41:51.430+0000] {processor.py:840} INFO - DAG(s) 'dag_id_1' retrieved from /opt/airflow/dags/dag_id_1.py
[2024-07-15T13:41:51.441+0000] {logging_mixin.py:188} INFO - [2024-07-15T13:41:51.441+0000] {dag.py:3096} INFO - Sync 1 DAGs
[2024-07-15T13:41:51.447+0000] {logging_mixin.py:188} INFO - [2024-07-15T13:41:51.447+0000] {dag.py:3954} INFO - Setting next_dagrun for dag_id_1 to None, run_after=None
[2024-07-15T13:41:51.455+0000] {processor.py:183} INFO - Processing /opt/airflow/dags/dag_id_1.py took 0.033 seconds
[2024-07-15T13:42:21.557+0000] {processor.py:161} INFO - Started process (PID=291) to work on /opt/airflow/dags/dag_id_1.py
[2024-07-15T13:42:21.558+0000] {processor.py:830} INFO - Processing file /opt/airflow/dags/dag_id_1.py for tasks to queue
[2024-07-15T13:42:21.559+0000] {logging_mixin.py:188} INFO - [2024-07-15T13:42:21.558+0000] {dagbag.py:545} INFO - Filling up the DagBag from /opt/airflow/dags/dag_id_1.py
[2024-07-15T13:42:21.563+0000] {processor.py:840} INFO - DAG(s) 'dag_id_1' retrieved from /opt/airflow/dags/dag_id_1.py
[2024-07-15T13:42:21.573+0000] {logging_mixin.py:188} INFO - [2024-07-15T13:42:21.573+0000] {dag.py:3096} INFO - Sync 1 DAGs
[2024-07-15T13:42:21.579+0000] {logging_mixin.py:188} INFO - [2024-07-15T13:42:21.579+0000] {dag.py:3954} INFO - Setting next_dagrun for dag_id_1 to None, run_after=None
[2024-07-15T13:42:21.588+0000] {processor.py:183} INFO - Processing /opt/airflow/dags/dag_id_1.py took 0.034 seconds
[2024-07-15T13:42:51.864+0000] {processor.py:161} INFO - Started process (PID=355) to work on /opt/airflow/dags/dag_id_1.py
[2024-07-15T13:42:51.865+0000] {processor.py:830} INFO - Processing file /opt/airflow/dags/dag_id_1.py for tasks to queue
[2024-07-15T13:42:51.866+0000] {logging_mixin.py:188} INFO - [2024-07-15T13:42:51.865+0000] {dagbag.py:545} INFO - Filling up the DagBag from /opt/airflow/dags/dag_id_1.py
[2024-07-15T13:42:51.870+0000] {processor.py:840} INFO - DAG(s) 'dag_id_1' retrieved from /opt/airflow/dags/dag_id_1.py
[2024-07-15T13:42:51.880+0000] {logging_mixin.py:188} INFO - [2024-07-15T13:42:51.880+0000] {dag.py:3096} INFO - Sync 1 DAGs
[2024-07-15T13:42:51.886+0000] {logging_mixin.py:188} INFO - [2024-07-15T13:42:51.886+0000] {dag.py:3954} INFO - Setting next_dagrun for dag_id_1 to None, run_after=None
[2024-07-15T13:42:51.895+0000] {processor.py:183} INFO - Processing /opt/airflow/dags/dag_id_1.py took 0.034 seconds
[2024-07-15T13:43:22.034+0000] {processor.py:161} INFO - Started process (PID=419) to work on /opt/airflow/dags/dag_id_1.py
[2024-07-15T13:43:22.035+0000] {processor.py:830} INFO - Processing file /opt/airflow/dags/dag_id_1.py for tasks to queue
[2024-07-15T13:43:22.036+0000] {logging_mixin.py:188} INFO - [2024-07-15T13:43:22.036+0000] {dagbag.py:545} INFO - Filling up the DagBag from /opt/airflow/dags/dag_id_1.py
[2024-07-15T13:43:22.041+0000] {processor.py:840} INFO - DAG(s) 'dag_id_1' retrieved from /opt/airflow/dags/dag_id_1.py
[2024-07-15T13:43:22.051+0000] {logging_mixin.py:188} INFO - [2024-07-15T13:43:22.051+0000] {dag.py:3096} INFO - Sync 1 DAGs
[2024-07-15T13:43:22.057+0000] {logging_mixin.py:188} INFO - [2024-07-15T13:43:22.056+0000] {dag.py:3954} INFO - Setting next_dagrun for dag_id_1 to None, run_after=None
[2024-07-15T13:43:22.065+0000] {processor.py:183} INFO - Processing /opt/airflow/dags/dag_id_1.py took 0.033 seconds
[2024-07-15T13:43:52.096+0000] {processor.py:161} INFO - Started process (PID=483) to work on /opt/airflow/dags/dag_id_1.py
[2024-07-15T13:43:52.097+0000] {processor.py:830} INFO - Processing file /opt/airflow/dags/dag_id_1.py for tasks to queue
[2024-07-15T13:43:52.098+0000] {logging_mixin.py:188} INFO - [2024-07-15T13:43:52.098+0000] {dagbag.py:545} INFO - Filling up the DagBag from /opt/airflow/dags/dag_id_1.py
[2024-07-15T13:43:52.104+0000] {processor.py:840} INFO - DAG(s) 'dag_id_1' retrieved from /opt/airflow/dags/dag_id_1.py
[2024-07-15T13:43:52.116+0000] {logging_mixin.py:188} INFO - [2024-07-15T13:43:52.115+0000] {dag.py:3096} INFO - Sync 1 DAGs
[2024-07-15T13:43:52.122+0000] {logging_mixin.py:188} INFO - [2024-07-15T13:43:52.122+0000] {dag.py:3954} INFO - Setting next_dagrun for dag_id_1 to None, run_after=None
[2024-07-15T13:43:52.134+0000] {processor.py:183} INFO - Processing /opt/airflow/dags/dag_id_1.py took 0.041 seconds
[2024-07-15T13:44:22.440+0000] {processor.py:161} INFO - Started process (PID=547) to work on /opt/airflow/dags/dag_id_1.py
[2024-07-15T13:44:22.441+0000] {processor.py:830} INFO - Processing file /opt/airflow/dags/dag_id_1.py for tasks to queue
[2024-07-15T13:44:22.442+0000] {logging_mixin.py:188} INFO - [2024-07-15T13:44:22.442+0000] {dagbag.py:545} INFO - Filling up the DagBag from /opt/airflow/dags/dag_id_1.py
[2024-07-15T13:44:22.447+0000] {processor.py:840} INFO - DAG(s) 'dag_id_1' retrieved from /opt/airflow/dags/dag_id_1.py
[2024-07-15T13:44:22.459+0000] {logging_mixin.py:188} INFO - [2024-07-15T13:44:22.459+0000] {dag.py:3096} INFO - Sync 1 DAGs
[2024-07-15T13:44:22.467+0000] {logging_mixin.py:188} INFO - [2024-07-15T13:44:22.467+0000] {dag.py:3954} INFO - Setting next_dagrun for dag_id_1 to None, run_after=None
[2024-07-15T13:44:22.483+0000] {processor.py:183} INFO - Processing /opt/airflow/dags/dag_id_1.py took 0.045 seconds
[2024-07-15T13:45:46.001+0000] {processor.py:161} INFO - Started process (PID=36) to work on /opt/airflow/dags/dag_id_1.py
[2024-07-15T13:45:46.002+0000] {processor.py:830} INFO - Processing file /opt/airflow/dags/dag_id_1.py for tasks to queue
[2024-07-15T13:45:46.003+0000] {logging_mixin.py:188} INFO - [2024-07-15T13:45:46.003+0000] {dagbag.py:545} INFO - Filling up the DagBag from /opt/airflow/dags/dag_id_1.py
[2024-07-15T13:45:46.009+0000] {processor.py:840} INFO - DAG(s) 'dag_id_1' retrieved from /opt/airflow/dags/dag_id_1.py
[2024-07-15T13:45:46.061+0000] {logging_mixin.py:188} INFO - [2024-07-15T13:45:46.060+0000] {dag.py:3096} INFO - Sync 1 DAGs
[2024-07-15T13:45:46.068+0000] {logging_mixin.py:188} INFO - [2024-07-15T13:45:46.068+0000] {dag.py:3954} INFO - Setting next_dagrun for dag_id_1 to None, run_after=None
[2024-07-15T13:45:46.078+0000] {processor.py:183} INFO - Processing /opt/airflow/dags/dag_id_1.py took 0.079 seconds
[2024-07-15T13:46:16.728+0000] {processor.py:161} INFO - Started process (PID=100) to work on /opt/airflow/dags/dag_id_1.py
[2024-07-15T13:46:16.729+0000] {processor.py:830} INFO - Processing file /opt/airflow/dags/dag_id_1.py for tasks to queue
[2024-07-15T13:46:16.730+0000] {logging_mixin.py:188} INFO - [2024-07-15T13:46:16.729+0000] {dagbag.py:545} INFO - Filling up the DagBag from /opt/airflow/dags/dag_id_1.py
[2024-07-15T13:46:16.735+0000] {processor.py:840} INFO - DAG(s) 'dag_id_1' retrieved from /opt/airflow/dags/dag_id_1.py
[2024-07-15T13:46:16.745+0000] {logging_mixin.py:188} INFO - [2024-07-15T13:46:16.745+0000] {dag.py:3096} INFO - Sync 1 DAGs
[2024-07-15T13:46:16.751+0000] {logging_mixin.py:188} INFO - [2024-07-15T13:46:16.751+0000] {dag.py:3954} INFO - Setting next_dagrun for dag_id_1 to None, run_after=None
[2024-07-15T13:46:16.759+0000] {processor.py:183} INFO - Processing /opt/airflow/dags/dag_id_1.py took 0.034 seconds
[2024-07-15T13:46:47.490+0000] {processor.py:161} INFO - Started process (PID=163) to work on /opt/airflow/dags/dag_id_1.py
[2024-07-15T13:46:47.490+0000] {processor.py:830} INFO - Processing file /opt/airflow/dags/dag_id_1.py for tasks to queue
[2024-07-15T13:46:47.491+0000] {logging_mixin.py:188} INFO - [2024-07-15T13:46:47.491+0000] {dagbag.py:545} INFO - Filling up the DagBag from /opt/airflow/dags/dag_id_1.py
[2024-07-15T13:46:47.496+0000] {processor.py:840} INFO - DAG(s) 'dag_id_1' retrieved from /opt/airflow/dags/dag_id_1.py
[2024-07-15T13:46:47.506+0000] {logging_mixin.py:188} INFO - [2024-07-15T13:46:47.506+0000] {dag.py:3096} INFO - Sync 1 DAGs
[2024-07-15T13:46:47.513+0000] {logging_mixin.py:188} INFO - [2024-07-15T13:46:47.513+0000] {dag.py:3954} INFO - Setting next_dagrun for dag_id_1 to None, run_after=None
[2024-07-15T13:46:47.523+0000] {processor.py:183} INFO - Processing /opt/airflow/dags/dag_id_1.py took 0.036 seconds
[2024-07-15T13:47:17.664+0000] {processor.py:161} INFO - Started process (PID=227) to work on /opt/airflow/dags/dag_id_1.py
[2024-07-15T13:47:17.665+0000] {processor.py:830} INFO - Processing file /opt/airflow/dags/dag_id_1.py for tasks to queue
[2024-07-15T13:47:17.666+0000] {logging_mixin.py:188} INFO - [2024-07-15T13:47:17.666+0000] {dagbag.py:545} INFO - Filling up the DagBag from /opt/airflow/dags/dag_id_1.py
[2024-07-15T13:47:17.670+0000] {processor.py:840} INFO - DAG(s) 'dag_id_1' retrieved from /opt/airflow/dags/dag_id_1.py
[2024-07-15T13:47:17.681+0000] {logging_mixin.py:188} INFO - [2024-07-15T13:47:17.681+0000] {dag.py:3096} INFO - Sync 1 DAGs
[2024-07-15T13:47:17.687+0000] {logging_mixin.py:188} INFO - [2024-07-15T13:47:17.687+0000] {dag.py:3954} INFO - Setting next_dagrun for dag_id_1 to None, run_after=None
[2024-07-15T13:47:17.696+0000] {processor.py:183} INFO - Processing /opt/airflow/dags/dag_id_1.py took 0.034 seconds
[2024-07-15T13:47:48.084+0000] {processor.py:161} INFO - Started process (PID=291) to work on /opt/airflow/dags/dag_id_1.py
[2024-07-15T13:47:48.084+0000] {processor.py:830} INFO - Processing file /opt/airflow/dags/dag_id_1.py for tasks to queue
[2024-07-15T13:47:48.085+0000] {logging_mixin.py:188} INFO - [2024-07-15T13:47:48.085+0000] {dagbag.py:545} INFO - Filling up the DagBag from /opt/airflow/dags/dag_id_1.py
[2024-07-15T13:47:48.090+0000] {processor.py:840} INFO - DAG(s) 'dag_id_1' retrieved from /opt/airflow/dags/dag_id_1.py
[2024-07-15T13:47:48.102+0000] {logging_mixin.py:188} INFO - [2024-07-15T13:47:48.102+0000] {dag.py:3096} INFO - Sync 1 DAGs
[2024-07-15T13:47:48.108+0000] {logging_mixin.py:188} INFO - [2024-07-15T13:47:48.108+0000] {dag.py:3954} INFO - Setting next_dagrun for dag_id_1 to None, run_after=None
[2024-07-15T13:47:48.116+0000] {processor.py:183} INFO - Processing /opt/airflow/dags/dag_id_1.py took 0.036 seconds
[2024-07-15T13:48:18.362+0000] {processor.py:161} INFO - Started process (PID=354) to work on /opt/airflow/dags/dag_id_1.py
[2024-07-15T13:48:18.363+0000] {processor.py:830} INFO - Processing file /opt/airflow/dags/dag_id_1.py for tasks to queue
[2024-07-15T13:48:18.364+0000] {logging_mixin.py:188} INFO - [2024-07-15T13:48:18.364+0000] {dagbag.py:545} INFO - Filling up the DagBag from /opt/airflow/dags/dag_id_1.py
[2024-07-15T13:48:18.368+0000] {processor.py:840} INFO - DAG(s) 'dag_id_1' retrieved from /opt/airflow/dags/dag_id_1.py
[2024-07-15T13:48:18.380+0000] {logging_mixin.py:188} INFO - [2024-07-15T13:48:18.380+0000] {dag.py:3096} INFO - Sync 1 DAGs
[2024-07-15T13:48:18.386+0000] {logging_mixin.py:188} INFO - [2024-07-15T13:48:18.386+0000] {dag.py:3954} INFO - Setting next_dagrun for dag_id_1 to None, run_after=None
[2024-07-15T13:48:18.395+0000] {processor.py:183} INFO - Processing /opt/airflow/dags/dag_id_1.py took 0.036 seconds
[2024-07-15T13:48:48.678+0000] {processor.py:161} INFO - Started process (PID=418) to work on /opt/airflow/dags/dag_id_1.py
[2024-07-15T13:48:48.679+0000] {processor.py:830} INFO - Processing file /opt/airflow/dags/dag_id_1.py for tasks to queue
[2024-07-15T13:48:48.680+0000] {logging_mixin.py:188} INFO - [2024-07-15T13:48:48.680+0000] {dagbag.py:545} INFO - Filling up the DagBag from /opt/airflow/dags/dag_id_1.py
[2024-07-15T13:48:48.685+0000] {processor.py:840} INFO - DAG(s) 'dag_id_1' retrieved from /opt/airflow/dags/dag_id_1.py
[2024-07-15T13:48:48.696+0000] {logging_mixin.py:188} INFO - [2024-07-15T13:48:48.696+0000] {dag.py:3096} INFO - Sync 1 DAGs
[2024-07-15T13:48:48.702+0000] {logging_mixin.py:188} INFO - [2024-07-15T13:48:48.702+0000] {dag.py:3954} INFO - Setting next_dagrun for dag_id_1 to None, run_after=None
[2024-07-15T13:48:48.711+0000] {processor.py:183} INFO - Processing /opt/airflow/dags/dag_id_1.py took 0.036 seconds
[2024-07-15T13:49:46.195+0000] {processor.py:161} INFO - Started process (PID=36) to work on /opt/airflow/dags/dag_id_1.py
[2024-07-15T13:49:46.196+0000] {processor.py:830} INFO - Processing file /opt/airflow/dags/dag_id_1.py for tasks to queue
[2024-07-15T13:49:46.199+0000] {logging_mixin.py:188} INFO - [2024-07-15T13:49:46.199+0000] {dagbag.py:545} INFO - Filling up the DagBag from /opt/airflow/dags/dag_id_1.py
[2024-07-15T13:49:46.207+0000] {processor.py:840} INFO - DAG(s) 'dag_id_1' retrieved from /opt/airflow/dags/dag_id_1.py
[2024-07-15T13:49:46.251+0000] {logging_mixin.py:188} INFO - [2024-07-15T13:49:46.251+0000] {dag.py:3096} INFO - Sync 1 DAGs
[2024-07-15T13:49:46.261+0000] {logging_mixin.py:188} INFO - [2024-07-15T13:49:46.261+0000] {dag.py:3954} INFO - Setting next_dagrun for dag_id_1 to None, run_after=None
[2024-07-15T13:49:46.276+0000] {processor.py:183} INFO - Processing /opt/airflow/dags/dag_id_1.py took 0.084 seconds
[2024-07-15T13:50:17.033+0000] {processor.py:161} INFO - Started process (PID=100) to work on /opt/airflow/dags/dag_id_1.py
[2024-07-15T13:50:17.034+0000] {processor.py:830} INFO - Processing file /opt/airflow/dags/dag_id_1.py for tasks to queue
[2024-07-15T13:50:17.035+0000] {logging_mixin.py:188} INFO - [2024-07-15T13:50:17.035+0000] {dagbag.py:545} INFO - Filling up the DagBag from /opt/airflow/dags/dag_id_1.py
[2024-07-15T13:50:17.040+0000] {processor.py:840} INFO - DAG(s) 'dag_id_1' retrieved from /opt/airflow/dags/dag_id_1.py
[2024-07-15T13:50:17.050+0000] {logging_mixin.py:188} INFO - [2024-07-15T13:50:17.050+0000] {dag.py:3096} INFO - Sync 1 DAGs
[2024-07-15T13:50:17.056+0000] {logging_mixin.py:188} INFO - [2024-07-15T13:50:17.056+0000] {dag.py:3954} INFO - Setting next_dagrun for dag_id_1 to None, run_after=None
[2024-07-15T13:50:17.066+0000] {processor.py:183} INFO - Processing /opt/airflow/dags/dag_id_1.py took 0.036 seconds
[2024-07-15T13:50:47.163+0000] {processor.py:161} INFO - Started process (PID=165) to work on /opt/airflow/dags/dag_id_1.py
[2024-07-15T13:50:47.163+0000] {processor.py:830} INFO - Processing file /opt/airflow/dags/dag_id_1.py for tasks to queue
[2024-07-15T13:50:47.164+0000] {logging_mixin.py:188} INFO - [2024-07-15T13:50:47.164+0000] {dagbag.py:545} INFO - Filling up the DagBag from /opt/airflow/dags/dag_id_1.py
[2024-07-15T13:50:47.169+0000] {processor.py:840} INFO - DAG(s) 'dag_id_1' retrieved from /opt/airflow/dags/dag_id_1.py
[2024-07-15T13:50:47.179+0000] {logging_mixin.py:188} INFO - [2024-07-15T13:50:47.179+0000] {dag.py:3096} INFO - Sync 1 DAGs
[2024-07-15T13:50:47.186+0000] {logging_mixin.py:188} INFO - [2024-07-15T13:50:47.186+0000] {dag.py:3954} INFO - Setting next_dagrun for dag_id_1 to None, run_after=None
[2024-07-15T13:50:47.195+0000] {processor.py:183} INFO - Processing /opt/airflow/dags/dag_id_1.py took 0.035 seconds
[2024-07-15T13:51:17.456+0000] {processor.py:161} INFO - Started process (PID=228) to work on /opt/airflow/dags/dag_id_1.py
[2024-07-15T13:51:17.457+0000] {processor.py:830} INFO - Processing file /opt/airflow/dags/dag_id_1.py for tasks to queue
[2024-07-15T13:51:17.458+0000] {logging_mixin.py:188} INFO - [2024-07-15T13:51:17.458+0000] {dagbag.py:545} INFO - Filling up the DagBag from /opt/airflow/dags/dag_id_1.py
[2024-07-15T13:51:17.463+0000] {processor.py:840} INFO - DAG(s) 'dag_id_1' retrieved from /opt/airflow/dags/dag_id_1.py
[2024-07-15T13:51:17.474+0000] {logging_mixin.py:188} INFO - [2024-07-15T13:51:17.474+0000] {dag.py:3096} INFO - Sync 1 DAGs
[2024-07-15T13:51:17.480+0000] {logging_mixin.py:188} INFO - [2024-07-15T13:51:17.480+0000] {dag.py:3954} INFO - Setting next_dagrun for dag_id_1 to None, run_after=None
[2024-07-15T13:51:17.489+0000] {processor.py:183} INFO - Processing /opt/airflow/dags/dag_id_1.py took 0.036 seconds
[2024-07-15T13:51:47.556+0000] {processor.py:161} INFO - Started process (PID=292) to work on /opt/airflow/dags/dag_id_1.py
[2024-07-15T13:51:47.556+0000] {processor.py:830} INFO - Processing file /opt/airflow/dags/dag_id_1.py for tasks to queue
[2024-07-15T13:51:47.558+0000] {logging_mixin.py:188} INFO - [2024-07-15T13:51:47.557+0000] {dagbag.py:545} INFO - Filling up the DagBag from /opt/airflow/dags/dag_id_1.py
[2024-07-15T13:51:47.562+0000] {processor.py:840} INFO - DAG(s) 'dag_id_1' retrieved from /opt/airflow/dags/dag_id_1.py
[2024-07-15T13:51:47.572+0000] {logging_mixin.py:188} INFO - [2024-07-15T13:51:47.572+0000] {dag.py:3096} INFO - Sync 1 DAGs
[2024-07-15T13:51:47.578+0000] {logging_mixin.py:188} INFO - [2024-07-15T13:51:47.578+0000] {dag.py:3954} INFO - Setting next_dagrun for dag_id_1 to None, run_after=None
[2024-07-15T13:51:47.586+0000] {processor.py:183} INFO - Processing /opt/airflow/dags/dag_id_1.py took 0.033 seconds
[2024-07-15T13:52:52.124+0000] {processor.py:161} INFO - Started process (PID=35) to work on /opt/airflow/dags/dag_id_1.py
[2024-07-15T13:52:52.125+0000] {processor.py:830} INFO - Processing file /opt/airflow/dags/dag_id_1.py for tasks to queue
[2024-07-15T13:52:52.126+0000] {logging_mixin.py:188} INFO - [2024-07-15T13:52:52.126+0000] {dagbag.py:545} INFO - Filling up the DagBag from /opt/airflow/dags/dag_id_1.py
[2024-07-15T13:52:52.133+0000] {processor.py:840} INFO - DAG(s) 'dag_id_1' retrieved from /opt/airflow/dags/dag_id_1.py
[2024-07-15T13:52:52.195+0000] {logging_mixin.py:188} INFO - [2024-07-15T13:52:52.194+0000] {dag.py:3096} INFO - Sync 1 DAGs
[2024-07-15T13:52:52.201+0000] {logging_mixin.py:188} INFO - [2024-07-15T13:52:52.201+0000] {dag.py:3954} INFO - Setting next_dagrun for dag_id_1 to None, run_after=None
[2024-07-15T13:52:52.210+0000] {processor.py:183} INFO - Processing /opt/airflow/dags/dag_id_1.py took 0.089 seconds
[2024-07-15T13:53:22.845+0000] {processor.py:161} INFO - Started process (PID=99) to work on /opt/airflow/dags/dag_id_1.py
[2024-07-15T13:53:22.846+0000] {processor.py:830} INFO - Processing file /opt/airflow/dags/dag_id_1.py for tasks to queue
[2024-07-15T13:53:22.847+0000] {logging_mixin.py:188} INFO - [2024-07-15T13:53:22.846+0000] {dagbag.py:545} INFO - Filling up the DagBag from /opt/airflow/dags/dag_id_1.py
[2024-07-15T13:53:22.852+0000] {processor.py:840} INFO - DAG(s) 'dag_id_1' retrieved from /opt/airflow/dags/dag_id_1.py
[2024-07-15T13:53:22.862+0000] {logging_mixin.py:188} INFO - [2024-07-15T13:53:22.862+0000] {dag.py:3096} INFO - Sync 1 DAGs
[2024-07-15T13:53:22.869+0000] {logging_mixin.py:188} INFO - [2024-07-15T13:53:22.869+0000] {dag.py:3954} INFO - Setting next_dagrun for dag_id_1 to None, run_after=None
[2024-07-15T13:53:22.879+0000] {processor.py:183} INFO - Processing /opt/airflow/dags/dag_id_1.py took 0.037 seconds
[2024-07-15T13:53:53.567+0000] {processor.py:161} INFO - Started process (PID=163) to work on /opt/airflow/dags/dag_id_1.py
[2024-07-15T13:53:53.568+0000] {processor.py:830} INFO - Processing file /opt/airflow/dags/dag_id_1.py for tasks to queue
[2024-07-15T13:53:53.569+0000] {logging_mixin.py:188} INFO - [2024-07-15T13:53:53.569+0000] {dagbag.py:545} INFO - Filling up the DagBag from /opt/airflow/dags/dag_id_1.py
[2024-07-15T13:53:53.573+0000] {processor.py:840} INFO - DAG(s) 'dag_id_1' retrieved from /opt/airflow/dags/dag_id_1.py
[2024-07-15T13:53:53.584+0000] {logging_mixin.py:188} INFO - [2024-07-15T13:53:53.584+0000] {dag.py:3096} INFO - Sync 1 DAGs
[2024-07-15T13:53:53.590+0000] {logging_mixin.py:188} INFO - [2024-07-15T13:53:53.590+0000] {dag.py:3954} INFO - Setting next_dagrun for dag_id_1 to None, run_after=None
[2024-07-15T13:53:53.600+0000] {processor.py:183} INFO - Processing /opt/airflow/dags/dag_id_1.py took 0.036 seconds
[2024-07-15T13:54:23.815+0000] {processor.py:161} INFO - Started process (PID=227) to work on /opt/airflow/dags/dag_id_1.py
[2024-07-15T13:54:23.816+0000] {processor.py:830} INFO - Processing file /opt/airflow/dags/dag_id_1.py for tasks to queue
[2024-07-15T13:54:23.817+0000] {logging_mixin.py:188} INFO - [2024-07-15T13:54:23.817+0000] {dagbag.py:545} INFO - Filling up the DagBag from /opt/airflow/dags/dag_id_1.py
[2024-07-15T13:54:23.822+0000] {processor.py:840} INFO - DAG(s) 'dag_id_1' retrieved from /opt/airflow/dags/dag_id_1.py
[2024-07-15T13:54:23.833+0000] {logging_mixin.py:188} INFO - [2024-07-15T13:54:23.833+0000] {dag.py:3096} INFO - Sync 1 DAGs
[2024-07-15T13:54:23.840+0000] {logging_mixin.py:188} INFO - [2024-07-15T13:54:23.840+0000] {dag.py:3954} INFO - Setting next_dagrun for dag_id_1 to None, run_after=None
[2024-07-15T13:54:23.823+0000] {processor.py:183} INFO - Processing /opt/airflow/dags/dag_id_1.py took 0.038 seconds
[2024-07-15T13:54:54.014+0000] {processor.py:161} INFO - Started process (PID=291) to work on /opt/airflow/dags/dag_id_1.py
[2024-07-15T13:54:54.015+0000] {processor.py:830} INFO - Processing file /opt/airflow/dags/dag_id_1.py for tasks to queue
[2024-07-15T13:54:54.016+0000] {logging_mixin.py:188} INFO - [2024-07-15T13:54:54.016+0000] {dagbag.py:545} INFO - Filling up the DagBag from /opt/airflow/dags/dag_id_1.py
[2024-07-15T13:54:54.022+0000] {processor.py:840} INFO - DAG(s) 'dag_id_1' retrieved from /opt/airflow/dags/dag_id_1.py
[2024-07-15T13:54:54.034+0000] {logging_mixin.py:188} INFO - [2024-07-15T13:54:54.034+0000] {dag.py:3096} INFO - Sync 1 DAGs
[2024-07-15T13:54:54.040+0000] {logging_mixin.py:188} INFO - [2024-07-15T13:54:54.040+0000] {dag.py:3954} INFO - Setting next_dagrun for dag_id_1 to None, run_after=None
[2024-07-15T13:54:54.049+0000] {processor.py:183} INFO - Processing /opt/airflow/dags/dag_id_1.py took 0.039 seconds
[2024-07-15T13:55:24.208+0000] {processor.py:161} INFO - Started process (PID=355) to work on /opt/airflow/dags/dag_id_1.py
[2024-07-15T13:55:24.209+0000] {processor.py:830} INFO - Processing file /opt/airflow/dags/dag_id_1.py for tasks to queue
[2024-07-15T13:55:24.210+0000] {logging_mixin.py:188} INFO - [2024-07-15T13:55:24.210+0000] {dagbag.py:545} INFO - Filling up the DagBag from /opt/airflow/dags/dag_id_1.py
[2024-07-15T13:55:24.215+0000] {processor.py:840} INFO - DAG(s) 'dag_id_1' retrieved from /opt/airflow/dags/dag_id_1.py
[2024-07-15T13:55:24.225+0000] {logging_mixin.py:188} INFO - [2024-07-15T13:55:24.225+0000] {dag.py:3096} INFO - Sync 1 DAGs
[2024-07-15T13:55:24.232+0000] {logging_mixin.py:188} INFO - [2024-07-15T13:55:24.232+0000] {dag.py:3954} INFO - Setting next_dagrun for dag_id_1 to None, run_after=None
[2024-07-15T13:55:24.241+0000] {processor.py:183} INFO - Processing /opt/airflow/dags/dag_id_1.py took 0.036 seconds
[2024-07-15T13:55:55.303+0000] {processor.py:161} INFO - Started process (PID=420) to work on /opt/airflow/dags/dag_id_1.py
[2024-07-15T13:55:55.304+0000] {processor.py:830} INFO - Processing file /opt/airflow/dags/dag_id_1.py for tasks to queue
[2024-07-15T13:55:55.305+0000] {logging_mixin.py:188} INFO - [2024-07-15T13:55:55.305+0000] {dagbag.py:545} INFO - Filling up the DagBag from /opt/airflow/dags/dag_id_1.py
[2024-07-15T13:55:55.310+0000] {processor.py:840} INFO - DAG(s) 'dag_id_1' retrieved from /opt/airflow/dags/dag_id_1.py
[2024-07-15T13:55:55.323+0000] {logging_mixin.py:188} INFO - [2024-07-15T13:55:55.323+0000] {dag.py:3096} INFO - Sync 1 DAGs
[2024-07-15T13:55:55.329+0000] {logging_mixin.py:188} INFO - [2024-07-15T13:55:55.329+0000] {dag.py:3954} INFO - Setting next_dagrun for dag_id_1 to None, run_after=None
[2024-07-15T13:55:55.339+0000] {processor.py:183} INFO - Processing /opt/airflow/dags/dag_id_1.py took 0.039 seconds
[2024-07-15T13:56:25.488+0000] {processor.py:161} INFO - Started process (PID=484) to work on /opt/airflow/dags/dag_id_1.py
[2024-07-15T13:56:25.489+0000] {processor.py:830} INFO - Processing file /opt/airflow/dags/dag_id_1.py for tasks to queue
[2024-07-15T13:56:25.490+0000] {logging_mixin.py:188} INFO - [2024-07-15T13:56:25.490+0000] {dagbag.py:545} INFO - Filling up the DagBag from /opt/airflow/dags/dag_id_1.py
[2024-07-15T13:56:25.495+0000] {processor.py:840} INFO - DAG(s) 'dag_id_1' retrieved from /opt/airflow/dags/dag_id_1.py
[2024-07-15T13:56:25.507+0000] {logging_mixin.py:188} INFO - [2024-07-15T13:56:25.507+0000] {dag.py:3096} INFO - Sync 1 DAGs
[2024-07-15T13:56:25.514+0000] {logging_mixin.py:188} INFO - [2024-07-15T13:56:25.514+0000] {dag.py:3954} INFO - Setting next_dagrun for dag_id_1 to None, run_after=None
[2024-07-15T13:56:25.525+0000] {processor.py:183} INFO - Processing /opt/airflow/dags/dag_id_1.py took 0.040 seconds
[2024-07-15T13:56:55.743+0000] {processor.py:161} INFO - Started process (PID=548) to work on /opt/airflow/dags/dag_id_1.py
[2024-07-15T13:56:55.744+0000] {processor.py:830} INFO - Processing file /opt/airflow/dags/dag_id_1.py for tasks to queue
[2024-07-15T13:56:55.745+0000] {logging_mixin.py:188} INFO - [2024-07-15T13:56:55.745+0000] {dagbag.py:545} INFO - Filling up the DagBag from /opt/airflow/dags/dag_id_1.py
[2024-07-15T13:56:55.749+0000] {processor.py:840} INFO - DAG(s) 'dag_id_1' retrieved from /opt/airflow/dags/dag_id_1.py
[2024-07-15T13:56:55.761+0000] {logging_mixin.py:188} INFO - [2024-07-15T13:56:55.760+0000] {dag.py:3096} INFO - Sync 1 DAGs
[2024-07-15T13:56:55.766+0000] {logging_mixin.py:188} INFO - [2024-07-15T13:56:55.766+0000] {dag.py:3954} INFO - Setting next_dagrun for dag_id_1 to None, run_after=None
[2024-07-15T13:56:55.775+0000] {processor.py:183} INFO - Processing /opt/airflow/dags/dag_id_1.py took 0.035 seconds
[2024-07-15T13:57:25.952+0000] {processor.py:161} INFO - Started process (PID=612) to work on /opt/airflow/dags/dag_id_1.py
[2024-07-15T13:57:25.953+0000] {processor.py:830} INFO - Processing file /opt/airflow/dags/dag_id_1.py for tasks to queue
[2024-07-15T13:57:25.954+0000] {logging_mixin.py:188} INFO - [2024-07-15T13:57:25.954+0000] {dagbag.py:545} INFO - Filling up the DagBag from /opt/airflow/dags/dag_id_1.py
[2024-07-15T13:57:25.960+0000] {processor.py:840} INFO - DAG(s) 'dag_id_1' retrieved from /opt/airflow/dags/dag_id_1.py
[2024-07-15T13:57:25.974+0000] {logging_mixin.py:188} INFO - [2024-07-15T13:57:25.974+0000] {dag.py:3096} INFO - Sync 1 DAGs
[2024-07-15T13:57:25.981+0000] {logging_mixin.py:188} INFO - [2024-07-15T13:57:25.981+0000] {dag.py:3954} INFO - Setting next_dagrun for dag_id_1 to None, run_after=None
[2024-07-15T13:57:25.992+0000] {processor.py:183} INFO - Processing /opt/airflow/dags/dag_id_1.py took 0.043 seconds
[2024-07-15T13:57:56.086+0000] {processor.py:161} INFO - Started process (PID=676) to work on /opt/airflow/dags/dag_id_1.py
[2024-07-15T13:57:56.087+0000] {processor.py:830} INFO - Processing file /opt/airflow/dags/dag_id_1.py for tasks to queue
[2024-07-15T13:57:56.088+0000] {logging_mixin.py:188} INFO - [2024-07-15T13:57:56.088+0000] {dagbag.py:545} INFO - Filling up the DagBag from /opt/airflow/dags/dag_id_1.py
[2024-07-15T13:57:56.092+0000] {processor.py:840} INFO - DAG(s) 'dag_id_1' retrieved from /opt/airflow/dags/dag_id_1.py
[2024-07-15T13:57:56.102+0000] {logging_mixin.py:188} INFO - [2024-07-15T13:57:56.102+0000] {dag.py:3096} INFO - Sync 1 DAGs
[2024-07-15T13:57:56.108+0000] {logging_mixin.py:188} INFO - [2024-07-15T13:57:56.108+0000] {dag.py:3954} INFO - Setting next_dagrun for dag_id_1 to None, run_after=None
[2024-07-15T13:57:56.117+0000] {processor.py:183} INFO - Processing /opt/airflow/dags/dag_id_1.py took 0.034 seconds
[2024-07-15T13:58:26.204+0000] {processor.py:161} INFO - Started process (PID=740) to work on /opt/airflow/dags/dag_id_1.py
[2024-07-15T13:58:26.205+0000] {processor.py:830} INFO - Processing file /opt/airflow/dags/dag_id_1.py for tasks to queue
[2024-07-15T13:58:26.206+0000] {logging_mixin.py:188} INFO - [2024-07-15T13:58:26.206+0000] {dagbag.py:545} INFO - Filling up the DagBag from /opt/airflow/dags/dag_id_1.py
[2024-07-15T13:58:26.211+0000] {processor.py:840} INFO - DAG(s) 'dag_id_1' retrieved from /opt/airflow/dags/dag_id_1.py
[2024-07-15T13:58:26.221+0000] {logging_mixin.py:188} INFO - [2024-07-15T13:58:26.221+0000] {dag.py:3096} INFO - Sync 1 DAGs
[2024-07-15T13:58:26.228+0000] {logging_mixin.py:188} INFO - [2024-07-15T13:58:26.227+0000] {dag.py:3954} INFO - Setting next_dagrun for dag_id_1 to None, run_after=None
[2024-07-15T13:58:26.236+0000] {processor.py:183} INFO - Processing /opt/airflow/dags/dag_id_1.py took 0.035 seconds
[2024-07-15T13:58:56.289+0000] {processor.py:161} INFO - Started process (PID=804) to work on /opt/airflow/dags/dag_id_1.py
[2024-07-15T13:58:56.289+0000] {processor.py:830} INFO - Processing file /opt/airflow/dags/dag_id_1.py for tasks to queue
[2024-07-15T13:58:56.290+0000] {logging_mixin.py:188} INFO - [2024-07-15T13:58:56.290+0000] {dagbag.py:545} INFO - Filling up the DagBag from /opt/airflow/dags/dag_id_1.py
[2024-07-15T13:58:56.296+0000] {processor.py:840} INFO - DAG(s) 'dag_id_1' retrieved from /opt/airflow/dags/dag_id_1.py
[2024-07-15T13:58:56.306+0000] {logging_mixin.py:188} INFO - [2024-07-15T13:58:56.306+0000] {dag.py:3096} INFO - Sync 1 DAGs
[2024-07-15T13:58:56.315+0000] {logging_mixin.py:188} INFO - [2024-07-15T13:58:56.314+0000] {dag.py:3954} INFO - Setting next_dagrun for dag_id_1 to None, run_after=None
[2024-07-15T13:58:56.323+0000] {processor.py:183} INFO - Processing /opt/airflow/dags/dag_id_1.py took 0.038 seconds
[2024-07-15T13:59:26.565+0000] {processor.py:161} INFO - Started process (PID=868) to work on /opt/airflow/dags/dag_id_1.py
[2024-07-15T13:59:26.566+0000] {processor.py:830} INFO - Processing file /opt/airflow/dags/dag_id_1.py for tasks to queue
[2024-07-15T13:59:26.567+0000] {logging_mixin.py:188} INFO - [2024-07-15T13:59:26.566+0000] {dagbag.py:545} INFO - Filling up the DagBag from /opt/airflow/dags/dag_id_1.py
[2024-07-15T13:59:26.572+0000] {processor.py:840} INFO - DAG(s) 'dag_id_1' retrieved from /opt/airflow/dags/dag_id_1.py
[2024-07-15T13:59:26.583+0000] {logging_mixin.py:188} INFO - [2024-07-15T13:59:26.583+0000] {dag.py:3096} INFO - Sync 1 DAGs
[2024-07-15T13:59:26.590+0000] {logging_mixin.py:188} INFO - [2024-07-15T13:59:26.590+0000] {dag.py:3954} INFO - Setting next_dagrun for dag_id_1 to None, run_after=None
[2024-07-15T13:59:26.599+0000] {processor.py:183} INFO - Processing /opt/airflow/dags/dag_id_1.py took 0.038 seconds
[2024-07-15T13:59:56.764+0000] {processor.py:161} INFO - Started process (PID=932) to work on /opt/airflow/dags/dag_id_1.py
[2024-07-15T13:59:56.765+0000] {processor.py:830} INFO - Processing file /opt/airflow/dags/dag_id_1.py for tasks to queue
[2024-07-15T13:59:56.766+0000] {logging_mixin.py:188} INFO - [2024-07-15T13:59:56.766+0000] {dagbag.py:545} INFO - Filling up the DagBag from /opt/airflow/dags/dag_id_1.py
[2024-07-15T13:59:56.771+0000] {processor.py:840} INFO - DAG(s) 'dag_id_1' retrieved from /opt/airflow/dags/dag_id_1.py
[2024-07-15T13:59:56.781+0000] {logging_mixin.py:188} INFO - [2024-07-15T13:59:56.781+0000] {dag.py:3096} INFO - Sync 1 DAGs
[2024-07-15T13:59:56.787+0000] {logging_mixin.py:188} INFO - [2024-07-15T13:59:56.787+0000] {dag.py:3954} INFO - Setting next_dagrun for dag_id_1 to None, run_after=None
[2024-07-15T13:59:56.796+0000] {processor.py:183} INFO - Processing /opt/airflow/dags/dag_id_1.py took 0.035 seconds
[2024-07-15T14:00:26.971+0000] {processor.py:161} INFO - Started process (PID=996) to work on /opt/airflow/dags/dag_id_1.py
[2024-07-15T14:00:26.972+0000] {processor.py:830} INFO - Processing file /opt/airflow/dags/dag_id_1.py for tasks to queue
[2024-07-15T14:00:26.973+0000] {logging_mixin.py:188} INFO - [2024-07-15T14:00:26.973+0000] {dagbag.py:545} INFO - Filling up the DagBag from /opt/airflow/dags/dag_id_1.py
[2024-07-15T14:00:26.979+0000] {processor.py:840} INFO - DAG(s) 'dag_id_1' retrieved from /opt/airflow/dags/dag_id_1.py
[2024-07-15T14:00:26.993+0000] {logging_mixin.py:188} INFO - [2024-07-15T14:00:26.993+0000] {dag.py:3096} INFO - Sync 1 DAGs
[2024-07-15T14:00:27.001+0000] {logging_mixin.py:188} INFO - [2024-07-15T14:00:27.001+0000] {dag.py:3954} INFO - Setting next_dagrun for dag_id_1 to None, run_after=None
[2024-07-15T14:00:27.009+0000] {processor.py:183} INFO - Processing /opt/airflow/dags/dag_id_1.py took 0.041 seconds
[2024-07-15T14:00:57.029+0000] {processor.py:161} INFO - Started process (PID=1060) to work on /opt/airflow/dags/dag_id_1.py
[2024-07-15T14:00:57.029+0000] {processor.py:830} INFO - Processing file /opt/airflow/dags/dag_id_1.py for tasks to queue
[2024-07-15T14:00:57.030+0000] {logging_mixin.py:188} INFO - [2024-07-15T14:00:57.030+0000] {dagbag.py:545} INFO - Filling up the DagBag from /opt/airflow/dags/dag_id_1.py
[2024-07-15T14:00:57.035+0000] {processor.py:840} INFO - DAG(s) 'dag_id_1' retrieved from /opt/airflow/dags/dag_id_1.py
[2024-07-15T14:00:57.045+0000] {logging_mixin.py:188} INFO - [2024-07-15T14:00:57.045+0000] {dag.py:3096} INFO - Sync 1 DAGs
[2024-07-15T14:00:57.053+0000] {logging_mixin.py:188} INFO - [2024-07-15T14:00:57.053+0000] {dag.py:3954} INFO - Setting next_dagrun for dag_id_1 to None, run_after=None
[2024-07-15T14:00:57.062+0000] {processor.py:183} INFO - Processing /opt/airflow/dags/dag_id_1.py took 0.036 seconds
[2024-07-15T14:01:27.153+0000] {processor.py:161} INFO - Started process (PID=1124) to work on /opt/airflow/dags/dag_id_1.py
[2024-07-15T14:01:27.154+0000] {processor.py:830} INFO - Processing file /opt/airflow/dags/dag_id_1.py for tasks to queue
[2024-07-15T14:01:27.155+0000] {logging_mixin.py:188} INFO - [2024-07-15T14:01:27.155+0000] {dagbag.py:545} INFO - Filling up the DagBag from /opt/airflow/dags/dag_id_1.py
[2024-07-15T14:01:27.160+0000] {processor.py:840} INFO - DAG(s) 'dag_id_1' retrieved from /opt/airflow/dags/dag_id_1.py
[2024-07-15T14:01:27.172+0000] {logging_mixin.py:188} INFO - [2024-07-15T14:01:27.172+0000] {dag.py:3096} INFO - Sync 1 DAGs
[2024-07-15T14:01:27.180+0000] {logging_mixin.py:188} INFO - [2024-07-15T14:01:27.180+0000] {dag.py:3954} INFO - Setting next_dagrun for dag_id_1 to None, run_after=None
[2024-07-15T14:01:27.189+0000] {processor.py:183} INFO - Processing /opt/airflow/dags/dag_id_1.py took 0.040 seconds
[2024-07-15T14:01:57.324+0000] {processor.py:161} INFO - Started process (PID=1188) to work on /opt/airflow/dags/dag_id_1.py
[2024-07-15T14:01:57.325+0000] {processor.py:830} INFO - Processing file /opt/airflow/dags/dag_id_1.py for tasks to queue
[2024-07-15T14:01:57.326+0000] {logging_mixin.py:188} INFO - [2024-07-15T14:01:57.325+0000] {dagbag.py:545} INFO - Filling up the DagBag from /opt/airflow/dags/dag_id_1.py
[2024-07-15T14:01:57.330+0000] {processor.py:840} INFO - DAG(s) 'dag_id_1' retrieved from /opt/airflow/dags/dag_id_1.py
[2024-07-15T14:01:57.341+0000] {logging_mixin.py:188} INFO - [2024-07-15T14:01:57.341+0000] {dag.py:3096} INFO - Sync 1 DAGs
[2024-07-15T14:01:57.347+0000] {logging_mixin.py:188} INFO - [2024-07-15T14:01:57.347+0000] {dag.py:3954} INFO - Setting next_dagrun for dag_id_1 to None, run_after=None
[2024-07-15T14:01:57.355+0000] {processor.py:183} INFO - Processing /opt/airflow/dags/dag_id_1.py took 0.035 seconds
[2024-07-15T14:02:27.498+0000] {processor.py:161} INFO - Started process (PID=1252) to work on /opt/airflow/dags/dag_id_1.py
[2024-07-15T14:02:27.499+0000] {processor.py:830} INFO - Processing file /opt/airflow/dags/dag_id_1.py for tasks to queue
[2024-07-15T14:02:27.500+0000] {logging_mixin.py:188} INFO - [2024-07-15T14:02:27.500+0000] {dagbag.py:545} INFO - Filling up the DagBag from /opt/airflow/dags/dag_id_1.py
[2024-07-15T14:02:27.505+0000] {processor.py:840} INFO - DAG(s) 'dag_id_1' retrieved from /opt/airflow/dags/dag_id_1.py
[2024-07-15T14:02:27.519+0000] {logging_mixin.py:188} INFO - [2024-07-15T14:02:27.519+0000] {dag.py:3096} INFO - Sync 1 DAGs
[2024-07-15T14:02:27.525+0000] {logging_mixin.py:188} INFO - [2024-07-15T14:02:27.524+0000] {dag.py:3954} INFO - Setting next_dagrun for dag_id_1 to None, run_after=None
[2024-07-15T14:02:27.533+0000] {processor.py:183} INFO - Processing /opt/airflow/dags/dag_id_1.py took 0.039 seconds
[2024-07-15T14:02:57.637+0000] {processor.py:161} INFO - Started process (PID=1316) to work on /opt/airflow/dags/dag_id_1.py
[2024-07-15T14:02:57.638+0000] {processor.py:830} INFO - Processing file /opt/airflow/dags/dag_id_1.py for tasks to queue
[2024-07-15T14:02:57.639+0000] {logging_mixin.py:188} INFO - [2024-07-15T14:02:57.639+0000] {dagbag.py:545} INFO - Filling up the DagBag from /opt/airflow/dags/dag_id_1.py
[2024-07-15T14:02:57.643+0000] {processor.py:840} INFO - DAG(s) 'dag_id_1' retrieved from /opt/airflow/dags/dag_id_1.py
[2024-07-15T14:02:57.655+0000] {logging_mixin.py:188} INFO - [2024-07-15T14:02:57.655+0000] {dag.py:3096} INFO - Sync 1 DAGs
[2024-07-15T14:02:57.661+0000] {logging_mixin.py:188} INFO - [2024-07-15T14:02:57.660+0000] {dag.py:3954} INFO - Setting next_dagrun for dag_id_1 to None, run_after=None
[2024-07-15T14:02:57.669+0000] {processor.py:183} INFO - Processing /opt/airflow/dags/dag_id_1.py took 0.035 seconds
[2024-07-15T14:03:27.730+0000] {processor.py:161} INFO - Started process (PID=1379) to work on /opt/airflow/dags/dag_id_1.py
[2024-07-15T14:03:27.731+0000] {processor.py:830} INFO - Processing file /opt/airflow/dags/dag_id_1.py for tasks to queue
[2024-07-15T14:03:27.732+0000] {logging_mixin.py:188} INFO - [2024-07-15T14:03:27.732+0000] {dagbag.py:545} INFO - Filling up the DagBag from /opt/airflow/dags/dag_id_1.py
[2024-07-15T14:03:27.740+0000] {processor.py:840} INFO - DAG(s) 'dag_id_1' retrieved from /opt/airflow/dags/dag_id_1.py
[2024-07-15T14:03:27.753+0000] {logging_mixin.py:188} INFO - [2024-07-15T14:03:27.753+0000] {dag.py:3096} INFO - Sync 1 DAGs
[2024-07-15T14:03:27.760+0000] {logging_mixin.py:188} INFO - [2024-07-15T14:03:27.759+0000] {dag.py:3954} INFO - Setting next_dagrun for dag_id_1 to None, run_after=None
[2024-07-15T14:03:27.768+0000] {processor.py:183} INFO - Processing /opt/airflow/dags/dag_id_1.py took 0.041 seconds
[2024-07-15T14:03:58.086+0000] {processor.py:161} INFO - Started process (PID=1444) to work on /opt/airflow/dags/dag_id_1.py
[2024-07-15T14:03:58.086+0000] {processor.py:830} INFO - Processing file /opt/airflow/dags/dag_id_1.py for tasks to queue
[2024-07-15T14:03:58.087+0000] {logging_mixin.py:188} INFO - [2024-07-15T14:03:58.087+0000] {dagbag.py:545} INFO - Filling up the DagBag from /opt/airflow/dags/dag_id_1.py
[2024-07-15T14:03:58.092+0000] {processor.py:840} INFO - DAG(s) 'dag_id_1' retrieved from /opt/airflow/dags/dag_id_1.py
[2024-07-15T14:03:58.103+0000] {logging_mixin.py:188} INFO - [2024-07-15T14:03:58.103+0000] {dag.py:3096} INFO - Sync 1 DAGs
[2024-07-15T14:03:58.108+0000] {logging_mixin.py:188} INFO - [2024-07-15T14:03:58.108+0000] {dag.py:3954} INFO - Setting next_dagrun for dag_id_1 to None, run_after=None
[2024-07-15T14:03:58.117+0000] {processor.py:183} INFO - Processing /opt/airflow/dags/dag_id_1.py took 0.035 seconds
[2024-07-15T14:04:28.130+0000] {processor.py:161} INFO - Started process (PID=1507) to work on /opt/airflow/dags/dag_id_1.py
[2024-07-15T14:04:28.130+0000] {processor.py:830} INFO - Processing file /opt/airflow/dags/dag_id_1.py for tasks to queue
[2024-07-15T14:04:28.132+0000] {logging_mixin.py:188} INFO - [2024-07-15T14:04:28.131+0000] {dagbag.py:545} INFO - Filling up the DagBag from /opt/airflow/dags/dag_id_1.py
[2024-07-15T14:04:28.136+0000] {processor.py:840} INFO - DAG(s) 'dag_id_1' retrieved from /opt/airflow/dags/dag_id_1.py
[2024-07-15T14:04:28.146+0000] {logging_mixin.py:188} INFO - [2024-07-15T14:04:28.146+0000] {dag.py:3096} INFO - Sync 1 DAGs
[2024-07-15T14:04:28.152+0000] {logging_mixin.py:188} INFO - [2024-07-15T14:04:28.152+0000] {dag.py:3954} INFO - Setting next_dagrun for dag_id_1 to None, run_after=None
[2024-07-15T14:04:28.161+0000] {processor.py:183} INFO - Processing /opt/airflow/dags/dag_id_1.py took 0.035 seconds
