[2024-07-15T13:40:20.538+0000] {processor.py:161} INFO - Started process (PID=34) to work on /opt/airflow/dags/dag_id_2.py
[2024-07-15T13:40:20.539+0000] {processor.py:830} INFO - Processing file /opt/airflow/dags/dag_id_2.py for tasks to queue
[2024-07-15T13:40:20.541+0000] {logging_mixin.py:188} INFO - [2024-07-15T13:40:20.540+0000] {dagbag.py:545} INFO - Filling up the DagBag from /opt/airflow/dags/dag_id_2.py
[2024-07-15T13:40:20.550+0000] {processor.py:840} INFO - DAG(s) 'dag_id_2' retrieved from /opt/airflow/dags/dag_id_2.py
[2024-07-15T13:40:20.601+0000] {logging_mixin.py:188} INFO - [2024-07-15T13:40:20.601+0000] {override.py:1829} INFO - Created Permission View: can edit on DAG:dag_id_2
[2024-07-15T13:40:20.606+0000] {logging_mixin.py:188} INFO - [2024-07-15T13:40:20.605+0000] {override.py:1829} INFO - Created Permission View: can delete on DAG:dag_id_2
[2024-07-15T13:40:20.609+0000] {logging_mixin.py:188} INFO - [2024-07-15T13:40:20.608+0000] {override.py:1829} INFO - Created Permission View: can read on DAG:dag_id_2
[2024-07-15T13:40:20.609+0000] {logging_mixin.py:188} INFO - [2024-07-15T13:40:20.609+0000] {dag.py:3096} INFO - Sync 1 DAGs
[2024-07-15T13:40:20.614+0000] {logging_mixin.py:188} INFO - [2024-07-15T13:40:20.614+0000] {dag.py:3118} INFO - Creating ORM DAG for dag_id_2
[2024-07-15T13:40:20.615+0000] {logging_mixin.py:188} INFO - [2024-07-15T13:40:20.615+0000] {dag.py:3954} INFO - Setting next_dagrun for dag_id_2 to None, run_after=None
[2024-07-15T13:40:20.622+0000] {processor.py:183} INFO - Processing /opt/airflow/dags/dag_id_2.py took 0.089 seconds
[2024-07-15T13:40:50.723+0000] {processor.py:161} INFO - Started process (PID=98) to work on /opt/airflow/dags/dag_id_2.py
[2024-07-15T13:40:50.723+0000] {processor.py:830} INFO - Processing file /opt/airflow/dags/dag_id_2.py for tasks to queue
[2024-07-15T13:40:50.724+0000] {logging_mixin.py:188} INFO - [2024-07-15T13:40:50.724+0000] {dagbag.py:545} INFO - Filling up the DagBag from /opt/airflow/dags/dag_id_2.py
[2024-07-15T13:40:50.729+0000] {processor.py:840} INFO - DAG(s) 'dag_id_2' retrieved from /opt/airflow/dags/dag_id_2.py
[2024-07-15T13:40:50.740+0000] {logging_mixin.py:188} INFO - [2024-07-15T13:40:50.740+0000] {dag.py:3096} INFO - Sync 1 DAGs
[2024-07-15T13:40:50.746+0000] {logging_mixin.py:188} INFO - [2024-07-15T13:40:50.746+0000] {dag.py:3954} INFO - Setting next_dagrun for dag_id_2 to None, run_after=None
[2024-07-15T13:40:50.755+0000] {processor.py:183} INFO - Processing /opt/airflow/dags/dag_id_2.py took 0.035 seconds
[2024-07-15T13:41:21.315+0000] {processor.py:161} INFO - Started process (PID=162) to work on /opt/airflow/dags/dag_id_2.py
[2024-07-15T13:41:21.316+0000] {processor.py:830} INFO - Processing file /opt/airflow/dags/dag_id_2.py for tasks to queue
[2024-07-15T13:41:21.317+0000] {logging_mixin.py:188} INFO - [2024-07-15T13:41:21.316+0000] {dagbag.py:545} INFO - Filling up the DagBag from /opt/airflow/dags/dag_id_2.py
[2024-07-15T13:41:21.323+0000] {processor.py:840} INFO - DAG(s) 'dag_id_2' retrieved from /opt/airflow/dags/dag_id_2.py
[2024-07-15T13:41:21.338+0000] {logging_mixin.py:188} INFO - [2024-07-15T13:41:21.338+0000] {dag.py:3096} INFO - Sync 1 DAGs
[2024-07-15T13:41:21.346+0000] {logging_mixin.py:188} INFO - [2024-07-15T13:41:21.346+0000] {dag.py:3954} INFO - Setting next_dagrun for dag_id_2 to None, run_after=None
[2024-07-15T13:41:21.356+0000] {processor.py:183} INFO - Processing /opt/airflow/dags/dag_id_2.py took 0.044 seconds
[2024-07-15T13:41:51.382+0000] {processor.py:161} INFO - Started process (PID=226) to work on /opt/airflow/dags/dag_id_2.py
[2024-07-15T13:41:51.382+0000] {processor.py:830} INFO - Processing file /opt/airflow/dags/dag_id_2.py for tasks to queue
[2024-07-15T13:41:51.383+0000] {logging_mixin.py:188} INFO - [2024-07-15T13:41:51.383+0000] {dagbag.py:545} INFO - Filling up the DagBag from /opt/airflow/dags/dag_id_2.py
[2024-07-15T13:41:51.387+0000] {processor.py:840} INFO - DAG(s) 'dag_id_2' retrieved from /opt/airflow/dags/dag_id_2.py
[2024-07-15T13:41:51.397+0000] {logging_mixin.py:188} INFO - [2024-07-15T13:41:51.397+0000] {dag.py:3096} INFO - Sync 1 DAGs
[2024-07-15T13:41:51.403+0000] {logging_mixin.py:188} INFO - [2024-07-15T13:41:51.403+0000] {dag.py:3954} INFO - Setting next_dagrun for dag_id_2 to None, run_after=None
[2024-07-15T13:41:51.412+0000] {processor.py:183} INFO - Processing /opt/airflow/dags/dag_id_2.py took 0.033 seconds
[2024-07-15T13:42:21.513+0000] {processor.py:161} INFO - Started process (PID=290) to work on /opt/airflow/dags/dag_id_2.py
[2024-07-15T13:42:21.513+0000] {processor.py:830} INFO - Processing file /opt/airflow/dags/dag_id_2.py for tasks to queue
[2024-07-15T13:42:21.514+0000] {logging_mixin.py:188} INFO - [2024-07-15T13:42:21.514+0000] {dagbag.py:545} INFO - Filling up the DagBag from /opt/airflow/dags/dag_id_2.py
[2024-07-15T13:42:21.521+0000] {processor.py:840} INFO - DAG(s) 'dag_id_2' retrieved from /opt/airflow/dags/dag_id_2.py
[2024-07-15T13:42:21.532+0000] {logging_mixin.py:188} INFO - [2024-07-15T13:42:21.532+0000] {dag.py:3096} INFO - Sync 1 DAGs
[2024-07-15T13:42:21.537+0000] {logging_mixin.py:188} INFO - [2024-07-15T13:42:21.537+0000] {dag.py:3954} INFO - Setting next_dagrun for dag_id_2 to None, run_after=None
[2024-07-15T13:42:21.545+0000] {processor.py:183} INFO - Processing /opt/airflow/dags/dag_id_2.py took 0.036 seconds
[2024-07-15T13:42:51.846+0000] {processor.py:161} INFO - Started process (PID=354) to work on /opt/airflow/dags/dag_id_2.py
[2024-07-15T13:42:51.846+0000] {processor.py:830} INFO - Processing file /opt/airflow/dags/dag_id_2.py for tasks to queue
[2024-07-15T13:42:51.847+0000] {logging_mixin.py:188} INFO - [2024-07-15T13:42:51.847+0000] {dagbag.py:545} INFO - Filling up the DagBag from /opt/airflow/dags/dag_id_2.py
[2024-07-15T13:42:51.854+0000] {processor.py:840} INFO - DAG(s) 'dag_id_2' retrieved from /opt/airflow/dags/dag_id_2.py
[2024-07-15T13:42:51.864+0000] {logging_mixin.py:188} INFO - [2024-07-15T13:42:51.864+0000] {dag.py:3096} INFO - Sync 1 DAGs
[2024-07-15T13:42:51.870+0000] {logging_mixin.py:188} INFO - [2024-07-15T13:42:51.870+0000] {dag.py:3954} INFO - Setting next_dagrun for dag_id_2 to None, run_after=None
[2024-07-15T13:42:51.879+0000] {processor.py:183} INFO - Processing /opt/airflow/dags/dag_id_2.py took 0.036 seconds
[2024-07-15T13:43:21.984+0000] {processor.py:161} INFO - Started process (PID=418) to work on /opt/airflow/dags/dag_id_2.py
[2024-07-15T13:43:21.984+0000] {processor.py:830} INFO - Processing file /opt/airflow/dags/dag_id_2.py for tasks to queue
[2024-07-15T13:43:21.985+0000] {logging_mixin.py:188} INFO - [2024-07-15T13:43:21.985+0000] {dagbag.py:545} INFO - Filling up the DagBag from /opt/airflow/dags/dag_id_2.py
[2024-07-15T13:43:21.991+0000] {processor.py:840} INFO - DAG(s) 'dag_id_2' retrieved from /opt/airflow/dags/dag_id_2.py
[2024-07-15T13:43:22.005+0000] {logging_mixin.py:188} INFO - [2024-07-15T13:43:22.005+0000] {dag.py:3096} INFO - Sync 1 DAGs
[2024-07-15T13:43:22.012+0000] {logging_mixin.py:188} INFO - [2024-07-15T13:43:22.012+0000] {dag.py:3954} INFO - Setting next_dagrun for dag_id_2 to None, run_after=None
[2024-07-15T13:43:22.022+0000] {processor.py:183} INFO - Processing /opt/airflow/dags/dag_id_2.py took 0.043 seconds
[2024-07-15T13:43:52.045+0000] {processor.py:161} INFO - Started process (PID=482) to work on /opt/airflow/dags/dag_id_2.py
[2024-07-15T13:43:52.045+0000] {processor.py:830} INFO - Processing file /opt/airflow/dags/dag_id_2.py for tasks to queue
[2024-07-15T13:43:52.046+0000] {logging_mixin.py:188} INFO - [2024-07-15T13:43:52.046+0000] {dagbag.py:545} INFO - Filling up the DagBag from /opt/airflow/dags/dag_id_2.py
[2024-07-15T13:43:52.051+0000] {processor.py:840} INFO - DAG(s) 'dag_id_2' retrieved from /opt/airflow/dags/dag_id_2.py
[2024-07-15T13:43:52.063+0000] {logging_mixin.py:188} INFO - [2024-07-15T13:43:52.063+0000] {dag.py:3096} INFO - Sync 1 DAGs
[2024-07-15T13:43:52.069+0000] {logging_mixin.py:188} INFO - [2024-07-15T13:43:52.069+0000] {dag.py:3954} INFO - Setting next_dagrun for dag_id_2 to None, run_after=None
[2024-07-15T13:43:52.081+0000] {processor.py:183} INFO - Processing /opt/airflow/dags/dag_id_2.py took 0.040 seconds
[2024-07-15T13:44:22.437+0000] {processor.py:161} INFO - Started process (PID=546) to work on /opt/airflow/dags/dag_id_2.py
[2024-07-15T13:44:22.438+0000] {processor.py:830} INFO - Processing file /opt/airflow/dags/dag_id_2.py for tasks to queue
[2024-07-15T13:44:22.439+0000] {logging_mixin.py:188} INFO - [2024-07-15T13:44:22.439+0000] {dagbag.py:545} INFO - Filling up the DagBag from /opt/airflow/dags/dag_id_2.py
[2024-07-15T13:44:22.445+0000] {processor.py:840} INFO - DAG(s) 'dag_id_2' retrieved from /opt/airflow/dags/dag_id_2.py
[2024-07-15T13:44:22.458+0000] {logging_mixin.py:188} INFO - [2024-07-15T13:44:22.458+0000] {dag.py:3096} INFO - Sync 1 DAGs
[2024-07-15T13:44:22.466+0000] {logging_mixin.py:188} INFO - [2024-07-15T13:44:22.466+0000] {dag.py:3954} INFO - Setting next_dagrun for dag_id_2 to None, run_after=None
[2024-07-15T13:44:22.483+0000] {processor.py:183} INFO - Processing /opt/airflow/dags/dag_id_2.py took 0.048 seconds
[2024-07-15T13:45:45.923+0000] {processor.py:161} INFO - Started process (PID=35) to work on /opt/airflow/dags/dag_id_2.py
[2024-07-15T13:45:45.923+0000] {processor.py:830} INFO - Processing file /opt/airflow/dags/dag_id_2.py for tasks to queue
[2024-07-15T13:45:45.924+0000] {logging_mixin.py:188} INFO - [2024-07-15T13:45:45.924+0000] {dagbag.py:545} INFO - Filling up the DagBag from /opt/airflow/dags/dag_id_2.py
[2024-07-15T13:45:45.930+0000] {processor.py:840} INFO - DAG(s) 'dag_id_2' retrieved from /opt/airflow/dags/dag_id_2.py
[2024-07-15T13:45:45.975+0000] {logging_mixin.py:188} INFO - [2024-07-15T13:45:45.975+0000] {dag.py:3096} INFO - Sync 1 DAGs
[2024-07-15T13:45:45.980+0000] {logging_mixin.py:188} INFO - [2024-07-15T13:45:45.980+0000] {dag.py:3954} INFO - Setting next_dagrun for dag_id_2 to None, run_after=None
[2024-07-15T13:45:45.989+0000] {processor.py:183} INFO - Processing /opt/airflow/dags/dag_id_2.py took 0.070 seconds
[2024-07-15T13:46:16.714+0000] {processor.py:161} INFO - Started process (PID=99) to work on /opt/airflow/dags/dag_id_2.py
[2024-07-15T13:46:16.714+0000] {processor.py:830} INFO - Processing file /opt/airflow/dags/dag_id_2.py for tasks to queue
[2024-07-15T13:46:16.715+0000] {logging_mixin.py:188} INFO - [2024-07-15T13:46:16.715+0000] {dagbag.py:545} INFO - Filling up the DagBag from /opt/airflow/dags/dag_id_2.py
[2024-07-15T13:46:16.720+0000] {processor.py:840} INFO - DAG(s) 'dag_id_2' retrieved from /opt/airflow/dags/dag_id_2.py
[2024-07-15T13:46:16.731+0000] {logging_mixin.py:188} INFO - [2024-07-15T13:46:16.731+0000] {dag.py:3096} INFO - Sync 1 DAGs
[2024-07-15T13:46:16.737+0000] {logging_mixin.py:188} INFO - [2024-07-15T13:46:16.737+0000] {dag.py:3954} INFO - Setting next_dagrun for dag_id_2 to None, run_after=None
[2024-07-15T13:46:16.747+0000] {processor.py:183} INFO - Processing /opt/airflow/dags/dag_id_2.py took 0.036 seconds
[2024-07-15T13:46:47.483+0000] {processor.py:161} INFO - Started process (PID=162) to work on /opt/airflow/dags/dag_id_2.py
[2024-07-15T13:46:47.483+0000] {processor.py:830} INFO - Processing file /opt/airflow/dags/dag_id_2.py for tasks to queue
[2024-07-15T13:46:47.484+0000] {logging_mixin.py:188} INFO - [2024-07-15T13:46:47.484+0000] {dagbag.py:545} INFO - Filling up the DagBag from /opt/airflow/dags/dag_id_2.py
[2024-07-15T13:46:47.489+0000] {processor.py:840} INFO - DAG(s) 'dag_id_2' retrieved from /opt/airflow/dags/dag_id_2.py
[2024-07-15T13:46:47.500+0000] {logging_mixin.py:188} INFO - [2024-07-15T13:46:47.500+0000] {dag.py:3096} INFO - Sync 1 DAGs
[2024-07-15T13:46:47.506+0000] {logging_mixin.py:188} INFO - [2024-07-15T13:46:47.506+0000] {dag.py:3954} INFO - Setting next_dagrun for dag_id_2 to None, run_after=None
[2024-07-15T13:46:47.516+0000] {processor.py:183} INFO - Processing /opt/airflow/dags/dag_id_2.py took 0.036 seconds
[2024-07-15T13:47:17.614+0000] {processor.py:161} INFO - Started process (PID=226) to work on /opt/airflow/dags/dag_id_2.py
[2024-07-15T13:47:17.615+0000] {processor.py:830} INFO - Processing file /opt/airflow/dags/dag_id_2.py for tasks to queue
[2024-07-15T13:47:17.616+0000] {logging_mixin.py:188} INFO - [2024-07-15T13:47:17.616+0000] {dagbag.py:545} INFO - Filling up the DagBag from /opt/airflow/dags/dag_id_2.py
[2024-07-15T13:47:17.621+0000] {processor.py:840} INFO - DAG(s) 'dag_id_2' retrieved from /opt/airflow/dags/dag_id_2.py
[2024-07-15T13:47:17.633+0000] {logging_mixin.py:188} INFO - [2024-07-15T13:47:17.633+0000] {dag.py:3096} INFO - Sync 1 DAGs
[2024-07-15T13:47:17.642+0000] {logging_mixin.py:188} INFO - [2024-07-15T13:47:17.641+0000] {dag.py:3954} INFO - Setting next_dagrun for dag_id_2 to None, run_after=None
[2024-07-15T13:47:17.652+0000] {processor.py:183} INFO - Processing /opt/airflow/dags/dag_id_2.py took 0.041 seconds
[2024-07-15T13:47:48.040+0000] {processor.py:161} INFO - Started process (PID=290) to work on /opt/airflow/dags/dag_id_2.py
[2024-07-15T13:47:48.041+0000] {processor.py:830} INFO - Processing file /opt/airflow/dags/dag_id_2.py for tasks to queue
[2024-07-15T13:47:48.042+0000] {logging_mixin.py:188} INFO - [2024-07-15T13:47:48.041+0000] {dagbag.py:545} INFO - Filling up the DagBag from /opt/airflow/dags/dag_id_2.py
[2024-07-15T13:47:48.046+0000] {processor.py:840} INFO - DAG(s) 'dag_id_2' retrieved from /opt/airflow/dags/dag_id_2.py
[2024-07-15T13:47:48.057+0000] {logging_mixin.py:188} INFO - [2024-07-15T13:47:48.057+0000] {dag.py:3096} INFO - Sync 1 DAGs
[2024-07-15T13:47:48.063+0000] {logging_mixin.py:188} INFO - [2024-07-15T13:47:48.063+0000] {dag.py:3954} INFO - Setting next_dagrun for dag_id_2 to None, run_after=None
[2024-07-15T13:47:48.071+0000] {processor.py:183} INFO - Processing /opt/airflow/dags/dag_id_2.py took 0.034 seconds
[2024-07-15T13:48:18.351+0000] {processor.py:161} INFO - Started process (PID=353) to work on /opt/airflow/dags/dag_id_2.py
[2024-07-15T13:48:18.352+0000] {processor.py:830} INFO - Processing file /opt/airflow/dags/dag_id_2.py for tasks to queue
[2024-07-15T13:48:18.354+0000] {logging_mixin.py:188} INFO - [2024-07-15T13:48:18.353+0000] {dagbag.py:545} INFO - Filling up the DagBag from /opt/airflow/dags/dag_id_2.py
[2024-07-15T13:48:18.359+0000] {processor.py:840} INFO - DAG(s) 'dag_id_2' retrieved from /opt/airflow/dags/dag_id_2.py
[2024-07-15T13:48:18.371+0000] {logging_mixin.py:188} INFO - [2024-07-15T13:48:18.371+0000] {dag.py:3096} INFO - Sync 1 DAGs
[2024-07-15T13:48:18.377+0000] {logging_mixin.py:188} INFO - [2024-07-15T13:48:18.377+0000] {dag.py:3954} INFO - Setting next_dagrun for dag_id_2 to None, run_after=None
[2024-07-15T13:48:18.386+0000] {processor.py:183} INFO - Processing /opt/airflow/dags/dag_id_2.py took 0.038 seconds
[2024-07-15T13:48:48.660+0000] {processor.py:161} INFO - Started process (PID=417) to work on /opt/airflow/dags/dag_id_2.py
[2024-07-15T13:48:48.661+0000] {processor.py:830} INFO - Processing file /opt/airflow/dags/dag_id_2.py for tasks to queue
[2024-07-15T13:48:48.663+0000] {logging_mixin.py:188} INFO - [2024-07-15T13:48:48.663+0000] {dagbag.py:545} INFO - Filling up the DagBag from /opt/airflow/dags/dag_id_2.py
[2024-07-15T13:48:48.671+0000] {processor.py:840} INFO - DAG(s) 'dag_id_2' retrieved from /opt/airflow/dags/dag_id_2.py
[2024-07-15T13:48:48.683+0000] {logging_mixin.py:188} INFO - [2024-07-15T13:48:48.683+0000] {dag.py:3096} INFO - Sync 1 DAGs
[2024-07-15T13:48:48.689+0000] {logging_mixin.py:188} INFO - [2024-07-15T13:48:48.689+0000] {dag.py:3954} INFO - Setting next_dagrun for dag_id_2 to None, run_after=None
[2024-07-15T13:48:48.699+0000] {processor.py:183} INFO - Processing /opt/airflow/dags/dag_id_2.py took 0.042 seconds
[2024-07-15T13:49:46.192+0000] {processor.py:161} INFO - Started process (PID=35) to work on /opt/airflow/dags/dag_id_2.py
[2024-07-15T13:49:46.193+0000] {processor.py:830} INFO - Processing file /opt/airflow/dags/dag_id_2.py for tasks to queue
[2024-07-15T13:49:46.194+0000] {logging_mixin.py:188} INFO - [2024-07-15T13:49:46.194+0000] {dagbag.py:545} INFO - Filling up the DagBag from /opt/airflow/dags/dag_id_2.py
[2024-07-15T13:49:46.199+0000] {processor.py:840} INFO - DAG(s) 'dag_id_2' retrieved from /opt/airflow/dags/dag_id_2.py
[2024-07-15T13:49:46.247+0000] {logging_mixin.py:188} INFO - [2024-07-15T13:49:46.247+0000] {dag.py:3096} INFO - Sync 1 DAGs
[2024-07-15T13:49:46.252+0000] {logging_mixin.py:188} INFO - [2024-07-15T13:49:46.252+0000] {dag.py:3954} INFO - Setting next_dagrun for dag_id_2 to None, run_after=None
[2024-07-15T13:49:46.270+0000] {processor.py:183} INFO - Processing /opt/airflow/dags/dag_id_2.py took 0.082 seconds
[2024-07-15T13:50:16.992+0000] {processor.py:161} INFO - Started process (PID=99) to work on /opt/airflow/dags/dag_id_2.py
[2024-07-15T13:50:16.993+0000] {processor.py:830} INFO - Processing file /opt/airflow/dags/dag_id_2.py for tasks to queue
[2024-07-15T13:50:16.994+0000] {logging_mixin.py:188} INFO - [2024-07-15T13:50:16.994+0000] {dagbag.py:545} INFO - Filling up the DagBag from /opt/airflow/dags/dag_id_2.py
[2024-07-15T13:50:16.998+0000] {processor.py:840} INFO - DAG(s) 'dag_id_2' retrieved from /opt/airflow/dags/dag_id_2.py
[2024-07-15T13:50:17.009+0000] {logging_mixin.py:188} INFO - [2024-07-15T13:50:17.009+0000] {dag.py:3096} INFO - Sync 1 DAGs
[2024-07-15T13:50:17.014+0000] {logging_mixin.py:188} INFO - [2024-07-15T13:50:17.014+0000] {dag.py:3954} INFO - Setting next_dagrun for dag_id_2 to None, run_after=None
[2024-07-15T13:50:17.022+0000] {processor.py:183} INFO - Processing /opt/airflow/dags/dag_id_2.py took 0.032 seconds
[2024-07-15T13:50:47.142+0000] {processor.py:161} INFO - Started process (PID=164) to work on /opt/airflow/dags/dag_id_2.py
[2024-07-15T13:50:47.143+0000] {processor.py:830} INFO - Processing file /opt/airflow/dags/dag_id_2.py for tasks to queue
[2024-07-15T13:50:47.144+0000] {logging_mixin.py:188} INFO - [2024-07-15T13:50:47.143+0000] {dagbag.py:545} INFO - Filling up the DagBag from /opt/airflow/dags/dag_id_2.py
[2024-07-15T13:50:47.148+0000] {processor.py:840} INFO - DAG(s) 'dag_id_2' retrieved from /opt/airflow/dags/dag_id_2.py
[2024-07-15T13:50:47.159+0000] {logging_mixin.py:188} INFO - [2024-07-15T13:50:47.159+0000] {dag.py:3096} INFO - Sync 1 DAGs
[2024-07-15T13:50:47.166+0000] {logging_mixin.py:188} INFO - [2024-07-15T13:50:47.166+0000] {dag.py:3954} INFO - Setting next_dagrun for dag_id_2 to None, run_after=None
[2024-07-15T13:50:47.174+0000] {processor.py:183} INFO - Processing /opt/airflow/dags/dag_id_2.py took 0.035 seconds
[2024-07-15T13:51:17.442+0000] {processor.py:161} INFO - Started process (PID=227) to work on /opt/airflow/dags/dag_id_2.py
[2024-07-15T13:51:17.443+0000] {processor.py:830} INFO - Processing file /opt/airflow/dags/dag_id_2.py for tasks to queue
[2024-07-15T13:51:17.444+0000] {logging_mixin.py:188} INFO - [2024-07-15T13:51:17.444+0000] {dagbag.py:545} INFO - Filling up the DagBag from /opt/airflow/dags/dag_id_2.py
[2024-07-15T13:51:17.449+0000] {processor.py:840} INFO - DAG(s) 'dag_id_2' retrieved from /opt/airflow/dags/dag_id_2.py
[2024-07-15T13:51:17.460+0000] {logging_mixin.py:188} INFO - [2024-07-15T13:51:17.460+0000] {dag.py:3096} INFO - Sync 1 DAGs
[2024-07-15T13:51:17.466+0000] {logging_mixin.py:188} INFO - [2024-07-15T13:51:17.466+0000] {dag.py:3954} INFO - Setting next_dagrun for dag_id_2 to None, run_after=None
[2024-07-15T13:51:17.476+0000] {processor.py:183} INFO - Processing /opt/airflow/dags/dag_id_2.py took 0.037 seconds
[2024-07-15T13:51:47.547+0000] {processor.py:161} INFO - Started process (PID=291) to work on /opt/airflow/dags/dag_id_2.py
[2024-07-15T13:51:47.548+0000] {processor.py:830} INFO - Processing file /opt/airflow/dags/dag_id_2.py for tasks to queue
[2024-07-15T13:51:47.549+0000] {logging_mixin.py:188} INFO - [2024-07-15T13:51:47.549+0000] {dagbag.py:545} INFO - Filling up the DagBag from /opt/airflow/dags/dag_id_2.py
[2024-07-15T13:51:47.554+0000] {processor.py:840} INFO - DAG(s) 'dag_id_2' retrieved from /opt/airflow/dags/dag_id_2.py
[2024-07-15T13:51:47.565+0000] {logging_mixin.py:188} INFO - [2024-07-15T13:51:47.564+0000] {dag.py:3096} INFO - Sync 1 DAGs
[2024-07-15T13:51:47.571+0000] {logging_mixin.py:188} INFO - [2024-07-15T13:51:47.570+0000] {dag.py:3954} INFO - Setting next_dagrun for dag_id_2 to None, run_after=None
[2024-07-15T13:51:47.579+0000] {processor.py:183} INFO - Processing /opt/airflow/dags/dag_id_2.py took 0.035 seconds
[2024-07-15T13:52:52.108+0000] {processor.py:161} INFO - Started process (PID=34) to work on /opt/airflow/dags/dag_id_2.py
[2024-07-15T13:52:52.109+0000] {processor.py:830} INFO - Processing file /opt/airflow/dags/dag_id_2.py for tasks to queue
[2024-07-15T13:52:52.110+0000] {logging_mixin.py:188} INFO - [2024-07-15T13:52:52.110+0000] {dagbag.py:545} INFO - Filling up the DagBag from /opt/airflow/dags/dag_id_2.py
[2024-07-15T13:52:52.117+0000] {processor.py:840} INFO - DAG(s) 'dag_id_2' retrieved from /opt/airflow/dags/dag_id_2.py
[2024-07-15T13:52:52.171+0000] {logging_mixin.py:188} INFO - [2024-07-15T13:52:52.171+0000] {dag.py:3096} INFO - Sync 1 DAGs
[2024-07-15T13:52:52.182+0000] {logging_mixin.py:188} INFO - [2024-07-15T13:52:52.182+0000] {dag.py:3954} INFO - Setting next_dagrun for dag_id_2 to None, run_after=None
[2024-07-15T13:52:52.193+0000] {processor.py:183} INFO - Processing /opt/airflow/dags/dag_id_2.py took 0.087 seconds
[2024-07-15T13:53:22.827+0000] {processor.py:161} INFO - Started process (PID=98) to work on /opt/airflow/dags/dag_id_2.py
[2024-07-15T13:53:22.828+0000] {processor.py:830} INFO - Processing file /opt/airflow/dags/dag_id_2.py for tasks to queue
[2024-07-15T13:53:22.829+0000] {logging_mixin.py:188} INFO - [2024-07-15T13:53:22.829+0000] {dagbag.py:545} INFO - Filling up the DagBag from /opt/airflow/dags/dag_id_2.py
[2024-07-15T13:53:22.834+0000] {processor.py:840} INFO - DAG(s) 'dag_id_2' retrieved from /opt/airflow/dags/dag_id_2.py
[2024-07-15T13:53:22.847+0000] {logging_mixin.py:188} INFO - [2024-07-15T13:53:22.847+0000] {dag.py:3096} INFO - Sync 1 DAGs
[2024-07-15T13:53:22.853+0000] {logging_mixin.py:188} INFO - [2024-07-15T13:53:22.853+0000] {dag.py:3954} INFO - Setting next_dagrun for dag_id_2 to None, run_after=None
[2024-07-15T13:53:22.862+0000] {processor.py:183} INFO - Processing /opt/airflow/dags/dag_id_2.py took 0.037 seconds
[2024-07-15T13:53:53.552+0000] {processor.py:161} INFO - Started process (PID=162) to work on /opt/airflow/dags/dag_id_2.py
[2024-07-15T13:53:53.553+0000] {processor.py:830} INFO - Processing file /opt/airflow/dags/dag_id_2.py for tasks to queue
[2024-07-15T13:53:53.554+0000] {logging_mixin.py:188} INFO - [2024-07-15T13:53:53.554+0000] {dagbag.py:545} INFO - Filling up the DagBag from /opt/airflow/dags/dag_id_2.py
[2024-07-15T13:53:53.561+0000] {processor.py:840} INFO - DAG(s) 'dag_id_2' retrieved from /opt/airflow/dags/dag_id_2.py
[2024-07-15T13:53:53.574+0000] {logging_mixin.py:188} INFO - [2024-07-15T13:53:53.574+0000] {dag.py:3096} INFO - Sync 1 DAGs
[2024-07-15T13:53:53.580+0000] {logging_mixin.py:188} INFO - [2024-07-15T13:53:53.580+0000] {dag.py:3954} INFO - Setting next_dagrun for dag_id_2 to None, run_after=None
[2024-07-15T13:53:53.589+0000] {processor.py:183} INFO - Processing /opt/airflow/dags/dag_id_2.py took 0.040 seconds
[2024-07-15T13:54:23.792+0000] {processor.py:161} INFO - Started process (PID=226) to work on /opt/airflow/dags/dag_id_2.py
[2024-07-15T13:54:23.793+0000] {processor.py:830} INFO - Processing file /opt/airflow/dags/dag_id_2.py for tasks to queue
[2024-07-15T13:54:23.794+0000] {logging_mixin.py:188} INFO - [2024-07-15T13:54:23.794+0000] {dagbag.py:545} INFO - Filling up the DagBag from /opt/airflow/dags/dag_id_2.py
[2024-07-15T13:54:23.798+0000] {processor.py:840} INFO - DAG(s) 'dag_id_2' retrieved from /opt/airflow/dags/dag_id_2.py
[2024-07-15T13:54:23.809+0000] {logging_mixin.py:188} INFO - [2024-07-15T13:54:23.809+0000] {dag.py:3096} INFO - Sync 1 DAGs
[2024-07-15T13:54:23.817+0000] {logging_mixin.py:188} INFO - [2024-07-15T13:54:23.817+0000] {dag.py:3954} INFO - Setting next_dagrun for dag_id_2 to None, run_after=None
[2024-07-15T13:54:23.826+0000] {processor.py:183} INFO - Processing /opt/airflow/dags/dag_id_2.py took 0.037 seconds
[2024-07-15T13:54:53.964+0000] {processor.py:161} INFO - Started process (PID=290) to work on /opt/airflow/dags/dag_id_2.py
[2024-07-15T13:54:53.964+0000] {processor.py:830} INFO - Processing file /opt/airflow/dags/dag_id_2.py for tasks to queue
[2024-07-15T13:54:53.965+0000] {logging_mixin.py:188} INFO - [2024-07-15T13:54:53.965+0000] {dagbag.py:545} INFO - Filling up the DagBag from /opt/airflow/dags/dag_id_2.py
[2024-07-15T13:54:53.970+0000] {processor.py:840} INFO - DAG(s) 'dag_id_2' retrieved from /opt/airflow/dags/dag_id_2.py
[2024-07-15T13:54:53.982+0000] {logging_mixin.py:188} INFO - [2024-07-15T13:54:53.981+0000] {dag.py:3096} INFO - Sync 1 DAGs
[2024-07-15T13:54:53.987+0000] {logging_mixin.py:188} INFO - [2024-07-15T13:54:53.987+0000] {dag.py:3954} INFO - Setting next_dagrun for dag_id_2 to None, run_after=None
[2024-07-15T13:54:53.997+0000] {processor.py:183} INFO - Processing /opt/airflow/dags/dag_id_2.py took 0.036 seconds
[2024-07-15T13:55:24.185+0000] {processor.py:161} INFO - Started process (PID=354) to work on /opt/airflow/dags/dag_id_2.py
[2024-07-15T13:55:24.185+0000] {processor.py:830} INFO - Processing file /opt/airflow/dags/dag_id_2.py for tasks to queue
[2024-07-15T13:55:24.187+0000] {logging_mixin.py:188} INFO - [2024-07-15T13:55:24.186+0000] {dagbag.py:545} INFO - Filling up the DagBag from /opt/airflow/dags/dag_id_2.py
[2024-07-15T13:55:24.192+0000] {processor.py:840} INFO - DAG(s) 'dag_id_2' retrieved from /opt/airflow/dags/dag_id_2.py
[2024-07-15T13:55:24.203+0000] {logging_mixin.py:188} INFO - [2024-07-15T13:55:24.203+0000] {dag.py:3096} INFO - Sync 1 DAGs
[2024-07-15T13:55:24.209+0000] {logging_mixin.py:188} INFO - [2024-07-15T13:55:24.209+0000] {dag.py:3954} INFO - Setting next_dagrun for dag_id_2 to None, run_after=None
[2024-07-15T13:55:24.219+0000] {processor.py:183} INFO - Processing /opt/airflow/dags/dag_id_2.py took 0.038 seconds
[2024-07-15T13:55:55.258+0000] {processor.py:161} INFO - Started process (PID=419) to work on /opt/airflow/dags/dag_id_2.py
[2024-07-15T13:55:55.259+0000] {processor.py:830} INFO - Processing file /opt/airflow/dags/dag_id_2.py for tasks to queue
[2024-07-15T13:55:55.260+0000] {logging_mixin.py:188} INFO - [2024-07-15T13:55:55.259+0000] {dagbag.py:545} INFO - Filling up the DagBag from /opt/airflow/dags/dag_id_2.py
[2024-07-15T13:55:55.264+0000] {processor.py:840} INFO - DAG(s) 'dag_id_2' retrieved from /opt/airflow/dags/dag_id_2.py
[2024-07-15T13:55:55.275+0000] {logging_mixin.py:188} INFO - [2024-07-15T13:55:55.275+0000] {dag.py:3096} INFO - Sync 1 DAGs
[2024-07-15T13:55:55.281+0000] {logging_mixin.py:188} INFO - [2024-07-15T13:55:55.281+0000] {dag.py:3954} INFO - Setting next_dagrun for dag_id_2 to None, run_after=None
[2024-07-15T13:55:55.291+0000] {processor.py:183} INFO - Processing /opt/airflow/dags/dag_id_2.py took 0.036 seconds
[2024-07-15T13:56:25.475+0000] {processor.py:161} INFO - Started process (PID=483) to work on /opt/airflow/dags/dag_id_2.py
[2024-07-15T13:56:25.476+0000] {processor.py:830} INFO - Processing file /opt/airflow/dags/dag_id_2.py for tasks to queue
[2024-07-15T13:56:25.477+0000] {logging_mixin.py:188} INFO - [2024-07-15T13:56:25.477+0000] {dagbag.py:545} INFO - Filling up the DagBag from /opt/airflow/dags/dag_id_2.py
[2024-07-15T13:56:25.483+0000] {processor.py:840} INFO - DAG(s) 'dag_id_2' retrieved from /opt/airflow/dags/dag_id_2.py
[2024-07-15T13:56:25.495+0000] {logging_mixin.py:188} INFO - [2024-07-15T13:56:25.495+0000] {dag.py:3096} INFO - Sync 1 DAGs
[2024-07-15T13:56:25.501+0000] {logging_mixin.py:188} INFO - [2024-07-15T13:56:25.501+0000] {dag.py:3954} INFO - Setting next_dagrun for dag_id_2 to None, run_after=None
[2024-07-15T13:56:25.512+0000] {processor.py:183} INFO - Processing /opt/airflow/dags/dag_id_2.py took 0.040 seconds
[2024-07-15T13:56:55.702+0000] {processor.py:161} INFO - Started process (PID=547) to work on /opt/airflow/dags/dag_id_2.py
[2024-07-15T13:56:55.702+0000] {processor.py:830} INFO - Processing file /opt/airflow/dags/dag_id_2.py for tasks to queue
[2024-07-15T13:56:55.704+0000] {logging_mixin.py:188} INFO - [2024-07-15T13:56:55.703+0000] {dagbag.py:545} INFO - Filling up the DagBag from /opt/airflow/dags/dag_id_2.py
[2024-07-15T13:56:55.708+0000] {processor.py:840} INFO - DAG(s) 'dag_id_2' retrieved from /opt/airflow/dags/dag_id_2.py
[2024-07-15T13:56:55.718+0000] {logging_mixin.py:188} INFO - [2024-07-15T13:56:55.718+0000] {dag.py:3096} INFO - Sync 1 DAGs
[2024-07-15T13:56:55.724+0000] {logging_mixin.py:188} INFO - [2024-07-15T13:56:55.724+0000] {dag.py:3954} INFO - Setting next_dagrun for dag_id_2 to None, run_after=None
[2024-07-15T13:56:55.732+0000] {processor.py:183} INFO - Processing /opt/airflow/dags/dag_id_2.py took 0.032 seconds
[2024-07-15T13:57:25.896+0000] {processor.py:161} INFO - Started process (PID=611) to work on /opt/airflow/dags/dag_id_2.py
[2024-07-15T13:57:25.896+0000] {processor.py:830} INFO - Processing file /opt/airflow/dags/dag_id_2.py for tasks to queue
[2024-07-15T13:57:25.898+0000] {logging_mixin.py:188} INFO - [2024-07-15T13:57:25.898+0000] {dagbag.py:545} INFO - Filling up the DagBag from /opt/airflow/dags/dag_id_2.py
[2024-07-15T13:57:25.905+0000] {processor.py:840} INFO - DAG(s) 'dag_id_2' retrieved from /opt/airflow/dags/dag_id_2.py
[2024-07-15T13:57:25.918+0000] {logging_mixin.py:188} INFO - [2024-07-15T13:57:25.918+0000] {dag.py:3096} INFO - Sync 1 DAGs
[2024-07-15T13:57:25.925+0000] {logging_mixin.py:188} INFO - [2024-07-15T13:57:25.925+0000] {dag.py:3954} INFO - Setting next_dagrun for dag_id_2 to None, run_after=None
[2024-07-15T13:57:25.937+0000] {processor.py:183} INFO - Processing /opt/airflow/dags/dag_id_2.py took 0.047 seconds
[2024-07-15T13:57:56.076+0000] {processor.py:161} INFO - Started process (PID=675) to work on /opt/airflow/dags/dag_id_2.py
[2024-07-15T13:57:56.077+0000] {processor.py:830} INFO - Processing file /opt/airflow/dags/dag_id_2.py for tasks to queue
[2024-07-15T13:57:56.078+0000] {logging_mixin.py:188} INFO - [2024-07-15T13:57:56.078+0000] {dagbag.py:545} INFO - Filling up the DagBag from /opt/airflow/dags/dag_id_2.py
[2024-07-15T13:57:56.085+0000] {processor.py:840} INFO - DAG(s) 'dag_id_2' retrieved from /opt/airflow/dags/dag_id_2.py
[2024-07-15T13:57:56.096+0000] {logging_mixin.py:188} INFO - [2024-07-15T13:57:56.096+0000] {dag.py:3096} INFO - Sync 1 DAGs
[2024-07-15T13:57:56.102+0000] {logging_mixin.py:188} INFO - [2024-07-15T13:57:56.102+0000] {dag.py:3954} INFO - Setting next_dagrun for dag_id_2 to None, run_after=None
[2024-07-15T13:57:56.112+0000] {processor.py:183} INFO - Processing /opt/airflow/dags/dag_id_2.py took 0.039 seconds
[2024-07-15T13:58:26.171+0000] {processor.py:161} INFO - Started process (PID=739) to work on /opt/airflow/dags/dag_id_2.py
[2024-07-15T13:58:26.172+0000] {processor.py:830} INFO - Processing file /opt/airflow/dags/dag_id_2.py for tasks to queue
[2024-07-15T13:58:26.173+0000] {logging_mixin.py:188} INFO - [2024-07-15T13:58:26.172+0000] {dagbag.py:545} INFO - Filling up the DagBag from /opt/airflow/dags/dag_id_2.py
[2024-07-15T13:58:26.177+0000] {processor.py:840} INFO - DAG(s) 'dag_id_2' retrieved from /opt/airflow/dags/dag_id_2.py
[2024-07-15T13:58:26.189+0000] {logging_mixin.py:188} INFO - [2024-07-15T13:58:26.188+0000] {dag.py:3096} INFO - Sync 1 DAGs
[2024-07-15T13:58:26.195+0000] {logging_mixin.py:188} INFO - [2024-07-15T13:58:26.195+0000] {dag.py:3954} INFO - Setting next_dagrun for dag_id_2 to None, run_after=None
[2024-07-15T13:58:26.204+0000] {processor.py:183} INFO - Processing /opt/airflow/dags/dag_id_2.py took 0.036 seconds
[2024-07-15T13:58:56.245+0000] {processor.py:161} INFO - Started process (PID=803) to work on /opt/airflow/dags/dag_id_2.py
[2024-07-15T13:58:56.245+0000] {processor.py:830} INFO - Processing file /opt/airflow/dags/dag_id_2.py for tasks to queue
[2024-07-15T13:58:56.246+0000] {logging_mixin.py:188} INFO - [2024-07-15T13:58:56.246+0000] {dagbag.py:545} INFO - Filling up the DagBag from /opt/airflow/dags/dag_id_2.py
[2024-07-15T13:58:56.251+0000] {processor.py:840} INFO - DAG(s) 'dag_id_2' retrieved from /opt/airflow/dags/dag_id_2.py
[2024-07-15T13:58:56.262+0000] {logging_mixin.py:188} INFO - [2024-07-15T13:58:56.262+0000] {dag.py:3096} INFO - Sync 1 DAGs
[2024-07-15T13:58:56.268+0000] {logging_mixin.py:188} INFO - [2024-07-15T13:58:56.268+0000] {dag.py:3954} INFO - Setting next_dagrun for dag_id_2 to None, run_after=None
[2024-07-15T13:58:56.277+0000] {processor.py:183} INFO - Processing /opt/airflow/dags/dag_id_2.py took 0.035 seconds
[2024-07-15T13:59:26.551+0000] {processor.py:161} INFO - Started process (PID=867) to work on /opt/airflow/dags/dag_id_2.py
[2024-07-15T13:59:26.551+0000] {processor.py:830} INFO - Processing file /opt/airflow/dags/dag_id_2.py for tasks to queue
[2024-07-15T13:59:26.553+0000] {logging_mixin.py:188} INFO - [2024-07-15T13:59:26.552+0000] {dagbag.py:545} INFO - Filling up the DagBag from /opt/airflow/dags/dag_id_2.py
[2024-07-15T13:59:26.558+0000] {processor.py:840} INFO - DAG(s) 'dag_id_2' retrieved from /opt/airflow/dags/dag_id_2.py
[2024-07-15T13:59:26.570+0000] {logging_mixin.py:188} INFO - [2024-07-15T13:59:26.570+0000] {dag.py:3096} INFO - Sync 1 DAGs
[2024-07-15T13:59:26.577+0000] {logging_mixin.py:188} INFO - [2024-07-15T13:59:26.577+0000] {dag.py:3954} INFO - Setting next_dagrun for dag_id_2 to None, run_after=None
[2024-07-15T13:59:26.586+0000] {processor.py:183} INFO - Processing /opt/airflow/dags/dag_id_2.py took 0.039 seconds
[2024-07-15T13:59:56.756+0000] {processor.py:161} INFO - Started process (PID=931) to work on /opt/airflow/dags/dag_id_2.py
[2024-07-15T13:59:56.756+0000] {processor.py:830} INFO - Processing file /opt/airflow/dags/dag_id_2.py for tasks to queue
[2024-07-15T13:59:56.757+0000] {logging_mixin.py:188} INFO - [2024-07-15T13:59:56.757+0000] {dagbag.py:545} INFO - Filling up the DagBag from /opt/airflow/dags/dag_id_2.py
[2024-07-15T13:59:56.762+0000] {processor.py:840} INFO - DAG(s) 'dag_id_2' retrieved from /opt/airflow/dags/dag_id_2.py
[2024-07-15T13:59:56.773+0000] {logging_mixin.py:188} INFO - [2024-07-15T13:59:56.772+0000] {dag.py:3096} INFO - Sync 1 DAGs
[2024-07-15T13:59:56.779+0000] {logging_mixin.py:188} INFO - [2024-07-15T13:59:56.779+0000] {dag.py:3954} INFO - Setting next_dagrun for dag_id_2 to None, run_after=None
[2024-07-15T13:59:56.787+0000] {processor.py:183} INFO - Processing /opt/airflow/dags/dag_id_2.py took 0.035 seconds
[2024-07-15T14:00:26.924+0000] {processor.py:161} INFO - Started process (PID=995) to work on /opt/airflow/dags/dag_id_2.py
[2024-07-15T14:00:26.925+0000] {processor.py:830} INFO - Processing file /opt/airflow/dags/dag_id_2.py for tasks to queue
[2024-07-15T14:00:26.926+0000] {logging_mixin.py:188} INFO - [2024-07-15T14:00:26.926+0000] {dagbag.py:545} INFO - Filling up the DagBag from /opt/airflow/dags/dag_id_2.py
[2024-07-15T14:00:26.931+0000] {processor.py:840} INFO - DAG(s) 'dag_id_2' retrieved from /opt/airflow/dags/dag_id_2.py
[2024-07-15T14:00:26.942+0000] {logging_mixin.py:188} INFO - [2024-07-15T14:00:26.942+0000] {dag.py:3096} INFO - Sync 1 DAGs
[2024-07-15T14:00:26.949+0000] {logging_mixin.py:188} INFO - [2024-07-15T14:00:26.948+0000] {dag.py:3954} INFO - Setting next_dagrun for dag_id_2 to None, run_after=None
[2024-07-15T14:00:26.958+0000] {processor.py:183} INFO - Processing /opt/airflow/dags/dag_id_2.py took 0.037 seconds
[2024-07-15T14:00:56.983+0000] {processor.py:161} INFO - Started process (PID=1058) to work on /opt/airflow/dags/dag_id_2.py
[2024-07-15T14:00:56.984+0000] {processor.py:830} INFO - Processing file /opt/airflow/dags/dag_id_2.py for tasks to queue
[2024-07-15T14:00:56.985+0000] {logging_mixin.py:188} INFO - [2024-07-15T14:00:56.985+0000] {dagbag.py:545} INFO - Filling up the DagBag from /opt/airflow/dags/dag_id_2.py
[2024-07-15T14:00:56.990+0000] {processor.py:840} INFO - DAG(s) 'dag_id_2' retrieved from /opt/airflow/dags/dag_id_2.py
[2024-07-15T14:00:57.000+0000] {logging_mixin.py:188} INFO - [2024-07-15T14:00:57.000+0000] {dag.py:3096} INFO - Sync 1 DAGs
[2024-07-15T14:00:57.006+0000] {logging_mixin.py:188} INFO - [2024-07-15T14:00:57.006+0000] {dag.py:3954} INFO - Setting next_dagrun for dag_id_2 to None, run_after=None
[2024-07-15T14:00:57.014+0000] {processor.py:183} INFO - Processing /opt/airflow/dags/dag_id_2.py took 0.034 seconds
[2024-07-15T14:01:27.104+0000] {processor.py:161} INFO - Started process (PID=1122) to work on /opt/airflow/dags/dag_id_2.py
[2024-07-15T14:01:27.105+0000] {processor.py:830} INFO - Processing file /opt/airflow/dags/dag_id_2.py for tasks to queue
[2024-07-15T14:01:27.106+0000] {logging_mixin.py:188} INFO - [2024-07-15T14:01:27.106+0000] {dagbag.py:545} INFO - Filling up the DagBag from /opt/airflow/dags/dag_id_2.py
[2024-07-15T14:01:27.112+0000] {processor.py:840} INFO - DAG(s) 'dag_id_2' retrieved from /opt/airflow/dags/dag_id_2.py
[2024-07-15T14:01:27.122+0000] {logging_mixin.py:188} INFO - [2024-07-15T14:01:27.122+0000] {dag.py:3096} INFO - Sync 1 DAGs
[2024-07-15T14:01:27.129+0000] {logging_mixin.py:188} INFO - [2024-07-15T14:01:27.129+0000] {dag.py:3954} INFO - Setting next_dagrun for dag_id_2 to None, run_after=None
[2024-07-15T14:01:27.138+0000] {processor.py:183} INFO - Processing /opt/airflow/dags/dag_id_2.py took 0.037 seconds
[2024-07-15T14:01:57.315+0000] {processor.py:161} INFO - Started process (PID=1187) to work on /opt/airflow/dags/dag_id_2.py
[2024-07-15T14:01:57.316+0000] {processor.py:830} INFO - Processing file /opt/airflow/dags/dag_id_2.py for tasks to queue
[2024-07-15T14:01:57.317+0000] {logging_mixin.py:188} INFO - [2024-07-15T14:01:57.317+0000] {dagbag.py:545} INFO - Filling up the DagBag from /opt/airflow/dags/dag_id_2.py
[2024-07-15T14:01:57.322+0000] {processor.py:840} INFO - DAG(s) 'dag_id_2' retrieved from /opt/airflow/dags/dag_id_2.py
[2024-07-15T14:01:57.333+0000] {logging_mixin.py:188} INFO - [2024-07-15T14:01:57.332+0000] {dag.py:3096} INFO - Sync 1 DAGs
[2024-07-15T14:01:57.339+0000] {logging_mixin.py:188} INFO - [2024-07-15T14:01:57.338+0000] {dag.py:3954} INFO - Setting next_dagrun for dag_id_2 to None, run_after=None
[2024-07-15T14:01:57.347+0000] {processor.py:183} INFO - Processing /opt/airflow/dags/dag_id_2.py took 0.035 seconds
[2024-07-15T14:02:27.449+0000] {processor.py:161} INFO - Started process (PID=1251) to work on /opt/airflow/dags/dag_id_2.py
[2024-07-15T14:02:27.450+0000] {processor.py:830} INFO - Processing file /opt/airflow/dags/dag_id_2.py for tasks to queue
[2024-07-15T14:02:27.451+0000] {logging_mixin.py:188} INFO - [2024-07-15T14:02:27.450+0000] {dagbag.py:545} INFO - Filling up the DagBag from /opt/airflow/dags/dag_id_2.py
[2024-07-15T14:02:27.455+0000] {processor.py:840} INFO - DAG(s) 'dag_id_2' retrieved from /opt/airflow/dags/dag_id_2.py
[2024-07-15T14:02:27.468+0000] {logging_mixin.py:188} INFO - [2024-07-15T14:02:27.467+0000] {dag.py:3096} INFO - Sync 1 DAGs
[2024-07-15T14:02:27.474+0000] {logging_mixin.py:188} INFO - [2024-07-15T14:02:27.474+0000] {dag.py:3954} INFO - Setting next_dagrun for dag_id_2 to None, run_after=None
[2024-07-15T14:02:27.483+0000] {processor.py:183} INFO - Processing /opt/airflow/dags/dag_id_2.py took 0.038 seconds
[2024-07-15T14:02:57.592+0000] {processor.py:161} INFO - Started process (PID=1314) to work on /opt/airflow/dags/dag_id_2.py
[2024-07-15T14:02:57.593+0000] {processor.py:830} INFO - Processing file /opt/airflow/dags/dag_id_2.py for tasks to queue
[2024-07-15T14:02:57.594+0000] {logging_mixin.py:188} INFO - [2024-07-15T14:02:57.594+0000] {dagbag.py:545} INFO - Filling up the DagBag from /opt/airflow/dags/dag_id_2.py
[2024-07-15T14:02:57.599+0000] {processor.py:840} INFO - DAG(s) 'dag_id_2' retrieved from /opt/airflow/dags/dag_id_2.py
[2024-07-15T14:02:57.610+0000] {logging_mixin.py:188} INFO - [2024-07-15T14:02:57.610+0000] {dag.py:3096} INFO - Sync 1 DAGs
[2024-07-15T14:02:57.616+0000] {logging_mixin.py:188} INFO - [2024-07-15T14:02:57.616+0000] {dag.py:3954} INFO - Setting next_dagrun for dag_id_2 to None, run_after=None
[2024-07-15T14:02:57.625+0000] {processor.py:183} INFO - Processing /opt/airflow/dags/dag_id_2.py took 0.036 seconds
[2024-07-15T14:03:27.714+0000] {processor.py:161} INFO - Started process (PID=1378) to work on /opt/airflow/dags/dag_id_2.py
[2024-07-15T14:03:27.715+0000] {processor.py:830} INFO - Processing file /opt/airflow/dags/dag_id_2.py for tasks to queue
[2024-07-15T14:03:27.716+0000] {logging_mixin.py:188} INFO - [2024-07-15T14:03:27.716+0000] {dagbag.py:545} INFO - Filling up the DagBag from /opt/airflow/dags/dag_id_2.py
[2024-07-15T14:03:27.721+0000] {processor.py:840} INFO - DAG(s) 'dag_id_2' retrieved from /opt/airflow/dags/dag_id_2.py
[2024-07-15T14:03:27.731+0000] {logging_mixin.py:188} INFO - [2024-07-15T14:03:27.731+0000] {dag.py:3096} INFO - Sync 1 DAGs
[2024-07-15T14:03:27.739+0000] {logging_mixin.py:188} INFO - [2024-07-15T14:03:27.739+0000] {dag.py:3954} INFO - Setting next_dagrun for dag_id_2 to None, run_after=None
[2024-07-15T14:03:27.749+0000] {processor.py:183} INFO - Processing /opt/airflow/dags/dag_id_2.py took 0.038 seconds
[2024-07-15T14:03:58.033+0000] {processor.py:161} INFO - Started process (PID=1443) to work on /opt/airflow/dags/dag_id_2.py
[2024-07-15T14:03:58.034+0000] {processor.py:830} INFO - Processing file /opt/airflow/dags/dag_id_2.py for tasks to queue
[2024-07-15T14:03:58.035+0000] {logging_mixin.py:188} INFO - [2024-07-15T14:03:58.035+0000] {dagbag.py:545} INFO - Filling up the DagBag from /opt/airflow/dags/dag_id_2.py
[2024-07-15T14:03:58.039+0000] {processor.py:840} INFO - DAG(s) 'dag_id_2' retrieved from /opt/airflow/dags/dag_id_2.py
[2024-07-15T14:03:58.050+0000] {logging_mixin.py:188} INFO - [2024-07-15T14:03:58.050+0000] {dag.py:3096} INFO - Sync 1 DAGs
[2024-07-15T14:03:58.057+0000] {logging_mixin.py:188} INFO - [2024-07-15T14:03:58.057+0000] {dag.py:3954} INFO - Setting next_dagrun for dag_id_2 to None, run_after=None
[2024-07-15T14:03:58.066+0000] {processor.py:183} INFO - Processing /opt/airflow/dags/dag_id_2.py took 0.036 seconds
[2024-07-15T14:04:28.115+0000] {processor.py:161} INFO - Started process (PID=1506) to work on /opt/airflow/dags/dag_id_2.py
[2024-07-15T14:04:28.116+0000] {processor.py:830} INFO - Processing file /opt/airflow/dags/dag_id_2.py for tasks to queue
[2024-07-15T14:04:28.117+0000] {logging_mixin.py:188} INFO - [2024-07-15T14:04:28.117+0000] {dagbag.py:545} INFO - Filling up the DagBag from /opt/airflow/dags/dag_id_2.py
[2024-07-15T14:04:28.122+0000] {processor.py:840} INFO - DAG(s) 'dag_id_2' retrieved from /opt/airflow/dags/dag_id_2.py
[2024-07-15T14:04:28.133+0000] {logging_mixin.py:188} INFO - [2024-07-15T14:04:28.133+0000] {dag.py:3096} INFO - Sync 1 DAGs
[2024-07-15T14:04:28.139+0000] {logging_mixin.py:188} INFO - [2024-07-15T14:04:28.139+0000] {dag.py:3954} INFO - Setting next_dagrun for dag_id_2 to None, run_after=None
[2024-07-15T14:04:28.147+0000] {processor.py:183} INFO - Processing /opt/airflow/dags/dag_id_2.py took 0.035 seconds
