[2024-07-15T13:40:20.267+0000] {processor.py:161} INFO - Started process (PID=31) to work on /opt/airflow/dags/slack.py
[2024-07-15T13:40:20.268+0000] {processor.py:830} INFO - Processing file /opt/airflow/dags/slack.py for tasks to queue
[2024-07-15T13:40:20.269+0000] {logging_mixin.py:188} INFO - [2024-07-15T13:40:20.269+0000] {dagbag.py:545} INFO - Filling up the DagBag from /opt/airflow/dags/slack.py
[2024-07-15T13:40:20.291+0000] {logging_mixin.py:188} INFO - [2024-07-15T13:40:20.289+0000] {dagbag.py:355} ERROR - Failed to import: /opt/airflow/dags/slack.py
Traceback (most recent call last):
  File "/home/airflow/.local/lib/python3.12/site-packages/airflow/models/dagbag.py", line 351, in parse
    loader.exec_module(new_module)
  File "<frozen importlib._bootstrap_external>", line 995, in exec_module
  File "<frozen importlib._bootstrap>", line 488, in _call_with_frames_removed
  File "/opt/airflow/dags/slack.py", line 12, in <module>
    webhook = Variable.get('slack_webhook_url')
              ^^^^^^^^^^^^^^^^^^^^^^^^^^^^^^^^^
  File "/home/airflow/.local/lib/python3.12/site-packages/airflow/models/variable.py", line 143, in get
    raise KeyError(f"Variable {key} does not exist")
KeyError: 'Variable slack_webhook_url does not exist'
[2024-07-15T13:40:20.291+0000] {processor.py:842} WARNING - No viable dags retrieved from /opt/airflow/dags/slack.py
[2024-07-15T13:40:20.297+0000] {processor.py:183} INFO - Processing /opt/airflow/dags/slack.py took 0.037 seconds
[2024-07-15T13:40:50.588+0000] {processor.py:161} INFO - Started process (PID=95) to work on /opt/airflow/dags/slack.py
[2024-07-15T13:40:50.590+0000] {processor.py:830} INFO - Processing file /opt/airflow/dags/slack.py for tasks to queue
[2024-07-15T13:40:50.593+0000] {logging_mixin.py:188} INFO - [2024-07-15T13:40:50.592+0000] {dagbag.py:545} INFO - Filling up the DagBag from /opt/airflow/dags/slack.py
[2024-07-15T13:40:50.615+0000] {logging_mixin.py:188} INFO - [2024-07-15T13:40:50.614+0000] {dagbag.py:355} ERROR - Failed to import: /opt/airflow/dags/slack.py
Traceback (most recent call last):
  File "/home/airflow/.local/lib/python3.12/site-packages/airflow/models/dagbag.py", line 351, in parse
    loader.exec_module(new_module)
  File "<frozen importlib._bootstrap_external>", line 995, in exec_module
  File "<frozen importlib._bootstrap>", line 488, in _call_with_frames_removed
  File "/opt/airflow/dags/slack.py", line 12, in <module>
    webhook = Variable.get('slack_webhook_url')
              ^^^^^^^^^^^^^^^^^^^^^^^^^^^^^^^^^
  File "/home/airflow/.local/lib/python3.12/site-packages/airflow/models/variable.py", line 143, in get
    raise KeyError(f"Variable {key} does not exist")
KeyError: 'Variable slack_webhook_url does not exist'
[2024-07-15T13:40:50.616+0000] {processor.py:842} WARNING - No viable dags retrieved from /opt/airflow/dags/slack.py
[2024-07-15T13:40:50.624+0000] {processor.py:183} INFO - Processing /opt/airflow/dags/slack.py took 0.042 seconds
[2024-07-15T13:41:21.157+0000] {processor.py:161} INFO - Started process (PID=159) to work on /opt/airflow/dags/slack.py
[2024-07-15T13:41:21.159+0000] {processor.py:830} INFO - Processing file /opt/airflow/dags/slack.py for tasks to queue
[2024-07-15T13:41:21.162+0000] {logging_mixin.py:188} INFO - [2024-07-15T13:41:21.162+0000] {dagbag.py:545} INFO - Filling up the DagBag from /opt/airflow/dags/slack.py
[2024-07-15T13:41:21.193+0000] {logging_mixin.py:188} INFO - [2024-07-15T13:41:21.191+0000] {dagbag.py:355} ERROR - Failed to import: /opt/airflow/dags/slack.py
Traceback (most recent call last):
  File "/home/airflow/.local/lib/python3.12/site-packages/airflow/models/dagbag.py", line 351, in parse
    loader.exec_module(new_module)
  File "<frozen importlib._bootstrap_external>", line 995, in exec_module
  File "<frozen importlib._bootstrap>", line 488, in _call_with_frames_removed
  File "/opt/airflow/dags/slack.py", line 12, in <module>
    webhook = Variable.get('slack_webhook_url')
              ^^^^^^^^^^^^^^^^^^^^^^^^^^^^^^^^^
  File "/home/airflow/.local/lib/python3.12/site-packages/airflow/models/variable.py", line 143, in get
    raise KeyError(f"Variable {key} does not exist")
KeyError: 'Variable slack_webhook_url does not exist'
[2024-07-15T13:41:21.194+0000] {processor.py:842} WARNING - No viable dags retrieved from /opt/airflow/dags/slack.py
[2024-07-15T13:41:21.201+0000] {processor.py:183} INFO - Processing /opt/airflow/dags/slack.py took 0.050 seconds
[2024-07-15T13:41:51.267+0000] {processor.py:161} INFO - Started process (PID=222) to work on /opt/airflow/dags/slack.py
[2024-07-15T13:41:51.268+0000] {processor.py:830} INFO - Processing file /opt/airflow/dags/slack.py for tasks to queue
[2024-07-15T13:41:51.269+0000] {logging_mixin.py:188} INFO - [2024-07-15T13:41:51.269+0000] {dagbag.py:545} INFO - Filling up the DagBag from /opt/airflow/dags/slack.py
[2024-07-15T13:41:51.283+0000] {logging_mixin.py:188} INFO - [2024-07-15T13:41:51.281+0000] {dagbag.py:355} ERROR - Failed to import: /opt/airflow/dags/slack.py
Traceback (most recent call last):
  File "/home/airflow/.local/lib/python3.12/site-packages/airflow/models/dagbag.py", line 351, in parse
    loader.exec_module(new_module)
  File "<frozen importlib._bootstrap_external>", line 995, in exec_module
  File "<frozen importlib._bootstrap>", line 488, in _call_with_frames_removed
  File "/opt/airflow/dags/slack.py", line 12, in <module>
    webhook = Variable.get('slack_webhook_url')
              ^^^^^^^^^^^^^^^^^^^^^^^^^^^^^^^^^
  File "/home/airflow/.local/lib/python3.12/site-packages/airflow/models/variable.py", line 143, in get
    raise KeyError(f"Variable {key} does not exist")
KeyError: 'Variable slack_webhook_url does not exist'
[2024-07-15T13:41:51.283+0000] {processor.py:842} WARNING - No viable dags retrieved from /opt/airflow/dags/slack.py
[2024-07-15T13:41:51.289+0000] {processor.py:183} INFO - Processing /opt/airflow/dags/slack.py took 0.028 seconds
[2024-07-15T13:42:21.412+0000] {processor.py:161} INFO - Started process (PID=286) to work on /opt/airflow/dags/slack.py
[2024-07-15T13:42:21.412+0000] {processor.py:830} INFO - Processing file /opt/airflow/dags/slack.py for tasks to queue
[2024-07-15T13:42:21.416+0000] {logging_mixin.py:188} INFO - [2024-07-15T13:42:21.415+0000] {dagbag.py:545} INFO - Filling up the DagBag from /opt/airflow/dags/slack.py
[2024-07-15T13:42:21.434+0000] {logging_mixin.py:188} INFO - [2024-07-15T13:42:21.433+0000] {dagbag.py:355} ERROR - Failed to import: /opt/airflow/dags/slack.py
Traceback (most recent call last):
  File "/home/airflow/.local/lib/python3.12/site-packages/airflow/models/dagbag.py", line 351, in parse
    loader.exec_module(new_module)
  File "<frozen importlib._bootstrap_external>", line 995, in exec_module
  File "<frozen importlib._bootstrap>", line 488, in _call_with_frames_removed
  File "/opt/airflow/dags/slack.py", line 12, in <module>
    webhook = Variable.get('slack_webhook_url')
              ^^^^^^^^^^^^^^^^^^^^^^^^^^^^^^^^^
  File "/home/airflow/.local/lib/python3.12/site-packages/airflow/models/variable.py", line 143, in get
    raise KeyError(f"Variable {key} does not exist")
KeyError: 'Variable slack_webhook_url does not exist'
[2024-07-15T13:42:21.435+0000] {processor.py:842} WARNING - No viable dags retrieved from /opt/airflow/dags/slack.py
[2024-07-15T13:42:21.441+0000] {processor.py:183} INFO - Processing /opt/airflow/dags/slack.py took 0.049 seconds
[2024-07-15T13:42:51.744+0000] {processor.py:161} INFO - Started process (PID=351) to work on /opt/airflow/dags/slack.py
[2024-07-15T13:42:51.745+0000] {processor.py:830} INFO - Processing file /opt/airflow/dags/slack.py for tasks to queue
[2024-07-15T13:42:51.746+0000] {logging_mixin.py:188} INFO - [2024-07-15T13:42:51.746+0000] {dagbag.py:545} INFO - Filling up the DagBag from /opt/airflow/dags/slack.py
[2024-07-15T13:42:51.762+0000] {logging_mixin.py:188} INFO - [2024-07-15T13:42:51.760+0000] {dagbag.py:355} ERROR - Failed to import: /opt/airflow/dags/slack.py
Traceback (most recent call last):
  File "/home/airflow/.local/lib/python3.12/site-packages/airflow/models/dagbag.py", line 351, in parse
    loader.exec_module(new_module)
  File "<frozen importlib._bootstrap_external>", line 995, in exec_module
  File "<frozen importlib._bootstrap>", line 488, in _call_with_frames_removed
  File "/opt/airflow/dags/slack.py", line 12, in <module>
    webhook = Variable.get('slack_webhook_url')
              ^^^^^^^^^^^^^^^^^^^^^^^^^^^^^^^^^
  File "/home/airflow/.local/lib/python3.12/site-packages/airflow/models/variable.py", line 143, in get
    raise KeyError(f"Variable {key} does not exist")
KeyError: 'Variable slack_webhook_url does not exist'
[2024-07-15T13:42:51.762+0000] {processor.py:842} WARNING - No viable dags retrieved from /opt/airflow/dags/slack.py
[2024-07-15T13:42:51.771+0000] {processor.py:183} INFO - Processing /opt/airflow/dags/slack.py took 0.031 seconds
[2024-07-15T13:43:21.869+0000] {processor.py:161} INFO - Started process (PID=414) to work on /opt/airflow/dags/slack.py
[2024-07-15T13:43:21.870+0000] {processor.py:830} INFO - Processing file /opt/airflow/dags/slack.py for tasks to queue
[2024-07-15T13:43:21.872+0000] {logging_mixin.py:188} INFO - [2024-07-15T13:43:21.872+0000] {dagbag.py:545} INFO - Filling up the DagBag from /opt/airflow/dags/slack.py
[2024-07-15T13:43:21.895+0000] {logging_mixin.py:188} INFO - [2024-07-15T13:43:21.893+0000] {dagbag.py:355} ERROR - Failed to import: /opt/airflow/dags/slack.py
Traceback (most recent call last):
  File "/home/airflow/.local/lib/python3.12/site-packages/airflow/models/dagbag.py", line 351, in parse
    loader.exec_module(new_module)
  File "<frozen importlib._bootstrap_external>", line 995, in exec_module
  File "<frozen importlib._bootstrap>", line 488, in _call_with_frames_removed
  File "/opt/airflow/dags/slack.py", line 12, in <module>
    webhook = Variable.get('slack_webhook_url')
              ^^^^^^^^^^^^^^^^^^^^^^^^^^^^^^^^^
  File "/home/airflow/.local/lib/python3.12/site-packages/airflow/models/variable.py", line 143, in get
    raise KeyError(f"Variable {key} does not exist")
KeyError: 'Variable slack_webhook_url does not exist'
[2024-07-15T13:43:21.896+0000] {processor.py:842} WARNING - No viable dags retrieved from /opt/airflow/dags/slack.py
[2024-07-15T13:43:21.904+0000] {processor.py:183} INFO - Processing /opt/airflow/dags/slack.py took 0.043 seconds
[2024-07-15T13:43:51.939+0000] {processor.py:161} INFO - Started process (PID=478) to work on /opt/airflow/dags/slack.py
[2024-07-15T13:43:51.940+0000] {processor.py:830} INFO - Processing file /opt/airflow/dags/slack.py for tasks to queue
[2024-07-15T13:43:51.942+0000] {logging_mixin.py:188} INFO - [2024-07-15T13:43:51.942+0000] {dagbag.py:545} INFO - Filling up the DagBag from /opt/airflow/dags/slack.py
[2024-07-15T13:43:51.956+0000] {logging_mixin.py:188} INFO - [2024-07-15T13:43:51.955+0000] {dagbag.py:355} ERROR - Failed to import: /opt/airflow/dags/slack.py
Traceback (most recent call last):
  File "/home/airflow/.local/lib/python3.12/site-packages/airflow/models/dagbag.py", line 351, in parse
    loader.exec_module(new_module)
  File "<frozen importlib._bootstrap_external>", line 995, in exec_module
  File "<frozen importlib._bootstrap>", line 488, in _call_with_frames_removed
  File "/opt/airflow/dags/slack.py", line 12, in <module>
    webhook = Variable.get('slack_webhook_url')
              ^^^^^^^^^^^^^^^^^^^^^^^^^^^^^^^^^
  File "/home/airflow/.local/lib/python3.12/site-packages/airflow/models/variable.py", line 143, in get
    raise KeyError(f"Variable {key} does not exist")
KeyError: 'Variable slack_webhook_url does not exist'
[2024-07-15T13:43:51.957+0000] {processor.py:842} WARNING - No viable dags retrieved from /opt/airflow/dags/slack.py
[2024-07-15T13:43:51.963+0000] {processor.py:183} INFO - Processing /opt/airflow/dags/slack.py took 0.028 seconds
[2024-07-15T13:44:22.274+0000] {processor.py:161} INFO - Started process (PID=543) to work on /opt/airflow/dags/slack.py
[2024-07-15T13:44:22.275+0000] {processor.py:830} INFO - Processing file /opt/airflow/dags/slack.py for tasks to queue
[2024-07-15T13:44:22.276+0000] {logging_mixin.py:188} INFO - [2024-07-15T13:44:22.276+0000] {dagbag.py:545} INFO - Filling up the DagBag from /opt/airflow/dags/slack.py
[2024-07-15T13:44:22.302+0000] {logging_mixin.py:188} INFO - [2024-07-15T13:44:22.300+0000] {dagbag.py:355} ERROR - Failed to import: /opt/airflow/dags/slack.py
Traceback (most recent call last):
  File "/home/airflow/.local/lib/python3.12/site-packages/airflow/models/dagbag.py", line 351, in parse
    loader.exec_module(new_module)
  File "<frozen importlib._bootstrap_external>", line 995, in exec_module
  File "<frozen importlib._bootstrap>", line 488, in _call_with_frames_removed
  File "/opt/airflow/dags/slack.py", line 12, in <module>
    webhook = Variable.get('slack_webhook_url')
              ^^^^^^^^^^^^^^^^^^^^^^^^^^^^^^^^^
  File "/home/airflow/.local/lib/python3.12/site-packages/airflow/models/variable.py", line 143, in get
    raise KeyError(f"Variable {key} does not exist")
KeyError: 'Variable slack_webhook_url does not exist'
[2024-07-15T13:44:22.302+0000] {processor.py:842} WARNING - No viable dags retrieved from /opt/airflow/dags/slack.py
[2024-07-15T13:44:22.314+0000] {processor.py:183} INFO - Processing /opt/airflow/dags/slack.py took 0.051 seconds
[2024-07-15T13:45:45.707+0000] {processor.py:161} INFO - Started process (PID=32) to work on /opt/airflow/dags/slack.py
[2024-07-15T13:45:45.708+0000] {processor.py:830} INFO - Processing file /opt/airflow/dags/slack.py for tasks to queue
[2024-07-15T13:45:45.709+0000] {logging_mixin.py:188} INFO - [2024-07-15T13:45:45.709+0000] {dagbag.py:545} INFO - Filling up the DagBag from /opt/airflow/dags/slack.py
[2024-07-15T13:45:45.726+0000] {logging_mixin.py:188} INFO - [2024-07-15T13:45:45.724+0000] {dagbag.py:355} ERROR - Failed to import: /opt/airflow/dags/slack.py
Traceback (most recent call last):
  File "/home/airflow/.local/lib/python3.12/site-packages/airflow/models/dagbag.py", line 351, in parse
    loader.exec_module(new_module)
  File "<frozen importlib._bootstrap_external>", line 995, in exec_module
  File "<frozen importlib._bootstrap>", line 488, in _call_with_frames_removed
  File "/opt/airflow/dags/slack.py", line 12, in <module>
    webhook = Variable.get('slack_webhook_url')
              ^^^^^^^^^^^^^^^^^^^^^^^^^^^^^^^^^
  File "/home/airflow/.local/lib/python3.12/site-packages/airflow/models/variable.py", line 143, in get
    raise KeyError(f"Variable {key} does not exist")
KeyError: 'Variable slack_webhook_url does not exist'
[2024-07-15T13:45:45.727+0000] {processor.py:842} WARNING - No viable dags retrieved from /opt/airflow/dags/slack.py
[2024-07-15T13:45:45.734+0000] {processor.py:183} INFO - Processing /opt/airflow/dags/slack.py took 0.036 seconds
[2024-07-15T13:46:16.601+0000] {processor.py:161} INFO - Started process (PID=96) to work on /opt/airflow/dags/slack.py
[2024-07-15T13:46:16.602+0000] {processor.py:830} INFO - Processing file /opt/airflow/dags/slack.py for tasks to queue
[2024-07-15T13:46:16.608+0000] {logging_mixin.py:188} INFO - [2024-07-15T13:46:16.607+0000] {dagbag.py:545} INFO - Filling up the DagBag from /opt/airflow/dags/slack.py
[2024-07-15T13:46:16.625+0000] {logging_mixin.py:188} INFO - [2024-07-15T13:46:16.623+0000] {dagbag.py:355} ERROR - Failed to import: /opt/airflow/dags/slack.py
Traceback (most recent call last):
  File "/home/airflow/.local/lib/python3.12/site-packages/airflow/models/dagbag.py", line 351, in parse
    loader.exec_module(new_module)
  File "<frozen importlib._bootstrap_external>", line 995, in exec_module
  File "<frozen importlib._bootstrap>", line 488, in _call_with_frames_removed
  File "/opt/airflow/dags/slack.py", line 12, in <module>
    webhook = Variable.get('slack_webhook_url')
              ^^^^^^^^^^^^^^^^^^^^^^^^^^^^^^^^^
  File "/home/airflow/.local/lib/python3.12/site-packages/airflow/models/variable.py", line 143, in get
    raise KeyError(f"Variable {key} does not exist")
KeyError: 'Variable slack_webhook_url does not exist'
[2024-07-15T13:46:16.625+0000] {processor.py:842} WARNING - No viable dags retrieved from /opt/airflow/dags/slack.py
[2024-07-15T13:46:16.633+0000] {processor.py:183} INFO - Processing /opt/airflow/dags/slack.py took 0.038 seconds
[2024-07-15T13:46:47.346+0000] {processor.py:161} INFO - Started process (PID=159) to work on /opt/airflow/dags/slack.py
[2024-07-15T13:46:47.347+0000] {processor.py:830} INFO - Processing file /opt/airflow/dags/slack.py for tasks to queue
[2024-07-15T13:46:47.349+0000] {logging_mixin.py:188} INFO - [2024-07-15T13:46:47.349+0000] {dagbag.py:545} INFO - Filling up the DagBag from /opt/airflow/dags/slack.py
[2024-07-15T13:46:47.374+0000] {logging_mixin.py:188} INFO - [2024-07-15T13:46:47.372+0000] {dagbag.py:355} ERROR - Failed to import: /opt/airflow/dags/slack.py
Traceback (most recent call last):
  File "/home/airflow/.local/lib/python3.12/site-packages/airflow/models/dagbag.py", line 351, in parse
    loader.exec_module(new_module)
  File "<frozen importlib._bootstrap_external>", line 995, in exec_module
  File "<frozen importlib._bootstrap>", line 488, in _call_with_frames_removed
  File "/opt/airflow/dags/slack.py", line 12, in <module>
    webhook = Variable.get('slack_webhook_url')
              ^^^^^^^^^^^^^^^^^^^^^^^^^^^^^^^^^
  File "/home/airflow/.local/lib/python3.12/site-packages/airflow/models/variable.py", line 143, in get
    raise KeyError(f"Variable {key} does not exist")
KeyError: 'Variable slack_webhook_url does not exist'
[2024-07-15T13:46:47.375+0000] {processor.py:842} WARNING - No viable dags retrieved from /opt/airflow/dags/slack.py
[2024-07-15T13:46:47.382+0000] {processor.py:183} INFO - Processing /opt/airflow/dags/slack.py took 0.044 seconds
[2024-07-15T13:47:17.506+0000] {processor.py:161} INFO - Started process (PID=222) to work on /opt/airflow/dags/slack.py
[2024-07-15T13:47:17.507+0000] {processor.py:830} INFO - Processing file /opt/airflow/dags/slack.py for tasks to queue
[2024-07-15T13:47:17.510+0000] {logging_mixin.py:188} INFO - [2024-07-15T13:47:17.510+0000] {dagbag.py:545} INFO - Filling up the DagBag from /opt/airflow/dags/slack.py
[2024-07-15T13:47:17.534+0000] {logging_mixin.py:188} INFO - [2024-07-15T13:47:17.532+0000] {dagbag.py:355} ERROR - Failed to import: /opt/airflow/dags/slack.py
Traceback (most recent call last):
  File "/home/airflow/.local/lib/python3.12/site-packages/airflow/models/dagbag.py", line 351, in parse
    loader.exec_module(new_module)
  File "<frozen importlib._bootstrap_external>", line 995, in exec_module
  File "<frozen importlib._bootstrap>", line 488, in _call_with_frames_removed
  File "/opt/airflow/dags/slack.py", line 12, in <module>
    webhook = Variable.get('slack_webhook_url')
              ^^^^^^^^^^^^^^^^^^^^^^^^^^^^^^^^^
  File "/home/airflow/.local/lib/python3.12/site-packages/airflow/models/variable.py", line 143, in get
    raise KeyError(f"Variable {key} does not exist")
KeyError: 'Variable slack_webhook_url does not exist'
[2024-07-15T13:47:17.534+0000] {processor.py:842} WARNING - No viable dags retrieved from /opt/airflow/dags/slack.py
[2024-07-15T13:47:17.541+0000] {processor.py:183} INFO - Processing /opt/airflow/dags/slack.py took 0.049 seconds
[2024-07-15T13:47:47.913+0000] {processor.py:161} INFO - Started process (PID=287) to work on /opt/airflow/dags/slack.py
[2024-07-15T13:47:47.914+0000] {processor.py:830} INFO - Processing file /opt/airflow/dags/slack.py for tasks to queue
[2024-07-15T13:47:47.917+0000] {logging_mixin.py:188} INFO - [2024-07-15T13:47:47.917+0000] {dagbag.py:545} INFO - Filling up the DagBag from /opt/airflow/dags/slack.py
[2024-07-15T13:47:47.935+0000] {logging_mixin.py:188} INFO - [2024-07-15T13:47:47.933+0000] {dagbag.py:355} ERROR - Failed to import: /opt/airflow/dags/slack.py
Traceback (most recent call last):
  File "/home/airflow/.local/lib/python3.12/site-packages/airflow/models/dagbag.py", line 351, in parse
    loader.exec_module(new_module)
  File "<frozen importlib._bootstrap_external>", line 995, in exec_module
  File "<frozen importlib._bootstrap>", line 488, in _call_with_frames_removed
  File "/opt/airflow/dags/slack.py", line 12, in <module>
    webhook = Variable.get('slack_webhook_url')
              ^^^^^^^^^^^^^^^^^^^^^^^^^^^^^^^^^
  File "/home/airflow/.local/lib/python3.12/site-packages/airflow/models/variable.py", line 143, in get
    raise KeyError(f"Variable {key} does not exist")
KeyError: 'Variable slack_webhook_url does not exist'
[2024-07-15T13:47:47.935+0000] {processor.py:842} WARNING - No viable dags retrieved from /opt/airflow/dags/slack.py
[2024-07-15T13:47:47.942+0000] {processor.py:183} INFO - Processing /opt/airflow/dags/slack.py took 0.036 seconds
[2024-07-15T13:48:18.201+0000] {processor.py:161} INFO - Started process (PID=350) to work on /opt/airflow/dags/slack.py
[2024-07-15T13:48:18.203+0000] {processor.py:830} INFO - Processing file /opt/airflow/dags/slack.py for tasks to queue
[2024-07-15T13:48:18.206+0000] {logging_mixin.py:188} INFO - [2024-07-15T13:48:18.205+0000] {dagbag.py:545} INFO - Filling up the DagBag from /opt/airflow/dags/slack.py
[2024-07-15T13:48:18.237+0000] {logging_mixin.py:188} INFO - [2024-07-15T13:48:18.235+0000] {dagbag.py:355} ERROR - Failed to import: /opt/airflow/dags/slack.py
Traceback (most recent call last):
  File "/home/airflow/.local/lib/python3.12/site-packages/airflow/models/dagbag.py", line 351, in parse
    loader.exec_module(new_module)
  File "<frozen importlib._bootstrap_external>", line 995, in exec_module
  File "<frozen importlib._bootstrap>", line 488, in _call_with_frames_removed
  File "/opt/airflow/dags/slack.py", line 12, in <module>
    webhook = Variable.get('slack_webhook_url')
              ^^^^^^^^^^^^^^^^^^^^^^^^^^^^^^^^^
  File "/home/airflow/.local/lib/python3.12/site-packages/airflow/models/variable.py", line 143, in get
    raise KeyError(f"Variable {key} does not exist")
KeyError: 'Variable slack_webhook_url does not exist'
[2024-07-15T13:48:18.237+0000] {processor.py:842} WARNING - No viable dags retrieved from /opt/airflow/dags/slack.py
[2024-07-15T13:48:18.247+0000] {processor.py:183} INFO - Processing /opt/airflow/dags/slack.py took 0.051 seconds
[2024-07-15T13:48:48.537+0000] {processor.py:161} INFO - Started process (PID=414) to work on /opt/airflow/dags/slack.py
[2024-07-15T13:48:48.538+0000] {processor.py:830} INFO - Processing file /opt/airflow/dags/slack.py for tasks to queue
[2024-07-15T13:48:48.541+0000] {logging_mixin.py:188} INFO - [2024-07-15T13:48:48.540+0000] {dagbag.py:545} INFO - Filling up the DagBag from /opt/airflow/dags/slack.py
[2024-07-15T13:48:48.560+0000] {logging_mixin.py:188} INFO - [2024-07-15T13:48:48.558+0000] {dagbag.py:355} ERROR - Failed to import: /opt/airflow/dags/slack.py
Traceback (most recent call last):
  File "/home/airflow/.local/lib/python3.12/site-packages/airflow/models/dagbag.py", line 351, in parse
    loader.exec_module(new_module)
  File "<frozen importlib._bootstrap_external>", line 995, in exec_module
  File "<frozen importlib._bootstrap>", line 488, in _call_with_frames_removed
  File "/opt/airflow/dags/slack.py", line 12, in <module>
    webhook = Variable.get('slack_webhook_url')
              ^^^^^^^^^^^^^^^^^^^^^^^^^^^^^^^^^
  File "/home/airflow/.local/lib/python3.12/site-packages/airflow/models/variable.py", line 143, in get
    raise KeyError(f"Variable {key} does not exist")
KeyError: 'Variable slack_webhook_url does not exist'
[2024-07-15T13:48:48.561+0000] {processor.py:842} WARNING - No viable dags retrieved from /opt/airflow/dags/slack.py
[2024-07-15T13:48:48.569+0000] {processor.py:183} INFO - Processing /opt/airflow/dags/slack.py took 0.039 seconds
[2024-07-15T13:49:45.962+0000] {processor.py:161} INFO - Started process (PID=32) to work on /opt/airflow/dags/slack.py
[2024-07-15T13:49:45.964+0000] {processor.py:830} INFO - Processing file /opt/airflow/dags/slack.py for tasks to queue
[2024-07-15T13:49:45.967+0000] {logging_mixin.py:188} INFO - [2024-07-15T13:49:45.966+0000] {dagbag.py:545} INFO - Filling up the DagBag from /opt/airflow/dags/slack.py
[2024-07-15T13:49:45.994+0000] {logging_mixin.py:188} INFO - [2024-07-15T13:49:45.992+0000] {dagbag.py:355} ERROR - Failed to import: /opt/airflow/dags/slack.py
Traceback (most recent call last):
  File "/home/airflow/.local/lib/python3.12/site-packages/airflow/models/dagbag.py", line 351, in parse
    loader.exec_module(new_module)
  File "<frozen importlib._bootstrap_external>", line 995, in exec_module
  File "<frozen importlib._bootstrap>", line 488, in _call_with_frames_removed
  File "/opt/airflow/dags/slack.py", line 12, in <module>
    webhook = Variable.get('slack_webhook_url')
              ^^^^^^^^^^^^^^^^^^^^^^^^^^^^^^^^^
  File "/home/airflow/.local/lib/python3.12/site-packages/airflow/models/variable.py", line 143, in get
    raise KeyError(f"Variable {key} does not exist")
KeyError: 'Variable slack_webhook_url does not exist'
[2024-07-15T13:49:45.994+0000] {processor.py:842} WARNING - No viable dags retrieved from /opt/airflow/dags/slack.py
[2024-07-15T13:49:46.001+0000] {processor.py:183} INFO - Processing /opt/airflow/dags/slack.py took 0.046 seconds
[2024-07-15T13:50:16.863+0000] {processor.py:161} INFO - Started process (PID=96) to work on /opt/airflow/dags/slack.py
[2024-07-15T13:50:16.865+0000] {processor.py:830} INFO - Processing file /opt/airflow/dags/slack.py for tasks to queue
[2024-07-15T13:50:16.868+0000] {logging_mixin.py:188} INFO - [2024-07-15T13:50:16.867+0000] {dagbag.py:545} INFO - Filling up the DagBag from /opt/airflow/dags/slack.py
[2024-07-15T13:50:16.892+0000] {logging_mixin.py:188} INFO - [2024-07-15T13:50:16.891+0000] {dagbag.py:355} ERROR - Failed to import: /opt/airflow/dags/slack.py
Traceback (most recent call last):
  File "/home/airflow/.local/lib/python3.12/site-packages/airflow/models/dagbag.py", line 351, in parse
    loader.exec_module(new_module)
  File "<frozen importlib._bootstrap_external>", line 995, in exec_module
  File "<frozen importlib._bootstrap>", line 488, in _call_with_frames_removed
  File "/opt/airflow/dags/slack.py", line 12, in <module>
    webhook = Variable.get('slack_webhook_url')
              ^^^^^^^^^^^^^^^^^^^^^^^^^^^^^^^^^
  File "/home/airflow/.local/lib/python3.12/site-packages/airflow/models/variable.py", line 143, in get
    raise KeyError(f"Variable {key} does not exist")
KeyError: 'Variable slack_webhook_url does not exist'
[2024-07-15T13:50:16.893+0000] {processor.py:842} WARNING - No viable dags retrieved from /opt/airflow/dags/slack.py
[2024-07-15T13:50:16.900+0000] {processor.py:183} INFO - Processing /opt/airflow/dags/slack.py took 0.043 seconds
[2024-07-15T13:50:47.051+0000] {processor.py:161} INFO - Started process (PID=161) to work on /opt/airflow/dags/slack.py
[2024-07-15T13:50:47.052+0000] {processor.py:830} INFO - Processing file /opt/airflow/dags/slack.py for tasks to queue
[2024-07-15T13:50:47.053+0000] {logging_mixin.py:188} INFO - [2024-07-15T13:50:47.053+0000] {dagbag.py:545} INFO - Filling up the DagBag from /opt/airflow/dags/slack.py
[2024-07-15T13:50:47.068+0000] {logging_mixin.py:188} INFO - [2024-07-15T13:50:47.066+0000] {dagbag.py:355} ERROR - Failed to import: /opt/airflow/dags/slack.py
Traceback (most recent call last):
  File "/home/airflow/.local/lib/python3.12/site-packages/airflow/models/dagbag.py", line 351, in parse
    loader.exec_module(new_module)
  File "<frozen importlib._bootstrap_external>", line 995, in exec_module
  File "<frozen importlib._bootstrap>", line 488, in _call_with_frames_removed
  File "/opt/airflow/dags/slack.py", line 12, in <module>
    webhook = Variable.get('slack_webhook_url')
              ^^^^^^^^^^^^^^^^^^^^^^^^^^^^^^^^^
  File "/home/airflow/.local/lib/python3.12/site-packages/airflow/models/variable.py", line 143, in get
    raise KeyError(f"Variable {key} does not exist")
KeyError: 'Variable slack_webhook_url does not exist'
[2024-07-15T13:50:47.068+0000] {processor.py:842} WARNING - No viable dags retrieved from /opt/airflow/dags/slack.py
[2024-07-15T13:50:47.075+0000] {processor.py:183} INFO - Processing /opt/airflow/dags/slack.py took 0.029 seconds
[2024-07-15T13:51:17.336+0000] {processor.py:161} INFO - Started process (PID=224) to work on /opt/airflow/dags/slack.py
[2024-07-15T13:51:17.338+0000] {processor.py:830} INFO - Processing file /opt/airflow/dags/slack.py for tasks to queue
[2024-07-15T13:51:17.339+0000] {logging_mixin.py:188} INFO - [2024-07-15T13:51:17.339+0000] {dagbag.py:545} INFO - Filling up the DagBag from /opt/airflow/dags/slack.py
[2024-07-15T13:51:17.354+0000] {logging_mixin.py:188} INFO - [2024-07-15T13:51:17.353+0000] {dagbag.py:355} ERROR - Failed to import: /opt/airflow/dags/slack.py
Traceback (most recent call last):
  File "/home/airflow/.local/lib/python3.12/site-packages/airflow/models/dagbag.py", line 351, in parse
    loader.exec_module(new_module)
  File "<frozen importlib._bootstrap_external>", line 995, in exec_module
  File "<frozen importlib._bootstrap>", line 488, in _call_with_frames_removed
  File "/opt/airflow/dags/slack.py", line 12, in <module>
    webhook = Variable.get('slack_webhook_url')
              ^^^^^^^^^^^^^^^^^^^^^^^^^^^^^^^^^
  File "/home/airflow/.local/lib/python3.12/site-packages/airflow/models/variable.py", line 143, in get
    raise KeyError(f"Variable {key} does not exist")
KeyError: 'Variable slack_webhook_url does not exist'
[2024-07-15T13:51:17.355+0000] {processor.py:842} WARNING - No viable dags retrieved from /opt/airflow/dags/slack.py
[2024-07-15T13:51:17.362+0000] {processor.py:183} INFO - Processing /opt/airflow/dags/slack.py took 0.030 seconds
[2024-07-15T13:51:47.425+0000] {processor.py:161} INFO - Started process (PID=287) to work on /opt/airflow/dags/slack.py
[2024-07-15T13:51:47.426+0000] {processor.py:830} INFO - Processing file /opt/airflow/dags/slack.py for tasks to queue
[2024-07-15T13:51:47.429+0000] {logging_mixin.py:188} INFO - [2024-07-15T13:51:47.428+0000] {dagbag.py:545} INFO - Filling up the DagBag from /opt/airflow/dags/slack.py
[2024-07-15T13:51:47.444+0000] {logging_mixin.py:188} INFO - [2024-07-15T13:51:47.442+0000] {dagbag.py:355} ERROR - Failed to import: /opt/airflow/dags/slack.py
Traceback (most recent call last):
  File "/home/airflow/.local/lib/python3.12/site-packages/airflow/models/dagbag.py", line 351, in parse
    loader.exec_module(new_module)
  File "<frozen importlib._bootstrap_external>", line 995, in exec_module
  File "<frozen importlib._bootstrap>", line 488, in _call_with_frames_removed
  File "/opt/airflow/dags/slack.py", line 12, in <module>
    webhook = Variable.get('slack_webhook_url')
              ^^^^^^^^^^^^^^^^^^^^^^^^^^^^^^^^^
  File "/home/airflow/.local/lib/python3.12/site-packages/airflow/models/variable.py", line 143, in get
    raise KeyError(f"Variable {key} does not exist")
KeyError: 'Variable slack_webhook_url does not exist'
[2024-07-15T13:51:47.444+0000] {processor.py:842} WARNING - No viable dags retrieved from /opt/airflow/dags/slack.py
[2024-07-15T13:51:47.450+0000] {processor.py:183} INFO - Processing /opt/airflow/dags/slack.py took 0.031 seconds
[2024-07-15T13:52:51.864+0000] {processor.py:161} INFO - Started process (PID=31) to work on /opt/airflow/dags/slack.py
[2024-07-15T13:52:51.865+0000] {processor.py:830} INFO - Processing file /opt/airflow/dags/slack.py for tasks to queue
[2024-07-15T13:52:51.867+0000] {logging_mixin.py:188} INFO - [2024-07-15T13:52:51.866+0000] {dagbag.py:545} INFO - Filling up the DagBag from /opt/airflow/dags/slack.py
[2024-07-15T13:52:51.894+0000] {logging_mixin.py:188} INFO - [2024-07-15T13:52:51.890+0000] {dagbag.py:355} ERROR - Failed to import: /opt/airflow/dags/slack.py
Traceback (most recent call last):
  File "/home/airflow/.local/lib/python3.12/site-packages/airflow/models/dagbag.py", line 351, in parse
    loader.exec_module(new_module)
  File "<frozen importlib._bootstrap_external>", line 995, in exec_module
  File "<frozen importlib._bootstrap>", line 488, in _call_with_frames_removed
  File "/opt/airflow/dags/slack.py", line 12, in <module>
    webhook = Variable.get('slack_webhook_url')
              ^^^^^^^^^^^^^^^^^^^^^^^^^^^^^^^^^
  File "/home/airflow/.local/lib/python3.12/site-packages/airflow/models/variable.py", line 143, in get
    raise KeyError(f"Variable {key} does not exist")
KeyError: 'Variable slack_webhook_url does not exist'
[2024-07-15T13:52:51.895+0000] {processor.py:842} WARNING - No viable dags retrieved from /opt/airflow/dags/slack.py
[2024-07-15T13:52:51.924+0000] {processor.py:183} INFO - Processing /opt/airflow/dags/slack.py took 0.065 seconds
[2024-07-15T13:53:22.670+0000] {processor.py:161} INFO - Started process (PID=95) to work on /opt/airflow/dags/slack.py
[2024-07-15T13:53:22.672+0000] {processor.py:830} INFO - Processing file /opt/airflow/dags/slack.py for tasks to queue
[2024-07-15T13:53:22.678+0000] {logging_mixin.py:188} INFO - [2024-07-15T13:53:22.674+0000] {dagbag.py:545} INFO - Filling up the DagBag from /opt/airflow/dags/slack.py
[2024-07-15T13:53:22.703+0000] {logging_mixin.py:188} INFO - [2024-07-15T13:53:22.702+0000] {dagbag.py:355} ERROR - Failed to import: /opt/airflow/dags/slack.py
Traceback (most recent call last):
  File "/home/airflow/.local/lib/python3.12/site-packages/airflow/models/dagbag.py", line 351, in parse
    loader.exec_module(new_module)
  File "<frozen importlib._bootstrap_external>", line 995, in exec_module
  File "<frozen importlib._bootstrap>", line 488, in _call_with_frames_removed
  File "/opt/airflow/dags/slack.py", line 12, in <module>
    webhook = Variable.get('slack_webhook_url')
              ^^^^^^^^^^^^^^^^^^^^^^^^^^^^^^^^^
  File "/home/airflow/.local/lib/python3.12/site-packages/airflow/models/variable.py", line 143, in get
    raise KeyError(f"Variable {key} does not exist")
KeyError: 'Variable slack_webhook_url does not exist'
[2024-07-15T13:53:22.704+0000] {processor.py:842} WARNING - No viable dags retrieved from /opt/airflow/dags/slack.py
[2024-07-15T13:53:22.712+0000] {processor.py:183} INFO - Processing /opt/airflow/dags/slack.py took 0.048 seconds
[2024-07-15T13:53:53.444+0000] {processor.py:161} INFO - Started process (PID=159) to work on /opt/airflow/dags/slack.py
[2024-07-15T13:53:53.445+0000] {processor.py:830} INFO - Processing file /opt/airflow/dags/slack.py for tasks to queue
[2024-07-15T13:53:53.447+0000] {logging_mixin.py:188} INFO - [2024-07-15T13:53:53.446+0000] {dagbag.py:545} INFO - Filling up the DagBag from /opt/airflow/dags/slack.py
[2024-07-15T13:53:53.464+0000] {logging_mixin.py:188} INFO - [2024-07-15T13:53:53.462+0000] {dagbag.py:355} ERROR - Failed to import: /opt/airflow/dags/slack.py
Traceback (most recent call last):
  File "/home/airflow/.local/lib/python3.12/site-packages/airflow/models/dagbag.py", line 351, in parse
    loader.exec_module(new_module)
  File "<frozen importlib._bootstrap_external>", line 995, in exec_module
  File "<frozen importlib._bootstrap>", line 488, in _call_with_frames_removed
  File "/opt/airflow/dags/slack.py", line 12, in <module>
    webhook = Variable.get('slack_webhook_url')
              ^^^^^^^^^^^^^^^^^^^^^^^^^^^^^^^^^
  File "/home/airflow/.local/lib/python3.12/site-packages/airflow/models/variable.py", line 143, in get
    raise KeyError(f"Variable {key} does not exist")
KeyError: 'Variable slack_webhook_url does not exist'
[2024-07-15T13:53:53.465+0000] {processor.py:842} WARNING - No viable dags retrieved from /opt/airflow/dags/slack.py
[2024-07-15T13:53:53.472+0000] {processor.py:183} INFO - Processing /opt/airflow/dags/slack.py took 0.034 seconds
[2024-07-15T13:54:23.691+0000] {processor.py:161} INFO - Started process (PID=223) to work on /opt/airflow/dags/slack.py
[2024-07-15T13:54:23.692+0000] {processor.py:830} INFO - Processing file /opt/airflow/dags/slack.py for tasks to queue
[2024-07-15T13:54:23.694+0000] {logging_mixin.py:188} INFO - [2024-07-15T13:54:23.694+0000] {dagbag.py:545} INFO - Filling up the DagBag from /opt/airflow/dags/slack.py
[2024-07-15T13:54:23.711+0000] {logging_mixin.py:188} INFO - [2024-07-15T13:54:23.709+0000] {dagbag.py:355} ERROR - Failed to import: /opt/airflow/dags/slack.py
Traceback (most recent call last):
  File "/home/airflow/.local/lib/python3.12/site-packages/airflow/models/dagbag.py", line 351, in parse
    loader.exec_module(new_module)
  File "<frozen importlib._bootstrap_external>", line 995, in exec_module
  File "<frozen importlib._bootstrap>", line 488, in _call_with_frames_removed
  File "/opt/airflow/dags/slack.py", line 12, in <module>
    webhook = Variable.get('slack_webhook_url')
              ^^^^^^^^^^^^^^^^^^^^^^^^^^^^^^^^^
  File "/home/airflow/.local/lib/python3.12/site-packages/airflow/models/variable.py", line 143, in get
    raise KeyError(f"Variable {key} does not exist")
KeyError: 'Variable slack_webhook_url does not exist'
[2024-07-15T13:54:23.712+0000] {processor.py:842} WARNING - No viable dags retrieved from /opt/airflow/dags/slack.py
[2024-07-15T13:54:23.719+0000] {processor.py:183} INFO - Processing /opt/airflow/dags/slack.py took 0.033 seconds
[2024-07-15T13:54:53.840+0000] {processor.py:161} INFO - Started process (PID=287) to work on /opt/airflow/dags/slack.py
[2024-07-15T13:54:53.841+0000] {processor.py:830} INFO - Processing file /opt/airflow/dags/slack.py for tasks to queue
[2024-07-15T13:54:53.843+0000] {logging_mixin.py:188} INFO - [2024-07-15T13:54:53.843+0000] {dagbag.py:545} INFO - Filling up the DagBag from /opt/airflow/dags/slack.py
[2024-07-15T13:54:53.860+0000] {logging_mixin.py:188} INFO - [2024-07-15T13:54:53.858+0000] {dagbag.py:355} ERROR - Failed to import: /opt/airflow/dags/slack.py
Traceback (most recent call last):
  File "/home/airflow/.local/lib/python3.12/site-packages/airflow/models/dagbag.py", line 351, in parse
    loader.exec_module(new_module)
  File "<frozen importlib._bootstrap_external>", line 995, in exec_module
  File "<frozen importlib._bootstrap>", line 488, in _call_with_frames_removed
  File "/opt/airflow/dags/slack.py", line 12, in <module>
    webhook = Variable.get('slack_webhook_url')
              ^^^^^^^^^^^^^^^^^^^^^^^^^^^^^^^^^
  File "/home/airflow/.local/lib/python3.12/site-packages/airflow/models/variable.py", line 143, in get
    raise KeyError(f"Variable {key} does not exist")
KeyError: 'Variable slack_webhook_url does not exist'
[2024-07-15T13:54:53.861+0000] {processor.py:842} WARNING - No viable dags retrieved from /opt/airflow/dags/slack.py
[2024-07-15T13:54:53.867+0000] {processor.py:183} INFO - Processing /opt/airflow/dags/slack.py took 0.030 seconds
[2024-07-15T13:55:24.063+0000] {processor.py:161} INFO - Started process (PID=351) to work on /opt/airflow/dags/slack.py
[2024-07-15T13:55:24.063+0000] {processor.py:830} INFO - Processing file /opt/airflow/dags/slack.py for tasks to queue
[2024-07-15T13:55:24.065+0000] {logging_mixin.py:188} INFO - [2024-07-15T13:55:24.065+0000] {dagbag.py:545} INFO - Filling up the DagBag from /opt/airflow/dags/slack.py
[2024-07-15T13:55:24.086+0000] {logging_mixin.py:188} INFO - [2024-07-15T13:55:24.084+0000] {dagbag.py:355} ERROR - Failed to import: /opt/airflow/dags/slack.py
Traceback (most recent call last):
  File "/home/airflow/.local/lib/python3.12/site-packages/airflow/models/dagbag.py", line 351, in parse
    loader.exec_module(new_module)
  File "<frozen importlib._bootstrap_external>", line 995, in exec_module
  File "<frozen importlib._bootstrap>", line 488, in _call_with_frames_removed
  File "/opt/airflow/dags/slack.py", line 12, in <module>
    webhook = Variable.get('slack_webhook_url')
              ^^^^^^^^^^^^^^^^^^^^^^^^^^^^^^^^^
  File "/home/airflow/.local/lib/python3.12/site-packages/airflow/models/variable.py", line 143, in get
    raise KeyError(f"Variable {key} does not exist")
KeyError: 'Variable slack_webhook_url does not exist'
[2024-07-15T13:55:24.086+0000] {processor.py:842} WARNING - No viable dags retrieved from /opt/airflow/dags/slack.py
[2024-07-15T13:55:24.094+0000] {processor.py:183} INFO - Processing /opt/airflow/dags/slack.py took 0.037 seconds
[2024-07-15T13:55:54.130+0000] {processor.py:161} INFO - Started process (PID=415) to work on /opt/airflow/dags/slack.py
[2024-07-15T13:55:54.131+0000] {processor.py:830} INFO - Processing file /opt/airflow/dags/slack.py for tasks to queue
[2024-07-15T13:55:54.133+0000] {logging_mixin.py:188} INFO - [2024-07-15T13:55:54.133+0000] {dagbag.py:545} INFO - Filling up the DagBag from /opt/airflow/dags/slack.py
[2024-07-15T13:55:54.148+0000] {logging_mixin.py:188} INFO - [2024-07-15T13:55:54.147+0000] {dagbag.py:355} ERROR - Failed to import: /opt/airflow/dags/slack.py
Traceback (most recent call last):
  File "/home/airflow/.local/lib/python3.12/site-packages/airflow/models/dagbag.py", line 351, in parse
    loader.exec_module(new_module)
  File "<frozen importlib._bootstrap_external>", line 995, in exec_module
  File "<frozen importlib._bootstrap>", line 488, in _call_with_frames_removed
  File "/opt/airflow/dags/slack.py", line 12, in <module>
    webhook = Variable.get('slack_webhook_url')
              ^^^^^^^^^^^^^^^^^^^^^^^^^^^^^^^^^
  File "/home/airflow/.local/lib/python3.12/site-packages/airflow/models/variable.py", line 143, in get
    raise KeyError(f"Variable {key} does not exist")
KeyError: 'Variable slack_webhook_url does not exist'
[2024-07-15T13:55:54.149+0000] {processor.py:842} WARNING - No viable dags retrieved from /opt/airflow/dags/slack.py
[2024-07-15T13:55:54.156+0000] {processor.py:183} INFO - Processing /opt/airflow/dags/slack.py took 0.031 seconds
[2024-07-15T13:56:24.357+0000] {processor.py:161} INFO - Started process (PID=479) to work on /opt/airflow/dags/slack.py
[2024-07-15T13:56:24.359+0000] {processor.py:830} INFO - Processing file /opt/airflow/dags/slack.py for tasks to queue
[2024-07-15T13:56:24.361+0000] {logging_mixin.py:188} INFO - [2024-07-15T13:56:24.361+0000] {dagbag.py:545} INFO - Filling up the DagBag from /opt/airflow/dags/slack.py
[2024-07-15T13:56:24.376+0000] {logging_mixin.py:188} INFO - [2024-07-15T13:56:24.375+0000] {dagbag.py:355} ERROR - Failed to import: /opt/airflow/dags/slack.py
Traceback (most recent call last):
  File "/home/airflow/.local/lib/python3.12/site-packages/airflow/models/dagbag.py", line 351, in parse
    loader.exec_module(new_module)
  File "<frozen importlib._bootstrap_external>", line 995, in exec_module
  File "<frozen importlib._bootstrap>", line 488, in _call_with_frames_removed
  File "/opt/airflow/dags/slack.py", line 12, in <module>
    webhook = Variable.get('slack_webhook_url')
              ^^^^^^^^^^^^^^^^^^^^^^^^^^^^^^^^^
  File "/home/airflow/.local/lib/python3.12/site-packages/airflow/models/variable.py", line 143, in get
    raise KeyError(f"Variable {key} does not exist")
KeyError: 'Variable slack_webhook_url does not exist'
[2024-07-15T13:56:24.377+0000] {processor.py:842} WARNING - No viable dags retrieved from /opt/airflow/dags/slack.py
[2024-07-15T13:56:24.383+0000] {processor.py:183} INFO - Processing /opt/airflow/dags/slack.py took 0.033 seconds
[2024-07-15T13:56:54.578+0000] {processor.py:161} INFO - Started process (PID=543) to work on /opt/airflow/dags/slack.py
[2024-07-15T13:56:54.579+0000] {processor.py:830} INFO - Processing file /opt/airflow/dags/slack.py for tasks to queue
[2024-07-15T13:56:54.580+0000] {logging_mixin.py:188} INFO - [2024-07-15T13:56:54.580+0000] {dagbag.py:545} INFO - Filling up the DagBag from /opt/airflow/dags/slack.py
[2024-07-15T13:56:54.590+0000] {logging_mixin.py:188} INFO - [2024-07-15T13:56:54.589+0000] {dagbag.py:355} ERROR - Failed to import: /opt/airflow/dags/slack.py
Traceback (most recent call last):
  File "/home/airflow/.local/lib/python3.12/site-packages/airflow/models/dagbag.py", line 351, in parse
    loader.exec_module(new_module)
  File "<frozen importlib._bootstrap_external>", line 995, in exec_module
  File "<frozen importlib._bootstrap>", line 488, in _call_with_frames_removed
  File "/opt/airflow/dags/slack.py", line 12, in <module>
    webhook = Variable.get('slack_webhook_url')
              ^^^^^^^^^^^^^^^^^^^^^^^^^^^^^^^^^
  File "/home/airflow/.local/lib/python3.12/site-packages/airflow/models/variable.py", line 143, in get
    raise KeyError(f"Variable {key} does not exist")
KeyError: 'Variable slack_webhook_url does not exist'
[2024-07-15T13:56:54.591+0000] {processor.py:842} WARNING - No viable dags retrieved from /opt/airflow/dags/slack.py
[2024-07-15T13:56:54.596+0000] {processor.py:183} INFO - Processing /opt/airflow/dags/slack.py took 0.021 seconds
[2024-07-15T13:57:24.762+0000] {processor.py:161} INFO - Started process (PID=607) to work on /opt/airflow/dags/slack.py
[2024-07-15T13:57:24.763+0000] {processor.py:830} INFO - Processing file /opt/airflow/dags/slack.py for tasks to queue
[2024-07-15T13:57:24.764+0000] {logging_mixin.py:188} INFO - [2024-07-15T13:57:24.764+0000] {dagbag.py:545} INFO - Filling up the DagBag from /opt/airflow/dags/slack.py
[2024-07-15T13:57:24.777+0000] {logging_mixin.py:188} INFO - [2024-07-15T13:57:24.776+0000] {dagbag.py:355} ERROR - Failed to import: /opt/airflow/dags/slack.py
Traceback (most recent call last):
  File "/home/airflow/.local/lib/python3.12/site-packages/airflow/models/dagbag.py", line 351, in parse
    loader.exec_module(new_module)
  File "<frozen importlib._bootstrap_external>", line 995, in exec_module
  File "<frozen importlib._bootstrap>", line 488, in _call_with_frames_removed
  File "/opt/airflow/dags/slack.py", line 12, in <module>
    webhook = Variable.get('slack_webhook_url')
              ^^^^^^^^^^^^^^^^^^^^^^^^^^^^^^^^^
  File "/home/airflow/.local/lib/python3.12/site-packages/airflow/models/variable.py", line 143, in get
    raise KeyError(f"Variable {key} does not exist")
KeyError: 'Variable slack_webhook_url does not exist'
[2024-07-15T13:57:24.778+0000] {processor.py:842} WARNING - No viable dags retrieved from /opt/airflow/dags/slack.py
[2024-07-15T13:57:24.783+0000] {processor.py:183} INFO - Processing /opt/airflow/dags/slack.py took 0.024 seconds
[2024-07-15T13:57:54.987+0000] {processor.py:161} INFO - Started process (PID=671) to work on /opt/airflow/dags/slack.py
[2024-07-15T13:57:54.989+0000] {processor.py:830} INFO - Processing file /opt/airflow/dags/slack.py for tasks to queue
[2024-07-15T13:57:54.991+0000] {logging_mixin.py:188} INFO - [2024-07-15T13:57:54.990+0000] {dagbag.py:545} INFO - Filling up the DagBag from /opt/airflow/dags/slack.py
[2024-07-15T13:57:55.012+0000] {logging_mixin.py:188} INFO - [2024-07-15T13:57:55.011+0000] {dagbag.py:355} ERROR - Failed to import: /opt/airflow/dags/slack.py
Traceback (most recent call last):
  File "/home/airflow/.local/lib/python3.12/site-packages/airflow/models/dagbag.py", line 351, in parse
    loader.exec_module(new_module)
  File "<frozen importlib._bootstrap_external>", line 995, in exec_module
  File "<frozen importlib._bootstrap>", line 488, in _call_with_frames_removed
  File "/opt/airflow/dags/slack.py", line 12, in <module>
    webhook = Variable.get('slack_webhook_url')
              ^^^^^^^^^^^^^^^^^^^^^^^^^^^^^^^^^
  File "/home/airflow/.local/lib/python3.12/site-packages/airflow/models/variable.py", line 143, in get
    raise KeyError(f"Variable {key} does not exist")
KeyError: 'Variable slack_webhook_url does not exist'
[2024-07-15T13:57:55.013+0000] {processor.py:842} WARNING - No viable dags retrieved from /opt/airflow/dags/slack.py
[2024-07-15T13:57:55.022+0000] {processor.py:183} INFO - Processing /opt/airflow/dags/slack.py took 0.042 seconds
[2024-07-15T13:58:25.059+0000] {processor.py:161} INFO - Started process (PID=735) to work on /opt/airflow/dags/slack.py
[2024-07-15T13:58:25.060+0000] {processor.py:830} INFO - Processing file /opt/airflow/dags/slack.py for tasks to queue
[2024-07-15T13:58:25.063+0000] {logging_mixin.py:188} INFO - [2024-07-15T13:58:25.062+0000] {dagbag.py:545} INFO - Filling up the DagBag from /opt/airflow/dags/slack.py
[2024-07-15T13:58:25.085+0000] {logging_mixin.py:188} INFO - [2024-07-15T13:58:25.083+0000] {dagbag.py:355} ERROR - Failed to import: /opt/airflow/dags/slack.py
Traceback (most recent call last):
  File "/home/airflow/.local/lib/python3.12/site-packages/airflow/models/dagbag.py", line 351, in parse
    loader.exec_module(new_module)
  File "<frozen importlib._bootstrap_external>", line 995, in exec_module
  File "<frozen importlib._bootstrap>", line 488, in _call_with_frames_removed
  File "/opt/airflow/dags/slack.py", line 12, in <module>
    webhook = Variable.get('slack_webhook_url')
              ^^^^^^^^^^^^^^^^^^^^^^^^^^^^^^^^^
  File "/home/airflow/.local/lib/python3.12/site-packages/airflow/models/variable.py", line 143, in get
    raise KeyError(f"Variable {key} does not exist")
KeyError: 'Variable slack_webhook_url does not exist'
[2024-07-15T13:58:25.085+0000] {processor.py:842} WARNING - No viable dags retrieved from /opt/airflow/dags/slack.py
[2024-07-15T13:58:25.094+0000] {processor.py:183} INFO - Processing /opt/airflow/dags/slack.py took 0.042 seconds
[2024-07-15T13:58:55.157+0000] {processor.py:161} INFO - Started process (PID=799) to work on /opt/airflow/dags/slack.py
[2024-07-15T13:58:55.158+0000] {processor.py:830} INFO - Processing file /opt/airflow/dags/slack.py for tasks to queue
[2024-07-15T13:58:55.159+0000] {logging_mixin.py:188} INFO - [2024-07-15T13:58:55.159+0000] {dagbag.py:545} INFO - Filling up the DagBag from /opt/airflow/dags/slack.py
[2024-07-15T13:58:55.174+0000] {logging_mixin.py:188} INFO - [2024-07-15T13:58:55.172+0000] {dagbag.py:355} ERROR - Failed to import: /opt/airflow/dags/slack.py
Traceback (most recent call last):
  File "/home/airflow/.local/lib/python3.12/site-packages/airflow/models/dagbag.py", line 351, in parse
    loader.exec_module(new_module)
  File "<frozen importlib._bootstrap_external>", line 995, in exec_module
  File "<frozen importlib._bootstrap>", line 488, in _call_with_frames_removed
  File "/opt/airflow/dags/slack.py", line 12, in <module>
    webhook = Variable.get('slack_webhook_url')
              ^^^^^^^^^^^^^^^^^^^^^^^^^^^^^^^^^
  File "/home/airflow/.local/lib/python3.12/site-packages/airflow/models/variable.py", line 143, in get
    raise KeyError(f"Variable {key} does not exist")
KeyError: 'Variable slack_webhook_url does not exist'
[2024-07-15T13:58:55.174+0000] {processor.py:842} WARNING - No viable dags retrieved from /opt/airflow/dags/slack.py
[2024-07-15T13:58:55.180+0000] {processor.py:183} INFO - Processing /opt/airflow/dags/slack.py took 0.029 seconds
[2024-07-15T13:59:25.421+0000] {processor.py:161} INFO - Started process (PID=863) to work on /opt/airflow/dags/slack.py
[2024-07-15T13:59:25.423+0000] {processor.py:830} INFO - Processing file /opt/airflow/dags/slack.py for tasks to queue
[2024-07-15T13:59:25.427+0000] {logging_mixin.py:188} INFO - [2024-07-15T13:59:25.426+0000] {dagbag.py:545} INFO - Filling up the DagBag from /opt/airflow/dags/slack.py
[2024-07-15T13:59:25.455+0000] {logging_mixin.py:188} INFO - [2024-07-15T13:59:25.452+0000] {dagbag.py:355} ERROR - Failed to import: /opt/airflow/dags/slack.py
Traceback (most recent call last):
  File "/home/airflow/.local/lib/python3.12/site-packages/airflow/models/dagbag.py", line 351, in parse
    loader.exec_module(new_module)
  File "<frozen importlib._bootstrap_external>", line 995, in exec_module
  File "<frozen importlib._bootstrap>", line 488, in _call_with_frames_removed
  File "/opt/airflow/dags/slack.py", line 12, in <module>
    webhook = Variable.get('slack_webhook_url')
              ^^^^^^^^^^^^^^^^^^^^^^^^^^^^^^^^^
  File "/home/airflow/.local/lib/python3.12/site-packages/airflow/models/variable.py", line 143, in get
    raise KeyError(f"Variable {key} does not exist")
KeyError: 'Variable slack_webhook_url does not exist'
[2024-07-15T13:59:25.456+0000] {processor.py:842} WARNING - No viable dags retrieved from /opt/airflow/dags/slack.py
[2024-07-15T13:59:25.463+0000] {processor.py:183} INFO - Processing /opt/airflow/dags/slack.py took 0.054 seconds
[2024-07-15T13:59:55.639+0000] {processor.py:161} INFO - Started process (PID=927) to work on /opt/airflow/dags/slack.py
[2024-07-15T13:59:55.640+0000] {processor.py:830} INFO - Processing file /opt/airflow/dags/slack.py for tasks to queue
[2024-07-15T13:59:55.643+0000] {logging_mixin.py:188} INFO - [2024-07-15T13:59:55.642+0000] {dagbag.py:545} INFO - Filling up the DagBag from /opt/airflow/dags/slack.py
[2024-07-15T13:59:55.664+0000] {logging_mixin.py:188} INFO - [2024-07-15T13:59:55.662+0000] {dagbag.py:355} ERROR - Failed to import: /opt/airflow/dags/slack.py
Traceback (most recent call last):
  File "/home/airflow/.local/lib/python3.12/site-packages/airflow/models/dagbag.py", line 351, in parse
    loader.exec_module(new_module)
  File "<frozen importlib._bootstrap_external>", line 995, in exec_module
  File "<frozen importlib._bootstrap>", line 488, in _call_with_frames_removed
  File "/opt/airflow/dags/slack.py", line 12, in <module>
    webhook = Variable.get('slack_webhook_url')
              ^^^^^^^^^^^^^^^^^^^^^^^^^^^^^^^^^
  File "/home/airflow/.local/lib/python3.12/site-packages/airflow/models/variable.py", line 143, in get
    raise KeyError(f"Variable {key} does not exist")
KeyError: 'Variable slack_webhook_url does not exist'
[2024-07-15T13:59:55.665+0000] {processor.py:842} WARNING - No viable dags retrieved from /opt/airflow/dags/slack.py
[2024-07-15T13:59:55.675+0000] {processor.py:183} INFO - Processing /opt/airflow/dags/slack.py took 0.043 seconds
[2024-07-15T14:00:25.809+0000] {processor.py:161} INFO - Started process (PID=991) to work on /opt/airflow/dags/slack.py
[2024-07-15T14:00:25.810+0000] {processor.py:830} INFO - Processing file /opt/airflow/dags/slack.py for tasks to queue
[2024-07-15T14:00:25.812+0000] {logging_mixin.py:188} INFO - [2024-07-15T14:00:25.812+0000] {dagbag.py:545} INFO - Filling up the DagBag from /opt/airflow/dags/slack.py
[2024-07-15T14:00:25.826+0000] {logging_mixin.py:188} INFO - [2024-07-15T14:00:25.825+0000] {dagbag.py:355} ERROR - Failed to import: /opt/airflow/dags/slack.py
Traceback (most recent call last):
  File "/home/airflow/.local/lib/python3.12/site-packages/airflow/models/dagbag.py", line 351, in parse
    loader.exec_module(new_module)
  File "<frozen importlib._bootstrap_external>", line 995, in exec_module
  File "<frozen importlib._bootstrap>", line 488, in _call_with_frames_removed
  File "/opt/airflow/dags/slack.py", line 12, in <module>
    webhook = Variable.get('slack_webhook_url')
              ^^^^^^^^^^^^^^^^^^^^^^^^^^^^^^^^^
  File "/home/airflow/.local/lib/python3.12/site-packages/airflow/models/variable.py", line 143, in get
    raise KeyError(f"Variable {key} does not exist")
KeyError: 'Variable slack_webhook_url does not exist'
[2024-07-15T14:00:25.827+0000] {processor.py:842} WARNING - No viable dags retrieved from /opt/airflow/dags/slack.py
[2024-07-15T14:00:25.833+0000] {processor.py:183} INFO - Processing /opt/airflow/dags/slack.py took 0.029 seconds
[2024-07-15T14:00:55.924+0000] {processor.py:161} INFO - Started process (PID=1055) to work on /opt/airflow/dags/slack.py
[2024-07-15T14:00:55.926+0000] {processor.py:830} INFO - Processing file /opt/airflow/dags/slack.py for tasks to queue
[2024-07-15T14:00:55.928+0000] {logging_mixin.py:188} INFO - [2024-07-15T14:00:55.928+0000] {dagbag.py:545} INFO - Filling up the DagBag from /opt/airflow/dags/slack.py
[2024-07-15T14:00:55.950+0000] {logging_mixin.py:188} INFO - [2024-07-15T14:00:55.948+0000] {dagbag.py:355} ERROR - Failed to import: /opt/airflow/dags/slack.py
Traceback (most recent call last):
  File "/home/airflow/.local/lib/python3.12/site-packages/airflow/models/dagbag.py", line 351, in parse
    loader.exec_module(new_module)
  File "<frozen importlib._bootstrap_external>", line 995, in exec_module
  File "<frozen importlib._bootstrap>", line 488, in _call_with_frames_removed
  File "/opt/airflow/dags/slack.py", line 12, in <module>
    webhook = Variable.get('slack_webhook_url')
              ^^^^^^^^^^^^^^^^^^^^^^^^^^^^^^^^^
  File "/home/airflow/.local/lib/python3.12/site-packages/airflow/models/variable.py", line 143, in get
    raise KeyError(f"Variable {key} does not exist")
KeyError: 'Variable slack_webhook_url does not exist'
[2024-07-15T14:00:55.951+0000] {processor.py:842} WARNING - No viable dags retrieved from /opt/airflow/dags/slack.py
[2024-07-15T14:00:55.959+0000] {processor.py:183} INFO - Processing /opt/airflow/dags/slack.py took 0.043 seconds
[2024-07-15T14:01:26.044+0000] {processor.py:161} INFO - Started process (PID=1119) to work on /opt/airflow/dags/slack.py
[2024-07-15T14:01:26.045+0000] {processor.py:830} INFO - Processing file /opt/airflow/dags/slack.py for tasks to queue
[2024-07-15T14:01:26.048+0000] {logging_mixin.py:188} INFO - [2024-07-15T14:01:26.048+0000] {dagbag.py:545} INFO - Filling up the DagBag from /opt/airflow/dags/slack.py
[2024-07-15T14:01:26.073+0000] {logging_mixin.py:188} INFO - [2024-07-15T14:01:26.071+0000] {dagbag.py:355} ERROR - Failed to import: /opt/airflow/dags/slack.py
Traceback (most recent call last):
  File "/home/airflow/.local/lib/python3.12/site-packages/airflow/models/dagbag.py", line 351, in parse
    loader.exec_module(new_module)
  File "<frozen importlib._bootstrap_external>", line 995, in exec_module
  File "<frozen importlib._bootstrap>", line 488, in _call_with_frames_removed
  File "/opt/airflow/dags/slack.py", line 12, in <module>
    webhook = Variable.get('slack_webhook_url')
              ^^^^^^^^^^^^^^^^^^^^^^^^^^^^^^^^^
  File "/home/airflow/.local/lib/python3.12/site-packages/airflow/models/variable.py", line 143, in get
    raise KeyError(f"Variable {key} does not exist")
KeyError: 'Variable slack_webhook_url does not exist'
[2024-07-15T14:01:26.074+0000] {processor.py:842} WARNING - No viable dags retrieved from /opt/airflow/dags/slack.py
[2024-07-15T14:01:26.082+0000] {processor.py:183} INFO - Processing /opt/airflow/dags/slack.py took 0.049 seconds
[2024-07-15T14:01:56.210+0000] {processor.py:161} INFO - Started process (PID=1183) to work on /opt/airflow/dags/slack.py
[2024-07-15T14:01:56.211+0000] {processor.py:830} INFO - Processing file /opt/airflow/dags/slack.py for tasks to queue
[2024-07-15T14:01:56.214+0000] {logging_mixin.py:188} INFO - [2024-07-15T14:01:56.214+0000] {dagbag.py:545} INFO - Filling up the DagBag from /opt/airflow/dags/slack.py
[2024-07-15T14:01:56.235+0000] {logging_mixin.py:188} INFO - [2024-07-15T14:01:56.233+0000] {dagbag.py:355} ERROR - Failed to import: /opt/airflow/dags/slack.py
Traceback (most recent call last):
  File "/home/airflow/.local/lib/python3.12/site-packages/airflow/models/dagbag.py", line 351, in parse
    loader.exec_module(new_module)
  File "<frozen importlib._bootstrap_external>", line 995, in exec_module
  File "<frozen importlib._bootstrap>", line 488, in _call_with_frames_removed
  File "/opt/airflow/dags/slack.py", line 12, in <module>
    webhook = Variable.get('slack_webhook_url')
              ^^^^^^^^^^^^^^^^^^^^^^^^^^^^^^^^^
  File "/home/airflow/.local/lib/python3.12/site-packages/airflow/models/variable.py", line 143, in get
    raise KeyError(f"Variable {key} does not exist")
KeyError: 'Variable slack_webhook_url does not exist'
[2024-07-15T14:01:56.236+0000] {processor.py:842} WARNING - No viable dags retrieved from /opt/airflow/dags/slack.py
[2024-07-15T14:01:56.244+0000] {processor.py:183} INFO - Processing /opt/airflow/dags/slack.py took 0.040 seconds
[2024-07-15T14:02:26.335+0000] {processor.py:161} INFO - Started process (PID=1247) to work on /opt/airflow/dags/slack.py
[2024-07-15T14:02:26.336+0000] {processor.py:830} INFO - Processing file /opt/airflow/dags/slack.py for tasks to queue
[2024-07-15T14:02:26.340+0000] {logging_mixin.py:188} INFO - [2024-07-15T14:02:26.339+0000] {dagbag.py:545} INFO - Filling up the DagBag from /opt/airflow/dags/slack.py
[2024-07-15T14:02:26.361+0000] {logging_mixin.py:188} INFO - [2024-07-15T14:02:26.359+0000] {dagbag.py:355} ERROR - Failed to import: /opt/airflow/dags/slack.py
Traceback (most recent call last):
  File "/home/airflow/.local/lib/python3.12/site-packages/airflow/models/dagbag.py", line 351, in parse
    loader.exec_module(new_module)
  File "<frozen importlib._bootstrap_external>", line 995, in exec_module
  File "<frozen importlib._bootstrap>", line 488, in _call_with_frames_removed
  File "/opt/airflow/dags/slack.py", line 12, in <module>
    webhook = Variable.get('slack_webhook_url')
              ^^^^^^^^^^^^^^^^^^^^^^^^^^^^^^^^^
  File "/home/airflow/.local/lib/python3.12/site-packages/airflow/models/variable.py", line 143, in get
    raise KeyError(f"Variable {key} does not exist")
KeyError: 'Variable slack_webhook_url does not exist'
[2024-07-15T14:02:26.362+0000] {processor.py:842} WARNING - No viable dags retrieved from /opt/airflow/dags/slack.py
[2024-07-15T14:02:26.372+0000] {processor.py:183} INFO - Processing /opt/airflow/dags/slack.py took 0.045 seconds
[2024-07-15T14:02:56.532+0000] {processor.py:161} INFO - Started process (PID=1311) to work on /opt/airflow/dags/slack.py
[2024-07-15T14:02:56.533+0000] {processor.py:830} INFO - Processing file /opt/airflow/dags/slack.py for tasks to queue
[2024-07-15T14:02:56.535+0000] {logging_mixin.py:188} INFO - [2024-07-15T14:02:56.535+0000] {dagbag.py:545} INFO - Filling up the DagBag from /opt/airflow/dags/slack.py
[2024-07-15T14:02:56.557+0000] {logging_mixin.py:188} INFO - [2024-07-15T14:02:56.555+0000] {dagbag.py:355} ERROR - Failed to import: /opt/airflow/dags/slack.py
Traceback (most recent call last):
  File "/home/airflow/.local/lib/python3.12/site-packages/airflow/models/dagbag.py", line 351, in parse
    loader.exec_module(new_module)
  File "<frozen importlib._bootstrap_external>", line 995, in exec_module
  File "<frozen importlib._bootstrap>", line 488, in _call_with_frames_removed
  File "/opt/airflow/dags/slack.py", line 12, in <module>
    webhook = Variable.get('slack_webhook_url')
              ^^^^^^^^^^^^^^^^^^^^^^^^^^^^^^^^^
  File "/home/airflow/.local/lib/python3.12/site-packages/airflow/models/variable.py", line 143, in get
    raise KeyError(f"Variable {key} does not exist")
KeyError: 'Variable slack_webhook_url does not exist'
[2024-07-15T14:02:56.558+0000] {processor.py:842} WARNING - No viable dags retrieved from /opt/airflow/dags/slack.py
[2024-07-15T14:02:56.566+0000] {processor.py:183} INFO - Processing /opt/airflow/dags/slack.py took 0.041 seconds
[2024-07-15T14:03:26.647+0000] {processor.py:161} INFO - Started process (PID=1375) to work on /opt/airflow/dags/slack.py
[2024-07-15T14:03:26.649+0000] {processor.py:830} INFO - Processing file /opt/airflow/dags/slack.py for tasks to queue
[2024-07-15T14:03:26.652+0000] {logging_mixin.py:188} INFO - [2024-07-15T14:03:26.651+0000] {dagbag.py:545} INFO - Filling up the DagBag from /opt/airflow/dags/slack.py
[2024-07-15T14:03:26.668+0000] {logging_mixin.py:188} INFO - [2024-07-15T14:03:26.666+0000] {dagbag.py:355} ERROR - Failed to import: /opt/airflow/dags/slack.py
Traceback (most recent call last):
  File "/home/airflow/.local/lib/python3.12/site-packages/airflow/models/dagbag.py", line 351, in parse
    loader.exec_module(new_module)
  File "<frozen importlib._bootstrap_external>", line 995, in exec_module
  File "<frozen importlib._bootstrap>", line 488, in _call_with_frames_removed
  File "/opt/airflow/dags/slack.py", line 12, in <module>
    webhook = Variable.get('slack_webhook_url')
              ^^^^^^^^^^^^^^^^^^^^^^^^^^^^^^^^^
  File "/home/airflow/.local/lib/python3.12/site-packages/airflow/models/variable.py", line 143, in get
    raise KeyError(f"Variable {key} does not exist")
KeyError: 'Variable slack_webhook_url does not exist'
[2024-07-15T14:03:26.668+0000] {processor.py:842} WARNING - No viable dags retrieved from /opt/airflow/dags/slack.py
[2024-07-15T14:03:26.674+0000] {processor.py:183} INFO - Processing /opt/airflow/dags/slack.py took 0.035 seconds
[2024-07-15T14:03:56.922+0000] {processor.py:161} INFO - Started process (PID=1439) to work on /opt/airflow/dags/slack.py
[2024-07-15T14:03:56.923+0000] {processor.py:830} INFO - Processing file /opt/airflow/dags/slack.py for tasks to queue
[2024-07-15T14:03:56.925+0000] {logging_mixin.py:188} INFO - [2024-07-15T14:03:56.925+0000] {dagbag.py:545} INFO - Filling up the DagBag from /opt/airflow/dags/slack.py
[2024-07-15T14:03:56.940+0000] {logging_mixin.py:188} INFO - [2024-07-15T14:03:56.938+0000] {dagbag.py:355} ERROR - Failed to import: /opt/airflow/dags/slack.py
Traceback (most recent call last):
  File "/home/airflow/.local/lib/python3.12/site-packages/airflow/models/dagbag.py", line 351, in parse
    loader.exec_module(new_module)
  File "<frozen importlib._bootstrap_external>", line 995, in exec_module
  File "<frozen importlib._bootstrap>", line 488, in _call_with_frames_removed
  File "/opt/airflow/dags/slack.py", line 12, in <module>
    webhook = Variable.get('slack_webhook_url')
              ^^^^^^^^^^^^^^^^^^^^^^^^^^^^^^^^^
  File "/home/airflow/.local/lib/python3.12/site-packages/airflow/models/variable.py", line 143, in get
    raise KeyError(f"Variable {key} does not exist")
KeyError: 'Variable slack_webhook_url does not exist'
[2024-07-15T14:03:56.940+0000] {processor.py:842} WARNING - No viable dags retrieved from /opt/airflow/dags/slack.py
[2024-07-15T14:03:56.946+0000] {processor.py:183} INFO - Processing /opt/airflow/dags/slack.py took 0.030 seconds
[2024-07-15T14:04:27.042+0000] {processor.py:161} INFO - Started process (PID=1503) to work on /opt/airflow/dags/slack.py
[2024-07-15T14:04:27.043+0000] {processor.py:830} INFO - Processing file /opt/airflow/dags/slack.py for tasks to queue
[2024-07-15T14:04:27.044+0000] {logging_mixin.py:188} INFO - [2024-07-15T14:04:27.044+0000] {dagbag.py:545} INFO - Filling up the DagBag from /opt/airflow/dags/slack.py
[2024-07-15T14:04:27.058+0000] {logging_mixin.py:188} INFO - [2024-07-15T14:04:27.057+0000] {dagbag.py:355} ERROR - Failed to import: /opt/airflow/dags/slack.py
Traceback (most recent call last):
  File "/home/airflow/.local/lib/python3.12/site-packages/airflow/models/dagbag.py", line 351, in parse
    loader.exec_module(new_module)
  File "<frozen importlib._bootstrap_external>", line 995, in exec_module
  File "<frozen importlib._bootstrap>", line 488, in _call_with_frames_removed
  File "/opt/airflow/dags/slack.py", line 12, in <module>
    webhook = Variable.get('slack_webhook_url')
              ^^^^^^^^^^^^^^^^^^^^^^^^^^^^^^^^^
  File "/home/airflow/.local/lib/python3.12/site-packages/airflow/models/variable.py", line 143, in get
    raise KeyError(f"Variable {key} does not exist")
KeyError: 'Variable slack_webhook_url does not exist'
[2024-07-15T14:04:27.058+0000] {processor.py:842} WARNING - No viable dags retrieved from /opt/airflow/dags/slack.py
[2024-07-15T14:04:27.064+0000] {processor.py:183} INFO - Processing /opt/airflow/dags/slack.py took 0.028 seconds
